[2024-08-31T13:44:25.897+0000] {local_task_job_runner.py:123} INFO - ::group::Pre task execution logs
[2024-08-31T13:44:25.940+0000] {taskinstance.py:2603} INFO - Dependencies all met for dep_context=non-requeueable deps ti=<TaskInstance: generate_dag.load2 scheduled__2024-08-27T00:00:00+00:00 [queued]>
[2024-08-31T13:44:25.973+0000] {taskinstance.py:2603} INFO - Dependencies all met for dep_context=requeueable deps ti=<TaskInstance: generate_dag.load2 scheduled__2024-08-27T00:00:00+00:00 [queued]>
[2024-08-31T13:44:25.974+0000] {taskinstance.py:2856} INFO - Starting attempt 1 of 1
[2024-08-31T13:44:26.056+0000] {taskinstance.py:2879} INFO - Executing <Task(_PythonDecoratedOperator): load2> on 2024-08-27 00:00:00+00:00
[2024-08-31T13:44:26.076+0000] {warnings.py:112} WARNING - /home/***/.local/lib/python3.12/site-packages/***/task/task_runner/standard_task_runner.py:70: DeprecationWarning: This process (pid=191) is multi-threaded, use of fork() may lead to deadlocks in the child.
  pid = os.fork()

[2024-08-31T13:44:26.079+0000] {standard_task_runner.py:72} INFO - Started process 214 to run task
[2024-08-31T13:44:26.086+0000] {standard_task_runner.py:104} INFO - Running: ['***', 'tasks', 'run', 'generate_dag', 'load2', 'scheduled__2024-08-27T00:00:00+00:00', '--job-id', '87', '--raw', '--subdir', 'DAGS_FOLDER/mydag.py', '--cfg-path', '/tmp/tmp2a_1208_']
[2024-08-31T13:44:26.088+0000] {standard_task_runner.py:105} INFO - Job 87: Subtask load2
[2024-08-31T13:44:26.262+0000] {task_command.py:467} INFO - Running <TaskInstance: generate_dag.load2 scheduled__2024-08-27T00:00:00+00:00 [running]> on host 763d90797398
[2024-08-31T13:44:26.569+0000] {taskinstance.py:3122} INFO - Exporting env vars: AIRFLOW_CTX_DAG_OWNER='***' AIRFLOW_CTX_DAG_ID='generate_dag' AIRFLOW_CTX_TASK_ID='load2' AIRFLOW_CTX_EXECUTION_DATE='2024-08-27T00:00:00+00:00' AIRFLOW_CTX_TRY_NUMBER='1' AIRFLOW_CTX_DAG_RUN_ID='scheduled__2024-08-27T00:00:00+00:00'
[2024-08-31T13:44:26.597+0000] {logging_mixin.py:190} INFO - Task instance is in running state
[2024-08-31T13:44:26.601+0000] {logging_mixin.py:190} INFO -  Previous state of the Task instance: queued
[2024-08-31T13:44:26.602+0000] {logging_mixin.py:190} INFO - Current task name:load2 state:running start_date:2024-08-31 13:44:25.942346+00:00
[2024-08-31T13:44:26.603+0000] {logging_mixin.py:190} INFO - Dag name:generate_dag and current dag run status:running
[2024-08-31T13:44:26.606+0000] {taskinstance.py:731} INFO - ::endgroup::
[2024-08-31T13:44:26.608+0000] {python.py:240} INFO - Done. Returned value was: Hello dog!
[2024-08-31T13:44:26.731+0000] {taskinstance.py:340} INFO - ::group::Post task execution logs
[2024-08-31T13:44:26.732+0000] {taskinstance.py:352} INFO - Marking task as SUCCESS. dag_id=generate_dag, task_id=load2, run_id=scheduled__2024-08-27T00:00:00+00:00, execution_date=20240827T000000, start_date=20240831T134425, end_date=20240831T134426
[2024-08-31T13:44:26.785+0000] {logging_mixin.py:190} INFO - Task instance in success state
[2024-08-31T13:44:26.789+0000] {logging_mixin.py:190} INFO -  Previous state of the Task instance: running
[2024-08-31T13:44:26.791+0000] {logging_mixin.py:190} INFO - Dag name:generate_dag queued_at:2024-08-31 13:43:39.669368+00:00
[2024-08-31T13:44:26.792+0000] {logging_mixin.py:190} INFO - Task hostname:763d90797398 operator:_PythonDecoratedOperator
[2024-08-31T13:44:26.849+0000] {local_task_job_runner.py:261} INFO - Task exited with return code 0
[2024-08-31T13:44:26.913+0000] {taskinstance.py:3891} INFO - 0 downstream tasks scheduled from follow-on schedule check
[2024-08-31T13:44:26.921+0000] {local_task_job_runner.py:240} INFO - ::endgroup::
