[2024-08-29T00:18:12.421+0000] {local_task_job_runner.py:123} INFO - ::group::Pre task execution logs
[2024-08-29T00:18:12.461+0000] {taskinstance.py:2603} INFO - Dependencies all met for dep_context=non-requeueable deps ti=<TaskInstance: generate_dag.extract scheduled__2024-08-28T00:00:00+00:00 [queued]>
[2024-08-29T00:18:12.545+0000] {taskinstance.py:2603} INFO - Dependencies all met for dep_context=requeueable deps ti=<TaskInstance: generate_dag.extract scheduled__2024-08-28T00:00:00+00:00 [queued]>
[2024-08-29T00:18:13.325+0000] {taskinstance.py:2856} INFO - Starting attempt 1 of 1
[2024-08-29T00:18:13.598+0000] {taskinstance.py:2879} INFO - Executing <Task(_PythonDecoratedOperator): extract> on 2024-08-28 00:00:00+00:00
[2024-08-29T00:18:13.653+0000] {warnings.py:112} WARNING - /home/***/.local/lib/python3.12/site-packages/***/task/task_runner/standard_task_runner.py:70: DeprecationWarning: This process (pid=80) is multi-threaded, use of fork() may lead to deadlocks in the child.
  pid = os.fork()

[2024-08-29T00:18:13.658+0000] {standard_task_runner.py:72} INFO - Started process 89 to run task
[2024-08-29T00:18:13.667+0000] {standard_task_runner.py:104} INFO - Running: ['***', 'tasks', 'run', 'generate_dag', 'extract', 'scheduled__2024-08-28T00:00:00+00:00', '--job-id', '11', '--raw', '--subdir', 'DAGS_FOLDER/mydag.py', '--cfg-path', '/tmp/tmp62z58r76']
[2024-08-29T00:18:13.669+0000] {standard_task_runner.py:105} INFO - Job 11: Subtask extract
[2024-08-29T00:18:14.976+0000] {task_command.py:467} INFO - Running <TaskInstance: generate_dag.extract scheduled__2024-08-28T00:00:00+00:00 [running]> on host 7f15471d543d
[2024-08-29T00:18:18.918+0000] {taskinstance.py:3122} INFO - Exporting env vars: AIRFLOW_CTX_DAG_OWNER='***' AIRFLOW_CTX_DAG_ID='generate_dag' AIRFLOW_CTX_TASK_ID='extract' AIRFLOW_CTX_EXECUTION_DATE='2024-08-28T00:00:00+00:00' AIRFLOW_CTX_TRY_NUMBER='1' AIRFLOW_CTX_DAG_RUN_ID='scheduled__2024-08-28T00:00:00+00:00'
[2024-08-29T00:18:18.955+0000] {logging_mixin.py:190} INFO - Task instance is in running state
[2024-08-29T00:18:18.968+0000] {logging_mixin.py:190} INFO -  Previous state of the Task instance: queued
[2024-08-29T00:18:18.992+0000] {logging_mixin.py:190} INFO - Current task name:extract state:running start_date:2024-08-29 00:18:12.462269+00:00
[2024-08-29T00:18:19.016+0000] {logging_mixin.py:190} INFO - Dag name:generate_dag and current dag run status:running
[2024-08-29T00:18:19.056+0000] {taskinstance.py:731} INFO - ::endgroup::
[2024-08-29T00:18:20.607+0000] {logging_mixin.py:190} INFO - estou salvando sua vida
[2024-08-29T00:18:21.258+0000] {logging_mixin.py:190} INFO - estou salvando sua vida
[2024-08-29T00:18:21.916+0000] {logging_mixin.py:190} INFO - estou salvando sua vida
[2024-08-29T00:18:22.436+0000] {logging_mixin.py:190} INFO - estou salvando sua vida
[2024-08-29T00:18:22.438+0000] {python.py:240} INFO - Done. Returned value was: Hello my dog!
[2024-08-29T00:18:22.547+0000] {taskinstance.py:340} INFO - ::group::Post task execution logs
[2024-08-29T00:18:22.548+0000] {taskinstance.py:352} INFO - Marking task as SUCCESS. dag_id=generate_dag, task_id=extract, run_id=scheduled__2024-08-28T00:00:00+00:00, execution_date=20240828T000000, start_date=20240829T001812, end_date=20240829T001822
[2024-08-29T00:18:22.586+0000] {logging_mixin.py:190} INFO - Task instance in success state
[2024-08-29T00:18:22.587+0000] {logging_mixin.py:190} INFO -  Previous state of the Task instance: running
[2024-08-29T00:18:22.588+0000] {logging_mixin.py:190} INFO - Dag name:generate_dag queued_at:2024-08-29 00:15:00.819322+00:00
[2024-08-29T00:18:22.589+0000] {logging_mixin.py:190} INFO - Task hostname:7f15471d543d operator:_PythonDecoratedOperator
[2024-08-29T00:18:22.649+0000] {local_task_job_runner.py:261} INFO - Task exited with return code 0
[2024-08-29T00:18:22.755+0000] {taskinstance.py:3891} INFO - 1 downstream tasks scheduled from follow-on schedule check
[2024-08-29T00:18:22.767+0000] {local_task_job_runner.py:240} INFO - ::endgroup::
[2024-08-31T13:44:13.973+0000] {local_task_job_runner.py:123} INFO - ::group::Pre task execution logs
[2024-08-31T13:44:14.027+0000] {taskinstance.py:2603} INFO - Dependencies all met for dep_context=non-requeueable deps ti=<TaskInstance: generate_dag.extract scheduled__2024-08-28T00:00:00+00:00 [queued]>
[2024-08-31T13:44:14.048+0000] {taskinstance.py:2603} INFO - Dependencies all met for dep_context=requeueable deps ti=<TaskInstance: generate_dag.extract scheduled__2024-08-28T00:00:00+00:00 [queued]>
[2024-08-31T13:44:14.050+0000] {taskinstance.py:2856} INFO - Starting attempt 1 of 1
[2024-08-31T13:44:14.098+0000] {taskinstance.py:2879} INFO - Executing <Task(_PythonDecoratedOperator): extract> on 2024-08-28 00:00:00+00:00
[2024-08-31T13:44:14.114+0000] {warnings.py:112} WARNING - /home/***/.local/lib/python3.12/site-packages/***/task/task_runner/standard_task_runner.py:70: DeprecationWarning: This process (pid=157) is multi-threaded, use of fork() may lead to deadlocks in the child.
  pid = os.fork()

[2024-08-31T13:44:14.117+0000] {standard_task_runner.py:72} INFO - Started process 198 to run task
[2024-08-31T13:44:14.129+0000] {standard_task_runner.py:104} INFO - Running: ['***', 'tasks', 'run', 'generate_dag', 'extract', 'scheduled__2024-08-28T00:00:00+00:00', '--job-id', '82', '--raw', '--subdir', 'DAGS_FOLDER/mydag.py', '--cfg-path', '/tmp/tmpt3a5z5y8']
[2024-08-31T13:44:14.131+0000] {standard_task_runner.py:105} INFO - Job 82: Subtask extract
[2024-08-31T13:44:14.532+0000] {task_command.py:467} INFO - Running <TaskInstance: generate_dag.extract scheduled__2024-08-28T00:00:00+00:00 [running]> on host 763d90797398
[2024-08-31T13:44:14.777+0000] {taskinstance.py:3122} INFO - Exporting env vars: AIRFLOW_CTX_DAG_OWNER='***' AIRFLOW_CTX_DAG_ID='generate_dag' AIRFLOW_CTX_TASK_ID='extract' AIRFLOW_CTX_EXECUTION_DATE='2024-08-28T00:00:00+00:00' AIRFLOW_CTX_TRY_NUMBER='1' AIRFLOW_CTX_DAG_RUN_ID='scheduled__2024-08-28T00:00:00+00:00'
[2024-08-31T13:44:14.780+0000] {logging_mixin.py:190} INFO - Task instance is in running state
[2024-08-31T13:44:14.781+0000] {logging_mixin.py:190} INFO -  Previous state of the Task instance: queued
[2024-08-31T13:44:14.782+0000] {logging_mixin.py:190} INFO - Current task name:extract state:running start_date:2024-08-31 13:44:14.028204+00:00
[2024-08-31T13:44:14.783+0000] {logging_mixin.py:190} INFO - Dag name:generate_dag and current dag run status:running
[2024-08-31T13:44:14.784+0000] {taskinstance.py:731} INFO - ::endgroup::
[2024-08-31T13:44:15.615+0000] {python.py:240} INFO - Done. Returned value was: [{"accountKey":1,"parentAccountKey":null,"accountLabel":"100000","accountName":"Profit and Loss after tax","accountDescription":"Profit and Loss after tax","accountType":null,"operator":null,"customMembers":null,"valueType":null,"customMemberOptions":null,"etlloadId":1,"loadDate":"2009-08-17T20:45:00","updateDate":"2009-08-17T20:45:00"},{"accountKey":2,"parentAccountKey":24,"accountLabel":"111000","accountName":"Income","accountDescription":"Income","accountType":"Income","operator":"+","customMembers":null,"valueType":"Income","customMemberOptions":"+","etlloadId":1,"loadDate":"2009-08-17T20:45:00","updateDate":"2009-08-17T20:45:00"},{"accountKey":3,"parentAccountKey":24,"accountLabel":"112000","accountName":"Expense","accountDescription":"Expense","accountType":"Expense","operator":"-","customMembers":null,"valueType":"Expense","customMemberOptions":"-","etlloadId":1,"loadDate":"2009-08-17T20:45:00","updateDate":"2009-08-17T20:45:00"},{"accountKey":4,"parentAccountKey":2,"accountLabel":"110100","accountName":"Sale Revenue","accountDescription":"Sale Revenue","accountType":"Income","operator":"+","customMembers":null,"valueType":"Income","customMemberOptions":"+","etlloadId":1,"loadDate":"2009-08-17T20:45:00","updateDate":"2009-08-17T20:45:00"},{"accountKey":5,"parentAccountKey":3,"accountLabel":"112100","accountName":"Cost of Goods Sold","accountDescription":"Cost of Goods Sold","accountType":"Expense","operator":"+","customMembers":null,"valueType":"Expense","customMemberOptions":"+","etlloadId":1,"loadDate":"2009-08-17T20:45:00","updateDate":"2009-08-17T20:45:00"},{"accountKey":6,"parentAccountKey":3,"accountLabel":"112200","accountName":"Selling, General & Administrative Expenses","accountDescription":"Selling, General & Administrative Expenses","accountType":"Expense","operator":"+","customMembers":null,"valueType":"Expense","customMemberOptions":"+","etlloadId":1,"loadDate":"2009-08-17T20:45:00","updateDate":"2009-08-17T20:45:00"},{"accountKey":7,"parentAccountKey":6,"accountLabel":"112300","accountName":"Administration Expense","accountDescription":"Administration Expense","accountType":"Expense","operator":"+","customMembers":null,"valueType":"Expense","customMemberOptions":"+","etlloadId":1,"loadDate":"2009-08-17T20:45:00","updateDate":"2009-08-17T20:45:00"},{"accountKey":8,"parentAccountKey":6,"accountLabel":"112400","accountName":"IT Cost","accountDescription":"IT Cost","accountType":"Expense","operator":"+","customMembers":null,"valueType":"Expense","customMemberOptions":"+","etlloadId":1,"loadDate":"2009-08-17T20:45:00","updateDate":"2009-08-17T20:45:00"},{"accountKey":9,"parentAccountKey":6,"accountLabel":"112500","accountName":"Human Capital","accountDescription":"Human Capital","accountType":"Expense","operator":"+","customMembers":null,"valueType":"Expense","customMemberOptions":"+","etlloadId":1,"loadDate":"2009-08-17T20:45:00","updateDate":"2009-08-17T20:45:00"},{"accountKey":10,"parentAccountKey":6,"accountLabel":"112600","accountName":"Light, Heat, Communication Cost","accountDescription":"Light, Heat, Communication Cost","accountType":"Expense","operator":"+","customMembers":null,"valueType":"Expense","customMemberOptions":"+","etlloadId":1,"loadDate":"2009-08-17T20:45:00","updateDate":"2009-08-17T20:45:00"},{"accountKey":11,"parentAccountKey":6,"accountLabel":"112700","accountName":"Property Costs","accountDescription":"Property Costs","accountType":"Expense","operator":"+","customMembers":null,"valueType":"Expense","customMemberOptions":"+","etlloadId":1,"loadDate":"2009-08-17T20:45:00","updateDate":"2009-08-17T20:45:00"},{"accountKey":12,"parentAccountKey":6,"accountLabel":"112800","accountName":"Other Expenses","accountDescription":"Other Expenses","accountType":"Expense","operator":"+","customMembers":null,"valueType":"Expense","customMemberOptions":"+","etlloadId":1,"loadDate":"2009-08-17T20:45:00","updateDate":"2009-08-17T20:45:00"},{"accountKey":13,"parentAccountKey":6,"accountLabel":"112900","accountName":"Marketing Cost","accountDescription":"Marketing & Advertisement Cost","accountType":"Expense","operator":"+","customMembers":null,"valueType":"Expense","customMemberOptions":"+","etlloadId":1,"loadDate":"2009-08-17T20:45:00","updateDate":"2009-08-17T20:45:00"},{"accountKey":14,"parentAccountKey":13,"accountLabel":"112910","accountName":"Holiday Ad Cost","accountDescription":"Holiday Ad Cost","accountType":"Expense","operator":"+","customMembers":null,"valueType":"Expense","customMemberOptions":"+","etlloadId":1,"loadDate":"2009-08-17T20:45:00","updateDate":"2009-08-17T20:45:00"},{"accountKey":15,"parentAccountKey":13,"accountLabel":"112920","accountName":"Spring Ad Cost","accountDescription":"Spring Ad Cost","accountType":"Expense","operator":"+","customMembers":null,"valueType":"Expense","customMemberOptions":"+","etlloadId":1,"loadDate":"2009-08-17T20:45:00","updateDate":"2009-08-17T20:45:00"},{"accountKey":16,"parentAccountKey":13,"accountLabel":"112930","accountName":"Back-to-School Ad Cost","accountDescription":"Back-to-School Ad Cost","accountType":"Expense","operator":"+","customMembers":null,"valueType":"Expense","customMemberOptions":"+","etlloadId":1,"loadDate":"2009-08-17T20:45:00","updateDate":"2009-08-17T20:45:00"},{"accountKey":17,"parentAccountKey":13,"accountLabel":"112940","accountName":"Business Ad Cost","accountDescription":"Business Ad Cost","accountType":"Expense","operator":"+","customMembers":null,"valueType":"Expense","customMemberOptions":"+","etlloadId":1,"loadDate":"2009-08-17T20:45:00","updateDate":"2009-08-17T20:45:00"},{"accountKey":18,"parentAccountKey":13,"accountLabel":"112950","accountName":"Tax Time / Summer Ad Cost","accountDescription":"Tax Time / Summer Ad Cost","accountType":"Expense","operator":"+","customMembers":null,"valueType":"Expense","customMemberOptions":"+","etlloadId":1,"loadDate":"2009-08-17T20:45:00","updateDate":"2009-08-17T20:45:00"},{"accountKey":19,"parentAccountKey":1,"accountLabel":"131000","accountName":"Taxation","accountDescription":"Taxation","accountType":"Taxation","operator":"-","customMembers":null,"valueType":"Taxation","customMemberOptions":"-","etlloadId":1,"loadDate":"2009-08-17T20:45:00","updateDate":"2009-08-17T20:45:00"},{"accountKey":20,"parentAccountKey":14,"accountLabel":"112911","accountName":"Radio & TV","accountDescription":"Holiday Ad Cost by Radio & TV","accountType":"Expense","operator":"+","customMembers":null,"valueType":"Expense","customMemberOptions":"+","etlloadId":1,"loadDate":"2009-08-17T20:45:00","updateDate":"2009-08-17T20:45:00"},{"accountKey":21,"parentAccountKey":14,"accountLabel":"112912","accountName":"Print","accountDescription":"Holiday Ad Cost by Print","accountType":"Expense","operator":"+","customMembers":null,"valueType":"Expense","customMemberOptions":"+","etlloadId":1,"loadDate":"2009-08-17T20:45:00","updateDate":"2009-08-17T20:45:00"},{"accountKey":22,"parentAccountKey":14,"accountLabel":"112913","accountName":"Internet","accountDescription":"Holiday Ad Cost by Internet","accountType":"Expense","operator":"+","customMembers":null,"valueType":"Expense","customMemberOptions":"+","etlloadId":1,"loadDate":"2009-08-17T20:45:00","updateDate":"2009-08-17T20:45:00"},{"accountKey":23,"parentAccountKey":14,"accountLabel":"112914","accountName":"Other","accountDescription":"Holiday Ad Cost by Other","accountType":"Expense","operator":"+","customMembers":null,"valueType":"Expense","customMemberOptions":"+","etlloadId":1,"loadDate":"2009-08-17T20:45:00","updateDate":"2009-08-17T20:45:00"},{"accountKey":24,"parentAccountKey":1,"accountLabel":"110000","accountName":"Profit and Loss before tax","accountDescription":"Profit and Loss before tax","accountType":null,"operator":"+","customMembers":null,"valueType":null,"customMemberOptions":"+","etlloadId":1,"loadDate":"2009-08-17T20:45:00","updateDate":"2009-08-17T20:45:00"}]
[2024-08-31T13:44:15.807+0000] {taskinstance.py:340} INFO - ::group::Post task execution logs
[2024-08-31T13:44:15.808+0000] {taskinstance.py:352} INFO - Marking task as SUCCESS. dag_id=generate_dag, task_id=extract, run_id=scheduled__2024-08-28T00:00:00+00:00, execution_date=20240828T000000, start_date=20240831T134414, end_date=20240831T134415
[2024-08-31T13:44:15.873+0000] {logging_mixin.py:190} INFO - Task instance in success state
[2024-08-31T13:44:15.874+0000] {logging_mixin.py:190} INFO -  Previous state of the Task instance: running
[2024-08-31T13:44:15.877+0000] {logging_mixin.py:190} INFO - Dag name:generate_dag queued_at:2024-08-31 13:43:40.699079+00:00
[2024-08-31T13:44:15.878+0000] {logging_mixin.py:190} INFO - Task hostname:763d90797398 operator:_PythonDecoratedOperator
[2024-08-31T13:44:15.936+0000] {local_task_job_runner.py:261} INFO - Task exited with return code 0
[2024-08-31T13:44:16.027+0000] {taskinstance.py:3891} INFO - 1 downstream tasks scheduled from follow-on schedule check
[2024-08-31T13:44:16.042+0000] {local_task_job_runner.py:240} INFO - ::endgroup::
