[2024-08-22T00:19:48.970+0000] {processor.py:186} INFO - Started process (PID=69) to work on /home/airflow/.local/lib/python3.12/site-packages/airflow/example_dags/example_dag_decorator.py
[2024-08-22T00:19:48.973+0000] {processor.py:914} INFO - Processing file /home/airflow/.local/lib/python3.12/site-packages/airflow/example_dags/example_dag_decorator.py for tasks to queue
[2024-08-22T00:19:48.978+0000] {logging_mixin.py:190} INFO - [2024-08-22T00:19:48.977+0000] {dagbag.py:587} INFO - Filling up the DagBag from /home/airflow/.local/lib/python3.12/site-packages/airflow/example_dags/example_dag_decorator.py
[2024-08-22T00:19:49.366+0000] {processor.py:925} INFO - DAG(s) 'example_dag_decorator' retrieved from /home/airflow/.local/lib/python3.12/site-packages/airflow/example_dags/example_dag_decorator.py
[2024-08-22T00:19:51.992+0000] {logging_mixin.py:190} INFO - [2024-08-22T00:19:51.991+0000] {override.py:1858} INFO - Created Permission View: can read on DAG:example_dag_decorator
[2024-08-22T00:19:52.091+0000] {logging_mixin.py:190} INFO - [2024-08-22T00:19:52.091+0000] {override.py:1858} INFO - Created Permission View: can delete on DAG:example_dag_decorator
[2024-08-22T00:19:52.172+0000] {logging_mixin.py:190} INFO - [2024-08-22T00:19:52.171+0000] {override.py:1858} INFO - Created Permission View: can edit on DAG:example_dag_decorator
[2024-08-22T00:19:52.178+0000] {logging_mixin.py:190} INFO - [2024-08-22T00:19:52.177+0000] {dag.py:3211} INFO - Sync 1 DAGs
[2024-08-22T00:19:52.555+0000] {logging_mixin.py:190} INFO - [2024-08-22T00:19:52.554+0000] {dag.py:3234} INFO - Creating ORM DAG for example_dag_decorator
[2024-08-22T00:19:52.556+0000] {logging_mixin.py:190} INFO - [2024-08-22T00:19:52.556+0000] {dag.py:4138} INFO - Setting next_dagrun for example_dag_decorator to None, run_after=None
[2024-08-22T00:19:52.699+0000] {processor.py:208} INFO - Processing /home/airflow/.local/lib/python3.12/site-packages/airflow/example_dags/example_dag_decorator.py took 3.763 seconds
[2024-08-22T00:20:43.807+0000] {processor.py:186} INFO - Started process (PID=140) to work on /home/airflow/.local/lib/python3.12/site-packages/airflow/example_dags/example_dag_decorator.py
[2024-08-22T00:20:43.810+0000] {processor.py:914} INFO - Processing file /home/airflow/.local/lib/python3.12/site-packages/airflow/example_dags/example_dag_decorator.py for tasks to queue
[2024-08-22T00:20:43.814+0000] {logging_mixin.py:190} INFO - [2024-08-22T00:20:43.813+0000] {dagbag.py:587} INFO - Filling up the DagBag from /home/airflow/.local/lib/python3.12/site-packages/airflow/example_dags/example_dag_decorator.py
[2024-08-22T00:20:43.850+0000] {processor.py:925} INFO - DAG(s) 'example_dag_decorator' retrieved from /home/airflow/.local/lib/python3.12/site-packages/airflow/example_dags/example_dag_decorator.py
[2024-08-22T00:20:44.119+0000] {logging_mixin.py:190} INFO - [2024-08-22T00:20:44.119+0000] {dag.py:3211} INFO - Sync 1 DAGs
[2024-08-22T00:20:44.150+0000] {logging_mixin.py:190} INFO - [2024-08-22T00:20:44.150+0000] {dag.py:4138} INFO - Setting next_dagrun for example_dag_decorator to None, run_after=None
[2024-08-22T00:20:44.203+0000] {processor.py:208} INFO - Processing /home/airflow/.local/lib/python3.12/site-packages/airflow/example_dags/example_dag_decorator.py took 0.407 seconds
[2024-08-22T00:21:17.823+0000] {processor.py:186} INFO - Started process (PID=195) to work on /home/airflow/.local/lib/python3.12/site-packages/airflow/example_dags/example_dag_decorator.py
[2024-08-22T00:21:17.826+0000] {processor.py:914} INFO - Processing file /home/airflow/.local/lib/python3.12/site-packages/airflow/example_dags/example_dag_decorator.py for tasks to queue
[2024-08-22T00:21:17.855+0000] {logging_mixin.py:190} INFO - [2024-08-22T00:21:17.839+0000] {dagbag.py:587} INFO - Filling up the DagBag from /home/airflow/.local/lib/python3.12/site-packages/airflow/example_dags/example_dag_decorator.py
[2024-08-22T00:21:18.011+0000] {processor.py:925} INFO - DAG(s) 'example_dag_decorator' retrieved from /home/airflow/.local/lib/python3.12/site-packages/airflow/example_dags/example_dag_decorator.py
[2024-08-22T00:21:19.706+0000] {logging_mixin.py:190} INFO - [2024-08-22T00:21:19.705+0000] {dag.py:3211} INFO - Sync 1 DAGs
[2024-08-22T00:21:19.770+0000] {logging_mixin.py:190} INFO - [2024-08-22T00:21:19.770+0000] {dag.py:4138} INFO - Setting next_dagrun for example_dag_decorator to None, run_after=None
[2024-08-22T00:21:19.905+0000] {processor.py:208} INFO - Processing /home/airflow/.local/lib/python3.12/site-packages/airflow/example_dags/example_dag_decorator.py took 2.107 seconds
[2024-08-22T00:21:52.554+0000] {processor.py:186} INFO - Started process (PID=220) to work on /home/airflow/.local/lib/python3.12/site-packages/airflow/example_dags/example_dag_decorator.py
[2024-08-22T00:21:52.556+0000] {processor.py:914} INFO - Processing file /home/airflow/.local/lib/python3.12/site-packages/airflow/example_dags/example_dag_decorator.py for tasks to queue
[2024-08-22T00:21:52.573+0000] {logging_mixin.py:190} INFO - [2024-08-22T00:21:52.572+0000] {dagbag.py:587} INFO - Filling up the DagBag from /home/airflow/.local/lib/python3.12/site-packages/airflow/example_dags/example_dag_decorator.py
[2024-08-22T00:21:52.609+0000] {processor.py:925} INFO - DAG(s) 'example_dag_decorator' retrieved from /home/airflow/.local/lib/python3.12/site-packages/airflow/example_dags/example_dag_decorator.py
[2024-08-22T00:21:53.502+0000] {logging_mixin.py:190} INFO - [2024-08-22T00:21:53.501+0000] {dag.py:3211} INFO - Sync 1 DAGs
[2024-08-22T00:21:53.562+0000] {logging_mixin.py:190} INFO - [2024-08-22T00:21:53.561+0000] {dag.py:4138} INFO - Setting next_dagrun for example_dag_decorator to None, run_after=None
[2024-08-22T00:21:53.628+0000] {processor.py:208} INFO - Processing /home/airflow/.local/lib/python3.12/site-packages/airflow/example_dags/example_dag_decorator.py took 1.105 seconds
[2024-08-22T00:22:24.231+0000] {processor.py:186} INFO - Started process (PID=283) to work on /home/airflow/.local/lib/python3.12/site-packages/airflow/example_dags/example_dag_decorator.py
[2024-08-22T00:22:24.233+0000] {processor.py:914} INFO - Processing file /home/airflow/.local/lib/python3.12/site-packages/airflow/example_dags/example_dag_decorator.py for tasks to queue
[2024-08-22T00:22:24.237+0000] {logging_mixin.py:190} INFO - [2024-08-22T00:22:24.236+0000] {dagbag.py:587} INFO - Filling up the DagBag from /home/airflow/.local/lib/python3.12/site-packages/airflow/example_dags/example_dag_decorator.py
[2024-08-22T00:22:24.260+0000] {processor.py:925} INFO - DAG(s) 'example_dag_decorator' retrieved from /home/airflow/.local/lib/python3.12/site-packages/airflow/example_dags/example_dag_decorator.py
[2024-08-22T00:22:24.510+0000] {logging_mixin.py:190} INFO - [2024-08-22T00:22:24.509+0000] {dag.py:3211} INFO - Sync 1 DAGs
[2024-08-22T00:22:24.577+0000] {logging_mixin.py:190} INFO - [2024-08-22T00:22:24.576+0000] {dag.py:4138} INFO - Setting next_dagrun for example_dag_decorator to None, run_after=None
[2024-08-22T00:22:24.685+0000] {processor.py:208} INFO - Processing /home/airflow/.local/lib/python3.12/site-packages/airflow/example_dags/example_dag_decorator.py took 0.467 seconds
[2024-08-22T00:22:54.756+0000] {processor.py:186} INFO - Started process (PID=346) to work on /home/airflow/.local/lib/python3.12/site-packages/airflow/example_dags/example_dag_decorator.py
[2024-08-22T00:22:54.759+0000] {processor.py:914} INFO - Processing file /home/airflow/.local/lib/python3.12/site-packages/airflow/example_dags/example_dag_decorator.py for tasks to queue
[2024-08-22T00:22:54.763+0000] {logging_mixin.py:190} INFO - [2024-08-22T00:22:54.762+0000] {dagbag.py:587} INFO - Filling up the DagBag from /home/airflow/.local/lib/python3.12/site-packages/airflow/example_dags/example_dag_decorator.py
[2024-08-22T00:22:54.815+0000] {processor.py:925} INFO - DAG(s) 'example_dag_decorator' retrieved from /home/airflow/.local/lib/python3.12/site-packages/airflow/example_dags/example_dag_decorator.py
[2024-08-22T00:22:55.280+0000] {logging_mixin.py:190} INFO - [2024-08-22T00:22:55.279+0000] {dag.py:3211} INFO - Sync 1 DAGs
[2024-08-22T00:22:55.325+0000] {logging_mixin.py:190} INFO - [2024-08-22T00:22:55.324+0000] {dag.py:4138} INFO - Setting next_dagrun for example_dag_decorator to None, run_after=None
[2024-08-22T00:22:55.393+0000] {processor.py:208} INFO - Processing /home/airflow/.local/lib/python3.12/site-packages/airflow/example_dags/example_dag_decorator.py took 0.650 seconds
[2024-08-22T00:23:26.172+0000] {processor.py:186} INFO - Started process (PID=405) to work on /home/airflow/.local/lib/python3.12/site-packages/airflow/example_dags/example_dag_decorator.py
[2024-08-22T00:23:26.174+0000] {processor.py:914} INFO - Processing file /home/airflow/.local/lib/python3.12/site-packages/airflow/example_dags/example_dag_decorator.py for tasks to queue
[2024-08-22T00:23:26.181+0000] {logging_mixin.py:190} INFO - [2024-08-22T00:23:26.180+0000] {dagbag.py:587} INFO - Filling up the DagBag from /home/airflow/.local/lib/python3.12/site-packages/airflow/example_dags/example_dag_decorator.py
[2024-08-22T00:23:26.202+0000] {processor.py:925} INFO - DAG(s) 'example_dag_decorator' retrieved from /home/airflow/.local/lib/python3.12/site-packages/airflow/example_dags/example_dag_decorator.py
[2024-08-22T00:23:26.942+0000] {logging_mixin.py:190} INFO - [2024-08-22T00:23:26.940+0000] {dag.py:3211} INFO - Sync 1 DAGs
[2024-08-22T00:23:26.980+0000] {logging_mixin.py:190} INFO - [2024-08-22T00:23:26.980+0000] {dag.py:4138} INFO - Setting next_dagrun for example_dag_decorator to None, run_after=None
[2024-08-22T00:23:27.020+0000] {processor.py:208} INFO - Processing /home/airflow/.local/lib/python3.12/site-packages/airflow/example_dags/example_dag_decorator.py took 0.864 seconds
[2024-08-22T00:23:57.769+0000] {processor.py:186} INFO - Started process (PID=467) to work on /home/airflow/.local/lib/python3.12/site-packages/airflow/example_dags/example_dag_decorator.py
[2024-08-22T00:23:57.771+0000] {processor.py:914} INFO - Processing file /home/airflow/.local/lib/python3.12/site-packages/airflow/example_dags/example_dag_decorator.py for tasks to queue
[2024-08-22T00:23:57.776+0000] {logging_mixin.py:190} INFO - [2024-08-22T00:23:57.776+0000] {dagbag.py:587} INFO - Filling up the DagBag from /home/airflow/.local/lib/python3.12/site-packages/airflow/example_dags/example_dag_decorator.py
[2024-08-22T00:23:57.813+0000] {processor.py:925} INFO - DAG(s) 'example_dag_decorator' retrieved from /home/airflow/.local/lib/python3.12/site-packages/airflow/example_dags/example_dag_decorator.py
[2024-08-22T00:23:58.317+0000] {logging_mixin.py:190} INFO - [2024-08-22T00:23:58.317+0000] {dag.py:3211} INFO - Sync 1 DAGs
[2024-08-22T00:23:58.345+0000] {logging_mixin.py:190} INFO - [2024-08-22T00:23:58.345+0000] {dag.py:4138} INFO - Setting next_dagrun for example_dag_decorator to None, run_after=None
[2024-08-22T00:23:58.383+0000] {processor.py:208} INFO - Processing /home/airflow/.local/lib/python3.12/site-packages/airflow/example_dags/example_dag_decorator.py took 0.637 seconds
[2024-08-22T00:24:29.073+0000] {processor.py:186} INFO - Started process (PID=531) to work on /home/airflow/.local/lib/python3.12/site-packages/airflow/example_dags/example_dag_decorator.py
[2024-08-22T00:24:29.077+0000] {processor.py:914} INFO - Processing file /home/airflow/.local/lib/python3.12/site-packages/airflow/example_dags/example_dag_decorator.py for tasks to queue
[2024-08-22T00:24:29.091+0000] {logging_mixin.py:190} INFO - [2024-08-22T00:24:29.090+0000] {dagbag.py:587} INFO - Filling up the DagBag from /home/airflow/.local/lib/python3.12/site-packages/airflow/example_dags/example_dag_decorator.py
[2024-08-22T00:24:29.144+0000] {processor.py:925} INFO - DAG(s) 'example_dag_decorator' retrieved from /home/airflow/.local/lib/python3.12/site-packages/airflow/example_dags/example_dag_decorator.py
[2024-08-22T00:24:29.508+0000] {logging_mixin.py:190} INFO - [2024-08-22T00:24:29.507+0000] {dag.py:3211} INFO - Sync 1 DAGs
[2024-08-22T00:24:29.543+0000] {logging_mixin.py:190} INFO - [2024-08-22T00:24:29.542+0000] {dag.py:4138} INFO - Setting next_dagrun for example_dag_decorator to None, run_after=None
[2024-08-22T00:24:29.651+0000] {processor.py:208} INFO - Processing /home/airflow/.local/lib/python3.12/site-packages/airflow/example_dags/example_dag_decorator.py took 0.602 seconds
[2024-08-22T00:25:00.257+0000] {processor.py:186} INFO - Started process (PID=594) to work on /home/airflow/.local/lib/python3.12/site-packages/airflow/example_dags/example_dag_decorator.py
[2024-08-22T00:25:00.261+0000] {processor.py:914} INFO - Processing file /home/airflow/.local/lib/python3.12/site-packages/airflow/example_dags/example_dag_decorator.py for tasks to queue
[2024-08-22T00:25:00.266+0000] {logging_mixin.py:190} INFO - [2024-08-22T00:25:00.265+0000] {dagbag.py:587} INFO - Filling up the DagBag from /home/airflow/.local/lib/python3.12/site-packages/airflow/example_dags/example_dag_decorator.py
[2024-08-22T00:25:00.300+0000] {processor.py:925} INFO - DAG(s) 'example_dag_decorator' retrieved from /home/airflow/.local/lib/python3.12/site-packages/airflow/example_dags/example_dag_decorator.py
[2024-08-22T00:25:00.384+0000] {logging_mixin.py:190} INFO - [2024-08-22T00:25:00.383+0000] {dag.py:3211} INFO - Sync 1 DAGs
[2024-08-22T00:25:00.429+0000] {logging_mixin.py:190} INFO - [2024-08-22T00:25:00.428+0000] {dag.py:4138} INFO - Setting next_dagrun for example_dag_decorator to None, run_after=None
[2024-08-22T00:25:00.482+0000] {processor.py:208} INFO - Processing /home/airflow/.local/lib/python3.12/site-packages/airflow/example_dags/example_dag_decorator.py took 0.241 seconds
[2024-08-22T00:25:30.776+0000] {processor.py:186} INFO - Started process (PID=657) to work on /home/airflow/.local/lib/python3.12/site-packages/airflow/example_dags/example_dag_decorator.py
[2024-08-22T00:25:30.779+0000] {processor.py:914} INFO - Processing file /home/airflow/.local/lib/python3.12/site-packages/airflow/example_dags/example_dag_decorator.py for tasks to queue
[2024-08-22T00:25:30.783+0000] {logging_mixin.py:190} INFO - [2024-08-22T00:25:30.782+0000] {dagbag.py:587} INFO - Filling up the DagBag from /home/airflow/.local/lib/python3.12/site-packages/airflow/example_dags/example_dag_decorator.py
[2024-08-22T00:25:30.814+0000] {processor.py:925} INFO - DAG(s) 'example_dag_decorator' retrieved from /home/airflow/.local/lib/python3.12/site-packages/airflow/example_dags/example_dag_decorator.py
[2024-08-22T00:25:31.174+0000] {logging_mixin.py:190} INFO - [2024-08-22T00:25:31.173+0000] {dag.py:3211} INFO - Sync 1 DAGs
[2024-08-22T00:25:31.213+0000] {logging_mixin.py:190} INFO - [2024-08-22T00:25:31.212+0000] {dag.py:4138} INFO - Setting next_dagrun for example_dag_decorator to None, run_after=None
[2024-08-22T00:25:31.264+0000] {processor.py:208} INFO - Processing /home/airflow/.local/lib/python3.12/site-packages/airflow/example_dags/example_dag_decorator.py took 0.499 seconds
[2024-08-22T00:26:02.067+0000] {processor.py:186} INFO - Started process (PID=720) to work on /home/airflow/.local/lib/python3.12/site-packages/airflow/example_dags/example_dag_decorator.py
[2024-08-22T00:26:02.068+0000] {processor.py:914} INFO - Processing file /home/airflow/.local/lib/python3.12/site-packages/airflow/example_dags/example_dag_decorator.py for tasks to queue
[2024-08-22T00:26:02.074+0000] {logging_mixin.py:190} INFO - [2024-08-22T00:26:02.073+0000] {dagbag.py:587} INFO - Filling up the DagBag from /home/airflow/.local/lib/python3.12/site-packages/airflow/example_dags/example_dag_decorator.py
[2024-08-22T00:26:02.121+0000] {processor.py:925} INFO - DAG(s) 'example_dag_decorator' retrieved from /home/airflow/.local/lib/python3.12/site-packages/airflow/example_dags/example_dag_decorator.py
[2024-08-22T00:26:02.591+0000] {logging_mixin.py:190} INFO - [2024-08-22T00:26:02.590+0000] {dag.py:3211} INFO - Sync 1 DAGs
[2024-08-22T00:26:02.643+0000] {logging_mixin.py:190} INFO - [2024-08-22T00:26:02.642+0000] {dag.py:4138} INFO - Setting next_dagrun for example_dag_decorator to None, run_after=None
[2024-08-22T00:26:02.734+0000] {processor.py:208} INFO - Processing /home/airflow/.local/lib/python3.12/site-packages/airflow/example_dags/example_dag_decorator.py took 0.695 seconds
[2024-08-22T00:26:34.744+0000] {processor.py:186} INFO - Started process (PID=784) to work on /home/airflow/.local/lib/python3.12/site-packages/airflow/example_dags/example_dag_decorator.py
[2024-08-22T00:26:34.747+0000] {processor.py:914} INFO - Processing file /home/airflow/.local/lib/python3.12/site-packages/airflow/example_dags/example_dag_decorator.py for tasks to queue
[2024-08-22T00:26:34.752+0000] {logging_mixin.py:190} INFO - [2024-08-22T00:26:34.752+0000] {dagbag.py:587} INFO - Filling up the DagBag from /home/airflow/.local/lib/python3.12/site-packages/airflow/example_dags/example_dag_decorator.py
[2024-08-22T00:26:34.790+0000] {processor.py:925} INFO - DAG(s) 'example_dag_decorator' retrieved from /home/airflow/.local/lib/python3.12/site-packages/airflow/example_dags/example_dag_decorator.py
[2024-08-22T00:26:35.862+0000] {logging_mixin.py:190} INFO - [2024-08-22T00:26:35.862+0000] {dag.py:3211} INFO - Sync 1 DAGs
[2024-08-22T00:26:35.959+0000] {logging_mixin.py:190} INFO - [2024-08-22T00:26:35.959+0000] {dag.py:4138} INFO - Setting next_dagrun for example_dag_decorator to None, run_after=None
[2024-08-22T00:26:36.053+0000] {processor.py:208} INFO - Processing /home/airflow/.local/lib/python3.12/site-packages/airflow/example_dags/example_dag_decorator.py took 1.327 seconds
[2024-08-22T00:27:07.454+0000] {processor.py:186} INFO - Started process (PID=849) to work on /home/airflow/.local/lib/python3.12/site-packages/airflow/example_dags/example_dag_decorator.py
[2024-08-22T00:27:07.456+0000] {processor.py:914} INFO - Processing file /home/airflow/.local/lib/python3.12/site-packages/airflow/example_dags/example_dag_decorator.py for tasks to queue
[2024-08-22T00:27:07.466+0000] {logging_mixin.py:190} INFO - [2024-08-22T00:27:07.461+0000] {dagbag.py:587} INFO - Filling up the DagBag from /home/airflow/.local/lib/python3.12/site-packages/airflow/example_dags/example_dag_decorator.py
[2024-08-22T00:27:07.499+0000] {processor.py:925} INFO - DAG(s) 'example_dag_decorator' retrieved from /home/airflow/.local/lib/python3.12/site-packages/airflow/example_dags/example_dag_decorator.py
[2024-08-22T00:27:07.724+0000] {logging_mixin.py:190} INFO - [2024-08-22T00:27:07.723+0000] {dag.py:3211} INFO - Sync 1 DAGs
[2024-08-22T00:27:07.753+0000] {logging_mixin.py:190} INFO - [2024-08-22T00:27:07.753+0000] {dag.py:4138} INFO - Setting next_dagrun for example_dag_decorator to None, run_after=None
[2024-08-22T00:27:07.795+0000] {processor.py:208} INFO - Processing /home/airflow/.local/lib/python3.12/site-packages/airflow/example_dags/example_dag_decorator.py took 0.357 seconds
[2024-08-22T00:27:42.414+0000] {processor.py:186} INFO - Started process (PID=910) to work on /home/airflow/.local/lib/python3.12/site-packages/airflow/example_dags/example_dag_decorator.py
[2024-08-22T00:27:42.416+0000] {processor.py:914} INFO - Processing file /home/airflow/.local/lib/python3.12/site-packages/airflow/example_dags/example_dag_decorator.py for tasks to queue
[2024-08-22T00:27:42.421+0000] {logging_mixin.py:190} INFO - [2024-08-22T00:27:42.420+0000] {dagbag.py:587} INFO - Filling up the DagBag from /home/airflow/.local/lib/python3.12/site-packages/airflow/example_dags/example_dag_decorator.py
[2024-08-22T00:27:42.443+0000] {processor.py:925} INFO - DAG(s) 'example_dag_decorator' retrieved from /home/airflow/.local/lib/python3.12/site-packages/airflow/example_dags/example_dag_decorator.py
[2024-08-22T00:27:42.532+0000] {logging_mixin.py:190} INFO - [2024-08-22T00:27:42.531+0000] {dag.py:3211} INFO - Sync 1 DAGs
[2024-08-22T00:27:42.581+0000] {logging_mixin.py:190} INFO - [2024-08-22T00:27:42.581+0000] {dag.py:4138} INFO - Setting next_dagrun for example_dag_decorator to None, run_after=None
[2024-08-22T00:27:42.635+0000] {processor.py:208} INFO - Processing /home/airflow/.local/lib/python3.12/site-packages/airflow/example_dags/example_dag_decorator.py took 0.234 seconds
[2024-08-22T00:28:12.739+0000] {processor.py:186} INFO - Started process (PID=970) to work on /home/airflow/.local/lib/python3.12/site-packages/airflow/example_dags/example_dag_decorator.py
[2024-08-22T00:28:12.741+0000] {processor.py:914} INFO - Processing file /home/airflow/.local/lib/python3.12/site-packages/airflow/example_dags/example_dag_decorator.py for tasks to queue
[2024-08-22T00:28:12.752+0000] {logging_mixin.py:190} INFO - [2024-08-22T00:28:12.752+0000] {dagbag.py:587} INFO - Filling up the DagBag from /home/airflow/.local/lib/python3.12/site-packages/airflow/example_dags/example_dag_decorator.py
[2024-08-22T00:28:12.778+0000] {processor.py:925} INFO - DAG(s) 'example_dag_decorator' retrieved from /home/airflow/.local/lib/python3.12/site-packages/airflow/example_dags/example_dag_decorator.py
[2024-08-22T00:28:13.238+0000] {logging_mixin.py:190} INFO - [2024-08-22T00:28:13.238+0000] {dag.py:3211} INFO - Sync 1 DAGs
[2024-08-22T00:28:13.260+0000] {logging_mixin.py:190} INFO - [2024-08-22T00:28:13.259+0000] {dag.py:4138} INFO - Setting next_dagrun for example_dag_decorator to None, run_after=None
[2024-08-22T00:28:13.488+0000] {processor.py:208} INFO - Processing /home/airflow/.local/lib/python3.12/site-packages/airflow/example_dags/example_dag_decorator.py took 0.760 seconds
[2024-08-22T00:28:44.029+0000] {processor.py:186} INFO - Started process (PID=1034) to work on /home/airflow/.local/lib/python3.12/site-packages/airflow/example_dags/example_dag_decorator.py
[2024-08-22T00:28:44.032+0000] {processor.py:914} INFO - Processing file /home/airflow/.local/lib/python3.12/site-packages/airflow/example_dags/example_dag_decorator.py for tasks to queue
[2024-08-22T00:28:44.038+0000] {logging_mixin.py:190} INFO - [2024-08-22T00:28:44.038+0000] {dagbag.py:587} INFO - Filling up the DagBag from /home/airflow/.local/lib/python3.12/site-packages/airflow/example_dags/example_dag_decorator.py
[2024-08-22T00:28:44.075+0000] {processor.py:925} INFO - DAG(s) 'example_dag_decorator' retrieved from /home/airflow/.local/lib/python3.12/site-packages/airflow/example_dags/example_dag_decorator.py
[2024-08-22T00:28:44.399+0000] {logging_mixin.py:190} INFO - [2024-08-22T00:28:44.398+0000] {dag.py:3211} INFO - Sync 1 DAGs
[2024-08-22T00:28:44.435+0000] {logging_mixin.py:190} INFO - [2024-08-22T00:28:44.434+0000] {dag.py:4138} INFO - Setting next_dagrun for example_dag_decorator to None, run_after=None
[2024-08-22T00:28:44.491+0000] {processor.py:208} INFO - Processing /home/airflow/.local/lib/python3.12/site-packages/airflow/example_dags/example_dag_decorator.py took 0.483 seconds
[2024-08-22T00:29:15.156+0000] {processor.py:186} INFO - Started process (PID=1097) to work on /home/airflow/.local/lib/python3.12/site-packages/airflow/example_dags/example_dag_decorator.py
[2024-08-22T00:29:15.158+0000] {processor.py:914} INFO - Processing file /home/airflow/.local/lib/python3.12/site-packages/airflow/example_dags/example_dag_decorator.py for tasks to queue
[2024-08-22T00:29:15.163+0000] {logging_mixin.py:190} INFO - [2024-08-22T00:29:15.162+0000] {dagbag.py:587} INFO - Filling up the DagBag from /home/airflow/.local/lib/python3.12/site-packages/airflow/example_dags/example_dag_decorator.py
[2024-08-22T00:29:15.187+0000] {processor.py:925} INFO - DAG(s) 'example_dag_decorator' retrieved from /home/airflow/.local/lib/python3.12/site-packages/airflow/example_dags/example_dag_decorator.py
[2024-08-22T00:29:15.500+0000] {logging_mixin.py:190} INFO - [2024-08-22T00:29:15.499+0000] {dag.py:3211} INFO - Sync 1 DAGs
[2024-08-22T00:29:15.536+0000] {logging_mixin.py:190} INFO - [2024-08-22T00:29:15.535+0000] {dag.py:4138} INFO - Setting next_dagrun for example_dag_decorator to None, run_after=None
[2024-08-22T00:29:15.579+0000] {processor.py:208} INFO - Processing /home/airflow/.local/lib/python3.12/site-packages/airflow/example_dags/example_dag_decorator.py took 0.437 seconds
[2024-08-22T00:29:45.817+0000] {processor.py:186} INFO - Started process (PID=1160) to work on /home/airflow/.local/lib/python3.12/site-packages/airflow/example_dags/example_dag_decorator.py
[2024-08-22T00:29:45.820+0000] {processor.py:914} INFO - Processing file /home/airflow/.local/lib/python3.12/site-packages/airflow/example_dags/example_dag_decorator.py for tasks to queue
[2024-08-22T00:29:45.824+0000] {logging_mixin.py:190} INFO - [2024-08-22T00:29:45.824+0000] {dagbag.py:587} INFO - Filling up the DagBag from /home/airflow/.local/lib/python3.12/site-packages/airflow/example_dags/example_dag_decorator.py
[2024-08-22T00:29:45.854+0000] {processor.py:925} INFO - DAG(s) 'example_dag_decorator' retrieved from /home/airflow/.local/lib/python3.12/site-packages/airflow/example_dags/example_dag_decorator.py
[2024-08-22T00:29:46.151+0000] {logging_mixin.py:190} INFO - [2024-08-22T00:29:46.151+0000] {dag.py:3211} INFO - Sync 1 DAGs
[2024-08-22T00:29:46.191+0000] {logging_mixin.py:190} INFO - [2024-08-22T00:29:46.191+0000] {dag.py:4138} INFO - Setting next_dagrun for example_dag_decorator to None, run_after=None
[2024-08-22T00:29:46.238+0000] {processor.py:208} INFO - Processing /home/airflow/.local/lib/python3.12/site-packages/airflow/example_dags/example_dag_decorator.py took 0.437 seconds
[2024-08-22T00:30:16.881+0000] {processor.py:186} INFO - Started process (PID=1223) to work on /home/airflow/.local/lib/python3.12/site-packages/airflow/example_dags/example_dag_decorator.py
[2024-08-22T00:30:16.883+0000] {processor.py:914} INFO - Processing file /home/airflow/.local/lib/python3.12/site-packages/airflow/example_dags/example_dag_decorator.py for tasks to queue
[2024-08-22T00:30:16.887+0000] {logging_mixin.py:190} INFO - [2024-08-22T00:30:16.887+0000] {dagbag.py:587} INFO - Filling up the DagBag from /home/airflow/.local/lib/python3.12/site-packages/airflow/example_dags/example_dag_decorator.py
[2024-08-22T00:30:16.910+0000] {processor.py:925} INFO - DAG(s) 'example_dag_decorator' retrieved from /home/airflow/.local/lib/python3.12/site-packages/airflow/example_dags/example_dag_decorator.py
[2024-08-22T00:30:17.279+0000] {logging_mixin.py:190} INFO - [2024-08-22T00:30:17.278+0000] {dag.py:3211} INFO - Sync 1 DAGs
[2024-08-22T00:30:17.305+0000] {logging_mixin.py:190} INFO - [2024-08-22T00:30:17.304+0000] {dag.py:4138} INFO - Setting next_dagrun for example_dag_decorator to None, run_after=None
[2024-08-22T00:30:17.365+0000] {processor.py:208} INFO - Processing /home/airflow/.local/lib/python3.12/site-packages/airflow/example_dags/example_dag_decorator.py took 0.493 seconds
[2024-08-22T00:30:48.070+0000] {processor.py:186} INFO - Started process (PID=1287) to work on /home/airflow/.local/lib/python3.12/site-packages/airflow/example_dags/example_dag_decorator.py
[2024-08-22T00:30:48.072+0000] {processor.py:914} INFO - Processing file /home/airflow/.local/lib/python3.12/site-packages/airflow/example_dags/example_dag_decorator.py for tasks to queue
[2024-08-22T00:30:48.080+0000] {logging_mixin.py:190} INFO - [2024-08-22T00:30:48.080+0000] {dagbag.py:587} INFO - Filling up the DagBag from /home/airflow/.local/lib/python3.12/site-packages/airflow/example_dags/example_dag_decorator.py
[2024-08-22T00:30:48.116+0000] {processor.py:925} INFO - DAG(s) 'example_dag_decorator' retrieved from /home/airflow/.local/lib/python3.12/site-packages/airflow/example_dags/example_dag_decorator.py
[2024-08-22T00:30:48.310+0000] {logging_mixin.py:190} INFO - [2024-08-22T00:30:48.309+0000] {dag.py:3211} INFO - Sync 1 DAGs
[2024-08-22T00:30:48.335+0000] {logging_mixin.py:190} INFO - [2024-08-22T00:30:48.335+0000] {dag.py:4138} INFO - Setting next_dagrun for example_dag_decorator to None, run_after=None
[2024-08-22T00:30:48.375+0000] {processor.py:208} INFO - Processing /home/airflow/.local/lib/python3.12/site-packages/airflow/example_dags/example_dag_decorator.py took 0.314 seconds
[2024-08-22T00:31:18.790+0000] {processor.py:186} INFO - Started process (PID=1350) to work on /home/airflow/.local/lib/python3.12/site-packages/airflow/example_dags/example_dag_decorator.py
[2024-08-22T00:31:18.791+0000] {processor.py:914} INFO - Processing file /home/airflow/.local/lib/python3.12/site-packages/airflow/example_dags/example_dag_decorator.py for tasks to queue
[2024-08-22T00:31:18.797+0000] {logging_mixin.py:190} INFO - [2024-08-22T00:31:18.796+0000] {dagbag.py:587} INFO - Filling up the DagBag from /home/airflow/.local/lib/python3.12/site-packages/airflow/example_dags/example_dag_decorator.py
[2024-08-22T00:31:18.817+0000] {processor.py:925} INFO - DAG(s) 'example_dag_decorator' retrieved from /home/airflow/.local/lib/python3.12/site-packages/airflow/example_dags/example_dag_decorator.py
[2024-08-22T00:31:18.999+0000] {logging_mixin.py:190} INFO - [2024-08-22T00:31:18.999+0000] {dag.py:3211} INFO - Sync 1 DAGs
[2024-08-22T00:31:19.022+0000] {logging_mixin.py:190} INFO - [2024-08-22T00:31:19.021+0000] {dag.py:4138} INFO - Setting next_dagrun for example_dag_decorator to None, run_after=None
[2024-08-22T00:31:19.082+0000] {processor.py:208} INFO - Processing /home/airflow/.local/lib/python3.12/site-packages/airflow/example_dags/example_dag_decorator.py took 0.303 seconds
[2024-08-22T00:31:49.274+0000] {processor.py:186} INFO - Started process (PID=1415) to work on /home/airflow/.local/lib/python3.12/site-packages/airflow/example_dags/example_dag_decorator.py
[2024-08-22T00:31:49.275+0000] {processor.py:914} INFO - Processing file /home/airflow/.local/lib/python3.12/site-packages/airflow/example_dags/example_dag_decorator.py for tasks to queue
[2024-08-22T00:31:49.280+0000] {logging_mixin.py:190} INFO - [2024-08-22T00:31:49.279+0000] {dagbag.py:587} INFO - Filling up the DagBag from /home/airflow/.local/lib/python3.12/site-packages/airflow/example_dags/example_dag_decorator.py
[2024-08-22T00:31:49.301+0000] {processor.py:925} INFO - DAG(s) 'example_dag_decorator' retrieved from /home/airflow/.local/lib/python3.12/site-packages/airflow/example_dags/example_dag_decorator.py
[2024-08-22T00:31:49.518+0000] {logging_mixin.py:190} INFO - [2024-08-22T00:31:49.518+0000] {dag.py:3211} INFO - Sync 1 DAGs
[2024-08-22T00:31:49.542+0000] {logging_mixin.py:190} INFO - [2024-08-22T00:31:49.541+0000] {dag.py:4138} INFO - Setting next_dagrun for example_dag_decorator to None, run_after=None
[2024-08-22T00:31:49.606+0000] {processor.py:208} INFO - Processing /home/airflow/.local/lib/python3.12/site-packages/airflow/example_dags/example_dag_decorator.py took 0.341 seconds
[2024-08-22T00:32:19.771+0000] {processor.py:186} INFO - Started process (PID=1478) to work on /home/airflow/.local/lib/python3.12/site-packages/airflow/example_dags/example_dag_decorator.py
[2024-08-22T00:32:19.772+0000] {processor.py:914} INFO - Processing file /home/airflow/.local/lib/python3.12/site-packages/airflow/example_dags/example_dag_decorator.py for tasks to queue
[2024-08-22T00:32:19.779+0000] {logging_mixin.py:190} INFO - [2024-08-22T00:32:19.779+0000] {dagbag.py:587} INFO - Filling up the DagBag from /home/airflow/.local/lib/python3.12/site-packages/airflow/example_dags/example_dag_decorator.py
[2024-08-22T00:32:19.804+0000] {processor.py:925} INFO - DAG(s) 'example_dag_decorator' retrieved from /home/airflow/.local/lib/python3.12/site-packages/airflow/example_dags/example_dag_decorator.py
[2024-08-22T00:32:20.020+0000] {logging_mixin.py:190} INFO - [2024-08-22T00:32:20.020+0000] {dag.py:3211} INFO - Sync 1 DAGs
[2024-08-22T00:32:20.042+0000] {logging_mixin.py:190} INFO - [2024-08-22T00:32:20.041+0000] {dag.py:4138} INFO - Setting next_dagrun for example_dag_decorator to None, run_after=None
[2024-08-22T00:32:20.071+0000] {processor.py:208} INFO - Processing /home/airflow/.local/lib/python3.12/site-packages/airflow/example_dags/example_dag_decorator.py took 0.312 seconds
[2024-08-22T00:32:50.439+0000] {processor.py:186} INFO - Started process (PID=1540) to work on /home/airflow/.local/lib/python3.12/site-packages/airflow/example_dags/example_dag_decorator.py
[2024-08-22T00:32:50.441+0000] {processor.py:914} INFO - Processing file /home/airflow/.local/lib/python3.12/site-packages/airflow/example_dags/example_dag_decorator.py for tasks to queue
[2024-08-22T00:32:50.447+0000] {logging_mixin.py:190} INFO - [2024-08-22T00:32:50.446+0000] {dagbag.py:587} INFO - Filling up the DagBag from /home/airflow/.local/lib/python3.12/site-packages/airflow/example_dags/example_dag_decorator.py
[2024-08-22T00:32:50.488+0000] {processor.py:925} INFO - DAG(s) 'example_dag_decorator' retrieved from /home/airflow/.local/lib/python3.12/site-packages/airflow/example_dags/example_dag_decorator.py
[2024-08-22T00:32:50.834+0000] {logging_mixin.py:190} INFO - [2024-08-22T00:32:50.834+0000] {dag.py:3211} INFO - Sync 1 DAGs
[2024-08-22T00:32:50.864+0000] {logging_mixin.py:190} INFO - [2024-08-22T00:32:50.864+0000] {dag.py:4138} INFO - Setting next_dagrun for example_dag_decorator to None, run_after=None
[2024-08-22T00:32:50.906+0000] {processor.py:208} INFO - Processing /home/airflow/.local/lib/python3.12/site-packages/airflow/example_dags/example_dag_decorator.py took 0.490 seconds
[2024-08-22T00:33:21.346+0000] {processor.py:186} INFO - Started process (PID=1603) to work on /home/airflow/.local/lib/python3.12/site-packages/airflow/example_dags/example_dag_decorator.py
[2024-08-22T00:33:21.348+0000] {processor.py:914} INFO - Processing file /home/airflow/.local/lib/python3.12/site-packages/airflow/example_dags/example_dag_decorator.py for tasks to queue
[2024-08-22T00:33:21.353+0000] {logging_mixin.py:190} INFO - [2024-08-22T00:33:21.352+0000] {dagbag.py:587} INFO - Filling up the DagBag from /home/airflow/.local/lib/python3.12/site-packages/airflow/example_dags/example_dag_decorator.py
[2024-08-22T00:33:21.380+0000] {processor.py:925} INFO - DAG(s) 'example_dag_decorator' retrieved from /home/airflow/.local/lib/python3.12/site-packages/airflow/example_dags/example_dag_decorator.py
[2024-08-22T00:33:21.693+0000] {logging_mixin.py:190} INFO - [2024-08-22T00:33:21.692+0000] {dag.py:3211} INFO - Sync 1 DAGs
[2024-08-22T00:33:21.730+0000] {logging_mixin.py:190} INFO - [2024-08-22T00:33:21.729+0000] {dag.py:4138} INFO - Setting next_dagrun for example_dag_decorator to None, run_after=None
[2024-08-22T00:33:21.902+0000] {processor.py:208} INFO - Processing /home/airflow/.local/lib/python3.12/site-packages/airflow/example_dags/example_dag_decorator.py took 0.570 seconds
[2024-08-22T00:33:52.742+0000] {processor.py:186} INFO - Started process (PID=1667) to work on /home/airflow/.local/lib/python3.12/site-packages/airflow/example_dags/example_dag_decorator.py
[2024-08-22T00:33:52.747+0000] {processor.py:914} INFO - Processing file /home/airflow/.local/lib/python3.12/site-packages/airflow/example_dags/example_dag_decorator.py for tasks to queue
[2024-08-22T00:33:52.753+0000] {logging_mixin.py:190} INFO - [2024-08-22T00:33:52.752+0000] {dagbag.py:587} INFO - Filling up the DagBag from /home/airflow/.local/lib/python3.12/site-packages/airflow/example_dags/example_dag_decorator.py
[2024-08-22T00:33:52.774+0000] {processor.py:925} INFO - DAG(s) 'example_dag_decorator' retrieved from /home/airflow/.local/lib/python3.12/site-packages/airflow/example_dags/example_dag_decorator.py
[2024-08-22T00:33:52.984+0000] {logging_mixin.py:190} INFO - [2024-08-22T00:33:52.984+0000] {dag.py:3211} INFO - Sync 1 DAGs
[2024-08-22T00:33:53.003+0000] {logging_mixin.py:190} INFO - [2024-08-22T00:33:53.003+0000] {dag.py:4138} INFO - Setting next_dagrun for example_dag_decorator to None, run_after=None
[2024-08-22T00:33:53.038+0000] {processor.py:208} INFO - Processing /home/airflow/.local/lib/python3.12/site-packages/airflow/example_dags/example_dag_decorator.py took 0.305 seconds
[2024-08-22T00:34:23.658+0000] {processor.py:186} INFO - Started process (PID=1730) to work on /home/airflow/.local/lib/python3.12/site-packages/airflow/example_dags/example_dag_decorator.py
[2024-08-22T00:34:23.660+0000] {processor.py:914} INFO - Processing file /home/airflow/.local/lib/python3.12/site-packages/airflow/example_dags/example_dag_decorator.py for tasks to queue
[2024-08-22T00:34:23.664+0000] {logging_mixin.py:190} INFO - [2024-08-22T00:34:23.663+0000] {dagbag.py:587} INFO - Filling up the DagBag from /home/airflow/.local/lib/python3.12/site-packages/airflow/example_dags/example_dag_decorator.py
[2024-08-22T00:34:23.681+0000] {processor.py:925} INFO - DAG(s) 'example_dag_decorator' retrieved from /home/airflow/.local/lib/python3.12/site-packages/airflow/example_dags/example_dag_decorator.py
[2024-08-22T00:34:23.873+0000] {logging_mixin.py:190} INFO - [2024-08-22T00:34:23.873+0000] {dag.py:3211} INFO - Sync 1 DAGs
[2024-08-22T00:34:23.900+0000] {logging_mixin.py:190} INFO - [2024-08-22T00:34:23.899+0000] {dag.py:4138} INFO - Setting next_dagrun for example_dag_decorator to None, run_after=None
[2024-08-22T00:34:23.936+0000] {processor.py:208} INFO - Processing /home/airflow/.local/lib/python3.12/site-packages/airflow/example_dags/example_dag_decorator.py took 0.287 seconds
[2024-08-22T00:34:54.373+0000] {processor.py:186} INFO - Started process (PID=1793) to work on /home/airflow/.local/lib/python3.12/site-packages/airflow/example_dags/example_dag_decorator.py
[2024-08-22T00:34:54.375+0000] {processor.py:914} INFO - Processing file /home/airflow/.local/lib/python3.12/site-packages/airflow/example_dags/example_dag_decorator.py for tasks to queue
[2024-08-22T00:34:54.384+0000] {logging_mixin.py:190} INFO - [2024-08-22T00:34:54.383+0000] {dagbag.py:587} INFO - Filling up the DagBag from /home/airflow/.local/lib/python3.12/site-packages/airflow/example_dags/example_dag_decorator.py
[2024-08-22T00:34:54.427+0000] {processor.py:925} INFO - DAG(s) 'example_dag_decorator' retrieved from /home/airflow/.local/lib/python3.12/site-packages/airflow/example_dags/example_dag_decorator.py
[2024-08-22T00:34:54.974+0000] {logging_mixin.py:190} INFO - [2024-08-22T00:34:54.974+0000] {dag.py:3211} INFO - Sync 1 DAGs
[2024-08-22T00:34:55.057+0000] {logging_mixin.py:190} INFO - [2024-08-22T00:34:55.057+0000] {dag.py:4138} INFO - Setting next_dagrun for example_dag_decorator to None, run_after=None
[2024-08-22T00:34:55.225+0000] {processor.py:208} INFO - Processing /home/airflow/.local/lib/python3.12/site-packages/airflow/example_dags/example_dag_decorator.py took 0.874 seconds
[2024-08-22T00:35:25.466+0000] {processor.py:186} INFO - Started process (PID=1862) to work on /home/airflow/.local/lib/python3.12/site-packages/airflow/example_dags/example_dag_decorator.py
[2024-08-22T00:35:25.468+0000] {processor.py:914} INFO - Processing file /home/airflow/.local/lib/python3.12/site-packages/airflow/example_dags/example_dag_decorator.py for tasks to queue
[2024-08-22T00:35:25.472+0000] {logging_mixin.py:190} INFO - [2024-08-22T00:35:25.471+0000] {dagbag.py:587} INFO - Filling up the DagBag from /home/airflow/.local/lib/python3.12/site-packages/airflow/example_dags/example_dag_decorator.py
[2024-08-22T00:35:25.492+0000] {processor.py:925} INFO - DAG(s) 'example_dag_decorator' retrieved from /home/airflow/.local/lib/python3.12/site-packages/airflow/example_dags/example_dag_decorator.py
[2024-08-22T00:35:25.740+0000] {logging_mixin.py:190} INFO - [2024-08-22T00:35:25.740+0000] {dag.py:3211} INFO - Sync 1 DAGs
[2024-08-22T00:35:25.768+0000] {logging_mixin.py:190} INFO - [2024-08-22T00:35:25.767+0000] {dag.py:4138} INFO - Setting next_dagrun for example_dag_decorator to None, run_after=None
[2024-08-22T00:35:25.816+0000] {processor.py:208} INFO - Processing /home/airflow/.local/lib/python3.12/site-packages/airflow/example_dags/example_dag_decorator.py took 0.362 seconds
[2024-08-22T00:35:56.061+0000] {processor.py:186} INFO - Started process (PID=1925) to work on /home/airflow/.local/lib/python3.12/site-packages/airflow/example_dags/example_dag_decorator.py
[2024-08-22T00:35:56.063+0000] {processor.py:914} INFO - Processing file /home/airflow/.local/lib/python3.12/site-packages/airflow/example_dags/example_dag_decorator.py for tasks to queue
[2024-08-22T00:35:56.068+0000] {logging_mixin.py:190} INFO - [2024-08-22T00:35:56.068+0000] {dagbag.py:587} INFO - Filling up the DagBag from /home/airflow/.local/lib/python3.12/site-packages/airflow/example_dags/example_dag_decorator.py
[2024-08-22T00:35:56.092+0000] {processor.py:925} INFO - DAG(s) 'example_dag_decorator' retrieved from /home/airflow/.local/lib/python3.12/site-packages/airflow/example_dags/example_dag_decorator.py
[2024-08-22T00:35:56.277+0000] {logging_mixin.py:190} INFO - [2024-08-22T00:35:56.276+0000] {dag.py:3211} INFO - Sync 1 DAGs
[2024-08-22T00:35:56.295+0000] {logging_mixin.py:190} INFO - [2024-08-22T00:35:56.295+0000] {dag.py:4138} INFO - Setting next_dagrun for example_dag_decorator to None, run_after=None
[2024-08-22T00:35:56.340+0000] {processor.py:208} INFO - Processing /home/airflow/.local/lib/python3.12/site-packages/airflow/example_dags/example_dag_decorator.py took 0.290 seconds
[2024-08-22T00:36:26.476+0000] {processor.py:186} INFO - Started process (PID=1988) to work on /home/airflow/.local/lib/python3.12/site-packages/airflow/example_dags/example_dag_decorator.py
[2024-08-22T00:36:26.479+0000] {processor.py:914} INFO - Processing file /home/airflow/.local/lib/python3.12/site-packages/airflow/example_dags/example_dag_decorator.py for tasks to queue
[2024-08-22T00:36:26.485+0000] {logging_mixin.py:190} INFO - [2024-08-22T00:36:26.483+0000] {dagbag.py:587} INFO - Filling up the DagBag from /home/airflow/.local/lib/python3.12/site-packages/airflow/example_dags/example_dag_decorator.py
[2024-08-22T00:36:26.503+0000] {processor.py:925} INFO - DAG(s) 'example_dag_decorator' retrieved from /home/airflow/.local/lib/python3.12/site-packages/airflow/example_dags/example_dag_decorator.py
[2024-08-22T00:36:26.688+0000] {logging_mixin.py:190} INFO - [2024-08-22T00:36:26.687+0000] {dag.py:3211} INFO - Sync 1 DAGs
[2024-08-22T00:36:26.711+0000] {logging_mixin.py:190} INFO - [2024-08-22T00:36:26.710+0000] {dag.py:4138} INFO - Setting next_dagrun for example_dag_decorator to None, run_after=None
[2024-08-22T00:36:26.746+0000] {processor.py:208} INFO - Processing /home/airflow/.local/lib/python3.12/site-packages/airflow/example_dags/example_dag_decorator.py took 0.278 seconds
[2024-08-22T00:36:57.224+0000] {processor.py:186} INFO - Started process (PID=2050) to work on /home/airflow/.local/lib/python3.12/site-packages/airflow/example_dags/example_dag_decorator.py
[2024-08-22T00:36:57.226+0000] {processor.py:914} INFO - Processing file /home/airflow/.local/lib/python3.12/site-packages/airflow/example_dags/example_dag_decorator.py for tasks to queue
[2024-08-22T00:36:57.236+0000] {logging_mixin.py:190} INFO - [2024-08-22T00:36:57.235+0000] {dagbag.py:587} INFO - Filling up the DagBag from /home/airflow/.local/lib/python3.12/site-packages/airflow/example_dags/example_dag_decorator.py
[2024-08-22T00:36:57.267+0000] {processor.py:925} INFO - DAG(s) 'example_dag_decorator' retrieved from /home/airflow/.local/lib/python3.12/site-packages/airflow/example_dags/example_dag_decorator.py
[2024-08-22T00:36:57.569+0000] {logging_mixin.py:190} INFO - [2024-08-22T00:36:57.568+0000] {dag.py:3211} INFO - Sync 1 DAGs
[2024-08-22T00:36:57.601+0000] {logging_mixin.py:190} INFO - [2024-08-22T00:36:57.601+0000] {dag.py:4138} INFO - Setting next_dagrun for example_dag_decorator to None, run_after=None
[2024-08-22T00:36:57.657+0000] {processor.py:208} INFO - Processing /home/airflow/.local/lib/python3.12/site-packages/airflow/example_dags/example_dag_decorator.py took 0.452 seconds
[2024-08-22T00:37:27.757+0000] {processor.py:186} INFO - Started process (PID=2114) to work on /home/airflow/.local/lib/python3.12/site-packages/airflow/example_dags/example_dag_decorator.py
[2024-08-22T00:37:27.758+0000] {processor.py:914} INFO - Processing file /home/airflow/.local/lib/python3.12/site-packages/airflow/example_dags/example_dag_decorator.py for tasks to queue
[2024-08-22T00:37:27.763+0000] {logging_mixin.py:190} INFO - [2024-08-22T00:37:27.762+0000] {dagbag.py:587} INFO - Filling up the DagBag from /home/airflow/.local/lib/python3.12/site-packages/airflow/example_dags/example_dag_decorator.py
[2024-08-22T00:37:27.782+0000] {processor.py:925} INFO - DAG(s) 'example_dag_decorator' retrieved from /home/airflow/.local/lib/python3.12/site-packages/airflow/example_dags/example_dag_decorator.py
[2024-08-22T00:37:27.939+0000] {logging_mixin.py:190} INFO - [2024-08-22T00:37:27.938+0000] {dag.py:3211} INFO - Sync 1 DAGs
[2024-08-22T00:37:27.959+0000] {logging_mixin.py:190} INFO - [2024-08-22T00:37:27.959+0000] {dag.py:4138} INFO - Setting next_dagrun for example_dag_decorator to None, run_after=None
[2024-08-22T00:37:27.996+0000] {processor.py:208} INFO - Processing /home/airflow/.local/lib/python3.12/site-packages/airflow/example_dags/example_dag_decorator.py took 0.247 seconds
[2024-08-22T00:37:58.428+0000] {processor.py:186} INFO - Started process (PID=2176) to work on /home/airflow/.local/lib/python3.12/site-packages/airflow/example_dags/example_dag_decorator.py
[2024-08-22T00:37:58.431+0000] {processor.py:914} INFO - Processing file /home/airflow/.local/lib/python3.12/site-packages/airflow/example_dags/example_dag_decorator.py for tasks to queue
[2024-08-22T00:37:58.438+0000] {logging_mixin.py:190} INFO - [2024-08-22T00:37:58.436+0000] {dagbag.py:587} INFO - Filling up the DagBag from /home/airflow/.local/lib/python3.12/site-packages/airflow/example_dags/example_dag_decorator.py
[2024-08-22T00:37:58.461+0000] {processor.py:925} INFO - DAG(s) 'example_dag_decorator' retrieved from /home/airflow/.local/lib/python3.12/site-packages/airflow/example_dags/example_dag_decorator.py
[2024-08-22T00:37:58.767+0000] {logging_mixin.py:190} INFO - [2024-08-22T00:37:58.766+0000] {dag.py:3211} INFO - Sync 1 DAGs
[2024-08-22T00:37:58.790+0000] {logging_mixin.py:190} INFO - [2024-08-22T00:37:58.790+0000] {dag.py:4138} INFO - Setting next_dagrun for example_dag_decorator to None, run_after=None
[2024-08-22T00:37:58.825+0000] {processor.py:208} INFO - Processing /home/airflow/.local/lib/python3.12/site-packages/airflow/example_dags/example_dag_decorator.py took 0.410 seconds
[2024-08-22T00:38:29.024+0000] {processor.py:186} INFO - Started process (PID=2240) to work on /home/airflow/.local/lib/python3.12/site-packages/airflow/example_dags/example_dag_decorator.py
[2024-08-22T00:38:29.026+0000] {processor.py:914} INFO - Processing file /home/airflow/.local/lib/python3.12/site-packages/airflow/example_dags/example_dag_decorator.py for tasks to queue
[2024-08-22T00:38:29.029+0000] {logging_mixin.py:190} INFO - [2024-08-22T00:38:29.028+0000] {dagbag.py:587} INFO - Filling up the DagBag from /home/airflow/.local/lib/python3.12/site-packages/airflow/example_dags/example_dag_decorator.py
[2024-08-22T00:38:29.048+0000] {processor.py:925} INFO - DAG(s) 'example_dag_decorator' retrieved from /home/airflow/.local/lib/python3.12/site-packages/airflow/example_dags/example_dag_decorator.py
[2024-08-22T00:38:29.285+0000] {logging_mixin.py:190} INFO - [2024-08-22T00:38:29.284+0000] {dag.py:3211} INFO - Sync 1 DAGs
[2024-08-22T00:38:29.308+0000] {logging_mixin.py:190} INFO - [2024-08-22T00:38:29.307+0000] {dag.py:4138} INFO - Setting next_dagrun for example_dag_decorator to None, run_after=None
[2024-08-22T00:38:29.372+0000] {processor.py:208} INFO - Processing /home/airflow/.local/lib/python3.12/site-packages/airflow/example_dags/example_dag_decorator.py took 0.358 seconds
[2024-08-22T00:38:59.667+0000] {processor.py:186} INFO - Started process (PID=2303) to work on /home/airflow/.local/lib/python3.12/site-packages/airflow/example_dags/example_dag_decorator.py
[2024-08-22T00:38:59.669+0000] {processor.py:914} INFO - Processing file /home/airflow/.local/lib/python3.12/site-packages/airflow/example_dags/example_dag_decorator.py for tasks to queue
[2024-08-22T00:38:59.673+0000] {logging_mixin.py:190} INFO - [2024-08-22T00:38:59.673+0000] {dagbag.py:587} INFO - Filling up the DagBag from /home/airflow/.local/lib/python3.12/site-packages/airflow/example_dags/example_dag_decorator.py
[2024-08-22T00:38:59.703+0000] {processor.py:925} INFO - DAG(s) 'example_dag_decorator' retrieved from /home/airflow/.local/lib/python3.12/site-packages/airflow/example_dags/example_dag_decorator.py
[2024-08-22T00:39:00.135+0000] {logging_mixin.py:190} INFO - [2024-08-22T00:39:00.134+0000] {dag.py:3211} INFO - Sync 1 DAGs
[2024-08-22T00:39:00.219+0000] {logging_mixin.py:190} INFO - [2024-08-22T00:39:00.218+0000] {dag.py:4138} INFO - Setting next_dagrun for example_dag_decorator to None, run_after=None
[2024-08-22T00:39:00.316+0000] {processor.py:208} INFO - Processing /home/airflow/.local/lib/python3.12/site-packages/airflow/example_dags/example_dag_decorator.py took 0.663 seconds
[2024-08-22T00:39:31.127+0000] {processor.py:186} INFO - Started process (PID=2368) to work on /home/airflow/.local/lib/python3.12/site-packages/airflow/example_dags/example_dag_decorator.py
[2024-08-22T00:39:31.129+0000] {processor.py:914} INFO - Processing file /home/airflow/.local/lib/python3.12/site-packages/airflow/example_dags/example_dag_decorator.py for tasks to queue
[2024-08-22T00:39:31.139+0000] {logging_mixin.py:190} INFO - [2024-08-22T00:39:31.138+0000] {dagbag.py:587} INFO - Filling up the DagBag from /home/airflow/.local/lib/python3.12/site-packages/airflow/example_dags/example_dag_decorator.py
[2024-08-22T00:39:31.168+0000] {processor.py:925} INFO - DAG(s) 'example_dag_decorator' retrieved from /home/airflow/.local/lib/python3.12/site-packages/airflow/example_dags/example_dag_decorator.py
[2024-08-22T00:39:31.396+0000] {logging_mixin.py:190} INFO - [2024-08-22T00:39:31.396+0000] {dag.py:3211} INFO - Sync 1 DAGs
[2024-08-22T00:39:31.425+0000] {logging_mixin.py:190} INFO - [2024-08-22T00:39:31.424+0000] {dag.py:4138} INFO - Setting next_dagrun for example_dag_decorator to None, run_after=None
[2024-08-22T00:39:31.469+0000] {processor.py:208} INFO - Processing /home/airflow/.local/lib/python3.12/site-packages/airflow/example_dags/example_dag_decorator.py took 0.351 seconds
[2024-08-22T00:40:01.743+0000] {processor.py:186} INFO - Started process (PID=2431) to work on /home/airflow/.local/lib/python3.12/site-packages/airflow/example_dags/example_dag_decorator.py
[2024-08-22T00:40:01.745+0000] {processor.py:914} INFO - Processing file /home/airflow/.local/lib/python3.12/site-packages/airflow/example_dags/example_dag_decorator.py for tasks to queue
[2024-08-22T00:40:01.750+0000] {logging_mixin.py:190} INFO - [2024-08-22T00:40:01.749+0000] {dagbag.py:587} INFO - Filling up the DagBag from /home/airflow/.local/lib/python3.12/site-packages/airflow/example_dags/example_dag_decorator.py
[2024-08-22T00:40:01.769+0000] {processor.py:925} INFO - DAG(s) 'example_dag_decorator' retrieved from /home/airflow/.local/lib/python3.12/site-packages/airflow/example_dags/example_dag_decorator.py
[2024-08-22T00:40:01.937+0000] {logging_mixin.py:190} INFO - [2024-08-22T00:40:01.937+0000] {dag.py:3211} INFO - Sync 1 DAGs
[2024-08-22T00:40:01.955+0000] {logging_mixin.py:190} INFO - [2024-08-22T00:40:01.955+0000] {dag.py:4138} INFO - Setting next_dagrun for example_dag_decorator to None, run_after=None
[2024-08-22T00:40:02.051+0000] {processor.py:208} INFO - Processing /home/airflow/.local/lib/python3.12/site-packages/airflow/example_dags/example_dag_decorator.py took 0.320 seconds
[2024-08-22T00:40:32.491+0000] {processor.py:186} INFO - Started process (PID=2494) to work on /home/airflow/.local/lib/python3.12/site-packages/airflow/example_dags/example_dag_decorator.py
[2024-08-22T00:40:32.494+0000] {processor.py:914} INFO - Processing file /home/airflow/.local/lib/python3.12/site-packages/airflow/example_dags/example_dag_decorator.py for tasks to queue
[2024-08-22T00:40:32.500+0000] {logging_mixin.py:190} INFO - [2024-08-22T00:40:32.500+0000] {dagbag.py:587} INFO - Filling up the DagBag from /home/airflow/.local/lib/python3.12/site-packages/airflow/example_dags/example_dag_decorator.py
[2024-08-22T00:40:32.525+0000] {processor.py:925} INFO - DAG(s) 'example_dag_decorator' retrieved from /home/airflow/.local/lib/python3.12/site-packages/airflow/example_dags/example_dag_decorator.py
[2024-08-22T00:40:32.782+0000] {logging_mixin.py:190} INFO - [2024-08-22T00:40:32.781+0000] {dag.py:3211} INFO - Sync 1 DAGs
[2024-08-22T00:40:32.800+0000] {logging_mixin.py:190} INFO - [2024-08-22T00:40:32.800+0000] {dag.py:4138} INFO - Setting next_dagrun for example_dag_decorator to None, run_after=None
[2024-08-22T00:40:32.891+0000] {processor.py:208} INFO - Processing /home/airflow/.local/lib/python3.12/site-packages/airflow/example_dags/example_dag_decorator.py took 0.413 seconds
[2024-08-22T00:41:03.248+0000] {processor.py:186} INFO - Started process (PID=2557) to work on /home/airflow/.local/lib/python3.12/site-packages/airflow/example_dags/example_dag_decorator.py
[2024-08-22T00:41:03.249+0000] {processor.py:914} INFO - Processing file /home/airflow/.local/lib/python3.12/site-packages/airflow/example_dags/example_dag_decorator.py for tasks to queue
[2024-08-22T00:41:03.254+0000] {logging_mixin.py:190} INFO - [2024-08-22T00:41:03.253+0000] {dagbag.py:587} INFO - Filling up the DagBag from /home/airflow/.local/lib/python3.12/site-packages/airflow/example_dags/example_dag_decorator.py
[2024-08-22T00:41:03.273+0000] {processor.py:925} INFO - DAG(s) 'example_dag_decorator' retrieved from /home/airflow/.local/lib/python3.12/site-packages/airflow/example_dags/example_dag_decorator.py
[2024-08-22T00:41:03.310+0000] {logging_mixin.py:190} INFO - [2024-08-22T00:41:03.310+0000] {dag.py:3211} INFO - Sync 1 DAGs
[2024-08-22T00:41:03.332+0000] {logging_mixin.py:190} INFO - [2024-08-22T00:41:03.332+0000] {dag.py:4138} INFO - Setting next_dagrun for example_dag_decorator to None, run_after=None
[2024-08-22T00:41:03.368+0000] {processor.py:208} INFO - Processing /home/airflow/.local/lib/python3.12/site-packages/airflow/example_dags/example_dag_decorator.py took 0.133 seconds
[2024-08-22T00:41:35.536+0000] {processor.py:186} INFO - Started process (PID=2620) to work on /home/airflow/.local/lib/python3.12/site-packages/airflow/example_dags/example_dag_decorator.py
[2024-08-22T00:41:35.537+0000] {processor.py:914} INFO - Processing file /home/airflow/.local/lib/python3.12/site-packages/airflow/example_dags/example_dag_decorator.py for tasks to queue
[2024-08-22T00:41:35.544+0000] {logging_mixin.py:190} INFO - [2024-08-22T00:41:35.543+0000] {dagbag.py:587} INFO - Filling up the DagBag from /home/airflow/.local/lib/python3.12/site-packages/airflow/example_dags/example_dag_decorator.py
[2024-08-22T00:41:35.576+0000] {processor.py:925} INFO - DAG(s) 'example_dag_decorator' retrieved from /home/airflow/.local/lib/python3.12/site-packages/airflow/example_dags/example_dag_decorator.py
[2024-08-22T00:41:35.847+0000] {logging_mixin.py:190} INFO - [2024-08-22T00:41:35.846+0000] {dag.py:3211} INFO - Sync 1 DAGs
[2024-08-22T00:41:35.875+0000] {logging_mixin.py:190} INFO - [2024-08-22T00:41:35.874+0000] {dag.py:4138} INFO - Setting next_dagrun for example_dag_decorator to None, run_after=None
[2024-08-22T00:41:36.227+0000] {processor.py:208} INFO - Processing /home/airflow/.local/lib/python3.12/site-packages/airflow/example_dags/example_dag_decorator.py took 0.710 seconds
[2024-08-22T00:42:06.793+0000] {processor.py:186} INFO - Started process (PID=2683) to work on /home/airflow/.local/lib/python3.12/site-packages/airflow/example_dags/example_dag_decorator.py
[2024-08-22T00:42:06.795+0000] {processor.py:914} INFO - Processing file /home/airflow/.local/lib/python3.12/site-packages/airflow/example_dags/example_dag_decorator.py for tasks to queue
[2024-08-22T00:42:06.799+0000] {logging_mixin.py:190} INFO - [2024-08-22T00:42:06.799+0000] {dagbag.py:587} INFO - Filling up the DagBag from /home/airflow/.local/lib/python3.12/site-packages/airflow/example_dags/example_dag_decorator.py
[2024-08-22T00:42:06.822+0000] {processor.py:925} INFO - DAG(s) 'example_dag_decorator' retrieved from /home/airflow/.local/lib/python3.12/site-packages/airflow/example_dags/example_dag_decorator.py
[2024-08-22T00:42:07.121+0000] {logging_mixin.py:190} INFO - [2024-08-22T00:42:07.120+0000] {dag.py:3211} INFO - Sync 1 DAGs
[2024-08-22T00:42:07.152+0000] {logging_mixin.py:190} INFO - [2024-08-22T00:42:07.151+0000] {dag.py:4138} INFO - Setting next_dagrun for example_dag_decorator to None, run_after=None
[2024-08-22T00:42:07.200+0000] {processor.py:208} INFO - Processing /home/airflow/.local/lib/python3.12/site-packages/airflow/example_dags/example_dag_decorator.py took 0.418 seconds
[2024-08-22T00:42:37.379+0000] {processor.py:186} INFO - Started process (PID=2747) to work on /home/airflow/.local/lib/python3.12/site-packages/airflow/example_dags/example_dag_decorator.py
[2024-08-22T00:42:37.383+0000] {processor.py:914} INFO - Processing file /home/airflow/.local/lib/python3.12/site-packages/airflow/example_dags/example_dag_decorator.py for tasks to queue
[2024-08-22T00:42:37.390+0000] {logging_mixin.py:190} INFO - [2024-08-22T00:42:37.389+0000] {dagbag.py:587} INFO - Filling up the DagBag from /home/airflow/.local/lib/python3.12/site-packages/airflow/example_dags/example_dag_decorator.py
[2024-08-22T00:42:37.410+0000] {processor.py:925} INFO - DAG(s) 'example_dag_decorator' retrieved from /home/airflow/.local/lib/python3.12/site-packages/airflow/example_dags/example_dag_decorator.py
[2024-08-22T00:42:37.926+0000] {logging_mixin.py:190} INFO - [2024-08-22T00:42:37.926+0000] {dag.py:3211} INFO - Sync 1 DAGs
[2024-08-22T00:42:37.943+0000] {logging_mixin.py:190} INFO - [2024-08-22T00:42:37.943+0000] {dag.py:4138} INFO - Setting next_dagrun for example_dag_decorator to None, run_after=None
[2024-08-22T00:42:37.976+0000] {processor.py:208} INFO - Processing /home/airflow/.local/lib/python3.12/site-packages/airflow/example_dags/example_dag_decorator.py took 0.612 seconds
[2024-08-22T03:42:52.122+0000] {processor.py:186} INFO - Started process (PID=2753) to work on /home/airflow/.local/lib/python3.12/site-packages/airflow/example_dags/example_dag_decorator.py
[2024-08-22T03:42:52.144+0000] {processor.py:914} INFO - Processing file /home/airflow/.local/lib/python3.12/site-packages/airflow/example_dags/example_dag_decorator.py for tasks to queue
[2024-08-22T03:42:52.161+0000] {logging_mixin.py:190} INFO - [2024-08-22T03:42:52.159+0000] {dagbag.py:587} INFO - Filling up the DagBag from /home/airflow/.local/lib/python3.12/site-packages/airflow/example_dags/example_dag_decorator.py
[2024-08-22T03:42:52.236+0000] {processor.py:925} INFO - DAG(s) 'example_dag_decorator' retrieved from /home/airflow/.local/lib/python3.12/site-packages/airflow/example_dags/example_dag_decorator.py
[2024-08-22T03:42:52.728+0000] {logging_mixin.py:190} INFO - [2024-08-22T03:42:52.728+0000] {dag.py:3211} INFO - Sync 1 DAGs
[2024-08-22T03:42:52.793+0000] {logging_mixin.py:190} INFO - [2024-08-22T03:42:52.793+0000] {dag.py:4138} INFO - Setting next_dagrun for example_dag_decorator to None, run_after=None
[2024-08-22T03:42:52.881+0000] {processor.py:208} INFO - Processing /home/airflow/.local/lib/python3.12/site-packages/airflow/example_dags/example_dag_decorator.py took 0.828 seconds
