[2024-08-22T00:20:35.247+0000] {processor.py:186} INFO - Started process (PID=114) to work on /home/airflow/.local/lib/python3.12/site-packages/airflow/example_dags/example_sla_dag.py
[2024-08-22T00:20:35.249+0000] {processor.py:914} INFO - Processing file /home/airflow/.local/lib/python3.12/site-packages/airflow/example_dags/example_sla_dag.py for tasks to queue
[2024-08-22T00:20:35.282+0000] {logging_mixin.py:190} INFO - [2024-08-22T00:20:35.252+0000] {dagbag.py:587} INFO - Filling up the DagBag from /home/airflow/.local/lib/python3.12/site-packages/airflow/example_dags/example_sla_dag.py
[2024-08-22T00:20:35.460+0000] {processor.py:925} INFO - DAG(s) 'example_sla_dag' retrieved from /home/airflow/.local/lib/python3.12/site-packages/airflow/example_dags/example_sla_dag.py
[2024-08-22T00:20:35.801+0000] {logging_mixin.py:190} INFO - [2024-08-22T00:20:35.799+0000] {override.py:1858} INFO - Created Permission View: can read on DAG:example_sla_dag
[2024-08-22T00:20:35.834+0000] {logging_mixin.py:190} INFO - [2024-08-22T00:20:35.833+0000] {override.py:1858} INFO - Created Permission View: can delete on DAG:example_sla_dag
[2024-08-22T00:20:35.865+0000] {logging_mixin.py:190} INFO - [2024-08-22T00:20:35.864+0000] {override.py:1858} INFO - Created Permission View: can edit on DAG:example_sla_dag
[2024-08-22T00:20:35.866+0000] {logging_mixin.py:190} INFO - [2024-08-22T00:20:35.866+0000] {dag.py:3211} INFO - Sync 1 DAGs
[2024-08-22T00:20:35.926+0000] {logging_mixin.py:190} INFO - [2024-08-22T00:20:35.926+0000] {dag.py:3234} INFO - Creating ORM DAG for example_sla_dag
[2024-08-22T00:20:35.963+0000] {logging_mixin.py:190} INFO - [2024-08-22T00:20:35.963+0000] {dag.py:4138} INFO - Setting next_dagrun for example_sla_dag to 2024-08-22 00:18:00+00:00, run_after=2024-08-22 00:20:00+00:00
[2024-08-22T00:20:36.008+0000] {processor.py:208} INFO - Processing /home/airflow/.local/lib/python3.12/site-packages/airflow/example_dags/example_sla_dag.py took 0.773 seconds
[2024-08-22T00:21:07.073+0000] {processor.py:186} INFO - Started process (PID=177) to work on /home/airflow/.local/lib/python3.12/site-packages/airflow/example_dags/example_sla_dag.py
[2024-08-22T00:21:07.079+0000] {processor.py:914} INFO - Processing file /home/airflow/.local/lib/python3.12/site-packages/airflow/example_dags/example_sla_dag.py for tasks to queue
[2024-08-22T00:21:07.083+0000] {logging_mixin.py:190} INFO - [2024-08-22T00:21:07.083+0000] {dagbag.py:587} INFO - Filling up the DagBag from /home/airflow/.local/lib/python3.12/site-packages/airflow/example_dags/example_sla_dag.py
[2024-08-22T00:21:07.105+0000] {processor.py:925} INFO - DAG(s) 'example_sla_dag' retrieved from /home/airflow/.local/lib/python3.12/site-packages/airflow/example_dags/example_sla_dag.py
[2024-08-22T00:21:07.157+0000] {logging_mixin.py:190} INFO - [2024-08-22T00:21:07.156+0000] {dag.py:3211} INFO - Sync 1 DAGs
[2024-08-22T00:21:07.221+0000] {logging_mixin.py:190} INFO - [2024-08-22T00:21:07.221+0000] {dag.py:4138} INFO - Setting next_dagrun for example_sla_dag to 2024-08-22 00:18:00+00:00, run_after=2024-08-22 00:20:00+00:00
[2024-08-22T00:21:07.269+0000] {processor.py:208} INFO - Processing /home/airflow/.local/lib/python3.12/site-packages/airflow/example_dags/example_sla_dag.py took 0.207 seconds
[2024-08-22T00:22:02.975+0000] {processor.py:186} INFO - Started process (PID=246) to work on /home/airflow/.local/lib/python3.12/site-packages/airflow/example_dags/example_sla_dag.py
[2024-08-22T00:22:02.982+0000] {processor.py:914} INFO - Processing file /home/airflow/.local/lib/python3.12/site-packages/airflow/example_dags/example_sla_dag.py for tasks to queue
[2024-08-22T00:22:03.006+0000] {logging_mixin.py:190} INFO - [2024-08-22T00:22:03.005+0000] {dagbag.py:587} INFO - Filling up the DagBag from /home/airflow/.local/lib/python3.12/site-packages/airflow/example_dags/example_sla_dag.py
[2024-08-22T00:22:03.062+0000] {processor.py:925} INFO - DAG(s) 'example_sla_dag' retrieved from /home/airflow/.local/lib/python3.12/site-packages/airflow/example_dags/example_sla_dag.py
[2024-08-22T00:22:03.179+0000] {logging_mixin.py:190} INFO - [2024-08-22T00:22:03.178+0000] {dag.py:3211} INFO - Sync 1 DAGs
[2024-08-22T00:22:03.419+0000] {logging_mixin.py:190} INFO - [2024-08-22T00:22:03.419+0000] {dag.py:4138} INFO - Setting next_dagrun for example_sla_dag to 2024-08-22 00:20:00+00:00, run_after=2024-08-22 00:22:00+00:00
[2024-08-22T00:22:03.591+0000] {processor.py:208} INFO - Processing /home/airflow/.local/lib/python3.12/site-packages/airflow/example_dags/example_sla_dag.py took 0.636 seconds
[2024-08-22T00:22:35.050+0000] {processor.py:186} INFO - Started process (PID=308) to work on /home/airflow/.local/lib/python3.12/site-packages/airflow/example_dags/example_sla_dag.py
[2024-08-22T00:22:35.065+0000] {processor.py:914} INFO - Processing file /home/airflow/.local/lib/python3.12/site-packages/airflow/example_dags/example_sla_dag.py for tasks to queue
[2024-08-22T00:22:35.071+0000] {logging_mixin.py:190} INFO - [2024-08-22T00:22:35.070+0000] {dagbag.py:587} INFO - Filling up the DagBag from /home/airflow/.local/lib/python3.12/site-packages/airflow/example_dags/example_sla_dag.py
[2024-08-22T00:22:35.114+0000] {processor.py:925} INFO - DAG(s) 'example_sla_dag' retrieved from /home/airflow/.local/lib/python3.12/site-packages/airflow/example_dags/example_sla_dag.py
[2024-08-22T00:22:35.205+0000] {logging_mixin.py:190} INFO - [2024-08-22T00:22:35.205+0000] {dag.py:3211} INFO - Sync 1 DAGs
[2024-08-22T00:22:35.345+0000] {logging_mixin.py:190} INFO - [2024-08-22T00:22:35.345+0000] {dag.py:4138} INFO - Setting next_dagrun for example_sla_dag to 2024-08-22 00:20:00+00:00, run_after=2024-08-22 00:22:00+00:00
[2024-08-22T00:22:35.416+0000] {processor.py:208} INFO - Processing /home/airflow/.local/lib/python3.12/site-packages/airflow/example_dags/example_sla_dag.py took 0.397 seconds
[2024-08-22T00:23:05.820+0000] {processor.py:186} INFO - Started process (PID=371) to work on /home/airflow/.local/lib/python3.12/site-packages/airflow/example_dags/example_sla_dag.py
[2024-08-22T00:23:05.821+0000] {processor.py:914} INFO - Processing file /home/airflow/.local/lib/python3.12/site-packages/airflow/example_dags/example_sla_dag.py for tasks to queue
[2024-08-22T00:23:05.873+0000] {logging_mixin.py:190} INFO - [2024-08-22T00:23:05.872+0000] {dagbag.py:587} INFO - Filling up the DagBag from /home/airflow/.local/lib/python3.12/site-packages/airflow/example_dags/example_sla_dag.py
[2024-08-22T00:23:05.925+0000] {processor.py:925} INFO - DAG(s) 'example_sla_dag' retrieved from /home/airflow/.local/lib/python3.12/site-packages/airflow/example_dags/example_sla_dag.py
[2024-08-22T00:23:06.013+0000] {logging_mixin.py:190} INFO - [2024-08-22T00:23:06.012+0000] {dag.py:3211} INFO - Sync 1 DAGs
[2024-08-22T00:23:06.104+0000] {logging_mixin.py:190} INFO - [2024-08-22T00:23:06.104+0000] {dag.py:4138} INFO - Setting next_dagrun for example_sla_dag to 2024-08-22 00:20:00+00:00, run_after=2024-08-22 00:22:00+00:00
[2024-08-22T00:23:06.160+0000] {processor.py:208} INFO - Processing /home/airflow/.local/lib/python3.12/site-packages/airflow/example_dags/example_sla_dag.py took 0.356 seconds
[2024-08-22T00:23:37.023+0000] {processor.py:186} INFO - Started process (PID=434) to work on /home/airflow/.local/lib/python3.12/site-packages/airflow/example_dags/example_sla_dag.py
[2024-08-22T00:23:37.145+0000] {processor.py:914} INFO - Processing file /home/airflow/.local/lib/python3.12/site-packages/airflow/example_dags/example_sla_dag.py for tasks to queue
[2024-08-22T00:23:37.149+0000] {logging_mixin.py:190} INFO - [2024-08-22T00:23:37.149+0000] {dagbag.py:587} INFO - Filling up the DagBag from /home/airflow/.local/lib/python3.12/site-packages/airflow/example_dags/example_sla_dag.py
[2024-08-22T00:23:37.230+0000] {processor.py:925} INFO - DAG(s) 'example_sla_dag' retrieved from /home/airflow/.local/lib/python3.12/site-packages/airflow/example_dags/example_sla_dag.py
[2024-08-22T00:23:37.289+0000] {logging_mixin.py:190} INFO - [2024-08-22T00:23:37.288+0000] {dag.py:3211} INFO - Sync 1 DAGs
[2024-08-22T00:23:37.374+0000] {logging_mixin.py:190} INFO - [2024-08-22T00:23:37.374+0000] {dag.py:4138} INFO - Setting next_dagrun for example_sla_dag to 2024-08-22 00:20:00+00:00, run_after=2024-08-22 00:22:00+00:00
[2024-08-22T00:23:37.426+0000] {processor.py:208} INFO - Processing /home/airflow/.local/lib/python3.12/site-packages/airflow/example_dags/example_sla_dag.py took 0.412 seconds
[2024-08-22T00:24:08.172+0000] {processor.py:186} INFO - Started process (PID=497) to work on /home/airflow/.local/lib/python3.12/site-packages/airflow/example_dags/example_sla_dag.py
[2024-08-22T00:24:08.174+0000] {processor.py:914} INFO - Processing file /home/airflow/.local/lib/python3.12/site-packages/airflow/example_dags/example_sla_dag.py for tasks to queue
[2024-08-22T00:24:08.189+0000] {logging_mixin.py:190} INFO - [2024-08-22T00:24:08.188+0000] {dagbag.py:587} INFO - Filling up the DagBag from /home/airflow/.local/lib/python3.12/site-packages/airflow/example_dags/example_sla_dag.py
[2024-08-22T00:24:08.221+0000] {processor.py:925} INFO - DAG(s) 'example_sla_dag' retrieved from /home/airflow/.local/lib/python3.12/site-packages/airflow/example_dags/example_sla_dag.py
[2024-08-22T00:24:08.270+0000] {logging_mixin.py:190} INFO - [2024-08-22T00:24:08.269+0000] {dag.py:3211} INFO - Sync 1 DAGs
[2024-08-22T00:24:08.333+0000] {logging_mixin.py:190} INFO - [2024-08-22T00:24:08.333+0000] {dag.py:4138} INFO - Setting next_dagrun for example_sla_dag to 2024-08-22 00:22:00+00:00, run_after=2024-08-22 00:24:00+00:00
[2024-08-22T00:24:08.375+0000] {processor.py:208} INFO - Processing /home/airflow/.local/lib/python3.12/site-packages/airflow/example_dags/example_sla_dag.py took 0.224 seconds
[2024-08-22T00:24:39.141+0000] {processor.py:186} INFO - Started process (PID=560) to work on /home/airflow/.local/lib/python3.12/site-packages/airflow/example_dags/example_sla_dag.py
[2024-08-22T00:24:39.143+0000] {processor.py:914} INFO - Processing file /home/airflow/.local/lib/python3.12/site-packages/airflow/example_dags/example_sla_dag.py for tasks to queue
[2024-08-22T00:24:39.147+0000] {logging_mixin.py:190} INFO - [2024-08-22T00:24:39.146+0000] {dagbag.py:587} INFO - Filling up the DagBag from /home/airflow/.local/lib/python3.12/site-packages/airflow/example_dags/example_sla_dag.py
[2024-08-22T00:24:39.165+0000] {processor.py:925} INFO - DAG(s) 'example_sla_dag' retrieved from /home/airflow/.local/lib/python3.12/site-packages/airflow/example_dags/example_sla_dag.py
[2024-08-22T00:24:39.203+0000] {logging_mixin.py:190} INFO - [2024-08-22T00:24:39.203+0000] {dag.py:3211} INFO - Sync 1 DAGs
[2024-08-22T00:24:39.262+0000] {logging_mixin.py:190} INFO - [2024-08-22T00:24:39.261+0000] {dag.py:4138} INFO - Setting next_dagrun for example_sla_dag to 2024-08-22 00:22:00+00:00, run_after=2024-08-22 00:24:00+00:00
[2024-08-22T00:24:39.295+0000] {processor.py:208} INFO - Processing /home/airflow/.local/lib/python3.12/site-packages/airflow/example_dags/example_sla_dag.py took 0.165 seconds
[2024-08-22T00:25:13.086+0000] {processor.py:186} INFO - Started process (PID=623) to work on /home/airflow/.local/lib/python3.12/site-packages/airflow/example_dags/example_sla_dag.py
[2024-08-22T00:25:13.088+0000] {processor.py:914} INFO - Processing file /home/airflow/.local/lib/python3.12/site-packages/airflow/example_dags/example_sla_dag.py for tasks to queue
[2024-08-22T00:25:13.096+0000] {logging_mixin.py:190} INFO - [2024-08-22T00:25:13.092+0000] {dagbag.py:587} INFO - Filling up the DagBag from /home/airflow/.local/lib/python3.12/site-packages/airflow/example_dags/example_sla_dag.py
[2024-08-22T00:25:13.114+0000] {processor.py:925} INFO - DAG(s) 'example_sla_dag' retrieved from /home/airflow/.local/lib/python3.12/site-packages/airflow/example_dags/example_sla_dag.py
[2024-08-22T00:25:13.150+0000] {logging_mixin.py:190} INFO - [2024-08-22T00:25:13.150+0000] {dag.py:3211} INFO - Sync 1 DAGs
[2024-08-22T00:25:13.203+0000] {logging_mixin.py:190} INFO - [2024-08-22T00:25:13.202+0000] {dag.py:4138} INFO - Setting next_dagrun for example_sla_dag to 2024-08-22 00:22:00+00:00, run_after=2024-08-22 00:24:00+00:00
[2024-08-22T00:25:13.285+0000] {processor.py:208} INFO - Processing /home/airflow/.local/lib/python3.12/site-packages/airflow/example_dags/example_sla_dag.py took 0.211 seconds
[2024-08-22T00:25:43.537+0000] {processor.py:186} INFO - Started process (PID=686) to work on /home/airflow/.local/lib/python3.12/site-packages/airflow/example_dags/example_sla_dag.py
[2024-08-22T00:25:43.539+0000] {processor.py:914} INFO - Processing file /home/airflow/.local/lib/python3.12/site-packages/airflow/example_dags/example_sla_dag.py for tasks to queue
[2024-08-22T00:25:43.544+0000] {logging_mixin.py:190} INFO - [2024-08-22T00:25:43.543+0000] {dagbag.py:587} INFO - Filling up the DagBag from /home/airflow/.local/lib/python3.12/site-packages/airflow/example_dags/example_sla_dag.py
[2024-08-22T00:25:43.568+0000] {processor.py:925} INFO - DAG(s) 'example_sla_dag' retrieved from /home/airflow/.local/lib/python3.12/site-packages/airflow/example_dags/example_sla_dag.py
[2024-08-22T00:25:43.611+0000] {logging_mixin.py:190} INFO - [2024-08-22T00:25:43.611+0000] {dag.py:3211} INFO - Sync 1 DAGs
[2024-08-22T00:25:43.671+0000] {logging_mixin.py:190} INFO - [2024-08-22T00:25:43.671+0000] {dag.py:4138} INFO - Setting next_dagrun for example_sla_dag to 2024-08-22 00:22:00+00:00, run_after=2024-08-22 00:24:00+00:00
[2024-08-22T00:25:43.714+0000] {processor.py:208} INFO - Processing /home/airflow/.local/lib/python3.12/site-packages/airflow/example_dags/example_sla_dag.py took 0.187 seconds
[2024-08-22T00:26:15.557+0000] {processor.py:186} INFO - Started process (PID=749) to work on /home/airflow/.local/lib/python3.12/site-packages/airflow/example_dags/example_sla_dag.py
[2024-08-22T00:26:15.559+0000] {processor.py:914} INFO - Processing file /home/airflow/.local/lib/python3.12/site-packages/airflow/example_dags/example_sla_dag.py for tasks to queue
[2024-08-22T00:26:15.570+0000] {logging_mixin.py:190} INFO - [2024-08-22T00:26:15.568+0000] {dagbag.py:587} INFO - Filling up the DagBag from /home/airflow/.local/lib/python3.12/site-packages/airflow/example_dags/example_sla_dag.py
[2024-08-22T00:26:15.603+0000] {processor.py:925} INFO - DAG(s) 'example_sla_dag' retrieved from /home/airflow/.local/lib/python3.12/site-packages/airflow/example_dags/example_sla_dag.py
[2024-08-22T00:26:15.656+0000] {logging_mixin.py:190} INFO - [2024-08-22T00:26:15.655+0000] {dag.py:3211} INFO - Sync 1 DAGs
[2024-08-22T00:26:15.723+0000] {logging_mixin.py:190} INFO - [2024-08-22T00:26:15.723+0000] {dag.py:4138} INFO - Setting next_dagrun for example_sla_dag to 2024-08-22 00:24:00+00:00, run_after=2024-08-22 00:26:00+00:00
[2024-08-22T00:26:15.774+0000] {processor.py:208} INFO - Processing /home/airflow/.local/lib/python3.12/site-packages/airflow/example_dags/example_sla_dag.py took 0.235 seconds
[2024-08-22T00:26:45.992+0000] {processor.py:186} INFO - Started process (PID=813) to work on /home/airflow/.local/lib/python3.12/site-packages/airflow/example_dags/example_sla_dag.py
[2024-08-22T00:26:45.999+0000] {processor.py:914} INFO - Processing file /home/airflow/.local/lib/python3.12/site-packages/airflow/example_dags/example_sla_dag.py for tasks to queue
[2024-08-22T00:26:46.008+0000] {logging_mixin.py:190} INFO - [2024-08-22T00:26:46.007+0000] {dagbag.py:587} INFO - Filling up the DagBag from /home/airflow/.local/lib/python3.12/site-packages/airflow/example_dags/example_sla_dag.py
[2024-08-22T00:26:46.069+0000] {processor.py:925} INFO - DAG(s) 'example_sla_dag' retrieved from /home/airflow/.local/lib/python3.12/site-packages/airflow/example_dags/example_sla_dag.py
[2024-08-22T00:26:46.153+0000] {logging_mixin.py:190} INFO - [2024-08-22T00:26:46.152+0000] {dag.py:3211} INFO - Sync 1 DAGs
[2024-08-22T00:26:46.248+0000] {logging_mixin.py:190} INFO - [2024-08-22T00:26:46.247+0000] {dag.py:4138} INFO - Setting next_dagrun for example_sla_dag to 2024-08-22 00:24:00+00:00, run_after=2024-08-22 00:26:00+00:00
[2024-08-22T00:26:46.321+0000] {processor.py:208} INFO - Processing /home/airflow/.local/lib/python3.12/site-packages/airflow/example_dags/example_sla_dag.py took 0.350 seconds
[2024-08-22T00:27:17.534+0000] {processor.py:186} INFO - Started process (PID=877) to work on /home/airflow/.local/lib/python3.12/site-packages/airflow/example_dags/example_sla_dag.py
[2024-08-22T00:27:17.536+0000] {processor.py:914} INFO - Processing file /home/airflow/.local/lib/python3.12/site-packages/airflow/example_dags/example_sla_dag.py for tasks to queue
[2024-08-22T00:27:17.539+0000] {logging_mixin.py:190} INFO - [2024-08-22T00:27:17.538+0000] {dagbag.py:587} INFO - Filling up the DagBag from /home/airflow/.local/lib/python3.12/site-packages/airflow/example_dags/example_sla_dag.py
[2024-08-22T00:27:17.554+0000] {processor.py:925} INFO - DAG(s) 'example_sla_dag' retrieved from /home/airflow/.local/lib/python3.12/site-packages/airflow/example_dags/example_sla_dag.py
[2024-08-22T00:27:17.582+0000] {logging_mixin.py:190} INFO - [2024-08-22T00:27:17.582+0000] {dag.py:3211} INFO - Sync 1 DAGs
[2024-08-22T00:27:17.618+0000] {logging_mixin.py:190} INFO - [2024-08-22T00:27:17.617+0000] {dag.py:4138} INFO - Setting next_dagrun for example_sla_dag to 2024-08-22 00:24:00+00:00, run_after=2024-08-22 00:26:00+00:00
[2024-08-22T00:27:17.701+0000] {processor.py:208} INFO - Processing /home/airflow/.local/lib/python3.12/site-packages/airflow/example_dags/example_sla_dag.py took 0.174 seconds
[2024-08-22T00:27:48.034+0000] {processor.py:186} INFO - Started process (PID=939) to work on /home/airflow/.local/lib/python3.12/site-packages/airflow/example_dags/example_sla_dag.py
[2024-08-22T00:27:48.036+0000] {processor.py:914} INFO - Processing file /home/airflow/.local/lib/python3.12/site-packages/airflow/example_dags/example_sla_dag.py for tasks to queue
[2024-08-22T00:27:48.040+0000] {logging_mixin.py:190} INFO - [2024-08-22T00:27:48.039+0000] {dagbag.py:587} INFO - Filling up the DagBag from /home/airflow/.local/lib/python3.12/site-packages/airflow/example_dags/example_sla_dag.py
[2024-08-22T00:27:48.058+0000] {processor.py:925} INFO - DAG(s) 'example_sla_dag' retrieved from /home/airflow/.local/lib/python3.12/site-packages/airflow/example_dags/example_sla_dag.py
[2024-08-22T00:27:48.116+0000] {logging_mixin.py:190} INFO - [2024-08-22T00:27:48.115+0000] {dag.py:3211} INFO - Sync 1 DAGs
[2024-08-22T00:27:48.196+0000] {logging_mixin.py:190} INFO - [2024-08-22T00:27:48.195+0000] {dag.py:4138} INFO - Setting next_dagrun for example_sla_dag to 2024-08-22 00:24:00+00:00, run_after=2024-08-22 00:26:00+00:00
[2024-08-22T00:27:48.240+0000] {processor.py:208} INFO - Processing /home/airflow/.local/lib/python3.12/site-packages/airflow/example_dags/example_sla_dag.py took 0.217 seconds
[2024-08-22T00:28:19.544+0000] {processor.py:186} INFO - Started process (PID=1002) to work on /home/airflow/.local/lib/python3.12/site-packages/airflow/example_dags/example_sla_dag.py
[2024-08-22T00:28:19.546+0000] {processor.py:914} INFO - Processing file /home/airflow/.local/lib/python3.12/site-packages/airflow/example_dags/example_sla_dag.py for tasks to queue
[2024-08-22T00:28:19.553+0000] {logging_mixin.py:190} INFO - [2024-08-22T00:28:19.552+0000] {dagbag.py:587} INFO - Filling up the DagBag from /home/airflow/.local/lib/python3.12/site-packages/airflow/example_dags/example_sla_dag.py
[2024-08-22T00:28:19.583+0000] {processor.py:925} INFO - DAG(s) 'example_sla_dag' retrieved from /home/airflow/.local/lib/python3.12/site-packages/airflow/example_dags/example_sla_dag.py
[2024-08-22T00:28:19.635+0000] {logging_mixin.py:190} INFO - [2024-08-22T00:28:19.634+0000] {dag.py:3211} INFO - Sync 1 DAGs
[2024-08-22T00:28:19.715+0000] {logging_mixin.py:190} INFO - [2024-08-22T00:28:19.715+0000] {dag.py:4138} INFO - Setting next_dagrun for example_sla_dag to 2024-08-22 00:26:00+00:00, run_after=2024-08-22 00:28:00+00:00
[2024-08-22T00:28:19.922+0000] {processor.py:208} INFO - Processing /home/airflow/.local/lib/python3.12/site-packages/airflow/example_dags/example_sla_dag.py took 0.391 seconds
[2024-08-22T00:28:51.637+0000] {processor.py:186} INFO - Started process (PID=1065) to work on /home/airflow/.local/lib/python3.12/site-packages/airflow/example_dags/example_sla_dag.py
[2024-08-22T00:28:51.639+0000] {processor.py:914} INFO - Processing file /home/airflow/.local/lib/python3.12/site-packages/airflow/example_dags/example_sla_dag.py for tasks to queue
[2024-08-22T00:28:51.645+0000] {logging_mixin.py:190} INFO - [2024-08-22T00:28:51.644+0000] {dagbag.py:587} INFO - Filling up the DagBag from /home/airflow/.local/lib/python3.12/site-packages/airflow/example_dags/example_sla_dag.py
[2024-08-22T00:28:51.678+0000] {processor.py:925} INFO - DAG(s) 'example_sla_dag' retrieved from /home/airflow/.local/lib/python3.12/site-packages/airflow/example_dags/example_sla_dag.py
[2024-08-22T00:28:51.757+0000] {logging_mixin.py:190} INFO - [2024-08-22T00:28:51.756+0000] {dag.py:3211} INFO - Sync 1 DAGs
[2024-08-22T00:28:51.824+0000] {logging_mixin.py:190} INFO - [2024-08-22T00:28:51.823+0000] {dag.py:4138} INFO - Setting next_dagrun for example_sla_dag to 2024-08-22 00:26:00+00:00, run_after=2024-08-22 00:28:00+00:00
[2024-08-22T00:28:51.866+0000] {processor.py:208} INFO - Processing /home/airflow/.local/lib/python3.12/site-packages/airflow/example_dags/example_sla_dag.py took 0.249 seconds
[2024-08-22T00:29:22.198+0000] {processor.py:186} INFO - Started process (PID=1125) to work on /home/airflow/.local/lib/python3.12/site-packages/airflow/example_dags/example_sla_dag.py
[2024-08-22T00:29:22.199+0000] {processor.py:914} INFO - Processing file /home/airflow/.local/lib/python3.12/site-packages/airflow/example_dags/example_sla_dag.py for tasks to queue
[2024-08-22T00:29:22.202+0000] {logging_mixin.py:190} INFO - [2024-08-22T00:29:22.201+0000] {dagbag.py:587} INFO - Filling up the DagBag from /home/airflow/.local/lib/python3.12/site-packages/airflow/example_dags/example_sla_dag.py
[2024-08-22T00:29:22.234+0000] {processor.py:925} INFO - DAG(s) 'example_sla_dag' retrieved from /home/airflow/.local/lib/python3.12/site-packages/airflow/example_dags/example_sla_dag.py
[2024-08-22T00:29:22.266+0000] {logging_mixin.py:190} INFO - [2024-08-22T00:29:22.266+0000] {dag.py:3211} INFO - Sync 1 DAGs
[2024-08-22T00:29:22.312+0000] {logging_mixin.py:190} INFO - [2024-08-22T00:29:22.311+0000] {dag.py:4138} INFO - Setting next_dagrun for example_sla_dag to 2024-08-22 00:26:00+00:00, run_after=2024-08-22 00:28:00+00:00
[2024-08-22T00:29:22.383+0000] {processor.py:208} INFO - Processing /home/airflow/.local/lib/python3.12/site-packages/airflow/example_dags/example_sla_dag.py took 0.195 seconds
[2024-08-22T00:29:52.921+0000] {processor.py:186} INFO - Started process (PID=1188) to work on /home/airflow/.local/lib/python3.12/site-packages/airflow/example_dags/example_sla_dag.py
[2024-08-22T00:29:52.927+0000] {processor.py:914} INFO - Processing file /home/airflow/.local/lib/python3.12/site-packages/airflow/example_dags/example_sla_dag.py for tasks to queue
[2024-08-22T00:29:52.934+0000] {logging_mixin.py:190} INFO - [2024-08-22T00:29:52.933+0000] {dagbag.py:587} INFO - Filling up the DagBag from /home/airflow/.local/lib/python3.12/site-packages/airflow/example_dags/example_sla_dag.py
[2024-08-22T00:29:52.961+0000] {processor.py:925} INFO - DAG(s) 'example_sla_dag' retrieved from /home/airflow/.local/lib/python3.12/site-packages/airflow/example_dags/example_sla_dag.py
[2024-08-22T00:29:53.011+0000] {logging_mixin.py:190} INFO - [2024-08-22T00:29:53.011+0000] {dag.py:3211} INFO - Sync 1 DAGs
[2024-08-22T00:29:53.069+0000] {logging_mixin.py:190} INFO - [2024-08-22T00:29:53.069+0000] {dag.py:4138} INFO - Setting next_dagrun for example_sla_dag to 2024-08-22 00:26:00+00:00, run_after=2024-08-22 00:28:00+00:00
[2024-08-22T00:29:53.126+0000] {processor.py:208} INFO - Processing /home/airflow/.local/lib/python3.12/site-packages/airflow/example_dags/example_sla_dag.py took 0.221 seconds
[2024-08-22T00:30:24.837+0000] {processor.py:186} INFO - Started process (PID=1258) to work on /home/airflow/.local/lib/python3.12/site-packages/airflow/example_dags/example_sla_dag.py
[2024-08-22T00:30:24.839+0000] {processor.py:914} INFO - Processing file /home/airflow/.local/lib/python3.12/site-packages/airflow/example_dags/example_sla_dag.py for tasks to queue
[2024-08-22T00:30:24.843+0000] {logging_mixin.py:190} INFO - [2024-08-22T00:30:24.842+0000] {dagbag.py:587} INFO - Filling up the DagBag from /home/airflow/.local/lib/python3.12/site-packages/airflow/example_dags/example_sla_dag.py
[2024-08-22T00:30:24.862+0000] {processor.py:925} INFO - DAG(s) 'example_sla_dag' retrieved from /home/airflow/.local/lib/python3.12/site-packages/airflow/example_dags/example_sla_dag.py
[2024-08-22T00:30:24.901+0000] {logging_mixin.py:190} INFO - [2024-08-22T00:30:24.900+0000] {dag.py:3211} INFO - Sync 1 DAGs
[2024-08-22T00:30:24.954+0000] {logging_mixin.py:190} INFO - [2024-08-22T00:30:24.953+0000] {dag.py:4138} INFO - Setting next_dagrun for example_sla_dag to 2024-08-22 00:28:00+00:00, run_after=2024-08-22 00:30:00+00:00
[2024-08-22T00:30:24.994+0000] {processor.py:208} INFO - Processing /home/airflow/.local/lib/python3.12/site-packages/airflow/example_dags/example_sla_dag.py took 0.170 seconds
[2024-08-22T00:30:55.381+0000] {processor.py:186} INFO - Started process (PID=1321) to work on /home/airflow/.local/lib/python3.12/site-packages/airflow/example_dags/example_sla_dag.py
[2024-08-22T00:30:55.383+0000] {processor.py:914} INFO - Processing file /home/airflow/.local/lib/python3.12/site-packages/airflow/example_dags/example_sla_dag.py for tasks to queue
[2024-08-22T00:30:55.387+0000] {logging_mixin.py:190} INFO - [2024-08-22T00:30:55.386+0000] {dagbag.py:587} INFO - Filling up the DagBag from /home/airflow/.local/lib/python3.12/site-packages/airflow/example_dags/example_sla_dag.py
[2024-08-22T00:30:55.402+0000] {processor.py:925} INFO - DAG(s) 'example_sla_dag' retrieved from /home/airflow/.local/lib/python3.12/site-packages/airflow/example_dags/example_sla_dag.py
[2024-08-22T00:30:55.438+0000] {logging_mixin.py:190} INFO - [2024-08-22T00:30:55.438+0000] {dag.py:3211} INFO - Sync 1 DAGs
[2024-08-22T00:30:55.483+0000] {logging_mixin.py:190} INFO - [2024-08-22T00:30:55.483+0000] {dag.py:4138} INFO - Setting next_dagrun for example_sla_dag to 2024-08-22 00:28:00+00:00, run_after=2024-08-22 00:30:00+00:00
[2024-08-22T00:30:55.535+0000] {processor.py:208} INFO - Processing /home/airflow/.local/lib/python3.12/site-packages/airflow/example_dags/example_sla_dag.py took 0.167 seconds
[2024-08-22T00:31:26.765+0000] {processor.py:186} INFO - Started process (PID=1385) to work on /home/airflow/.local/lib/python3.12/site-packages/airflow/example_dags/example_sla_dag.py
[2024-08-22T00:31:26.766+0000] {processor.py:914} INFO - Processing file /home/airflow/.local/lib/python3.12/site-packages/airflow/example_dags/example_sla_dag.py for tasks to queue
[2024-08-22T00:31:26.770+0000] {logging_mixin.py:190} INFO - [2024-08-22T00:31:26.770+0000] {dagbag.py:587} INFO - Filling up the DagBag from /home/airflow/.local/lib/python3.12/site-packages/airflow/example_dags/example_sla_dag.py
[2024-08-22T00:31:26.787+0000] {processor.py:925} INFO - DAG(s) 'example_sla_dag' retrieved from /home/airflow/.local/lib/python3.12/site-packages/airflow/example_dags/example_sla_dag.py
[2024-08-22T00:31:26.821+0000] {logging_mixin.py:190} INFO - [2024-08-22T00:31:26.821+0000] {dag.py:3211} INFO - Sync 1 DAGs
[2024-08-22T00:31:26.885+0000] {logging_mixin.py:190} INFO - [2024-08-22T00:31:26.884+0000] {dag.py:4138} INFO - Setting next_dagrun for example_sla_dag to 2024-08-22 00:28:00+00:00, run_after=2024-08-22 00:30:00+00:00
[2024-08-22T00:31:26.917+0000] {processor.py:208} INFO - Processing /home/airflow/.local/lib/python3.12/site-packages/airflow/example_dags/example_sla_dag.py took 0.163 seconds
[2024-08-22T00:31:57.231+0000] {processor.py:186} INFO - Started process (PID=1449) to work on /home/airflow/.local/lib/python3.12/site-packages/airflow/example_dags/example_sla_dag.py
[2024-08-22T00:31:57.232+0000] {processor.py:914} INFO - Processing file /home/airflow/.local/lib/python3.12/site-packages/airflow/example_dags/example_sla_dag.py for tasks to queue
[2024-08-22T00:31:57.235+0000] {logging_mixin.py:190} INFO - [2024-08-22T00:31:57.235+0000] {dagbag.py:587} INFO - Filling up the DagBag from /home/airflow/.local/lib/python3.12/site-packages/airflow/example_dags/example_sla_dag.py
[2024-08-22T00:31:57.251+0000] {processor.py:925} INFO - DAG(s) 'example_sla_dag' retrieved from /home/airflow/.local/lib/python3.12/site-packages/airflow/example_dags/example_sla_dag.py
[2024-08-22T00:31:57.281+0000] {logging_mixin.py:190} INFO - [2024-08-22T00:31:57.280+0000] {dag.py:3211} INFO - Sync 1 DAGs
[2024-08-22T00:31:57.319+0000] {logging_mixin.py:190} INFO - [2024-08-22T00:31:57.319+0000] {dag.py:4138} INFO - Setting next_dagrun for example_sla_dag to 2024-08-22 00:28:00+00:00, run_after=2024-08-22 00:30:00+00:00
[2024-08-22T00:31:57.358+0000] {processor.py:208} INFO - Processing /home/airflow/.local/lib/python3.12/site-packages/airflow/example_dags/example_sla_dag.py took 0.139 seconds
[2024-08-22T00:32:28.016+0000] {processor.py:186} INFO - Started process (PID=1511) to work on /home/airflow/.local/lib/python3.12/site-packages/airflow/example_dags/example_sla_dag.py
[2024-08-22T00:32:28.018+0000] {processor.py:914} INFO - Processing file /home/airflow/.local/lib/python3.12/site-packages/airflow/example_dags/example_sla_dag.py for tasks to queue
[2024-08-22T00:32:28.023+0000] {logging_mixin.py:190} INFO - [2024-08-22T00:32:28.022+0000] {dagbag.py:587} INFO - Filling up the DagBag from /home/airflow/.local/lib/python3.12/site-packages/airflow/example_dags/example_sla_dag.py
[2024-08-22T00:32:28.044+0000] {processor.py:925} INFO - DAG(s) 'example_sla_dag' retrieved from /home/airflow/.local/lib/python3.12/site-packages/airflow/example_dags/example_sla_dag.py
[2024-08-22T00:32:28.082+0000] {logging_mixin.py:190} INFO - [2024-08-22T00:32:28.082+0000] {dag.py:3211} INFO - Sync 1 DAGs
[2024-08-22T00:32:28.134+0000] {logging_mixin.py:190} INFO - [2024-08-22T00:32:28.134+0000] {dag.py:4138} INFO - Setting next_dagrun for example_sla_dag to 2024-08-22 00:30:00+00:00, run_after=2024-08-22 00:32:00+00:00
[2024-08-22T00:32:28.170+0000] {processor.py:208} INFO - Processing /home/airflow/.local/lib/python3.12/site-packages/airflow/example_dags/example_sla_dag.py took 0.166 seconds
[2024-08-22T00:32:58.850+0000] {processor.py:186} INFO - Started process (PID=1574) to work on /home/airflow/.local/lib/python3.12/site-packages/airflow/example_dags/example_sla_dag.py
[2024-08-22T00:32:58.852+0000] {processor.py:914} INFO - Processing file /home/airflow/.local/lib/python3.12/site-packages/airflow/example_dags/example_sla_dag.py for tasks to queue
[2024-08-22T00:32:58.856+0000] {logging_mixin.py:190} INFO - [2024-08-22T00:32:58.855+0000] {dagbag.py:587} INFO - Filling up the DagBag from /home/airflow/.local/lib/python3.12/site-packages/airflow/example_dags/example_sla_dag.py
[2024-08-22T00:32:58.878+0000] {processor.py:925} INFO - DAG(s) 'example_sla_dag' retrieved from /home/airflow/.local/lib/python3.12/site-packages/airflow/example_dags/example_sla_dag.py
[2024-08-22T00:32:58.911+0000] {logging_mixin.py:190} INFO - [2024-08-22T00:32:58.910+0000] {dag.py:3211} INFO - Sync 1 DAGs
[2024-08-22T00:32:58.957+0000] {logging_mixin.py:190} INFO - [2024-08-22T00:32:58.956+0000] {dag.py:4138} INFO - Setting next_dagrun for example_sla_dag to 2024-08-22 00:30:00+00:00, run_after=2024-08-22 00:32:00+00:00
[2024-08-22T00:32:59.007+0000] {processor.py:208} INFO - Processing /home/airflow/.local/lib/python3.12/site-packages/airflow/example_dags/example_sla_dag.py took 0.170 seconds
[2024-08-22T00:33:32.808+0000] {processor.py:186} INFO - Started process (PID=1636) to work on /home/airflow/.local/lib/python3.12/site-packages/airflow/example_dags/example_sla_dag.py
[2024-08-22T00:33:32.810+0000] {processor.py:914} INFO - Processing file /home/airflow/.local/lib/python3.12/site-packages/airflow/example_dags/example_sla_dag.py for tasks to queue
[2024-08-22T00:33:32.815+0000] {logging_mixin.py:190} INFO - [2024-08-22T00:33:32.815+0000] {dagbag.py:587} INFO - Filling up the DagBag from /home/airflow/.local/lib/python3.12/site-packages/airflow/example_dags/example_sla_dag.py
[2024-08-22T00:33:32.835+0000] {processor.py:925} INFO - DAG(s) 'example_sla_dag' retrieved from /home/airflow/.local/lib/python3.12/site-packages/airflow/example_dags/example_sla_dag.py
[2024-08-22T00:33:32.870+0000] {logging_mixin.py:190} INFO - [2024-08-22T00:33:32.870+0000] {dag.py:3211} INFO - Sync 1 DAGs
[2024-08-22T00:33:32.924+0000] {logging_mixin.py:190} INFO - [2024-08-22T00:33:32.923+0000] {dag.py:4138} INFO - Setting next_dagrun for example_sla_dag to 2024-08-22 00:30:00+00:00, run_after=2024-08-22 00:32:00+00:00
[2024-08-22T00:33:32.974+0000] {processor.py:208} INFO - Processing /home/airflow/.local/lib/python3.12/site-packages/airflow/example_dags/example_sla_dag.py took 0.176 seconds
[2024-08-22T00:34:04.152+0000] {processor.py:186} INFO - Started process (PID=1700) to work on /home/airflow/.local/lib/python3.12/site-packages/airflow/example_dags/example_sla_dag.py
[2024-08-22T00:34:04.153+0000] {processor.py:914} INFO - Processing file /home/airflow/.local/lib/python3.12/site-packages/airflow/example_dags/example_sla_dag.py for tasks to queue
[2024-08-22T00:34:04.156+0000] {logging_mixin.py:190} INFO - [2024-08-22T00:34:04.156+0000] {dagbag.py:587} INFO - Filling up the DagBag from /home/airflow/.local/lib/python3.12/site-packages/airflow/example_dags/example_sla_dag.py
[2024-08-22T00:34:04.181+0000] {processor.py:925} INFO - DAG(s) 'example_sla_dag' retrieved from /home/airflow/.local/lib/python3.12/site-packages/airflow/example_dags/example_sla_dag.py
[2024-08-22T00:34:04.272+0000] {logging_mixin.py:190} INFO - [2024-08-22T00:34:04.272+0000] {dag.py:3211} INFO - Sync 1 DAGs
[2024-08-22T00:34:04.371+0000] {logging_mixin.py:190} INFO - [2024-08-22T00:34:04.371+0000] {dag.py:4138} INFO - Setting next_dagrun for example_sla_dag to 2024-08-22 00:32:00+00:00, run_after=2024-08-22 00:34:00+00:00
[2024-08-22T00:34:04.436+0000] {processor.py:208} INFO - Processing /home/airflow/.local/lib/python3.12/site-packages/airflow/example_dags/example_sla_dag.py took 0.296 seconds
[2024-08-22T00:34:35.762+0000] {processor.py:186} INFO - Started process (PID=1762) to work on /home/airflow/.local/lib/python3.12/site-packages/airflow/example_dags/example_sla_dag.py
[2024-08-22T00:34:35.763+0000] {processor.py:914} INFO - Processing file /home/airflow/.local/lib/python3.12/site-packages/airflow/example_dags/example_sla_dag.py for tasks to queue
[2024-08-22T00:34:35.768+0000] {logging_mixin.py:190} INFO - [2024-08-22T00:34:35.767+0000] {dagbag.py:587} INFO - Filling up the DagBag from /home/airflow/.local/lib/python3.12/site-packages/airflow/example_dags/example_sla_dag.py
[2024-08-22T00:34:35.797+0000] {processor.py:925} INFO - DAG(s) 'example_sla_dag' retrieved from /home/airflow/.local/lib/python3.12/site-packages/airflow/example_dags/example_sla_dag.py
[2024-08-22T00:34:35.841+0000] {logging_mixin.py:190} INFO - [2024-08-22T00:34:35.841+0000] {dag.py:3211} INFO - Sync 1 DAGs
[2024-08-22T00:34:35.893+0000] {logging_mixin.py:190} INFO - [2024-08-22T00:34:35.893+0000] {dag.py:4138} INFO - Setting next_dagrun for example_sla_dag to 2024-08-22 00:32:00+00:00, run_after=2024-08-22 00:34:00+00:00
[2024-08-22T00:34:35.945+0000] {processor.py:208} INFO - Processing /home/airflow/.local/lib/python3.12/site-packages/airflow/example_dags/example_sla_dag.py took 0.193 seconds
[2024-08-22T00:35:06.534+0000] {processor.py:186} INFO - Started process (PID=1825) to work on /home/airflow/.local/lib/python3.12/site-packages/airflow/example_dags/example_sla_dag.py
[2024-08-22T00:35:06.536+0000] {processor.py:914} INFO - Processing file /home/airflow/.local/lib/python3.12/site-packages/airflow/example_dags/example_sla_dag.py for tasks to queue
[2024-08-22T00:35:06.540+0000] {logging_mixin.py:190} INFO - [2024-08-22T00:35:06.539+0000] {dagbag.py:587} INFO - Filling up the DagBag from /home/airflow/.local/lib/python3.12/site-packages/airflow/example_dags/example_sla_dag.py
[2024-08-22T00:35:06.560+0000] {processor.py:925} INFO - DAG(s) 'example_sla_dag' retrieved from /home/airflow/.local/lib/python3.12/site-packages/airflow/example_dags/example_sla_dag.py
[2024-08-22T00:35:06.597+0000] {logging_mixin.py:190} INFO - [2024-08-22T00:35:06.596+0000] {dag.py:3211} INFO - Sync 1 DAGs
[2024-08-22T00:35:06.642+0000] {logging_mixin.py:190} INFO - [2024-08-22T00:35:06.642+0000] {dag.py:4138} INFO - Setting next_dagrun for example_sla_dag to 2024-08-22 00:32:00+00:00, run_after=2024-08-22 00:34:00+00:00
[2024-08-22T00:35:06.698+0000] {processor.py:208} INFO - Processing /home/airflow/.local/lib/python3.12/site-packages/airflow/example_dags/example_sla_dag.py took 0.176 seconds
[2024-08-22T00:35:37.225+0000] {processor.py:186} INFO - Started process (PID=1888) to work on /home/airflow/.local/lib/python3.12/site-packages/airflow/example_dags/example_sla_dag.py
[2024-08-22T00:35:37.226+0000] {processor.py:914} INFO - Processing file /home/airflow/.local/lib/python3.12/site-packages/airflow/example_dags/example_sla_dag.py for tasks to queue
[2024-08-22T00:35:37.231+0000] {logging_mixin.py:190} INFO - [2024-08-22T00:35:37.230+0000] {dagbag.py:587} INFO - Filling up the DagBag from /home/airflow/.local/lib/python3.12/site-packages/airflow/example_dags/example_sla_dag.py
[2024-08-22T00:35:37.253+0000] {processor.py:925} INFO - DAG(s) 'example_sla_dag' retrieved from /home/airflow/.local/lib/python3.12/site-packages/airflow/example_dags/example_sla_dag.py
[2024-08-22T00:35:37.290+0000] {logging_mixin.py:190} INFO - [2024-08-22T00:35:37.290+0000] {dag.py:3211} INFO - Sync 1 DAGs
[2024-08-22T00:35:37.337+0000] {logging_mixin.py:190} INFO - [2024-08-22T00:35:37.336+0000] {dag.py:4138} INFO - Setting next_dagrun for example_sla_dag to 2024-08-22 00:32:00+00:00, run_after=2024-08-22 00:34:00+00:00
[2024-08-22T00:35:37.371+0000] {processor.py:208} INFO - Processing /home/airflow/.local/lib/python3.12/site-packages/airflow/example_dags/example_sla_dag.py took 0.157 seconds
[2024-08-22T00:36:08.560+0000] {processor.py:186} INFO - Started process (PID=1950) to work on /home/airflow/.local/lib/python3.12/site-packages/airflow/example_dags/example_sla_dag.py
[2024-08-22T00:36:08.566+0000] {processor.py:914} INFO - Processing file /home/airflow/.local/lib/python3.12/site-packages/airflow/example_dags/example_sla_dag.py for tasks to queue
[2024-08-22T00:36:08.571+0000] {logging_mixin.py:190} INFO - [2024-08-22T00:36:08.570+0000] {dagbag.py:587} INFO - Filling up the DagBag from /home/airflow/.local/lib/python3.12/site-packages/airflow/example_dags/example_sla_dag.py
[2024-08-22T00:36:08.600+0000] {processor.py:925} INFO - DAG(s) 'example_sla_dag' retrieved from /home/airflow/.local/lib/python3.12/site-packages/airflow/example_dags/example_sla_dag.py
[2024-08-22T00:36:08.641+0000] {logging_mixin.py:190} INFO - [2024-08-22T00:36:08.641+0000] {dag.py:3211} INFO - Sync 1 DAGs
[2024-08-22T00:36:08.691+0000] {logging_mixin.py:190} INFO - [2024-08-22T00:36:08.691+0000] {dag.py:4138} INFO - Setting next_dagrun for example_sla_dag to 2024-08-22 00:34:00+00:00, run_after=2024-08-22 00:36:00+00:00
[2024-08-22T00:36:08.744+0000] {processor.py:208} INFO - Processing /home/airflow/.local/lib/python3.12/site-packages/airflow/example_dags/example_sla_dag.py took 0.199 seconds
[2024-08-22T00:36:39.200+0000] {processor.py:186} INFO - Started process (PID=2013) to work on /home/airflow/.local/lib/python3.12/site-packages/airflow/example_dags/example_sla_dag.py
[2024-08-22T00:36:39.202+0000] {processor.py:914} INFO - Processing file /home/airflow/.local/lib/python3.12/site-packages/airflow/example_dags/example_sla_dag.py for tasks to queue
[2024-08-22T00:36:39.207+0000] {logging_mixin.py:190} INFO - [2024-08-22T00:36:39.206+0000] {dagbag.py:587} INFO - Filling up the DagBag from /home/airflow/.local/lib/python3.12/site-packages/airflow/example_dags/example_sla_dag.py
[2024-08-22T00:36:39.224+0000] {processor.py:925} INFO - DAG(s) 'example_sla_dag' retrieved from /home/airflow/.local/lib/python3.12/site-packages/airflow/example_dags/example_sla_dag.py
[2024-08-22T00:36:39.261+0000] {logging_mixin.py:190} INFO - [2024-08-22T00:36:39.260+0000] {dag.py:3211} INFO - Sync 1 DAGs
[2024-08-22T00:36:39.316+0000] {logging_mixin.py:190} INFO - [2024-08-22T00:36:39.316+0000] {dag.py:4138} INFO - Setting next_dagrun for example_sla_dag to 2024-08-22 00:34:00+00:00, run_after=2024-08-22 00:36:00+00:00
[2024-08-22T00:36:39.347+0000] {processor.py:208} INFO - Processing /home/airflow/.local/lib/python3.12/site-packages/airflow/example_dags/example_sla_dag.py took 0.158 seconds
[2024-08-22T00:37:10.657+0000] {processor.py:186} INFO - Started process (PID=2077) to work on /home/airflow/.local/lib/python3.12/site-packages/airflow/example_dags/example_sla_dag.py
[2024-08-22T00:37:10.659+0000] {processor.py:914} INFO - Processing file /home/airflow/.local/lib/python3.12/site-packages/airflow/example_dags/example_sla_dag.py for tasks to queue
[2024-08-22T00:37:10.665+0000] {logging_mixin.py:190} INFO - [2024-08-22T00:37:10.664+0000] {dagbag.py:587} INFO - Filling up the DagBag from /home/airflow/.local/lib/python3.12/site-packages/airflow/example_dags/example_sla_dag.py
[2024-08-22T00:37:10.689+0000] {processor.py:925} INFO - DAG(s) 'example_sla_dag' retrieved from /home/airflow/.local/lib/python3.12/site-packages/airflow/example_dags/example_sla_dag.py
[2024-08-22T00:37:10.749+0000] {logging_mixin.py:190} INFO - [2024-08-22T00:37:10.749+0000] {dag.py:3211} INFO - Sync 1 DAGs
[2024-08-22T00:37:10.814+0000] {logging_mixin.py:190} INFO - [2024-08-22T00:37:10.813+0000] {dag.py:4138} INFO - Setting next_dagrun for example_sla_dag to 2024-08-22 00:34:00+00:00, run_after=2024-08-22 00:36:00+00:00
[2024-08-22T00:37:10.849+0000] {processor.py:208} INFO - Processing /home/airflow/.local/lib/python3.12/site-packages/airflow/example_dags/example_sla_dag.py took 0.209 seconds
[2024-08-22T00:37:43.266+0000] {processor.py:186} INFO - Started process (PID=2140) to work on /home/airflow/.local/lib/python3.12/site-packages/airflow/example_dags/example_sla_dag.py
[2024-08-22T00:37:43.269+0000] {processor.py:914} INFO - Processing file /home/airflow/.local/lib/python3.12/site-packages/airflow/example_dags/example_sla_dag.py for tasks to queue
[2024-08-22T00:37:43.273+0000] {logging_mixin.py:190} INFO - [2024-08-22T00:37:43.273+0000] {dagbag.py:587} INFO - Filling up the DagBag from /home/airflow/.local/lib/python3.12/site-packages/airflow/example_dags/example_sla_dag.py
[2024-08-22T00:37:43.301+0000] {processor.py:925} INFO - DAG(s) 'example_sla_dag' retrieved from /home/airflow/.local/lib/python3.12/site-packages/airflow/example_dags/example_sla_dag.py
[2024-08-22T00:37:43.341+0000] {logging_mixin.py:190} INFO - [2024-08-22T00:37:43.341+0000] {dag.py:3211} INFO - Sync 1 DAGs
[2024-08-22T00:37:43.405+0000] {logging_mixin.py:190} INFO - [2024-08-22T00:37:43.404+0000] {dag.py:4138} INFO - Setting next_dagrun for example_sla_dag to 2024-08-22 00:34:00+00:00, run_after=2024-08-22 00:36:00+00:00
[2024-08-22T00:37:43.489+0000] {processor.py:208} INFO - Processing /home/airflow/.local/lib/python3.12/site-packages/airflow/example_dags/example_sla_dag.py took 0.235 seconds
[2024-08-22T00:38:13.728+0000] {processor.py:186} INFO - Started process (PID=2203) to work on /home/airflow/.local/lib/python3.12/site-packages/airflow/example_dags/example_sla_dag.py
[2024-08-22T00:38:13.733+0000] {processor.py:914} INFO - Processing file /home/airflow/.local/lib/python3.12/site-packages/airflow/example_dags/example_sla_dag.py for tasks to queue
[2024-08-22T00:38:13.738+0000] {logging_mixin.py:190} INFO - [2024-08-22T00:38:13.737+0000] {dagbag.py:587} INFO - Filling up the DagBag from /home/airflow/.local/lib/python3.12/site-packages/airflow/example_dags/example_sla_dag.py
[2024-08-22T00:38:13.755+0000] {processor.py:925} INFO - DAG(s) 'example_sla_dag' retrieved from /home/airflow/.local/lib/python3.12/site-packages/airflow/example_dags/example_sla_dag.py
[2024-08-22T00:38:13.793+0000] {logging_mixin.py:190} INFO - [2024-08-22T00:38:13.792+0000] {dag.py:3211} INFO - Sync 1 DAGs
[2024-08-22T00:38:13.854+0000] {logging_mixin.py:190} INFO - [2024-08-22T00:38:13.854+0000] {dag.py:4138} INFO - Setting next_dagrun for example_sla_dag to 2024-08-22 00:36:00+00:00, run_after=2024-08-22 00:38:00+00:00
[2024-08-22T00:38:13.941+0000] {processor.py:208} INFO - Processing /home/airflow/.local/lib/python3.12/site-packages/airflow/example_dags/example_sla_dag.py took 0.221 seconds
[2024-08-22T00:38:46.302+0000] {processor.py:186} INFO - Started process (PID=2266) to work on /home/airflow/.local/lib/python3.12/site-packages/airflow/example_dags/example_sla_dag.py
[2024-08-22T00:38:46.303+0000] {processor.py:914} INFO - Processing file /home/airflow/.local/lib/python3.12/site-packages/airflow/example_dags/example_sla_dag.py for tasks to queue
[2024-08-22T00:38:46.306+0000] {logging_mixin.py:190} INFO - [2024-08-22T00:38:46.306+0000] {dagbag.py:587} INFO - Filling up the DagBag from /home/airflow/.local/lib/python3.12/site-packages/airflow/example_dags/example_sla_dag.py
[2024-08-22T00:38:46.328+0000] {processor.py:925} INFO - DAG(s) 'example_sla_dag' retrieved from /home/airflow/.local/lib/python3.12/site-packages/airflow/example_dags/example_sla_dag.py
[2024-08-22T00:38:46.368+0000] {logging_mixin.py:190} INFO - [2024-08-22T00:38:46.368+0000] {dag.py:3211} INFO - Sync 1 DAGs
[2024-08-22T00:38:46.426+0000] {logging_mixin.py:190} INFO - [2024-08-22T00:38:46.426+0000] {dag.py:4138} INFO - Setting next_dagrun for example_sla_dag to 2024-08-22 00:36:00+00:00, run_after=2024-08-22 00:38:00+00:00
[2024-08-22T00:38:46.468+0000] {processor.py:208} INFO - Processing /home/airflow/.local/lib/python3.12/site-packages/airflow/example_dags/example_sla_dag.py took 0.176 seconds
[2024-08-22T00:39:18.886+0000] {processor.py:186} INFO - Started process (PID=2329) to work on /home/airflow/.local/lib/python3.12/site-packages/airflow/example_dags/example_sla_dag.py
[2024-08-22T00:39:18.887+0000] {processor.py:914} INFO - Processing file /home/airflow/.local/lib/python3.12/site-packages/airflow/example_dags/example_sla_dag.py for tasks to queue
[2024-08-22T00:39:18.891+0000] {logging_mixin.py:190} INFO - [2024-08-22T00:39:18.890+0000] {dagbag.py:587} INFO - Filling up the DagBag from /home/airflow/.local/lib/python3.12/site-packages/airflow/example_dags/example_sla_dag.py
[2024-08-22T00:39:18.907+0000] {processor.py:925} INFO - DAG(s) 'example_sla_dag' retrieved from /home/airflow/.local/lib/python3.12/site-packages/airflow/example_dags/example_sla_dag.py
[2024-08-22T00:39:18.936+0000] {logging_mixin.py:190} INFO - [2024-08-22T00:39:18.936+0000] {dag.py:3211} INFO - Sync 1 DAGs
[2024-08-22T00:39:18.987+0000] {logging_mixin.py:190} INFO - [2024-08-22T00:39:18.986+0000] {dag.py:4138} INFO - Setting next_dagrun for example_sla_dag to 2024-08-22 00:36:00+00:00, run_after=2024-08-22 00:38:00+00:00
[2024-08-22T00:39:19.040+0000] {processor.py:208} INFO - Processing /home/airflow/.local/lib/python3.12/site-packages/airflow/example_dags/example_sla_dag.py took 0.163 seconds
[2024-08-22T00:39:49.910+0000] {processor.py:186} INFO - Started process (PID=2393) to work on /home/airflow/.local/lib/python3.12/site-packages/airflow/example_dags/example_sla_dag.py
[2024-08-22T00:39:49.911+0000] {processor.py:914} INFO - Processing file /home/airflow/.local/lib/python3.12/site-packages/airflow/example_dags/example_sla_dag.py for tasks to queue
[2024-08-22T00:39:49.915+0000] {logging_mixin.py:190} INFO - [2024-08-22T00:39:49.915+0000] {dagbag.py:587} INFO - Filling up the DagBag from /home/airflow/.local/lib/python3.12/site-packages/airflow/example_dags/example_sla_dag.py
[2024-08-22T00:39:49.934+0000] {processor.py:925} INFO - DAG(s) 'example_sla_dag' retrieved from /home/airflow/.local/lib/python3.12/site-packages/airflow/example_dags/example_sla_dag.py
[2024-08-22T00:39:49.966+0000] {logging_mixin.py:190} INFO - [2024-08-22T00:39:49.965+0000] {dag.py:3211} INFO - Sync 1 DAGs
[2024-08-22T00:39:50.008+0000] {logging_mixin.py:190} INFO - [2024-08-22T00:39:50.008+0000] {dag.py:4138} INFO - Setting next_dagrun for example_sla_dag to 2024-08-22 00:36:00+00:00, run_after=2024-08-22 00:38:00+00:00
[2024-08-22T00:39:50.038+0000] {processor.py:208} INFO - Processing /home/airflow/.local/lib/python3.12/site-packages/airflow/example_dags/example_sla_dag.py took 0.136 seconds
[2024-08-22T00:40:22.800+0000] {processor.py:186} INFO - Started process (PID=2458) to work on /home/airflow/.local/lib/python3.12/site-packages/airflow/example_dags/example_sla_dag.py
[2024-08-22T00:40:22.802+0000] {processor.py:914} INFO - Processing file /home/airflow/.local/lib/python3.12/site-packages/airflow/example_dags/example_sla_dag.py for tasks to queue
[2024-08-22T00:40:22.805+0000] {logging_mixin.py:190} INFO - [2024-08-22T00:40:22.805+0000] {dagbag.py:587} INFO - Filling up the DagBag from /home/airflow/.local/lib/python3.12/site-packages/airflow/example_dags/example_sla_dag.py
[2024-08-22T00:40:22.823+0000] {processor.py:925} INFO - DAG(s) 'example_sla_dag' retrieved from /home/airflow/.local/lib/python3.12/site-packages/airflow/example_dags/example_sla_dag.py
[2024-08-22T00:40:22.855+0000] {logging_mixin.py:190} INFO - [2024-08-22T00:40:22.854+0000] {dag.py:3211} INFO - Sync 1 DAGs
[2024-08-22T00:40:22.898+0000] {logging_mixin.py:190} INFO - [2024-08-22T00:40:22.898+0000] {dag.py:4138} INFO - Setting next_dagrun for example_sla_dag to 2024-08-22 00:38:00+00:00, run_after=2024-08-22 00:40:00+00:00
[2024-08-22T00:40:22.932+0000] {processor.py:208} INFO - Processing /home/airflow/.local/lib/python3.12/site-packages/airflow/example_dags/example_sla_dag.py took 0.140 seconds
[2024-08-22T00:40:54.041+0000] {processor.py:186} INFO - Started process (PID=2522) to work on /home/airflow/.local/lib/python3.12/site-packages/airflow/example_dags/example_sla_dag.py
[2024-08-22T00:40:54.043+0000] {processor.py:914} INFO - Processing file /home/airflow/.local/lib/python3.12/site-packages/airflow/example_dags/example_sla_dag.py for tasks to queue
[2024-08-22T00:40:54.047+0000] {logging_mixin.py:190} INFO - [2024-08-22T00:40:54.046+0000] {dagbag.py:587} INFO - Filling up the DagBag from /home/airflow/.local/lib/python3.12/site-packages/airflow/example_dags/example_sla_dag.py
[2024-08-22T00:40:54.067+0000] {processor.py:925} INFO - DAG(s) 'example_sla_dag' retrieved from /home/airflow/.local/lib/python3.12/site-packages/airflow/example_dags/example_sla_dag.py
[2024-08-22T00:40:54.100+0000] {logging_mixin.py:190} INFO - [2024-08-22T00:40:54.100+0000] {dag.py:3211} INFO - Sync 1 DAGs
[2024-08-22T00:40:54.149+0000] {logging_mixin.py:190} INFO - [2024-08-22T00:40:54.148+0000] {dag.py:4138} INFO - Setting next_dagrun for example_sla_dag to 2024-08-22 00:38:00+00:00, run_after=2024-08-22 00:40:00+00:00
[2024-08-22T00:40:54.202+0000] {processor.py:208} INFO - Processing /home/airflow/.local/lib/python3.12/site-packages/airflow/example_dags/example_sla_dag.py took 0.170 seconds
[2024-08-22T00:41:24.516+0000] {processor.py:186} INFO - Started process (PID=2585) to work on /home/airflow/.local/lib/python3.12/site-packages/airflow/example_dags/example_sla_dag.py
[2024-08-22T00:41:24.519+0000] {processor.py:914} INFO - Processing file /home/airflow/.local/lib/python3.12/site-packages/airflow/example_dags/example_sla_dag.py for tasks to queue
[2024-08-22T00:41:24.533+0000] {logging_mixin.py:190} INFO - [2024-08-22T00:41:24.525+0000] {dagbag.py:587} INFO - Filling up the DagBag from /home/airflow/.local/lib/python3.12/site-packages/airflow/example_dags/example_sla_dag.py
[2024-08-22T00:41:24.575+0000] {processor.py:925} INFO - DAG(s) 'example_sla_dag' retrieved from /home/airflow/.local/lib/python3.12/site-packages/airflow/example_dags/example_sla_dag.py
[2024-08-22T00:41:24.624+0000] {logging_mixin.py:190} INFO - [2024-08-22T00:41:24.623+0000] {dag.py:3211} INFO - Sync 1 DAGs
[2024-08-22T00:41:24.680+0000] {logging_mixin.py:190} INFO - [2024-08-22T00:41:24.679+0000] {dag.py:4138} INFO - Setting next_dagrun for example_sla_dag to 2024-08-22 00:38:00+00:00, run_after=2024-08-22 00:40:00+00:00
[2024-08-22T00:41:24.736+0000] {processor.py:208} INFO - Processing /home/airflow/.local/lib/python3.12/site-packages/airflow/example_dags/example_sla_dag.py took 0.242 seconds
[2024-08-22T00:41:56.021+0000] {processor.py:186} INFO - Started process (PID=2648) to work on /home/airflow/.local/lib/python3.12/site-packages/airflow/example_dags/example_sla_dag.py
[2024-08-22T00:41:56.023+0000] {processor.py:914} INFO - Processing file /home/airflow/.local/lib/python3.12/site-packages/airflow/example_dags/example_sla_dag.py for tasks to queue
[2024-08-22T00:41:56.028+0000] {logging_mixin.py:190} INFO - [2024-08-22T00:41:56.027+0000] {dagbag.py:587} INFO - Filling up the DagBag from /home/airflow/.local/lib/python3.12/site-packages/airflow/example_dags/example_sla_dag.py
[2024-08-22T00:41:56.052+0000] {processor.py:925} INFO - DAG(s) 'example_sla_dag' retrieved from /home/airflow/.local/lib/python3.12/site-packages/airflow/example_dags/example_sla_dag.py
[2024-08-22T00:41:56.095+0000] {logging_mixin.py:190} INFO - [2024-08-22T00:41:56.094+0000] {dag.py:3211} INFO - Sync 1 DAGs
[2024-08-22T00:41:56.152+0000] {logging_mixin.py:190} INFO - [2024-08-22T00:41:56.151+0000] {dag.py:4138} INFO - Setting next_dagrun for example_sla_dag to 2024-08-22 00:38:00+00:00, run_after=2024-08-22 00:40:00+00:00
[2024-08-22T00:41:56.194+0000] {processor.py:208} INFO - Processing /home/airflow/.local/lib/python3.12/site-packages/airflow/example_dags/example_sla_dag.py took 0.185 seconds
[2024-08-22T00:42:27.677+0000] {processor.py:186} INFO - Started process (PID=2717) to work on /home/airflow/.local/lib/python3.12/site-packages/airflow/example_dags/example_sla_dag.py
[2024-08-22T00:42:27.678+0000] {processor.py:914} INFO - Processing file /home/airflow/.local/lib/python3.12/site-packages/airflow/example_dags/example_sla_dag.py for tasks to queue
[2024-08-22T00:42:27.682+0000] {logging_mixin.py:190} INFO - [2024-08-22T00:42:27.682+0000] {dagbag.py:587} INFO - Filling up the DagBag from /home/airflow/.local/lib/python3.12/site-packages/airflow/example_dags/example_sla_dag.py
[2024-08-22T00:42:27.700+0000] {processor.py:925} INFO - DAG(s) 'example_sla_dag' retrieved from /home/airflow/.local/lib/python3.12/site-packages/airflow/example_dags/example_sla_dag.py
[2024-08-22T00:42:27.758+0000] {logging_mixin.py:190} INFO - [2024-08-22T00:42:27.758+0000] {dag.py:3211} INFO - Sync 1 DAGs
[2024-08-22T00:42:27.811+0000] {logging_mixin.py:190} INFO - [2024-08-22T00:42:27.811+0000] {dag.py:4138} INFO - Setting next_dagrun for example_sla_dag to 2024-08-22 00:40:00+00:00, run_after=2024-08-22 00:42:00+00:00
[2024-08-22T00:42:27.858+0000] {processor.py:208} INFO - Processing /home/airflow/.local/lib/python3.12/site-packages/airflow/example_dags/example_sla_dag.py took 0.190 seconds
