[2024-08-22T00:20:31.421+0000] {processor.py:186} INFO - Started process (PID=110) to work on /home/airflow/.local/lib/python3.12/site-packages/airflow/example_dags/example_latest_only.py
[2024-08-22T00:20:31.423+0000] {processor.py:914} INFO - Processing file /home/airflow/.local/lib/python3.12/site-packages/airflow/example_dags/example_latest_only.py for tasks to queue
[2024-08-22T00:20:31.438+0000] {logging_mixin.py:190} INFO - [2024-08-22T00:20:31.437+0000] {dagbag.py:587} INFO - Filling up the DagBag from /home/airflow/.local/lib/python3.12/site-packages/airflow/example_dags/example_latest_only.py
[2024-08-22T00:20:31.462+0000] {processor.py:925} INFO - DAG(s) 'latest_only' retrieved from /home/airflow/.local/lib/python3.12/site-packages/airflow/example_dags/example_latest_only.py
[2024-08-22T00:20:32.540+0000] {logging_mixin.py:190} INFO - [2024-08-22T00:20:32.539+0000] {override.py:1858} INFO - Created Permission View: can read on DAG:latest_only
[2024-08-22T00:20:32.619+0000] {logging_mixin.py:190} INFO - [2024-08-22T00:20:32.619+0000] {override.py:1858} INFO - Created Permission View: can delete on DAG:latest_only
[2024-08-22T00:20:33.648+0000] {logging_mixin.py:190} INFO - [2024-08-22T00:20:33.647+0000] {override.py:1858} INFO - Created Permission View: can edit on DAG:latest_only
[2024-08-22T00:20:33.650+0000] {logging_mixin.py:190} INFO - [2024-08-22T00:20:33.649+0000] {dag.py:3211} INFO - Sync 1 DAGs
[2024-08-22T00:20:33.724+0000] {logging_mixin.py:190} INFO - [2024-08-22T00:20:33.724+0000] {dag.py:3234} INFO - Creating ORM DAG for latest_only
[2024-08-22T00:20:33.771+0000] {logging_mixin.py:190} INFO - [2024-08-22T00:20:33.770+0000] {dag.py:4138} INFO - Setting next_dagrun for latest_only to 2024-08-21 20:00:00+00:00, run_after=2024-08-22 00:00:00+00:00
[2024-08-22T00:20:33.890+0000] {processor.py:208} INFO - Processing /home/airflow/.local/lib/python3.12/site-packages/airflow/example_dags/example_latest_only.py took 2.491 seconds
[2024-08-22T00:21:06.019+0000] {processor.py:186} INFO - Started process (PID=173) to work on /home/airflow/.local/lib/python3.12/site-packages/airflow/example_dags/example_latest_only.py
[2024-08-22T00:21:06.020+0000] {processor.py:914} INFO - Processing file /home/airflow/.local/lib/python3.12/site-packages/airflow/example_dags/example_latest_only.py for tasks to queue
[2024-08-22T00:21:06.054+0000] {logging_mixin.py:190} INFO - [2024-08-22T00:21:06.054+0000] {dagbag.py:587} INFO - Filling up the DagBag from /home/airflow/.local/lib/python3.12/site-packages/airflow/example_dags/example_latest_only.py
[2024-08-22T00:21:06.088+0000] {processor.py:925} INFO - DAG(s) 'latest_only' retrieved from /home/airflow/.local/lib/python3.12/site-packages/airflow/example_dags/example_latest_only.py
[2024-08-22T00:21:06.144+0000] {logging_mixin.py:190} INFO - [2024-08-22T00:21:06.144+0000] {dag.py:3211} INFO - Sync 1 DAGs
[2024-08-22T00:21:06.215+0000] {logging_mixin.py:190} INFO - [2024-08-22T00:21:06.215+0000] {dag.py:4138} INFO - Setting next_dagrun for latest_only to 2024-08-21 20:00:00+00:00, run_after=2024-08-22 00:00:00+00:00
[2024-08-22T00:21:06.407+0000] {processor.py:208} INFO - Processing /home/airflow/.local/lib/python3.12/site-packages/airflow/example_dags/example_latest_only.py took 0.430 seconds
[2024-08-22T00:22:01.116+0000] {processor.py:186} INFO - Started process (PID=242) to work on /home/airflow/.local/lib/python3.12/site-packages/airflow/example_dags/example_latest_only.py
[2024-08-22T00:22:01.117+0000] {processor.py:914} INFO - Processing file /home/airflow/.local/lib/python3.12/site-packages/airflow/example_dags/example_latest_only.py for tasks to queue
[2024-08-22T00:22:01.121+0000] {logging_mixin.py:190} INFO - [2024-08-22T00:22:01.120+0000] {dagbag.py:587} INFO - Filling up the DagBag from /home/airflow/.local/lib/python3.12/site-packages/airflow/example_dags/example_latest_only.py
[2024-08-22T00:22:01.435+0000] {processor.py:925} INFO - DAG(s) 'latest_only' retrieved from /home/airflow/.local/lib/python3.12/site-packages/airflow/example_dags/example_latest_only.py
[2024-08-22T00:22:01.571+0000] {logging_mixin.py:190} INFO - [2024-08-22T00:22:01.570+0000] {dag.py:3211} INFO - Sync 1 DAGs
[2024-08-22T00:22:01.708+0000] {logging_mixin.py:190} INFO - [2024-08-22T00:22:01.708+0000] {dag.py:4138} INFO - Setting next_dagrun for latest_only to 2024-08-21 20:00:00+00:00, run_after=2024-08-22 00:00:00+00:00
[2024-08-22T00:22:01.830+0000] {processor.py:208} INFO - Processing /home/airflow/.local/lib/python3.12/site-packages/airflow/example_dags/example_latest_only.py took 0.727 seconds
[2024-08-22T00:22:33.218+0000] {processor.py:186} INFO - Started process (PID=304) to work on /home/airflow/.local/lib/python3.12/site-packages/airflow/example_dags/example_latest_only.py
[2024-08-22T00:22:33.220+0000] {processor.py:914} INFO - Processing file /home/airflow/.local/lib/python3.12/site-packages/airflow/example_dags/example_latest_only.py for tasks to queue
[2024-08-22T00:22:33.224+0000] {logging_mixin.py:190} INFO - [2024-08-22T00:22:33.223+0000] {dagbag.py:587} INFO - Filling up the DagBag from /home/airflow/.local/lib/python3.12/site-packages/airflow/example_dags/example_latest_only.py
[2024-08-22T00:22:33.237+0000] {processor.py:925} INFO - DAG(s) 'latest_only' retrieved from /home/airflow/.local/lib/python3.12/site-packages/airflow/example_dags/example_latest_only.py
[2024-08-22T00:22:33.277+0000] {logging_mixin.py:190} INFO - [2024-08-22T00:22:33.276+0000] {dag.py:3211} INFO - Sync 1 DAGs
[2024-08-22T00:22:33.326+0000] {logging_mixin.py:190} INFO - [2024-08-22T00:22:33.326+0000] {dag.py:4138} INFO - Setting next_dagrun for latest_only to 2024-08-21 20:00:00+00:00, run_after=2024-08-22 00:00:00+00:00
[2024-08-22T00:22:34.122+0000] {processor.py:208} INFO - Processing /home/airflow/.local/lib/python3.12/site-packages/airflow/example_dags/example_latest_only.py took 0.917 seconds
[2024-08-22T00:23:04.194+0000] {processor.py:186} INFO - Started process (PID=367) to work on /home/airflow/.local/lib/python3.12/site-packages/airflow/example_dags/example_latest_only.py
[2024-08-22T00:23:04.195+0000] {processor.py:914} INFO - Processing file /home/airflow/.local/lib/python3.12/site-packages/airflow/example_dags/example_latest_only.py for tasks to queue
[2024-08-22T00:23:04.198+0000] {logging_mixin.py:190} INFO - [2024-08-22T00:23:04.197+0000] {dagbag.py:587} INFO - Filling up the DagBag from /home/airflow/.local/lib/python3.12/site-packages/airflow/example_dags/example_latest_only.py
[2024-08-22T00:23:04.211+0000] {processor.py:925} INFO - DAG(s) 'latest_only' retrieved from /home/airflow/.local/lib/python3.12/site-packages/airflow/example_dags/example_latest_only.py
[2024-08-22T00:23:04.298+0000] {logging_mixin.py:190} INFO - [2024-08-22T00:23:04.298+0000] {dag.py:3211} INFO - Sync 1 DAGs
[2024-08-22T00:23:04.353+0000] {logging_mixin.py:190} INFO - [2024-08-22T00:23:04.353+0000] {dag.py:4138} INFO - Setting next_dagrun for latest_only to 2024-08-21 20:00:00+00:00, run_after=2024-08-22 00:00:00+00:00
[2024-08-22T00:23:04.388+0000] {processor.py:208} INFO - Processing /home/airflow/.local/lib/python3.12/site-packages/airflow/example_dags/example_latest_only.py took 0.203 seconds
[2024-08-22T00:23:35.469+0000] {processor.py:186} INFO - Started process (PID=430) to work on /home/airflow/.local/lib/python3.12/site-packages/airflow/example_dags/example_latest_only.py
[2024-08-22T00:23:35.475+0000] {processor.py:914} INFO - Processing file /home/airflow/.local/lib/python3.12/site-packages/airflow/example_dags/example_latest_only.py for tasks to queue
[2024-08-22T00:23:35.480+0000] {logging_mixin.py:190} INFO - [2024-08-22T00:23:35.480+0000] {dagbag.py:587} INFO - Filling up the DagBag from /home/airflow/.local/lib/python3.12/site-packages/airflow/example_dags/example_latest_only.py
[2024-08-22T00:23:35.505+0000] {processor.py:925} INFO - DAG(s) 'latest_only' retrieved from /home/airflow/.local/lib/python3.12/site-packages/airflow/example_dags/example_latest_only.py
[2024-08-22T00:23:35.589+0000] {logging_mixin.py:190} INFO - [2024-08-22T00:23:35.588+0000] {dag.py:3211} INFO - Sync 1 DAGs
[2024-08-22T00:23:35.672+0000] {logging_mixin.py:190} INFO - [2024-08-22T00:23:35.671+0000] {dag.py:4138} INFO - Setting next_dagrun for latest_only to 2024-08-21 20:00:00+00:00, run_after=2024-08-22 00:00:00+00:00
[2024-08-22T00:23:35.714+0000] {processor.py:208} INFO - Processing /home/airflow/.local/lib/python3.12/site-packages/airflow/example_dags/example_latest_only.py took 0.266 seconds
[2024-08-22T00:24:07.486+0000] {processor.py:186} INFO - Started process (PID=493) to work on /home/airflow/.local/lib/python3.12/site-packages/airflow/example_dags/example_latest_only.py
[2024-08-22T00:24:07.488+0000] {processor.py:914} INFO - Processing file /home/airflow/.local/lib/python3.12/site-packages/airflow/example_dags/example_latest_only.py for tasks to queue
[2024-08-22T00:24:07.504+0000] {logging_mixin.py:190} INFO - [2024-08-22T00:24:07.503+0000] {dagbag.py:587} INFO - Filling up the DagBag from /home/airflow/.local/lib/python3.12/site-packages/airflow/example_dags/example_latest_only.py
[2024-08-22T00:24:07.527+0000] {processor.py:925} INFO - DAG(s) 'latest_only' retrieved from /home/airflow/.local/lib/python3.12/site-packages/airflow/example_dags/example_latest_only.py
[2024-08-22T00:24:07.572+0000] {logging_mixin.py:190} INFO - [2024-08-22T00:24:07.572+0000] {dag.py:3211} INFO - Sync 1 DAGs
[2024-08-22T00:24:07.641+0000] {logging_mixin.py:190} INFO - [2024-08-22T00:24:07.640+0000] {dag.py:4138} INFO - Setting next_dagrun for latest_only to 2024-08-21 20:00:00+00:00, run_after=2024-08-22 00:00:00+00:00
[2024-08-22T00:24:07.707+0000] {processor.py:208} INFO - Processing /home/airflow/.local/lib/python3.12/site-packages/airflow/example_dags/example_latest_only.py took 0.242 seconds
[2024-08-22T00:24:38.609+0000] {processor.py:186} INFO - Started process (PID=556) to work on /home/airflow/.local/lib/python3.12/site-packages/airflow/example_dags/example_latest_only.py
[2024-08-22T00:24:38.611+0000] {processor.py:914} INFO - Processing file /home/airflow/.local/lib/python3.12/site-packages/airflow/example_dags/example_latest_only.py for tasks to queue
[2024-08-22T00:24:38.618+0000] {logging_mixin.py:190} INFO - [2024-08-22T00:24:38.617+0000] {dagbag.py:587} INFO - Filling up the DagBag from /home/airflow/.local/lib/python3.12/site-packages/airflow/example_dags/example_latest_only.py
[2024-08-22T00:24:38.635+0000] {processor.py:925} INFO - DAG(s) 'latest_only' retrieved from /home/airflow/.local/lib/python3.12/site-packages/airflow/example_dags/example_latest_only.py
[2024-08-22T00:24:38.690+0000] {logging_mixin.py:190} INFO - [2024-08-22T00:24:38.689+0000] {dag.py:3211} INFO - Sync 1 DAGs
[2024-08-22T00:24:38.749+0000] {logging_mixin.py:190} INFO - [2024-08-22T00:24:38.748+0000] {dag.py:4138} INFO - Setting next_dagrun for latest_only to 2024-08-21 20:00:00+00:00, run_after=2024-08-22 00:00:00+00:00
[2024-08-22T00:24:38.800+0000] {processor.py:208} INFO - Processing /home/airflow/.local/lib/python3.12/site-packages/airflow/example_dags/example_latest_only.py took 0.211 seconds
[2024-08-22T00:25:12.322+0000] {processor.py:186} INFO - Started process (PID=619) to work on /home/airflow/.local/lib/python3.12/site-packages/airflow/example_dags/example_latest_only.py
[2024-08-22T00:25:12.323+0000] {processor.py:914} INFO - Processing file /home/airflow/.local/lib/python3.12/site-packages/airflow/example_dags/example_latest_only.py for tasks to queue
[2024-08-22T00:25:12.329+0000] {logging_mixin.py:190} INFO - [2024-08-22T00:25:12.328+0000] {dagbag.py:587} INFO - Filling up the DagBag from /home/airflow/.local/lib/python3.12/site-packages/airflow/example_dags/example_latest_only.py
[2024-08-22T00:25:12.344+0000] {processor.py:925} INFO - DAG(s) 'latest_only' retrieved from /home/airflow/.local/lib/python3.12/site-packages/airflow/example_dags/example_latest_only.py
[2024-08-22T00:25:12.388+0000] {logging_mixin.py:190} INFO - [2024-08-22T00:25:12.388+0000] {dag.py:3211} INFO - Sync 1 DAGs
[2024-08-22T00:25:12.449+0000] {logging_mixin.py:190} INFO - [2024-08-22T00:25:12.449+0000] {dag.py:4138} INFO - Setting next_dagrun for latest_only to 2024-08-21 20:00:00+00:00, run_after=2024-08-22 00:00:00+00:00
[2024-08-22T00:25:12.514+0000] {processor.py:208} INFO - Processing /home/airflow/.local/lib/python3.12/site-packages/airflow/example_dags/example_latest_only.py took 0.207 seconds
[2024-08-22T00:25:42.721+0000] {processor.py:186} INFO - Started process (PID=682) to work on /home/airflow/.local/lib/python3.12/site-packages/airflow/example_dags/example_latest_only.py
[2024-08-22T00:25:42.735+0000] {processor.py:914} INFO - Processing file /home/airflow/.local/lib/python3.12/site-packages/airflow/example_dags/example_latest_only.py for tasks to queue
[2024-08-22T00:25:42.749+0000] {logging_mixin.py:190} INFO - [2024-08-22T00:25:42.748+0000] {dagbag.py:587} INFO - Filling up the DagBag from /home/airflow/.local/lib/python3.12/site-packages/airflow/example_dags/example_latest_only.py
[2024-08-22T00:25:42.772+0000] {processor.py:925} INFO - DAG(s) 'latest_only' retrieved from /home/airflow/.local/lib/python3.12/site-packages/airflow/example_dags/example_latest_only.py
[2024-08-22T00:25:42.818+0000] {logging_mixin.py:190} INFO - [2024-08-22T00:25:42.818+0000] {dag.py:3211} INFO - Sync 1 DAGs
[2024-08-22T00:25:42.866+0000] {logging_mixin.py:190} INFO - [2024-08-22T00:25:42.866+0000] {dag.py:4138} INFO - Setting next_dagrun for latest_only to 2024-08-21 20:00:00+00:00, run_after=2024-08-22 00:00:00+00:00
[2024-08-22T00:25:42.906+0000] {processor.py:208} INFO - Processing /home/airflow/.local/lib/python3.12/site-packages/airflow/example_dags/example_latest_only.py took 0.202 seconds
[2024-08-22T00:26:13.892+0000] {processor.py:186} INFO - Started process (PID=745) to work on /home/airflow/.local/lib/python3.12/site-packages/airflow/example_dags/example_latest_only.py
[2024-08-22T00:26:13.897+0000] {processor.py:914} INFO - Processing file /home/airflow/.local/lib/python3.12/site-packages/airflow/example_dags/example_latest_only.py for tasks to queue
[2024-08-22T00:26:13.905+0000] {logging_mixin.py:190} INFO - [2024-08-22T00:26:13.905+0000] {dagbag.py:587} INFO - Filling up the DagBag from /home/airflow/.local/lib/python3.12/site-packages/airflow/example_dags/example_latest_only.py
[2024-08-22T00:26:13.924+0000] {processor.py:925} INFO - DAG(s) 'latest_only' retrieved from /home/airflow/.local/lib/python3.12/site-packages/airflow/example_dags/example_latest_only.py
[2024-08-22T00:26:13.965+0000] {logging_mixin.py:190} INFO - [2024-08-22T00:26:13.964+0000] {dag.py:3211} INFO - Sync 1 DAGs
[2024-08-22T00:26:14.037+0000] {logging_mixin.py:190} INFO - [2024-08-22T00:26:14.036+0000] {dag.py:4138} INFO - Setting next_dagrun for latest_only to 2024-08-21 20:00:00+00:00, run_after=2024-08-22 00:00:00+00:00
[2024-08-22T00:26:14.124+0000] {processor.py:208} INFO - Processing /home/airflow/.local/lib/python3.12/site-packages/airflow/example_dags/example_latest_only.py took 0.241 seconds
[2024-08-22T00:26:45.203+0000] {processor.py:186} INFO - Started process (PID=809) to work on /home/airflow/.local/lib/python3.12/site-packages/airflow/example_dags/example_latest_only.py
[2024-08-22T00:26:45.206+0000] {processor.py:914} INFO - Processing file /home/airflow/.local/lib/python3.12/site-packages/airflow/example_dags/example_latest_only.py for tasks to queue
[2024-08-22T00:26:45.229+0000] {logging_mixin.py:190} INFO - [2024-08-22T00:26:45.223+0000] {dagbag.py:587} INFO - Filling up the DagBag from /home/airflow/.local/lib/python3.12/site-packages/airflow/example_dags/example_latest_only.py
[2024-08-22T00:26:45.258+0000] {processor.py:925} INFO - DAG(s) 'latest_only' retrieved from /home/airflow/.local/lib/python3.12/site-packages/airflow/example_dags/example_latest_only.py
[2024-08-22T00:26:45.361+0000] {logging_mixin.py:190} INFO - [2024-08-22T00:26:45.360+0000] {dag.py:3211} INFO - Sync 1 DAGs
[2024-08-22T00:26:45.451+0000] {logging_mixin.py:190} INFO - [2024-08-22T00:26:45.450+0000] {dag.py:4138} INFO - Setting next_dagrun for latest_only to 2024-08-21 20:00:00+00:00, run_after=2024-08-22 00:00:00+00:00
[2024-08-22T00:26:45.524+0000] {processor.py:208} INFO - Processing /home/airflow/.local/lib/python3.12/site-packages/airflow/example_dags/example_latest_only.py took 0.335 seconds
[2024-08-22T00:27:16.357+0000] {processor.py:186} INFO - Started process (PID=873) to work on /home/airflow/.local/lib/python3.12/site-packages/airflow/example_dags/example_latest_only.py
[2024-08-22T00:27:16.359+0000] {processor.py:914} INFO - Processing file /home/airflow/.local/lib/python3.12/site-packages/airflow/example_dags/example_latest_only.py for tasks to queue
[2024-08-22T00:27:16.367+0000] {logging_mixin.py:190} INFO - [2024-08-22T00:27:16.366+0000] {dagbag.py:587} INFO - Filling up the DagBag from /home/airflow/.local/lib/python3.12/site-packages/airflow/example_dags/example_latest_only.py
[2024-08-22T00:27:16.383+0000] {processor.py:925} INFO - DAG(s) 'latest_only' retrieved from /home/airflow/.local/lib/python3.12/site-packages/airflow/example_dags/example_latest_only.py
[2024-08-22T00:27:16.441+0000] {logging_mixin.py:190} INFO - [2024-08-22T00:27:16.441+0000] {dag.py:3211} INFO - Sync 1 DAGs
[2024-08-22T00:27:16.536+0000] {logging_mixin.py:190} INFO - [2024-08-22T00:27:16.536+0000] {dag.py:4138} INFO - Setting next_dagrun for latest_only to 2024-08-21 20:00:00+00:00, run_after=2024-08-22 00:00:00+00:00
[2024-08-22T00:27:16.591+0000] {processor.py:208} INFO - Processing /home/airflow/.local/lib/python3.12/site-packages/airflow/example_dags/example_latest_only.py took 0.246 seconds
[2024-08-22T00:27:46.774+0000] {processor.py:186} INFO - Started process (PID=935) to work on /home/airflow/.local/lib/python3.12/site-packages/airflow/example_dags/example_latest_only.py
[2024-08-22T00:27:46.776+0000] {processor.py:914} INFO - Processing file /home/airflow/.local/lib/python3.12/site-packages/airflow/example_dags/example_latest_only.py for tasks to queue
[2024-08-22T00:27:46.780+0000] {logging_mixin.py:190} INFO - [2024-08-22T00:27:46.780+0000] {dagbag.py:587} INFO - Filling up the DagBag from /home/airflow/.local/lib/python3.12/site-packages/airflow/example_dags/example_latest_only.py
[2024-08-22T00:27:46.793+0000] {processor.py:925} INFO - DAG(s) 'latest_only' retrieved from /home/airflow/.local/lib/python3.12/site-packages/airflow/example_dags/example_latest_only.py
[2024-08-22T00:27:46.826+0000] {logging_mixin.py:190} INFO - [2024-08-22T00:27:46.825+0000] {dag.py:3211} INFO - Sync 1 DAGs
[2024-08-22T00:27:46.891+0000] {logging_mixin.py:190} INFO - [2024-08-22T00:27:46.891+0000] {dag.py:4138} INFO - Setting next_dagrun for latest_only to 2024-08-21 20:00:00+00:00, run_after=2024-08-22 00:00:00+00:00
[2024-08-22T00:27:46.940+0000] {processor.py:208} INFO - Processing /home/airflow/.local/lib/python3.12/site-packages/airflow/example_dags/example_latest_only.py took 0.177 seconds
[2024-08-22T00:28:18.677+0000] {processor.py:186} INFO - Started process (PID=998) to work on /home/airflow/.local/lib/python3.12/site-packages/airflow/example_dags/example_latest_only.py
[2024-08-22T00:28:18.682+0000] {processor.py:914} INFO - Processing file /home/airflow/.local/lib/python3.12/site-packages/airflow/example_dags/example_latest_only.py for tasks to queue
[2024-08-22T00:28:18.687+0000] {logging_mixin.py:190} INFO - [2024-08-22T00:28:18.686+0000] {dagbag.py:587} INFO - Filling up the DagBag from /home/airflow/.local/lib/python3.12/site-packages/airflow/example_dags/example_latest_only.py
[2024-08-22T00:28:18.710+0000] {processor.py:925} INFO - DAG(s) 'latest_only' retrieved from /home/airflow/.local/lib/python3.12/site-packages/airflow/example_dags/example_latest_only.py
[2024-08-22T00:28:18.761+0000] {logging_mixin.py:190} INFO - [2024-08-22T00:28:18.760+0000] {dag.py:3211} INFO - Sync 1 DAGs
[2024-08-22T00:28:18.833+0000] {logging_mixin.py:190} INFO - [2024-08-22T00:28:18.832+0000] {dag.py:4138} INFO - Setting next_dagrun for latest_only to 2024-08-21 20:00:00+00:00, run_after=2024-08-22 00:00:00+00:00
[2024-08-22T00:28:18.915+0000] {processor.py:208} INFO - Processing /home/airflow/.local/lib/python3.12/site-packages/airflow/example_dags/example_latest_only.py took 0.254 seconds
[2024-08-22T00:28:50.801+0000] {processor.py:186} INFO - Started process (PID=1058) to work on /home/airflow/.local/lib/python3.12/site-packages/airflow/example_dags/example_latest_only.py
[2024-08-22T00:28:50.803+0000] {processor.py:914} INFO - Processing file /home/airflow/.local/lib/python3.12/site-packages/airflow/example_dags/example_latest_only.py for tasks to queue
[2024-08-22T00:28:50.809+0000] {logging_mixin.py:190} INFO - [2024-08-22T00:28:50.807+0000] {dagbag.py:587} INFO - Filling up the DagBag from /home/airflow/.local/lib/python3.12/site-packages/airflow/example_dags/example_latest_only.py
[2024-08-22T00:28:50.830+0000] {processor.py:925} INFO - DAG(s) 'latest_only' retrieved from /home/airflow/.local/lib/python3.12/site-packages/airflow/example_dags/example_latest_only.py
[2024-08-22T00:28:50.905+0000] {logging_mixin.py:190} INFO - [2024-08-22T00:28:50.904+0000] {dag.py:3211} INFO - Sync 1 DAGs
[2024-08-22T00:28:50.974+0000] {logging_mixin.py:190} INFO - [2024-08-22T00:28:50.973+0000] {dag.py:4138} INFO - Setting next_dagrun for latest_only to 2024-08-21 20:00:00+00:00, run_after=2024-08-22 00:00:00+00:00
[2024-08-22T00:28:51.027+0000] {processor.py:208} INFO - Processing /home/airflow/.local/lib/python3.12/site-packages/airflow/example_dags/example_latest_only.py took 0.243 seconds
[2024-08-22T00:29:21.740+0000] {processor.py:186} INFO - Started process (PID=1121) to work on /home/airflow/.local/lib/python3.12/site-packages/airflow/example_dags/example_latest_only.py
[2024-08-22T00:29:21.747+0000] {processor.py:914} INFO - Processing file /home/airflow/.local/lib/python3.12/site-packages/airflow/example_dags/example_latest_only.py for tasks to queue
[2024-08-22T00:29:21.752+0000] {logging_mixin.py:190} INFO - [2024-08-22T00:29:21.751+0000] {dagbag.py:587} INFO - Filling up the DagBag from /home/airflow/.local/lib/python3.12/site-packages/airflow/example_dags/example_latest_only.py
[2024-08-22T00:29:21.796+0000] {processor.py:925} INFO - DAG(s) 'latest_only' retrieved from /home/airflow/.local/lib/python3.12/site-packages/airflow/example_dags/example_latest_only.py
[2024-08-22T00:29:21.847+0000] {logging_mixin.py:190} INFO - [2024-08-22T00:29:21.846+0000] {dag.py:3211} INFO - Sync 1 DAGs
[2024-08-22T00:29:21.895+0000] {logging_mixin.py:190} INFO - [2024-08-22T00:29:21.894+0000] {dag.py:4138} INFO - Setting next_dagrun for latest_only to 2024-08-21 20:00:00+00:00, run_after=2024-08-22 00:00:00+00:00
[2024-08-22T00:29:21.932+0000] {processor.py:208} INFO - Processing /home/airflow/.local/lib/python3.12/site-packages/airflow/example_dags/example_latest_only.py took 0.219 seconds
[2024-08-22T00:29:52.454+0000] {processor.py:186} INFO - Started process (PID=1184) to work on /home/airflow/.local/lib/python3.12/site-packages/airflow/example_dags/example_latest_only.py
[2024-08-22T00:29:52.456+0000] {processor.py:914} INFO - Processing file /home/airflow/.local/lib/python3.12/site-packages/airflow/example_dags/example_latest_only.py for tasks to queue
[2024-08-22T00:29:52.462+0000] {logging_mixin.py:190} INFO - [2024-08-22T00:29:52.461+0000] {dagbag.py:587} INFO - Filling up the DagBag from /home/airflow/.local/lib/python3.12/site-packages/airflow/example_dags/example_latest_only.py
[2024-08-22T00:29:52.478+0000] {processor.py:925} INFO - DAG(s) 'latest_only' retrieved from /home/airflow/.local/lib/python3.12/site-packages/airflow/example_dags/example_latest_only.py
[2024-08-22T00:29:52.510+0000] {logging_mixin.py:190} INFO - [2024-08-22T00:29:52.509+0000] {dag.py:3211} INFO - Sync 1 DAGs
[2024-08-22T00:29:52.556+0000] {logging_mixin.py:190} INFO - [2024-08-22T00:29:52.556+0000] {dag.py:4138} INFO - Setting next_dagrun for latest_only to 2024-08-21 20:00:00+00:00, run_after=2024-08-22 00:00:00+00:00
[2024-08-22T00:29:52.596+0000] {processor.py:208} INFO - Processing /home/airflow/.local/lib/python3.12/site-packages/airflow/example_dags/example_latest_only.py took 0.155 seconds
[2024-08-22T00:30:24.088+0000] {processor.py:186} INFO - Started process (PID=1247) to work on /home/airflow/.local/lib/python3.12/site-packages/airflow/example_dags/example_latest_only.py
[2024-08-22T00:30:24.090+0000] {processor.py:914} INFO - Processing file /home/airflow/.local/lib/python3.12/site-packages/airflow/example_dags/example_latest_only.py for tasks to queue
[2024-08-22T00:30:24.101+0000] {logging_mixin.py:190} INFO - [2024-08-22T00:30:24.100+0000] {dagbag.py:587} INFO - Filling up the DagBag from /home/airflow/.local/lib/python3.12/site-packages/airflow/example_dags/example_latest_only.py
[2024-08-22T00:30:24.138+0000] {processor.py:925} INFO - DAG(s) 'latest_only' retrieved from /home/airflow/.local/lib/python3.12/site-packages/airflow/example_dags/example_latest_only.py
[2024-08-22T00:30:24.207+0000] {logging_mixin.py:190} INFO - [2024-08-22T00:30:24.206+0000] {dag.py:3211} INFO - Sync 1 DAGs
[2024-08-22T00:30:24.270+0000] {logging_mixin.py:190} INFO - [2024-08-22T00:30:24.269+0000] {dag.py:4138} INFO - Setting next_dagrun for latest_only to 2024-08-21 20:00:00+00:00, run_after=2024-08-22 00:00:00+00:00
[2024-08-22T00:30:24.315+0000] {processor.py:208} INFO - Processing /home/airflow/.local/lib/python3.12/site-packages/airflow/example_dags/example_latest_only.py took 0.247 seconds
[2024-08-22T00:30:54.912+0000] {processor.py:186} INFO - Started process (PID=1317) to work on /home/airflow/.local/lib/python3.12/site-packages/airflow/example_dags/example_latest_only.py
[2024-08-22T00:30:54.914+0000] {processor.py:914} INFO - Processing file /home/airflow/.local/lib/python3.12/site-packages/airflow/example_dags/example_latest_only.py for tasks to queue
[2024-08-22T00:30:54.917+0000] {logging_mixin.py:190} INFO - [2024-08-22T00:30:54.916+0000] {dagbag.py:587} INFO - Filling up the DagBag from /home/airflow/.local/lib/python3.12/site-packages/airflow/example_dags/example_latest_only.py
[2024-08-22T00:30:54.930+0000] {processor.py:925} INFO - DAG(s) 'latest_only' retrieved from /home/airflow/.local/lib/python3.12/site-packages/airflow/example_dags/example_latest_only.py
[2024-08-22T00:30:54.967+0000] {logging_mixin.py:190} INFO - [2024-08-22T00:30:54.967+0000] {dag.py:3211} INFO - Sync 1 DAGs
[2024-08-22T00:30:55.007+0000] {logging_mixin.py:190} INFO - [2024-08-22T00:30:55.007+0000] {dag.py:4138} INFO - Setting next_dagrun for latest_only to 2024-08-21 20:00:00+00:00, run_after=2024-08-22 00:00:00+00:00
[2024-08-22T00:30:55.049+0000] {processor.py:208} INFO - Processing /home/airflow/.local/lib/python3.12/site-packages/airflow/example_dags/example_latest_only.py took 0.148 seconds
[2024-08-22T00:31:26.105+0000] {processor.py:186} INFO - Started process (PID=1381) to work on /home/airflow/.local/lib/python3.12/site-packages/airflow/example_dags/example_latest_only.py
[2024-08-22T00:31:26.106+0000] {processor.py:914} INFO - Processing file /home/airflow/.local/lib/python3.12/site-packages/airflow/example_dags/example_latest_only.py for tasks to queue
[2024-08-22T00:31:26.111+0000] {logging_mixin.py:190} INFO - [2024-08-22T00:31:26.110+0000] {dagbag.py:587} INFO - Filling up the DagBag from /home/airflow/.local/lib/python3.12/site-packages/airflow/example_dags/example_latest_only.py
[2024-08-22T00:31:26.122+0000] {processor.py:925} INFO - DAG(s) 'latest_only' retrieved from /home/airflow/.local/lib/python3.12/site-packages/airflow/example_dags/example_latest_only.py
[2024-08-22T00:31:26.166+0000] {logging_mixin.py:190} INFO - [2024-08-22T00:31:26.166+0000] {dag.py:3211} INFO - Sync 1 DAGs
[2024-08-22T00:31:26.215+0000] {logging_mixin.py:190} INFO - [2024-08-22T00:31:26.215+0000] {dag.py:4138} INFO - Setting next_dagrun for latest_only to 2024-08-21 20:00:00+00:00, run_after=2024-08-22 00:00:00+00:00
[2024-08-22T00:31:26.254+0000] {processor.py:208} INFO - Processing /home/airflow/.local/lib/python3.12/site-packages/airflow/example_dags/example_latest_only.py took 0.160 seconds
[2024-08-22T00:31:56.535+0000] {processor.py:186} INFO - Started process (PID=1444) to work on /home/airflow/.local/lib/python3.12/site-packages/airflow/example_dags/example_latest_only.py
[2024-08-22T00:31:56.537+0000] {processor.py:914} INFO - Processing file /home/airflow/.local/lib/python3.12/site-packages/airflow/example_dags/example_latest_only.py for tasks to queue
[2024-08-22T00:31:56.541+0000] {logging_mixin.py:190} INFO - [2024-08-22T00:31:56.540+0000] {dagbag.py:587} INFO - Filling up the DagBag from /home/airflow/.local/lib/python3.12/site-packages/airflow/example_dags/example_latest_only.py
[2024-08-22T00:31:56.559+0000] {processor.py:925} INFO - DAG(s) 'latest_only' retrieved from /home/airflow/.local/lib/python3.12/site-packages/airflow/example_dags/example_latest_only.py
[2024-08-22T00:31:56.637+0000] {logging_mixin.py:190} INFO - [2024-08-22T00:31:56.637+0000] {dag.py:3211} INFO - Sync 1 DAGs
[2024-08-22T00:31:56.715+0000] {logging_mixin.py:190} INFO - [2024-08-22T00:31:56.714+0000] {dag.py:4138} INFO - Setting next_dagrun for latest_only to 2024-08-21 20:00:00+00:00, run_after=2024-08-22 00:00:00+00:00
[2024-08-22T00:31:56.741+0000] {processor.py:208} INFO - Processing /home/airflow/.local/lib/python3.12/site-packages/airflow/example_dags/example_latest_only.py took 0.217 seconds
[2024-08-22T00:32:27.553+0000] {processor.py:186} INFO - Started process (PID=1507) to work on /home/airflow/.local/lib/python3.12/site-packages/airflow/example_dags/example_latest_only.py
[2024-08-22T00:32:27.555+0000] {processor.py:914} INFO - Processing file /home/airflow/.local/lib/python3.12/site-packages/airflow/example_dags/example_latest_only.py for tasks to queue
[2024-08-22T00:32:27.559+0000] {logging_mixin.py:190} INFO - [2024-08-22T00:32:27.558+0000] {dagbag.py:587} INFO - Filling up the DagBag from /home/airflow/.local/lib/python3.12/site-packages/airflow/example_dags/example_latest_only.py
[2024-08-22T00:32:27.572+0000] {processor.py:925} INFO - DAG(s) 'latest_only' retrieved from /home/airflow/.local/lib/python3.12/site-packages/airflow/example_dags/example_latest_only.py
[2024-08-22T00:32:27.609+0000] {logging_mixin.py:190} INFO - [2024-08-22T00:32:27.609+0000] {dag.py:3211} INFO - Sync 1 DAGs
[2024-08-22T00:32:27.671+0000] {logging_mixin.py:190} INFO - [2024-08-22T00:32:27.670+0000] {dag.py:4138} INFO - Setting next_dagrun for latest_only to 2024-08-21 20:00:00+00:00, run_after=2024-08-22 00:00:00+00:00
[2024-08-22T00:32:27.711+0000] {processor.py:208} INFO - Processing /home/airflow/.local/lib/python3.12/site-packages/airflow/example_dags/example_latest_only.py took 0.168 seconds
[2024-08-22T00:32:58.281+0000] {processor.py:186} INFO - Started process (PID=1570) to work on /home/airflow/.local/lib/python3.12/site-packages/airflow/example_dags/example_latest_only.py
[2024-08-22T00:32:58.283+0000] {processor.py:914} INFO - Processing file /home/airflow/.local/lib/python3.12/site-packages/airflow/example_dags/example_latest_only.py for tasks to queue
[2024-08-22T00:32:58.286+0000] {logging_mixin.py:190} INFO - [2024-08-22T00:32:58.285+0000] {dagbag.py:587} INFO - Filling up the DagBag from /home/airflow/.local/lib/python3.12/site-packages/airflow/example_dags/example_latest_only.py
[2024-08-22T00:32:58.295+0000] {processor.py:925} INFO - DAG(s) 'latest_only' retrieved from /home/airflow/.local/lib/python3.12/site-packages/airflow/example_dags/example_latest_only.py
[2024-08-22T00:32:58.321+0000] {logging_mixin.py:190} INFO - [2024-08-22T00:32:58.320+0000] {dag.py:3211} INFO - Sync 1 DAGs
[2024-08-22T00:32:58.354+0000] {logging_mixin.py:190} INFO - [2024-08-22T00:32:58.353+0000] {dag.py:4138} INFO - Setting next_dagrun for latest_only to 2024-08-21 20:00:00+00:00, run_after=2024-08-22 00:00:00+00:00
[2024-08-22T00:32:58.389+0000] {processor.py:208} INFO - Processing /home/airflow/.local/lib/python3.12/site-packages/airflow/example_dags/example_latest_only.py took 0.116 seconds
[2024-08-22T00:33:32.284+0000] {processor.py:186} INFO - Started process (PID=1632) to work on /home/airflow/.local/lib/python3.12/site-packages/airflow/example_dags/example_latest_only.py
[2024-08-22T00:33:32.285+0000] {processor.py:914} INFO - Processing file /home/airflow/.local/lib/python3.12/site-packages/airflow/example_dags/example_latest_only.py for tasks to queue
[2024-08-22T00:33:32.289+0000] {logging_mixin.py:190} INFO - [2024-08-22T00:33:32.289+0000] {dagbag.py:587} INFO - Filling up the DagBag from /home/airflow/.local/lib/python3.12/site-packages/airflow/example_dags/example_latest_only.py
[2024-08-22T00:33:32.304+0000] {processor.py:925} INFO - DAG(s) 'latest_only' retrieved from /home/airflow/.local/lib/python3.12/site-packages/airflow/example_dags/example_latest_only.py
[2024-08-22T00:33:32.348+0000] {logging_mixin.py:190} INFO - [2024-08-22T00:33:32.348+0000] {dag.py:3211} INFO - Sync 1 DAGs
[2024-08-22T00:33:32.390+0000] {logging_mixin.py:190} INFO - [2024-08-22T00:33:32.390+0000] {dag.py:4138} INFO - Setting next_dagrun for latest_only to 2024-08-21 20:00:00+00:00, run_after=2024-08-22 00:00:00+00:00
[2024-08-22T00:33:32.419+0000] {processor.py:208} INFO - Processing /home/airflow/.local/lib/python3.12/site-packages/airflow/example_dags/example_latest_only.py took 0.147 seconds
[2024-08-22T00:34:03.634+0000] {processor.py:186} INFO - Started process (PID=1696) to work on /home/airflow/.local/lib/python3.12/site-packages/airflow/example_dags/example_latest_only.py
[2024-08-22T00:34:03.636+0000] {processor.py:914} INFO - Processing file /home/airflow/.local/lib/python3.12/site-packages/airflow/example_dags/example_latest_only.py for tasks to queue
[2024-08-22T00:34:03.653+0000] {logging_mixin.py:190} INFO - [2024-08-22T00:34:03.651+0000] {dagbag.py:587} INFO - Filling up the DagBag from /home/airflow/.local/lib/python3.12/site-packages/airflow/example_dags/example_latest_only.py
[2024-08-22T00:34:03.680+0000] {processor.py:925} INFO - DAG(s) 'latest_only' retrieved from /home/airflow/.local/lib/python3.12/site-packages/airflow/example_dags/example_latest_only.py
[2024-08-22T00:34:03.735+0000] {logging_mixin.py:190} INFO - [2024-08-22T00:34:03.734+0000] {dag.py:3211} INFO - Sync 1 DAGs
[2024-08-22T00:34:03.788+0000] {logging_mixin.py:190} INFO - [2024-08-22T00:34:03.787+0000] {dag.py:4138} INFO - Setting next_dagrun for latest_only to 2024-08-21 20:00:00+00:00, run_after=2024-08-22 00:00:00+00:00
[2024-08-22T00:34:03.840+0000] {processor.py:208} INFO - Processing /home/airflow/.local/lib/python3.12/site-packages/airflow/example_dags/example_latest_only.py took 0.221 seconds
[2024-08-22T00:34:35.154+0000] {processor.py:186} INFO - Started process (PID=1758) to work on /home/airflow/.local/lib/python3.12/site-packages/airflow/example_dags/example_latest_only.py
[2024-08-22T00:34:35.155+0000] {processor.py:914} INFO - Processing file /home/airflow/.local/lib/python3.12/site-packages/airflow/example_dags/example_latest_only.py for tasks to queue
[2024-08-22T00:34:35.160+0000] {logging_mixin.py:190} INFO - [2024-08-22T00:34:35.159+0000] {dagbag.py:587} INFO - Filling up the DagBag from /home/airflow/.local/lib/python3.12/site-packages/airflow/example_dags/example_latest_only.py
[2024-08-22T00:34:35.183+0000] {processor.py:925} INFO - DAG(s) 'latest_only' retrieved from /home/airflow/.local/lib/python3.12/site-packages/airflow/example_dags/example_latest_only.py
[2024-08-22T00:34:35.237+0000] {logging_mixin.py:190} INFO - [2024-08-22T00:34:35.237+0000] {dag.py:3211} INFO - Sync 1 DAGs
[2024-08-22T00:34:35.290+0000] {logging_mixin.py:190} INFO - [2024-08-22T00:34:35.289+0000] {dag.py:4138} INFO - Setting next_dagrun for latest_only to 2024-08-21 20:00:00+00:00, run_after=2024-08-22 00:00:00+00:00
[2024-08-22T00:34:35.366+0000] {processor.py:208} INFO - Processing /home/airflow/.local/lib/python3.12/site-packages/airflow/example_dags/example_latest_only.py took 0.232 seconds
[2024-08-22T00:35:05.938+0000] {processor.py:186} INFO - Started process (PID=1821) to work on /home/airflow/.local/lib/python3.12/site-packages/airflow/example_dags/example_latest_only.py
[2024-08-22T00:35:05.939+0000] {processor.py:914} INFO - Processing file /home/airflow/.local/lib/python3.12/site-packages/airflow/example_dags/example_latest_only.py for tasks to queue
[2024-08-22T00:35:05.943+0000] {logging_mixin.py:190} INFO - [2024-08-22T00:35:05.942+0000] {dagbag.py:587} INFO - Filling up the DagBag from /home/airflow/.local/lib/python3.12/site-packages/airflow/example_dags/example_latest_only.py
[2024-08-22T00:35:05.956+0000] {processor.py:925} INFO - DAG(s) 'latest_only' retrieved from /home/airflow/.local/lib/python3.12/site-packages/airflow/example_dags/example_latest_only.py
[2024-08-22T00:35:05.993+0000] {logging_mixin.py:190} INFO - [2024-08-22T00:35:05.992+0000] {dag.py:3211} INFO - Sync 1 DAGs
[2024-08-22T00:35:06.043+0000] {logging_mixin.py:190} INFO - [2024-08-22T00:35:06.043+0000] {dag.py:4138} INFO - Setting next_dagrun for latest_only to 2024-08-21 20:00:00+00:00, run_after=2024-08-22 00:00:00+00:00
[2024-08-22T00:35:06.100+0000] {processor.py:208} INFO - Processing /home/airflow/.local/lib/python3.12/site-packages/airflow/example_dags/example_latest_only.py took 0.174 seconds
[2024-08-22T00:35:36.818+0000] {processor.py:186} INFO - Started process (PID=1884) to work on /home/airflow/.local/lib/python3.12/site-packages/airflow/example_dags/example_latest_only.py
[2024-08-22T00:35:36.820+0000] {processor.py:914} INFO - Processing file /home/airflow/.local/lib/python3.12/site-packages/airflow/example_dags/example_latest_only.py for tasks to queue
[2024-08-22T00:35:36.825+0000] {logging_mixin.py:190} INFO - [2024-08-22T00:35:36.824+0000] {dagbag.py:587} INFO - Filling up the DagBag from /home/airflow/.local/lib/python3.12/site-packages/airflow/example_dags/example_latest_only.py
[2024-08-22T00:35:36.838+0000] {processor.py:925} INFO - DAG(s) 'latest_only' retrieved from /home/airflow/.local/lib/python3.12/site-packages/airflow/example_dags/example_latest_only.py
[2024-08-22T00:35:36.875+0000] {logging_mixin.py:190} INFO - [2024-08-22T00:35:36.874+0000] {dag.py:3211} INFO - Sync 1 DAGs
[2024-08-22T00:35:36.920+0000] {logging_mixin.py:190} INFO - [2024-08-22T00:35:36.919+0000] {dag.py:4138} INFO - Setting next_dagrun for latest_only to 2024-08-21 20:00:00+00:00, run_after=2024-08-22 00:00:00+00:00
[2024-08-22T00:35:36.952+0000] {processor.py:208} INFO - Processing /home/airflow/.local/lib/python3.12/site-packages/airflow/example_dags/example_latest_only.py took 0.145 seconds
[2024-08-22T00:36:07.827+0000] {processor.py:186} INFO - Started process (PID=1946) to work on /home/airflow/.local/lib/python3.12/site-packages/airflow/example_dags/example_latest_only.py
[2024-08-22T00:36:07.829+0000] {processor.py:914} INFO - Processing file /home/airflow/.local/lib/python3.12/site-packages/airflow/example_dags/example_latest_only.py for tasks to queue
[2024-08-22T00:36:07.834+0000] {logging_mixin.py:190} INFO - [2024-08-22T00:36:07.834+0000] {dagbag.py:587} INFO - Filling up the DagBag from /home/airflow/.local/lib/python3.12/site-packages/airflow/example_dags/example_latest_only.py
[2024-08-22T00:36:07.845+0000] {processor.py:925} INFO - DAG(s) 'latest_only' retrieved from /home/airflow/.local/lib/python3.12/site-packages/airflow/example_dags/example_latest_only.py
[2024-08-22T00:36:07.882+0000] {logging_mixin.py:190} INFO - [2024-08-22T00:36:07.882+0000] {dag.py:3211} INFO - Sync 1 DAGs
[2024-08-22T00:36:07.921+0000] {logging_mixin.py:190} INFO - [2024-08-22T00:36:07.920+0000] {dag.py:4138} INFO - Setting next_dagrun for latest_only to 2024-08-21 20:00:00+00:00, run_after=2024-08-22 00:00:00+00:00
[2024-08-22T00:36:07.954+0000] {processor.py:208} INFO - Processing /home/airflow/.local/lib/python3.12/site-packages/airflow/example_dags/example_latest_only.py took 0.135 seconds
[2024-08-22T00:36:38.770+0000] {processor.py:186} INFO - Started process (PID=2009) to work on /home/airflow/.local/lib/python3.12/site-packages/airflow/example_dags/example_latest_only.py
[2024-08-22T00:36:38.771+0000] {processor.py:914} INFO - Processing file /home/airflow/.local/lib/python3.12/site-packages/airflow/example_dags/example_latest_only.py for tasks to queue
[2024-08-22T00:36:38.774+0000] {logging_mixin.py:190} INFO - [2024-08-22T00:36:38.774+0000] {dagbag.py:587} INFO - Filling up the DagBag from /home/airflow/.local/lib/python3.12/site-packages/airflow/example_dags/example_latest_only.py
[2024-08-22T00:36:38.790+0000] {processor.py:925} INFO - DAG(s) 'latest_only' retrieved from /home/airflow/.local/lib/python3.12/site-packages/airflow/example_dags/example_latest_only.py
[2024-08-22T00:36:38.823+0000] {logging_mixin.py:190} INFO - [2024-08-22T00:36:38.823+0000] {dag.py:3211} INFO - Sync 1 DAGs
[2024-08-22T00:36:38.884+0000] {logging_mixin.py:190} INFO - [2024-08-22T00:36:38.884+0000] {dag.py:4138} INFO - Setting next_dagrun for latest_only to 2024-08-21 20:00:00+00:00, run_after=2024-08-22 00:00:00+00:00
[2024-08-22T00:36:38.933+0000] {processor.py:208} INFO - Processing /home/airflow/.local/lib/python3.12/site-packages/airflow/example_dags/example_latest_only.py took 0.175 seconds
[2024-08-22T00:37:09.952+0000] {processor.py:186} INFO - Started process (PID=2072) to work on /home/airflow/.local/lib/python3.12/site-packages/airflow/example_dags/example_latest_only.py
[2024-08-22T00:37:09.953+0000] {processor.py:914} INFO - Processing file /home/airflow/.local/lib/python3.12/site-packages/airflow/example_dags/example_latest_only.py for tasks to queue
[2024-08-22T00:37:09.957+0000] {logging_mixin.py:190} INFO - [2024-08-22T00:37:09.956+0000] {dagbag.py:587} INFO - Filling up the DagBag from /home/airflow/.local/lib/python3.12/site-packages/airflow/example_dags/example_latest_only.py
[2024-08-22T00:37:09.970+0000] {processor.py:925} INFO - DAG(s) 'latest_only' retrieved from /home/airflow/.local/lib/python3.12/site-packages/airflow/example_dags/example_latest_only.py
[2024-08-22T00:37:10.005+0000] {logging_mixin.py:190} INFO - [2024-08-22T00:37:10.005+0000] {dag.py:3211} INFO - Sync 1 DAGs
[2024-08-22T00:37:10.056+0000] {logging_mixin.py:190} INFO - [2024-08-22T00:37:10.055+0000] {dag.py:4138} INFO - Setting next_dagrun for latest_only to 2024-08-21 20:00:00+00:00, run_after=2024-08-22 00:00:00+00:00
[2024-08-22T00:37:10.101+0000] {processor.py:208} INFO - Processing /home/airflow/.local/lib/python3.12/site-packages/airflow/example_dags/example_latest_only.py took 0.159 seconds
[2024-08-22T00:37:42.440+0000] {processor.py:186} INFO - Started process (PID=2136) to work on /home/airflow/.local/lib/python3.12/site-packages/airflow/example_dags/example_latest_only.py
[2024-08-22T00:37:42.441+0000] {processor.py:914} INFO - Processing file /home/airflow/.local/lib/python3.12/site-packages/airflow/example_dags/example_latest_only.py for tasks to queue
[2024-08-22T00:37:42.449+0000] {logging_mixin.py:190} INFO - [2024-08-22T00:37:42.448+0000] {dagbag.py:587} INFO - Filling up the DagBag from /home/airflow/.local/lib/python3.12/site-packages/airflow/example_dags/example_latest_only.py
[2024-08-22T00:37:42.461+0000] {processor.py:925} INFO - DAG(s) 'latest_only' retrieved from /home/airflow/.local/lib/python3.12/site-packages/airflow/example_dags/example_latest_only.py
[2024-08-22T00:37:42.505+0000] {logging_mixin.py:190} INFO - [2024-08-22T00:37:42.504+0000] {dag.py:3211} INFO - Sync 1 DAGs
[2024-08-22T00:37:42.561+0000] {logging_mixin.py:190} INFO - [2024-08-22T00:37:42.561+0000] {dag.py:4138} INFO - Setting next_dagrun for latest_only to 2024-08-21 20:00:00+00:00, run_after=2024-08-22 00:00:00+00:00
[2024-08-22T00:37:42.601+0000] {processor.py:208} INFO - Processing /home/airflow/.local/lib/python3.12/site-packages/airflow/example_dags/example_latest_only.py took 0.174 seconds
[2024-08-22T00:38:13.120+0000] {processor.py:186} INFO - Started process (PID=2199) to work on /home/airflow/.local/lib/python3.12/site-packages/airflow/example_dags/example_latest_only.py
[2024-08-22T00:38:13.122+0000] {processor.py:914} INFO - Processing file /home/airflow/.local/lib/python3.12/site-packages/airflow/example_dags/example_latest_only.py for tasks to queue
[2024-08-22T00:38:13.126+0000] {logging_mixin.py:190} INFO - [2024-08-22T00:38:13.126+0000] {dagbag.py:587} INFO - Filling up the DagBag from /home/airflow/.local/lib/python3.12/site-packages/airflow/example_dags/example_latest_only.py
[2024-08-22T00:38:13.144+0000] {processor.py:925} INFO - DAG(s) 'latest_only' retrieved from /home/airflow/.local/lib/python3.12/site-packages/airflow/example_dags/example_latest_only.py
[2024-08-22T00:38:13.178+0000] {logging_mixin.py:190} INFO - [2024-08-22T00:38:13.178+0000] {dag.py:3211} INFO - Sync 1 DAGs
[2024-08-22T00:38:13.219+0000] {logging_mixin.py:190} INFO - [2024-08-22T00:38:13.219+0000] {dag.py:4138} INFO - Setting next_dagrun for latest_only to 2024-08-21 20:00:00+00:00, run_after=2024-08-22 00:00:00+00:00
[2024-08-22T00:38:13.255+0000] {processor.py:208} INFO - Processing /home/airflow/.local/lib/python3.12/site-packages/airflow/example_dags/example_latest_only.py took 0.147 seconds
[2024-08-22T00:38:45.657+0000] {processor.py:186} INFO - Started process (PID=2262) to work on /home/airflow/.local/lib/python3.12/site-packages/airflow/example_dags/example_latest_only.py
[2024-08-22T00:38:45.659+0000] {processor.py:914} INFO - Processing file /home/airflow/.local/lib/python3.12/site-packages/airflow/example_dags/example_latest_only.py for tasks to queue
[2024-08-22T00:38:45.667+0000] {logging_mixin.py:190} INFO - [2024-08-22T00:38:45.667+0000] {dagbag.py:587} INFO - Filling up the DagBag from /home/airflow/.local/lib/python3.12/site-packages/airflow/example_dags/example_latest_only.py
[2024-08-22T00:38:45.692+0000] {processor.py:925} INFO - DAG(s) 'latest_only' retrieved from /home/airflow/.local/lib/python3.12/site-packages/airflow/example_dags/example_latest_only.py
[2024-08-22T00:38:45.763+0000] {logging_mixin.py:190} INFO - [2024-08-22T00:38:45.763+0000] {dag.py:3211} INFO - Sync 1 DAGs
[2024-08-22T00:38:45.818+0000] {logging_mixin.py:190} INFO - [2024-08-22T00:38:45.818+0000] {dag.py:4138} INFO - Setting next_dagrun for latest_only to 2024-08-21 20:00:00+00:00, run_after=2024-08-22 00:00:00+00:00
[2024-08-22T00:38:45.857+0000] {processor.py:208} INFO - Processing /home/airflow/.local/lib/python3.12/site-packages/airflow/example_dags/example_latest_only.py took 0.216 seconds
[2024-08-22T00:39:17.880+0000] {processor.py:186} INFO - Started process (PID=2324) to work on /home/airflow/.local/lib/python3.12/site-packages/airflow/example_dags/example_latest_only.py
[2024-08-22T00:39:17.881+0000] {processor.py:914} INFO - Processing file /home/airflow/.local/lib/python3.12/site-packages/airflow/example_dags/example_latest_only.py for tasks to queue
[2024-08-22T00:39:17.886+0000] {logging_mixin.py:190} INFO - [2024-08-22T00:39:17.885+0000] {dagbag.py:587} INFO - Filling up the DagBag from /home/airflow/.local/lib/python3.12/site-packages/airflow/example_dags/example_latest_only.py
[2024-08-22T00:39:17.895+0000] {processor.py:925} INFO - DAG(s) 'latest_only' retrieved from /home/airflow/.local/lib/python3.12/site-packages/airflow/example_dags/example_latest_only.py
[2024-08-22T00:39:17.931+0000] {logging_mixin.py:190} INFO - [2024-08-22T00:39:17.931+0000] {dag.py:3211} INFO - Sync 1 DAGs
[2024-08-22T00:39:17.977+0000] {logging_mixin.py:190} INFO - [2024-08-22T00:39:17.977+0000] {dag.py:4138} INFO - Setting next_dagrun for latest_only to 2024-08-21 20:00:00+00:00, run_after=2024-08-22 00:00:00+00:00
[2024-08-22T00:39:18.008+0000] {processor.py:208} INFO - Processing /home/airflow/.local/lib/python3.12/site-packages/airflow/example_dags/example_latest_only.py took 0.140 seconds
[2024-08-22T00:39:49.431+0000] {processor.py:186} INFO - Started process (PID=2389) to work on /home/airflow/.local/lib/python3.12/site-packages/airflow/example_dags/example_latest_only.py
[2024-08-22T00:39:49.433+0000] {processor.py:914} INFO - Processing file /home/airflow/.local/lib/python3.12/site-packages/airflow/example_dags/example_latest_only.py for tasks to queue
[2024-08-22T00:39:49.437+0000] {logging_mixin.py:190} INFO - [2024-08-22T00:39:49.436+0000] {dagbag.py:587} INFO - Filling up the DagBag from /home/airflow/.local/lib/python3.12/site-packages/airflow/example_dags/example_latest_only.py
[2024-08-22T00:39:49.450+0000] {processor.py:925} INFO - DAG(s) 'latest_only' retrieved from /home/airflow/.local/lib/python3.12/site-packages/airflow/example_dags/example_latest_only.py
[2024-08-22T00:39:49.479+0000] {logging_mixin.py:190} INFO - [2024-08-22T00:39:49.479+0000] {dag.py:3211} INFO - Sync 1 DAGs
[2024-08-22T00:39:49.519+0000] {logging_mixin.py:190} INFO - [2024-08-22T00:39:49.518+0000] {dag.py:4138} INFO - Setting next_dagrun for latest_only to 2024-08-21 20:00:00+00:00, run_after=2024-08-22 00:00:00+00:00
[2024-08-22T00:39:49.550+0000] {processor.py:208} INFO - Processing /home/airflow/.local/lib/python3.12/site-packages/airflow/example_dags/example_latest_only.py took 0.130 seconds
[2024-08-22T00:40:22.247+0000] {processor.py:186} INFO - Started process (PID=2454) to work on /home/airflow/.local/lib/python3.12/site-packages/airflow/example_dags/example_latest_only.py
[2024-08-22T00:40:22.249+0000] {processor.py:914} INFO - Processing file /home/airflow/.local/lib/python3.12/site-packages/airflow/example_dags/example_latest_only.py for tasks to queue
[2024-08-22T00:40:22.253+0000] {logging_mixin.py:190} INFO - [2024-08-22T00:40:22.253+0000] {dagbag.py:587} INFO - Filling up the DagBag from /home/airflow/.local/lib/python3.12/site-packages/airflow/example_dags/example_latest_only.py
[2024-08-22T00:40:22.267+0000] {processor.py:925} INFO - DAG(s) 'latest_only' retrieved from /home/airflow/.local/lib/python3.12/site-packages/airflow/example_dags/example_latest_only.py
[2024-08-22T00:40:22.299+0000] {logging_mixin.py:190} INFO - [2024-08-22T00:40:22.299+0000] {dag.py:3211} INFO - Sync 1 DAGs
[2024-08-22T00:40:22.345+0000] {logging_mixin.py:190} INFO - [2024-08-22T00:40:22.344+0000] {dag.py:4138} INFO - Setting next_dagrun for latest_only to 2024-08-21 20:00:00+00:00, run_after=2024-08-22 00:00:00+00:00
[2024-08-22T00:40:22.557+0000] {processor.py:208} INFO - Processing /home/airflow/.local/lib/python3.12/site-packages/airflow/example_dags/example_latest_only.py took 0.325 seconds
[2024-08-22T00:40:53.479+0000] {processor.py:186} INFO - Started process (PID=2518) to work on /home/airflow/.local/lib/python3.12/site-packages/airflow/example_dags/example_latest_only.py
[2024-08-22T00:40:53.481+0000] {processor.py:914} INFO - Processing file /home/airflow/.local/lib/python3.12/site-packages/airflow/example_dags/example_latest_only.py for tasks to queue
[2024-08-22T00:40:53.484+0000] {logging_mixin.py:190} INFO - [2024-08-22T00:40:53.484+0000] {dagbag.py:587} INFO - Filling up the DagBag from /home/airflow/.local/lib/python3.12/site-packages/airflow/example_dags/example_latest_only.py
[2024-08-22T00:40:53.494+0000] {processor.py:925} INFO - DAG(s) 'latest_only' retrieved from /home/airflow/.local/lib/python3.12/site-packages/airflow/example_dags/example_latest_only.py
[2024-08-22T00:40:53.530+0000] {logging_mixin.py:190} INFO - [2024-08-22T00:40:53.529+0000] {dag.py:3211} INFO - Sync 1 DAGs
[2024-08-22T00:40:53.567+0000] {logging_mixin.py:190} INFO - [2024-08-22T00:40:53.566+0000] {dag.py:4138} INFO - Setting next_dagrun for latest_only to 2024-08-21 20:00:00+00:00, run_after=2024-08-22 00:00:00+00:00
[2024-08-22T00:40:53.615+0000] {processor.py:208} INFO - Processing /home/airflow/.local/lib/python3.12/site-packages/airflow/example_dags/example_latest_only.py took 0.148 seconds
[2024-08-22T00:41:23.981+0000] {processor.py:186} INFO - Started process (PID=2581) to work on /home/airflow/.local/lib/python3.12/site-packages/airflow/example_dags/example_latest_only.py
[2024-08-22T00:41:24.002+0000] {processor.py:914} INFO - Processing file /home/airflow/.local/lib/python3.12/site-packages/airflow/example_dags/example_latest_only.py for tasks to queue
[2024-08-22T00:41:24.030+0000] {logging_mixin.py:190} INFO - [2024-08-22T00:41:24.023+0000] {dagbag.py:587} INFO - Filling up the DagBag from /home/airflow/.local/lib/python3.12/site-packages/airflow/example_dags/example_latest_only.py
[2024-08-22T00:41:24.046+0000] {processor.py:925} INFO - DAG(s) 'latest_only' retrieved from /home/airflow/.local/lib/python3.12/site-packages/airflow/example_dags/example_latest_only.py
[2024-08-22T00:41:24.109+0000] {logging_mixin.py:190} INFO - [2024-08-22T00:41:24.109+0000] {dag.py:3211} INFO - Sync 1 DAGs
[2024-08-22T00:41:24.161+0000] {logging_mixin.py:190} INFO - [2024-08-22T00:41:24.161+0000] {dag.py:4138} INFO - Setting next_dagrun for latest_only to 2024-08-21 20:00:00+00:00, run_after=2024-08-22 00:00:00+00:00
[2024-08-22T00:41:24.202+0000] {processor.py:208} INFO - Processing /home/airflow/.local/lib/python3.12/site-packages/airflow/example_dags/example_latest_only.py took 0.245 seconds
[2024-08-22T00:41:55.593+0000] {processor.py:186} INFO - Started process (PID=2644) to work on /home/airflow/.local/lib/python3.12/site-packages/airflow/example_dags/example_latest_only.py
[2024-08-22T00:41:55.595+0000] {processor.py:914} INFO - Processing file /home/airflow/.local/lib/python3.12/site-packages/airflow/example_dags/example_latest_only.py for tasks to queue
[2024-08-22T00:41:55.599+0000] {logging_mixin.py:190} INFO - [2024-08-22T00:41:55.598+0000] {dagbag.py:587} INFO - Filling up the DagBag from /home/airflow/.local/lib/python3.12/site-packages/airflow/example_dags/example_latest_only.py
[2024-08-22T00:41:55.612+0000] {processor.py:925} INFO - DAG(s) 'latest_only' retrieved from /home/airflow/.local/lib/python3.12/site-packages/airflow/example_dags/example_latest_only.py
[2024-08-22T00:41:55.650+0000] {logging_mixin.py:190} INFO - [2024-08-22T00:41:55.650+0000] {dag.py:3211} INFO - Sync 1 DAGs
[2024-08-22T00:41:55.698+0000] {logging_mixin.py:190} INFO - [2024-08-22T00:41:55.698+0000] {dag.py:4138} INFO - Setting next_dagrun for latest_only to 2024-08-21 20:00:00+00:00, run_after=2024-08-22 00:00:00+00:00
[2024-08-22T00:41:55.742+0000] {processor.py:208} INFO - Processing /home/airflow/.local/lib/python3.12/site-packages/airflow/example_dags/example_latest_only.py took 0.159 seconds
[2024-08-22T00:42:27.007+0000] {processor.py:186} INFO - Started process (PID=2713) to work on /home/airflow/.local/lib/python3.12/site-packages/airflow/example_dags/example_latest_only.py
[2024-08-22T00:42:27.010+0000] {processor.py:914} INFO - Processing file /home/airflow/.local/lib/python3.12/site-packages/airflow/example_dags/example_latest_only.py for tasks to queue
[2024-08-22T00:42:27.015+0000] {logging_mixin.py:190} INFO - [2024-08-22T00:42:27.014+0000] {dagbag.py:587} INFO - Filling up the DagBag from /home/airflow/.local/lib/python3.12/site-packages/airflow/example_dags/example_latest_only.py
[2024-08-22T00:42:27.033+0000] {processor.py:925} INFO - DAG(s) 'latest_only' retrieved from /home/airflow/.local/lib/python3.12/site-packages/airflow/example_dags/example_latest_only.py
[2024-08-22T00:42:27.076+0000] {logging_mixin.py:190} INFO - [2024-08-22T00:42:27.076+0000] {dag.py:3211} INFO - Sync 1 DAGs
[2024-08-22T00:42:27.122+0000] {logging_mixin.py:190} INFO - [2024-08-22T00:42:27.122+0000] {dag.py:4138} INFO - Setting next_dagrun for latest_only to 2024-08-21 20:00:00+00:00, run_after=2024-08-22 00:00:00+00:00
[2024-08-22T00:42:27.165+0000] {processor.py:208} INFO - Processing /home/airflow/.local/lib/python3.12/site-packages/airflow/example_dags/example_latest_only.py took 0.174 seconds
