[2024-08-22T00:20:30.102+0000] {processor.py:186} INFO - Started process (PID=109) to work on /home/airflow/.local/lib/python3.12/site-packages/airflow/example_dags/example_branch_operator.py
[2024-08-22T00:20:30.135+0000] {processor.py:914} INFO - Processing file /home/airflow/.local/lib/python3.12/site-packages/airflow/example_dags/example_branch_operator.py for tasks to queue
[2024-08-22T00:20:30.149+0000] {logging_mixin.py:190} INFO - [2024-08-22T00:20:30.149+0000] {dagbag.py:587} INFO - Filling up the DagBag from /home/airflow/.local/lib/python3.12/site-packages/airflow/example_dags/example_branch_operator.py
[2024-08-22T00:20:30.271+0000] {processor.py:925} INFO - DAG(s) 'example_branch_operator' retrieved from /home/airflow/.local/lib/python3.12/site-packages/airflow/example_dags/example_branch_operator.py
[2024-08-22T00:20:30.876+0000] {logging_mixin.py:190} INFO - [2024-08-22T00:20:30.875+0000] {override.py:1858} INFO - Created Permission View: can read on DAG:example_branch_operator
[2024-08-22T00:20:30.937+0000] {logging_mixin.py:190} INFO - [2024-08-22T00:20:30.936+0000] {override.py:1858} INFO - Created Permission View: can delete on DAG:example_branch_operator
[2024-08-22T00:20:30.969+0000] {logging_mixin.py:190} INFO - [2024-08-22T00:20:30.967+0000] {override.py:1858} INFO - Created Permission View: can edit on DAG:example_branch_operator
[2024-08-22T00:20:30.971+0000] {logging_mixin.py:190} INFO - [2024-08-22T00:20:30.970+0000] {dag.py:3211} INFO - Sync 1 DAGs
[2024-08-22T00:20:31.079+0000] {logging_mixin.py:190} INFO - [2024-08-22T00:20:31.079+0000] {dag.py:3234} INFO - Creating ORM DAG for example_branch_operator
[2024-08-22T00:20:31.126+0000] {logging_mixin.py:190} INFO - [2024-08-22T00:20:31.125+0000] {dag.py:4138} INFO - Setting next_dagrun for example_branch_operator to 2024-08-21 00:00:00+00:00, run_after=2024-08-22 00:00:00+00:00
[2024-08-22T00:20:31.366+0000] {processor.py:208} INFO - Processing /home/airflow/.local/lib/python3.12/site-packages/airflow/example_dags/example_branch_operator.py took 1.299 seconds
[2024-08-22T00:21:03.410+0000] {processor.py:186} INFO - Started process (PID=172) to work on /home/airflow/.local/lib/python3.12/site-packages/airflow/example_dags/example_branch_operator.py
[2024-08-22T00:21:03.412+0000] {processor.py:914} INFO - Processing file /home/airflow/.local/lib/python3.12/site-packages/airflow/example_dags/example_branch_operator.py for tasks to queue
[2024-08-22T00:21:03.416+0000] {logging_mixin.py:190} INFO - [2024-08-22T00:21:03.415+0000] {dagbag.py:587} INFO - Filling up the DagBag from /home/airflow/.local/lib/python3.12/site-packages/airflow/example_dags/example_branch_operator.py
[2024-08-22T00:21:05.223+0000] {processor.py:925} INFO - DAG(s) 'example_branch_operator' retrieved from /home/airflow/.local/lib/python3.12/site-packages/airflow/example_dags/example_branch_operator.py
[2024-08-22T00:21:05.479+0000] {logging_mixin.py:190} INFO - [2024-08-22T00:21:05.479+0000] {dag.py:3211} INFO - Sync 1 DAGs
[2024-08-22T00:21:05.522+0000] {logging_mixin.py:190} INFO - [2024-08-22T00:21:05.521+0000] {dag.py:4138} INFO - Setting next_dagrun for example_branch_operator to 2024-08-21 00:00:00+00:00, run_after=2024-08-22 00:00:00+00:00
[2024-08-22T00:21:05.667+0000] {processor.py:208} INFO - Processing /home/airflow/.local/lib/python3.12/site-packages/airflow/example_dags/example_branch_operator.py took 2.268 seconds
[2024-08-22T00:22:00.893+0000] {processor.py:186} INFO - Started process (PID=241) to work on /home/airflow/.local/lib/python3.12/site-packages/airflow/example_dags/example_branch_operator.py
[2024-08-22T00:22:00.913+0000] {processor.py:914} INFO - Processing file /home/airflow/.local/lib/python3.12/site-packages/airflow/example_dags/example_branch_operator.py for tasks to queue
[2024-08-22T00:22:00.924+0000] {logging_mixin.py:190} INFO - [2024-08-22T00:22:00.923+0000] {dagbag.py:587} INFO - Filling up the DagBag from /home/airflow/.local/lib/python3.12/site-packages/airflow/example_dags/example_branch_operator.py
[2024-08-22T00:22:01.085+0000] {processor.py:925} INFO - DAG(s) 'example_branch_operator' retrieved from /home/airflow/.local/lib/python3.12/site-packages/airflow/example_dags/example_branch_operator.py
[2024-08-22T00:22:01.141+0000] {logging_mixin.py:190} INFO - [2024-08-22T00:22:01.140+0000] {dag.py:3211} INFO - Sync 1 DAGs
[2024-08-22T00:22:01.179+0000] {logging_mixin.py:190} INFO - [2024-08-22T00:22:01.178+0000] {dag.py:4138} INFO - Setting next_dagrun for example_branch_operator to 2024-08-21 00:00:00+00:00, run_after=2024-08-22 00:00:00+00:00
[2024-08-22T00:22:01.448+0000] {processor.py:208} INFO - Processing /home/airflow/.local/lib/python3.12/site-packages/airflow/example_dags/example_branch_operator.py took 0.590 seconds
[2024-08-22T00:22:31.906+0000] {processor.py:186} INFO - Started process (PID=303) to work on /home/airflow/.local/lib/python3.12/site-packages/airflow/example_dags/example_branch_operator.py
[2024-08-22T00:22:31.910+0000] {processor.py:914} INFO - Processing file /home/airflow/.local/lib/python3.12/site-packages/airflow/example_dags/example_branch_operator.py for tasks to queue
[2024-08-22T00:22:31.916+0000] {logging_mixin.py:190} INFO - [2024-08-22T00:22:31.915+0000] {dagbag.py:587} INFO - Filling up the DagBag from /home/airflow/.local/lib/python3.12/site-packages/airflow/example_dags/example_branch_operator.py
[2024-08-22T00:22:31.993+0000] {processor.py:925} INFO - DAG(s) 'example_branch_operator' retrieved from /home/airflow/.local/lib/python3.12/site-packages/airflow/example_dags/example_branch_operator.py
[2024-08-22T00:22:32.082+0000] {logging_mixin.py:190} INFO - [2024-08-22T00:22:32.082+0000] {dag.py:3211} INFO - Sync 1 DAGs
[2024-08-22T00:22:32.131+0000] {logging_mixin.py:190} INFO - [2024-08-22T00:22:32.129+0000] {dag.py:4138} INFO - Setting next_dagrun for example_branch_operator to 2024-08-21 00:00:00+00:00, run_after=2024-08-22 00:00:00+00:00
[2024-08-22T00:22:33.135+0000] {processor.py:208} INFO - Processing /home/airflow/.local/lib/python3.12/site-packages/airflow/example_dags/example_branch_operator.py took 1.238 seconds
[2024-08-22T00:23:03.812+0000] {processor.py:186} INFO - Started process (PID=366) to work on /home/airflow/.local/lib/python3.12/site-packages/airflow/example_dags/example_branch_operator.py
[2024-08-22T00:23:03.817+0000] {processor.py:914} INFO - Processing file /home/airflow/.local/lib/python3.12/site-packages/airflow/example_dags/example_branch_operator.py for tasks to queue
[2024-08-22T00:23:03.823+0000] {logging_mixin.py:190} INFO - [2024-08-22T00:23:03.822+0000] {dagbag.py:587} INFO - Filling up the DagBag from /home/airflow/.local/lib/python3.12/site-packages/airflow/example_dags/example_branch_operator.py
[2024-08-22T00:23:03.884+0000] {processor.py:925} INFO - DAG(s) 'example_branch_operator' retrieved from /home/airflow/.local/lib/python3.12/site-packages/airflow/example_dags/example_branch_operator.py
[2024-08-22T00:23:04.027+0000] {logging_mixin.py:190} INFO - [2024-08-22T00:23:04.022+0000] {dag.py:3211} INFO - Sync 1 DAGs
[2024-08-22T00:23:04.111+0000] {logging_mixin.py:190} INFO - [2024-08-22T00:23:04.111+0000] {dag.py:4138} INFO - Setting next_dagrun for example_branch_operator to 2024-08-21 00:00:00+00:00, run_after=2024-08-22 00:00:00+00:00
[2024-08-22T00:23:04.310+0000] {processor.py:208} INFO - Processing /home/airflow/.local/lib/python3.12/site-packages/airflow/example_dags/example_branch_operator.py took 0.514 seconds
[2024-08-22T00:23:34.502+0000] {processor.py:186} INFO - Started process (PID=429) to work on /home/airflow/.local/lib/python3.12/site-packages/airflow/example_dags/example_branch_operator.py
[2024-08-22T00:23:34.503+0000] {processor.py:914} INFO - Processing file /home/airflow/.local/lib/python3.12/site-packages/airflow/example_dags/example_branch_operator.py for tasks to queue
[2024-08-22T00:23:34.507+0000] {logging_mixin.py:190} INFO - [2024-08-22T00:23:34.506+0000] {dagbag.py:587} INFO - Filling up the DagBag from /home/airflow/.local/lib/python3.12/site-packages/airflow/example_dags/example_branch_operator.py
[2024-08-22T00:23:34.874+0000] {processor.py:925} INFO - DAG(s) 'example_branch_operator' retrieved from /home/airflow/.local/lib/python3.12/site-packages/airflow/example_dags/example_branch_operator.py
[2024-08-22T00:23:34.919+0000] {logging_mixin.py:190} INFO - [2024-08-22T00:23:34.918+0000] {dag.py:3211} INFO - Sync 1 DAGs
[2024-08-22T00:23:34.951+0000] {logging_mixin.py:190} INFO - [2024-08-22T00:23:34.951+0000] {dag.py:4138} INFO - Setting next_dagrun for example_branch_operator to 2024-08-21 00:00:00+00:00, run_after=2024-08-22 00:00:00+00:00
[2024-08-22T00:23:35.297+0000] {processor.py:208} INFO - Processing /home/airflow/.local/lib/python3.12/site-packages/airflow/example_dags/example_branch_operator.py took 0.803 seconds
[2024-08-22T00:24:05.568+0000] {processor.py:186} INFO - Started process (PID=491) to work on /home/airflow/.local/lib/python3.12/site-packages/airflow/example_dags/example_branch_operator.py
[2024-08-22T00:24:05.570+0000] {processor.py:914} INFO - Processing file /home/airflow/.local/lib/python3.12/site-packages/airflow/example_dags/example_branch_operator.py for tasks to queue
[2024-08-22T00:24:05.573+0000] {logging_mixin.py:190} INFO - [2024-08-22T00:24:05.573+0000] {dagbag.py:587} INFO - Filling up the DagBag from /home/airflow/.local/lib/python3.12/site-packages/airflow/example_dags/example_branch_operator.py
[2024-08-22T00:24:05.949+0000] {processor.py:925} INFO - DAG(s) 'example_branch_operator' retrieved from /home/airflow/.local/lib/python3.12/site-packages/airflow/example_dags/example_branch_operator.py
[2024-08-22T00:24:06.041+0000] {logging_mixin.py:190} INFO - [2024-08-22T00:24:06.041+0000] {dag.py:3211} INFO - Sync 1 DAGs
[2024-08-22T00:24:06.083+0000] {logging_mixin.py:190} INFO - [2024-08-22T00:24:06.082+0000] {dag.py:4138} INFO - Setting next_dagrun for example_branch_operator to 2024-08-21 00:00:00+00:00, run_after=2024-08-22 00:00:00+00:00
[2024-08-22T00:24:07.179+0000] {processor.py:208} INFO - Processing /home/airflow/.local/lib/python3.12/site-packages/airflow/example_dags/example_branch_operator.py took 1.620 seconds
[2024-08-22T00:24:37.957+0000] {processor.py:186} INFO - Started process (PID=555) to work on /home/airflow/.local/lib/python3.12/site-packages/airflow/example_dags/example_branch_operator.py
[2024-08-22T00:24:37.963+0000] {processor.py:914} INFO - Processing file /home/airflow/.local/lib/python3.12/site-packages/airflow/example_dags/example_branch_operator.py for tasks to queue
[2024-08-22T00:24:37.980+0000] {logging_mixin.py:190} INFO - [2024-08-22T00:24:37.980+0000] {dagbag.py:587} INFO - Filling up the DagBag from /home/airflow/.local/lib/python3.12/site-packages/airflow/example_dags/example_branch_operator.py
[2024-08-22T00:24:38.078+0000] {processor.py:925} INFO - DAG(s) 'example_branch_operator' retrieved from /home/airflow/.local/lib/python3.12/site-packages/airflow/example_dags/example_branch_operator.py
[2024-08-22T00:24:38.267+0000] {logging_mixin.py:190} INFO - [2024-08-22T00:24:38.267+0000] {dag.py:3211} INFO - Sync 1 DAGs
[2024-08-22T00:24:38.446+0000] {logging_mixin.py:190} INFO - [2024-08-22T00:24:38.445+0000] {dag.py:4138} INFO - Setting next_dagrun for example_branch_operator to 2024-08-21 00:00:00+00:00, run_after=2024-08-22 00:00:00+00:00
[2024-08-22T00:24:38.587+0000] {processor.py:208} INFO - Processing /home/airflow/.local/lib/python3.12/site-packages/airflow/example_dags/example_branch_operator.py took 0.653 seconds
[2024-08-22T00:25:11.951+0000] {processor.py:186} INFO - Started process (PID=618) to work on /home/airflow/.local/lib/python3.12/site-packages/airflow/example_dags/example_branch_operator.py
[2024-08-22T00:25:11.952+0000] {processor.py:914} INFO - Processing file /home/airflow/.local/lib/python3.12/site-packages/airflow/example_dags/example_branch_operator.py for tasks to queue
[2024-08-22T00:25:11.956+0000] {logging_mixin.py:190} INFO - [2024-08-22T00:25:11.955+0000] {dagbag.py:587} INFO - Filling up the DagBag from /home/airflow/.local/lib/python3.12/site-packages/airflow/example_dags/example_branch_operator.py
[2024-08-22T00:25:12.006+0000] {processor.py:925} INFO - DAG(s) 'example_branch_operator' retrieved from /home/airflow/.local/lib/python3.12/site-packages/airflow/example_dags/example_branch_operator.py
[2024-08-22T00:25:12.069+0000] {logging_mixin.py:190} INFO - [2024-08-22T00:25:12.069+0000] {dag.py:3211} INFO - Sync 1 DAGs
[2024-08-22T00:25:12.123+0000] {logging_mixin.py:190} INFO - [2024-08-22T00:25:12.123+0000] {dag.py:4138} INFO - Setting next_dagrun for example_branch_operator to 2024-08-21 00:00:00+00:00, run_after=2024-08-22 00:00:00+00:00
[2024-08-22T00:25:12.229+0000] {processor.py:208} INFO - Processing /home/airflow/.local/lib/python3.12/site-packages/airflow/example_dags/example_branch_operator.py took 0.293 seconds
[2024-08-22T00:25:42.408+0000] {processor.py:186} INFO - Started process (PID=681) to work on /home/airflow/.local/lib/python3.12/site-packages/airflow/example_dags/example_branch_operator.py
[2024-08-22T00:25:42.412+0000] {processor.py:914} INFO - Processing file /home/airflow/.local/lib/python3.12/site-packages/airflow/example_dags/example_branch_operator.py for tasks to queue
[2024-08-22T00:25:42.420+0000] {logging_mixin.py:190} INFO - [2024-08-22T00:25:42.419+0000] {dagbag.py:587} INFO - Filling up the DagBag from /home/airflow/.local/lib/python3.12/site-packages/airflow/example_dags/example_branch_operator.py
[2024-08-22T00:25:42.475+0000] {processor.py:925} INFO - DAG(s) 'example_branch_operator' retrieved from /home/airflow/.local/lib/python3.12/site-packages/airflow/example_dags/example_branch_operator.py
[2024-08-22T00:25:42.557+0000] {logging_mixin.py:190} INFO - [2024-08-22T00:25:42.557+0000] {dag.py:3211} INFO - Sync 1 DAGs
[2024-08-22T00:25:42.628+0000] {logging_mixin.py:190} INFO - [2024-08-22T00:25:42.627+0000] {dag.py:4138} INFO - Setting next_dagrun for example_branch_operator to 2024-08-21 00:00:00+00:00, run_after=2024-08-22 00:00:00+00:00
[2024-08-22T00:25:42.692+0000] {processor.py:208} INFO - Processing /home/airflow/.local/lib/python3.12/site-packages/airflow/example_dags/example_branch_operator.py took 0.298 seconds
[2024-08-22T00:26:13.547+0000] {processor.py:186} INFO - Started process (PID=744) to work on /home/airflow/.local/lib/python3.12/site-packages/airflow/example_dags/example_branch_operator.py
[2024-08-22T00:26:13.549+0000] {processor.py:914} INFO - Processing file /home/airflow/.local/lib/python3.12/site-packages/airflow/example_dags/example_branch_operator.py for tasks to queue
[2024-08-22T00:26:13.553+0000] {logging_mixin.py:190} INFO - [2024-08-22T00:26:13.552+0000] {dagbag.py:587} INFO - Filling up the DagBag from /home/airflow/.local/lib/python3.12/site-packages/airflow/example_dags/example_branch_operator.py
[2024-08-22T00:26:13.590+0000] {processor.py:925} INFO - DAG(s) 'example_branch_operator' retrieved from /home/airflow/.local/lib/python3.12/site-packages/airflow/example_dags/example_branch_operator.py
[2024-08-22T00:26:13.747+0000] {logging_mixin.py:190} INFO - [2024-08-22T00:26:13.746+0000] {dag.py:3211} INFO - Sync 1 DAGs
[2024-08-22T00:26:13.800+0000] {logging_mixin.py:190} INFO - [2024-08-22T00:26:13.799+0000] {dag.py:4138} INFO - Setting next_dagrun for example_branch_operator to 2024-08-21 00:00:00+00:00, run_after=2024-08-22 00:00:00+00:00
[2024-08-22T00:26:13.838+0000] {processor.py:208} INFO - Processing /home/airflow/.local/lib/python3.12/site-packages/airflow/example_dags/example_branch_operator.py took 0.302 seconds
[2024-08-22T00:26:44.718+0000] {processor.py:186} INFO - Started process (PID=808) to work on /home/airflow/.local/lib/python3.12/site-packages/airflow/example_dags/example_branch_operator.py
[2024-08-22T00:26:44.720+0000] {processor.py:914} INFO - Processing file /home/airflow/.local/lib/python3.12/site-packages/airflow/example_dags/example_branch_operator.py for tasks to queue
[2024-08-22T00:26:44.728+0000] {logging_mixin.py:190} INFO - [2024-08-22T00:26:44.727+0000] {dagbag.py:587} INFO - Filling up the DagBag from /home/airflow/.local/lib/python3.12/site-packages/airflow/example_dags/example_branch_operator.py
[2024-08-22T00:26:44.799+0000] {processor.py:925} INFO - DAG(s) 'example_branch_operator' retrieved from /home/airflow/.local/lib/python3.12/site-packages/airflow/example_dags/example_branch_operator.py
[2024-08-22T00:26:45.004+0000] {logging_mixin.py:190} INFO - [2024-08-22T00:26:45.003+0000] {dag.py:3211} INFO - Sync 1 DAGs
[2024-08-22T00:26:45.136+0000] {logging_mixin.py:190} INFO - [2024-08-22T00:26:45.134+0000] {dag.py:4138} INFO - Setting next_dagrun for example_branch_operator to 2024-08-21 00:00:00+00:00, run_after=2024-08-22 00:00:00+00:00
[2024-08-22T00:26:45.198+0000] {processor.py:208} INFO - Processing /home/airflow/.local/lib/python3.12/site-packages/airflow/example_dags/example_branch_operator.py took 0.510 seconds
[2024-08-22T00:27:15.885+0000] {processor.py:186} INFO - Started process (PID=872) to work on /home/airflow/.local/lib/python3.12/site-packages/airflow/example_dags/example_branch_operator.py
[2024-08-22T00:27:15.887+0000] {processor.py:914} INFO - Processing file /home/airflow/.local/lib/python3.12/site-packages/airflow/example_dags/example_branch_operator.py for tasks to queue
[2024-08-22T00:27:15.893+0000] {logging_mixin.py:190} INFO - [2024-08-22T00:27:15.892+0000] {dagbag.py:587} INFO - Filling up the DagBag from /home/airflow/.local/lib/python3.12/site-packages/airflow/example_dags/example_branch_operator.py
[2024-08-22T00:27:15.954+0000] {processor.py:925} INFO - DAG(s) 'example_branch_operator' retrieved from /home/airflow/.local/lib/python3.12/site-packages/airflow/example_dags/example_branch_operator.py
[2024-08-22T00:27:16.052+0000] {logging_mixin.py:190} INFO - [2024-08-22T00:27:16.050+0000] {dag.py:3211} INFO - Sync 1 DAGs
[2024-08-22T00:27:16.139+0000] {logging_mixin.py:190} INFO - [2024-08-22T00:27:16.137+0000] {dag.py:4138} INFO - Setting next_dagrun for example_branch_operator to 2024-08-21 00:00:00+00:00, run_after=2024-08-22 00:00:00+00:00
[2024-08-22T00:27:16.197+0000] {processor.py:208} INFO - Processing /home/airflow/.local/lib/python3.12/site-packages/airflow/example_dags/example_branch_operator.py took 0.344 seconds
[2024-08-22T00:27:46.299+0000] {processor.py:186} INFO - Started process (PID=933) to work on /home/airflow/.local/lib/python3.12/site-packages/airflow/example_dags/example_branch_operator.py
[2024-08-22T00:27:46.300+0000] {processor.py:914} INFO - Processing file /home/airflow/.local/lib/python3.12/site-packages/airflow/example_dags/example_branch_operator.py for tasks to queue
[2024-08-22T00:27:46.304+0000] {logging_mixin.py:190} INFO - [2024-08-22T00:27:46.304+0000] {dagbag.py:587} INFO - Filling up the DagBag from /home/airflow/.local/lib/python3.12/site-packages/airflow/example_dags/example_branch_operator.py
[2024-08-22T00:27:46.336+0000] {processor.py:925} INFO - DAG(s) 'example_branch_operator' retrieved from /home/airflow/.local/lib/python3.12/site-packages/airflow/example_dags/example_branch_operator.py
[2024-08-22T00:27:46.394+0000] {logging_mixin.py:190} INFO - [2024-08-22T00:27:46.393+0000] {dag.py:3211} INFO - Sync 1 DAGs
[2024-08-22T00:27:46.445+0000] {logging_mixin.py:190} INFO - [2024-08-22T00:27:46.444+0000] {dag.py:4138} INFO - Setting next_dagrun for example_branch_operator to 2024-08-21 00:00:00+00:00, run_after=2024-08-22 00:00:00+00:00
[2024-08-22T00:27:46.479+0000] {processor.py:208} INFO - Processing /home/airflow/.local/lib/python3.12/site-packages/airflow/example_dags/example_branch_operator.py took 0.190 seconds
[2024-08-22T00:28:18.217+0000] {processor.py:186} INFO - Started process (PID=994) to work on /home/airflow/.local/lib/python3.12/site-packages/airflow/example_dags/example_branch_operator.py
[2024-08-22T00:28:18.219+0000] {processor.py:914} INFO - Processing file /home/airflow/.local/lib/python3.12/site-packages/airflow/example_dags/example_branch_operator.py for tasks to queue
[2024-08-22T00:28:18.224+0000] {logging_mixin.py:190} INFO - [2024-08-22T00:28:18.223+0000] {dagbag.py:587} INFO - Filling up the DagBag from /home/airflow/.local/lib/python3.12/site-packages/airflow/example_dags/example_branch_operator.py
[2024-08-22T00:28:18.267+0000] {processor.py:925} INFO - DAG(s) 'example_branch_operator' retrieved from /home/airflow/.local/lib/python3.12/site-packages/airflow/example_dags/example_branch_operator.py
[2024-08-22T00:28:18.351+0000] {logging_mixin.py:190} INFO - [2024-08-22T00:28:18.350+0000] {dag.py:3211} INFO - Sync 1 DAGs
[2024-08-22T00:28:18.404+0000] {logging_mixin.py:190} INFO - [2024-08-22T00:28:18.404+0000] {dag.py:4138} INFO - Setting next_dagrun for example_branch_operator to 2024-08-21 00:00:00+00:00, run_after=2024-08-22 00:00:00+00:00
[2024-08-22T00:28:18.650+0000] {processor.py:208} INFO - Processing /home/airflow/.local/lib/python3.12/site-packages/airflow/example_dags/example_branch_operator.py took 0.446 seconds
[2024-08-22T00:28:50.520+0000] {processor.py:186} INFO - Started process (PID=1057) to work on /home/airflow/.local/lib/python3.12/site-packages/airflow/example_dags/example_branch_operator.py
[2024-08-22T00:28:50.523+0000] {processor.py:914} INFO - Processing file /home/airflow/.local/lib/python3.12/site-packages/airflow/example_dags/example_branch_operator.py for tasks to queue
[2024-08-22T00:28:50.536+0000] {logging_mixin.py:190} INFO - [2024-08-22T00:28:50.535+0000] {dagbag.py:587} INFO - Filling up the DagBag from /home/airflow/.local/lib/python3.12/site-packages/airflow/example_dags/example_branch_operator.py
[2024-08-22T00:28:50.624+0000] {processor.py:925} INFO - DAG(s) 'example_branch_operator' retrieved from /home/airflow/.local/lib/python3.12/site-packages/airflow/example_dags/example_branch_operator.py
[2024-08-22T00:28:50.733+0000] {logging_mixin.py:190} INFO - [2024-08-22T00:28:50.733+0000] {dag.py:3211} INFO - Sync 1 DAGs
[2024-08-22T00:28:50.798+0000] {logging_mixin.py:190} INFO - [2024-08-22T00:28:50.796+0000] {dag.py:4138} INFO - Setting next_dagrun for example_branch_operator to 2024-08-21 00:00:00+00:00, run_after=2024-08-22 00:00:00+00:00
[2024-08-22T00:28:50.862+0000] {processor.py:208} INFO - Processing /home/airflow/.local/lib/python3.12/site-packages/airflow/example_dags/example_branch_operator.py took 0.373 seconds
[2024-08-22T00:29:21.390+0000] {processor.py:186} INFO - Started process (PID=1120) to work on /home/airflow/.local/lib/python3.12/site-packages/airflow/example_dags/example_branch_operator.py
[2024-08-22T00:29:21.397+0000] {processor.py:914} INFO - Processing file /home/airflow/.local/lib/python3.12/site-packages/airflow/example_dags/example_branch_operator.py for tasks to queue
[2024-08-22T00:29:21.401+0000] {logging_mixin.py:190} INFO - [2024-08-22T00:29:21.400+0000] {dagbag.py:587} INFO - Filling up the DagBag from /home/airflow/.local/lib/python3.12/site-packages/airflow/example_dags/example_branch_operator.py
[2024-08-22T00:29:21.462+0000] {processor.py:925} INFO - DAG(s) 'example_branch_operator' retrieved from /home/airflow/.local/lib/python3.12/site-packages/airflow/example_dags/example_branch_operator.py
[2024-08-22T00:29:21.534+0000] {logging_mixin.py:190} INFO - [2024-08-22T00:29:21.534+0000] {dag.py:3211} INFO - Sync 1 DAGs
[2024-08-22T00:29:21.636+0000] {logging_mixin.py:190} INFO - [2024-08-22T00:29:21.635+0000] {dag.py:4138} INFO - Setting next_dagrun for example_branch_operator to 2024-08-21 00:00:00+00:00, run_after=2024-08-22 00:00:00+00:00
[2024-08-22T00:29:21.713+0000] {processor.py:208} INFO - Processing /home/airflow/.local/lib/python3.12/site-packages/airflow/example_dags/example_branch_operator.py took 0.338 seconds
[2024-08-22T00:29:52.233+0000] {processor.py:186} INFO - Started process (PID=1183) to work on /home/airflow/.local/lib/python3.12/site-packages/airflow/example_dags/example_branch_operator.py
[2024-08-22T00:29:52.235+0000] {processor.py:914} INFO - Processing file /home/airflow/.local/lib/python3.12/site-packages/airflow/example_dags/example_branch_operator.py for tasks to queue
[2024-08-22T00:29:52.239+0000] {logging_mixin.py:190} INFO - [2024-08-22T00:29:52.239+0000] {dagbag.py:587} INFO - Filling up the DagBag from /home/airflow/.local/lib/python3.12/site-packages/airflow/example_dags/example_branch_operator.py
[2024-08-22T00:29:52.280+0000] {processor.py:925} INFO - DAG(s) 'example_branch_operator' retrieved from /home/airflow/.local/lib/python3.12/site-packages/airflow/example_dags/example_branch_operator.py
[2024-08-22T00:29:52.339+0000] {logging_mixin.py:190} INFO - [2024-08-22T00:29:52.339+0000] {dag.py:3211} INFO - Sync 1 DAGs
[2024-08-22T00:29:52.410+0000] {logging_mixin.py:190} INFO - [2024-08-22T00:29:52.409+0000] {dag.py:4138} INFO - Setting next_dagrun for example_branch_operator to 2024-08-21 00:00:00+00:00, run_after=2024-08-22 00:00:00+00:00
[2024-08-22T00:29:52.452+0000] {processor.py:208} INFO - Processing /home/airflow/.local/lib/python3.12/site-packages/airflow/example_dags/example_branch_operator.py took 0.231 seconds
[2024-08-22T00:30:24.076+0000] {processor.py:186} INFO - Started process (PID=1246) to work on /home/airflow/.local/lib/python3.12/site-packages/airflow/example_dags/example_branch_operator.py
[2024-08-22T00:30:24.079+0000] {processor.py:914} INFO - Processing file /home/airflow/.local/lib/python3.12/site-packages/airflow/example_dags/example_branch_operator.py for tasks to queue
[2024-08-22T00:30:24.087+0000] {logging_mixin.py:190} INFO - [2024-08-22T00:30:24.086+0000] {dagbag.py:587} INFO - Filling up the DagBag from /home/airflow/.local/lib/python3.12/site-packages/airflow/example_dags/example_branch_operator.py
[2024-08-22T00:30:24.152+0000] {processor.py:925} INFO - DAG(s) 'example_branch_operator' retrieved from /home/airflow/.local/lib/python3.12/site-packages/airflow/example_dags/example_branch_operator.py
[2024-08-22T00:30:24.251+0000] {logging_mixin.py:190} INFO - [2024-08-22T00:30:24.250+0000] {dag.py:3211} INFO - Sync 1 DAGs
[2024-08-22T00:30:24.315+0000] {logging_mixin.py:190} INFO - [2024-08-22T00:30:24.315+0000] {dag.py:4138} INFO - Setting next_dagrun for example_branch_operator to 2024-08-21 00:00:00+00:00, run_after=2024-08-22 00:00:00+00:00
[2024-08-22T00:30:24.435+0000] {processor.py:208} INFO - Processing /home/airflow/.local/lib/python3.12/site-packages/airflow/example_dags/example_branch_operator.py took 0.372 seconds
[2024-08-22T00:30:54.741+0000] {processor.py:186} INFO - Started process (PID=1316) to work on /home/airflow/.local/lib/python3.12/site-packages/airflow/example_dags/example_branch_operator.py
[2024-08-22T00:30:54.743+0000] {processor.py:914} INFO - Processing file /home/airflow/.local/lib/python3.12/site-packages/airflow/example_dags/example_branch_operator.py for tasks to queue
[2024-08-22T00:30:54.747+0000] {logging_mixin.py:190} INFO - [2024-08-22T00:30:54.747+0000] {dagbag.py:587} INFO - Filling up the DagBag from /home/airflow/.local/lib/python3.12/site-packages/airflow/example_dags/example_branch_operator.py
[2024-08-22T00:30:54.779+0000] {processor.py:925} INFO - DAG(s) 'example_branch_operator' retrieved from /home/airflow/.local/lib/python3.12/site-packages/airflow/example_dags/example_branch_operator.py
[2024-08-22T00:30:54.830+0000] {logging_mixin.py:190} INFO - [2024-08-22T00:30:54.830+0000] {dag.py:3211} INFO - Sync 1 DAGs
[2024-08-22T00:30:54.879+0000] {logging_mixin.py:190} INFO - [2024-08-22T00:30:54.879+0000] {dag.py:4138} INFO - Setting next_dagrun for example_branch_operator to 2024-08-21 00:00:00+00:00, run_after=2024-08-22 00:00:00+00:00
[2024-08-22T00:30:54.910+0000] {processor.py:208} INFO - Processing /home/airflow/.local/lib/python3.12/site-packages/airflow/example_dags/example_branch_operator.py took 0.182 seconds
[2024-08-22T00:31:25.891+0000] {processor.py:186} INFO - Started process (PID=1380) to work on /home/airflow/.local/lib/python3.12/site-packages/airflow/example_dags/example_branch_operator.py
[2024-08-22T00:31:25.893+0000] {processor.py:914} INFO - Processing file /home/airflow/.local/lib/python3.12/site-packages/airflow/example_dags/example_branch_operator.py for tasks to queue
[2024-08-22T00:31:25.896+0000] {logging_mixin.py:190} INFO - [2024-08-22T00:31:25.896+0000] {dagbag.py:587} INFO - Filling up the DagBag from /home/airflow/.local/lib/python3.12/site-packages/airflow/example_dags/example_branch_operator.py
[2024-08-22T00:31:25.922+0000] {processor.py:925} INFO - DAG(s) 'example_branch_operator' retrieved from /home/airflow/.local/lib/python3.12/site-packages/airflow/example_dags/example_branch_operator.py
[2024-08-22T00:31:25.964+0000] {logging_mixin.py:190} INFO - [2024-08-22T00:31:25.963+0000] {dag.py:3211} INFO - Sync 1 DAGs
[2024-08-22T00:31:25.998+0000] {logging_mixin.py:190} INFO - [2024-08-22T00:31:25.998+0000] {dag.py:4138} INFO - Setting next_dagrun for example_branch_operator to 2024-08-21 00:00:00+00:00, run_after=2024-08-22 00:00:00+00:00
[2024-08-22T00:31:26.048+0000] {processor.py:208} INFO - Processing /home/airflow/.local/lib/python3.12/site-packages/airflow/example_dags/example_branch_operator.py took 0.165 seconds
[2024-08-22T00:31:56.222+0000] {processor.py:186} INFO - Started process (PID=1443) to work on /home/airflow/.local/lib/python3.12/site-packages/airflow/example_dags/example_branch_operator.py
[2024-08-22T00:31:56.223+0000] {processor.py:914} INFO - Processing file /home/airflow/.local/lib/python3.12/site-packages/airflow/example_dags/example_branch_operator.py for tasks to queue
[2024-08-22T00:31:56.228+0000] {logging_mixin.py:190} INFO - [2024-08-22T00:31:56.227+0000] {dagbag.py:587} INFO - Filling up the DagBag from /home/airflow/.local/lib/python3.12/site-packages/airflow/example_dags/example_branch_operator.py
[2024-08-22T00:31:56.263+0000] {processor.py:925} INFO - DAG(s) 'example_branch_operator' retrieved from /home/airflow/.local/lib/python3.12/site-packages/airflow/example_dags/example_branch_operator.py
[2024-08-22T00:31:56.353+0000] {logging_mixin.py:190} INFO - [2024-08-22T00:31:56.353+0000] {dag.py:3211} INFO - Sync 1 DAGs
[2024-08-22T00:31:56.415+0000] {logging_mixin.py:190} INFO - [2024-08-22T00:31:56.415+0000] {dag.py:4138} INFO - Setting next_dagrun for example_branch_operator to 2024-08-21 00:00:00+00:00, run_after=2024-08-22 00:00:00+00:00
[2024-08-22T00:31:56.465+0000] {processor.py:208} INFO - Processing /home/airflow/.local/lib/python3.12/site-packages/airflow/example_dags/example_branch_operator.py took 0.257 seconds
[2024-08-22T00:32:27.306+0000] {processor.py:186} INFO - Started process (PID=1506) to work on /home/airflow/.local/lib/python3.12/site-packages/airflow/example_dags/example_branch_operator.py
[2024-08-22T00:32:27.308+0000] {processor.py:914} INFO - Processing file /home/airflow/.local/lib/python3.12/site-packages/airflow/example_dags/example_branch_operator.py for tasks to queue
[2024-08-22T00:32:27.313+0000] {logging_mixin.py:190} INFO - [2024-08-22T00:32:27.312+0000] {dagbag.py:587} INFO - Filling up the DagBag from /home/airflow/.local/lib/python3.12/site-packages/airflow/example_dags/example_branch_operator.py
[2024-08-22T00:32:27.350+0000] {processor.py:925} INFO - DAG(s) 'example_branch_operator' retrieved from /home/airflow/.local/lib/python3.12/site-packages/airflow/example_dags/example_branch_operator.py
[2024-08-22T00:32:27.403+0000] {logging_mixin.py:190} INFO - [2024-08-22T00:32:27.402+0000] {dag.py:3211} INFO - Sync 1 DAGs
[2024-08-22T00:32:27.451+0000] {logging_mixin.py:190} INFO - [2024-08-22T00:32:27.450+0000] {dag.py:4138} INFO - Setting next_dagrun for example_branch_operator to 2024-08-21 00:00:00+00:00, run_after=2024-08-22 00:00:00+00:00
[2024-08-22T00:32:27.491+0000] {processor.py:208} INFO - Processing /home/airflow/.local/lib/python3.12/site-packages/airflow/example_dags/example_branch_operator.py took 0.193 seconds
[2024-08-22T00:32:58.061+0000] {processor.py:186} INFO - Started process (PID=1569) to work on /home/airflow/.local/lib/python3.12/site-packages/airflow/example_dags/example_branch_operator.py
[2024-08-22T00:32:58.063+0000] {processor.py:914} INFO - Processing file /home/airflow/.local/lib/python3.12/site-packages/airflow/example_dags/example_branch_operator.py for tasks to queue
[2024-08-22T00:32:58.067+0000] {logging_mixin.py:190} INFO - [2024-08-22T00:32:58.066+0000] {dagbag.py:587} INFO - Filling up the DagBag from /home/airflow/.local/lib/python3.12/site-packages/airflow/example_dags/example_branch_operator.py
[2024-08-22T00:32:58.096+0000] {processor.py:925} INFO - DAG(s) 'example_branch_operator' retrieved from /home/airflow/.local/lib/python3.12/site-packages/airflow/example_dags/example_branch_operator.py
[2024-08-22T00:32:58.149+0000] {logging_mixin.py:190} INFO - [2024-08-22T00:32:58.149+0000] {dag.py:3211} INFO - Sync 1 DAGs
[2024-08-22T00:32:58.189+0000] {logging_mixin.py:190} INFO - [2024-08-22T00:32:58.189+0000] {dag.py:4138} INFO - Setting next_dagrun for example_branch_operator to 2024-08-21 00:00:00+00:00, run_after=2024-08-22 00:00:00+00:00
[2024-08-22T00:32:58.227+0000] {processor.py:208} INFO - Processing /home/airflow/.local/lib/python3.12/site-packages/airflow/example_dags/example_branch_operator.py took 0.175 seconds
[2024-08-22T00:33:32.279+0000] {processor.py:186} INFO - Started process (PID=1631) to work on /home/airflow/.local/lib/python3.12/site-packages/airflow/example_dags/example_branch_operator.py
[2024-08-22T00:33:32.280+0000] {processor.py:914} INFO - Processing file /home/airflow/.local/lib/python3.12/site-packages/airflow/example_dags/example_branch_operator.py for tasks to queue
[2024-08-22T00:33:32.284+0000] {logging_mixin.py:190} INFO - [2024-08-22T00:33:32.284+0000] {dagbag.py:587} INFO - Filling up the DagBag from /home/airflow/.local/lib/python3.12/site-packages/airflow/example_dags/example_branch_operator.py
[2024-08-22T00:33:32.332+0000] {processor.py:925} INFO - DAG(s) 'example_branch_operator' retrieved from /home/airflow/.local/lib/python3.12/site-packages/airflow/example_dags/example_branch_operator.py
[2024-08-22T00:33:32.386+0000] {logging_mixin.py:190} INFO - [2024-08-22T00:33:32.386+0000] {dag.py:3211} INFO - Sync 1 DAGs
[2024-08-22T00:33:32.429+0000] {logging_mixin.py:190} INFO - [2024-08-22T00:33:32.429+0000] {dag.py:4138} INFO - Setting next_dagrun for example_branch_operator to 2024-08-21 00:00:00+00:00, run_after=2024-08-22 00:00:00+00:00
[2024-08-22T00:33:32.474+0000] {processor.py:208} INFO - Processing /home/airflow/.local/lib/python3.12/site-packages/airflow/example_dags/example_branch_operator.py took 0.208 seconds
[2024-08-22T00:34:03.319+0000] {processor.py:186} INFO - Started process (PID=1695) to work on /home/airflow/.local/lib/python3.12/site-packages/airflow/example_dags/example_branch_operator.py
[2024-08-22T00:34:03.337+0000] {processor.py:914} INFO - Processing file /home/airflow/.local/lib/python3.12/site-packages/airflow/example_dags/example_branch_operator.py for tasks to queue
[2024-08-22T00:34:03.342+0000] {logging_mixin.py:190} INFO - [2024-08-22T00:34:03.341+0000] {dagbag.py:587} INFO - Filling up the DagBag from /home/airflow/.local/lib/python3.12/site-packages/airflow/example_dags/example_branch_operator.py
[2024-08-22T00:34:03.437+0000] {processor.py:925} INFO - DAG(s) 'example_branch_operator' retrieved from /home/airflow/.local/lib/python3.12/site-packages/airflow/example_dags/example_branch_operator.py
[2024-08-22T00:34:03.523+0000] {logging_mixin.py:190} INFO - [2024-08-22T00:34:03.523+0000] {dag.py:3211} INFO - Sync 1 DAGs
[2024-08-22T00:34:03.590+0000] {logging_mixin.py:190} INFO - [2024-08-22T00:34:03.589+0000] {dag.py:4138} INFO - Setting next_dagrun for example_branch_operator to 2024-08-21 00:00:00+00:00, run_after=2024-08-22 00:00:00+00:00
[2024-08-22T00:34:03.668+0000] {processor.py:208} INFO - Processing /home/airflow/.local/lib/python3.12/site-packages/airflow/example_dags/example_branch_operator.py took 0.386 seconds
[2024-08-22T00:34:35.153+0000] {processor.py:186} INFO - Started process (PID=1757) to work on /home/airflow/.local/lib/python3.12/site-packages/airflow/example_dags/example_branch_operator.py
[2024-08-22T00:34:35.155+0000] {processor.py:914} INFO - Processing file /home/airflow/.local/lib/python3.12/site-packages/airflow/example_dags/example_branch_operator.py for tasks to queue
[2024-08-22T00:34:35.160+0000] {logging_mixin.py:190} INFO - [2024-08-22T00:34:35.159+0000] {dagbag.py:587} INFO - Filling up the DagBag from /home/airflow/.local/lib/python3.12/site-packages/airflow/example_dags/example_branch_operator.py
[2024-08-22T00:34:35.214+0000] {processor.py:925} INFO - DAG(s) 'example_branch_operator' retrieved from /home/airflow/.local/lib/python3.12/site-packages/airflow/example_dags/example_branch_operator.py
[2024-08-22T00:34:35.289+0000] {logging_mixin.py:190} INFO - [2024-08-22T00:34:35.288+0000] {dag.py:3211} INFO - Sync 1 DAGs
[2024-08-22T00:34:35.350+0000] {logging_mixin.py:190} INFO - [2024-08-22T00:34:35.350+0000] {dag.py:4138} INFO - Setting next_dagrun for example_branch_operator to 2024-08-21 00:00:00+00:00, run_after=2024-08-22 00:00:00+00:00
[2024-08-22T00:34:35.404+0000] {processor.py:208} INFO - Processing /home/airflow/.local/lib/python3.12/site-packages/airflow/example_dags/example_branch_operator.py took 0.270 seconds
[2024-08-22T00:35:05.780+0000] {processor.py:186} INFO - Started process (PID=1820) to work on /home/airflow/.local/lib/python3.12/site-packages/airflow/example_dags/example_branch_operator.py
[2024-08-22T00:35:05.783+0000] {processor.py:914} INFO - Processing file /home/airflow/.local/lib/python3.12/site-packages/airflow/example_dags/example_branch_operator.py for tasks to queue
[2024-08-22T00:35:05.786+0000] {logging_mixin.py:190} INFO - [2024-08-22T00:35:05.786+0000] {dagbag.py:587} INFO - Filling up the DagBag from /home/airflow/.local/lib/python3.12/site-packages/airflow/example_dags/example_branch_operator.py
[2024-08-22T00:35:05.820+0000] {processor.py:925} INFO - DAG(s) 'example_branch_operator' retrieved from /home/airflow/.local/lib/python3.12/site-packages/airflow/example_dags/example_branch_operator.py
[2024-08-22T00:35:05.876+0000] {logging_mixin.py:190} INFO - [2024-08-22T00:35:05.875+0000] {dag.py:3211} INFO - Sync 1 DAGs
[2024-08-22T00:35:05.932+0000] {logging_mixin.py:190} INFO - [2024-08-22T00:35:05.931+0000] {dag.py:4138} INFO - Setting next_dagrun for example_branch_operator to 2024-08-21 00:00:00+00:00, run_after=2024-08-22 00:00:00+00:00
[2024-08-22T00:35:05.974+0000] {processor.py:208} INFO - Processing /home/airflow/.local/lib/python3.12/site-packages/airflow/example_dags/example_branch_operator.py took 0.205 seconds
[2024-08-22T00:35:36.619+0000] {processor.py:186} INFO - Started process (PID=1883) to work on /home/airflow/.local/lib/python3.12/site-packages/airflow/example_dags/example_branch_operator.py
[2024-08-22T00:35:36.620+0000] {processor.py:914} INFO - Processing file /home/airflow/.local/lib/python3.12/site-packages/airflow/example_dags/example_branch_operator.py for tasks to queue
[2024-08-22T00:35:36.624+0000] {logging_mixin.py:190} INFO - [2024-08-22T00:35:36.623+0000] {dagbag.py:587} INFO - Filling up the DagBag from /home/airflow/.local/lib/python3.12/site-packages/airflow/example_dags/example_branch_operator.py
[2024-08-22T00:35:36.656+0000] {processor.py:925} INFO - DAG(s) 'example_branch_operator' retrieved from /home/airflow/.local/lib/python3.12/site-packages/airflow/example_dags/example_branch_operator.py
[2024-08-22T00:35:36.715+0000] {logging_mixin.py:190} INFO - [2024-08-22T00:35:36.714+0000] {dag.py:3211} INFO - Sync 1 DAGs
[2024-08-22T00:35:36.759+0000] {logging_mixin.py:190} INFO - [2024-08-22T00:35:36.759+0000] {dag.py:4138} INFO - Setting next_dagrun for example_branch_operator to 2024-08-21 00:00:00+00:00, run_after=2024-08-22 00:00:00+00:00
[2024-08-22T00:35:36.802+0000] {processor.py:208} INFO - Processing /home/airflow/.local/lib/python3.12/site-packages/airflow/example_dags/example_branch_operator.py took 0.195 seconds
[2024-08-22T00:36:07.736+0000] {processor.py:186} INFO - Started process (PID=1945) to work on /home/airflow/.local/lib/python3.12/site-packages/airflow/example_dags/example_branch_operator.py
[2024-08-22T00:36:07.738+0000] {processor.py:914} INFO - Processing file /home/airflow/.local/lib/python3.12/site-packages/airflow/example_dags/example_branch_operator.py for tasks to queue
[2024-08-22T00:36:07.743+0000] {logging_mixin.py:190} INFO - [2024-08-22T00:36:07.742+0000] {dagbag.py:587} INFO - Filling up the DagBag from /home/airflow/.local/lib/python3.12/site-packages/airflow/example_dags/example_branch_operator.py
[2024-08-22T00:36:07.780+0000] {processor.py:925} INFO - DAG(s) 'example_branch_operator' retrieved from /home/airflow/.local/lib/python3.12/site-packages/airflow/example_dags/example_branch_operator.py
[2024-08-22T00:36:07.835+0000] {logging_mixin.py:190} INFO - [2024-08-22T00:36:07.835+0000] {dag.py:3211} INFO - Sync 1 DAGs
[2024-08-22T00:36:07.883+0000] {logging_mixin.py:190} INFO - [2024-08-22T00:36:07.883+0000] {dag.py:4138} INFO - Setting next_dagrun for example_branch_operator to 2024-08-21 00:00:00+00:00, run_after=2024-08-22 00:00:00+00:00
[2024-08-22T00:36:07.936+0000] {processor.py:208} INFO - Processing /home/airflow/.local/lib/python3.12/site-packages/airflow/example_dags/example_branch_operator.py took 0.216 seconds
[2024-08-22T00:36:38.383+0000] {processor.py:186} INFO - Started process (PID=2008) to work on /home/airflow/.local/lib/python3.12/site-packages/airflow/example_dags/example_branch_operator.py
[2024-08-22T00:36:38.385+0000] {processor.py:914} INFO - Processing file /home/airflow/.local/lib/python3.12/site-packages/airflow/example_dags/example_branch_operator.py for tasks to queue
[2024-08-22T00:36:38.388+0000] {logging_mixin.py:190} INFO - [2024-08-22T00:36:38.388+0000] {dagbag.py:587} INFO - Filling up the DagBag from /home/airflow/.local/lib/python3.12/site-packages/airflow/example_dags/example_branch_operator.py
[2024-08-22T00:36:38.425+0000] {processor.py:925} INFO - DAG(s) 'example_branch_operator' retrieved from /home/airflow/.local/lib/python3.12/site-packages/airflow/example_dags/example_branch_operator.py
[2024-08-22T00:36:38.602+0000] {logging_mixin.py:190} INFO - [2024-08-22T00:36:38.601+0000] {dag.py:3211} INFO - Sync 1 DAGs
[2024-08-22T00:36:38.669+0000] {logging_mixin.py:190} INFO - [2024-08-22T00:36:38.669+0000] {dag.py:4138} INFO - Setting next_dagrun for example_branch_operator to 2024-08-21 00:00:00+00:00, run_after=2024-08-22 00:00:00+00:00
[2024-08-22T00:36:38.708+0000] {processor.py:208} INFO - Processing /home/airflow/.local/lib/python3.12/site-packages/airflow/example_dags/example_branch_operator.py took 0.339 seconds
[2024-08-22T00:37:09.930+0000] {processor.py:186} INFO - Started process (PID=2071) to work on /home/airflow/.local/lib/python3.12/site-packages/airflow/example_dags/example_branch_operator.py
[2024-08-22T00:37:09.932+0000] {processor.py:914} INFO - Processing file /home/airflow/.local/lib/python3.12/site-packages/airflow/example_dags/example_branch_operator.py for tasks to queue
[2024-08-22T00:37:09.937+0000] {logging_mixin.py:190} INFO - [2024-08-22T00:37:09.936+0000] {dagbag.py:587} INFO - Filling up the DagBag from /home/airflow/.local/lib/python3.12/site-packages/airflow/example_dags/example_branch_operator.py
[2024-08-22T00:37:09.968+0000] {processor.py:925} INFO - DAG(s) 'example_branch_operator' retrieved from /home/airflow/.local/lib/python3.12/site-packages/airflow/example_dags/example_branch_operator.py
[2024-08-22T00:37:10.027+0000] {logging_mixin.py:190} INFO - [2024-08-22T00:37:10.027+0000] {dag.py:3211} INFO - Sync 1 DAGs
[2024-08-22T00:37:10.078+0000] {logging_mixin.py:190} INFO - [2024-08-22T00:37:10.077+0000] {dag.py:4138} INFO - Setting next_dagrun for example_branch_operator to 2024-08-21 00:00:00+00:00, run_after=2024-08-22 00:00:00+00:00
[2024-08-22T00:37:10.120+0000] {processor.py:208} INFO - Processing /home/airflow/.local/lib/python3.12/site-packages/airflow/example_dags/example_branch_operator.py took 0.199 seconds
[2024-08-22T00:37:42.383+0000] {processor.py:186} INFO - Started process (PID=2135) to work on /home/airflow/.local/lib/python3.12/site-packages/airflow/example_dags/example_branch_operator.py
[2024-08-22T00:37:42.386+0000] {processor.py:914} INFO - Processing file /home/airflow/.local/lib/python3.12/site-packages/airflow/example_dags/example_branch_operator.py for tasks to queue
[2024-08-22T00:37:42.391+0000] {logging_mixin.py:190} INFO - [2024-08-22T00:37:42.390+0000] {dagbag.py:587} INFO - Filling up the DagBag from /home/airflow/.local/lib/python3.12/site-packages/airflow/example_dags/example_branch_operator.py
[2024-08-22T00:37:42.439+0000] {processor.py:925} INFO - DAG(s) 'example_branch_operator' retrieved from /home/airflow/.local/lib/python3.12/site-packages/airflow/example_dags/example_branch_operator.py
[2024-08-22T00:37:42.506+0000] {logging_mixin.py:190} INFO - [2024-08-22T00:37:42.505+0000] {dag.py:3211} INFO - Sync 1 DAGs
[2024-08-22T00:37:42.558+0000] {logging_mixin.py:190} INFO - [2024-08-22T00:37:42.558+0000] {dag.py:4138} INFO - Setting next_dagrun for example_branch_operator to 2024-08-21 00:00:00+00:00, run_after=2024-08-22 00:00:00+00:00
[2024-08-22T00:37:42.593+0000] {processor.py:208} INFO - Processing /home/airflow/.local/lib/python3.12/site-packages/airflow/example_dags/example_branch_operator.py took 0.232 seconds
[2024-08-22T00:38:12.879+0000] {processor.py:186} INFO - Started process (PID=2198) to work on /home/airflow/.local/lib/python3.12/site-packages/airflow/example_dags/example_branch_operator.py
[2024-08-22T00:38:12.882+0000] {processor.py:914} INFO - Processing file /home/airflow/.local/lib/python3.12/site-packages/airflow/example_dags/example_branch_operator.py for tasks to queue
[2024-08-22T00:38:12.890+0000] {logging_mixin.py:190} INFO - [2024-08-22T00:38:12.889+0000] {dagbag.py:587} INFO - Filling up the DagBag from /home/airflow/.local/lib/python3.12/site-packages/airflow/example_dags/example_branch_operator.py
[2024-08-22T00:38:12.922+0000] {processor.py:925} INFO - DAG(s) 'example_branch_operator' retrieved from /home/airflow/.local/lib/python3.12/site-packages/airflow/example_dags/example_branch_operator.py
[2024-08-22T00:38:12.975+0000] {logging_mixin.py:190} INFO - [2024-08-22T00:38:12.974+0000] {dag.py:3211} INFO - Sync 1 DAGs
[2024-08-22T00:38:13.018+0000] {logging_mixin.py:190} INFO - [2024-08-22T00:38:13.018+0000] {dag.py:4138} INFO - Setting next_dagrun for example_branch_operator to 2024-08-21 00:00:00+00:00, run_after=2024-08-22 00:00:00+00:00
[2024-08-22T00:38:13.057+0000] {processor.py:208} INFO - Processing /home/airflow/.local/lib/python3.12/site-packages/airflow/example_dags/example_branch_operator.py took 0.198 seconds
[2024-08-22T00:38:43.883+0000] {processor.py:186} INFO - Started process (PID=2259) to work on /home/airflow/.local/lib/python3.12/site-packages/airflow/example_dags/example_branch_operator.py
[2024-08-22T00:38:43.886+0000] {processor.py:914} INFO - Processing file /home/airflow/.local/lib/python3.12/site-packages/airflow/example_dags/example_branch_operator.py for tasks to queue
[2024-08-22T00:38:43.890+0000] {logging_mixin.py:190} INFO - [2024-08-22T00:38:43.889+0000] {dagbag.py:587} INFO - Filling up the DagBag from /home/airflow/.local/lib/python3.12/site-packages/airflow/example_dags/example_branch_operator.py
[2024-08-22T00:38:43.939+0000] {processor.py:925} INFO - DAG(s) 'example_branch_operator' retrieved from /home/airflow/.local/lib/python3.12/site-packages/airflow/example_dags/example_branch_operator.py
[2024-08-22T00:38:44.058+0000] {logging_mixin.py:190} INFO - [2024-08-22T00:38:44.058+0000] {dag.py:3211} INFO - Sync 1 DAGs
[2024-08-22T00:38:44.121+0000] {logging_mixin.py:190} INFO - [2024-08-22T00:38:44.121+0000] {dag.py:4138} INFO - Setting next_dagrun for example_branch_operator to 2024-08-21 00:00:00+00:00, run_after=2024-08-22 00:00:00+00:00
[2024-08-22T00:38:44.161+0000] {processor.py:208} INFO - Processing /home/airflow/.local/lib/python3.12/site-packages/airflow/example_dags/example_branch_operator.py took 0.290 seconds
[2024-08-22T00:39:17.715+0000] {processor.py:186} INFO - Started process (PID=2323) to work on /home/airflow/.local/lib/python3.12/site-packages/airflow/example_dags/example_branch_operator.py
[2024-08-22T00:39:17.717+0000] {processor.py:914} INFO - Processing file /home/airflow/.local/lib/python3.12/site-packages/airflow/example_dags/example_branch_operator.py for tasks to queue
[2024-08-22T00:39:17.721+0000] {logging_mixin.py:190} INFO - [2024-08-22T00:39:17.721+0000] {dagbag.py:587} INFO - Filling up the DagBag from /home/airflow/.local/lib/python3.12/site-packages/airflow/example_dags/example_branch_operator.py
[2024-08-22T00:39:17.753+0000] {processor.py:925} INFO - DAG(s) 'example_branch_operator' retrieved from /home/airflow/.local/lib/python3.12/site-packages/airflow/example_dags/example_branch_operator.py
[2024-08-22T00:39:17.806+0000] {logging_mixin.py:190} INFO - [2024-08-22T00:39:17.806+0000] {dag.py:3211} INFO - Sync 1 DAGs
[2024-08-22T00:39:17.858+0000] {logging_mixin.py:190} INFO - [2024-08-22T00:39:17.857+0000] {dag.py:4138} INFO - Setting next_dagrun for example_branch_operator to 2024-08-21 00:00:00+00:00, run_after=2024-08-22 00:00:00+00:00
[2024-08-22T00:39:17.909+0000] {processor.py:208} INFO - Processing /home/airflow/.local/lib/python3.12/site-packages/airflow/example_dags/example_branch_operator.py took 0.205 seconds
[2024-08-22T00:39:49.361+0000] {processor.py:186} INFO - Started process (PID=2388) to work on /home/airflow/.local/lib/python3.12/site-packages/airflow/example_dags/example_branch_operator.py
[2024-08-22T00:39:49.363+0000] {processor.py:914} INFO - Processing file /home/airflow/.local/lib/python3.12/site-packages/airflow/example_dags/example_branch_operator.py for tasks to queue
[2024-08-22T00:39:49.366+0000] {logging_mixin.py:190} INFO - [2024-08-22T00:39:49.365+0000] {dagbag.py:587} INFO - Filling up the DagBag from /home/airflow/.local/lib/python3.12/site-packages/airflow/example_dags/example_branch_operator.py
[2024-08-22T00:39:49.401+0000] {processor.py:925} INFO - DAG(s) 'example_branch_operator' retrieved from /home/airflow/.local/lib/python3.12/site-packages/airflow/example_dags/example_branch_operator.py
[2024-08-22T00:39:49.455+0000] {logging_mixin.py:190} INFO - [2024-08-22T00:39:49.454+0000] {dag.py:3211} INFO - Sync 1 DAGs
[2024-08-22T00:39:49.497+0000] {logging_mixin.py:190} INFO - [2024-08-22T00:39:49.497+0000] {dag.py:4138} INFO - Setting next_dagrun for example_branch_operator to 2024-08-21 00:00:00+00:00, run_after=2024-08-22 00:00:00+00:00
[2024-08-22T00:39:49.532+0000] {processor.py:208} INFO - Processing /home/airflow/.local/lib/python3.12/site-packages/airflow/example_dags/example_branch_operator.py took 0.180 seconds
[2024-08-22T00:40:21.963+0000] {processor.py:186} INFO - Started process (PID=2453) to work on /home/airflow/.local/lib/python3.12/site-packages/airflow/example_dags/example_branch_operator.py
[2024-08-22T00:40:21.968+0000] {processor.py:914} INFO - Processing file /home/airflow/.local/lib/python3.12/site-packages/airflow/example_dags/example_branch_operator.py for tasks to queue
[2024-08-22T00:40:21.978+0000] {logging_mixin.py:190} INFO - [2024-08-22T00:40:21.977+0000] {dagbag.py:587} INFO - Filling up the DagBag from /home/airflow/.local/lib/python3.12/site-packages/airflow/example_dags/example_branch_operator.py
[2024-08-22T00:40:22.017+0000] {processor.py:925} INFO - DAG(s) 'example_branch_operator' retrieved from /home/airflow/.local/lib/python3.12/site-packages/airflow/example_dags/example_branch_operator.py
[2024-08-22T00:40:22.079+0000] {logging_mixin.py:190} INFO - [2024-08-22T00:40:22.079+0000] {dag.py:3211} INFO - Sync 1 DAGs
[2024-08-22T00:40:22.138+0000] {logging_mixin.py:190} INFO - [2024-08-22T00:40:22.138+0000] {dag.py:4138} INFO - Setting next_dagrun for example_branch_operator to 2024-08-21 00:00:00+00:00, run_after=2024-08-22 00:00:00+00:00
[2024-08-22T00:40:22.184+0000] {processor.py:208} INFO - Processing /home/airflow/.local/lib/python3.12/site-packages/airflow/example_dags/example_branch_operator.py took 0.236 seconds
[2024-08-22T00:40:52.267+0000] {processor.py:186} INFO - Started process (PID=2516) to work on /home/airflow/.local/lib/python3.12/site-packages/airflow/example_dags/example_branch_operator.py
[2024-08-22T00:40:52.276+0000] {processor.py:914} INFO - Processing file /home/airflow/.local/lib/python3.12/site-packages/airflow/example_dags/example_branch_operator.py for tasks to queue
[2024-08-22T00:40:52.283+0000] {logging_mixin.py:190} INFO - [2024-08-22T00:40:52.283+0000] {dagbag.py:587} INFO - Filling up the DagBag from /home/airflow/.local/lib/python3.12/site-packages/airflow/example_dags/example_branch_operator.py
[2024-08-22T00:40:52.357+0000] {processor.py:925} INFO - DAG(s) 'example_branch_operator' retrieved from /home/airflow/.local/lib/python3.12/site-packages/airflow/example_dags/example_branch_operator.py
[2024-08-22T00:40:52.443+0000] {logging_mixin.py:190} INFO - [2024-08-22T00:40:52.443+0000] {dag.py:3211} INFO - Sync 1 DAGs
[2024-08-22T00:40:52.477+0000] {logging_mixin.py:190} INFO - [2024-08-22T00:40:52.477+0000] {dag.py:4138} INFO - Setting next_dagrun for example_branch_operator to 2024-08-21 00:00:00+00:00, run_after=2024-08-22 00:00:00+00:00
[2024-08-22T00:40:52.505+0000] {processor.py:208} INFO - Processing /home/airflow/.local/lib/python3.12/site-packages/airflow/example_dags/example_branch_operator.py took 0.248 seconds
[2024-08-22T00:41:23.702+0000] {processor.py:186} INFO - Started process (PID=2579) to work on /home/airflow/.local/lib/python3.12/site-packages/airflow/example_dags/example_branch_operator.py
[2024-08-22T00:41:23.703+0000] {processor.py:914} INFO - Processing file /home/airflow/.local/lib/python3.12/site-packages/airflow/example_dags/example_branch_operator.py for tasks to queue
[2024-08-22T00:41:23.708+0000] {logging_mixin.py:190} INFO - [2024-08-22T00:41:23.708+0000] {dagbag.py:587} INFO - Filling up the DagBag from /home/airflow/.local/lib/python3.12/site-packages/airflow/example_dags/example_branch_operator.py
[2024-08-22T00:41:23.755+0000] {processor.py:925} INFO - DAG(s) 'example_branch_operator' retrieved from /home/airflow/.local/lib/python3.12/site-packages/airflow/example_dags/example_branch_operator.py
[2024-08-22T00:41:23.816+0000] {logging_mixin.py:190} INFO - [2024-08-22T00:41:23.815+0000] {dag.py:3211} INFO - Sync 1 DAGs
[2024-08-22T00:41:23.872+0000] {logging_mixin.py:190} INFO - [2024-08-22T00:41:23.872+0000] {dag.py:4138} INFO - Setting next_dagrun for example_branch_operator to 2024-08-21 00:00:00+00:00, run_after=2024-08-22 00:00:00+00:00
[2024-08-22T00:41:23.910+0000] {processor.py:208} INFO - Processing /home/airflow/.local/lib/python3.12/site-packages/airflow/example_dags/example_branch_operator.py took 0.220 seconds
[2024-08-22T00:41:55.484+0000] {processor.py:186} INFO - Started process (PID=2643) to work on /home/airflow/.local/lib/python3.12/site-packages/airflow/example_dags/example_branch_operator.py
[2024-08-22T00:41:55.485+0000] {processor.py:914} INFO - Processing file /home/airflow/.local/lib/python3.12/site-packages/airflow/example_dags/example_branch_operator.py for tasks to queue
[2024-08-22T00:41:55.489+0000] {logging_mixin.py:190} INFO - [2024-08-22T00:41:55.488+0000] {dagbag.py:587} INFO - Filling up the DagBag from /home/airflow/.local/lib/python3.12/site-packages/airflow/example_dags/example_branch_operator.py
[2024-08-22T00:41:55.548+0000] {processor.py:925} INFO - DAG(s) 'example_branch_operator' retrieved from /home/airflow/.local/lib/python3.12/site-packages/airflow/example_dags/example_branch_operator.py
[2024-08-22T00:41:55.620+0000] {logging_mixin.py:190} INFO - [2024-08-22T00:41:55.620+0000] {dag.py:3211} INFO - Sync 1 DAGs
[2024-08-22T00:41:55.670+0000] {logging_mixin.py:190} INFO - [2024-08-22T00:41:55.669+0000] {dag.py:4138} INFO - Setting next_dagrun for example_branch_operator to 2024-08-21 00:00:00+00:00, run_after=2024-08-22 00:00:00+00:00
[2024-08-22T00:41:55.702+0000] {processor.py:208} INFO - Processing /home/airflow/.local/lib/python3.12/site-packages/airflow/example_dags/example_branch_operator.py took 0.231 seconds
[2024-08-22T00:42:26.784+0000] {processor.py:186} INFO - Started process (PID=2706) to work on /home/airflow/.local/lib/python3.12/site-packages/airflow/example_dags/example_branch_operator.py
[2024-08-22T00:42:26.786+0000] {processor.py:914} INFO - Processing file /home/airflow/.local/lib/python3.12/site-packages/airflow/example_dags/example_branch_operator.py for tasks to queue
[2024-08-22T00:42:26.795+0000] {logging_mixin.py:190} INFO - [2024-08-22T00:42:26.794+0000] {dagbag.py:587} INFO - Filling up the DagBag from /home/airflow/.local/lib/python3.12/site-packages/airflow/example_dags/example_branch_operator.py
[2024-08-22T00:42:26.894+0000] {processor.py:925} INFO - DAG(s) 'example_branch_operator' retrieved from /home/airflow/.local/lib/python3.12/site-packages/airflow/example_dags/example_branch_operator.py
[2024-08-22T00:42:27.036+0000] {logging_mixin.py:190} INFO - [2024-08-22T00:42:27.036+0000] {dag.py:3211} INFO - Sync 1 DAGs
[2024-08-22T00:42:27.086+0000] {logging_mixin.py:190} INFO - [2024-08-22T00:42:27.086+0000] {dag.py:4138} INFO - Setting next_dagrun for example_branch_operator to 2024-08-21 00:00:00+00:00, run_after=2024-08-22 00:00:00+00:00
[2024-08-22T00:42:27.148+0000] {processor.py:208} INFO - Processing /home/airflow/.local/lib/python3.12/site-packages/airflow/example_dags/example_branch_operator.py took 0.383 seconds
