[2024-08-22T00:20:18.683+0000] {processor.py:186} INFO - Started process (PID=91) to work on /home/airflow/.local/lib/python3.12/site-packages/airflow/example_dags/example_setup_teardown_taskflow.py
[2024-08-22T00:20:18.685+0000] {processor.py:914} INFO - Processing file /home/airflow/.local/lib/python3.12/site-packages/airflow/example_dags/example_setup_teardown_taskflow.py for tasks to queue
[2024-08-22T00:20:18.693+0000] {logging_mixin.py:190} INFO - [2024-08-22T00:20:18.692+0000] {dagbag.py:587} INFO - Filling up the DagBag from /home/airflow/.local/lib/python3.12/site-packages/airflow/example_dags/example_setup_teardown_taskflow.py
[2024-08-22T00:20:18.735+0000] {processor.py:925} INFO - DAG(s) 'example_setup_teardown_taskflow' retrieved from /home/airflow/.local/lib/python3.12/site-packages/airflow/example_dags/example_setup_teardown_taskflow.py
[2024-08-22T00:20:19.252+0000] {logging_mixin.py:190} INFO - [2024-08-22T00:20:19.251+0000] {override.py:1858} INFO - Created Permission View: can read on DAG:example_setup_teardown_taskflow
[2024-08-22T00:20:19.287+0000] {logging_mixin.py:190} INFO - [2024-08-22T00:20:19.286+0000] {override.py:1858} INFO - Created Permission View: can delete on DAG:example_setup_teardown_taskflow
[2024-08-22T00:20:19.306+0000] {logging_mixin.py:190} INFO - [2024-08-22T00:20:19.305+0000] {override.py:1858} INFO - Created Permission View: can edit on DAG:example_setup_teardown_taskflow
[2024-08-22T00:20:19.310+0000] {logging_mixin.py:190} INFO - [2024-08-22T00:20:19.310+0000] {dag.py:3211} INFO - Sync 1 DAGs
[2024-08-22T00:20:19.347+0000] {logging_mixin.py:190} INFO - [2024-08-22T00:20:19.346+0000] {dag.py:3234} INFO - Creating ORM DAG for example_setup_teardown_taskflow
[2024-08-22T00:20:19.566+0000] {logging_mixin.py:190} INFO - [2024-08-22T00:20:19.566+0000] {dag.py:4138} INFO - Setting next_dagrun for example_setup_teardown_taskflow to 2024-08-21 00:00:00+00:00, run_after=2024-08-22 00:00:00+00:00
[2024-08-22T00:20:19.640+0000] {processor.py:208} INFO - Processing /home/airflow/.local/lib/python3.12/site-packages/airflow/example_dags/example_setup_teardown_taskflow.py took 0.970 seconds
[2024-08-22T00:20:50.851+0000] {processor.py:186} INFO - Started process (PID=155) to work on /home/airflow/.local/lib/python3.12/site-packages/airflow/example_dags/example_setup_teardown_taskflow.py
[2024-08-22T00:20:50.854+0000] {processor.py:914} INFO - Processing file /home/airflow/.local/lib/python3.12/site-packages/airflow/example_dags/example_setup_teardown_taskflow.py for tasks to queue
[2024-08-22T00:20:50.860+0000] {logging_mixin.py:190} INFO - [2024-08-22T00:20:50.858+0000] {dagbag.py:587} INFO - Filling up the DagBag from /home/airflow/.local/lib/python3.12/site-packages/airflow/example_dags/example_setup_teardown_taskflow.py
[2024-08-22T00:20:50.891+0000] {processor.py:925} INFO - DAG(s) 'example_setup_teardown_taskflow' retrieved from /home/airflow/.local/lib/python3.12/site-packages/airflow/example_dags/example_setup_teardown_taskflow.py
[2024-08-22T00:20:50.959+0000] {logging_mixin.py:190} INFO - [2024-08-22T00:20:50.958+0000] {dag.py:3211} INFO - Sync 1 DAGs
[2024-08-22T00:20:50.989+0000] {logging_mixin.py:190} INFO - [2024-08-22T00:20:50.989+0000] {dag.py:4138} INFO - Setting next_dagrun for example_setup_teardown_taskflow to 2024-08-21 00:00:00+00:00, run_after=2024-08-22 00:00:00+00:00
[2024-08-22T00:20:51.606+0000] {processor.py:208} INFO - Processing /home/airflow/.local/lib/python3.12/site-packages/airflow/example_dags/example_setup_teardown_taskflow.py took 0.768 seconds
[2024-08-22T00:21:56.438+0000] {processor.py:186} INFO - Started process (PID=230) to work on /home/airflow/.local/lib/python3.12/site-packages/airflow/example_dags/example_setup_teardown_taskflow.py
[2024-08-22T00:21:56.453+0000] {processor.py:914} INFO - Processing file /home/airflow/.local/lib/python3.12/site-packages/airflow/example_dags/example_setup_teardown_taskflow.py for tasks to queue
[2024-08-22T00:21:56.466+0000] {logging_mixin.py:190} INFO - [2024-08-22T00:21:56.466+0000] {dagbag.py:587} INFO - Filling up the DagBag from /home/airflow/.local/lib/python3.12/site-packages/airflow/example_dags/example_setup_teardown_taskflow.py
[2024-08-22T00:21:56.545+0000] {processor.py:925} INFO - DAG(s) 'example_setup_teardown_taskflow' retrieved from /home/airflow/.local/lib/python3.12/site-packages/airflow/example_dags/example_setup_teardown_taskflow.py
[2024-08-22T00:21:56.632+0000] {logging_mixin.py:190} INFO - [2024-08-22T00:21:56.632+0000] {dag.py:3211} INFO - Sync 1 DAGs
[2024-08-22T00:21:56.724+0000] {logging_mixin.py:190} INFO - [2024-08-22T00:21:56.723+0000] {dag.py:4138} INFO - Setting next_dagrun for example_setup_teardown_taskflow to 2024-08-21 00:00:00+00:00, run_after=2024-08-22 00:00:00+00:00
[2024-08-22T00:21:56.869+0000] {processor.py:208} INFO - Processing /home/airflow/.local/lib/python3.12/site-packages/airflow/example_dags/example_setup_teardown_taskflow.py took 0.495 seconds
[2024-08-22T00:22:27.343+0000] {processor.py:186} INFO - Started process (PID=292) to work on /home/airflow/.local/lib/python3.12/site-packages/airflow/example_dags/example_setup_teardown_taskflow.py
[2024-08-22T00:22:27.345+0000] {processor.py:914} INFO - Processing file /home/airflow/.local/lib/python3.12/site-packages/airflow/example_dags/example_setup_teardown_taskflow.py for tasks to queue
[2024-08-22T00:22:27.349+0000] {logging_mixin.py:190} INFO - [2024-08-22T00:22:27.349+0000] {dagbag.py:587} INFO - Filling up the DagBag from /home/airflow/.local/lib/python3.12/site-packages/airflow/example_dags/example_setup_teardown_taskflow.py
[2024-08-22T00:22:27.376+0000] {processor.py:925} INFO - DAG(s) 'example_setup_teardown_taskflow' retrieved from /home/airflow/.local/lib/python3.12/site-packages/airflow/example_dags/example_setup_teardown_taskflow.py
[2024-08-22T00:22:27.424+0000] {logging_mixin.py:190} INFO - [2024-08-22T00:22:27.423+0000] {dag.py:3211} INFO - Sync 1 DAGs
[2024-08-22T00:22:27.475+0000] {logging_mixin.py:190} INFO - [2024-08-22T00:22:27.474+0000] {dag.py:4138} INFO - Setting next_dagrun for example_setup_teardown_taskflow to 2024-08-21 00:00:00+00:00, run_after=2024-08-22 00:00:00+00:00
[2024-08-22T00:22:27.511+0000] {processor.py:208} INFO - Processing /home/airflow/.local/lib/python3.12/site-packages/airflow/example_dags/example_setup_teardown_taskflow.py took 0.183 seconds
[2024-08-22T00:22:59.136+0000] {processor.py:186} INFO - Started process (PID=355) to work on /home/airflow/.local/lib/python3.12/site-packages/airflow/example_dags/example_setup_teardown_taskflow.py
[2024-08-22T00:22:59.138+0000] {processor.py:914} INFO - Processing file /home/airflow/.local/lib/python3.12/site-packages/airflow/example_dags/example_setup_teardown_taskflow.py for tasks to queue
[2024-08-22T00:22:59.145+0000] {logging_mixin.py:190} INFO - [2024-08-22T00:22:59.145+0000] {dagbag.py:587} INFO - Filling up the DagBag from /home/airflow/.local/lib/python3.12/site-packages/airflow/example_dags/example_setup_teardown_taskflow.py
[2024-08-22T00:22:59.167+0000] {processor.py:925} INFO - DAG(s) 'example_setup_teardown_taskflow' retrieved from /home/airflow/.local/lib/python3.12/site-packages/airflow/example_dags/example_setup_teardown_taskflow.py
[2024-08-22T00:22:59.219+0000] {logging_mixin.py:190} INFO - [2024-08-22T00:22:59.218+0000] {dag.py:3211} INFO - Sync 1 DAGs
[2024-08-22T00:22:59.323+0000] {logging_mixin.py:190} INFO - [2024-08-22T00:22:59.323+0000] {dag.py:4138} INFO - Setting next_dagrun for example_setup_teardown_taskflow to 2024-08-21 00:00:00+00:00, run_after=2024-08-22 00:00:00+00:00
[2024-08-22T00:22:59.425+0000] {processor.py:208} INFO - Processing /home/airflow/.local/lib/python3.12/site-packages/airflow/example_dags/example_setup_teardown_taskflow.py took 0.302 seconds
[2024-08-22T00:23:30.611+0000] {processor.py:186} INFO - Started process (PID=418) to work on /home/airflow/.local/lib/python3.12/site-packages/airflow/example_dags/example_setup_teardown_taskflow.py
[2024-08-22T00:23:30.613+0000] {processor.py:914} INFO - Processing file /home/airflow/.local/lib/python3.12/site-packages/airflow/example_dags/example_setup_teardown_taskflow.py for tasks to queue
[2024-08-22T00:23:30.619+0000] {logging_mixin.py:190} INFO - [2024-08-22T00:23:30.618+0000] {dagbag.py:587} INFO - Filling up the DagBag from /home/airflow/.local/lib/python3.12/site-packages/airflow/example_dags/example_setup_teardown_taskflow.py
[2024-08-22T00:23:30.643+0000] {processor.py:925} INFO - DAG(s) 'example_setup_teardown_taskflow' retrieved from /home/airflow/.local/lib/python3.12/site-packages/airflow/example_dags/example_setup_teardown_taskflow.py
[2024-08-22T00:23:30.688+0000] {logging_mixin.py:190} INFO - [2024-08-22T00:23:30.688+0000] {dag.py:3211} INFO - Sync 1 DAGs
[2024-08-22T00:23:30.740+0000] {logging_mixin.py:190} INFO - [2024-08-22T00:23:30.739+0000] {dag.py:4138} INFO - Setting next_dagrun for example_setup_teardown_taskflow to 2024-08-21 00:00:00+00:00, run_after=2024-08-22 00:00:00+00:00
[2024-08-22T00:23:30.779+0000] {processor.py:208} INFO - Processing /home/airflow/.local/lib/python3.12/site-packages/airflow/example_dags/example_setup_teardown_taskflow.py took 0.180 seconds
[2024-08-22T00:24:02.426+0000] {processor.py:186} INFO - Started process (PID=481) to work on /home/airflow/.local/lib/python3.12/site-packages/airflow/example_dags/example_setup_teardown_taskflow.py
[2024-08-22T00:24:02.427+0000] {processor.py:914} INFO - Processing file /home/airflow/.local/lib/python3.12/site-packages/airflow/example_dags/example_setup_teardown_taskflow.py for tasks to queue
[2024-08-22T00:24:02.430+0000] {logging_mixin.py:190} INFO - [2024-08-22T00:24:02.430+0000] {dagbag.py:587} INFO - Filling up the DagBag from /home/airflow/.local/lib/python3.12/site-packages/airflow/example_dags/example_setup_teardown_taskflow.py
[2024-08-22T00:24:02.540+0000] {processor.py:925} INFO - DAG(s) 'example_setup_teardown_taskflow' retrieved from /home/airflow/.local/lib/python3.12/site-packages/airflow/example_dags/example_setup_teardown_taskflow.py
[2024-08-22T00:24:02.577+0000] {logging_mixin.py:190} INFO - [2024-08-22T00:24:02.577+0000] {dag.py:3211} INFO - Sync 1 DAGs
[2024-08-22T00:24:02.617+0000] {logging_mixin.py:190} INFO - [2024-08-22T00:24:02.616+0000] {dag.py:4138} INFO - Setting next_dagrun for example_setup_teardown_taskflow to 2024-08-21 00:00:00+00:00, run_after=2024-08-22 00:00:00+00:00
[2024-08-22T00:24:02.720+0000] {processor.py:208} INFO - Processing /home/airflow/.local/lib/python3.12/site-packages/airflow/example_dags/example_setup_teardown_taskflow.py took 0.304 seconds
[2024-08-22T00:24:33.511+0000] {processor.py:186} INFO - Started process (PID=544) to work on /home/airflow/.local/lib/python3.12/site-packages/airflow/example_dags/example_setup_teardown_taskflow.py
[2024-08-22T00:24:33.513+0000] {processor.py:914} INFO - Processing file /home/airflow/.local/lib/python3.12/site-packages/airflow/example_dags/example_setup_teardown_taskflow.py for tasks to queue
[2024-08-22T00:24:33.517+0000] {logging_mixin.py:190} INFO - [2024-08-22T00:24:33.517+0000] {dagbag.py:587} INFO - Filling up the DagBag from /home/airflow/.local/lib/python3.12/site-packages/airflow/example_dags/example_setup_teardown_taskflow.py
[2024-08-22T00:24:33.541+0000] {processor.py:925} INFO - DAG(s) 'example_setup_teardown_taskflow' retrieved from /home/airflow/.local/lib/python3.12/site-packages/airflow/example_dags/example_setup_teardown_taskflow.py
[2024-08-22T00:24:33.574+0000] {logging_mixin.py:190} INFO - [2024-08-22T00:24:33.574+0000] {dag.py:3211} INFO - Sync 1 DAGs
[2024-08-22T00:24:33.611+0000] {logging_mixin.py:190} INFO - [2024-08-22T00:24:33.610+0000] {dag.py:4138} INFO - Setting next_dagrun for example_setup_teardown_taskflow to 2024-08-21 00:00:00+00:00, run_after=2024-08-22 00:00:00+00:00
[2024-08-22T00:24:33.945+0000] {processor.py:208} INFO - Processing /home/airflow/.local/lib/python3.12/site-packages/airflow/example_dags/example_setup_teardown_taskflow.py took 0.451 seconds
[2024-08-22T00:25:04.336+0000] {processor.py:186} INFO - Started process (PID=607) to work on /home/airflow/.local/lib/python3.12/site-packages/airflow/example_dags/example_setup_teardown_taskflow.py
[2024-08-22T00:25:04.338+0000] {processor.py:914} INFO - Processing file /home/airflow/.local/lib/python3.12/site-packages/airflow/example_dags/example_setup_teardown_taskflow.py for tasks to queue
[2024-08-22T00:25:04.342+0000] {logging_mixin.py:190} INFO - [2024-08-22T00:25:04.342+0000] {dagbag.py:587} INFO - Filling up the DagBag from /home/airflow/.local/lib/python3.12/site-packages/airflow/example_dags/example_setup_teardown_taskflow.py
[2024-08-22T00:25:04.369+0000] {processor.py:925} INFO - DAG(s) 'example_setup_teardown_taskflow' retrieved from /home/airflow/.local/lib/python3.12/site-packages/airflow/example_dags/example_setup_teardown_taskflow.py
[2024-08-22T00:25:04.415+0000] {logging_mixin.py:190} INFO - [2024-08-22T00:25:04.414+0000] {dag.py:3211} INFO - Sync 1 DAGs
[2024-08-22T00:25:04.466+0000] {logging_mixin.py:190} INFO - [2024-08-22T00:25:04.466+0000] {dag.py:4138} INFO - Setting next_dagrun for example_setup_teardown_taskflow to 2024-08-21 00:00:00+00:00, run_after=2024-08-22 00:00:00+00:00
[2024-08-22T00:25:04.516+0000] {processor.py:208} INFO - Processing /home/airflow/.local/lib/python3.12/site-packages/airflow/example_dags/example_setup_teardown_taskflow.py took 0.192 seconds
[2024-08-22T00:25:34.754+0000] {processor.py:186} INFO - Started process (PID=669) to work on /home/airflow/.local/lib/python3.12/site-packages/airflow/example_dags/example_setup_teardown_taskflow.py
[2024-08-22T00:25:34.756+0000] {processor.py:914} INFO - Processing file /home/airflow/.local/lib/python3.12/site-packages/airflow/example_dags/example_setup_teardown_taskflow.py for tasks to queue
[2024-08-22T00:25:34.761+0000] {logging_mixin.py:190} INFO - [2024-08-22T00:25:34.760+0000] {dagbag.py:587} INFO - Filling up the DagBag from /home/airflow/.local/lib/python3.12/site-packages/airflow/example_dags/example_setup_teardown_taskflow.py
[2024-08-22T00:25:34.782+0000] {processor.py:925} INFO - DAG(s) 'example_setup_teardown_taskflow' retrieved from /home/airflow/.local/lib/python3.12/site-packages/airflow/example_dags/example_setup_teardown_taskflow.py
[2024-08-22T00:25:34.817+0000] {logging_mixin.py:190} INFO - [2024-08-22T00:25:34.816+0000] {dag.py:3211} INFO - Sync 1 DAGs
[2024-08-22T00:25:34.941+0000] {logging_mixin.py:190} INFO - [2024-08-22T00:25:34.940+0000] {dag.py:4138} INFO - Setting next_dagrun for example_setup_teardown_taskflow to 2024-08-21 00:00:00+00:00, run_after=2024-08-22 00:00:00+00:00
[2024-08-22T00:25:34.982+0000] {processor.py:208} INFO - Processing /home/airflow/.local/lib/python3.12/site-packages/airflow/example_dags/example_setup_teardown_taskflow.py took 0.240 seconds
[2024-08-22T00:26:05.757+0000] {processor.py:186} INFO - Started process (PID=732) to work on /home/airflow/.local/lib/python3.12/site-packages/airflow/example_dags/example_setup_teardown_taskflow.py
[2024-08-22T00:26:05.759+0000] {processor.py:914} INFO - Processing file /home/airflow/.local/lib/python3.12/site-packages/airflow/example_dags/example_setup_teardown_taskflow.py for tasks to queue
[2024-08-22T00:26:05.764+0000] {logging_mixin.py:190} INFO - [2024-08-22T00:26:05.763+0000] {dagbag.py:587} INFO - Filling up the DagBag from /home/airflow/.local/lib/python3.12/site-packages/airflow/example_dags/example_setup_teardown_taskflow.py
[2024-08-22T00:26:05.784+0000] {processor.py:925} INFO - DAG(s) 'example_setup_teardown_taskflow' retrieved from /home/airflow/.local/lib/python3.12/site-packages/airflow/example_dags/example_setup_teardown_taskflow.py
[2024-08-22T00:26:05.824+0000] {logging_mixin.py:190} INFO - [2024-08-22T00:26:05.824+0000] {dag.py:3211} INFO - Sync 1 DAGs
[2024-08-22T00:26:05.873+0000] {logging_mixin.py:190} INFO - [2024-08-22T00:26:05.873+0000] {dag.py:4138} INFO - Setting next_dagrun for example_setup_teardown_taskflow to 2024-08-21 00:00:00+00:00, run_after=2024-08-22 00:00:00+00:00
[2024-08-22T00:26:05.908+0000] {processor.py:208} INFO - Processing /home/airflow/.local/lib/python3.12/site-packages/airflow/example_dags/example_setup_teardown_taskflow.py took 0.162 seconds
[2024-08-22T00:26:38.781+0000] {processor.py:186} INFO - Started process (PID=795) to work on /home/airflow/.local/lib/python3.12/site-packages/airflow/example_dags/example_setup_teardown_taskflow.py
[2024-08-22T00:26:38.784+0000] {processor.py:914} INFO - Processing file /home/airflow/.local/lib/python3.12/site-packages/airflow/example_dags/example_setup_teardown_taskflow.py for tasks to queue
[2024-08-22T00:26:38.798+0000] {logging_mixin.py:190} INFO - [2024-08-22T00:26:38.797+0000] {dagbag.py:587} INFO - Filling up the DagBag from /home/airflow/.local/lib/python3.12/site-packages/airflow/example_dags/example_setup_teardown_taskflow.py
[2024-08-22T00:26:38.865+0000] {processor.py:925} INFO - DAG(s) 'example_setup_teardown_taskflow' retrieved from /home/airflow/.local/lib/python3.12/site-packages/airflow/example_dags/example_setup_teardown_taskflow.py
[2024-08-22T00:26:38.973+0000] {logging_mixin.py:190} INFO - [2024-08-22T00:26:38.972+0000] {dag.py:3211} INFO - Sync 1 DAGs
[2024-08-22T00:26:39.073+0000] {logging_mixin.py:190} INFO - [2024-08-22T00:26:39.073+0000] {dag.py:4138} INFO - Setting next_dagrun for example_setup_teardown_taskflow to 2024-08-21 00:00:00+00:00, run_after=2024-08-22 00:00:00+00:00
[2024-08-22T00:26:39.132+0000] {processor.py:208} INFO - Processing /home/airflow/.local/lib/python3.12/site-packages/airflow/example_dags/example_setup_teardown_taskflow.py took 0.370 seconds
[2024-08-22T00:27:10.164+0000] {processor.py:186} INFO - Started process (PID=859) to work on /home/airflow/.local/lib/python3.12/site-packages/airflow/example_dags/example_setup_teardown_taskflow.py
[2024-08-22T00:27:10.181+0000] {processor.py:914} INFO - Processing file /home/airflow/.local/lib/python3.12/site-packages/airflow/example_dags/example_setup_teardown_taskflow.py for tasks to queue
[2024-08-22T00:27:10.193+0000] {logging_mixin.py:190} INFO - [2024-08-22T00:27:10.192+0000] {dagbag.py:587} INFO - Filling up the DagBag from /home/airflow/.local/lib/python3.12/site-packages/airflow/example_dags/example_setup_teardown_taskflow.py
[2024-08-22T00:27:10.247+0000] {processor.py:925} INFO - DAG(s) 'example_setup_teardown_taskflow' retrieved from /home/airflow/.local/lib/python3.12/site-packages/airflow/example_dags/example_setup_teardown_taskflow.py
[2024-08-22T00:27:10.359+0000] {logging_mixin.py:190} INFO - [2024-08-22T00:27:10.359+0000] {dag.py:3211} INFO - Sync 1 DAGs
[2024-08-22T00:27:10.449+0000] {logging_mixin.py:190} INFO - [2024-08-22T00:27:10.448+0000] {dag.py:4138} INFO - Setting next_dagrun for example_setup_teardown_taskflow to 2024-08-21 00:00:00+00:00, run_after=2024-08-22 00:00:00+00:00
[2024-08-22T00:27:10.499+0000] {processor.py:208} INFO - Processing /home/airflow/.local/lib/python3.12/site-packages/airflow/example_dags/example_setup_teardown_taskflow.py took 0.365 seconds
[2024-08-22T00:27:44.652+0000] {processor.py:186} INFO - Started process (PID=919) to work on /home/airflow/.local/lib/python3.12/site-packages/airflow/example_dags/example_setup_teardown_taskflow.py
[2024-08-22T00:27:44.654+0000] {processor.py:914} INFO - Processing file /home/airflow/.local/lib/python3.12/site-packages/airflow/example_dags/example_setup_teardown_taskflow.py for tasks to queue
[2024-08-22T00:27:44.658+0000] {logging_mixin.py:190} INFO - [2024-08-22T00:27:44.657+0000] {dagbag.py:587} INFO - Filling up the DagBag from /home/airflow/.local/lib/python3.12/site-packages/airflow/example_dags/example_setup_teardown_taskflow.py
[2024-08-22T00:27:44.706+0000] {processor.py:925} INFO - DAG(s) 'example_setup_teardown_taskflow' retrieved from /home/airflow/.local/lib/python3.12/site-packages/airflow/example_dags/example_setup_teardown_taskflow.py
[2024-08-22T00:27:44.777+0000] {logging_mixin.py:190} INFO - [2024-08-22T00:27:44.776+0000] {dag.py:3211} INFO - Sync 1 DAGs
[2024-08-22T00:27:44.837+0000] {logging_mixin.py:190} INFO - [2024-08-22T00:27:44.837+0000] {dag.py:4138} INFO - Setting next_dagrun for example_setup_teardown_taskflow to 2024-08-21 00:00:00+00:00, run_after=2024-08-22 00:00:00+00:00
[2024-08-22T00:27:44.875+0000] {processor.py:208} INFO - Processing /home/airflow/.local/lib/python3.12/site-packages/airflow/example_dags/example_setup_teardown_taskflow.py took 0.238 seconds
[2024-08-22T00:28:15.765+0000] {processor.py:186} INFO - Started process (PID=982) to work on /home/airflow/.local/lib/python3.12/site-packages/airflow/example_dags/example_setup_teardown_taskflow.py
[2024-08-22T00:28:15.767+0000] {processor.py:914} INFO - Processing file /home/airflow/.local/lib/python3.12/site-packages/airflow/example_dags/example_setup_teardown_taskflow.py for tasks to queue
[2024-08-22T00:28:15.771+0000] {logging_mixin.py:190} INFO - [2024-08-22T00:28:15.770+0000] {dagbag.py:587} INFO - Filling up the DagBag from /home/airflow/.local/lib/python3.12/site-packages/airflow/example_dags/example_setup_teardown_taskflow.py
[2024-08-22T00:28:15.793+0000] {processor.py:925} INFO - DAG(s) 'example_setup_teardown_taskflow' retrieved from /home/airflow/.local/lib/python3.12/site-packages/airflow/example_dags/example_setup_teardown_taskflow.py
[2024-08-22T00:28:15.841+0000] {logging_mixin.py:190} INFO - [2024-08-22T00:28:15.840+0000] {dag.py:3211} INFO - Sync 1 DAGs
[2024-08-22T00:28:15.896+0000] {logging_mixin.py:190} INFO - [2024-08-22T00:28:15.895+0000] {dag.py:4138} INFO - Setting next_dagrun for example_setup_teardown_taskflow to 2024-08-21 00:00:00+00:00, run_after=2024-08-22 00:00:00+00:00
[2024-08-22T00:28:15.931+0000] {processor.py:208} INFO - Processing /home/airflow/.local/lib/python3.12/site-packages/airflow/example_dags/example_setup_teardown_taskflow.py took 0.178 seconds
[2024-08-22T00:28:47.822+0000] {processor.py:186} INFO - Started process (PID=1045) to work on /home/airflow/.local/lib/python3.12/site-packages/airflow/example_dags/example_setup_teardown_taskflow.py
[2024-08-22T00:28:47.825+0000] {processor.py:914} INFO - Processing file /home/airflow/.local/lib/python3.12/site-packages/airflow/example_dags/example_setup_teardown_taskflow.py for tasks to queue
[2024-08-22T00:28:47.841+0000] {logging_mixin.py:190} INFO - [2024-08-22T00:28:47.840+0000] {dagbag.py:587} INFO - Filling up the DagBag from /home/airflow/.local/lib/python3.12/site-packages/airflow/example_dags/example_setup_teardown_taskflow.py
[2024-08-22T00:28:47.903+0000] {processor.py:925} INFO - DAG(s) 'example_setup_teardown_taskflow' retrieved from /home/airflow/.local/lib/python3.12/site-packages/airflow/example_dags/example_setup_teardown_taskflow.py
[2024-08-22T00:28:48.052+0000] {logging_mixin.py:190} INFO - [2024-08-22T00:28:48.052+0000] {dag.py:3211} INFO - Sync 1 DAGs
[2024-08-22T00:28:48.202+0000] {logging_mixin.py:190} INFO - [2024-08-22T00:28:48.200+0000] {dag.py:4138} INFO - Setting next_dagrun for example_setup_teardown_taskflow to 2024-08-21 00:00:00+00:00, run_after=2024-08-22 00:00:00+00:00
[2024-08-22T00:28:48.398+0000] {processor.py:208} INFO - Processing /home/airflow/.local/lib/python3.12/site-packages/airflow/example_dags/example_setup_teardown_taskflow.py took 0.608 seconds
[2024-08-22T00:29:18.566+0000] {processor.py:186} INFO - Started process (PID=1108) to work on /home/airflow/.local/lib/python3.12/site-packages/airflow/example_dags/example_setup_teardown_taskflow.py
[2024-08-22T00:29:18.567+0000] {processor.py:914} INFO - Processing file /home/airflow/.local/lib/python3.12/site-packages/airflow/example_dags/example_setup_teardown_taskflow.py for tasks to queue
[2024-08-22T00:29:18.572+0000] {logging_mixin.py:190} INFO - [2024-08-22T00:29:18.571+0000] {dagbag.py:587} INFO - Filling up the DagBag from /home/airflow/.local/lib/python3.12/site-packages/airflow/example_dags/example_setup_teardown_taskflow.py
[2024-08-22T00:29:18.594+0000] {processor.py:925} INFO - DAG(s) 'example_setup_teardown_taskflow' retrieved from /home/airflow/.local/lib/python3.12/site-packages/airflow/example_dags/example_setup_teardown_taskflow.py
[2024-08-22T00:29:18.657+0000] {logging_mixin.py:190} INFO - [2024-08-22T00:29:18.656+0000] {dag.py:3211} INFO - Sync 1 DAGs
[2024-08-22T00:29:18.760+0000] {logging_mixin.py:190} INFO - [2024-08-22T00:29:18.760+0000] {dag.py:4138} INFO - Setting next_dagrun for example_setup_teardown_taskflow to 2024-08-21 00:00:00+00:00, run_after=2024-08-22 00:00:00+00:00
[2024-08-22T00:29:18.793+0000] {processor.py:208} INFO - Processing /home/airflow/.local/lib/python3.12/site-packages/airflow/example_dags/example_setup_teardown_taskflow.py took 0.237 seconds
[2024-08-22T00:29:49.448+0000] {processor.py:186} INFO - Started process (PID=1171) to work on /home/airflow/.local/lib/python3.12/site-packages/airflow/example_dags/example_setup_teardown_taskflow.py
[2024-08-22T00:29:49.449+0000] {processor.py:914} INFO - Processing file /home/airflow/.local/lib/python3.12/site-packages/airflow/example_dags/example_setup_teardown_taskflow.py for tasks to queue
[2024-08-22T00:29:49.454+0000] {logging_mixin.py:190} INFO - [2024-08-22T00:29:49.453+0000] {dagbag.py:587} INFO - Filling up the DagBag from /home/airflow/.local/lib/python3.12/site-packages/airflow/example_dags/example_setup_teardown_taskflow.py
[2024-08-22T00:29:49.476+0000] {processor.py:925} INFO - DAG(s) 'example_setup_teardown_taskflow' retrieved from /home/airflow/.local/lib/python3.12/site-packages/airflow/example_dags/example_setup_teardown_taskflow.py
[2024-08-22T00:29:49.518+0000] {logging_mixin.py:190} INFO - [2024-08-22T00:29:49.518+0000] {dag.py:3211} INFO - Sync 1 DAGs
[2024-08-22T00:29:49.562+0000] {logging_mixin.py:190} INFO - [2024-08-22T00:29:49.562+0000] {dag.py:4138} INFO - Setting next_dagrun for example_setup_teardown_taskflow to 2024-08-21 00:00:00+00:00, run_after=2024-08-22 00:00:00+00:00
[2024-08-22T00:29:49.617+0000] {processor.py:208} INFO - Processing /home/airflow/.local/lib/python3.12/site-packages/airflow/example_dags/example_setup_teardown_taskflow.py took 0.182 seconds
[2024-08-22T00:30:20.078+0000] {processor.py:186} INFO - Started process (PID=1234) to work on /home/airflow/.local/lib/python3.12/site-packages/airflow/example_dags/example_setup_teardown_taskflow.py
[2024-08-22T00:30:20.080+0000] {processor.py:914} INFO - Processing file /home/airflow/.local/lib/python3.12/site-packages/airflow/example_dags/example_setup_teardown_taskflow.py for tasks to queue
[2024-08-22T00:30:20.083+0000] {logging_mixin.py:190} INFO - [2024-08-22T00:30:20.083+0000] {dagbag.py:587} INFO - Filling up the DagBag from /home/airflow/.local/lib/python3.12/site-packages/airflow/example_dags/example_setup_teardown_taskflow.py
[2024-08-22T00:30:20.101+0000] {processor.py:925} INFO - DAG(s) 'example_setup_teardown_taskflow' retrieved from /home/airflow/.local/lib/python3.12/site-packages/airflow/example_dags/example_setup_teardown_taskflow.py
[2024-08-22T00:30:20.143+0000] {logging_mixin.py:190} INFO - [2024-08-22T00:30:20.142+0000] {dag.py:3211} INFO - Sync 1 DAGs
[2024-08-22T00:30:20.198+0000] {logging_mixin.py:190} INFO - [2024-08-22T00:30:20.198+0000] {dag.py:4138} INFO - Setting next_dagrun for example_setup_teardown_taskflow to 2024-08-21 00:00:00+00:00, run_after=2024-08-22 00:00:00+00:00
[2024-08-22T00:30:20.270+0000] {processor.py:208} INFO - Processing /home/airflow/.local/lib/python3.12/site-packages/airflow/example_dags/example_setup_teardown_taskflow.py took 0.201 seconds
[2024-08-22T00:30:50.875+0000] {processor.py:186} INFO - Started process (PID=1298) to work on /home/airflow/.local/lib/python3.12/site-packages/airflow/example_dags/example_setup_teardown_taskflow.py
[2024-08-22T00:30:50.880+0000] {processor.py:914} INFO - Processing file /home/airflow/.local/lib/python3.12/site-packages/airflow/example_dags/example_setup_teardown_taskflow.py for tasks to queue
[2024-08-22T00:30:50.885+0000] {logging_mixin.py:190} INFO - [2024-08-22T00:30:50.884+0000] {dagbag.py:587} INFO - Filling up the DagBag from /home/airflow/.local/lib/python3.12/site-packages/airflow/example_dags/example_setup_teardown_taskflow.py
[2024-08-22T00:30:50.914+0000] {processor.py:925} INFO - DAG(s) 'example_setup_teardown_taskflow' retrieved from /home/airflow/.local/lib/python3.12/site-packages/airflow/example_dags/example_setup_teardown_taskflow.py
[2024-08-22T00:30:50.967+0000] {logging_mixin.py:190} INFO - [2024-08-22T00:30:50.967+0000] {dag.py:3211} INFO - Sync 1 DAGs
[2024-08-22T00:30:51.016+0000] {logging_mixin.py:190} INFO - [2024-08-22T00:30:51.016+0000] {dag.py:4138} INFO - Setting next_dagrun for example_setup_teardown_taskflow to 2024-08-21 00:00:00+00:00, run_after=2024-08-22 00:00:00+00:00
[2024-08-22T00:30:51.070+0000] {processor.py:208} INFO - Processing /home/airflow/.local/lib/python3.12/site-packages/airflow/example_dags/example_setup_teardown_taskflow.py took 0.205 seconds
[2024-08-22T00:31:21.432+0000] {processor.py:186} INFO - Started process (PID=1361) to work on /home/airflow/.local/lib/python3.12/site-packages/airflow/example_dags/example_setup_teardown_taskflow.py
[2024-08-22T00:31:21.433+0000] {processor.py:914} INFO - Processing file /home/airflow/.local/lib/python3.12/site-packages/airflow/example_dags/example_setup_teardown_taskflow.py for tasks to queue
[2024-08-22T00:31:21.436+0000] {logging_mixin.py:190} INFO - [2024-08-22T00:31:21.436+0000] {dagbag.py:587} INFO - Filling up the DagBag from /home/airflow/.local/lib/python3.12/site-packages/airflow/example_dags/example_setup_teardown_taskflow.py
[2024-08-22T00:31:21.452+0000] {processor.py:925} INFO - DAG(s) 'example_setup_teardown_taskflow' retrieved from /home/airflow/.local/lib/python3.12/site-packages/airflow/example_dags/example_setup_teardown_taskflow.py
[2024-08-22T00:31:21.497+0000] {logging_mixin.py:190} INFO - [2024-08-22T00:31:21.497+0000] {dag.py:3211} INFO - Sync 1 DAGs
[2024-08-22T00:31:21.541+0000] {logging_mixin.py:190} INFO - [2024-08-22T00:31:21.540+0000] {dag.py:4138} INFO - Setting next_dagrun for example_setup_teardown_taskflow to 2024-08-21 00:00:00+00:00, run_after=2024-08-22 00:00:00+00:00
[2024-08-22T00:31:21.582+0000] {processor.py:208} INFO - Processing /home/airflow/.local/lib/python3.12/site-packages/airflow/example_dags/example_setup_teardown_taskflow.py took 0.165 seconds
[2024-08-22T00:31:52.363+0000] {processor.py:186} INFO - Started process (PID=1425) to work on /home/airflow/.local/lib/python3.12/site-packages/airflow/example_dags/example_setup_teardown_taskflow.py
[2024-08-22T00:31:52.369+0000] {processor.py:914} INFO - Processing file /home/airflow/.local/lib/python3.12/site-packages/airflow/example_dags/example_setup_teardown_taskflow.py for tasks to queue
[2024-08-22T00:31:52.380+0000] {logging_mixin.py:190} INFO - [2024-08-22T00:31:52.379+0000] {dagbag.py:587} INFO - Filling up the DagBag from /home/airflow/.local/lib/python3.12/site-packages/airflow/example_dags/example_setup_teardown_taskflow.py
[2024-08-22T00:31:52.413+0000] {processor.py:925} INFO - DAG(s) 'example_setup_teardown_taskflow' retrieved from /home/airflow/.local/lib/python3.12/site-packages/airflow/example_dags/example_setup_teardown_taskflow.py
[2024-08-22T00:31:52.457+0000] {logging_mixin.py:190} INFO - [2024-08-22T00:31:52.457+0000] {dag.py:3211} INFO - Sync 1 DAGs
[2024-08-22T00:31:52.554+0000] {logging_mixin.py:190} INFO - [2024-08-22T00:31:52.553+0000] {dag.py:4138} INFO - Setting next_dagrun for example_setup_teardown_taskflow to 2024-08-21 00:00:00+00:00, run_after=2024-08-22 00:00:00+00:00
[2024-08-22T00:31:52.617+0000] {processor.py:208} INFO - Processing /home/airflow/.local/lib/python3.12/site-packages/airflow/example_dags/example_setup_teardown_taskflow.py took 0.274 seconds
[2024-08-22T00:32:23.295+0000] {processor.py:186} INFO - Started process (PID=1488) to work on /home/airflow/.local/lib/python3.12/site-packages/airflow/example_dags/example_setup_teardown_taskflow.py
[2024-08-22T00:32:23.297+0000] {processor.py:914} INFO - Processing file /home/airflow/.local/lib/python3.12/site-packages/airflow/example_dags/example_setup_teardown_taskflow.py for tasks to queue
[2024-08-22T00:32:23.302+0000] {logging_mixin.py:190} INFO - [2024-08-22T00:32:23.301+0000] {dagbag.py:587} INFO - Filling up the DagBag from /home/airflow/.local/lib/python3.12/site-packages/airflow/example_dags/example_setup_teardown_taskflow.py
[2024-08-22T00:32:23.326+0000] {processor.py:925} INFO - DAG(s) 'example_setup_teardown_taskflow' retrieved from /home/airflow/.local/lib/python3.12/site-packages/airflow/example_dags/example_setup_teardown_taskflow.py
[2024-08-22T00:32:23.369+0000] {logging_mixin.py:190} INFO - [2024-08-22T00:32:23.369+0000] {dag.py:3211} INFO - Sync 1 DAGs
[2024-08-22T00:32:23.418+0000] {logging_mixin.py:190} INFO - [2024-08-22T00:32:23.418+0000] {dag.py:4138} INFO - Setting next_dagrun for example_setup_teardown_taskflow to 2024-08-21 00:00:00+00:00, run_after=2024-08-22 00:00:00+00:00
[2024-08-22T00:32:23.557+0000] {processor.py:208} INFO - Processing /home/airflow/.local/lib/python3.12/site-packages/airflow/example_dags/example_setup_teardown_taskflow.py took 0.273 seconds
[2024-08-22T00:32:54.331+0000] {processor.py:186} INFO - Started process (PID=1551) to work on /home/airflow/.local/lib/python3.12/site-packages/airflow/example_dags/example_setup_teardown_taskflow.py
[2024-08-22T00:32:54.335+0000] {processor.py:914} INFO - Processing file /home/airflow/.local/lib/python3.12/site-packages/airflow/example_dags/example_setup_teardown_taskflow.py for tasks to queue
[2024-08-22T00:32:54.339+0000] {logging_mixin.py:190} INFO - [2024-08-22T00:32:54.338+0000] {dagbag.py:587} INFO - Filling up the DagBag from /home/airflow/.local/lib/python3.12/site-packages/airflow/example_dags/example_setup_teardown_taskflow.py
[2024-08-22T00:32:54.385+0000] {processor.py:925} INFO - DAG(s) 'example_setup_teardown_taskflow' retrieved from /home/airflow/.local/lib/python3.12/site-packages/airflow/example_dags/example_setup_teardown_taskflow.py
[2024-08-22T00:32:54.475+0000] {logging_mixin.py:190} INFO - [2024-08-22T00:32:54.475+0000] {dag.py:3211} INFO - Sync 1 DAGs
[2024-08-22T00:32:54.575+0000] {logging_mixin.py:190} INFO - [2024-08-22T00:32:54.574+0000] {dag.py:4138} INFO - Setting next_dagrun for example_setup_teardown_taskflow to 2024-08-21 00:00:00+00:00, run_after=2024-08-22 00:00:00+00:00
[2024-08-22T00:32:54.636+0000] {processor.py:208} INFO - Processing /home/airflow/.local/lib/python3.12/site-packages/airflow/example_dags/example_setup_teardown_taskflow.py took 0.327 seconds
[2024-08-22T00:33:30.179+0000] {processor.py:186} INFO - Started process (PID=1620) to work on /home/airflow/.local/lib/python3.12/site-packages/airflow/example_dags/example_setup_teardown_taskflow.py
[2024-08-22T00:33:30.181+0000] {processor.py:914} INFO - Processing file /home/airflow/.local/lib/python3.12/site-packages/airflow/example_dags/example_setup_teardown_taskflow.py for tasks to queue
[2024-08-22T00:33:30.185+0000] {logging_mixin.py:190} INFO - [2024-08-22T00:33:30.185+0000] {dagbag.py:587} INFO - Filling up the DagBag from /home/airflow/.local/lib/python3.12/site-packages/airflow/example_dags/example_setup_teardown_taskflow.py
[2024-08-22T00:33:30.206+0000] {processor.py:925} INFO - DAG(s) 'example_setup_teardown_taskflow' retrieved from /home/airflow/.local/lib/python3.12/site-packages/airflow/example_dags/example_setup_teardown_taskflow.py
[2024-08-22T00:33:30.270+0000] {logging_mixin.py:190} INFO - [2024-08-22T00:33:30.270+0000] {dag.py:3211} INFO - Sync 1 DAGs
[2024-08-22T00:33:30.318+0000] {logging_mixin.py:190} INFO - [2024-08-22T00:33:30.317+0000] {dag.py:4138} INFO - Setting next_dagrun for example_setup_teardown_taskflow to 2024-08-21 00:00:00+00:00, run_after=2024-08-22 00:00:00+00:00
[2024-08-22T00:33:30.366+0000] {processor.py:208} INFO - Processing /home/airflow/.local/lib/python3.12/site-packages/airflow/example_dags/example_setup_teardown_taskflow.py took 0.198 seconds
[2024-08-22T00:34:01.438+0000] {processor.py:186} INFO - Started process (PID=1683) to work on /home/airflow/.local/lib/python3.12/site-packages/airflow/example_dags/example_setup_teardown_taskflow.py
[2024-08-22T00:34:01.439+0000] {processor.py:914} INFO - Processing file /home/airflow/.local/lib/python3.12/site-packages/airflow/example_dags/example_setup_teardown_taskflow.py for tasks to queue
[2024-08-22T00:34:01.446+0000] {logging_mixin.py:190} INFO - [2024-08-22T00:34:01.444+0000] {dagbag.py:587} INFO - Filling up the DagBag from /home/airflow/.local/lib/python3.12/site-packages/airflow/example_dags/example_setup_teardown_taskflow.py
[2024-08-22T00:34:01.464+0000] {processor.py:925} INFO - DAG(s) 'example_setup_teardown_taskflow' retrieved from /home/airflow/.local/lib/python3.12/site-packages/airflow/example_dags/example_setup_teardown_taskflow.py
[2024-08-22T00:34:01.501+0000] {logging_mixin.py:190} INFO - [2024-08-22T00:34:01.500+0000] {dag.py:3211} INFO - Sync 1 DAGs
[2024-08-22T00:34:01.547+0000] {logging_mixin.py:190} INFO - [2024-08-22T00:34:01.546+0000] {dag.py:4138} INFO - Setting next_dagrun for example_setup_teardown_taskflow to 2024-08-21 00:00:00+00:00, run_after=2024-08-22 00:00:00+00:00
[2024-08-22T00:34:01.624+0000] {processor.py:208} INFO - Processing /home/airflow/.local/lib/python3.12/site-packages/airflow/example_dags/example_setup_teardown_taskflow.py took 0.198 seconds
[2024-08-22T00:34:32.780+0000] {processor.py:186} INFO - Started process (PID=1745) to work on /home/airflow/.local/lib/python3.12/site-packages/airflow/example_dags/example_setup_teardown_taskflow.py
[2024-08-22T00:34:32.792+0000] {processor.py:914} INFO - Processing file /home/airflow/.local/lib/python3.12/site-packages/airflow/example_dags/example_setup_teardown_taskflow.py for tasks to queue
[2024-08-22T00:34:32.815+0000] {logging_mixin.py:190} INFO - [2024-08-22T00:34:32.814+0000] {dagbag.py:587} INFO - Filling up the DagBag from /home/airflow/.local/lib/python3.12/site-packages/airflow/example_dags/example_setup_teardown_taskflow.py
[2024-08-22T00:34:32.884+0000] {processor.py:925} INFO - DAG(s) 'example_setup_teardown_taskflow' retrieved from /home/airflow/.local/lib/python3.12/site-packages/airflow/example_dags/example_setup_teardown_taskflow.py
[2024-08-22T00:34:32.959+0000] {logging_mixin.py:190} INFO - [2024-08-22T00:34:32.958+0000] {dag.py:3211} INFO - Sync 1 DAGs
[2024-08-22T00:34:33.018+0000] {logging_mixin.py:190} INFO - [2024-08-22T00:34:33.018+0000] {dag.py:4138} INFO - Setting next_dagrun for example_setup_teardown_taskflow to 2024-08-21 00:00:00+00:00, run_after=2024-08-22 00:00:00+00:00
[2024-08-22T00:34:33.056+0000] {processor.py:208} INFO - Processing /home/airflow/.local/lib/python3.12/site-packages/airflow/example_dags/example_setup_teardown_taskflow.py took 0.299 seconds
[2024-08-22T00:35:03.222+0000] {processor.py:186} INFO - Started process (PID=1809) to work on /home/airflow/.local/lib/python3.12/site-packages/airflow/example_dags/example_setup_teardown_taskflow.py
[2024-08-22T00:35:03.223+0000] {processor.py:914} INFO - Processing file /home/airflow/.local/lib/python3.12/site-packages/airflow/example_dags/example_setup_teardown_taskflow.py for tasks to queue
[2024-08-22T00:35:03.227+0000] {logging_mixin.py:190} INFO - [2024-08-22T00:35:03.226+0000] {dagbag.py:587} INFO - Filling up the DagBag from /home/airflow/.local/lib/python3.12/site-packages/airflow/example_dags/example_setup_teardown_taskflow.py
[2024-08-22T00:35:03.265+0000] {processor.py:925} INFO - DAG(s) 'example_setup_teardown_taskflow' retrieved from /home/airflow/.local/lib/python3.12/site-packages/airflow/example_dags/example_setup_teardown_taskflow.py
[2024-08-22T00:35:03.356+0000] {logging_mixin.py:190} INFO - [2024-08-22T00:35:03.356+0000] {dag.py:3211} INFO - Sync 1 DAGs
[2024-08-22T00:35:03.441+0000] {logging_mixin.py:190} INFO - [2024-08-22T00:35:03.441+0000] {dag.py:4138} INFO - Setting next_dagrun for example_setup_teardown_taskflow to 2024-08-21 00:00:00+00:00, run_after=2024-08-22 00:00:00+00:00
[2024-08-22T00:35:03.482+0000] {processor.py:208} INFO - Processing /home/airflow/.local/lib/python3.12/site-packages/airflow/example_dags/example_setup_teardown_taskflow.py took 0.270 seconds
[2024-08-22T00:35:34.130+0000] {processor.py:186} INFO - Started process (PID=1872) to work on /home/airflow/.local/lib/python3.12/site-packages/airflow/example_dags/example_setup_teardown_taskflow.py
[2024-08-22T00:35:34.132+0000] {processor.py:914} INFO - Processing file /home/airflow/.local/lib/python3.12/site-packages/airflow/example_dags/example_setup_teardown_taskflow.py for tasks to queue
[2024-08-22T00:35:34.135+0000] {logging_mixin.py:190} INFO - [2024-08-22T00:35:34.135+0000] {dagbag.py:587} INFO - Filling up the DagBag from /home/airflow/.local/lib/python3.12/site-packages/airflow/example_dags/example_setup_teardown_taskflow.py
[2024-08-22T00:35:34.152+0000] {processor.py:925} INFO - DAG(s) 'example_setup_teardown_taskflow' retrieved from /home/airflow/.local/lib/python3.12/site-packages/airflow/example_dags/example_setup_teardown_taskflow.py
[2024-08-22T00:35:34.186+0000] {logging_mixin.py:190} INFO - [2024-08-22T00:35:34.186+0000] {dag.py:3211} INFO - Sync 1 DAGs
[2024-08-22T00:35:34.223+0000] {logging_mixin.py:190} INFO - [2024-08-22T00:35:34.222+0000] {dag.py:4138} INFO - Setting next_dagrun for example_setup_teardown_taskflow to 2024-08-21 00:00:00+00:00, run_after=2024-08-22 00:00:00+00:00
[2024-08-22T00:35:34.271+0000] {processor.py:208} INFO - Processing /home/airflow/.local/lib/python3.12/site-packages/airflow/example_dags/example_setup_teardown_taskflow.py took 0.150 seconds
[2024-08-22T00:36:06.159+0000] {processor.py:186} INFO - Started process (PID=1934) to work on /home/airflow/.local/lib/python3.12/site-packages/airflow/example_dags/example_setup_teardown_taskflow.py
[2024-08-22T00:36:06.163+0000] {processor.py:914} INFO - Processing file /home/airflow/.local/lib/python3.12/site-packages/airflow/example_dags/example_setup_teardown_taskflow.py for tasks to queue
[2024-08-22T00:36:06.168+0000] {logging_mixin.py:190} INFO - [2024-08-22T00:36:06.167+0000] {dagbag.py:587} INFO - Filling up the DagBag from /home/airflow/.local/lib/python3.12/site-packages/airflow/example_dags/example_setup_teardown_taskflow.py
[2024-08-22T00:36:06.200+0000] {processor.py:925} INFO - DAG(s) 'example_setup_teardown_taskflow' retrieved from /home/airflow/.local/lib/python3.12/site-packages/airflow/example_dags/example_setup_teardown_taskflow.py
[2024-08-22T00:36:06.258+0000] {logging_mixin.py:190} INFO - [2024-08-22T00:36:06.258+0000] {dag.py:3211} INFO - Sync 1 DAGs
[2024-08-22T00:36:06.333+0000] {logging_mixin.py:190} INFO - [2024-08-22T00:36:06.333+0000] {dag.py:4138} INFO - Setting next_dagrun for example_setup_teardown_taskflow to 2024-08-21 00:00:00+00:00, run_after=2024-08-22 00:00:00+00:00
[2024-08-22T00:36:06.375+0000] {processor.py:208} INFO - Processing /home/airflow/.local/lib/python3.12/site-packages/airflow/example_dags/example_setup_teardown_taskflow.py took 0.237 seconds
[2024-08-22T00:36:37.073+0000] {processor.py:186} INFO - Started process (PID=1997) to work on /home/airflow/.local/lib/python3.12/site-packages/airflow/example_dags/example_setup_teardown_taskflow.py
[2024-08-22T00:36:37.074+0000] {processor.py:914} INFO - Processing file /home/airflow/.local/lib/python3.12/site-packages/airflow/example_dags/example_setup_teardown_taskflow.py for tasks to queue
[2024-08-22T00:36:37.078+0000] {logging_mixin.py:190} INFO - [2024-08-22T00:36:37.077+0000] {dagbag.py:587} INFO - Filling up the DagBag from /home/airflow/.local/lib/python3.12/site-packages/airflow/example_dags/example_setup_teardown_taskflow.py
[2024-08-22T00:36:37.104+0000] {processor.py:925} INFO - DAG(s) 'example_setup_teardown_taskflow' retrieved from /home/airflow/.local/lib/python3.12/site-packages/airflow/example_dags/example_setup_teardown_taskflow.py
[2024-08-22T00:36:37.142+0000] {logging_mixin.py:190} INFO - [2024-08-22T00:36:37.142+0000] {dag.py:3211} INFO - Sync 1 DAGs
[2024-08-22T00:36:37.183+0000] {logging_mixin.py:190} INFO - [2024-08-22T00:36:37.183+0000] {dag.py:4138} INFO - Setting next_dagrun for example_setup_teardown_taskflow to 2024-08-21 00:00:00+00:00, run_after=2024-08-22 00:00:00+00:00
[2024-08-22T00:36:37.217+0000] {processor.py:208} INFO - Processing /home/airflow/.local/lib/python3.12/site-packages/airflow/example_dags/example_setup_teardown_taskflow.py took 0.154 seconds
[2024-08-22T00:37:08.066+0000] {processor.py:186} INFO - Started process (PID=2060) to work on /home/airflow/.local/lib/python3.12/site-packages/airflow/example_dags/example_setup_teardown_taskflow.py
[2024-08-22T00:37:08.069+0000] {processor.py:914} INFO - Processing file /home/airflow/.local/lib/python3.12/site-packages/airflow/example_dags/example_setup_teardown_taskflow.py for tasks to queue
[2024-08-22T00:37:08.076+0000] {logging_mixin.py:190} INFO - [2024-08-22T00:37:08.075+0000] {dagbag.py:587} INFO - Filling up the DagBag from /home/airflow/.local/lib/python3.12/site-packages/airflow/example_dags/example_setup_teardown_taskflow.py
[2024-08-22T00:37:08.102+0000] {processor.py:925} INFO - DAG(s) 'example_setup_teardown_taskflow' retrieved from /home/airflow/.local/lib/python3.12/site-packages/airflow/example_dags/example_setup_teardown_taskflow.py
[2024-08-22T00:37:08.153+0000] {logging_mixin.py:190} INFO - [2024-08-22T00:37:08.153+0000] {dag.py:3211} INFO - Sync 1 DAGs
[2024-08-22T00:37:08.196+0000] {logging_mixin.py:190} INFO - [2024-08-22T00:37:08.196+0000] {dag.py:4138} INFO - Setting next_dagrun for example_setup_teardown_taskflow to 2024-08-21 00:00:00+00:00, run_after=2024-08-22 00:00:00+00:00
[2024-08-22T00:37:08.240+0000] {processor.py:208} INFO - Processing /home/airflow/.local/lib/python3.12/site-packages/airflow/example_dags/example_setup_teardown_taskflow.py took 0.187 seconds
[2024-08-22T00:37:38.808+0000] {processor.py:186} INFO - Started process (PID=2122) to work on /home/airflow/.local/lib/python3.12/site-packages/airflow/example_dags/example_setup_teardown_taskflow.py
[2024-08-22T00:37:38.810+0000] {processor.py:914} INFO - Processing file /home/airflow/.local/lib/python3.12/site-packages/airflow/example_dags/example_setup_teardown_taskflow.py for tasks to queue
[2024-08-22T00:37:38.817+0000] {logging_mixin.py:190} INFO - [2024-08-22T00:37:38.815+0000] {dagbag.py:587} INFO - Filling up the DagBag from /home/airflow/.local/lib/python3.12/site-packages/airflow/example_dags/example_setup_teardown_taskflow.py
[2024-08-22T00:37:38.839+0000] {processor.py:925} INFO - DAG(s) 'example_setup_teardown_taskflow' retrieved from /home/airflow/.local/lib/python3.12/site-packages/airflow/example_dags/example_setup_teardown_taskflow.py
[2024-08-22T00:37:38.883+0000] {logging_mixin.py:190} INFO - [2024-08-22T00:37:38.882+0000] {dag.py:3211} INFO - Sync 1 DAGs
[2024-08-22T00:37:38.936+0000] {logging_mixin.py:190} INFO - [2024-08-22T00:37:38.935+0000] {dag.py:4138} INFO - Setting next_dagrun for example_setup_teardown_taskflow to 2024-08-21 00:00:00+00:00, run_after=2024-08-22 00:00:00+00:00
[2024-08-22T00:37:39.011+0000] {processor.py:208} INFO - Processing /home/airflow/.local/lib/python3.12/site-packages/airflow/example_dags/example_setup_teardown_taskflow.py took 0.216 seconds
[2024-08-22T00:38:09.519+0000] {processor.py:186} INFO - Started process (PID=2184) to work on /home/airflow/.local/lib/python3.12/site-packages/airflow/example_dags/example_setup_teardown_taskflow.py
[2024-08-22T00:38:09.521+0000] {processor.py:914} INFO - Processing file /home/airflow/.local/lib/python3.12/site-packages/airflow/example_dags/example_setup_teardown_taskflow.py for tasks to queue
[2024-08-22T00:38:09.527+0000] {logging_mixin.py:190} INFO - [2024-08-22T00:38:09.526+0000] {dagbag.py:587} INFO - Filling up the DagBag from /home/airflow/.local/lib/python3.12/site-packages/airflow/example_dags/example_setup_teardown_taskflow.py
[2024-08-22T00:38:09.582+0000] {processor.py:925} INFO - DAG(s) 'example_setup_teardown_taskflow' retrieved from /home/airflow/.local/lib/python3.12/site-packages/airflow/example_dags/example_setup_teardown_taskflow.py
[2024-08-22T00:38:09.688+0000] {logging_mixin.py:190} INFO - [2024-08-22T00:38:09.688+0000] {dag.py:3211} INFO - Sync 1 DAGs
[2024-08-22T00:38:09.735+0000] {logging_mixin.py:190} INFO - [2024-08-22T00:38:09.734+0000] {dag.py:4138} INFO - Setting next_dagrun for example_setup_teardown_taskflow to 2024-08-21 00:00:00+00:00, run_after=2024-08-22 00:00:00+00:00
[2024-08-22T00:38:09.787+0000] {processor.py:208} INFO - Processing /home/airflow/.local/lib/python3.12/site-packages/airflow/example_dags/example_setup_teardown_taskflow.py took 0.294 seconds
[2024-08-22T00:38:41.050+0000] {processor.py:186} INFO - Started process (PID=2247) to work on /home/airflow/.local/lib/python3.12/site-packages/airflow/example_dags/example_setup_teardown_taskflow.py
[2024-08-22T00:38:41.051+0000] {processor.py:914} INFO - Processing file /home/airflow/.local/lib/python3.12/site-packages/airflow/example_dags/example_setup_teardown_taskflow.py for tasks to queue
[2024-08-22T00:38:41.055+0000] {logging_mixin.py:190} INFO - [2024-08-22T00:38:41.055+0000] {dagbag.py:587} INFO - Filling up the DagBag from /home/airflow/.local/lib/python3.12/site-packages/airflow/example_dags/example_setup_teardown_taskflow.py
[2024-08-22T00:38:41.085+0000] {processor.py:925} INFO - DAG(s) 'example_setup_teardown_taskflow' retrieved from /home/airflow/.local/lib/python3.12/site-packages/airflow/example_dags/example_setup_teardown_taskflow.py
[2024-08-22T00:38:41.127+0000] {logging_mixin.py:190} INFO - [2024-08-22T00:38:41.127+0000] {dag.py:3211} INFO - Sync 1 DAGs
[2024-08-22T00:38:41.177+0000] {logging_mixin.py:190} INFO - [2024-08-22T00:38:41.176+0000] {dag.py:4138} INFO - Setting next_dagrun for example_setup_teardown_taskflow to 2024-08-21 00:00:00+00:00, run_after=2024-08-22 00:00:00+00:00
[2024-08-22T00:38:41.235+0000] {processor.py:208} INFO - Processing /home/airflow/.local/lib/python3.12/site-packages/airflow/example_dags/example_setup_teardown_taskflow.py took 0.197 seconds
[2024-08-22T00:39:11.725+0000] {processor.py:186} INFO - Started process (PID=2308) to work on /home/airflow/.local/lib/python3.12/site-packages/airflow/example_dags/example_setup_teardown_taskflow.py
[2024-08-22T00:39:11.735+0000] {processor.py:914} INFO - Processing file /home/airflow/.local/lib/python3.12/site-packages/airflow/example_dags/example_setup_teardown_taskflow.py for tasks to queue
[2024-08-22T00:39:11.743+0000] {logging_mixin.py:190} INFO - [2024-08-22T00:39:11.743+0000] {dagbag.py:587} INFO - Filling up the DagBag from /home/airflow/.local/lib/python3.12/site-packages/airflow/example_dags/example_setup_teardown_taskflow.py
[2024-08-22T00:39:11.790+0000] {processor.py:925} INFO - DAG(s) 'example_setup_teardown_taskflow' retrieved from /home/airflow/.local/lib/python3.12/site-packages/airflow/example_dags/example_setup_teardown_taskflow.py
[2024-08-22T00:39:11.867+0000] {logging_mixin.py:190} INFO - [2024-08-22T00:39:11.867+0000] {dag.py:3211} INFO - Sync 1 DAGs
[2024-08-22T00:39:11.958+0000] {logging_mixin.py:190} INFO - [2024-08-22T00:39:11.957+0000] {dag.py:4138} INFO - Setting next_dagrun for example_setup_teardown_taskflow to 2024-08-21 00:00:00+00:00, run_after=2024-08-22 00:00:00+00:00
[2024-08-22T00:39:12.026+0000] {processor.py:208} INFO - Processing /home/airflow/.local/lib/python3.12/site-packages/airflow/example_dags/example_setup_teardown_taskflow.py took 0.323 seconds
[2024-08-22T00:39:42.705+0000] {processor.py:186} INFO - Started process (PID=2373) to work on /home/airflow/.local/lib/python3.12/site-packages/airflow/example_dags/example_setup_teardown_taskflow.py
[2024-08-22T00:39:42.706+0000] {processor.py:914} INFO - Processing file /home/airflow/.local/lib/python3.12/site-packages/airflow/example_dags/example_setup_teardown_taskflow.py for tasks to queue
[2024-08-22T00:39:42.710+0000] {logging_mixin.py:190} INFO - [2024-08-22T00:39:42.709+0000] {dagbag.py:587} INFO - Filling up the DagBag from /home/airflow/.local/lib/python3.12/site-packages/airflow/example_dags/example_setup_teardown_taskflow.py
[2024-08-22T00:39:42.731+0000] {processor.py:925} INFO - DAG(s) 'example_setup_teardown_taskflow' retrieved from /home/airflow/.local/lib/python3.12/site-packages/airflow/example_dags/example_setup_teardown_taskflow.py
[2024-08-22T00:39:42.776+0000] {logging_mixin.py:190} INFO - [2024-08-22T00:39:42.775+0000] {dag.py:3211} INFO - Sync 1 DAGs
[2024-08-22T00:39:42.815+0000] {logging_mixin.py:190} INFO - [2024-08-22T00:39:42.815+0000] {dag.py:4138} INFO - Setting next_dagrun for example_setup_teardown_taskflow to 2024-08-21 00:00:00+00:00, run_after=2024-08-22 00:00:00+00:00
[2024-08-22T00:39:42.876+0000] {processor.py:208} INFO - Processing /home/airflow/.local/lib/python3.12/site-packages/airflow/example_dags/example_setup_teardown_taskflow.py took 0.181 seconds
[2024-08-22T00:40:13.232+0000] {processor.py:186} INFO - Started process (PID=2436) to work on /home/airflow/.local/lib/python3.12/site-packages/airflow/example_dags/example_setup_teardown_taskflow.py
[2024-08-22T00:40:13.234+0000] {processor.py:914} INFO - Processing file /home/airflow/.local/lib/python3.12/site-packages/airflow/example_dags/example_setup_teardown_taskflow.py for tasks to queue
[2024-08-22T00:40:13.238+0000] {logging_mixin.py:190} INFO - [2024-08-22T00:40:13.237+0000] {dagbag.py:587} INFO - Filling up the DagBag from /home/airflow/.local/lib/python3.12/site-packages/airflow/example_dags/example_setup_teardown_taskflow.py
[2024-08-22T00:40:13.260+0000] {processor.py:925} INFO - DAG(s) 'example_setup_teardown_taskflow' retrieved from /home/airflow/.local/lib/python3.12/site-packages/airflow/example_dags/example_setup_teardown_taskflow.py
[2024-08-22T00:40:13.343+0000] {logging_mixin.py:190} INFO - [2024-08-22T00:40:13.343+0000] {dag.py:3211} INFO - Sync 1 DAGs
[2024-08-22T00:40:13.431+0000] {logging_mixin.py:190} INFO - [2024-08-22T00:40:13.430+0000] {dag.py:4138} INFO - Setting next_dagrun for example_setup_teardown_taskflow to 2024-08-21 00:00:00+00:00, run_after=2024-08-22 00:00:00+00:00
[2024-08-22T00:40:13.467+0000] {processor.py:208} INFO - Processing /home/airflow/.local/lib/python3.12/site-packages/airflow/example_dags/example_setup_teardown_taskflow.py took 0.244 seconds
[2024-08-22T00:40:44.163+0000] {processor.py:186} INFO - Started process (PID=2499) to work on /home/airflow/.local/lib/python3.12/site-packages/airflow/example_dags/example_setup_teardown_taskflow.py
[2024-08-22T00:40:44.165+0000] {processor.py:914} INFO - Processing file /home/airflow/.local/lib/python3.12/site-packages/airflow/example_dags/example_setup_teardown_taskflow.py for tasks to queue
[2024-08-22T00:40:44.169+0000] {logging_mixin.py:190} INFO - [2024-08-22T00:40:44.168+0000] {dagbag.py:587} INFO - Filling up the DagBag from /home/airflow/.local/lib/python3.12/site-packages/airflow/example_dags/example_setup_teardown_taskflow.py
[2024-08-22T00:40:44.186+0000] {processor.py:925} INFO - DAG(s) 'example_setup_teardown_taskflow' retrieved from /home/airflow/.local/lib/python3.12/site-packages/airflow/example_dags/example_setup_teardown_taskflow.py
[2024-08-22T00:40:44.226+0000] {logging_mixin.py:190} INFO - [2024-08-22T00:40:44.226+0000] {dag.py:3211} INFO - Sync 1 DAGs
[2024-08-22T00:40:44.306+0000] {logging_mixin.py:190} INFO - [2024-08-22T00:40:44.305+0000] {dag.py:4138} INFO - Setting next_dagrun for example_setup_teardown_taskflow to 2024-08-21 00:00:00+00:00, run_after=2024-08-22 00:00:00+00:00
[2024-08-22T00:40:44.350+0000] {processor.py:208} INFO - Processing /home/airflow/.local/lib/python3.12/site-packages/airflow/example_dags/example_setup_teardown_taskflow.py took 0.197 seconds
[2024-08-22T00:41:14.865+0000] {processor.py:186} INFO - Started process (PID=2562) to work on /home/airflow/.local/lib/python3.12/site-packages/airflow/example_dags/example_setup_teardown_taskflow.py
[2024-08-22T00:41:14.866+0000] {processor.py:914} INFO - Processing file /home/airflow/.local/lib/python3.12/site-packages/airflow/example_dags/example_setup_teardown_taskflow.py for tasks to queue
[2024-08-22T00:41:14.870+0000] {logging_mixin.py:190} INFO - [2024-08-22T00:41:14.870+0000] {dagbag.py:587} INFO - Filling up the DagBag from /home/airflow/.local/lib/python3.12/site-packages/airflow/example_dags/example_setup_teardown_taskflow.py
[2024-08-22T00:41:14.887+0000] {processor.py:925} INFO - DAG(s) 'example_setup_teardown_taskflow' retrieved from /home/airflow/.local/lib/python3.12/site-packages/airflow/example_dags/example_setup_teardown_taskflow.py
[2024-08-22T00:41:14.922+0000] {logging_mixin.py:190} INFO - [2024-08-22T00:41:14.921+0000] {dag.py:3211} INFO - Sync 1 DAGs
[2024-08-22T00:41:14.960+0000] {logging_mixin.py:190} INFO - [2024-08-22T00:41:14.960+0000] {dag.py:4138} INFO - Setting next_dagrun for example_setup_teardown_taskflow to 2024-08-21 00:00:00+00:00, run_after=2024-08-22 00:00:00+00:00
[2024-08-22T00:41:14.997+0000] {processor.py:208} INFO - Processing /home/airflow/.local/lib/python3.12/site-packages/airflow/example_dags/example_setup_teardown_taskflow.py took 0.142 seconds
[2024-08-22T00:41:45.174+0000] {processor.py:186} INFO - Started process (PID=2625) to work on /home/airflow/.local/lib/python3.12/site-packages/airflow/example_dags/example_setup_teardown_taskflow.py
[2024-08-22T00:41:45.176+0000] {processor.py:914} INFO - Processing file /home/airflow/.local/lib/python3.12/site-packages/airflow/example_dags/example_setup_teardown_taskflow.py for tasks to queue
[2024-08-22T00:41:45.180+0000] {logging_mixin.py:190} INFO - [2024-08-22T00:41:45.179+0000] {dagbag.py:587} INFO - Filling up the DagBag from /home/airflow/.local/lib/python3.12/site-packages/airflow/example_dags/example_setup_teardown_taskflow.py
[2024-08-22T00:41:45.197+0000] {processor.py:925} INFO - DAG(s) 'example_setup_teardown_taskflow' retrieved from /home/airflow/.local/lib/python3.12/site-packages/airflow/example_dags/example_setup_teardown_taskflow.py
[2024-08-22T00:41:45.237+0000] {logging_mixin.py:190} INFO - [2024-08-22T00:41:45.237+0000] {dag.py:3211} INFO - Sync 1 DAGs
[2024-08-22T00:41:45.277+0000] {logging_mixin.py:190} INFO - [2024-08-22T00:41:45.277+0000] {dag.py:4138} INFO - Setting next_dagrun for example_setup_teardown_taskflow to 2024-08-21 00:00:00+00:00, run_after=2024-08-22 00:00:00+00:00
[2024-08-22T00:41:45.313+0000] {processor.py:208} INFO - Processing /home/airflow/.local/lib/python3.12/site-packages/airflow/example_dags/example_setup_teardown_taskflow.py took 0.149 seconds
[2024-08-22T00:42:15.458+0000] {processor.py:186} INFO - Started process (PID=2688) to work on /home/airflow/.local/lib/python3.12/site-packages/airflow/example_dags/example_setup_teardown_taskflow.py
[2024-08-22T00:42:15.460+0000] {processor.py:914} INFO - Processing file /home/airflow/.local/lib/python3.12/site-packages/airflow/example_dags/example_setup_teardown_taskflow.py for tasks to queue
[2024-08-22T00:42:15.466+0000] {logging_mixin.py:190} INFO - [2024-08-22T00:42:15.465+0000] {dagbag.py:587} INFO - Filling up the DagBag from /home/airflow/.local/lib/python3.12/site-packages/airflow/example_dags/example_setup_teardown_taskflow.py
[2024-08-22T00:42:15.485+0000] {processor.py:925} INFO - DAG(s) 'example_setup_teardown_taskflow' retrieved from /home/airflow/.local/lib/python3.12/site-packages/airflow/example_dags/example_setup_teardown_taskflow.py
[2024-08-22T00:42:15.520+0000] {logging_mixin.py:190} INFO - [2024-08-22T00:42:15.520+0000] {dag.py:3211} INFO - Sync 1 DAGs
[2024-08-22T00:42:15.562+0000] {logging_mixin.py:190} INFO - [2024-08-22T00:42:15.561+0000] {dag.py:4138} INFO - Setting next_dagrun for example_setup_teardown_taskflow to 2024-08-21 00:00:00+00:00, run_after=2024-08-22 00:00:00+00:00
[2024-08-22T00:42:15.606+0000] {processor.py:208} INFO - Processing /home/airflow/.local/lib/python3.12/site-packages/airflow/example_dags/example_setup_teardown_taskflow.py took 0.159 seconds
[2024-08-22T00:42:50.225+0000] {processor.py:186} INFO - Started process (PID=2751) to work on /home/airflow/.local/lib/python3.12/site-packages/airflow/example_dags/example_setup_teardown_taskflow.py
[2024-08-22T00:42:50.248+0000] {processor.py:914} INFO - Processing file /home/airflow/.local/lib/python3.12/site-packages/airflow/example_dags/example_setup_teardown_taskflow.py for tasks to queue
[2024-08-22T00:42:50.253+0000] {logging_mixin.py:190} INFO - [2024-08-22T00:42:50.252+0000] {dagbag.py:587} INFO - Filling up the DagBag from /home/airflow/.local/lib/python3.12/site-packages/airflow/example_dags/example_setup_teardown_taskflow.py
[2024-08-22T00:42:50.321+0000] {processor.py:925} INFO - DAG(s) 'example_setup_teardown_taskflow' retrieved from /home/airflow/.local/lib/python3.12/site-packages/airflow/example_dags/example_setup_teardown_taskflow.py
[2024-08-22T00:42:50.443+0000] {logging_mixin.py:190} INFO - [2024-08-22T00:42:50.443+0000] {dag.py:3211} INFO - Sync 1 DAGs
[2024-08-22T00:42:50.696+0000] {logging_mixin.py:190} INFO - [2024-08-22T00:42:50.695+0000] {dag.py:4138} INFO - Setting next_dagrun for example_setup_teardown_taskflow to 2024-08-21 00:00:00+00:00, run_after=2024-08-22 00:00:00+00:00
[2024-08-22T03:42:51.365+0000] {processor.py:208} INFO - Processing /home/airflow/.local/lib/python3.12/site-packages/airflow/example_dags/example_setup_teardown_taskflow.py took 0.757 seconds
