[2024-08-22T00:20:29.959+0000] {processor.py:186} INFO - Started process (PID=108) to work on /home/airflow/.local/lib/python3.12/site-packages/airflow/example_dags/example_task_group_decorator.py
[2024-08-22T00:20:29.973+0000] {processor.py:914} INFO - Processing file /home/airflow/.local/lib/python3.12/site-packages/airflow/example_dags/example_task_group_decorator.py for tasks to queue
[2024-08-22T00:20:29.989+0000] {logging_mixin.py:190} INFO - [2024-08-22T00:20:29.984+0000] {dagbag.py:587} INFO - Filling up the DagBag from /home/airflow/.local/lib/python3.12/site-packages/airflow/example_dags/example_task_group_decorator.py
[2024-08-22T00:20:30.162+0000] {processor.py:925} INFO - DAG(s) 'example_task_group_decorator' retrieved from /home/airflow/.local/lib/python3.12/site-packages/airflow/example_dags/example_task_group_decorator.py
[2024-08-22T00:20:30.723+0000] {logging_mixin.py:190} INFO - [2024-08-22T00:20:30.722+0000] {override.py:1858} INFO - Created Permission View: can read on DAG:example_task_group_decorator
[2024-08-22T00:20:30.791+0000] {logging_mixin.py:190} INFO - [2024-08-22T00:20:30.790+0000] {override.py:1858} INFO - Created Permission View: can delete on DAG:example_task_group_decorator
[2024-08-22T00:20:30.839+0000] {logging_mixin.py:190} INFO - [2024-08-22T00:20:30.838+0000] {override.py:1858} INFO - Created Permission View: can edit on DAG:example_task_group_decorator
[2024-08-22T00:20:30.840+0000] {logging_mixin.py:190} INFO - [2024-08-22T00:20:30.840+0000] {dag.py:3211} INFO - Sync 1 DAGs
[2024-08-22T00:20:30.897+0000] {logging_mixin.py:190} INFO - [2024-08-22T00:20:30.896+0000] {dag.py:3234} INFO - Creating ORM DAG for example_task_group_decorator
[2024-08-22T00:20:30.970+0000] {logging_mixin.py:190} INFO - [2024-08-22T00:20:30.969+0000] {dag.py:4138} INFO - Setting next_dagrun for example_task_group_decorator to 2024-08-21 00:00:00+00:00, run_after=2024-08-22 00:00:00+00:00
[2024-08-22T00:20:31.106+0000] {processor.py:208} INFO - Processing /home/airflow/.local/lib/python3.12/site-packages/airflow/example_dags/example_task_group_decorator.py took 1.183 seconds
[2024-08-22T00:21:01.395+0000] {processor.py:186} INFO - Started process (PID=171) to work on /home/airflow/.local/lib/python3.12/site-packages/airflow/example_dags/example_task_group_decorator.py
[2024-08-22T00:21:01.397+0000] {processor.py:914} INFO - Processing file /home/airflow/.local/lib/python3.12/site-packages/airflow/example_dags/example_task_group_decorator.py for tasks to queue
[2024-08-22T00:21:01.400+0000] {logging_mixin.py:190} INFO - [2024-08-22T00:21:01.400+0000] {dagbag.py:587} INFO - Filling up the DagBag from /home/airflow/.local/lib/python3.12/site-packages/airflow/example_dags/example_task_group_decorator.py
[2024-08-22T00:21:01.423+0000] {processor.py:925} INFO - DAG(s) 'example_task_group_decorator' retrieved from /home/airflow/.local/lib/python3.12/site-packages/airflow/example_dags/example_task_group_decorator.py
[2024-08-22T00:21:01.466+0000] {logging_mixin.py:190} INFO - [2024-08-22T00:21:01.465+0000] {dag.py:3211} INFO - Sync 1 DAGs
[2024-08-22T00:21:01.497+0000] {logging_mixin.py:190} INFO - [2024-08-22T00:21:01.497+0000] {dag.py:4138} INFO - Setting next_dagrun for example_task_group_decorator to 2024-08-21 00:00:00+00:00, run_after=2024-08-22 00:00:00+00:00
[2024-08-22T00:21:03.347+0000] {processor.py:208} INFO - Processing /home/airflow/.local/lib/python3.12/site-packages/airflow/example_dags/example_task_group_decorator.py took 1.963 seconds
[2024-08-22T00:22:00.289+0000] {processor.py:186} INFO - Started process (PID=240) to work on /home/airflow/.local/lib/python3.12/site-packages/airflow/example_dags/example_task_group_decorator.py
[2024-08-22T00:22:00.302+0000] {processor.py:914} INFO - Processing file /home/airflow/.local/lib/python3.12/site-packages/airflow/example_dags/example_task_group_decorator.py for tasks to queue
[2024-08-22T00:22:00.328+0000] {logging_mixin.py:190} INFO - [2024-08-22T00:22:00.327+0000] {dagbag.py:587} INFO - Filling up the DagBag from /home/airflow/.local/lib/python3.12/site-packages/airflow/example_dags/example_task_group_decorator.py
[2024-08-22T00:22:00.546+0000] {processor.py:925} INFO - DAG(s) 'example_task_group_decorator' retrieved from /home/airflow/.local/lib/python3.12/site-packages/airflow/example_dags/example_task_group_decorator.py
[2024-08-22T00:22:00.675+0000] {logging_mixin.py:190} INFO - [2024-08-22T00:22:00.672+0000] {dag.py:3211} INFO - Sync 1 DAGs
[2024-08-22T00:22:00.822+0000] {logging_mixin.py:190} INFO - [2024-08-22T00:22:00.821+0000] {dag.py:4138} INFO - Setting next_dagrun for example_task_group_decorator to 2024-08-21 00:00:00+00:00, run_after=2024-08-22 00:00:00+00:00
[2024-08-22T00:22:00.978+0000] {processor.py:208} INFO - Processing /home/airflow/.local/lib/python3.12/site-packages/airflow/example_dags/example_task_group_decorator.py took 0.739 seconds
[2024-08-22T00:22:31.226+0000] {processor.py:186} INFO - Started process (PID=302) to work on /home/airflow/.local/lib/python3.12/site-packages/airflow/example_dags/example_task_group_decorator.py
[2024-08-22T00:22:31.228+0000] {processor.py:914} INFO - Processing file /home/airflow/.local/lib/python3.12/site-packages/airflow/example_dags/example_task_group_decorator.py for tasks to queue
[2024-08-22T00:22:31.233+0000] {logging_mixin.py:190} INFO - [2024-08-22T00:22:31.233+0000] {dagbag.py:587} INFO - Filling up the DagBag from /home/airflow/.local/lib/python3.12/site-packages/airflow/example_dags/example_task_group_decorator.py
[2024-08-22T00:22:31.321+0000] {processor.py:925} INFO - DAG(s) 'example_task_group_decorator' retrieved from /home/airflow/.local/lib/python3.12/site-packages/airflow/example_dags/example_task_group_decorator.py
[2024-08-22T00:22:31.405+0000] {logging_mixin.py:190} INFO - [2024-08-22T00:22:31.404+0000] {dag.py:3211} INFO - Sync 1 DAGs
[2024-08-22T00:22:31.458+0000] {logging_mixin.py:190} INFO - [2024-08-22T00:22:31.456+0000] {dag.py:4138} INFO - Setting next_dagrun for example_task_group_decorator to 2024-08-21 00:00:00+00:00, run_after=2024-08-22 00:00:00+00:00
[2024-08-22T00:22:33.133+0000] {processor.py:208} INFO - Processing /home/airflow/.local/lib/python3.12/site-packages/airflow/example_dags/example_task_group_decorator.py took 1.930 seconds
[2024-08-22T00:23:03.815+0000] {processor.py:186} INFO - Started process (PID=365) to work on /home/airflow/.local/lib/python3.12/site-packages/airflow/example_dags/example_task_group_decorator.py
[2024-08-22T00:23:03.821+0000] {processor.py:914} INFO - Processing file /home/airflow/.local/lib/python3.12/site-packages/airflow/example_dags/example_task_group_decorator.py for tasks to queue
[2024-08-22T00:23:03.831+0000] {logging_mixin.py:190} INFO - [2024-08-22T00:23:03.830+0000] {dagbag.py:587} INFO - Filling up the DagBag from /home/airflow/.local/lib/python3.12/site-packages/airflow/example_dags/example_task_group_decorator.py
[2024-08-22T00:23:03.877+0000] {processor.py:925} INFO - DAG(s) 'example_task_group_decorator' retrieved from /home/airflow/.local/lib/python3.12/site-packages/airflow/example_dags/example_task_group_decorator.py
[2024-08-22T00:23:03.978+0000] {logging_mixin.py:190} INFO - [2024-08-22T00:23:03.977+0000] {dag.py:3211} INFO - Sync 1 DAGs
[2024-08-22T00:23:04.101+0000] {logging_mixin.py:190} INFO - [2024-08-22T00:23:04.100+0000] {dag.py:4138} INFO - Setting next_dagrun for example_task_group_decorator to 2024-08-21 00:00:00+00:00, run_after=2024-08-22 00:00:00+00:00
[2024-08-22T00:23:04.147+0000] {processor.py:208} INFO - Processing /home/airflow/.local/lib/python3.12/site-packages/airflow/example_dags/example_task_group_decorator.py took 0.348 seconds
[2024-08-22T00:23:34.314+0000] {processor.py:186} INFO - Started process (PID=428) to work on /home/airflow/.local/lib/python3.12/site-packages/airflow/example_dags/example_task_group_decorator.py
[2024-08-22T00:23:34.315+0000] {processor.py:914} INFO - Processing file /home/airflow/.local/lib/python3.12/site-packages/airflow/example_dags/example_task_group_decorator.py for tasks to queue
[2024-08-22T00:23:34.319+0000] {logging_mixin.py:190} INFO - [2024-08-22T00:23:34.318+0000] {dagbag.py:587} INFO - Filling up the DagBag from /home/airflow/.local/lib/python3.12/site-packages/airflow/example_dags/example_task_group_decorator.py
[2024-08-22T00:23:35.305+0000] {processor.py:925} INFO - DAG(s) 'example_task_group_decorator' retrieved from /home/airflow/.local/lib/python3.12/site-packages/airflow/example_dags/example_task_group_decorator.py
[2024-08-22T00:23:35.440+0000] {logging_mixin.py:190} INFO - [2024-08-22T00:23:35.437+0000] {dag.py:3211} INFO - Sync 1 DAGs
[2024-08-22T00:23:35.558+0000] {logging_mixin.py:190} INFO - [2024-08-22T00:23:35.557+0000] {dag.py:4138} INFO - Setting next_dagrun for example_task_group_decorator to 2024-08-21 00:00:00+00:00, run_after=2024-08-22 00:00:00+00:00
[2024-08-22T00:23:35.609+0000] {processor.py:208} INFO - Processing /home/airflow/.local/lib/python3.12/site-packages/airflow/example_dags/example_task_group_decorator.py took 1.304 seconds
[2024-08-22T00:24:06.363+0000] {processor.py:186} INFO - Started process (PID=492) to work on /home/airflow/.local/lib/python3.12/site-packages/airflow/example_dags/example_task_group_decorator.py
[2024-08-22T00:24:06.364+0000] {processor.py:914} INFO - Processing file /home/airflow/.local/lib/python3.12/site-packages/airflow/example_dags/example_task_group_decorator.py for tasks to queue
[2024-08-22T00:24:06.367+0000] {logging_mixin.py:190} INFO - [2024-08-22T00:24:06.367+0000] {dagbag.py:587} INFO - Filling up the DagBag from /home/airflow/.local/lib/python3.12/site-packages/airflow/example_dags/example_task_group_decorator.py
[2024-08-22T00:24:06.820+0000] {processor.py:925} INFO - DAG(s) 'example_task_group_decorator' retrieved from /home/airflow/.local/lib/python3.12/site-packages/airflow/example_dags/example_task_group_decorator.py
[2024-08-22T00:24:06.859+0000] {logging_mixin.py:190} INFO - [2024-08-22T00:24:06.859+0000] {dag.py:3211} INFO - Sync 1 DAGs
[2024-08-22T00:24:06.890+0000] {logging_mixin.py:190} INFO - [2024-08-22T00:24:06.890+0000] {dag.py:4138} INFO - Setting next_dagrun for example_task_group_decorator to 2024-08-21 00:00:00+00:00, run_after=2024-08-22 00:00:00+00:00
[2024-08-22T00:24:07.181+0000] {processor.py:208} INFO - Processing /home/airflow/.local/lib/python3.12/site-packages/airflow/example_dags/example_task_group_decorator.py took 0.827 seconds
[2024-08-22T00:24:37.963+0000] {processor.py:186} INFO - Started process (PID=554) to work on /home/airflow/.local/lib/python3.12/site-packages/airflow/example_dags/example_task_group_decorator.py
[2024-08-22T00:24:37.969+0000] {processor.py:914} INFO - Processing file /home/airflow/.local/lib/python3.12/site-packages/airflow/example_dags/example_task_group_decorator.py for tasks to queue
[2024-08-22T00:24:37.979+0000] {logging_mixin.py:190} INFO - [2024-08-22T00:24:37.978+0000] {dagbag.py:587} INFO - Filling up the DagBag from /home/airflow/.local/lib/python3.12/site-packages/airflow/example_dags/example_task_group_decorator.py
[2024-08-22T00:24:38.053+0000] {processor.py:925} INFO - DAG(s) 'example_task_group_decorator' retrieved from /home/airflow/.local/lib/python3.12/site-packages/airflow/example_dags/example_task_group_decorator.py
[2024-08-22T00:24:38.232+0000] {logging_mixin.py:190} INFO - [2024-08-22T00:24:38.231+0000] {dag.py:3211} INFO - Sync 1 DAGs
[2024-08-22T00:24:38.357+0000] {logging_mixin.py:190} INFO - [2024-08-22T00:24:38.356+0000] {dag.py:4138} INFO - Setting next_dagrun for example_task_group_decorator to 2024-08-21 00:00:00+00:00, run_after=2024-08-22 00:00:00+00:00
[2024-08-22T00:24:38.449+0000] {processor.py:208} INFO - Processing /home/airflow/.local/lib/python3.12/site-packages/airflow/example_dags/example_task_group_decorator.py took 0.516 seconds
[2024-08-22T00:25:11.778+0000] {processor.py:186} INFO - Started process (PID=617) to work on /home/airflow/.local/lib/python3.12/site-packages/airflow/example_dags/example_task_group_decorator.py
[2024-08-22T00:25:11.794+0000] {processor.py:914} INFO - Processing file /home/airflow/.local/lib/python3.12/site-packages/airflow/example_dags/example_task_group_decorator.py for tasks to queue
[2024-08-22T00:25:11.819+0000] {logging_mixin.py:190} INFO - [2024-08-22T00:25:11.818+0000] {dagbag.py:587} INFO - Filling up the DagBag from /home/airflow/.local/lib/python3.12/site-packages/airflow/example_dags/example_task_group_decorator.py
[2024-08-22T00:25:11.913+0000] {processor.py:925} INFO - DAG(s) 'example_task_group_decorator' retrieved from /home/airflow/.local/lib/python3.12/site-packages/airflow/example_dags/example_task_group_decorator.py
[2024-08-22T00:25:12.045+0000] {logging_mixin.py:190} INFO - [2024-08-22T00:25:12.045+0000] {dag.py:3211} INFO - Sync 1 DAGs
[2024-08-22T00:25:12.103+0000] {logging_mixin.py:190} INFO - [2024-08-22T00:25:12.102+0000] {dag.py:4138} INFO - Setting next_dagrun for example_task_group_decorator to 2024-08-21 00:00:00+00:00, run_after=2024-08-22 00:00:00+00:00
[2024-08-22T00:25:12.217+0000] {processor.py:208} INFO - Processing /home/airflow/.local/lib/python3.12/site-packages/airflow/example_dags/example_task_group_decorator.py took 0.478 seconds
[2024-08-22T00:25:42.360+0000] {processor.py:186} INFO - Started process (PID=680) to work on /home/airflow/.local/lib/python3.12/site-packages/airflow/example_dags/example_task_group_decorator.py
[2024-08-22T00:25:42.364+0000] {processor.py:914} INFO - Processing file /home/airflow/.local/lib/python3.12/site-packages/airflow/example_dags/example_task_group_decorator.py for tasks to queue
[2024-08-22T00:25:42.369+0000] {logging_mixin.py:190} INFO - [2024-08-22T00:25:42.368+0000] {dagbag.py:587} INFO - Filling up the DagBag from /home/airflow/.local/lib/python3.12/site-packages/airflow/example_dags/example_task_group_decorator.py
[2024-08-22T00:25:42.423+0000] {processor.py:925} INFO - DAG(s) 'example_task_group_decorator' retrieved from /home/airflow/.local/lib/python3.12/site-packages/airflow/example_dags/example_task_group_decorator.py
[2024-08-22T00:25:42.508+0000] {logging_mixin.py:190} INFO - [2024-08-22T00:25:42.507+0000] {dag.py:3211} INFO - Sync 1 DAGs
[2024-08-22T00:25:42.581+0000] {logging_mixin.py:190} INFO - [2024-08-22T00:25:42.581+0000] {dag.py:4138} INFO - Setting next_dagrun for example_task_group_decorator to 2024-08-21 00:00:00+00:00, run_after=2024-08-22 00:00:00+00:00
[2024-08-22T00:25:42.633+0000] {processor.py:208} INFO - Processing /home/airflow/.local/lib/python3.12/site-packages/airflow/example_dags/example_task_group_decorator.py took 0.293 seconds
[2024-08-22T00:26:13.541+0000] {processor.py:186} INFO - Started process (PID=743) to work on /home/airflow/.local/lib/python3.12/site-packages/airflow/example_dags/example_task_group_decorator.py
[2024-08-22T00:26:13.544+0000] {processor.py:914} INFO - Processing file /home/airflow/.local/lib/python3.12/site-packages/airflow/example_dags/example_task_group_decorator.py for tasks to queue
[2024-08-22T00:26:13.548+0000] {logging_mixin.py:190} INFO - [2024-08-22T00:26:13.547+0000] {dagbag.py:587} INFO - Filling up the DagBag from /home/airflow/.local/lib/python3.12/site-packages/airflow/example_dags/example_task_group_decorator.py
[2024-08-22T00:26:13.581+0000] {processor.py:925} INFO - DAG(s) 'example_task_group_decorator' retrieved from /home/airflow/.local/lib/python3.12/site-packages/airflow/example_dags/example_task_group_decorator.py
[2024-08-22T00:26:13.741+0000] {logging_mixin.py:190} INFO - [2024-08-22T00:26:13.740+0000] {dag.py:3211} INFO - Sync 1 DAGs
[2024-08-22T00:26:13.790+0000] {logging_mixin.py:190} INFO - [2024-08-22T00:26:13.790+0000] {dag.py:4138} INFO - Setting next_dagrun for example_task_group_decorator to 2024-08-21 00:00:00+00:00, run_after=2024-08-22 00:00:00+00:00
[2024-08-22T00:26:13.827+0000] {processor.py:208} INFO - Processing /home/airflow/.local/lib/python3.12/site-packages/airflow/example_dags/example_task_group_decorator.py took 0.297 seconds
[2024-08-22T00:26:44.694+0000] {processor.py:186} INFO - Started process (PID=807) to work on /home/airflow/.local/lib/python3.12/site-packages/airflow/example_dags/example_task_group_decorator.py
[2024-08-22T00:26:44.697+0000] {processor.py:914} INFO - Processing file /home/airflow/.local/lib/python3.12/site-packages/airflow/example_dags/example_task_group_decorator.py for tasks to queue
[2024-08-22T00:26:44.704+0000] {logging_mixin.py:190} INFO - [2024-08-22T00:26:44.703+0000] {dagbag.py:587} INFO - Filling up the DagBag from /home/airflow/.local/lib/python3.12/site-packages/airflow/example_dags/example_task_group_decorator.py
[2024-08-22T00:26:44.764+0000] {processor.py:925} INFO - DAG(s) 'example_task_group_decorator' retrieved from /home/airflow/.local/lib/python3.12/site-packages/airflow/example_dags/example_task_group_decorator.py
[2024-08-22T00:26:44.886+0000] {logging_mixin.py:190} INFO - [2024-08-22T00:26:44.885+0000] {dag.py:3211} INFO - Sync 1 DAGs
[2024-08-22T00:26:45.050+0000] {logging_mixin.py:190} INFO - [2024-08-22T00:26:45.049+0000] {dag.py:4138} INFO - Setting next_dagrun for example_task_group_decorator to 2024-08-21 00:00:00+00:00, run_after=2024-08-22 00:00:00+00:00
[2024-08-22T00:26:45.122+0000] {processor.py:208} INFO - Processing /home/airflow/.local/lib/python3.12/site-packages/airflow/example_dags/example_task_group_decorator.py took 0.447 seconds
[2024-08-22T00:27:15.903+0000] {processor.py:186} INFO - Started process (PID=871) to work on /home/airflow/.local/lib/python3.12/site-packages/airflow/example_dags/example_task_group_decorator.py
[2024-08-22T00:27:15.905+0000] {processor.py:914} INFO - Processing file /home/airflow/.local/lib/python3.12/site-packages/airflow/example_dags/example_task_group_decorator.py for tasks to queue
[2024-08-22T00:27:15.912+0000] {logging_mixin.py:190} INFO - [2024-08-22T00:27:15.911+0000] {dagbag.py:587} INFO - Filling up the DagBag from /home/airflow/.local/lib/python3.12/site-packages/airflow/example_dags/example_task_group_decorator.py
[2024-08-22T00:27:15.962+0000] {processor.py:925} INFO - DAG(s) 'example_task_group_decorator' retrieved from /home/airflow/.local/lib/python3.12/site-packages/airflow/example_dags/example_task_group_decorator.py
[2024-08-22T00:27:16.057+0000] {logging_mixin.py:190} INFO - [2024-08-22T00:27:16.056+0000] {dag.py:3211} INFO - Sync 1 DAGs
[2024-08-22T00:27:16.168+0000] {logging_mixin.py:190} INFO - [2024-08-22T00:27:16.168+0000] {dag.py:4138} INFO - Setting next_dagrun for example_task_group_decorator to 2024-08-21 00:00:00+00:00, run_after=2024-08-22 00:00:00+00:00
[2024-08-22T00:27:16.248+0000] {processor.py:208} INFO - Processing /home/airflow/.local/lib/python3.12/site-packages/airflow/example_dags/example_task_group_decorator.py took 0.366 seconds
[2024-08-22T00:27:46.544+0000] {processor.py:186} INFO - Started process (PID=934) to work on /home/airflow/.local/lib/python3.12/site-packages/airflow/example_dags/example_task_group_decorator.py
[2024-08-22T00:27:46.546+0000] {processor.py:914} INFO - Processing file /home/airflow/.local/lib/python3.12/site-packages/airflow/example_dags/example_task_group_decorator.py for tasks to queue
[2024-08-22T00:27:46.550+0000] {logging_mixin.py:190} INFO - [2024-08-22T00:27:46.549+0000] {dagbag.py:587} INFO - Filling up the DagBag from /home/airflow/.local/lib/python3.12/site-packages/airflow/example_dags/example_task_group_decorator.py
[2024-08-22T00:27:46.584+0000] {processor.py:925} INFO - DAG(s) 'example_task_group_decorator' retrieved from /home/airflow/.local/lib/python3.12/site-packages/airflow/example_dags/example_task_group_decorator.py
[2024-08-22T00:27:46.632+0000] {logging_mixin.py:190} INFO - [2024-08-22T00:27:46.632+0000] {dag.py:3211} INFO - Sync 1 DAGs
[2024-08-22T00:27:46.678+0000] {logging_mixin.py:190} INFO - [2024-08-22T00:27:46.678+0000] {dag.py:4138} INFO - Setting next_dagrun for example_task_group_decorator to 2024-08-21 00:00:00+00:00, run_after=2024-08-22 00:00:00+00:00
[2024-08-22T00:27:46.713+0000] {processor.py:208} INFO - Processing /home/airflow/.local/lib/python3.12/site-packages/airflow/example_dags/example_task_group_decorator.py took 0.180 seconds
[2024-08-22T00:28:17.692+0000] {processor.py:186} INFO - Started process (PID=993) to work on /home/airflow/.local/lib/python3.12/site-packages/airflow/example_dags/example_task_group_decorator.py
[2024-08-22T00:28:17.697+0000] {processor.py:914} INFO - Processing file /home/airflow/.local/lib/python3.12/site-packages/airflow/example_dags/example_task_group_decorator.py for tasks to queue
[2024-08-22T00:28:17.701+0000] {logging_mixin.py:190} INFO - [2024-08-22T00:28:17.701+0000] {dagbag.py:587} INFO - Filling up the DagBag from /home/airflow/.local/lib/python3.12/site-packages/airflow/example_dags/example_task_group_decorator.py
[2024-08-22T00:28:17.755+0000] {processor.py:925} INFO - DAG(s) 'example_task_group_decorator' retrieved from /home/airflow/.local/lib/python3.12/site-packages/airflow/example_dags/example_task_group_decorator.py
[2024-08-22T00:28:17.836+0000] {logging_mixin.py:190} INFO - [2024-08-22T00:28:17.836+0000] {dag.py:3211} INFO - Sync 1 DAGs
[2024-08-22T00:28:17.885+0000] {logging_mixin.py:190} INFO - [2024-08-22T00:28:17.885+0000] {dag.py:4138} INFO - Setting next_dagrun for example_task_group_decorator to 2024-08-21 00:00:00+00:00, run_after=2024-08-22 00:00:00+00:00
[2024-08-22T00:28:18.181+0000] {processor.py:208} INFO - Processing /home/airflow/.local/lib/python3.12/site-packages/airflow/example_dags/example_task_group_decorator.py took 0.508 seconds
[2024-08-22T00:28:50.400+0000] {processor.py:186} INFO - Started process (PID=1056) to work on /home/airflow/.local/lib/python3.12/site-packages/airflow/example_dags/example_task_group_decorator.py
[2024-08-22T00:28:50.401+0000] {processor.py:914} INFO - Processing file /home/airflow/.local/lib/python3.12/site-packages/airflow/example_dags/example_task_group_decorator.py for tasks to queue
[2024-08-22T00:28:50.405+0000] {logging_mixin.py:190} INFO - [2024-08-22T00:28:50.405+0000] {dagbag.py:587} INFO - Filling up the DagBag from /home/airflow/.local/lib/python3.12/site-packages/airflow/example_dags/example_task_group_decorator.py
[2024-08-22T00:28:50.452+0000] {processor.py:925} INFO - DAG(s) 'example_task_group_decorator' retrieved from /home/airflow/.local/lib/python3.12/site-packages/airflow/example_dags/example_task_group_decorator.py
[2024-08-22T00:28:50.596+0000] {logging_mixin.py:190} INFO - [2024-08-22T00:28:50.595+0000] {dag.py:3211} INFO - Sync 1 DAGs
[2024-08-22T00:28:50.680+0000] {logging_mixin.py:190} INFO - [2024-08-22T00:28:50.680+0000] {dag.py:4138} INFO - Setting next_dagrun for example_task_group_decorator to 2024-08-21 00:00:00+00:00, run_after=2024-08-22 00:00:00+00:00
[2024-08-22T00:28:50.733+0000] {processor.py:208} INFO - Processing /home/airflow/.local/lib/python3.12/site-packages/airflow/example_dags/example_task_group_decorator.py took 0.347 seconds
[2024-08-22T00:29:21.367+0000] {processor.py:186} INFO - Started process (PID=1119) to work on /home/airflow/.local/lib/python3.12/site-packages/airflow/example_dags/example_task_group_decorator.py
[2024-08-22T00:29:21.369+0000] {processor.py:914} INFO - Processing file /home/airflow/.local/lib/python3.12/site-packages/airflow/example_dags/example_task_group_decorator.py for tasks to queue
[2024-08-22T00:29:21.375+0000] {logging_mixin.py:190} INFO - [2024-08-22T00:29:21.374+0000] {dagbag.py:587} INFO - Filling up the DagBag from /home/airflow/.local/lib/python3.12/site-packages/airflow/example_dags/example_task_group_decorator.py
[2024-08-22T00:29:21.422+0000] {processor.py:925} INFO - DAG(s) 'example_task_group_decorator' retrieved from /home/airflow/.local/lib/python3.12/site-packages/airflow/example_dags/example_task_group_decorator.py
[2024-08-22T00:29:21.499+0000] {logging_mixin.py:190} INFO - [2024-08-22T00:29:21.499+0000] {dag.py:3211} INFO - Sync 1 DAGs
[2024-08-22T00:29:21.553+0000] {logging_mixin.py:190} INFO - [2024-08-22T00:29:21.553+0000] {dag.py:4138} INFO - Setting next_dagrun for example_task_group_decorator to 2024-08-21 00:00:00+00:00, run_after=2024-08-22 00:00:00+00:00
[2024-08-22T00:29:21.650+0000] {processor.py:208} INFO - Processing /home/airflow/.local/lib/python3.12/site-packages/airflow/example_dags/example_task_group_decorator.py took 0.296 seconds
[2024-08-22T00:29:52.186+0000] {processor.py:186} INFO - Started process (PID=1182) to work on /home/airflow/.local/lib/python3.12/site-packages/airflow/example_dags/example_task_group_decorator.py
[2024-08-22T00:29:52.188+0000] {processor.py:914} INFO - Processing file /home/airflow/.local/lib/python3.12/site-packages/airflow/example_dags/example_task_group_decorator.py for tasks to queue
[2024-08-22T00:29:52.192+0000] {logging_mixin.py:190} INFO - [2024-08-22T00:29:52.192+0000] {dagbag.py:587} INFO - Filling up the DagBag from /home/airflow/.local/lib/python3.12/site-packages/airflow/example_dags/example_task_group_decorator.py
[2024-08-22T00:29:52.225+0000] {processor.py:925} INFO - DAG(s) 'example_task_group_decorator' retrieved from /home/airflow/.local/lib/python3.12/site-packages/airflow/example_dags/example_task_group_decorator.py
[2024-08-22T00:29:52.273+0000] {logging_mixin.py:190} INFO - [2024-08-22T00:29:52.272+0000] {dag.py:3211} INFO - Sync 1 DAGs
[2024-08-22T00:29:52.320+0000] {logging_mixin.py:190} INFO - [2024-08-22T00:29:52.320+0000] {dag.py:4138} INFO - Setting next_dagrun for example_task_group_decorator to 2024-08-21 00:00:00+00:00, run_after=2024-08-22 00:00:00+00:00
[2024-08-22T00:29:52.364+0000] {processor.py:208} INFO - Processing /home/airflow/.local/lib/python3.12/site-packages/airflow/example_dags/example_task_group_decorator.py took 0.191 seconds
[2024-08-22T00:30:23.530+0000] {processor.py:186} INFO - Started process (PID=1245) to work on /home/airflow/.local/lib/python3.12/site-packages/airflow/example_dags/example_task_group_decorator.py
[2024-08-22T00:30:23.532+0000] {processor.py:914} INFO - Processing file /home/airflow/.local/lib/python3.12/site-packages/airflow/example_dags/example_task_group_decorator.py for tasks to queue
[2024-08-22T00:30:23.536+0000] {logging_mixin.py:190} INFO - [2024-08-22T00:30:23.536+0000] {dagbag.py:587} INFO - Filling up the DagBag from /home/airflow/.local/lib/python3.12/site-packages/airflow/example_dags/example_task_group_decorator.py
[2024-08-22T00:30:23.628+0000] {processor.py:925} INFO - DAG(s) 'example_task_group_decorator' retrieved from /home/airflow/.local/lib/python3.12/site-packages/airflow/example_dags/example_task_group_decorator.py
[2024-08-22T00:30:23.732+0000] {logging_mixin.py:190} INFO - [2024-08-22T00:30:23.732+0000] {dag.py:3211} INFO - Sync 1 DAGs
[2024-08-22T00:30:23.773+0000] {logging_mixin.py:190} INFO - [2024-08-22T00:30:23.773+0000] {dag.py:4138} INFO - Setting next_dagrun for example_task_group_decorator to 2024-08-21 00:00:00+00:00, run_after=2024-08-22 00:00:00+00:00
[2024-08-22T00:30:23.818+0000] {processor.py:208} INFO - Processing /home/airflow/.local/lib/python3.12/site-packages/airflow/example_dags/example_task_group_decorator.py took 0.305 seconds
[2024-08-22T00:30:54.689+0000] {processor.py:186} INFO - Started process (PID=1315) to work on /home/airflow/.local/lib/python3.12/site-packages/airflow/example_dags/example_task_group_decorator.py
[2024-08-22T00:30:54.690+0000] {processor.py:914} INFO - Processing file /home/airflow/.local/lib/python3.12/site-packages/airflow/example_dags/example_task_group_decorator.py for tasks to queue
[2024-08-22T00:30:54.694+0000] {logging_mixin.py:190} INFO - [2024-08-22T00:30:54.694+0000] {dagbag.py:587} INFO - Filling up the DagBag from /home/airflow/.local/lib/python3.12/site-packages/airflow/example_dags/example_task_group_decorator.py
[2024-08-22T00:30:54.726+0000] {processor.py:925} INFO - DAG(s) 'example_task_group_decorator' retrieved from /home/airflow/.local/lib/python3.12/site-packages/airflow/example_dags/example_task_group_decorator.py
[2024-08-22T00:30:54.773+0000] {logging_mixin.py:190} INFO - [2024-08-22T00:30:54.773+0000] {dag.py:3211} INFO - Sync 1 DAGs
[2024-08-22T00:30:54.812+0000] {logging_mixin.py:190} INFO - [2024-08-22T00:30:54.812+0000] {dag.py:4138} INFO - Setting next_dagrun for example_task_group_decorator to 2024-08-21 00:00:00+00:00, run_after=2024-08-22 00:00:00+00:00
[2024-08-22T00:30:54.853+0000] {processor.py:208} INFO - Processing /home/airflow/.local/lib/python3.12/site-packages/airflow/example_dags/example_task_group_decorator.py took 0.175 seconds
[2024-08-22T00:31:25.657+0000] {processor.py:186} INFO - Started process (PID=1379) to work on /home/airflow/.local/lib/python3.12/site-packages/airflow/example_dags/example_task_group_decorator.py
[2024-08-22T00:31:25.658+0000] {processor.py:914} INFO - Processing file /home/airflow/.local/lib/python3.12/site-packages/airflow/example_dags/example_task_group_decorator.py for tasks to queue
[2024-08-22T00:31:25.663+0000] {logging_mixin.py:190} INFO - [2024-08-22T00:31:25.662+0000] {dagbag.py:587} INFO - Filling up the DagBag from /home/airflow/.local/lib/python3.12/site-packages/airflow/example_dags/example_task_group_decorator.py
[2024-08-22T00:31:25.690+0000] {processor.py:925} INFO - DAG(s) 'example_task_group_decorator' retrieved from /home/airflow/.local/lib/python3.12/site-packages/airflow/example_dags/example_task_group_decorator.py
[2024-08-22T00:31:25.738+0000] {logging_mixin.py:190} INFO - [2024-08-22T00:31:25.738+0000] {dag.py:3211} INFO - Sync 1 DAGs
[2024-08-22T00:31:25.778+0000] {logging_mixin.py:190} INFO - [2024-08-22T00:31:25.777+0000] {dag.py:4138} INFO - Setting next_dagrun for example_task_group_decorator to 2024-08-21 00:00:00+00:00, run_after=2024-08-22 00:00:00+00:00
[2024-08-22T00:31:25.834+0000] {processor.py:208} INFO - Processing /home/airflow/.local/lib/python3.12/site-packages/airflow/example_dags/example_task_group_decorator.py took 0.188 seconds
[2024-08-22T00:31:55.983+0000] {processor.py:186} INFO - Started process (PID=1442) to work on /home/airflow/.local/lib/python3.12/site-packages/airflow/example_dags/example_task_group_decorator.py
[2024-08-22T00:31:55.984+0000] {processor.py:914} INFO - Processing file /home/airflow/.local/lib/python3.12/site-packages/airflow/example_dags/example_task_group_decorator.py for tasks to queue
[2024-08-22T00:31:55.988+0000] {logging_mixin.py:190} INFO - [2024-08-22T00:31:55.987+0000] {dagbag.py:587} INFO - Filling up the DagBag from /home/airflow/.local/lib/python3.12/site-packages/airflow/example_dags/example_task_group_decorator.py
[2024-08-22T00:31:56.019+0000] {processor.py:925} INFO - DAG(s) 'example_task_group_decorator' retrieved from /home/airflow/.local/lib/python3.12/site-packages/airflow/example_dags/example_task_group_decorator.py
[2024-08-22T00:31:56.073+0000] {logging_mixin.py:190} INFO - [2024-08-22T00:31:56.072+0000] {dag.py:3211} INFO - Sync 1 DAGs
[2024-08-22T00:31:56.125+0000] {logging_mixin.py:190} INFO - [2024-08-22T00:31:56.125+0000] {dag.py:4138} INFO - Setting next_dagrun for example_task_group_decorator to 2024-08-21 00:00:00+00:00, run_after=2024-08-22 00:00:00+00:00
[2024-08-22T00:31:56.162+0000] {processor.py:208} INFO - Processing /home/airflow/.local/lib/python3.12/site-packages/airflow/example_dags/example_task_group_decorator.py took 0.190 seconds
[2024-08-22T00:32:27.034+0000] {processor.py:186} INFO - Started process (PID=1505) to work on /home/airflow/.local/lib/python3.12/site-packages/airflow/example_dags/example_task_group_decorator.py
[2024-08-22T00:32:27.036+0000] {processor.py:914} INFO - Processing file /home/airflow/.local/lib/python3.12/site-packages/airflow/example_dags/example_task_group_decorator.py for tasks to queue
[2024-08-22T00:32:27.041+0000] {logging_mixin.py:190} INFO - [2024-08-22T00:32:27.040+0000] {dagbag.py:587} INFO - Filling up the DagBag from /home/airflow/.local/lib/python3.12/site-packages/airflow/example_dags/example_task_group_decorator.py
[2024-08-22T00:32:27.076+0000] {processor.py:925} INFO - DAG(s) 'example_task_group_decorator' retrieved from /home/airflow/.local/lib/python3.12/site-packages/airflow/example_dags/example_task_group_decorator.py
[2024-08-22T00:32:27.157+0000] {logging_mixin.py:190} INFO - [2024-08-22T00:32:27.157+0000] {dag.py:3211} INFO - Sync 1 DAGs
[2024-08-22T00:32:27.226+0000] {logging_mixin.py:190} INFO - [2024-08-22T00:32:27.225+0000] {dag.py:4138} INFO - Setting next_dagrun for example_task_group_decorator to 2024-08-21 00:00:00+00:00, run_after=2024-08-22 00:00:00+00:00
[2024-08-22T00:32:27.259+0000] {processor.py:208} INFO - Processing /home/airflow/.local/lib/python3.12/site-packages/airflow/example_dags/example_task_group_decorator.py took 0.244 seconds
[2024-08-22T00:32:57.858+0000] {processor.py:186} INFO - Started process (PID=1568) to work on /home/airflow/.local/lib/python3.12/site-packages/airflow/example_dags/example_task_group_decorator.py
[2024-08-22T00:32:57.860+0000] {processor.py:914} INFO - Processing file /home/airflow/.local/lib/python3.12/site-packages/airflow/example_dags/example_task_group_decorator.py for tasks to queue
[2024-08-22T00:32:57.864+0000] {logging_mixin.py:190} INFO - [2024-08-22T00:32:57.864+0000] {dagbag.py:587} INFO - Filling up the DagBag from /home/airflow/.local/lib/python3.12/site-packages/airflow/example_dags/example_task_group_decorator.py
[2024-08-22T00:32:57.895+0000] {processor.py:925} INFO - DAG(s) 'example_task_group_decorator' retrieved from /home/airflow/.local/lib/python3.12/site-packages/airflow/example_dags/example_task_group_decorator.py
[2024-08-22T00:32:57.947+0000] {logging_mixin.py:190} INFO - [2024-08-22T00:32:57.946+0000] {dag.py:3211} INFO - Sync 1 DAGs
[2024-08-22T00:32:57.986+0000] {logging_mixin.py:190} INFO - [2024-08-22T00:32:57.985+0000] {dag.py:4138} INFO - Setting next_dagrun for example_task_group_decorator to 2024-08-21 00:00:00+00:00, run_after=2024-08-22 00:00:00+00:00
[2024-08-22T00:32:58.015+0000] {processor.py:208} INFO - Processing /home/airflow/.local/lib/python3.12/site-packages/airflow/example_dags/example_task_group_decorator.py took 0.165 seconds
[2024-08-22T00:33:31.895+0000] {processor.py:186} INFO - Started process (PID=1630) to work on /home/airflow/.local/lib/python3.12/site-packages/airflow/example_dags/example_task_group_decorator.py
[2024-08-22T00:33:31.906+0000] {processor.py:914} INFO - Processing file /home/airflow/.local/lib/python3.12/site-packages/airflow/example_dags/example_task_group_decorator.py for tasks to queue
[2024-08-22T00:33:31.924+0000] {logging_mixin.py:190} INFO - [2024-08-22T00:33:31.922+0000] {dagbag.py:587} INFO - Filling up the DagBag from /home/airflow/.local/lib/python3.12/site-packages/airflow/example_dags/example_task_group_decorator.py
[2024-08-22T00:33:32.023+0000] {processor.py:925} INFO - DAG(s) 'example_task_group_decorator' retrieved from /home/airflow/.local/lib/python3.12/site-packages/airflow/example_dags/example_task_group_decorator.py
[2024-08-22T00:33:32.122+0000] {logging_mixin.py:190} INFO - [2024-08-22T00:33:32.122+0000] {dag.py:3211} INFO - Sync 1 DAGs
[2024-08-22T00:33:32.169+0000] {logging_mixin.py:190} INFO - [2024-08-22T00:33:32.169+0000] {dag.py:4138} INFO - Setting next_dagrun for example_task_group_decorator to 2024-08-21 00:00:00+00:00, run_after=2024-08-22 00:00:00+00:00
[2024-08-22T00:33:32.214+0000] {processor.py:208} INFO - Processing /home/airflow/.local/lib/python3.12/site-packages/airflow/example_dags/example_task_group_decorator.py took 0.362 seconds
[2024-08-22T00:34:03.251+0000] {processor.py:186} INFO - Started process (PID=1694) to work on /home/airflow/.local/lib/python3.12/site-packages/airflow/example_dags/example_task_group_decorator.py
[2024-08-22T00:34:03.253+0000] {processor.py:914} INFO - Processing file /home/airflow/.local/lib/python3.12/site-packages/airflow/example_dags/example_task_group_decorator.py for tasks to queue
[2024-08-22T00:34:03.257+0000] {logging_mixin.py:190} INFO - [2024-08-22T00:34:03.256+0000] {dagbag.py:587} INFO - Filling up the DagBag from /home/airflow/.local/lib/python3.12/site-packages/airflow/example_dags/example_task_group_decorator.py
[2024-08-22T00:34:03.341+0000] {processor.py:925} INFO - DAG(s) 'example_task_group_decorator' retrieved from /home/airflow/.local/lib/python3.12/site-packages/airflow/example_dags/example_task_group_decorator.py
[2024-08-22T00:34:03.447+0000] {logging_mixin.py:190} INFO - [2024-08-22T00:34:03.446+0000] {dag.py:3211} INFO - Sync 1 DAGs
[2024-08-22T00:34:03.512+0000] {logging_mixin.py:190} INFO - [2024-08-22T00:34:03.512+0000] {dag.py:4138} INFO - Setting next_dagrun for example_task_group_decorator to 2024-08-21 00:00:00+00:00, run_after=2024-08-22 00:00:00+00:00
[2024-08-22T00:34:03.570+0000] {processor.py:208} INFO - Processing /home/airflow/.local/lib/python3.12/site-packages/airflow/example_dags/example_task_group_decorator.py took 0.337 seconds
[2024-08-22T00:34:34.760+0000] {processor.py:186} INFO - Started process (PID=1756) to work on /home/airflow/.local/lib/python3.12/site-packages/airflow/example_dags/example_task_group_decorator.py
[2024-08-22T00:34:34.762+0000] {processor.py:914} INFO - Processing file /home/airflow/.local/lib/python3.12/site-packages/airflow/example_dags/example_task_group_decorator.py for tasks to queue
[2024-08-22T00:34:34.768+0000] {logging_mixin.py:190} INFO - [2024-08-22T00:34:34.767+0000] {dagbag.py:587} INFO - Filling up the DagBag from /home/airflow/.local/lib/python3.12/site-packages/airflow/example_dags/example_task_group_decorator.py
[2024-08-22T00:34:34.815+0000] {processor.py:925} INFO - DAG(s) 'example_task_group_decorator' retrieved from /home/airflow/.local/lib/python3.12/site-packages/airflow/example_dags/example_task_group_decorator.py
[2024-08-22T00:34:34.873+0000] {logging_mixin.py:190} INFO - [2024-08-22T00:34:34.873+0000] {dag.py:3211} INFO - Sync 1 DAGs
[2024-08-22T00:34:34.934+0000] {logging_mixin.py:190} INFO - [2024-08-22T00:34:34.934+0000] {dag.py:4138} INFO - Setting next_dagrun for example_task_group_decorator to 2024-08-21 00:00:00+00:00, run_after=2024-08-22 00:00:00+00:00
[2024-08-22T00:34:35.031+0000] {processor.py:208} INFO - Processing /home/airflow/.local/lib/python3.12/site-packages/airflow/example_dags/example_task_group_decorator.py took 0.288 seconds
[2024-08-22T00:35:05.702+0000] {processor.py:186} INFO - Started process (PID=1819) to work on /home/airflow/.local/lib/python3.12/site-packages/airflow/example_dags/example_task_group_decorator.py
[2024-08-22T00:35:05.703+0000] {processor.py:914} INFO - Processing file /home/airflow/.local/lib/python3.12/site-packages/airflow/example_dags/example_task_group_decorator.py for tasks to queue
[2024-08-22T00:35:05.707+0000] {logging_mixin.py:190} INFO - [2024-08-22T00:35:05.706+0000] {dagbag.py:587} INFO - Filling up the DagBag from /home/airflow/.local/lib/python3.12/site-packages/airflow/example_dags/example_task_group_decorator.py
[2024-08-22T00:35:05.740+0000] {processor.py:925} INFO - DAG(s) 'example_task_group_decorator' retrieved from /home/airflow/.local/lib/python3.12/site-packages/airflow/example_dags/example_task_group_decorator.py
[2024-08-22T00:35:05.792+0000] {logging_mixin.py:190} INFO - [2024-08-22T00:35:05.792+0000] {dag.py:3211} INFO - Sync 1 DAGs
[2024-08-22T00:35:05.838+0000] {logging_mixin.py:190} INFO - [2024-08-22T00:35:05.838+0000] {dag.py:4138} INFO - Setting next_dagrun for example_task_group_decorator to 2024-08-21 00:00:00+00:00, run_after=2024-08-22 00:00:00+00:00
[2024-08-22T00:35:05.886+0000] {processor.py:208} INFO - Processing /home/airflow/.local/lib/python3.12/site-packages/airflow/example_dags/example_task_group_decorator.py took 0.194 seconds
[2024-08-22T00:35:36.582+0000] {processor.py:186} INFO - Started process (PID=1882) to work on /home/airflow/.local/lib/python3.12/site-packages/airflow/example_dags/example_task_group_decorator.py
[2024-08-22T00:35:36.584+0000] {processor.py:914} INFO - Processing file /home/airflow/.local/lib/python3.12/site-packages/airflow/example_dags/example_task_group_decorator.py for tasks to queue
[2024-08-22T00:35:36.588+0000] {logging_mixin.py:190} INFO - [2024-08-22T00:35:36.588+0000] {dagbag.py:587} INFO - Filling up the DagBag from /home/airflow/.local/lib/python3.12/site-packages/airflow/example_dags/example_task_group_decorator.py
[2024-08-22T00:35:36.621+0000] {processor.py:925} INFO - DAG(s) 'example_task_group_decorator' retrieved from /home/airflow/.local/lib/python3.12/site-packages/airflow/example_dags/example_task_group_decorator.py
[2024-08-22T00:35:36.667+0000] {logging_mixin.py:190} INFO - [2024-08-22T00:35:36.666+0000] {dag.py:3211} INFO - Sync 1 DAGs
[2024-08-22T00:35:36.710+0000] {logging_mixin.py:190} INFO - [2024-08-22T00:35:36.710+0000] {dag.py:4138} INFO - Setting next_dagrun for example_task_group_decorator to 2024-08-21 00:00:00+00:00, run_after=2024-08-22 00:00:00+00:00
[2024-08-22T00:35:36.763+0000] {processor.py:208} INFO - Processing /home/airflow/.local/lib/python3.12/site-packages/airflow/example_dags/example_task_group_decorator.py took 0.194 seconds
[2024-08-22T00:36:07.584+0000] {processor.py:186} INFO - Started process (PID=1944) to work on /home/airflow/.local/lib/python3.12/site-packages/airflow/example_dags/example_task_group_decorator.py
[2024-08-22T00:36:07.585+0000] {processor.py:914} INFO - Processing file /home/airflow/.local/lib/python3.12/site-packages/airflow/example_dags/example_task_group_decorator.py for tasks to queue
[2024-08-22T00:36:07.590+0000] {logging_mixin.py:190} INFO - [2024-08-22T00:36:07.589+0000] {dagbag.py:587} INFO - Filling up the DagBag from /home/airflow/.local/lib/python3.12/site-packages/airflow/example_dags/example_task_group_decorator.py
[2024-08-22T00:36:07.620+0000] {processor.py:925} INFO - DAG(s) 'example_task_group_decorator' retrieved from /home/airflow/.local/lib/python3.12/site-packages/airflow/example_dags/example_task_group_decorator.py
[2024-08-22T00:36:07.671+0000] {logging_mixin.py:190} INFO - [2024-08-22T00:36:07.671+0000] {dag.py:3211} INFO - Sync 1 DAGs
[2024-08-22T00:36:07.735+0000] {logging_mixin.py:190} INFO - [2024-08-22T00:36:07.735+0000] {dag.py:4138} INFO - Setting next_dagrun for example_task_group_decorator to 2024-08-21 00:00:00+00:00, run_after=2024-08-22 00:00:00+00:00
[2024-08-22T00:36:07.775+0000] {processor.py:208} INFO - Processing /home/airflow/.local/lib/python3.12/site-packages/airflow/example_dags/example_task_group_decorator.py took 0.201 seconds
[2024-08-22T00:36:38.157+0000] {processor.py:186} INFO - Started process (PID=2007) to work on /home/airflow/.local/lib/python3.12/site-packages/airflow/example_dags/example_task_group_decorator.py
[2024-08-22T00:36:38.158+0000] {processor.py:914} INFO - Processing file /home/airflow/.local/lib/python3.12/site-packages/airflow/example_dags/example_task_group_decorator.py for tasks to queue
[2024-08-22T00:36:38.164+0000] {logging_mixin.py:190} INFO - [2024-08-22T00:36:38.162+0000] {dagbag.py:587} INFO - Filling up the DagBag from /home/airflow/.local/lib/python3.12/site-packages/airflow/example_dags/example_task_group_decorator.py
[2024-08-22T00:36:38.194+0000] {processor.py:925} INFO - DAG(s) 'example_task_group_decorator' retrieved from /home/airflow/.local/lib/python3.12/site-packages/airflow/example_dags/example_task_group_decorator.py
[2024-08-22T00:36:38.242+0000] {logging_mixin.py:190} INFO - [2024-08-22T00:36:38.242+0000] {dag.py:3211} INFO - Sync 1 DAGs
[2024-08-22T00:36:38.289+0000] {logging_mixin.py:190} INFO - [2024-08-22T00:36:38.289+0000] {dag.py:4138} INFO - Setting next_dagrun for example_task_group_decorator to 2024-08-21 00:00:00+00:00, run_after=2024-08-22 00:00:00+00:00
[2024-08-22T00:36:38.324+0000] {processor.py:208} INFO - Processing /home/airflow/.local/lib/python3.12/site-packages/airflow/example_dags/example_task_group_decorator.py took 0.177 seconds
[2024-08-22T00:37:09.710+0000] {processor.py:186} INFO - Started process (PID=2070) to work on /home/airflow/.local/lib/python3.12/site-packages/airflow/example_dags/example_task_group_decorator.py
[2024-08-22T00:37:09.719+0000] {processor.py:914} INFO - Processing file /home/airflow/.local/lib/python3.12/site-packages/airflow/example_dags/example_task_group_decorator.py for tasks to queue
[2024-08-22T00:37:09.724+0000] {logging_mixin.py:190} INFO - [2024-08-22T00:37:09.724+0000] {dagbag.py:587} INFO - Filling up the DagBag from /home/airflow/.local/lib/python3.12/site-packages/airflow/example_dags/example_task_group_decorator.py
[2024-08-22T00:37:09.770+0000] {processor.py:925} INFO - DAG(s) 'example_task_group_decorator' retrieved from /home/airflow/.local/lib/python3.12/site-packages/airflow/example_dags/example_task_group_decorator.py
[2024-08-22T00:37:09.818+0000] {logging_mixin.py:190} INFO - [2024-08-22T00:37:09.818+0000] {dag.py:3211} INFO - Sync 1 DAGs
[2024-08-22T00:37:09.856+0000] {logging_mixin.py:190} INFO - [2024-08-22T00:37:09.856+0000] {dag.py:4138} INFO - Setting next_dagrun for example_task_group_decorator to 2024-08-21 00:00:00+00:00, run_after=2024-08-22 00:00:00+00:00
[2024-08-22T00:37:09.894+0000] {processor.py:208} INFO - Processing /home/airflow/.local/lib/python3.12/site-packages/airflow/example_dags/example_task_group_decorator.py took 0.193 seconds
[2024-08-22T00:37:42.150+0000] {processor.py:186} INFO - Started process (PID=2134) to work on /home/airflow/.local/lib/python3.12/site-packages/airflow/example_dags/example_task_group_decorator.py
[2024-08-22T00:37:42.155+0000] {processor.py:914} INFO - Processing file /home/airflow/.local/lib/python3.12/site-packages/airflow/example_dags/example_task_group_decorator.py for tasks to queue
[2024-08-22T00:37:42.161+0000] {logging_mixin.py:190} INFO - [2024-08-22T00:37:42.160+0000] {dagbag.py:587} INFO - Filling up the DagBag from /home/airflow/.local/lib/python3.12/site-packages/airflow/example_dags/example_task_group_decorator.py
[2024-08-22T00:37:42.198+0000] {processor.py:925} INFO - DAG(s) 'example_task_group_decorator' retrieved from /home/airflow/.local/lib/python3.12/site-packages/airflow/example_dags/example_task_group_decorator.py
[2024-08-22T00:37:42.264+0000] {logging_mixin.py:190} INFO - [2024-08-22T00:37:42.263+0000] {dag.py:3211} INFO - Sync 1 DAGs
[2024-08-22T00:37:42.322+0000] {logging_mixin.py:190} INFO - [2024-08-22T00:37:42.322+0000] {dag.py:4138} INFO - Setting next_dagrun for example_task_group_decorator to 2024-08-21 00:00:00+00:00, run_after=2024-08-22 00:00:00+00:00
[2024-08-22T00:37:42.373+0000] {processor.py:208} INFO - Processing /home/airflow/.local/lib/python3.12/site-packages/airflow/example_dags/example_task_group_decorator.py took 0.247 seconds
[2024-08-22T00:38:12.621+0000] {processor.py:186} INFO - Started process (PID=2197) to work on /home/airflow/.local/lib/python3.12/site-packages/airflow/example_dags/example_task_group_decorator.py
[2024-08-22T00:38:12.622+0000] {processor.py:914} INFO - Processing file /home/airflow/.local/lib/python3.12/site-packages/airflow/example_dags/example_task_group_decorator.py for tasks to queue
[2024-08-22T00:38:12.625+0000] {logging_mixin.py:190} INFO - [2024-08-22T00:38:12.625+0000] {dagbag.py:587} INFO - Filling up the DagBag from /home/airflow/.local/lib/python3.12/site-packages/airflow/example_dags/example_task_group_decorator.py
[2024-08-22T00:38:12.658+0000] {processor.py:925} INFO - DAG(s) 'example_task_group_decorator' retrieved from /home/airflow/.local/lib/python3.12/site-packages/airflow/example_dags/example_task_group_decorator.py
[2024-08-22T00:38:12.706+0000] {logging_mixin.py:190} INFO - [2024-08-22T00:38:12.705+0000] {dag.py:3211} INFO - Sync 1 DAGs
[2024-08-22T00:38:12.751+0000] {logging_mixin.py:190} INFO - [2024-08-22T00:38:12.751+0000] {dag.py:4138} INFO - Setting next_dagrun for example_task_group_decorator to 2024-08-21 00:00:00+00:00, run_after=2024-08-22 00:00:00+00:00
[2024-08-22T00:38:12.802+0000] {processor.py:208} INFO - Processing /home/airflow/.local/lib/python3.12/site-packages/airflow/example_dags/example_task_group_decorator.py took 0.193 seconds
[2024-08-22T00:38:43.752+0000] {processor.py:186} INFO - Started process (PID=2258) to work on /home/airflow/.local/lib/python3.12/site-packages/airflow/example_dags/example_task_group_decorator.py
[2024-08-22T00:38:43.756+0000] {processor.py:914} INFO - Processing file /home/airflow/.local/lib/python3.12/site-packages/airflow/example_dags/example_task_group_decorator.py for tasks to queue
[2024-08-22T00:38:43.761+0000] {logging_mixin.py:190} INFO - [2024-08-22T00:38:43.760+0000] {dagbag.py:587} INFO - Filling up the DagBag from /home/airflow/.local/lib/python3.12/site-packages/airflow/example_dags/example_task_group_decorator.py
[2024-08-22T00:38:43.832+0000] {processor.py:925} INFO - DAG(s) 'example_task_group_decorator' retrieved from /home/airflow/.local/lib/python3.12/site-packages/airflow/example_dags/example_task_group_decorator.py
[2024-08-22T00:38:43.920+0000] {logging_mixin.py:190} INFO - [2024-08-22T00:38:43.920+0000] {dag.py:3211} INFO - Sync 1 DAGs
[2024-08-22T00:38:44.020+0000] {logging_mixin.py:190} INFO - [2024-08-22T00:38:44.019+0000] {dag.py:4138} INFO - Setting next_dagrun for example_task_group_decorator to 2024-08-21 00:00:00+00:00, run_after=2024-08-22 00:00:00+00:00
[2024-08-22T00:38:44.057+0000] {processor.py:208} INFO - Processing /home/airflow/.local/lib/python3.12/site-packages/airflow/example_dags/example_task_group_decorator.py took 0.329 seconds
[2024-08-22T00:39:17.653+0000] {processor.py:186} INFO - Started process (PID=2322) to work on /home/airflow/.local/lib/python3.12/site-packages/airflow/example_dags/example_task_group_decorator.py
[2024-08-22T00:39:17.654+0000] {processor.py:914} INFO - Processing file /home/airflow/.local/lib/python3.12/site-packages/airflow/example_dags/example_task_group_decorator.py for tasks to queue
[2024-08-22T00:39:17.658+0000] {logging_mixin.py:190} INFO - [2024-08-22T00:39:17.658+0000] {dagbag.py:587} INFO - Filling up the DagBag from /home/airflow/.local/lib/python3.12/site-packages/airflow/example_dags/example_task_group_decorator.py
[2024-08-22T00:39:17.698+0000] {processor.py:925} INFO - DAG(s) 'example_task_group_decorator' retrieved from /home/airflow/.local/lib/python3.12/site-packages/airflow/example_dags/example_task_group_decorator.py
[2024-08-22T00:39:17.747+0000] {logging_mixin.py:190} INFO - [2024-08-22T00:39:17.747+0000] {dag.py:3211} INFO - Sync 1 DAGs
[2024-08-22T00:39:17.792+0000] {logging_mixin.py:190} INFO - [2024-08-22T00:39:17.792+0000] {dag.py:4138} INFO - Setting next_dagrun for example_task_group_decorator to 2024-08-21 00:00:00+00:00, run_after=2024-08-22 00:00:00+00:00
[2024-08-22T00:39:17.825+0000] {processor.py:208} INFO - Processing /home/airflow/.local/lib/python3.12/site-packages/airflow/example_dags/example_task_group_decorator.py took 0.183 seconds
[2024-08-22T00:39:49.182+0000] {processor.py:186} INFO - Started process (PID=2387) to work on /home/airflow/.local/lib/python3.12/site-packages/airflow/example_dags/example_task_group_decorator.py
[2024-08-22T00:39:49.184+0000] {processor.py:914} INFO - Processing file /home/airflow/.local/lib/python3.12/site-packages/airflow/example_dags/example_task_group_decorator.py for tasks to queue
[2024-08-22T00:39:49.188+0000] {logging_mixin.py:190} INFO - [2024-08-22T00:39:49.188+0000] {dagbag.py:587} INFO - Filling up the DagBag from /home/airflow/.local/lib/python3.12/site-packages/airflow/example_dags/example_task_group_decorator.py
[2024-08-22T00:39:49.213+0000] {processor.py:925} INFO - DAG(s) 'example_task_group_decorator' retrieved from /home/airflow/.local/lib/python3.12/site-packages/airflow/example_dags/example_task_group_decorator.py
[2024-08-22T00:39:49.254+0000] {logging_mixin.py:190} INFO - [2024-08-22T00:39:49.253+0000] {dag.py:3211} INFO - Sync 1 DAGs
[2024-08-22T00:39:49.320+0000] {logging_mixin.py:190} INFO - [2024-08-22T00:39:49.320+0000] {dag.py:4138} INFO - Setting next_dagrun for example_task_group_decorator to 2024-08-21 00:00:00+00:00, run_after=2024-08-22 00:00:00+00:00
[2024-08-22T00:39:49.376+0000] {processor.py:208} INFO - Processing /home/airflow/.local/lib/python3.12/site-packages/airflow/example_dags/example_task_group_decorator.py took 0.206 seconds
[2024-08-22T00:40:21.558+0000] {processor.py:186} INFO - Started process (PID=2452) to work on /home/airflow/.local/lib/python3.12/site-packages/airflow/example_dags/example_task_group_decorator.py
[2024-08-22T00:40:21.560+0000] {processor.py:914} INFO - Processing file /home/airflow/.local/lib/python3.12/site-packages/airflow/example_dags/example_task_group_decorator.py for tasks to queue
[2024-08-22T00:40:21.565+0000] {logging_mixin.py:190} INFO - [2024-08-22T00:40:21.564+0000] {dagbag.py:587} INFO - Filling up the DagBag from /home/airflow/.local/lib/python3.12/site-packages/airflow/example_dags/example_task_group_decorator.py
[2024-08-22T00:40:21.593+0000] {processor.py:925} INFO - DAG(s) 'example_task_group_decorator' retrieved from /home/airflow/.local/lib/python3.12/site-packages/airflow/example_dags/example_task_group_decorator.py
[2024-08-22T00:40:21.635+0000] {logging_mixin.py:190} INFO - [2024-08-22T00:40:21.634+0000] {dag.py:3211} INFO - Sync 1 DAGs
[2024-08-22T00:40:21.673+0000] {logging_mixin.py:190} INFO - [2024-08-22T00:40:21.673+0000] {dag.py:4138} INFO - Setting next_dagrun for example_task_group_decorator to 2024-08-21 00:00:00+00:00, run_after=2024-08-22 00:00:00+00:00
[2024-08-22T00:40:21.847+0000] {processor.py:208} INFO - Processing /home/airflow/.local/lib/python3.12/site-packages/airflow/example_dags/example_task_group_decorator.py took 0.302 seconds
[2024-08-22T00:40:52.082+0000] {processor.py:186} INFO - Started process (PID=2515) to work on /home/airflow/.local/lib/python3.12/site-packages/airflow/example_dags/example_task_group_decorator.py
[2024-08-22T00:40:52.084+0000] {processor.py:914} INFO - Processing file /home/airflow/.local/lib/python3.12/site-packages/airflow/example_dags/example_task_group_decorator.py for tasks to queue
[2024-08-22T00:40:52.100+0000] {logging_mixin.py:190} INFO - [2024-08-22T00:40:52.099+0000] {dagbag.py:587} INFO - Filling up the DagBag from /home/airflow/.local/lib/python3.12/site-packages/airflow/example_dags/example_task_group_decorator.py
[2024-08-22T00:40:52.146+0000] {processor.py:925} INFO - DAG(s) 'example_task_group_decorator' retrieved from /home/airflow/.local/lib/python3.12/site-packages/airflow/example_dags/example_task_group_decorator.py
[2024-08-22T00:40:52.228+0000] {logging_mixin.py:190} INFO - [2024-08-22T00:40:52.227+0000] {dag.py:3211} INFO - Sync 1 DAGs
[2024-08-22T00:40:52.300+0000] {logging_mixin.py:190} INFO - [2024-08-22T00:40:52.300+0000] {dag.py:4138} INFO - Setting next_dagrun for example_task_group_decorator to 2024-08-21 00:00:00+00:00, run_after=2024-08-22 00:00:00+00:00
[2024-08-22T00:40:52.374+0000] {processor.py:208} INFO - Processing /home/airflow/.local/lib/python3.12/site-packages/airflow/example_dags/example_task_group_decorator.py took 0.304 seconds
[2024-08-22T00:41:23.539+0000] {processor.py:186} INFO - Started process (PID=2578) to work on /home/airflow/.local/lib/python3.12/site-packages/airflow/example_dags/example_task_group_decorator.py
[2024-08-22T00:41:23.540+0000] {processor.py:914} INFO - Processing file /home/airflow/.local/lib/python3.12/site-packages/airflow/example_dags/example_task_group_decorator.py for tasks to queue
[2024-08-22T00:41:23.544+0000] {logging_mixin.py:190} INFO - [2024-08-22T00:41:23.543+0000] {dagbag.py:587} INFO - Filling up the DagBag from /home/airflow/.local/lib/python3.12/site-packages/airflow/example_dags/example_task_group_decorator.py
[2024-08-22T00:41:23.578+0000] {processor.py:925} INFO - DAG(s) 'example_task_group_decorator' retrieved from /home/airflow/.local/lib/python3.12/site-packages/airflow/example_dags/example_task_group_decorator.py
[2024-08-22T00:41:23.625+0000] {logging_mixin.py:190} INFO - [2024-08-22T00:41:23.624+0000] {dag.py:3211} INFO - Sync 1 DAGs
[2024-08-22T00:41:23.675+0000] {logging_mixin.py:190} INFO - [2024-08-22T00:41:23.675+0000] {dag.py:4138} INFO - Setting next_dagrun for example_task_group_decorator to 2024-08-21 00:00:00+00:00, run_after=2024-08-22 00:00:00+00:00
[2024-08-22T00:41:23.724+0000] {processor.py:208} INFO - Processing /home/airflow/.local/lib/python3.12/site-packages/airflow/example_dags/example_task_group_decorator.py took 0.196 seconds
[2024-08-22T00:41:55.286+0000] {processor.py:186} INFO - Started process (PID=2642) to work on /home/airflow/.local/lib/python3.12/site-packages/airflow/example_dags/example_task_group_decorator.py
[2024-08-22T00:41:55.288+0000] {processor.py:914} INFO - Processing file /home/airflow/.local/lib/python3.12/site-packages/airflow/example_dags/example_task_group_decorator.py for tasks to queue
[2024-08-22T00:41:55.292+0000] {logging_mixin.py:190} INFO - [2024-08-22T00:41:55.291+0000] {dagbag.py:587} INFO - Filling up the DagBag from /home/airflow/.local/lib/python3.12/site-packages/airflow/example_dags/example_task_group_decorator.py
[2024-08-22T00:41:55.339+0000] {processor.py:925} INFO - DAG(s) 'example_task_group_decorator' retrieved from /home/airflow/.local/lib/python3.12/site-packages/airflow/example_dags/example_task_group_decorator.py
[2024-08-22T00:41:55.411+0000] {logging_mixin.py:190} INFO - [2024-08-22T00:41:55.410+0000] {dag.py:3211} INFO - Sync 1 DAGs
[2024-08-22T00:41:55.466+0000] {logging_mixin.py:190} INFO - [2024-08-22T00:41:55.466+0000] {dag.py:4138} INFO - Setting next_dagrun for example_task_group_decorator to 2024-08-21 00:00:00+00:00, run_after=2024-08-22 00:00:00+00:00
[2024-08-22T00:41:55.519+0000] {processor.py:208} INFO - Processing /home/airflow/.local/lib/python3.12/site-packages/airflow/example_dags/example_task_group_decorator.py took 0.250 seconds
[2024-08-22T00:42:26.564+0000] {processor.py:186} INFO - Started process (PID=2705) to work on /home/airflow/.local/lib/python3.12/site-packages/airflow/example_dags/example_task_group_decorator.py
[2024-08-22T00:42:26.565+0000] {processor.py:914} INFO - Processing file /home/airflow/.local/lib/python3.12/site-packages/airflow/example_dags/example_task_group_decorator.py for tasks to queue
[2024-08-22T00:42:26.569+0000] {logging_mixin.py:190} INFO - [2024-08-22T00:42:26.568+0000] {dagbag.py:587} INFO - Filling up the DagBag from /home/airflow/.local/lib/python3.12/site-packages/airflow/example_dags/example_task_group_decorator.py
[2024-08-22T00:42:26.604+0000] {processor.py:925} INFO - DAG(s) 'example_task_group_decorator' retrieved from /home/airflow/.local/lib/python3.12/site-packages/airflow/example_dags/example_task_group_decorator.py
[2024-08-22T00:42:26.675+0000] {logging_mixin.py:190} INFO - [2024-08-22T00:42:26.675+0000] {dag.py:3211} INFO - Sync 1 DAGs
[2024-08-22T00:42:26.749+0000] {logging_mixin.py:190} INFO - [2024-08-22T00:42:26.748+0000] {dag.py:4138} INFO - Setting next_dagrun for example_task_group_decorator to 2024-08-21 00:00:00+00:00, run_after=2024-08-22 00:00:00+00:00
[2024-08-22T00:42:26.846+0000] {processor.py:208} INFO - Processing /home/airflow/.local/lib/python3.12/site-packages/airflow/example_dags/example_task_group_decorator.py took 0.293 seconds
