[2024-08-22T00:19:58.382+0000] {processor.py:186} INFO - Started process (PID=82) to work on /home/airflow/.local/lib/python3.12/site-packages/airflow/example_dags/example_short_circuit_operator.py
[2024-08-22T00:19:58.383+0000] {processor.py:914} INFO - Processing file /home/airflow/.local/lib/python3.12/site-packages/airflow/example_dags/example_short_circuit_operator.py for tasks to queue
[2024-08-22T00:19:58.393+0000] {logging_mixin.py:190} INFO - [2024-08-22T00:19:58.393+0000] {dagbag.py:587} INFO - Filling up the DagBag from /home/airflow/.local/lib/python3.12/site-packages/airflow/example_dags/example_short_circuit_operator.py
[2024-08-22T00:19:59.863+0000] {processor.py:925} INFO - DAG(s) 'example_short_circuit_operator' retrieved from /home/airflow/.local/lib/python3.12/site-packages/airflow/example_dags/example_short_circuit_operator.py
[2024-08-22T00:20:05.444+0000] {logging_mixin.py:190} INFO - [2024-08-22T00:20:05.442+0000] {override.py:1858} INFO - Created Permission View: can read on DAG:example_short_circuit_operator
[2024-08-22T00:20:05.482+0000] {logging_mixin.py:190} INFO - [2024-08-22T00:20:05.481+0000] {override.py:1858} INFO - Created Permission View: can delete on DAG:example_short_circuit_operator
[2024-08-22T00:20:05.504+0000] {logging_mixin.py:190} INFO - [2024-08-22T00:20:05.504+0000] {override.py:1858} INFO - Created Permission View: can edit on DAG:example_short_circuit_operator
[2024-08-22T00:20:05.508+0000] {logging_mixin.py:190} INFO - [2024-08-22T00:20:05.508+0000] {dag.py:3211} INFO - Sync 1 DAGs
[2024-08-22T00:20:05.591+0000] {logging_mixin.py:190} INFO - [2024-08-22T00:20:05.591+0000] {dag.py:3234} INFO - Creating ORM DAG for example_short_circuit_operator
[2024-08-22T00:20:05.653+0000] {logging_mixin.py:190} INFO - [2024-08-22T00:20:05.652+0000] {dag.py:4138} INFO - Setting next_dagrun for example_short_circuit_operator to 2024-08-21 00:00:00+00:00, run_after=2024-08-22 00:00:00+00:00
[2024-08-22T00:20:05.792+0000] {processor.py:208} INFO - Processing /home/airflow/.local/lib/python3.12/site-packages/airflow/example_dags/example_short_circuit_operator.py took 7.427 seconds
[2024-08-22T00:20:44.720+0000] {processor.py:186} INFO - Started process (PID=146) to work on /home/airflow/.local/lib/python3.12/site-packages/airflow/example_dags/example_short_circuit_operator.py
[2024-08-22T00:20:44.724+0000] {processor.py:914} INFO - Processing file /home/airflow/.local/lib/python3.12/site-packages/airflow/example_dags/example_short_circuit_operator.py for tasks to queue
[2024-08-22T00:20:44.729+0000] {logging_mixin.py:190} INFO - [2024-08-22T00:20:44.728+0000] {dagbag.py:587} INFO - Filling up the DagBag from /home/airflow/.local/lib/python3.12/site-packages/airflow/example_dags/example_short_circuit_operator.py
[2024-08-22T00:20:44.764+0000] {processor.py:925} INFO - DAG(s) 'example_short_circuit_operator' retrieved from /home/airflow/.local/lib/python3.12/site-packages/airflow/example_dags/example_short_circuit_operator.py
[2024-08-22T00:20:44.856+0000] {logging_mixin.py:190} INFO - [2024-08-22T00:20:44.855+0000] {dag.py:3211} INFO - Sync 1 DAGs
[2024-08-22T00:20:44.920+0000] {logging_mixin.py:190} INFO - [2024-08-22T00:20:44.920+0000] {dag.py:4138} INFO - Setting next_dagrun for example_short_circuit_operator to 2024-08-21 00:00:00+00:00, run_after=2024-08-22 00:00:00+00:00
[2024-08-22T00:20:44.969+0000] {processor.py:208} INFO - Processing /home/airflow/.local/lib/python3.12/site-packages/airflow/example_dags/example_short_circuit_operator.py took 0.261 seconds
[2024-08-22T00:21:20.738+0000] {processor.py:186} INFO - Started process (PID=201) to work on /home/airflow/.local/lib/python3.12/site-packages/airflow/example_dags/example_short_circuit_operator.py
[2024-08-22T00:21:20.742+0000] {processor.py:914} INFO - Processing file /home/airflow/.local/lib/python3.12/site-packages/airflow/example_dags/example_short_circuit_operator.py for tasks to queue
[2024-08-22T00:21:20.747+0000] {logging_mixin.py:190} INFO - [2024-08-22T00:21:20.746+0000] {dagbag.py:587} INFO - Filling up the DagBag from /home/airflow/.local/lib/python3.12/site-packages/airflow/example_dags/example_short_circuit_operator.py
[2024-08-22T00:21:20.797+0000] {processor.py:925} INFO - DAG(s) 'example_short_circuit_operator' retrieved from /home/airflow/.local/lib/python3.12/site-packages/airflow/example_dags/example_short_circuit_operator.py
[2024-08-22T00:21:47.442+0000] {logging_mixin.py:190} INFO - [2024-08-22T00:21:47.440+0000] {dag.py:3211} INFO - Sync 1 DAGs
[2024-08-22T00:21:47.686+0000] {logging_mixin.py:190} INFO - [2024-08-22T00:21:47.685+0000] {dag.py:4138} INFO - Setting next_dagrun for example_short_circuit_operator to 2024-08-21 00:00:00+00:00, run_after=2024-08-22 00:00:00+00:00
[2024-08-22T00:21:47.753+0000] {processor.py:208} INFO - Processing /home/airflow/.local/lib/python3.12/site-packages/airflow/example_dags/example_short_circuit_operator.py took 27.035 seconds
[2024-08-22T00:22:18.299+0000] {processor.py:186} INFO - Started process (PID=263) to work on /home/airflow/.local/lib/python3.12/site-packages/airflow/example_dags/example_short_circuit_operator.py
[2024-08-22T00:22:18.301+0000] {processor.py:914} INFO - Processing file /home/airflow/.local/lib/python3.12/site-packages/airflow/example_dags/example_short_circuit_operator.py for tasks to queue
[2024-08-22T00:22:18.306+0000] {logging_mixin.py:190} INFO - [2024-08-22T00:22:18.305+0000] {dagbag.py:587} INFO - Filling up the DagBag from /home/airflow/.local/lib/python3.12/site-packages/airflow/example_dags/example_short_circuit_operator.py
[2024-08-22T00:22:18.855+0000] {processor.py:925} INFO - DAG(s) 'example_short_circuit_operator' retrieved from /home/airflow/.local/lib/python3.12/site-packages/airflow/example_dags/example_short_circuit_operator.py
[2024-08-22T00:22:19.149+0000] {logging_mixin.py:190} INFO - [2024-08-22T00:22:19.148+0000] {dag.py:3211} INFO - Sync 1 DAGs
[2024-08-22T00:22:19.255+0000] {logging_mixin.py:190} INFO - [2024-08-22T00:22:19.255+0000] {dag.py:4138} INFO - Setting next_dagrun for example_short_circuit_operator to 2024-08-21 00:00:00+00:00, run_after=2024-08-22 00:00:00+00:00
[2024-08-22T00:22:19.417+0000] {processor.py:208} INFO - Processing /home/airflow/.local/lib/python3.12/site-packages/airflow/example_dags/example_short_circuit_operator.py took 1.135 seconds
[2024-08-22T00:22:49.682+0000] {processor.py:186} INFO - Started process (PID=331) to work on /home/airflow/.local/lib/python3.12/site-packages/airflow/example_dags/example_short_circuit_operator.py
[2024-08-22T00:22:49.684+0000] {processor.py:914} INFO - Processing file /home/airflow/.local/lib/python3.12/site-packages/airflow/example_dags/example_short_circuit_operator.py for tasks to queue
[2024-08-22T00:22:49.692+0000] {logging_mixin.py:190} INFO - [2024-08-22T00:22:49.690+0000] {dagbag.py:587} INFO - Filling up the DagBag from /home/airflow/.local/lib/python3.12/site-packages/airflow/example_dags/example_short_circuit_operator.py
[2024-08-22T00:22:49.714+0000] {processor.py:925} INFO - DAG(s) 'example_short_circuit_operator' retrieved from /home/airflow/.local/lib/python3.12/site-packages/airflow/example_dags/example_short_circuit_operator.py
[2024-08-22T00:22:49.781+0000] {logging_mixin.py:190} INFO - [2024-08-22T00:22:49.780+0000] {dag.py:3211} INFO - Sync 1 DAGs
[2024-08-22T00:22:49.880+0000] {logging_mixin.py:190} INFO - [2024-08-22T00:22:49.879+0000] {dag.py:4138} INFO - Setting next_dagrun for example_short_circuit_operator to 2024-08-21 00:00:00+00:00, run_after=2024-08-22 00:00:00+00:00
[2024-08-22T00:22:49.936+0000] {processor.py:208} INFO - Processing /home/airflow/.local/lib/python3.12/site-packages/airflow/example_dags/example_short_circuit_operator.py took 0.267 seconds
[2024-08-22T00:23:20.128+0000] {processor.py:186} INFO - Started process (PID=388) to work on /home/airflow/.local/lib/python3.12/site-packages/airflow/example_dags/example_short_circuit_operator.py
[2024-08-22T00:23:20.129+0000] {processor.py:914} INFO - Processing file /home/airflow/.local/lib/python3.12/site-packages/airflow/example_dags/example_short_circuit_operator.py for tasks to queue
[2024-08-22T00:23:20.133+0000] {logging_mixin.py:190} INFO - [2024-08-22T00:23:20.133+0000] {dagbag.py:587} INFO - Filling up the DagBag from /home/airflow/.local/lib/python3.12/site-packages/airflow/example_dags/example_short_circuit_operator.py
[2024-08-22T00:23:20.145+0000] {processor.py:925} INFO - DAG(s) 'example_short_circuit_operator' retrieved from /home/airflow/.local/lib/python3.12/site-packages/airflow/example_dags/example_short_circuit_operator.py
[2024-08-22T00:23:20.176+0000] {logging_mixin.py:190} INFO - [2024-08-22T00:23:20.176+0000] {dag.py:3211} INFO - Sync 1 DAGs
[2024-08-22T00:23:20.211+0000] {logging_mixin.py:190} INFO - [2024-08-22T00:23:20.210+0000] {dag.py:4138} INFO - Setting next_dagrun for example_short_circuit_operator to 2024-08-21 00:00:00+00:00, run_after=2024-08-22 00:00:00+00:00
[2024-08-22T00:23:20.444+0000] {processor.py:208} INFO - Processing /home/airflow/.local/lib/python3.12/site-packages/airflow/example_dags/example_short_circuit_operator.py took 0.324 seconds
[2024-08-22T00:23:51.056+0000] {processor.py:186} INFO - Started process (PID=457) to work on /home/airflow/.local/lib/python3.12/site-packages/airflow/example_dags/example_short_circuit_operator.py
[2024-08-22T00:23:51.057+0000] {processor.py:914} INFO - Processing file /home/airflow/.local/lib/python3.12/site-packages/airflow/example_dags/example_short_circuit_operator.py for tasks to queue
[2024-08-22T00:23:51.063+0000] {logging_mixin.py:190} INFO - [2024-08-22T00:23:51.063+0000] {dagbag.py:587} INFO - Filling up the DagBag from /home/airflow/.local/lib/python3.12/site-packages/airflow/example_dags/example_short_circuit_operator.py
[2024-08-22T00:23:51.092+0000] {processor.py:925} INFO - DAG(s) 'example_short_circuit_operator' retrieved from /home/airflow/.local/lib/python3.12/site-packages/airflow/example_dags/example_short_circuit_operator.py
[2024-08-22T00:23:51.162+0000] {logging_mixin.py:190} INFO - [2024-08-22T00:23:51.162+0000] {dag.py:3211} INFO - Sync 1 DAGs
[2024-08-22T00:23:51.233+0000] {logging_mixin.py:190} INFO - [2024-08-22T00:23:51.233+0000] {dag.py:4138} INFO - Setting next_dagrun for example_short_circuit_operator to 2024-08-21 00:00:00+00:00, run_after=2024-08-22 00:00:00+00:00
[2024-08-22T00:23:51.341+0000] {processor.py:208} INFO - Processing /home/airflow/.local/lib/python3.12/site-packages/airflow/example_dags/example_short_circuit_operator.py took 0.301 seconds
[2024-08-22T00:24:21.909+0000] {processor.py:186} INFO - Started process (PID=520) to work on /home/airflow/.local/lib/python3.12/site-packages/airflow/example_dags/example_short_circuit_operator.py
[2024-08-22T00:24:21.911+0000] {processor.py:914} INFO - Processing file /home/airflow/.local/lib/python3.12/site-packages/airflow/example_dags/example_short_circuit_operator.py for tasks to queue
[2024-08-22T00:24:21.918+0000] {logging_mixin.py:190} INFO - [2024-08-22T00:24:21.917+0000] {dagbag.py:587} INFO - Filling up the DagBag from /home/airflow/.local/lib/python3.12/site-packages/airflow/example_dags/example_short_circuit_operator.py
[2024-08-22T00:24:21.941+0000] {processor.py:925} INFO - DAG(s) 'example_short_circuit_operator' retrieved from /home/airflow/.local/lib/python3.12/site-packages/airflow/example_dags/example_short_circuit_operator.py
[2024-08-22T00:24:22.012+0000] {logging_mixin.py:190} INFO - [2024-08-22T00:24:22.012+0000] {dag.py:3211} INFO - Sync 1 DAGs
[2024-08-22T00:24:22.100+0000] {logging_mixin.py:190} INFO - [2024-08-22T00:24:22.100+0000] {dag.py:4138} INFO - Setting next_dagrun for example_short_circuit_operator to 2024-08-21 00:00:00+00:00, run_after=2024-08-22 00:00:00+00:00
[2024-08-22T00:24:22.163+0000] {processor.py:208} INFO - Processing /home/airflow/.local/lib/python3.12/site-packages/airflow/example_dags/example_short_circuit_operator.py took 0.268 seconds
[2024-08-22T00:24:52.430+0000] {processor.py:186} INFO - Started process (PID=583) to work on /home/airflow/.local/lib/python3.12/site-packages/airflow/example_dags/example_short_circuit_operator.py
[2024-08-22T00:24:52.431+0000] {processor.py:914} INFO - Processing file /home/airflow/.local/lib/python3.12/site-packages/airflow/example_dags/example_short_circuit_operator.py for tasks to queue
[2024-08-22T00:24:52.440+0000] {logging_mixin.py:190} INFO - [2024-08-22T00:24:52.439+0000] {dagbag.py:587} INFO - Filling up the DagBag from /home/airflow/.local/lib/python3.12/site-packages/airflow/example_dags/example_short_circuit_operator.py
[2024-08-22T00:24:52.471+0000] {processor.py:925} INFO - DAG(s) 'example_short_circuit_operator' retrieved from /home/airflow/.local/lib/python3.12/site-packages/airflow/example_dags/example_short_circuit_operator.py
[2024-08-22T00:24:52.650+0000] {logging_mixin.py:190} INFO - [2024-08-22T00:24:52.650+0000] {dag.py:3211} INFO - Sync 1 DAGs
[2024-08-22T00:24:52.714+0000] {logging_mixin.py:190} INFO - [2024-08-22T00:24:52.714+0000] {dag.py:4138} INFO - Setting next_dagrun for example_short_circuit_operator to 2024-08-21 00:00:00+00:00, run_after=2024-08-22 00:00:00+00:00
[2024-08-22T00:24:52.777+0000] {processor.py:208} INFO - Processing /home/airflow/.local/lib/python3.12/site-packages/airflow/example_dags/example_short_circuit_operator.py took 0.372 seconds
[2024-08-22T00:25:22.902+0000] {processor.py:186} INFO - Started process (PID=646) to work on /home/airflow/.local/lib/python3.12/site-packages/airflow/example_dags/example_short_circuit_operator.py
[2024-08-22T00:25:22.904+0000] {processor.py:914} INFO - Processing file /home/airflow/.local/lib/python3.12/site-packages/airflow/example_dags/example_short_circuit_operator.py for tasks to queue
[2024-08-22T00:25:22.910+0000] {logging_mixin.py:190} INFO - [2024-08-22T00:25:22.910+0000] {dagbag.py:587} INFO - Filling up the DagBag from /home/airflow/.local/lib/python3.12/site-packages/airflow/example_dags/example_short_circuit_operator.py
[2024-08-22T00:25:22.929+0000] {processor.py:925} INFO - DAG(s) 'example_short_circuit_operator' retrieved from /home/airflow/.local/lib/python3.12/site-packages/airflow/example_dags/example_short_circuit_operator.py
[2024-08-22T00:25:22.980+0000] {logging_mixin.py:190} INFO - [2024-08-22T00:25:22.980+0000] {dag.py:3211} INFO - Sync 1 DAGs
[2024-08-22T00:25:23.031+0000] {logging_mixin.py:190} INFO - [2024-08-22T00:25:23.031+0000] {dag.py:4138} INFO - Setting next_dagrun for example_short_circuit_operator to 2024-08-21 00:00:00+00:00, run_after=2024-08-22 00:00:00+00:00
[2024-08-22T00:25:23.073+0000] {processor.py:208} INFO - Processing /home/airflow/.local/lib/python3.12/site-packages/airflow/example_dags/example_short_circuit_operator.py took 0.180 seconds
[2024-08-22T00:25:53.894+0000] {processor.py:186} INFO - Started process (PID=709) to work on /home/airflow/.local/lib/python3.12/site-packages/airflow/example_dags/example_short_circuit_operator.py
[2024-08-22T00:25:53.896+0000] {processor.py:914} INFO - Processing file /home/airflow/.local/lib/python3.12/site-packages/airflow/example_dags/example_short_circuit_operator.py for tasks to queue
[2024-08-22T00:25:53.903+0000] {logging_mixin.py:190} INFO - [2024-08-22T00:25:53.901+0000] {dagbag.py:587} INFO - Filling up the DagBag from /home/airflow/.local/lib/python3.12/site-packages/airflow/example_dags/example_short_circuit_operator.py
[2024-08-22T00:25:53.929+0000] {processor.py:925} INFO - DAG(s) 'example_short_circuit_operator' retrieved from /home/airflow/.local/lib/python3.12/site-packages/airflow/example_dags/example_short_circuit_operator.py
[2024-08-22T00:25:54.073+0000] {logging_mixin.py:190} INFO - [2024-08-22T00:25:54.072+0000] {dag.py:3211} INFO - Sync 1 DAGs
[2024-08-22T00:25:54.156+0000] {logging_mixin.py:190} INFO - [2024-08-22T00:25:54.156+0000] {dag.py:4138} INFO - Setting next_dagrun for example_short_circuit_operator to 2024-08-21 00:00:00+00:00, run_after=2024-08-22 00:00:00+00:00
[2024-08-22T00:25:54.851+0000] {processor.py:208} INFO - Processing /home/airflow/.local/lib/python3.12/site-packages/airflow/example_dags/example_short_circuit_operator.py took 0.970 seconds
[2024-08-22T00:26:25.451+0000] {processor.py:186} INFO - Started process (PID=772) to work on /home/airflow/.local/lib/python3.12/site-packages/airflow/example_dags/example_short_circuit_operator.py
[2024-08-22T00:26:25.453+0000] {processor.py:914} INFO - Processing file /home/airflow/.local/lib/python3.12/site-packages/airflow/example_dags/example_short_circuit_operator.py for tasks to queue
[2024-08-22T00:26:25.457+0000] {logging_mixin.py:190} INFO - [2024-08-22T00:26:25.456+0000] {dagbag.py:587} INFO - Filling up the DagBag from /home/airflow/.local/lib/python3.12/site-packages/airflow/example_dags/example_short_circuit_operator.py
[2024-08-22T00:26:25.469+0000] {processor.py:925} INFO - DAG(s) 'example_short_circuit_operator' retrieved from /home/airflow/.local/lib/python3.12/site-packages/airflow/example_dags/example_short_circuit_operator.py
[2024-08-22T00:26:25.505+0000] {logging_mixin.py:190} INFO - [2024-08-22T00:26:25.505+0000] {dag.py:3211} INFO - Sync 1 DAGs
[2024-08-22T00:26:25.536+0000] {logging_mixin.py:190} INFO - [2024-08-22T00:26:25.536+0000] {dag.py:4138} INFO - Setting next_dagrun for example_short_circuit_operator to 2024-08-21 00:00:00+00:00, run_after=2024-08-22 00:00:00+00:00
[2024-08-22T00:26:25.725+0000] {processor.py:208} INFO - Processing /home/airflow/.local/lib/python3.12/site-packages/airflow/example_dags/example_short_circuit_operator.py took 0.289 seconds
[2024-08-22T00:26:56.229+0000] {processor.py:186} INFO - Started process (PID=836) to work on /home/airflow/.local/lib/python3.12/site-packages/airflow/example_dags/example_short_circuit_operator.py
[2024-08-22T00:26:56.231+0000] {processor.py:914} INFO - Processing file /home/airflow/.local/lib/python3.12/site-packages/airflow/example_dags/example_short_circuit_operator.py for tasks to queue
[2024-08-22T00:26:56.236+0000] {logging_mixin.py:190} INFO - [2024-08-22T00:26:56.235+0000] {dagbag.py:587} INFO - Filling up the DagBag from /home/airflow/.local/lib/python3.12/site-packages/airflow/example_dags/example_short_circuit_operator.py
[2024-08-22T00:26:56.252+0000] {processor.py:925} INFO - DAG(s) 'example_short_circuit_operator' retrieved from /home/airflow/.local/lib/python3.12/site-packages/airflow/example_dags/example_short_circuit_operator.py
[2024-08-22T00:26:56.290+0000] {logging_mixin.py:190} INFO - [2024-08-22T00:26:56.289+0000] {dag.py:3211} INFO - Sync 1 DAGs
[2024-08-22T00:26:56.322+0000] {logging_mixin.py:190} INFO - [2024-08-22T00:26:56.322+0000] {dag.py:4138} INFO - Setting next_dagrun for example_short_circuit_operator to 2024-08-21 00:00:00+00:00, run_after=2024-08-22 00:00:00+00:00
[2024-08-22T00:26:56.485+0000] {processor.py:208} INFO - Processing /home/airflow/.local/lib/python3.12/site-packages/airflow/example_dags/example_short_circuit_operator.py took 0.268 seconds
[2024-08-22T00:27:26.730+0000] {processor.py:186} INFO - Started process (PID=899) to work on /home/airflow/.local/lib/python3.12/site-packages/airflow/example_dags/example_short_circuit_operator.py
[2024-08-22T00:27:26.737+0000] {processor.py:914} INFO - Processing file /home/airflow/.local/lib/python3.12/site-packages/airflow/example_dags/example_short_circuit_operator.py for tasks to queue
[2024-08-22T00:27:26.747+0000] {logging_mixin.py:190} INFO - [2024-08-22T00:27:26.746+0000] {dagbag.py:587} INFO - Filling up the DagBag from /home/airflow/.local/lib/python3.12/site-packages/airflow/example_dags/example_short_circuit_operator.py
[2024-08-22T00:27:26.783+0000] {processor.py:925} INFO - DAG(s) 'example_short_circuit_operator' retrieved from /home/airflow/.local/lib/python3.12/site-packages/airflow/example_dags/example_short_circuit_operator.py
[2024-08-22T00:27:26.877+0000] {logging_mixin.py:190} INFO - [2024-08-22T00:27:26.876+0000] {dag.py:3211} INFO - Sync 1 DAGs
[2024-08-22T00:27:26.949+0000] {logging_mixin.py:190} INFO - [2024-08-22T00:27:26.949+0000] {dag.py:4138} INFO - Setting next_dagrun for example_short_circuit_operator to 2024-08-21 00:00:00+00:00, run_after=2024-08-22 00:00:00+00:00
[2024-08-22T00:27:26.997+0000] {processor.py:208} INFO - Processing /home/airflow/.local/lib/python3.12/site-packages/airflow/example_dags/example_short_circuit_operator.py took 0.292 seconds
[2024-08-22T00:27:57.078+0000] {processor.py:186} INFO - Started process (PID=962) to work on /home/airflow/.local/lib/python3.12/site-packages/airflow/example_dags/example_short_circuit_operator.py
[2024-08-22T00:27:57.080+0000] {processor.py:914} INFO - Processing file /home/airflow/.local/lib/python3.12/site-packages/airflow/example_dags/example_short_circuit_operator.py for tasks to queue
[2024-08-22T00:27:57.086+0000] {logging_mixin.py:190} INFO - [2024-08-22T00:27:57.084+0000] {dagbag.py:587} INFO - Filling up the DagBag from /home/airflow/.local/lib/python3.12/site-packages/airflow/example_dags/example_short_circuit_operator.py
[2024-08-22T00:27:57.105+0000] {processor.py:925} INFO - DAG(s) 'example_short_circuit_operator' retrieved from /home/airflow/.local/lib/python3.12/site-packages/airflow/example_dags/example_short_circuit_operator.py
[2024-08-22T00:27:57.165+0000] {logging_mixin.py:190} INFO - [2024-08-22T00:27:57.165+0000] {dag.py:3211} INFO - Sync 1 DAGs
[2024-08-22T00:27:57.219+0000] {logging_mixin.py:190} INFO - [2024-08-22T00:27:57.218+0000] {dag.py:4138} INFO - Setting next_dagrun for example_short_circuit_operator to 2024-08-21 00:00:00+00:00, run_after=2024-08-22 00:00:00+00:00
[2024-08-22T00:27:57.265+0000] {processor.py:208} INFO - Processing /home/airflow/.local/lib/python3.12/site-packages/airflow/example_dags/example_short_circuit_operator.py took 0.198 seconds
[2024-08-22T00:28:27.429+0000] {processor.py:186} INFO - Started process (PID=1025) to work on /home/airflow/.local/lib/python3.12/site-packages/airflow/example_dags/example_short_circuit_operator.py
[2024-08-22T00:28:27.430+0000] {processor.py:914} INFO - Processing file /home/airflow/.local/lib/python3.12/site-packages/airflow/example_dags/example_short_circuit_operator.py for tasks to queue
[2024-08-22T00:28:27.434+0000] {logging_mixin.py:190} INFO - [2024-08-22T00:28:27.433+0000] {dagbag.py:587} INFO - Filling up the DagBag from /home/airflow/.local/lib/python3.12/site-packages/airflow/example_dags/example_short_circuit_operator.py
[2024-08-22T00:28:27.451+0000] {processor.py:925} INFO - DAG(s) 'example_short_circuit_operator' retrieved from /home/airflow/.local/lib/python3.12/site-packages/airflow/example_dags/example_short_circuit_operator.py
[2024-08-22T00:28:27.490+0000] {logging_mixin.py:190} INFO - [2024-08-22T00:28:27.490+0000] {dag.py:3211} INFO - Sync 1 DAGs
[2024-08-22T00:28:27.530+0000] {logging_mixin.py:190} INFO - [2024-08-22T00:28:27.530+0000] {dag.py:4138} INFO - Setting next_dagrun for example_short_circuit_operator to 2024-08-21 00:00:00+00:00, run_after=2024-08-22 00:00:00+00:00
[2024-08-22T00:28:27.563+0000] {processor.py:208} INFO - Processing /home/airflow/.local/lib/python3.12/site-packages/airflow/example_dags/example_short_circuit_operator.py took 0.146 seconds
[2024-08-22T00:28:58.384+0000] {processor.py:186} INFO - Started process (PID=1088) to work on /home/airflow/.local/lib/python3.12/site-packages/airflow/example_dags/example_short_circuit_operator.py
[2024-08-22T00:28:58.386+0000] {processor.py:914} INFO - Processing file /home/airflow/.local/lib/python3.12/site-packages/airflow/example_dags/example_short_circuit_operator.py for tasks to queue
[2024-08-22T00:28:58.395+0000] {logging_mixin.py:190} INFO - [2024-08-22T00:28:58.392+0000] {dagbag.py:587} INFO - Filling up the DagBag from /home/airflow/.local/lib/python3.12/site-packages/airflow/example_dags/example_short_circuit_operator.py
[2024-08-22T00:28:58.420+0000] {processor.py:925} INFO - DAG(s) 'example_short_circuit_operator' retrieved from /home/airflow/.local/lib/python3.12/site-packages/airflow/example_dags/example_short_circuit_operator.py
[2024-08-22T00:28:58.496+0000] {logging_mixin.py:190} INFO - [2024-08-22T00:28:58.495+0000] {dag.py:3211} INFO - Sync 1 DAGs
[2024-08-22T00:28:58.562+0000] {logging_mixin.py:190} INFO - [2024-08-22T00:28:58.562+0000] {dag.py:4138} INFO - Setting next_dagrun for example_short_circuit_operator to 2024-08-21 00:00:00+00:00, run_after=2024-08-22 00:00:00+00:00
[2024-08-22T00:28:58.613+0000] {processor.py:208} INFO - Processing /home/airflow/.local/lib/python3.12/site-packages/airflow/example_dags/example_short_circuit_operator.py took 0.245 seconds
[2024-08-22T00:29:29.389+0000] {processor.py:186} INFO - Started process (PID=1150) to work on /home/airflow/.local/lib/python3.12/site-packages/airflow/example_dags/example_short_circuit_operator.py
[2024-08-22T00:29:29.391+0000] {processor.py:914} INFO - Processing file /home/airflow/.local/lib/python3.12/site-packages/airflow/example_dags/example_short_circuit_operator.py for tasks to queue
[2024-08-22T00:29:29.402+0000] {logging_mixin.py:190} INFO - [2024-08-22T00:29:29.401+0000] {dagbag.py:587} INFO - Filling up the DagBag from /home/airflow/.local/lib/python3.12/site-packages/airflow/example_dags/example_short_circuit_operator.py
[2024-08-22T00:29:29.438+0000] {processor.py:925} INFO - DAG(s) 'example_short_circuit_operator' retrieved from /home/airflow/.local/lib/python3.12/site-packages/airflow/example_dags/example_short_circuit_operator.py
[2024-08-22T00:29:29.550+0000] {logging_mixin.py:190} INFO - [2024-08-22T00:29:29.549+0000] {dag.py:3211} INFO - Sync 1 DAGs
[2024-08-22T00:29:29.603+0000] {logging_mixin.py:190} INFO - [2024-08-22T00:29:29.602+0000] {dag.py:4138} INFO - Setting next_dagrun for example_short_circuit_operator to 2024-08-21 00:00:00+00:00, run_after=2024-08-22 00:00:00+00:00
[2024-08-22T00:29:29.651+0000] {processor.py:208} INFO - Processing /home/airflow/.local/lib/python3.12/site-packages/airflow/example_dags/example_short_circuit_operator.py took 0.278 seconds
[2024-08-22T00:30:00.107+0000] {processor.py:186} INFO - Started process (PID=1214) to work on /home/airflow/.local/lib/python3.12/site-packages/airflow/example_dags/example_short_circuit_operator.py
[2024-08-22T00:30:00.108+0000] {processor.py:914} INFO - Processing file /home/airflow/.local/lib/python3.12/site-packages/airflow/example_dags/example_short_circuit_operator.py for tasks to queue
[2024-08-22T00:30:00.112+0000] {logging_mixin.py:190} INFO - [2024-08-22T00:30:00.111+0000] {dagbag.py:587} INFO - Filling up the DagBag from /home/airflow/.local/lib/python3.12/site-packages/airflow/example_dags/example_short_circuit_operator.py
[2024-08-22T00:30:00.123+0000] {processor.py:925} INFO - DAG(s) 'example_short_circuit_operator' retrieved from /home/airflow/.local/lib/python3.12/site-packages/airflow/example_dags/example_short_circuit_operator.py
[2024-08-22T00:30:00.153+0000] {logging_mixin.py:190} INFO - [2024-08-22T00:30:00.153+0000] {dag.py:3211} INFO - Sync 1 DAGs
[2024-08-22T00:30:00.196+0000] {logging_mixin.py:190} INFO - [2024-08-22T00:30:00.195+0000] {dag.py:4138} INFO - Setting next_dagrun for example_short_circuit_operator to 2024-08-21 00:00:00+00:00, run_after=2024-08-22 00:00:00+00:00
[2024-08-22T00:30:00.237+0000] {processor.py:208} INFO - Processing /home/airflow/.local/lib/python3.12/site-packages/airflow/example_dags/example_short_circuit_operator.py took 0.139 seconds
[2024-08-22T00:30:30.701+0000] {processor.py:186} INFO - Started process (PID=1278) to work on /home/airflow/.local/lib/python3.12/site-packages/airflow/example_dags/example_short_circuit_operator.py
[2024-08-22T00:30:30.703+0000] {processor.py:914} INFO - Processing file /home/airflow/.local/lib/python3.12/site-packages/airflow/example_dags/example_short_circuit_operator.py for tasks to queue
[2024-08-22T00:30:30.706+0000] {logging_mixin.py:190} INFO - [2024-08-22T00:30:30.706+0000] {dagbag.py:587} INFO - Filling up the DagBag from /home/airflow/.local/lib/python3.12/site-packages/airflow/example_dags/example_short_circuit_operator.py
[2024-08-22T00:30:30.725+0000] {processor.py:925} INFO - DAG(s) 'example_short_circuit_operator' retrieved from /home/airflow/.local/lib/python3.12/site-packages/airflow/example_dags/example_short_circuit_operator.py
[2024-08-22T00:30:30.808+0000] {logging_mixin.py:190} INFO - [2024-08-22T00:30:30.808+0000] {dag.py:3211} INFO - Sync 1 DAGs
[2024-08-22T00:30:30.865+0000] {logging_mixin.py:190} INFO - [2024-08-22T00:30:30.864+0000] {dag.py:4138} INFO - Setting next_dagrun for example_short_circuit_operator to 2024-08-21 00:00:00+00:00, run_after=2024-08-22 00:00:00+00:00
[2024-08-22T00:30:30.903+0000] {processor.py:208} INFO - Processing /home/airflow/.local/lib/python3.12/site-packages/airflow/example_dags/example_short_circuit_operator.py took 0.211 seconds
[2024-08-22T00:31:00.987+0000] {processor.py:186} INFO - Started process (PID=1342) to work on /home/airflow/.local/lib/python3.12/site-packages/airflow/example_dags/example_short_circuit_operator.py
[2024-08-22T00:31:00.988+0000] {processor.py:914} INFO - Processing file /home/airflow/.local/lib/python3.12/site-packages/airflow/example_dags/example_short_circuit_operator.py for tasks to queue
[2024-08-22T00:31:00.997+0000] {logging_mixin.py:190} INFO - [2024-08-22T00:31:00.992+0000] {dagbag.py:587} INFO - Filling up the DagBag from /home/airflow/.local/lib/python3.12/site-packages/airflow/example_dags/example_short_circuit_operator.py
[2024-08-22T00:31:01.019+0000] {processor.py:925} INFO - DAG(s) 'example_short_circuit_operator' retrieved from /home/airflow/.local/lib/python3.12/site-packages/airflow/example_dags/example_short_circuit_operator.py
[2024-08-22T00:31:01.061+0000] {logging_mixin.py:190} INFO - [2024-08-22T00:31:01.061+0000] {dag.py:3211} INFO - Sync 1 DAGs
[2024-08-22T00:31:01.104+0000] {logging_mixin.py:190} INFO - [2024-08-22T00:31:01.104+0000] {dag.py:4138} INFO - Setting next_dagrun for example_short_circuit_operator to 2024-08-21 00:00:00+00:00, run_after=2024-08-22 00:00:00+00:00
[2024-08-22T00:31:01.138+0000] {processor.py:208} INFO - Processing /home/airflow/.local/lib/python3.12/site-packages/airflow/example_dags/example_short_circuit_operator.py took 0.167 seconds
[2024-08-22T00:31:31.634+0000] {processor.py:186} INFO - Started process (PID=1406) to work on /home/airflow/.local/lib/python3.12/site-packages/airflow/example_dags/example_short_circuit_operator.py
[2024-08-22T00:31:31.636+0000] {processor.py:914} INFO - Processing file /home/airflow/.local/lib/python3.12/site-packages/airflow/example_dags/example_short_circuit_operator.py for tasks to queue
[2024-08-22T00:31:31.641+0000] {logging_mixin.py:190} INFO - [2024-08-22T00:31:31.640+0000] {dagbag.py:587} INFO - Filling up the DagBag from /home/airflow/.local/lib/python3.12/site-packages/airflow/example_dags/example_short_circuit_operator.py
[2024-08-22T00:31:31.672+0000] {processor.py:925} INFO - DAG(s) 'example_short_circuit_operator' retrieved from /home/airflow/.local/lib/python3.12/site-packages/airflow/example_dags/example_short_circuit_operator.py
[2024-08-22T00:31:31.748+0000] {logging_mixin.py:190} INFO - [2024-08-22T00:31:31.745+0000] {dag.py:3211} INFO - Sync 1 DAGs
[2024-08-22T00:31:31.809+0000] {logging_mixin.py:190} INFO - [2024-08-22T00:31:31.809+0000] {dag.py:4138} INFO - Setting next_dagrun for example_short_circuit_operator to 2024-08-21 00:00:00+00:00, run_after=2024-08-22 00:00:00+00:00
[2024-08-22T00:31:31.850+0000] {processor.py:208} INFO - Processing /home/airflow/.local/lib/python3.12/site-packages/airflow/example_dags/example_short_circuit_operator.py took 0.225 seconds
[2024-08-22T00:32:02.294+0000] {processor.py:186} INFO - Started process (PID=1469) to work on /home/airflow/.local/lib/python3.12/site-packages/airflow/example_dags/example_short_circuit_operator.py
[2024-08-22T00:32:02.297+0000] {processor.py:914} INFO - Processing file /home/airflow/.local/lib/python3.12/site-packages/airflow/example_dags/example_short_circuit_operator.py for tasks to queue
[2024-08-22T00:32:02.301+0000] {logging_mixin.py:190} INFO - [2024-08-22T00:32:02.300+0000] {dagbag.py:587} INFO - Filling up the DagBag from /home/airflow/.local/lib/python3.12/site-packages/airflow/example_dags/example_short_circuit_operator.py
[2024-08-22T00:32:02.332+0000] {processor.py:925} INFO - DAG(s) 'example_short_circuit_operator' retrieved from /home/airflow/.local/lib/python3.12/site-packages/airflow/example_dags/example_short_circuit_operator.py
[2024-08-22T00:32:02.396+0000] {logging_mixin.py:190} INFO - [2024-08-22T00:32:02.395+0000] {dag.py:3211} INFO - Sync 1 DAGs
[2024-08-22T00:32:02.449+0000] {logging_mixin.py:190} INFO - [2024-08-22T00:32:02.449+0000] {dag.py:4138} INFO - Setting next_dagrun for example_short_circuit_operator to 2024-08-21 00:00:00+00:00, run_after=2024-08-22 00:00:00+00:00
[2024-08-22T00:32:02.741+0000] {processor.py:208} INFO - Processing /home/airflow/.local/lib/python3.12/site-packages/airflow/example_dags/example_short_circuit_operator.py took 0.462 seconds
[2024-08-22T00:32:33.401+0000] {processor.py:186} INFO - Started process (PID=1532) to work on /home/airflow/.local/lib/python3.12/site-packages/airflow/example_dags/example_short_circuit_operator.py
[2024-08-22T00:32:33.403+0000] {processor.py:914} INFO - Processing file /home/airflow/.local/lib/python3.12/site-packages/airflow/example_dags/example_short_circuit_operator.py for tasks to queue
[2024-08-22T00:32:33.409+0000] {logging_mixin.py:190} INFO - [2024-08-22T00:32:33.408+0000] {dagbag.py:587} INFO - Filling up the DagBag from /home/airflow/.local/lib/python3.12/site-packages/airflow/example_dags/example_short_circuit_operator.py
[2024-08-22T00:32:33.438+0000] {processor.py:925} INFO - DAG(s) 'example_short_circuit_operator' retrieved from /home/airflow/.local/lib/python3.12/site-packages/airflow/example_dags/example_short_circuit_operator.py
[2024-08-22T00:32:33.528+0000] {logging_mixin.py:190} INFO - [2024-08-22T00:32:33.527+0000] {dag.py:3211} INFO - Sync 1 DAGs
[2024-08-22T00:32:33.598+0000] {logging_mixin.py:190} INFO - [2024-08-22T00:32:33.597+0000] {dag.py:4138} INFO - Setting next_dagrun for example_short_circuit_operator to 2024-08-21 00:00:00+00:00, run_after=2024-08-22 00:00:00+00:00
[2024-08-22T00:32:33.655+0000] {processor.py:208} INFO - Processing /home/airflow/.local/lib/python3.12/site-packages/airflow/example_dags/example_short_circuit_operator.py took 0.271 seconds
[2024-08-22T00:33:04.449+0000] {processor.py:186} INFO - Started process (PID=1595) to work on /home/airflow/.local/lib/python3.12/site-packages/airflow/example_dags/example_short_circuit_operator.py
[2024-08-22T00:33:04.451+0000] {processor.py:914} INFO - Processing file /home/airflow/.local/lib/python3.12/site-packages/airflow/example_dags/example_short_circuit_operator.py for tasks to queue
[2024-08-22T00:33:04.456+0000] {logging_mixin.py:190} INFO - [2024-08-22T00:33:04.454+0000] {dagbag.py:587} INFO - Filling up the DagBag from /home/airflow/.local/lib/python3.12/site-packages/airflow/example_dags/example_short_circuit_operator.py
[2024-08-22T00:33:04.474+0000] {processor.py:925} INFO - DAG(s) 'example_short_circuit_operator' retrieved from /home/airflow/.local/lib/python3.12/site-packages/airflow/example_dags/example_short_circuit_operator.py
[2024-08-22T00:33:04.516+0000] {logging_mixin.py:190} INFO - [2024-08-22T00:33:04.516+0000] {dag.py:3211} INFO - Sync 1 DAGs
[2024-08-22T00:33:04.558+0000] {logging_mixin.py:190} INFO - [2024-08-22T00:33:04.558+0000] {dag.py:4138} INFO - Setting next_dagrun for example_short_circuit_operator to 2024-08-21 00:00:00+00:00, run_after=2024-08-22 00:00:00+00:00
[2024-08-22T00:33:04.600+0000] {processor.py:208} INFO - Processing /home/airflow/.local/lib/python3.12/site-packages/airflow/example_dags/example_short_circuit_operator.py took 0.162 seconds
[2024-08-22T00:33:35.756+0000] {processor.py:186} INFO - Started process (PID=1658) to work on /home/airflow/.local/lib/python3.12/site-packages/airflow/example_dags/example_short_circuit_operator.py
[2024-08-22T00:33:35.758+0000] {processor.py:914} INFO - Processing file /home/airflow/.local/lib/python3.12/site-packages/airflow/example_dags/example_short_circuit_operator.py for tasks to queue
[2024-08-22T00:33:35.762+0000] {logging_mixin.py:190} INFO - [2024-08-22T00:33:35.761+0000] {dagbag.py:587} INFO - Filling up the DagBag from /home/airflow/.local/lib/python3.12/site-packages/airflow/example_dags/example_short_circuit_operator.py
[2024-08-22T00:33:35.775+0000] {processor.py:925} INFO - DAG(s) 'example_short_circuit_operator' retrieved from /home/airflow/.local/lib/python3.12/site-packages/airflow/example_dags/example_short_circuit_operator.py
[2024-08-22T00:33:35.811+0000] {logging_mixin.py:190} INFO - [2024-08-22T00:33:35.811+0000] {dag.py:3211} INFO - Sync 1 DAGs
[2024-08-22T00:33:35.849+0000] {logging_mixin.py:190} INFO - [2024-08-22T00:33:35.849+0000] {dag.py:4138} INFO - Setting next_dagrun for example_short_circuit_operator to 2024-08-21 00:00:00+00:00, run_after=2024-08-22 00:00:00+00:00
[2024-08-22T00:33:35.899+0000] {processor.py:208} INFO - Processing /home/airflow/.local/lib/python3.12/site-packages/airflow/example_dags/example_short_circuit_operator.py took 0.151 seconds
[2024-08-22T00:34:07.571+0000] {processor.py:186} INFO - Started process (PID=1721) to work on /home/airflow/.local/lib/python3.12/site-packages/airflow/example_dags/example_short_circuit_operator.py
[2024-08-22T00:34:07.573+0000] {processor.py:914} INFO - Processing file /home/airflow/.local/lib/python3.12/site-packages/airflow/example_dags/example_short_circuit_operator.py for tasks to queue
[2024-08-22T00:34:07.578+0000] {logging_mixin.py:190} INFO - [2024-08-22T00:34:07.577+0000] {dagbag.py:587} INFO - Filling up the DagBag from /home/airflow/.local/lib/python3.12/site-packages/airflow/example_dags/example_short_circuit_operator.py
[2024-08-22T00:34:07.600+0000] {processor.py:925} INFO - DAG(s) 'example_short_circuit_operator' retrieved from /home/airflow/.local/lib/python3.12/site-packages/airflow/example_dags/example_short_circuit_operator.py
[2024-08-22T00:34:07.656+0000] {logging_mixin.py:190} INFO - [2024-08-22T00:34:07.655+0000] {dag.py:3211} INFO - Sync 1 DAGs
[2024-08-22T00:34:07.720+0000] {logging_mixin.py:190} INFO - [2024-08-22T00:34:07.720+0000] {dag.py:4138} INFO - Setting next_dagrun for example_short_circuit_operator to 2024-08-21 00:00:00+00:00, run_after=2024-08-22 00:00:00+00:00
[2024-08-22T00:34:07.763+0000] {processor.py:208} INFO - Processing /home/airflow/.local/lib/python3.12/site-packages/airflow/example_dags/example_short_circuit_operator.py took 0.212 seconds
[2024-08-22T00:34:38.143+0000] {processor.py:186} INFO - Started process (PID=1778) to work on /home/airflow/.local/lib/python3.12/site-packages/airflow/example_dags/example_short_circuit_operator.py
[2024-08-22T00:34:38.144+0000] {processor.py:914} INFO - Processing file /home/airflow/.local/lib/python3.12/site-packages/airflow/example_dags/example_short_circuit_operator.py for tasks to queue
[2024-08-22T00:34:38.148+0000] {logging_mixin.py:190} INFO - [2024-08-22T00:34:38.147+0000] {dagbag.py:587} INFO - Filling up the DagBag from /home/airflow/.local/lib/python3.12/site-packages/airflow/example_dags/example_short_circuit_operator.py
[2024-08-22T00:34:38.160+0000] {processor.py:925} INFO - DAG(s) 'example_short_circuit_operator' retrieved from /home/airflow/.local/lib/python3.12/site-packages/airflow/example_dags/example_short_circuit_operator.py
[2024-08-22T00:34:38.206+0000] {logging_mixin.py:190} INFO - [2024-08-22T00:34:38.206+0000] {dag.py:3211} INFO - Sync 1 DAGs
[2024-08-22T00:34:38.255+0000] {logging_mixin.py:190} INFO - [2024-08-22T00:34:38.255+0000] {dag.py:4138} INFO - Setting next_dagrun for example_short_circuit_operator to 2024-08-21 00:00:00+00:00, run_after=2024-08-22 00:00:00+00:00
[2024-08-22T00:34:38.318+0000] {processor.py:208} INFO - Processing /home/airflow/.local/lib/python3.12/site-packages/airflow/example_dags/example_short_circuit_operator.py took 0.186 seconds
[2024-08-22T00:35:08.874+0000] {processor.py:186} INFO - Started process (PID=1840) to work on /home/airflow/.local/lib/python3.12/site-packages/airflow/example_dags/example_short_circuit_operator.py
[2024-08-22T00:35:08.876+0000] {processor.py:914} INFO - Processing file /home/airflow/.local/lib/python3.12/site-packages/airflow/example_dags/example_short_circuit_operator.py for tasks to queue
[2024-08-22T00:35:08.881+0000] {logging_mixin.py:190} INFO - [2024-08-22T00:35:08.880+0000] {dagbag.py:587} INFO - Filling up the DagBag from /home/airflow/.local/lib/python3.12/site-packages/airflow/example_dags/example_short_circuit_operator.py
[2024-08-22T00:35:08.900+0000] {processor.py:925} INFO - DAG(s) 'example_short_circuit_operator' retrieved from /home/airflow/.local/lib/python3.12/site-packages/airflow/example_dags/example_short_circuit_operator.py
[2024-08-22T00:35:08.954+0000] {logging_mixin.py:190} INFO - [2024-08-22T00:35:08.953+0000] {dag.py:3211} INFO - Sync 1 DAGs
[2024-08-22T00:35:09.011+0000] {logging_mixin.py:190} INFO - [2024-08-22T00:35:09.011+0000] {dag.py:4138} INFO - Setting next_dagrun for example_short_circuit_operator to 2024-08-21 00:00:00+00:00, run_after=2024-08-22 00:00:00+00:00
[2024-08-22T00:35:09.058+0000] {processor.py:208} INFO - Processing /home/airflow/.local/lib/python3.12/site-packages/airflow/example_dags/example_short_circuit_operator.py took 0.200 seconds
[2024-08-22T00:35:39.163+0000] {processor.py:186} INFO - Started process (PID=1903) to work on /home/airflow/.local/lib/python3.12/site-packages/airflow/example_dags/example_short_circuit_operator.py
[2024-08-22T00:35:39.165+0000] {processor.py:914} INFO - Processing file /home/airflow/.local/lib/python3.12/site-packages/airflow/example_dags/example_short_circuit_operator.py for tasks to queue
[2024-08-22T00:35:39.169+0000] {logging_mixin.py:190} INFO - [2024-08-22T00:35:39.169+0000] {dagbag.py:587} INFO - Filling up the DagBag from /home/airflow/.local/lib/python3.12/site-packages/airflow/example_dags/example_short_circuit_operator.py
[2024-08-22T00:35:39.184+0000] {processor.py:925} INFO - DAG(s) 'example_short_circuit_operator' retrieved from /home/airflow/.local/lib/python3.12/site-packages/airflow/example_dags/example_short_circuit_operator.py
[2024-08-22T00:35:39.235+0000] {logging_mixin.py:190} INFO - [2024-08-22T00:35:39.234+0000] {dag.py:3211} INFO - Sync 1 DAGs
[2024-08-22T00:35:39.283+0000] {logging_mixin.py:190} INFO - [2024-08-22T00:35:39.282+0000] {dag.py:4138} INFO - Setting next_dagrun for example_short_circuit_operator to 2024-08-21 00:00:00+00:00, run_after=2024-08-22 00:00:00+00:00
[2024-08-22T00:35:39.321+0000] {processor.py:208} INFO - Processing /home/airflow/.local/lib/python3.12/site-packages/airflow/example_dags/example_short_circuit_operator.py took 0.168 seconds
[2024-08-22T00:36:09.902+0000] {processor.py:186} INFO - Started process (PID=1961) to work on /home/airflow/.local/lib/python3.12/site-packages/airflow/example_dags/example_short_circuit_operator.py
[2024-08-22T00:36:09.904+0000] {processor.py:914} INFO - Processing file /home/airflow/.local/lib/python3.12/site-packages/airflow/example_dags/example_short_circuit_operator.py for tasks to queue
[2024-08-22T00:36:09.908+0000] {logging_mixin.py:190} INFO - [2024-08-22T00:36:09.907+0000] {dagbag.py:587} INFO - Filling up the DagBag from /home/airflow/.local/lib/python3.12/site-packages/airflow/example_dags/example_short_circuit_operator.py
[2024-08-22T00:36:09.927+0000] {processor.py:925} INFO - DAG(s) 'example_short_circuit_operator' retrieved from /home/airflow/.local/lib/python3.12/site-packages/airflow/example_dags/example_short_circuit_operator.py
[2024-08-22T00:36:09.973+0000] {logging_mixin.py:190} INFO - [2024-08-22T00:36:09.973+0000] {dag.py:3211} INFO - Sync 1 DAGs
[2024-08-22T00:36:10.020+0000] {logging_mixin.py:190} INFO - [2024-08-22T00:36:10.020+0000] {dag.py:4138} INFO - Setting next_dagrun for example_short_circuit_operator to 2024-08-21 00:00:00+00:00, run_after=2024-08-22 00:00:00+00:00
[2024-08-22T00:36:10.052+0000] {processor.py:208} INFO - Processing /home/airflow/.local/lib/python3.12/site-packages/airflow/example_dags/example_short_circuit_operator.py took 0.164 seconds
[2024-08-22T00:36:40.259+0000] {processor.py:186} INFO - Started process (PID=2022) to work on /home/airflow/.local/lib/python3.12/site-packages/airflow/example_dags/example_short_circuit_operator.py
[2024-08-22T00:36:40.261+0000] {processor.py:914} INFO - Processing file /home/airflow/.local/lib/python3.12/site-packages/airflow/example_dags/example_short_circuit_operator.py for tasks to queue
[2024-08-22T00:36:40.265+0000] {logging_mixin.py:190} INFO - [2024-08-22T00:36:40.265+0000] {dagbag.py:587} INFO - Filling up the DagBag from /home/airflow/.local/lib/python3.12/site-packages/airflow/example_dags/example_short_circuit_operator.py
[2024-08-22T00:36:40.280+0000] {processor.py:925} INFO - DAG(s) 'example_short_circuit_operator' retrieved from /home/airflow/.local/lib/python3.12/site-packages/airflow/example_dags/example_short_circuit_operator.py
[2024-08-22T00:36:40.314+0000] {logging_mixin.py:190} INFO - [2024-08-22T00:36:40.313+0000] {dag.py:3211} INFO - Sync 1 DAGs
[2024-08-22T00:36:40.352+0000] {logging_mixin.py:190} INFO - [2024-08-22T00:36:40.352+0000] {dag.py:4138} INFO - Setting next_dagrun for example_short_circuit_operator to 2024-08-21 00:00:00+00:00, run_after=2024-08-22 00:00:00+00:00
[2024-08-22T00:36:40.387+0000] {processor.py:208} INFO - Processing /home/airflow/.local/lib/python3.12/site-packages/airflow/example_dags/example_short_circuit_operator.py took 0.136 seconds
[2024-08-22T00:37:10.652+0000] {processor.py:186} INFO - Started process (PID=2076) to work on /home/airflow/.local/lib/python3.12/site-packages/airflow/example_dags/example_short_circuit_operator.py
[2024-08-22T00:37:10.654+0000] {processor.py:914} INFO - Processing file /home/airflow/.local/lib/python3.12/site-packages/airflow/example_dags/example_short_circuit_operator.py for tasks to queue
[2024-08-22T00:37:10.658+0000] {logging_mixin.py:190} INFO - [2024-08-22T00:37:10.657+0000] {dagbag.py:587} INFO - Filling up the DagBag from /home/airflow/.local/lib/python3.12/site-packages/airflow/example_dags/example_short_circuit_operator.py
[2024-08-22T00:37:10.688+0000] {processor.py:925} INFO - DAG(s) 'example_short_circuit_operator' retrieved from /home/airflow/.local/lib/python3.12/site-packages/airflow/example_dags/example_short_circuit_operator.py
[2024-08-22T00:37:10.754+0000] {logging_mixin.py:190} INFO - [2024-08-22T00:37:10.754+0000] {dag.py:3211} INFO - Sync 1 DAGs
[2024-08-22T00:37:10.812+0000] {logging_mixin.py:190} INFO - [2024-08-22T00:37:10.811+0000] {dag.py:4138} INFO - Setting next_dagrun for example_short_circuit_operator to 2024-08-21 00:00:00+00:00, run_after=2024-08-22 00:00:00+00:00
[2024-08-22T00:37:10.843+0000] {processor.py:208} INFO - Processing /home/airflow/.local/lib/python3.12/site-packages/airflow/example_dags/example_short_circuit_operator.py took 0.216 seconds
[2024-08-22T00:37:41.136+0000] {processor.py:186} INFO - Started process (PID=2130) to work on /home/airflow/.local/lib/python3.12/site-packages/airflow/example_dags/example_short_circuit_operator.py
[2024-08-22T00:37:41.138+0000] {processor.py:914} INFO - Processing file /home/airflow/.local/lib/python3.12/site-packages/airflow/example_dags/example_short_circuit_operator.py for tasks to queue
[2024-08-22T00:37:41.142+0000] {logging_mixin.py:190} INFO - [2024-08-22T00:37:41.141+0000] {dagbag.py:587} INFO - Filling up the DagBag from /home/airflow/.local/lib/python3.12/site-packages/airflow/example_dags/example_short_circuit_operator.py
[2024-08-22T00:37:41.162+0000] {processor.py:925} INFO - DAG(s) 'example_short_circuit_operator' retrieved from /home/airflow/.local/lib/python3.12/site-packages/airflow/example_dags/example_short_circuit_operator.py
[2024-08-22T00:37:41.275+0000] {logging_mixin.py:190} INFO - [2024-08-22T00:37:41.275+0000] {dag.py:3211} INFO - Sync 1 DAGs
[2024-08-22T00:37:41.408+0000] {logging_mixin.py:190} INFO - [2024-08-22T00:37:41.407+0000] {dag.py:4138} INFO - Setting next_dagrun for example_short_circuit_operator to 2024-08-21 00:00:00+00:00, run_after=2024-08-22 00:00:00+00:00
[2024-08-22T00:37:41.462+0000] {processor.py:208} INFO - Processing /home/airflow/.local/lib/python3.12/site-packages/airflow/example_dags/example_short_circuit_operator.py took 0.338 seconds
[2024-08-22T00:38:12.194+0000] {processor.py:186} INFO - Started process (PID=2193) to work on /home/airflow/.local/lib/python3.12/site-packages/airflow/example_dags/example_short_circuit_operator.py
[2024-08-22T00:38:12.198+0000] {processor.py:914} INFO - Processing file /home/airflow/.local/lib/python3.12/site-packages/airflow/example_dags/example_short_circuit_operator.py for tasks to queue
[2024-08-22T00:38:12.202+0000] {logging_mixin.py:190} INFO - [2024-08-22T00:38:12.202+0000] {dagbag.py:587} INFO - Filling up the DagBag from /home/airflow/.local/lib/python3.12/site-packages/airflow/example_dags/example_short_circuit_operator.py
[2024-08-22T00:38:12.220+0000] {processor.py:925} INFO - DAG(s) 'example_short_circuit_operator' retrieved from /home/airflow/.local/lib/python3.12/site-packages/airflow/example_dags/example_short_circuit_operator.py
[2024-08-22T00:38:12.266+0000] {logging_mixin.py:190} INFO - [2024-08-22T00:38:12.265+0000] {dag.py:3211} INFO - Sync 1 DAGs
[2024-08-22T00:38:12.319+0000] {logging_mixin.py:190} INFO - [2024-08-22T00:38:12.319+0000] {dag.py:4138} INFO - Setting next_dagrun for example_short_circuit_operator to 2024-08-21 00:00:00+00:00, run_after=2024-08-22 00:00:00+00:00
[2024-08-22T00:38:12.358+0000] {processor.py:208} INFO - Processing /home/airflow/.local/lib/python3.12/site-packages/airflow/example_dags/example_short_circuit_operator.py took 0.172 seconds
[2024-08-22T00:38:43.193+0000] {processor.py:186} INFO - Started process (PID=2255) to work on /home/airflow/.local/lib/python3.12/site-packages/airflow/example_dags/example_short_circuit_operator.py
[2024-08-22T00:38:43.195+0000] {processor.py:914} INFO - Processing file /home/airflow/.local/lib/python3.12/site-packages/airflow/example_dags/example_short_circuit_operator.py for tasks to queue
[2024-08-22T00:38:43.206+0000] {logging_mixin.py:190} INFO - [2024-08-22T00:38:43.205+0000] {dagbag.py:587} INFO - Filling up the DagBag from /home/airflow/.local/lib/python3.12/site-packages/airflow/example_dags/example_short_circuit_operator.py
[2024-08-22T00:38:43.226+0000] {processor.py:925} INFO - DAG(s) 'example_short_circuit_operator' retrieved from /home/airflow/.local/lib/python3.12/site-packages/airflow/example_dags/example_short_circuit_operator.py
[2024-08-22T00:38:43.280+0000] {logging_mixin.py:190} INFO - [2024-08-22T00:38:43.279+0000] {dag.py:3211} INFO - Sync 1 DAGs
[2024-08-22T00:38:43.356+0000] {logging_mixin.py:190} INFO - [2024-08-22T00:38:43.356+0000] {dag.py:4138} INFO - Setting next_dagrun for example_short_circuit_operator to 2024-08-21 00:00:00+00:00, run_after=2024-08-22 00:00:00+00:00
[2024-08-22T00:38:43.424+0000] {processor.py:208} INFO - Processing /home/airflow/.local/lib/python3.12/site-packages/airflow/example_dags/example_short_circuit_operator.py took 0.248 seconds
[2024-08-22T00:39:16.020+0000] {processor.py:186} INFO - Started process (PID=2315) to work on /home/airflow/.local/lib/python3.12/site-packages/airflow/example_dags/example_short_circuit_operator.py
[2024-08-22T00:39:16.022+0000] {processor.py:914} INFO - Processing file /home/airflow/.local/lib/python3.12/site-packages/airflow/example_dags/example_short_circuit_operator.py for tasks to queue
[2024-08-22T00:39:16.025+0000] {logging_mixin.py:190} INFO - [2024-08-22T00:39:16.024+0000] {dagbag.py:587} INFO - Filling up the DagBag from /home/airflow/.local/lib/python3.12/site-packages/airflow/example_dags/example_short_circuit_operator.py
[2024-08-22T00:39:16.041+0000] {processor.py:925} INFO - DAG(s) 'example_short_circuit_operator' retrieved from /home/airflow/.local/lib/python3.12/site-packages/airflow/example_dags/example_short_circuit_operator.py
[2024-08-22T00:39:16.076+0000] {logging_mixin.py:190} INFO - [2024-08-22T00:39:16.076+0000] {dag.py:3211} INFO - Sync 1 DAGs
[2024-08-22T00:39:16.113+0000] {logging_mixin.py:190} INFO - [2024-08-22T00:39:16.112+0000] {dag.py:4138} INFO - Setting next_dagrun for example_short_circuit_operator to 2024-08-21 00:00:00+00:00, run_after=2024-08-22 00:00:00+00:00
[2024-08-22T00:39:16.350+0000] {processor.py:208} INFO - Processing /home/airflow/.local/lib/python3.12/site-packages/airflow/example_dags/example_short_circuit_operator.py took 0.339 seconds
[2024-08-22T00:39:46.767+0000] {processor.py:186} INFO - Started process (PID=2378) to work on /home/airflow/.local/lib/python3.12/site-packages/airflow/example_dags/example_short_circuit_operator.py
[2024-08-22T00:39:46.768+0000] {processor.py:914} INFO - Processing file /home/airflow/.local/lib/python3.12/site-packages/airflow/example_dags/example_short_circuit_operator.py for tasks to queue
[2024-08-22T00:39:46.772+0000] {logging_mixin.py:190} INFO - [2024-08-22T00:39:46.771+0000] {dagbag.py:587} INFO - Filling up the DagBag from /home/airflow/.local/lib/python3.12/site-packages/airflow/example_dags/example_short_circuit_operator.py
[2024-08-22T00:39:46.789+0000] {processor.py:925} INFO - DAG(s) 'example_short_circuit_operator' retrieved from /home/airflow/.local/lib/python3.12/site-packages/airflow/example_dags/example_short_circuit_operator.py
[2024-08-22T00:39:46.833+0000] {logging_mixin.py:190} INFO - [2024-08-22T00:39:46.832+0000] {dag.py:3211} INFO - Sync 1 DAGs
[2024-08-22T00:39:46.871+0000] {logging_mixin.py:190} INFO - [2024-08-22T00:39:46.871+0000] {dag.py:4138} INFO - Setting next_dagrun for example_short_circuit_operator to 2024-08-21 00:00:00+00:00, run_after=2024-08-22 00:00:00+00:00
[2024-08-22T00:39:46.903+0000] {processor.py:208} INFO - Processing /home/airflow/.local/lib/python3.12/site-packages/airflow/example_dags/example_short_circuit_operator.py took 0.148 seconds
[2024-08-22T00:40:17.722+0000] {processor.py:186} INFO - Started process (PID=2439) to work on /home/airflow/.local/lib/python3.12/site-packages/airflow/example_dags/example_short_circuit_operator.py
[2024-08-22T00:40:17.723+0000] {processor.py:914} INFO - Processing file /home/airflow/.local/lib/python3.12/site-packages/airflow/example_dags/example_short_circuit_operator.py for tasks to queue
[2024-08-22T00:40:17.730+0000] {logging_mixin.py:190} INFO - [2024-08-22T00:40:17.727+0000] {dagbag.py:587} INFO - Filling up the DagBag from /home/airflow/.local/lib/python3.12/site-packages/airflow/example_dags/example_short_circuit_operator.py
[2024-08-22T00:40:17.747+0000] {processor.py:925} INFO - DAG(s) 'example_short_circuit_operator' retrieved from /home/airflow/.local/lib/python3.12/site-packages/airflow/example_dags/example_short_circuit_operator.py
[2024-08-22T00:40:17.792+0000] {logging_mixin.py:190} INFO - [2024-08-22T00:40:17.791+0000] {dag.py:3211} INFO - Sync 1 DAGs
[2024-08-22T00:40:17.839+0000] {logging_mixin.py:190} INFO - [2024-08-22T00:40:17.838+0000] {dag.py:4138} INFO - Setting next_dagrun for example_short_circuit_operator to 2024-08-21 00:00:00+00:00, run_after=2024-08-22 00:00:00+00:00
[2024-08-22T00:40:17.877+0000] {processor.py:208} INFO - Processing /home/airflow/.local/lib/python3.12/site-packages/airflow/example_dags/example_short_circuit_operator.py took 0.165 seconds
[2024-08-22T00:40:48.505+0000] {processor.py:186} INFO - Started process (PID=2502) to work on /home/airflow/.local/lib/python3.12/site-packages/airflow/example_dags/example_short_circuit_operator.py
[2024-08-22T00:40:48.506+0000] {processor.py:914} INFO - Processing file /home/airflow/.local/lib/python3.12/site-packages/airflow/example_dags/example_short_circuit_operator.py for tasks to queue
[2024-08-22T00:40:48.510+0000] {logging_mixin.py:190} INFO - [2024-08-22T00:40:48.509+0000] {dagbag.py:587} INFO - Filling up the DagBag from /home/airflow/.local/lib/python3.12/site-packages/airflow/example_dags/example_short_circuit_operator.py
[2024-08-22T00:40:48.524+0000] {processor.py:925} INFO - DAG(s) 'example_short_circuit_operator' retrieved from /home/airflow/.local/lib/python3.12/site-packages/airflow/example_dags/example_short_circuit_operator.py
[2024-08-22T00:40:48.558+0000] {logging_mixin.py:190} INFO - [2024-08-22T00:40:48.557+0000] {dag.py:3211} INFO - Sync 1 DAGs
[2024-08-22T00:40:48.589+0000] {logging_mixin.py:190} INFO - [2024-08-22T00:40:48.589+0000] {dag.py:4138} INFO - Setting next_dagrun for example_short_circuit_operator to 2024-08-21 00:00:00+00:00, run_after=2024-08-22 00:00:00+00:00
[2024-08-22T00:40:48.637+0000] {processor.py:208} INFO - Processing /home/airflow/.local/lib/python3.12/site-packages/airflow/example_dags/example_short_circuit_operator.py took 0.140 seconds
[2024-08-22T00:41:19.236+0000] {processor.py:186} INFO - Started process (PID=2565) to work on /home/airflow/.local/lib/python3.12/site-packages/airflow/example_dags/example_short_circuit_operator.py
[2024-08-22T00:41:19.238+0000] {processor.py:914} INFO - Processing file /home/airflow/.local/lib/python3.12/site-packages/airflow/example_dags/example_short_circuit_operator.py for tasks to queue
[2024-08-22T00:41:19.243+0000] {logging_mixin.py:190} INFO - [2024-08-22T00:41:19.242+0000] {dagbag.py:587} INFO - Filling up the DagBag from /home/airflow/.local/lib/python3.12/site-packages/airflow/example_dags/example_short_circuit_operator.py
[2024-08-22T00:41:19.260+0000] {processor.py:925} INFO - DAG(s) 'example_short_circuit_operator' retrieved from /home/airflow/.local/lib/python3.12/site-packages/airflow/example_dags/example_short_circuit_operator.py
[2024-08-22T00:41:19.305+0000] {logging_mixin.py:190} INFO - [2024-08-22T00:41:19.304+0000] {dag.py:3211} INFO - Sync 1 DAGs
[2024-08-22T00:41:19.345+0000] {logging_mixin.py:190} INFO - [2024-08-22T00:41:19.345+0000] {dag.py:4138} INFO - Setting next_dagrun for example_short_circuit_operator to 2024-08-21 00:00:00+00:00, run_after=2024-08-22 00:00:00+00:00
[2024-08-22T00:41:19.548+0000] {processor.py:208} INFO - Processing /home/airflow/.local/lib/python3.12/site-packages/airflow/example_dags/example_short_circuit_operator.py took 0.323 seconds
[2024-08-22T00:41:49.616+0000] {processor.py:186} INFO - Started process (PID=2628) to work on /home/airflow/.local/lib/python3.12/site-packages/airflow/example_dags/example_short_circuit_operator.py
[2024-08-22T00:41:49.617+0000] {processor.py:914} INFO - Processing file /home/airflow/.local/lib/python3.12/site-packages/airflow/example_dags/example_short_circuit_operator.py for tasks to queue
[2024-08-22T00:41:49.621+0000] {logging_mixin.py:190} INFO - [2024-08-22T00:41:49.621+0000] {dagbag.py:587} INFO - Filling up the DagBag from /home/airflow/.local/lib/python3.12/site-packages/airflow/example_dags/example_short_circuit_operator.py
[2024-08-22T00:41:49.637+0000] {processor.py:925} INFO - DAG(s) 'example_short_circuit_operator' retrieved from /home/airflow/.local/lib/python3.12/site-packages/airflow/example_dags/example_short_circuit_operator.py
[2024-08-22T00:41:49.672+0000] {logging_mixin.py:190} INFO - [2024-08-22T00:41:49.672+0000] {dag.py:3211} INFO - Sync 1 DAGs
[2024-08-22T00:41:49.708+0000] {logging_mixin.py:190} INFO - [2024-08-22T00:41:49.708+0000] {dag.py:4138} INFO - Setting next_dagrun for example_short_circuit_operator to 2024-08-21 00:00:00+00:00, run_after=2024-08-22 00:00:00+00:00
[2024-08-22T00:41:49.735+0000] {processor.py:208} INFO - Processing /home/airflow/.local/lib/python3.12/site-packages/airflow/example_dags/example_short_circuit_operator.py took 0.132 seconds
[2024-08-22T00:42:19.865+0000] {processor.py:186} INFO - Started process (PID=2691) to work on /home/airflow/.local/lib/python3.12/site-packages/airflow/example_dags/example_short_circuit_operator.py
[2024-08-22T00:42:19.866+0000] {processor.py:914} INFO - Processing file /home/airflow/.local/lib/python3.12/site-packages/airflow/example_dags/example_short_circuit_operator.py for tasks to queue
[2024-08-22T00:42:19.870+0000] {logging_mixin.py:190} INFO - [2024-08-22T00:42:19.870+0000] {dagbag.py:587} INFO - Filling up the DagBag from /home/airflow/.local/lib/python3.12/site-packages/airflow/example_dags/example_short_circuit_operator.py
[2024-08-22T00:42:19.883+0000] {processor.py:925} INFO - DAG(s) 'example_short_circuit_operator' retrieved from /home/airflow/.local/lib/python3.12/site-packages/airflow/example_dags/example_short_circuit_operator.py
[2024-08-22T00:42:19.914+0000] {logging_mixin.py:190} INFO - [2024-08-22T00:42:19.914+0000] {dag.py:3211} INFO - Sync 1 DAGs
[2024-08-22T00:42:19.947+0000] {logging_mixin.py:190} INFO - [2024-08-22T00:42:19.946+0000] {dag.py:4138} INFO - Setting next_dagrun for example_short_circuit_operator to 2024-08-21 00:00:00+00:00, run_after=2024-08-22 00:00:00+00:00
[2024-08-22T00:42:19.976+0000] {processor.py:208} INFO - Processing /home/airflow/.local/lib/python3.12/site-packages/airflow/example_dags/example_short_circuit_operator.py took 0.119 seconds
[2024-08-22T03:42:54.134+0000] {processor.py:186} INFO - Started process (PID=2759) to work on /home/airflow/.local/lib/python3.12/site-packages/airflow/example_dags/example_short_circuit_operator.py
[2024-08-22T03:42:54.138+0000] {processor.py:914} INFO - Processing file /home/airflow/.local/lib/python3.12/site-packages/airflow/example_dags/example_short_circuit_operator.py for tasks to queue
[2024-08-22T03:42:54.141+0000] {logging_mixin.py:190} INFO - [2024-08-22T03:42:54.140+0000] {dagbag.py:587} INFO - Filling up the DagBag from /home/airflow/.local/lib/python3.12/site-packages/airflow/example_dags/example_short_circuit_operator.py
[2024-08-22T03:42:54.190+0000] {processor.py:925} INFO - DAG(s) 'example_short_circuit_operator' retrieved from /home/airflow/.local/lib/python3.12/site-packages/airflow/example_dags/example_short_circuit_operator.py
[2024-08-22T03:42:54.281+0000] {logging_mixin.py:190} INFO - [2024-08-22T03:42:54.281+0000] {dag.py:3211} INFO - Sync 1 DAGs
[2024-08-22T03:42:54.332+0000] {logging_mixin.py:190} INFO - [2024-08-22T03:42:54.331+0000] {dag.py:4138} INFO - Setting next_dagrun for example_short_circuit_operator to 2024-08-21 00:00:00+00:00, run_after=2024-08-22 00:00:00+00:00
[2024-08-22T03:42:54.376+0000] {processor.py:208} INFO - Processing /home/airflow/.local/lib/python3.12/site-packages/airflow/example_dags/example_short_circuit_operator.py took 0.259 seconds
