[2024-08-22T00:20:07.171+0000] {processor.py:186} INFO - Started process (PID=85) to work on /home/airflow/.local/lib/python3.12/site-packages/airflow/example_dags/example_external_task_marker_dag.py
[2024-08-22T00:20:07.173+0000] {processor.py:914} INFO - Processing file /home/airflow/.local/lib/python3.12/site-packages/airflow/example_dags/example_external_task_marker_dag.py for tasks to queue
[2024-08-22T00:20:07.178+0000] {logging_mixin.py:190} INFO - [2024-08-22T00:20:07.177+0000] {dagbag.py:587} INFO - Filling up the DagBag from /home/airflow/.local/lib/python3.12/site-packages/airflow/example_dags/example_external_task_marker_dag.py
[2024-08-22T00:20:07.241+0000] {processor.py:925} INFO - DAG(s) 'example_external_task_marker_child', 'example_external_task_marker_parent' retrieved from /home/airflow/.local/lib/python3.12/site-packages/airflow/example_dags/example_external_task_marker_dag.py
[2024-08-22T00:20:08.125+0000] {logging_mixin.py:190} INFO - [2024-08-22T00:20:08.124+0000] {override.py:1858} INFO - Created Permission View: can read on DAG:example_external_task_marker_child
[2024-08-22T00:20:08.220+0000] {logging_mixin.py:190} INFO - [2024-08-22T00:20:08.219+0000] {override.py:1858} INFO - Created Permission View: can delete on DAG:example_external_task_marker_child
[2024-08-22T00:20:08.239+0000] {logging_mixin.py:190} INFO - [2024-08-22T00:20:08.238+0000] {override.py:1858} INFO - Created Permission View: can edit on DAG:example_external_task_marker_child
[2024-08-22T00:20:08.323+0000] {logging_mixin.py:190} INFO - [2024-08-22T00:20:08.322+0000] {override.py:1858} INFO - Created Permission View: can read on DAG:example_external_task_marker_parent
[2024-08-22T00:20:08.345+0000] {logging_mixin.py:190} INFO - [2024-08-22T00:20:08.345+0000] {override.py:1858} INFO - Created Permission View: can delete on DAG:example_external_task_marker_parent
[2024-08-22T00:20:08.389+0000] {logging_mixin.py:190} INFO - [2024-08-22T00:20:08.388+0000] {override.py:1858} INFO - Created Permission View: can edit on DAG:example_external_task_marker_parent
[2024-08-22T00:20:08.390+0000] {logging_mixin.py:190} INFO - [2024-08-22T00:20:08.390+0000] {dag.py:3211} INFO - Sync 2 DAGs
[2024-08-22T00:20:08.479+0000] {logging_mixin.py:190} INFO - [2024-08-22T00:20:08.479+0000] {dag.py:3234} INFO - Creating ORM DAG for example_external_task_marker_parent
[2024-08-22T00:20:08.483+0000] {logging_mixin.py:190} INFO - [2024-08-22T00:20:08.482+0000] {dag.py:3234} INFO - Creating ORM DAG for example_external_task_marker_child
[2024-08-22T00:20:08.484+0000] {logging_mixin.py:190} INFO - [2024-08-22T00:20:08.484+0000] {dag.py:4138} INFO - Setting next_dagrun for example_external_task_marker_child to None, run_after=None
[2024-08-22T00:20:08.489+0000] {logging_mixin.py:190} INFO - [2024-08-22T00:20:08.488+0000] {dag.py:4138} INFO - Setting next_dagrun for example_external_task_marker_parent to None, run_after=None
[2024-08-22T00:20:08.804+0000] {processor.py:208} INFO - Processing /home/airflow/.local/lib/python3.12/site-packages/airflow/example_dags/example_external_task_marker_dag.py took 1.678 seconds
[2024-08-22T00:20:45.249+0000] {processor.py:186} INFO - Started process (PID=149) to work on /home/airflow/.local/lib/python3.12/site-packages/airflow/example_dags/example_external_task_marker_dag.py
[2024-08-22T00:20:45.261+0000] {processor.py:914} INFO - Processing file /home/airflow/.local/lib/python3.12/site-packages/airflow/example_dags/example_external_task_marker_dag.py for tasks to queue
[2024-08-22T00:20:45.265+0000] {logging_mixin.py:190} INFO - [2024-08-22T00:20:45.265+0000] {dagbag.py:587} INFO - Filling up the DagBag from /home/airflow/.local/lib/python3.12/site-packages/airflow/example_dags/example_external_task_marker_dag.py
[2024-08-22T00:20:45.328+0000] {processor.py:925} INFO - DAG(s) 'example_external_task_marker_parent', 'example_external_task_marker_child' retrieved from /home/airflow/.local/lib/python3.12/site-packages/airflow/example_dags/example_external_task_marker_dag.py
[2024-08-22T00:20:45.394+0000] {logging_mixin.py:190} INFO - [2024-08-22T00:20:45.394+0000] {dag.py:3211} INFO - Sync 2 DAGs
[2024-08-22T00:20:45.414+0000] {logging_mixin.py:190} INFO - [2024-08-22T00:20:45.414+0000] {dag.py:4138} INFO - Setting next_dagrun for example_external_task_marker_child to None, run_after=None
[2024-08-22T00:20:45.419+0000] {logging_mixin.py:190} INFO - [2024-08-22T00:20:45.419+0000] {dag.py:4138} INFO - Setting next_dagrun for example_external_task_marker_parent to None, run_after=None
[2024-08-22T00:20:45.634+0000] {processor.py:208} INFO - Processing /home/airflow/.local/lib/python3.12/site-packages/airflow/example_dags/example_external_task_marker_dag.py took 0.398 seconds
[2024-08-22T00:21:47.834+0000] {processor.py:186} INFO - Started process (PID=204) to work on /home/airflow/.local/lib/python3.12/site-packages/airflow/example_dags/example_external_task_marker_dag.py
[2024-08-22T00:21:47.836+0000] {processor.py:914} INFO - Processing file /home/airflow/.local/lib/python3.12/site-packages/airflow/example_dags/example_external_task_marker_dag.py for tasks to queue
[2024-08-22T00:21:47.846+0000] {logging_mixin.py:190} INFO - [2024-08-22T00:21:47.841+0000] {dagbag.py:587} INFO - Filling up the DagBag from /home/airflow/.local/lib/python3.12/site-packages/airflow/example_dags/example_external_task_marker_dag.py
[2024-08-22T00:21:47.919+0000] {processor.py:925} INFO - DAG(s) 'example_external_task_marker_child', 'example_external_task_marker_parent' retrieved from /home/airflow/.local/lib/python3.12/site-packages/airflow/example_dags/example_external_task_marker_dag.py
[2024-08-22T00:21:48.011+0000] {logging_mixin.py:190} INFO - [2024-08-22T00:21:48.010+0000] {dag.py:3211} INFO - Sync 2 DAGs
[2024-08-22T00:21:48.117+0000] {logging_mixin.py:190} INFO - [2024-08-22T00:21:48.116+0000] {dag.py:4138} INFO - Setting next_dagrun for example_external_task_marker_child to None, run_after=None
[2024-08-22T00:21:48.148+0000] {logging_mixin.py:190} INFO - [2024-08-22T00:21:48.147+0000] {dag.py:4138} INFO - Setting next_dagrun for example_external_task_marker_parent to None, run_after=None
[2024-08-22T00:21:48.253+0000] {processor.py:208} INFO - Processing /home/airflow/.local/lib/python3.12/site-packages/airflow/example_dags/example_external_task_marker_dag.py took 0.434 seconds
[2024-08-22T00:22:19.564+0000] {processor.py:186} INFO - Started process (PID=271) to work on /home/airflow/.local/lib/python3.12/site-packages/airflow/example_dags/example_external_task_marker_dag.py
[2024-08-22T00:22:19.566+0000] {processor.py:914} INFO - Processing file /home/airflow/.local/lib/python3.12/site-packages/airflow/example_dags/example_external_task_marker_dag.py for tasks to queue
[2024-08-22T00:22:19.570+0000] {logging_mixin.py:190} INFO - [2024-08-22T00:22:19.570+0000] {dagbag.py:587} INFO - Filling up the DagBag from /home/airflow/.local/lib/python3.12/site-packages/airflow/example_dags/example_external_task_marker_dag.py
[2024-08-22T00:22:19.602+0000] {processor.py:925} INFO - DAG(s) 'example_external_task_marker_parent', 'example_external_task_marker_child' retrieved from /home/airflow/.local/lib/python3.12/site-packages/airflow/example_dags/example_external_task_marker_dag.py
[2024-08-22T00:22:19.712+0000] {logging_mixin.py:190} INFO - [2024-08-22T00:22:19.711+0000] {dag.py:3211} INFO - Sync 2 DAGs
[2024-08-22T00:22:19.754+0000] {logging_mixin.py:190} INFO - [2024-08-22T00:22:19.753+0000] {dag.py:4138} INFO - Setting next_dagrun for example_external_task_marker_child to None, run_after=None
[2024-08-22T00:22:19.766+0000] {logging_mixin.py:190} INFO - [2024-08-22T00:22:19.765+0000] {dag.py:4138} INFO - Setting next_dagrun for example_external_task_marker_parent to None, run_after=None
[2024-08-22T00:22:19.806+0000] {processor.py:208} INFO - Processing /home/airflow/.local/lib/python3.12/site-packages/airflow/example_dags/example_external_task_marker_dag.py took 0.268 seconds
[2024-08-22T00:22:50.054+0000] {processor.py:186} INFO - Started process (PID=334) to work on /home/airflow/.local/lib/python3.12/site-packages/airflow/example_dags/example_external_task_marker_dag.py
[2024-08-22T00:22:50.057+0000] {processor.py:914} INFO - Processing file /home/airflow/.local/lib/python3.12/site-packages/airflow/example_dags/example_external_task_marker_dag.py for tasks to queue
[2024-08-22T00:22:50.061+0000] {logging_mixin.py:190} INFO - [2024-08-22T00:22:50.061+0000] {dagbag.py:587} INFO - Filling up the DagBag from /home/airflow/.local/lib/python3.12/site-packages/airflow/example_dags/example_external_task_marker_dag.py
[2024-08-22T00:22:50.080+0000] {processor.py:925} INFO - DAG(s) 'example_external_task_marker_child', 'example_external_task_marker_parent' retrieved from /home/airflow/.local/lib/python3.12/site-packages/airflow/example_dags/example_external_task_marker_dag.py
[2024-08-22T00:22:50.136+0000] {logging_mixin.py:190} INFO - [2024-08-22T00:22:50.135+0000] {dag.py:3211} INFO - Sync 2 DAGs
[2024-08-22T00:22:50.168+0000] {logging_mixin.py:190} INFO - [2024-08-22T00:22:50.168+0000] {dag.py:4138} INFO - Setting next_dagrun for example_external_task_marker_child to None, run_after=None
[2024-08-22T00:22:50.178+0000] {logging_mixin.py:190} INFO - [2024-08-22T00:22:50.177+0000] {dag.py:4138} INFO - Setting next_dagrun for example_external_task_marker_parent to None, run_after=None
[2024-08-22T00:22:50.214+0000] {processor.py:208} INFO - Processing /home/airflow/.local/lib/python3.12/site-packages/airflow/example_dags/example_external_task_marker_dag.py took 0.175 seconds
[2024-08-22T00:23:20.976+0000] {processor.py:186} INFO - Started process (PID=397) to work on /home/airflow/.local/lib/python3.12/site-packages/airflow/example_dags/example_external_task_marker_dag.py
[2024-08-22T00:23:20.979+0000] {processor.py:914} INFO - Processing file /home/airflow/.local/lib/python3.12/site-packages/airflow/example_dags/example_external_task_marker_dag.py for tasks to queue
[2024-08-22T00:23:20.989+0000] {logging_mixin.py:190} INFO - [2024-08-22T00:23:20.988+0000] {dagbag.py:587} INFO - Filling up the DagBag from /home/airflow/.local/lib/python3.12/site-packages/airflow/example_dags/example_external_task_marker_dag.py
[2024-08-22T00:23:21.020+0000] {processor.py:925} INFO - DAG(s) 'example_external_task_marker_parent', 'example_external_task_marker_child' retrieved from /home/airflow/.local/lib/python3.12/site-packages/airflow/example_dags/example_external_task_marker_dag.py
[2024-08-22T00:23:21.135+0000] {logging_mixin.py:190} INFO - [2024-08-22T00:23:21.135+0000] {dag.py:3211} INFO - Sync 2 DAGs
[2024-08-22T00:23:21.189+0000] {logging_mixin.py:190} INFO - [2024-08-22T00:23:21.189+0000] {dag.py:4138} INFO - Setting next_dagrun for example_external_task_marker_child to None, run_after=None
[2024-08-22T00:23:21.202+0000] {logging_mixin.py:190} INFO - [2024-08-22T00:23:21.200+0000] {dag.py:4138} INFO - Setting next_dagrun for example_external_task_marker_parent to None, run_after=None
[2024-08-22T00:23:21.264+0000] {processor.py:208} INFO - Processing /home/airflow/.local/lib/python3.12/site-packages/airflow/example_dags/example_external_task_marker_dag.py took 0.301 seconds
[2024-08-22T00:23:51.449+0000] {processor.py:186} INFO - Started process (PID=460) to work on /home/airflow/.local/lib/python3.12/site-packages/airflow/example_dags/example_external_task_marker_dag.py
[2024-08-22T00:23:51.452+0000] {processor.py:914} INFO - Processing file /home/airflow/.local/lib/python3.12/site-packages/airflow/example_dags/example_external_task_marker_dag.py for tasks to queue
[2024-08-22T00:23:51.461+0000] {logging_mixin.py:190} INFO - [2024-08-22T00:23:51.460+0000] {dagbag.py:587} INFO - Filling up the DagBag from /home/airflow/.local/lib/python3.12/site-packages/airflow/example_dags/example_external_task_marker_dag.py
[2024-08-22T00:23:51.484+0000] {processor.py:925} INFO - DAG(s) 'example_external_task_marker_child', 'example_external_task_marker_parent' retrieved from /home/airflow/.local/lib/python3.12/site-packages/airflow/example_dags/example_external_task_marker_dag.py
[2024-08-22T00:23:51.558+0000] {logging_mixin.py:190} INFO - [2024-08-22T00:23:51.557+0000] {dag.py:3211} INFO - Sync 2 DAGs
[2024-08-22T00:23:51.599+0000] {logging_mixin.py:190} INFO - [2024-08-22T00:23:51.598+0000] {dag.py:4138} INFO - Setting next_dagrun for example_external_task_marker_child to None, run_after=None
[2024-08-22T00:23:51.613+0000] {logging_mixin.py:190} INFO - [2024-08-22T00:23:51.612+0000] {dag.py:4138} INFO - Setting next_dagrun for example_external_task_marker_parent to None, run_after=None
[2024-08-22T00:23:51.676+0000] {processor.py:208} INFO - Processing /home/airflow/.local/lib/python3.12/site-packages/airflow/example_dags/example_external_task_marker_dag.py took 0.249 seconds
[2024-08-22T00:24:22.541+0000] {processor.py:186} INFO - Started process (PID=523) to work on /home/airflow/.local/lib/python3.12/site-packages/airflow/example_dags/example_external_task_marker_dag.py
[2024-08-22T00:24:22.543+0000] {processor.py:914} INFO - Processing file /home/airflow/.local/lib/python3.12/site-packages/airflow/example_dags/example_external_task_marker_dag.py for tasks to queue
[2024-08-22T00:24:22.555+0000] {logging_mixin.py:190} INFO - [2024-08-22T00:24:22.550+0000] {dagbag.py:587} INFO - Filling up the DagBag from /home/airflow/.local/lib/python3.12/site-packages/airflow/example_dags/example_external_task_marker_dag.py
[2024-08-22T00:24:22.582+0000] {processor.py:925} INFO - DAG(s) 'example_external_task_marker_child', 'example_external_task_marker_parent' retrieved from /home/airflow/.local/lib/python3.12/site-packages/airflow/example_dags/example_external_task_marker_dag.py
[2024-08-22T00:24:22.680+0000] {logging_mixin.py:190} INFO - [2024-08-22T00:24:22.680+0000] {dag.py:3211} INFO - Sync 2 DAGs
[2024-08-22T00:24:22.732+0000] {logging_mixin.py:190} INFO - [2024-08-22T00:24:22.732+0000] {dag.py:4138} INFO - Setting next_dagrun for example_external_task_marker_child to None, run_after=None
[2024-08-22T00:24:22.741+0000] {logging_mixin.py:190} INFO - [2024-08-22T00:24:22.740+0000] {dag.py:4138} INFO - Setting next_dagrun for example_external_task_marker_parent to None, run_after=None
[2024-08-22T00:24:22.787+0000] {processor.py:208} INFO - Processing /home/airflow/.local/lib/python3.12/site-packages/airflow/example_dags/example_external_task_marker_dag.py took 0.267 seconds
[2024-08-22T00:24:53.172+0000] {processor.py:186} INFO - Started process (PID=586) to work on /home/airflow/.local/lib/python3.12/site-packages/airflow/example_dags/example_external_task_marker_dag.py
[2024-08-22T00:24:53.174+0000] {processor.py:914} INFO - Processing file /home/airflow/.local/lib/python3.12/site-packages/airflow/example_dags/example_external_task_marker_dag.py for tasks to queue
[2024-08-22T00:24:53.180+0000] {logging_mixin.py:190} INFO - [2024-08-22T00:24:53.180+0000] {dagbag.py:587} INFO - Filling up the DagBag from /home/airflow/.local/lib/python3.12/site-packages/airflow/example_dags/example_external_task_marker_dag.py
[2024-08-22T00:24:53.198+0000] {processor.py:925} INFO - DAG(s) 'example_external_task_marker_child', 'example_external_task_marker_parent' retrieved from /home/airflow/.local/lib/python3.12/site-packages/airflow/example_dags/example_external_task_marker_dag.py
[2024-08-22T00:24:53.246+0000] {logging_mixin.py:190} INFO - [2024-08-22T00:24:53.245+0000] {dag.py:3211} INFO - Sync 2 DAGs
[2024-08-22T00:24:53.277+0000] {logging_mixin.py:190} INFO - [2024-08-22T00:24:53.276+0000] {dag.py:4138} INFO - Setting next_dagrun for example_external_task_marker_child to None, run_after=None
[2024-08-22T00:24:53.298+0000] {logging_mixin.py:190} INFO - [2024-08-22T00:24:53.284+0000] {dag.py:4138} INFO - Setting next_dagrun for example_external_task_marker_parent to None, run_after=None
[2024-08-22T00:24:53.334+0000] {processor.py:208} INFO - Processing /home/airflow/.local/lib/python3.12/site-packages/airflow/example_dags/example_external_task_marker_dag.py took 0.174 seconds
[2024-08-22T00:25:23.988+0000] {processor.py:186} INFO - Started process (PID=649) to work on /home/airflow/.local/lib/python3.12/site-packages/airflow/example_dags/example_external_task_marker_dag.py
[2024-08-22T00:25:23.990+0000] {processor.py:914} INFO - Processing file /home/airflow/.local/lib/python3.12/site-packages/airflow/example_dags/example_external_task_marker_dag.py for tasks to queue
[2024-08-22T00:25:23.996+0000] {logging_mixin.py:190} INFO - [2024-08-22T00:25:23.995+0000] {dagbag.py:587} INFO - Filling up the DagBag from /home/airflow/.local/lib/python3.12/site-packages/airflow/example_dags/example_external_task_marker_dag.py
[2024-08-22T00:25:24.018+0000] {processor.py:925} INFO - DAG(s) 'example_external_task_marker_parent', 'example_external_task_marker_child' retrieved from /home/airflow/.local/lib/python3.12/site-packages/airflow/example_dags/example_external_task_marker_dag.py
[2024-08-22T00:25:24.083+0000] {logging_mixin.py:190} INFO - [2024-08-22T00:25:24.083+0000] {dag.py:3211} INFO - Sync 2 DAGs
[2024-08-22T00:25:24.119+0000] {logging_mixin.py:190} INFO - [2024-08-22T00:25:24.119+0000] {dag.py:4138} INFO - Setting next_dagrun for example_external_task_marker_child to None, run_after=None
[2024-08-22T00:25:24.169+0000] {logging_mixin.py:190} INFO - [2024-08-22T00:25:24.159+0000] {dag.py:4138} INFO - Setting next_dagrun for example_external_task_marker_parent to None, run_after=None
[2024-08-22T00:25:24.220+0000] {processor.py:208} INFO - Processing /home/airflow/.local/lib/python3.12/site-packages/airflow/example_dags/example_external_task_marker_dag.py took 0.248 seconds
[2024-08-22T00:25:55.149+0000] {processor.py:186} INFO - Started process (PID=712) to work on /home/airflow/.local/lib/python3.12/site-packages/airflow/example_dags/example_external_task_marker_dag.py
[2024-08-22T00:25:55.151+0000] {processor.py:914} INFO - Processing file /home/airflow/.local/lib/python3.12/site-packages/airflow/example_dags/example_external_task_marker_dag.py for tasks to queue
[2024-08-22T00:25:55.158+0000] {logging_mixin.py:190} INFO - [2024-08-22T00:25:55.157+0000] {dagbag.py:587} INFO - Filling up the DagBag from /home/airflow/.local/lib/python3.12/site-packages/airflow/example_dags/example_external_task_marker_dag.py
[2024-08-22T00:25:55.207+0000] {processor.py:925} INFO - DAG(s) 'example_external_task_marker_parent', 'example_external_task_marker_child' retrieved from /home/airflow/.local/lib/python3.12/site-packages/airflow/example_dags/example_external_task_marker_dag.py
[2024-08-22T00:25:55.285+0000] {logging_mixin.py:190} INFO - [2024-08-22T00:25:55.285+0000] {dag.py:3211} INFO - Sync 2 DAGs
[2024-08-22T00:25:55.329+0000] {logging_mixin.py:190} INFO - [2024-08-22T00:25:55.327+0000] {dag.py:4138} INFO - Setting next_dagrun for example_external_task_marker_child to None, run_after=None
[2024-08-22T00:25:55.337+0000] {logging_mixin.py:190} INFO - [2024-08-22T00:25:55.337+0000] {dag.py:4138} INFO - Setting next_dagrun for example_external_task_marker_parent to None, run_after=None
[2024-08-22T00:25:55.376+0000] {processor.py:208} INFO - Processing /home/airflow/.local/lib/python3.12/site-packages/airflow/example_dags/example_external_task_marker_dag.py took 0.244 seconds
[2024-08-22T00:26:28.635+0000] {processor.py:186} INFO - Started process (PID=775) to work on /home/airflow/.local/lib/python3.12/site-packages/airflow/example_dags/example_external_task_marker_dag.py
[2024-08-22T00:26:28.637+0000] {processor.py:914} INFO - Processing file /home/airflow/.local/lib/python3.12/site-packages/airflow/example_dags/example_external_task_marker_dag.py for tasks to queue
[2024-08-22T00:26:28.646+0000] {logging_mixin.py:190} INFO - [2024-08-22T00:26:28.645+0000] {dagbag.py:587} INFO - Filling up the DagBag from /home/airflow/.local/lib/python3.12/site-packages/airflow/example_dags/example_external_task_marker_dag.py
[2024-08-22T00:26:28.666+0000] {processor.py:925} INFO - DAG(s) 'example_external_task_marker_parent', 'example_external_task_marker_child' retrieved from /home/airflow/.local/lib/python3.12/site-packages/airflow/example_dags/example_external_task_marker_dag.py
[2024-08-22T00:26:28.722+0000] {logging_mixin.py:190} INFO - [2024-08-22T00:26:28.721+0000] {dag.py:3211} INFO - Sync 2 DAGs
[2024-08-22T00:26:28.767+0000] {logging_mixin.py:190} INFO - [2024-08-22T00:26:28.767+0000] {dag.py:4138} INFO - Setting next_dagrun for example_external_task_marker_child to None, run_after=None
[2024-08-22T00:26:28.775+0000] {logging_mixin.py:190} INFO - [2024-08-22T00:26:28.775+0000] {dag.py:4138} INFO - Setting next_dagrun for example_external_task_marker_parent to None, run_after=None
[2024-08-22T00:26:28.814+0000] {processor.py:208} INFO - Processing /home/airflow/.local/lib/python3.12/site-packages/airflow/example_dags/example_external_task_marker_dag.py took 0.195 seconds
[2024-08-22T00:26:59.170+0000] {processor.py:186} INFO - Started process (PID=839) to work on /home/airflow/.local/lib/python3.12/site-packages/airflow/example_dags/example_external_task_marker_dag.py
[2024-08-22T00:26:59.173+0000] {processor.py:914} INFO - Processing file /home/airflow/.local/lib/python3.12/site-packages/airflow/example_dags/example_external_task_marker_dag.py for tasks to queue
[2024-08-22T00:26:59.185+0000] {logging_mixin.py:190} INFO - [2024-08-22T00:26:59.184+0000] {dagbag.py:587} INFO - Filling up the DagBag from /home/airflow/.local/lib/python3.12/site-packages/airflow/example_dags/example_external_task_marker_dag.py
[2024-08-22T00:26:59.224+0000] {processor.py:925} INFO - DAG(s) 'example_external_task_marker_parent', 'example_external_task_marker_child' retrieved from /home/airflow/.local/lib/python3.12/site-packages/airflow/example_dags/example_external_task_marker_dag.py
[2024-08-22T00:26:59.364+0000] {logging_mixin.py:190} INFO - [2024-08-22T00:26:59.362+0000] {dag.py:3211} INFO - Sync 2 DAGs
[2024-08-22T00:26:59.441+0000] {logging_mixin.py:190} INFO - [2024-08-22T00:26:59.440+0000] {dag.py:4138} INFO - Setting next_dagrun for example_external_task_marker_child to None, run_after=None
[2024-08-22T00:26:59.457+0000] {logging_mixin.py:190} INFO - [2024-08-22T00:26:59.457+0000] {dag.py:4138} INFO - Setting next_dagrun for example_external_task_marker_parent to None, run_after=None
[2024-08-22T00:26:59.544+0000] {processor.py:208} INFO - Processing /home/airflow/.local/lib/python3.12/site-packages/airflow/example_dags/example_external_task_marker_dag.py took 0.392 seconds
[2024-08-22T00:27:30.164+0000] {processor.py:186} INFO - Started process (PID=902) to work on /home/airflow/.local/lib/python3.12/site-packages/airflow/example_dags/example_external_task_marker_dag.py
[2024-08-22T00:27:30.166+0000] {processor.py:914} INFO - Processing file /home/airflow/.local/lib/python3.12/site-packages/airflow/example_dags/example_external_task_marker_dag.py for tasks to queue
[2024-08-22T00:27:30.178+0000] {logging_mixin.py:190} INFO - [2024-08-22T00:27:30.177+0000] {dagbag.py:587} INFO - Filling up the DagBag from /home/airflow/.local/lib/python3.12/site-packages/airflow/example_dags/example_external_task_marker_dag.py
[2024-08-22T00:27:30.199+0000] {processor.py:925} INFO - DAG(s) 'example_external_task_marker_child', 'example_external_task_marker_parent' retrieved from /home/airflow/.local/lib/python3.12/site-packages/airflow/example_dags/example_external_task_marker_dag.py
[2024-08-22T00:27:30.269+0000] {logging_mixin.py:190} INFO - [2024-08-22T00:27:30.268+0000] {dag.py:3211} INFO - Sync 2 DAGs
[2024-08-22T00:27:30.357+0000] {logging_mixin.py:190} INFO - [2024-08-22T00:27:30.357+0000] {dag.py:4138} INFO - Setting next_dagrun for example_external_task_marker_child to None, run_after=None
[2024-08-22T00:27:30.373+0000] {logging_mixin.py:190} INFO - [2024-08-22T00:27:30.372+0000] {dag.py:4138} INFO - Setting next_dagrun for example_external_task_marker_parent to None, run_after=None
[2024-08-22T00:27:30.415+0000] {processor.py:208} INFO - Processing /home/airflow/.local/lib/python3.12/site-packages/airflow/example_dags/example_external_task_marker_dag.py took 0.275 seconds
[2024-08-22T00:28:00.734+0000] {processor.py:186} INFO - Started process (PID=965) to work on /home/airflow/.local/lib/python3.12/site-packages/airflow/example_dags/example_external_task_marker_dag.py
[2024-08-22T00:28:00.737+0000] {processor.py:914} INFO - Processing file /home/airflow/.local/lib/python3.12/site-packages/airflow/example_dags/example_external_task_marker_dag.py for tasks to queue
[2024-08-22T00:28:00.742+0000] {logging_mixin.py:190} INFO - [2024-08-22T00:28:00.741+0000] {dagbag.py:587} INFO - Filling up the DagBag from /home/airflow/.local/lib/python3.12/site-packages/airflow/example_dags/example_external_task_marker_dag.py
[2024-08-22T00:28:00.762+0000] {processor.py:925} INFO - DAG(s) 'example_external_task_marker_child', 'example_external_task_marker_parent' retrieved from /home/airflow/.local/lib/python3.12/site-packages/airflow/example_dags/example_external_task_marker_dag.py
[2024-08-22T00:28:00.830+0000] {logging_mixin.py:190} INFO - [2024-08-22T00:28:00.830+0000] {dag.py:3211} INFO - Sync 2 DAGs
[2024-08-22T00:28:00.887+0000] {logging_mixin.py:190} INFO - [2024-08-22T00:28:00.886+0000] {dag.py:4138} INFO - Setting next_dagrun for example_external_task_marker_child to None, run_after=None
[2024-08-22T00:28:00.902+0000] {logging_mixin.py:190} INFO - [2024-08-22T00:28:00.902+0000] {dag.py:4138} INFO - Setting next_dagrun for example_external_task_marker_parent to None, run_after=None
[2024-08-22T00:28:00.949+0000] {processor.py:208} INFO - Processing /home/airflow/.local/lib/python3.12/site-packages/airflow/example_dags/example_external_task_marker_dag.py took 0.228 seconds
[2024-08-22T00:28:31.976+0000] {processor.py:186} INFO - Started process (PID=1028) to work on /home/airflow/.local/lib/python3.12/site-packages/airflow/example_dags/example_external_task_marker_dag.py
[2024-08-22T00:28:32.007+0000] {processor.py:914} INFO - Processing file /home/airflow/.local/lib/python3.12/site-packages/airflow/example_dags/example_external_task_marker_dag.py for tasks to queue
[2024-08-22T00:28:32.017+0000] {logging_mixin.py:190} INFO - [2024-08-22T00:28:32.016+0000] {dagbag.py:587} INFO - Filling up the DagBag from /home/airflow/.local/lib/python3.12/site-packages/airflow/example_dags/example_external_task_marker_dag.py
[2024-08-22T00:28:32.044+0000] {processor.py:925} INFO - DAG(s) 'example_external_task_marker_child', 'example_external_task_marker_parent' retrieved from /home/airflow/.local/lib/python3.12/site-packages/airflow/example_dags/example_external_task_marker_dag.py
[2024-08-22T00:28:32.097+0000] {logging_mixin.py:190} INFO - [2024-08-22T00:28:32.096+0000] {dag.py:3211} INFO - Sync 2 DAGs
[2024-08-22T00:28:32.202+0000] {logging_mixin.py:190} INFO - [2024-08-22T00:28:32.201+0000] {dag.py:4138} INFO - Setting next_dagrun for example_external_task_marker_child to None, run_after=None
[2024-08-22T00:28:32.226+0000] {logging_mixin.py:190} INFO - [2024-08-22T00:28:32.225+0000] {dag.py:4138} INFO - Setting next_dagrun for example_external_task_marker_parent to None, run_after=None
[2024-08-22T00:28:32.293+0000] {processor.py:208} INFO - Processing /home/airflow/.local/lib/python3.12/site-packages/airflow/example_dags/example_external_task_marker_dag.py took 0.344 seconds
[2024-08-22T00:29:02.664+0000] {processor.py:186} INFO - Started process (PID=1091) to work on /home/airflow/.local/lib/python3.12/site-packages/airflow/example_dags/example_external_task_marker_dag.py
[2024-08-22T00:29:02.665+0000] {processor.py:914} INFO - Processing file /home/airflow/.local/lib/python3.12/site-packages/airflow/example_dags/example_external_task_marker_dag.py for tasks to queue
[2024-08-22T00:29:02.668+0000] {logging_mixin.py:190} INFO - [2024-08-22T00:29:02.668+0000] {dagbag.py:587} INFO - Filling up the DagBag from /home/airflow/.local/lib/python3.12/site-packages/airflow/example_dags/example_external_task_marker_dag.py
[2024-08-22T00:29:02.684+0000] {processor.py:925} INFO - DAG(s) 'example_external_task_marker_child', 'example_external_task_marker_parent' retrieved from /home/airflow/.local/lib/python3.12/site-packages/airflow/example_dags/example_external_task_marker_dag.py
[2024-08-22T00:29:02.716+0000] {logging_mixin.py:190} INFO - [2024-08-22T00:29:02.716+0000] {dag.py:3211} INFO - Sync 2 DAGs
[2024-08-22T00:29:02.737+0000] {logging_mixin.py:190} INFO - [2024-08-22T00:29:02.736+0000] {dag.py:4138} INFO - Setting next_dagrun for example_external_task_marker_child to None, run_after=None
[2024-08-22T00:29:02.742+0000] {logging_mixin.py:190} INFO - [2024-08-22T00:29:02.741+0000] {dag.py:4138} INFO - Setting next_dagrun for example_external_task_marker_parent to None, run_after=None
[2024-08-22T00:29:02.772+0000] {processor.py:208} INFO - Processing /home/airflow/.local/lib/python3.12/site-packages/airflow/example_dags/example_external_task_marker_dag.py took 0.117 seconds
[2024-08-22T00:29:32.965+0000] {processor.py:186} INFO - Started process (PID=1153) to work on /home/airflow/.local/lib/python3.12/site-packages/airflow/example_dags/example_external_task_marker_dag.py
[2024-08-22T00:29:32.967+0000] {processor.py:914} INFO - Processing file /home/airflow/.local/lib/python3.12/site-packages/airflow/example_dags/example_external_task_marker_dag.py for tasks to queue
[2024-08-22T00:29:32.970+0000] {logging_mixin.py:190} INFO - [2024-08-22T00:29:32.969+0000] {dagbag.py:587} INFO - Filling up the DagBag from /home/airflow/.local/lib/python3.12/site-packages/airflow/example_dags/example_external_task_marker_dag.py
[2024-08-22T00:29:32.981+0000] {processor.py:925} INFO - DAG(s) 'example_external_task_marker_child', 'example_external_task_marker_parent' retrieved from /home/airflow/.local/lib/python3.12/site-packages/airflow/example_dags/example_external_task_marker_dag.py
[2024-08-22T00:29:33.014+0000] {logging_mixin.py:190} INFO - [2024-08-22T00:29:33.014+0000] {dag.py:3211} INFO - Sync 2 DAGs
[2024-08-22T00:29:33.036+0000] {logging_mixin.py:190} INFO - [2024-08-22T00:29:33.036+0000] {dag.py:4138} INFO - Setting next_dagrun for example_external_task_marker_child to None, run_after=None
[2024-08-22T00:29:33.041+0000] {logging_mixin.py:190} INFO - [2024-08-22T00:29:33.041+0000] {dag.py:4138} INFO - Setting next_dagrun for example_external_task_marker_parent to None, run_after=None
[2024-08-22T00:29:33.072+0000] {processor.py:208} INFO - Processing /home/airflow/.local/lib/python3.12/site-packages/airflow/example_dags/example_external_task_marker_dag.py took 0.116 seconds
[2024-08-22T00:30:03.362+0000] {processor.py:186} INFO - Started process (PID=1217) to work on /home/airflow/.local/lib/python3.12/site-packages/airflow/example_dags/example_external_task_marker_dag.py
[2024-08-22T00:30:03.363+0000] {processor.py:914} INFO - Processing file /home/airflow/.local/lib/python3.12/site-packages/airflow/example_dags/example_external_task_marker_dag.py for tasks to queue
[2024-08-22T00:30:03.367+0000] {logging_mixin.py:190} INFO - [2024-08-22T00:30:03.366+0000] {dagbag.py:587} INFO - Filling up the DagBag from /home/airflow/.local/lib/python3.12/site-packages/airflow/example_dags/example_external_task_marker_dag.py
[2024-08-22T00:30:03.392+0000] {processor.py:925} INFO - DAG(s) 'example_external_task_marker_parent', 'example_external_task_marker_child' retrieved from /home/airflow/.local/lib/python3.12/site-packages/airflow/example_dags/example_external_task_marker_dag.py
[2024-08-22T00:30:03.429+0000] {logging_mixin.py:190} INFO - [2024-08-22T00:30:03.429+0000] {dag.py:3211} INFO - Sync 2 DAGs
[2024-08-22T00:30:03.450+0000] {logging_mixin.py:190} INFO - [2024-08-22T00:30:03.450+0000] {dag.py:4138} INFO - Setting next_dagrun for example_external_task_marker_child to None, run_after=None
[2024-08-22T00:30:03.456+0000] {logging_mixin.py:190} INFO - [2024-08-22T00:30:03.455+0000] {dag.py:4138} INFO - Setting next_dagrun for example_external_task_marker_parent to None, run_after=None
[2024-08-22T00:30:03.497+0000] {processor.py:208} INFO - Processing /home/airflow/.local/lib/python3.12/site-packages/airflow/example_dags/example_external_task_marker_dag.py took 0.144 seconds
[2024-08-22T00:30:34.073+0000] {processor.py:186} INFO - Started process (PID=1281) to work on /home/airflow/.local/lib/python3.12/site-packages/airflow/example_dags/example_external_task_marker_dag.py
[2024-08-22T00:30:34.075+0000] {processor.py:914} INFO - Processing file /home/airflow/.local/lib/python3.12/site-packages/airflow/example_dags/example_external_task_marker_dag.py for tasks to queue
[2024-08-22T00:30:34.086+0000] {logging_mixin.py:190} INFO - [2024-08-22T00:30:34.080+0000] {dagbag.py:587} INFO - Filling up the DagBag from /home/airflow/.local/lib/python3.12/site-packages/airflow/example_dags/example_external_task_marker_dag.py
[2024-08-22T00:30:34.119+0000] {processor.py:925} INFO - DAG(s) 'example_external_task_marker_child', 'example_external_task_marker_parent' retrieved from /home/airflow/.local/lib/python3.12/site-packages/airflow/example_dags/example_external_task_marker_dag.py
[2024-08-22T00:30:34.223+0000] {logging_mixin.py:190} INFO - [2024-08-22T00:30:34.222+0000] {dag.py:3211} INFO - Sync 2 DAGs
[2024-08-22T00:30:34.270+0000] {logging_mixin.py:190} INFO - [2024-08-22T00:30:34.270+0000] {dag.py:4138} INFO - Setting next_dagrun for example_external_task_marker_child to None, run_after=None
[2024-08-22T00:30:34.280+0000] {logging_mixin.py:190} INFO - [2024-08-22T00:30:34.279+0000] {dag.py:4138} INFO - Setting next_dagrun for example_external_task_marker_parent to None, run_after=None
[2024-08-22T00:30:34.316+0000] {processor.py:208} INFO - Processing /home/airflow/.local/lib/python3.12/site-packages/airflow/example_dags/example_external_task_marker_dag.py took 0.263 seconds
[2024-08-22T00:31:04.934+0000] {processor.py:186} INFO - Started process (PID=1345) to work on /home/airflow/.local/lib/python3.12/site-packages/airflow/example_dags/example_external_task_marker_dag.py
[2024-08-22T00:31:04.936+0000] {processor.py:914} INFO - Processing file /home/airflow/.local/lib/python3.12/site-packages/airflow/example_dags/example_external_task_marker_dag.py for tasks to queue
[2024-08-22T00:31:04.941+0000] {logging_mixin.py:190} INFO - [2024-08-22T00:31:04.940+0000] {dagbag.py:587} INFO - Filling up the DagBag from /home/airflow/.local/lib/python3.12/site-packages/airflow/example_dags/example_external_task_marker_dag.py
[2024-08-22T00:31:04.958+0000] {processor.py:925} INFO - DAG(s) 'example_external_task_marker_child', 'example_external_task_marker_parent' retrieved from /home/airflow/.local/lib/python3.12/site-packages/airflow/example_dags/example_external_task_marker_dag.py
[2024-08-22T00:31:05.086+0000] {logging_mixin.py:190} INFO - [2024-08-22T00:31:05.085+0000] {dag.py:3211} INFO - Sync 2 DAGs
[2024-08-22T00:31:05.163+0000] {logging_mixin.py:190} INFO - [2024-08-22T00:31:05.163+0000] {dag.py:4138} INFO - Setting next_dagrun for example_external_task_marker_child to None, run_after=None
[2024-08-22T00:31:05.171+0000] {logging_mixin.py:190} INFO - [2024-08-22T00:31:05.171+0000] {dag.py:4138} INFO - Setting next_dagrun for example_external_task_marker_parent to None, run_after=None
[2024-08-22T00:31:05.234+0000] {processor.py:208} INFO - Processing /home/airflow/.local/lib/python3.12/site-packages/airflow/example_dags/example_external_task_marker_dag.py took 0.328 seconds
[2024-08-22T00:31:35.325+0000] {processor.py:186} INFO - Started process (PID=1409) to work on /home/airflow/.local/lib/python3.12/site-packages/airflow/example_dags/example_external_task_marker_dag.py
[2024-08-22T00:31:35.326+0000] {processor.py:914} INFO - Processing file /home/airflow/.local/lib/python3.12/site-packages/airflow/example_dags/example_external_task_marker_dag.py for tasks to queue
[2024-08-22T00:31:35.337+0000] {logging_mixin.py:190} INFO - [2024-08-22T00:31:35.336+0000] {dagbag.py:587} INFO - Filling up the DagBag from /home/airflow/.local/lib/python3.12/site-packages/airflow/example_dags/example_external_task_marker_dag.py
[2024-08-22T00:31:35.357+0000] {processor.py:925} INFO - DAG(s) 'example_external_task_marker_parent', 'example_external_task_marker_child' retrieved from /home/airflow/.local/lib/python3.12/site-packages/airflow/example_dags/example_external_task_marker_dag.py
[2024-08-22T00:31:35.403+0000] {logging_mixin.py:190} INFO - [2024-08-22T00:31:35.403+0000] {dag.py:3211} INFO - Sync 2 DAGs
[2024-08-22T00:31:35.424+0000] {logging_mixin.py:190} INFO - [2024-08-22T00:31:35.424+0000] {dag.py:4138} INFO - Setting next_dagrun for example_external_task_marker_child to None, run_after=None
[2024-08-22T00:31:35.431+0000] {logging_mixin.py:190} INFO - [2024-08-22T00:31:35.431+0000] {dag.py:4138} INFO - Setting next_dagrun for example_external_task_marker_parent to None, run_after=None
[2024-08-22T00:31:35.468+0000] {processor.py:208} INFO - Processing /home/airflow/.local/lib/python3.12/site-packages/airflow/example_dags/example_external_task_marker_dag.py took 0.158 seconds
[2024-08-22T00:32:06.501+0000] {processor.py:186} INFO - Started process (PID=1472) to work on /home/airflow/.local/lib/python3.12/site-packages/airflow/example_dags/example_external_task_marker_dag.py
[2024-08-22T00:32:06.503+0000] {processor.py:914} INFO - Processing file /home/airflow/.local/lib/python3.12/site-packages/airflow/example_dags/example_external_task_marker_dag.py for tasks to queue
[2024-08-22T00:32:06.506+0000] {logging_mixin.py:190} INFO - [2024-08-22T00:32:06.505+0000] {dagbag.py:587} INFO - Filling up the DagBag from /home/airflow/.local/lib/python3.12/site-packages/airflow/example_dags/example_external_task_marker_dag.py
[2024-08-22T00:32:06.518+0000] {processor.py:925} INFO - DAG(s) 'example_external_task_marker_parent', 'example_external_task_marker_child' retrieved from /home/airflow/.local/lib/python3.12/site-packages/airflow/example_dags/example_external_task_marker_dag.py
[2024-08-22T00:32:06.554+0000] {logging_mixin.py:190} INFO - [2024-08-22T00:32:06.553+0000] {dag.py:3211} INFO - Sync 2 DAGs
[2024-08-22T00:32:06.580+0000] {logging_mixin.py:190} INFO - [2024-08-22T00:32:06.580+0000] {dag.py:4138} INFO - Setting next_dagrun for example_external_task_marker_child to None, run_after=None
[2024-08-22T00:32:06.587+0000] {logging_mixin.py:190} INFO - [2024-08-22T00:32:06.587+0000] {dag.py:4138} INFO - Setting next_dagrun for example_external_task_marker_parent to None, run_after=None
[2024-08-22T00:32:07.118+0000] {processor.py:208} INFO - Processing /home/airflow/.local/lib/python3.12/site-packages/airflow/example_dags/example_external_task_marker_dag.py took 0.625 seconds
[2024-08-22T00:32:37.770+0000] {processor.py:186} INFO - Started process (PID=1535) to work on /home/airflow/.local/lib/python3.12/site-packages/airflow/example_dags/example_external_task_marker_dag.py
[2024-08-22T00:32:37.772+0000] {processor.py:914} INFO - Processing file /home/airflow/.local/lib/python3.12/site-packages/airflow/example_dags/example_external_task_marker_dag.py for tasks to queue
[2024-08-22T00:32:37.775+0000] {logging_mixin.py:190} INFO - [2024-08-22T00:32:37.775+0000] {dagbag.py:587} INFO - Filling up the DagBag from /home/airflow/.local/lib/python3.12/site-packages/airflow/example_dags/example_external_task_marker_dag.py
[2024-08-22T00:32:37.793+0000] {processor.py:925} INFO - DAG(s) 'example_external_task_marker_child', 'example_external_task_marker_parent' retrieved from /home/airflow/.local/lib/python3.12/site-packages/airflow/example_dags/example_external_task_marker_dag.py
[2024-08-22T00:32:37.846+0000] {logging_mixin.py:190} INFO - [2024-08-22T00:32:37.843+0000] {dag.py:3211} INFO - Sync 2 DAGs
[2024-08-22T00:32:37.882+0000] {logging_mixin.py:190} INFO - [2024-08-22T00:32:37.882+0000] {dag.py:4138} INFO - Setting next_dagrun for example_external_task_marker_child to None, run_after=None
[2024-08-22T00:32:37.888+0000] {logging_mixin.py:190} INFO - [2024-08-22T00:32:37.888+0000] {dag.py:4138} INFO - Setting next_dagrun for example_external_task_marker_parent to None, run_after=None
[2024-08-22T00:32:37.934+0000] {processor.py:208} INFO - Processing /home/airflow/.local/lib/python3.12/site-packages/airflow/example_dags/example_external_task_marker_dag.py took 0.176 seconds
[2024-08-22T00:33:08.725+0000] {processor.py:186} INFO - Started process (PID=1598) to work on /home/airflow/.local/lib/python3.12/site-packages/airflow/example_dags/example_external_task_marker_dag.py
[2024-08-22T00:33:08.726+0000] {processor.py:914} INFO - Processing file /home/airflow/.local/lib/python3.12/site-packages/airflow/example_dags/example_external_task_marker_dag.py for tasks to queue
[2024-08-22T00:33:08.731+0000] {logging_mixin.py:190} INFO - [2024-08-22T00:33:08.730+0000] {dagbag.py:587} INFO - Filling up the DagBag from /home/airflow/.local/lib/python3.12/site-packages/airflow/example_dags/example_external_task_marker_dag.py
[2024-08-22T00:33:08.742+0000] {processor.py:925} INFO - DAG(s) 'example_external_task_marker_child', 'example_external_task_marker_parent' retrieved from /home/airflow/.local/lib/python3.12/site-packages/airflow/example_dags/example_external_task_marker_dag.py
[2024-08-22T00:33:08.800+0000] {logging_mixin.py:190} INFO - [2024-08-22T00:33:08.799+0000] {dag.py:3211} INFO - Sync 2 DAGs
[2024-08-22T00:33:08.827+0000] {logging_mixin.py:190} INFO - [2024-08-22T00:33:08.827+0000] {dag.py:4138} INFO - Setting next_dagrun for example_external_task_marker_child to None, run_after=None
[2024-08-22T00:33:08.834+0000] {logging_mixin.py:190} INFO - [2024-08-22T00:33:08.833+0000] {dag.py:4138} INFO - Setting next_dagrun for example_external_task_marker_parent to None, run_after=None
[2024-08-22T00:33:08.867+0000] {processor.py:208} INFO - Processing /home/airflow/.local/lib/python3.12/site-packages/airflow/example_dags/example_external_task_marker_dag.py took 0.150 seconds
[2024-08-22T00:33:38.996+0000] {processor.py:186} INFO - Started process (PID=1661) to work on /home/airflow/.local/lib/python3.12/site-packages/airflow/example_dags/example_external_task_marker_dag.py
[2024-08-22T00:33:38.998+0000] {processor.py:914} INFO - Processing file /home/airflow/.local/lib/python3.12/site-packages/airflow/example_dags/example_external_task_marker_dag.py for tasks to queue
[2024-08-22T00:33:39.001+0000] {logging_mixin.py:190} INFO - [2024-08-22T00:33:39.000+0000] {dagbag.py:587} INFO - Filling up the DagBag from /home/airflow/.local/lib/python3.12/site-packages/airflow/example_dags/example_external_task_marker_dag.py
[2024-08-22T00:33:39.015+0000] {processor.py:925} INFO - DAG(s) 'example_external_task_marker_child', 'example_external_task_marker_parent' retrieved from /home/airflow/.local/lib/python3.12/site-packages/airflow/example_dags/example_external_task_marker_dag.py
[2024-08-22T00:33:39.055+0000] {logging_mixin.py:190} INFO - [2024-08-22T00:33:39.054+0000] {dag.py:3211} INFO - Sync 2 DAGs
[2024-08-22T00:33:39.077+0000] {logging_mixin.py:190} INFO - [2024-08-22T00:33:39.076+0000] {dag.py:4138} INFO - Setting next_dagrun for example_external_task_marker_child to None, run_after=None
[2024-08-22T00:33:39.084+0000] {logging_mixin.py:190} INFO - [2024-08-22T00:33:39.084+0000] {dag.py:4138} INFO - Setting next_dagrun for example_external_task_marker_parent to None, run_after=None
[2024-08-22T00:33:39.121+0000] {processor.py:208} INFO - Processing /home/airflow/.local/lib/python3.12/site-packages/airflow/example_dags/example_external_task_marker_dag.py took 0.134 seconds
[2024-08-22T00:34:09.888+0000] {processor.py:186} INFO - Started process (PID=1724) to work on /home/airflow/.local/lib/python3.12/site-packages/airflow/example_dags/example_external_task_marker_dag.py
[2024-08-22T00:34:09.890+0000] {processor.py:914} INFO - Processing file /home/airflow/.local/lib/python3.12/site-packages/airflow/example_dags/example_external_task_marker_dag.py for tasks to queue
[2024-08-22T00:34:09.894+0000] {logging_mixin.py:190} INFO - [2024-08-22T00:34:09.893+0000] {dagbag.py:587} INFO - Filling up the DagBag from /home/airflow/.local/lib/python3.12/site-packages/airflow/example_dags/example_external_task_marker_dag.py
[2024-08-22T00:34:09.914+0000] {processor.py:925} INFO - DAG(s) 'example_external_task_marker_parent', 'example_external_task_marker_child' retrieved from /home/airflow/.local/lib/python3.12/site-packages/airflow/example_dags/example_external_task_marker_dag.py
[2024-08-22T00:34:09.959+0000] {logging_mixin.py:190} INFO - [2024-08-22T00:34:09.958+0000] {dag.py:3211} INFO - Sync 2 DAGs
[2024-08-22T00:34:09.992+0000] {logging_mixin.py:190} INFO - [2024-08-22T00:34:09.991+0000] {dag.py:4138} INFO - Setting next_dagrun for example_external_task_marker_child to None, run_after=None
[2024-08-22T00:34:10.000+0000] {logging_mixin.py:190} INFO - [2024-08-22T00:34:10.000+0000] {dag.py:4138} INFO - Setting next_dagrun for example_external_task_marker_parent to None, run_after=None
[2024-08-22T00:34:10.052+0000] {processor.py:208} INFO - Processing /home/airflow/.local/lib/python3.12/site-packages/airflow/example_dags/example_external_task_marker_dag.py took 0.180 seconds
[2024-08-22T00:34:40.703+0000] {processor.py:186} INFO - Started process (PID=1786) to work on /home/airflow/.local/lib/python3.12/site-packages/airflow/example_dags/example_external_task_marker_dag.py
[2024-08-22T00:34:40.705+0000] {processor.py:914} INFO - Processing file /home/airflow/.local/lib/python3.12/site-packages/airflow/example_dags/example_external_task_marker_dag.py for tasks to queue
[2024-08-22T00:34:40.722+0000] {logging_mixin.py:190} INFO - [2024-08-22T00:34:40.721+0000] {dagbag.py:587} INFO - Filling up the DagBag from /home/airflow/.local/lib/python3.12/site-packages/airflow/example_dags/example_external_task_marker_dag.py
[2024-08-22T00:34:40.737+0000] {processor.py:925} INFO - DAG(s) 'example_external_task_marker_child', 'example_external_task_marker_parent' retrieved from /home/airflow/.local/lib/python3.12/site-packages/airflow/example_dags/example_external_task_marker_dag.py
[2024-08-22T00:34:40.779+0000] {logging_mixin.py:190} INFO - [2024-08-22T00:34:40.778+0000] {dag.py:3211} INFO - Sync 2 DAGs
[2024-08-22T00:34:40.809+0000] {logging_mixin.py:190} INFO - [2024-08-22T00:34:40.809+0000] {dag.py:4138} INFO - Setting next_dagrun for example_external_task_marker_child to None, run_after=None
[2024-08-22T00:34:40.818+0000] {logging_mixin.py:190} INFO - [2024-08-22T00:34:40.818+0000] {dag.py:4138} INFO - Setting next_dagrun for example_external_task_marker_parent to None, run_after=None
[2024-08-22T00:34:40.879+0000] {processor.py:208} INFO - Processing /home/airflow/.local/lib/python3.12/site-packages/airflow/example_dags/example_external_task_marker_dag.py took 0.189 seconds
[2024-08-22T00:35:11.767+0000] {processor.py:186} INFO - Started process (PID=1849) to work on /home/airflow/.local/lib/python3.12/site-packages/airflow/example_dags/example_external_task_marker_dag.py
[2024-08-22T00:35:11.769+0000] {processor.py:914} INFO - Processing file /home/airflow/.local/lib/python3.12/site-packages/airflow/example_dags/example_external_task_marker_dag.py for tasks to queue
[2024-08-22T00:35:11.774+0000] {logging_mixin.py:190} INFO - [2024-08-22T00:35:11.773+0000] {dagbag.py:587} INFO - Filling up the DagBag from /home/airflow/.local/lib/python3.12/site-packages/airflow/example_dags/example_external_task_marker_dag.py
[2024-08-22T00:35:11.788+0000] {processor.py:925} INFO - DAG(s) 'example_external_task_marker_parent', 'example_external_task_marker_child' retrieved from /home/airflow/.local/lib/python3.12/site-packages/airflow/example_dags/example_external_task_marker_dag.py
[2024-08-22T00:35:11.873+0000] {logging_mixin.py:190} INFO - [2024-08-22T00:35:11.873+0000] {dag.py:3211} INFO - Sync 2 DAGs
[2024-08-22T00:35:11.951+0000] {logging_mixin.py:190} INFO - [2024-08-22T00:35:11.951+0000] {dag.py:4138} INFO - Setting next_dagrun for example_external_task_marker_child to None, run_after=None
[2024-08-22T00:35:11.975+0000] {logging_mixin.py:190} INFO - [2024-08-22T00:35:11.969+0000] {dag.py:4138} INFO - Setting next_dagrun for example_external_task_marker_parent to None, run_after=None
[2024-08-22T00:35:12.091+0000] {processor.py:208} INFO - Processing /home/airflow/.local/lib/python3.12/site-packages/airflow/example_dags/example_external_task_marker_dag.py took 0.337 seconds
[2024-08-22T00:35:42.861+0000] {processor.py:186} INFO - Started process (PID=1912) to work on /home/airflow/.local/lib/python3.12/site-packages/airflow/example_dags/example_external_task_marker_dag.py
[2024-08-22T00:35:42.863+0000] {processor.py:914} INFO - Processing file /home/airflow/.local/lib/python3.12/site-packages/airflow/example_dags/example_external_task_marker_dag.py for tasks to queue
[2024-08-22T00:35:42.868+0000] {logging_mixin.py:190} INFO - [2024-08-22T00:35:42.867+0000] {dagbag.py:587} INFO - Filling up the DagBag from /home/airflow/.local/lib/python3.12/site-packages/airflow/example_dags/example_external_task_marker_dag.py
[2024-08-22T00:35:42.881+0000] {processor.py:925} INFO - DAG(s) 'example_external_task_marker_child', 'example_external_task_marker_parent' retrieved from /home/airflow/.local/lib/python3.12/site-packages/airflow/example_dags/example_external_task_marker_dag.py
[2024-08-22T00:35:42.924+0000] {logging_mixin.py:190} INFO - [2024-08-22T00:35:42.923+0000] {dag.py:3211} INFO - Sync 2 DAGs
[2024-08-22T00:35:42.953+0000] {logging_mixin.py:190} INFO - [2024-08-22T00:35:42.953+0000] {dag.py:4138} INFO - Setting next_dagrun for example_external_task_marker_child to None, run_after=None
[2024-08-22T00:35:42.959+0000] {logging_mixin.py:190} INFO - [2024-08-22T00:35:42.959+0000] {dag.py:4138} INFO - Setting next_dagrun for example_external_task_marker_parent to None, run_after=None
[2024-08-22T00:35:42.992+0000] {processor.py:208} INFO - Processing /home/airflow/.local/lib/python3.12/site-packages/airflow/example_dags/example_external_task_marker_dag.py took 0.140 seconds
[2024-08-22T00:36:13.409+0000] {processor.py:186} INFO - Started process (PID=1974) to work on /home/airflow/.local/lib/python3.12/site-packages/airflow/example_dags/example_external_task_marker_dag.py
[2024-08-22T00:36:13.413+0000] {processor.py:914} INFO - Processing file /home/airflow/.local/lib/python3.12/site-packages/airflow/example_dags/example_external_task_marker_dag.py for tasks to queue
[2024-08-22T00:36:13.417+0000] {logging_mixin.py:190} INFO - [2024-08-22T00:36:13.417+0000] {dagbag.py:587} INFO - Filling up the DagBag from /home/airflow/.local/lib/python3.12/site-packages/airflow/example_dags/example_external_task_marker_dag.py
[2024-08-22T00:36:13.437+0000] {processor.py:925} INFO - DAG(s) 'example_external_task_marker_parent', 'example_external_task_marker_child' retrieved from /home/airflow/.local/lib/python3.12/site-packages/airflow/example_dags/example_external_task_marker_dag.py
[2024-08-22T00:36:13.503+0000] {logging_mixin.py:190} INFO - [2024-08-22T00:36:13.502+0000] {dag.py:3211} INFO - Sync 2 DAGs
[2024-08-22T00:36:13.538+0000] {logging_mixin.py:190} INFO - [2024-08-22T00:36:13.537+0000] {dag.py:4138} INFO - Setting next_dagrun for example_external_task_marker_child to None, run_after=None
[2024-08-22T00:36:13.546+0000] {logging_mixin.py:190} INFO - [2024-08-22T00:36:13.546+0000] {dag.py:4138} INFO - Setting next_dagrun for example_external_task_marker_parent to None, run_after=None
[2024-08-22T00:36:13.593+0000] {processor.py:208} INFO - Processing /home/airflow/.local/lib/python3.12/site-packages/airflow/example_dags/example_external_task_marker_dag.py took 0.203 seconds
[2024-08-22T00:36:44.154+0000] {processor.py:186} INFO - Started process (PID=2038) to work on /home/airflow/.local/lib/python3.12/site-packages/airflow/example_dags/example_external_task_marker_dag.py
[2024-08-22T00:36:44.155+0000] {processor.py:914} INFO - Processing file /home/airflow/.local/lib/python3.12/site-packages/airflow/example_dags/example_external_task_marker_dag.py for tasks to queue
[2024-08-22T00:36:44.158+0000] {logging_mixin.py:190} INFO - [2024-08-22T00:36:44.158+0000] {dagbag.py:587} INFO - Filling up the DagBag from /home/airflow/.local/lib/python3.12/site-packages/airflow/example_dags/example_external_task_marker_dag.py
[2024-08-22T00:36:44.171+0000] {processor.py:925} INFO - DAG(s) 'example_external_task_marker_parent', 'example_external_task_marker_child' retrieved from /home/airflow/.local/lib/python3.12/site-packages/airflow/example_dags/example_external_task_marker_dag.py
[2024-08-22T00:36:44.207+0000] {logging_mixin.py:190} INFO - [2024-08-22T00:36:44.206+0000] {dag.py:3211} INFO - Sync 2 DAGs
[2024-08-22T00:36:44.228+0000] {logging_mixin.py:190} INFO - [2024-08-22T00:36:44.228+0000] {dag.py:4138} INFO - Setting next_dagrun for example_external_task_marker_child to None, run_after=None
[2024-08-22T00:36:44.238+0000] {logging_mixin.py:190} INFO - [2024-08-22T00:36:44.237+0000] {dag.py:4138} INFO - Setting next_dagrun for example_external_task_marker_parent to None, run_after=None
[2024-08-22T00:36:44.282+0000] {processor.py:208} INFO - Processing /home/airflow/.local/lib/python3.12/site-packages/airflow/example_dags/example_external_task_marker_dag.py took 0.138 seconds
[2024-08-22T00:37:14.756+0000] {processor.py:186} INFO - Started process (PID=2101) to work on /home/airflow/.local/lib/python3.12/site-packages/airflow/example_dags/example_external_task_marker_dag.py
[2024-08-22T00:37:14.757+0000] {processor.py:914} INFO - Processing file /home/airflow/.local/lib/python3.12/site-packages/airflow/example_dags/example_external_task_marker_dag.py for tasks to queue
[2024-08-22T00:37:14.760+0000] {logging_mixin.py:190} INFO - [2024-08-22T00:37:14.760+0000] {dagbag.py:587} INFO - Filling up the DagBag from /home/airflow/.local/lib/python3.12/site-packages/airflow/example_dags/example_external_task_marker_dag.py
[2024-08-22T00:37:14.772+0000] {processor.py:925} INFO - DAG(s) 'example_external_task_marker_parent', 'example_external_task_marker_child' retrieved from /home/airflow/.local/lib/python3.12/site-packages/airflow/example_dags/example_external_task_marker_dag.py
[2024-08-22T00:37:14.808+0000] {logging_mixin.py:190} INFO - [2024-08-22T00:37:14.808+0000] {dag.py:3211} INFO - Sync 2 DAGs
[2024-08-22T00:37:14.833+0000] {logging_mixin.py:190} INFO - [2024-08-22T00:37:14.832+0000] {dag.py:4138} INFO - Setting next_dagrun for example_external_task_marker_child to None, run_after=None
[2024-08-22T00:37:14.838+0000] {logging_mixin.py:190} INFO - [2024-08-22T00:37:14.838+0000] {dag.py:4138} INFO - Setting next_dagrun for example_external_task_marker_parent to None, run_after=None
[2024-08-22T00:37:14.881+0000] {processor.py:208} INFO - Processing /home/airflow/.local/lib/python3.12/site-packages/airflow/example_dags/example_external_task_marker_dag.py took 0.135 seconds
[2024-08-22T00:37:46.702+0000] {processor.py:186} INFO - Started process (PID=2164) to work on /home/airflow/.local/lib/python3.12/site-packages/airflow/example_dags/example_external_task_marker_dag.py
[2024-08-22T00:37:46.704+0000] {processor.py:914} INFO - Processing file /home/airflow/.local/lib/python3.12/site-packages/airflow/example_dags/example_external_task_marker_dag.py for tasks to queue
[2024-08-22T00:37:46.708+0000] {logging_mixin.py:190} INFO - [2024-08-22T00:37:46.707+0000] {dagbag.py:587} INFO - Filling up the DagBag from /home/airflow/.local/lib/python3.12/site-packages/airflow/example_dags/example_external_task_marker_dag.py
[2024-08-22T00:37:46.722+0000] {processor.py:925} INFO - DAG(s) 'example_external_task_marker_parent', 'example_external_task_marker_child' retrieved from /home/airflow/.local/lib/python3.12/site-packages/airflow/example_dags/example_external_task_marker_dag.py
[2024-08-22T00:37:46.762+0000] {logging_mixin.py:190} INFO - [2024-08-22T00:37:46.762+0000] {dag.py:3211} INFO - Sync 2 DAGs
[2024-08-22T00:37:46.789+0000] {logging_mixin.py:190} INFO - [2024-08-22T00:37:46.789+0000] {dag.py:4138} INFO - Setting next_dagrun for example_external_task_marker_child to None, run_after=None
[2024-08-22T00:37:46.795+0000] {logging_mixin.py:190} INFO - [2024-08-22T00:37:46.795+0000] {dag.py:4138} INFO - Setting next_dagrun for example_external_task_marker_parent to None, run_after=None
[2024-08-22T00:37:46.824+0000] {processor.py:208} INFO - Processing /home/airflow/.local/lib/python3.12/site-packages/airflow/example_dags/example_external_task_marker_dag.py took 0.132 seconds
[2024-08-22T00:38:17.498+0000] {processor.py:186} INFO - Started process (PID=2224) to work on /home/airflow/.local/lib/python3.12/site-packages/airflow/example_dags/example_external_task_marker_dag.py
[2024-08-22T00:38:17.500+0000] {processor.py:914} INFO - Processing file /home/airflow/.local/lib/python3.12/site-packages/airflow/example_dags/example_external_task_marker_dag.py for tasks to queue
[2024-08-22T00:38:17.504+0000] {logging_mixin.py:190} INFO - [2024-08-22T00:38:17.504+0000] {dagbag.py:587} INFO - Filling up the DagBag from /home/airflow/.local/lib/python3.12/site-packages/airflow/example_dags/example_external_task_marker_dag.py
[2024-08-22T00:38:17.520+0000] {processor.py:925} INFO - DAG(s) 'example_external_task_marker_child', 'example_external_task_marker_parent' retrieved from /home/airflow/.local/lib/python3.12/site-packages/airflow/example_dags/example_external_task_marker_dag.py
[2024-08-22T00:38:17.587+0000] {logging_mixin.py:190} INFO - [2024-08-22T00:38:17.587+0000] {dag.py:3211} INFO - Sync 2 DAGs
[2024-08-22T00:38:17.621+0000] {logging_mixin.py:190} INFO - [2024-08-22T00:38:17.620+0000] {dag.py:4138} INFO - Setting next_dagrun for example_external_task_marker_child to None, run_after=None
[2024-08-22T00:38:17.626+0000] {logging_mixin.py:190} INFO - [2024-08-22T00:38:17.626+0000] {dag.py:4138} INFO - Setting next_dagrun for example_external_task_marker_parent to None, run_after=None
[2024-08-22T00:38:17.680+0000] {processor.py:208} INFO - Processing /home/airflow/.local/lib/python3.12/site-packages/airflow/example_dags/example_external_task_marker_dag.py took 0.195 seconds
[2024-08-22T00:38:49.571+0000] {processor.py:186} INFO - Started process (PID=2283) to work on /home/airflow/.local/lib/python3.12/site-packages/airflow/example_dags/example_external_task_marker_dag.py
[2024-08-22T00:38:49.573+0000] {processor.py:914} INFO - Processing file /home/airflow/.local/lib/python3.12/site-packages/airflow/example_dags/example_external_task_marker_dag.py for tasks to queue
[2024-08-22T00:38:49.576+0000] {logging_mixin.py:190} INFO - [2024-08-22T00:38:49.575+0000] {dagbag.py:587} INFO - Filling up the DagBag from /home/airflow/.local/lib/python3.12/site-packages/airflow/example_dags/example_external_task_marker_dag.py
[2024-08-22T00:38:49.590+0000] {processor.py:925} INFO - DAG(s) 'example_external_task_marker_child', 'example_external_task_marker_parent' retrieved from /home/airflow/.local/lib/python3.12/site-packages/airflow/example_dags/example_external_task_marker_dag.py
[2024-08-22T00:38:49.639+0000] {logging_mixin.py:190} INFO - [2024-08-22T00:38:49.638+0000] {dag.py:3211} INFO - Sync 2 DAGs
[2024-08-22T00:38:49.670+0000] {logging_mixin.py:190} INFO - [2024-08-22T00:38:49.670+0000] {dag.py:4138} INFO - Setting next_dagrun for example_external_task_marker_child to None, run_after=None
[2024-08-22T00:38:49.676+0000] {logging_mixin.py:190} INFO - [2024-08-22T00:38:49.676+0000] {dag.py:4138} INFO - Setting next_dagrun for example_external_task_marker_parent to None, run_after=None
[2024-08-22T00:38:49.717+0000] {processor.py:208} INFO - Processing /home/airflow/.local/lib/python3.12/site-packages/airflow/example_dags/example_external_task_marker_dag.py took 0.159 seconds
[2024-08-22T00:39:20.668+0000] {processor.py:186} INFO - Started process (PID=2342) to work on /home/airflow/.local/lib/python3.12/site-packages/airflow/example_dags/example_external_task_marker_dag.py
[2024-08-22T00:39:20.670+0000] {processor.py:914} INFO - Processing file /home/airflow/.local/lib/python3.12/site-packages/airflow/example_dags/example_external_task_marker_dag.py for tasks to queue
[2024-08-22T00:39:20.675+0000] {logging_mixin.py:190} INFO - [2024-08-22T00:39:20.674+0000] {dagbag.py:587} INFO - Filling up the DagBag from /home/airflow/.local/lib/python3.12/site-packages/airflow/example_dags/example_external_task_marker_dag.py
[2024-08-22T00:39:20.693+0000] {processor.py:925} INFO - DAG(s) 'example_external_task_marker_child', 'example_external_task_marker_parent' retrieved from /home/airflow/.local/lib/python3.12/site-packages/airflow/example_dags/example_external_task_marker_dag.py
[2024-08-22T00:39:20.773+0000] {logging_mixin.py:190} INFO - [2024-08-22T00:39:20.772+0000] {dag.py:3211} INFO - Sync 2 DAGs
[2024-08-22T00:39:20.835+0000] {logging_mixin.py:190} INFO - [2024-08-22T00:39:20.834+0000] {dag.py:4138} INFO - Setting next_dagrun for example_external_task_marker_child to None, run_after=None
[2024-08-22T00:39:20.853+0000] {logging_mixin.py:190} INFO - [2024-08-22T00:39:20.853+0000] {dag.py:4138} INFO - Setting next_dagrun for example_external_task_marker_parent to None, run_after=None
[2024-08-22T00:39:20.925+0000] {processor.py:208} INFO - Processing /home/airflow/.local/lib/python3.12/site-packages/airflow/example_dags/example_external_task_marker_dag.py took 0.268 seconds
[2024-08-22T00:39:51.906+0000] {processor.py:186} INFO - Started process (PID=2406) to work on /home/airflow/.local/lib/python3.12/site-packages/airflow/example_dags/example_external_task_marker_dag.py
[2024-08-22T00:39:51.909+0000] {processor.py:914} INFO - Processing file /home/airflow/.local/lib/python3.12/site-packages/airflow/example_dags/example_external_task_marker_dag.py for tasks to queue
[2024-08-22T00:39:51.933+0000] {logging_mixin.py:190} INFO - [2024-08-22T00:39:51.933+0000] {dagbag.py:587} INFO - Filling up the DagBag from /home/airflow/.local/lib/python3.12/site-packages/airflow/example_dags/example_external_task_marker_dag.py
[2024-08-22T00:39:51.959+0000] {processor.py:925} INFO - DAG(s) 'example_external_task_marker_child', 'example_external_task_marker_parent' retrieved from /home/airflow/.local/lib/python3.12/site-packages/airflow/example_dags/example_external_task_marker_dag.py
[2024-08-22T00:39:52.052+0000] {logging_mixin.py:190} INFO - [2024-08-22T00:39:52.051+0000] {dag.py:3211} INFO - Sync 2 DAGs
[2024-08-22T00:39:52.087+0000] {logging_mixin.py:190} INFO - [2024-08-22T00:39:52.087+0000] {dag.py:4138} INFO - Setting next_dagrun for example_external_task_marker_child to None, run_after=None
[2024-08-22T00:39:52.100+0000] {logging_mixin.py:190} INFO - [2024-08-22T00:39:52.099+0000] {dag.py:4138} INFO - Setting next_dagrun for example_external_task_marker_parent to None, run_after=None
[2024-08-22T00:39:52.145+0000] {processor.py:208} INFO - Processing /home/airflow/.local/lib/python3.12/site-packages/airflow/example_dags/example_external_task_marker_dag.py took 0.262 seconds
[2024-08-22T00:40:23.413+0000] {processor.py:186} INFO - Started process (PID=2462) to work on /home/airflow/.local/lib/python3.12/site-packages/airflow/example_dags/example_external_task_marker_dag.py
[2024-08-22T00:40:23.415+0000] {processor.py:914} INFO - Processing file /home/airflow/.local/lib/python3.12/site-packages/airflow/example_dags/example_external_task_marker_dag.py for tasks to queue
[2024-08-22T00:40:23.419+0000] {logging_mixin.py:190} INFO - [2024-08-22T00:40:23.419+0000] {dagbag.py:587} INFO - Filling up the DagBag from /home/airflow/.local/lib/python3.12/site-packages/airflow/example_dags/example_external_task_marker_dag.py
[2024-08-22T00:40:23.435+0000] {processor.py:925} INFO - DAG(s) 'example_external_task_marker_child', 'example_external_task_marker_parent' retrieved from /home/airflow/.local/lib/python3.12/site-packages/airflow/example_dags/example_external_task_marker_dag.py
[2024-08-22T00:40:23.478+0000] {logging_mixin.py:190} INFO - [2024-08-22T00:40:23.477+0000] {dag.py:3211} INFO - Sync 2 DAGs
[2024-08-22T00:40:23.502+0000] {logging_mixin.py:190} INFO - [2024-08-22T00:40:23.501+0000] {dag.py:4138} INFO - Setting next_dagrun for example_external_task_marker_child to None, run_after=None
[2024-08-22T00:40:23.509+0000] {logging_mixin.py:190} INFO - [2024-08-22T00:40:23.508+0000] {dag.py:4138} INFO - Setting next_dagrun for example_external_task_marker_parent to None, run_after=None
[2024-08-22T00:40:23.539+0000] {processor.py:208} INFO - Processing /home/airflow/.local/lib/python3.12/site-packages/airflow/example_dags/example_external_task_marker_dag.py took 0.140 seconds
[2024-08-22T00:40:54.264+0000] {processor.py:186} INFO - Started process (PID=2524) to work on /home/airflow/.local/lib/python3.12/site-packages/airflow/example_dags/example_external_task_marker_dag.py
[2024-08-22T00:40:54.265+0000] {processor.py:914} INFO - Processing file /home/airflow/.local/lib/python3.12/site-packages/airflow/example_dags/example_external_task_marker_dag.py for tasks to queue
[2024-08-22T00:40:54.269+0000] {logging_mixin.py:190} INFO - [2024-08-22T00:40:54.269+0000] {dagbag.py:587} INFO - Filling up the DagBag from /home/airflow/.local/lib/python3.12/site-packages/airflow/example_dags/example_external_task_marker_dag.py
[2024-08-22T00:40:54.282+0000] {processor.py:925} INFO - DAG(s) 'example_external_task_marker_child', 'example_external_task_marker_parent' retrieved from /home/airflow/.local/lib/python3.12/site-packages/airflow/example_dags/example_external_task_marker_dag.py
[2024-08-22T00:40:54.320+0000] {logging_mixin.py:190} INFO - [2024-08-22T00:40:54.320+0000] {dag.py:3211} INFO - Sync 2 DAGs
[2024-08-22T00:40:54.345+0000] {logging_mixin.py:190} INFO - [2024-08-22T00:40:54.345+0000] {dag.py:4138} INFO - Setting next_dagrun for example_external_task_marker_child to None, run_after=None
[2024-08-22T00:40:54.352+0000] {logging_mixin.py:190} INFO - [2024-08-22T00:40:54.351+0000] {dag.py:4138} INFO - Setting next_dagrun for example_external_task_marker_parent to None, run_after=None
[2024-08-22T00:40:54.378+0000] {processor.py:208} INFO - Processing /home/airflow/.local/lib/python3.12/site-packages/airflow/example_dags/example_external_task_marker_dag.py took 0.126 seconds
[2024-08-22T00:41:24.834+0000] {processor.py:186} INFO - Started process (PID=2586) to work on /home/airflow/.local/lib/python3.12/site-packages/airflow/example_dags/example_external_task_marker_dag.py
[2024-08-22T00:41:24.836+0000] {processor.py:914} INFO - Processing file /home/airflow/.local/lib/python3.12/site-packages/airflow/example_dags/example_external_task_marker_dag.py for tasks to queue
[2024-08-22T00:41:24.850+0000] {logging_mixin.py:190} INFO - [2024-08-22T00:41:24.849+0000] {dagbag.py:587} INFO - Filling up the DagBag from /home/airflow/.local/lib/python3.12/site-packages/airflow/example_dags/example_external_task_marker_dag.py
[2024-08-22T00:41:24.874+0000] {processor.py:925} INFO - DAG(s) 'example_external_task_marker_parent', 'example_external_task_marker_child' retrieved from /home/airflow/.local/lib/python3.12/site-packages/airflow/example_dags/example_external_task_marker_dag.py
[2024-08-22T00:41:24.922+0000] {logging_mixin.py:190} INFO - [2024-08-22T00:41:24.921+0000] {dag.py:3211} INFO - Sync 2 DAGs
[2024-08-22T00:41:24.952+0000] {logging_mixin.py:190} INFO - [2024-08-22T00:41:24.951+0000] {dag.py:4138} INFO - Setting next_dagrun for example_external_task_marker_child to None, run_after=None
[2024-08-22T00:41:24.957+0000] {logging_mixin.py:190} INFO - [2024-08-22T00:41:24.957+0000] {dag.py:4138} INFO - Setting next_dagrun for example_external_task_marker_parent to None, run_after=None
[2024-08-22T00:41:24.991+0000] {processor.py:208} INFO - Processing /home/airflow/.local/lib/python3.12/site-packages/airflow/example_dags/example_external_task_marker_dag.py took 0.189 seconds
[2024-08-22T00:41:56.232+0000] {processor.py:186} INFO - Started process (PID=2649) to work on /home/airflow/.local/lib/python3.12/site-packages/airflow/example_dags/example_external_task_marker_dag.py
[2024-08-22T00:41:56.234+0000] {processor.py:914} INFO - Processing file /home/airflow/.local/lib/python3.12/site-packages/airflow/example_dags/example_external_task_marker_dag.py for tasks to queue
[2024-08-22T00:41:56.238+0000] {logging_mixin.py:190} INFO - [2024-08-22T00:41:56.237+0000] {dagbag.py:587} INFO - Filling up the DagBag from /home/airflow/.local/lib/python3.12/site-packages/airflow/example_dags/example_external_task_marker_dag.py
[2024-08-22T00:41:56.251+0000] {processor.py:925} INFO - DAG(s) 'example_external_task_marker_child', 'example_external_task_marker_parent' retrieved from /home/airflow/.local/lib/python3.12/site-packages/airflow/example_dags/example_external_task_marker_dag.py
[2024-08-22T00:41:56.289+0000] {logging_mixin.py:190} INFO - [2024-08-22T00:41:56.288+0000] {dag.py:3211} INFO - Sync 2 DAGs
[2024-08-22T00:41:56.324+0000] {logging_mixin.py:190} INFO - [2024-08-22T00:41:56.323+0000] {dag.py:4138} INFO - Setting next_dagrun for example_external_task_marker_child to None, run_after=None
[2024-08-22T00:41:56.332+0000] {logging_mixin.py:190} INFO - [2024-08-22T00:41:56.332+0000] {dag.py:4138} INFO - Setting next_dagrun for example_external_task_marker_parent to None, run_after=None
[2024-08-22T00:41:56.363+0000] {processor.py:208} INFO - Processing /home/airflow/.local/lib/python3.12/site-packages/airflow/example_dags/example_external_task_marker_dag.py took 0.144 seconds
[2024-08-22T00:42:27.771+0000] {processor.py:186} INFO - Started process (PID=2718) to work on /home/airflow/.local/lib/python3.12/site-packages/airflow/example_dags/example_external_task_marker_dag.py
[2024-08-22T00:42:27.772+0000] {processor.py:914} INFO - Processing file /home/airflow/.local/lib/python3.12/site-packages/airflow/example_dags/example_external_task_marker_dag.py for tasks to queue
[2024-08-22T00:42:27.776+0000] {logging_mixin.py:190} INFO - [2024-08-22T00:42:27.775+0000] {dagbag.py:587} INFO - Filling up the DagBag from /home/airflow/.local/lib/python3.12/site-packages/airflow/example_dags/example_external_task_marker_dag.py
[2024-08-22T00:42:27.795+0000] {processor.py:925} INFO - DAG(s) 'example_external_task_marker_child', 'example_external_task_marker_parent' retrieved from /home/airflow/.local/lib/python3.12/site-packages/airflow/example_dags/example_external_task_marker_dag.py
[2024-08-22T00:42:27.837+0000] {logging_mixin.py:190} INFO - [2024-08-22T00:42:27.836+0000] {dag.py:3211} INFO - Sync 2 DAGs
[2024-08-22T00:42:27.864+0000] {logging_mixin.py:190} INFO - [2024-08-22T00:42:27.863+0000] {dag.py:4138} INFO - Setting next_dagrun for example_external_task_marker_child to None, run_after=None
[2024-08-22T00:42:27.869+0000] {logging_mixin.py:190} INFO - [2024-08-22T00:42:27.869+0000] {dag.py:4138} INFO - Setting next_dagrun for example_external_task_marker_parent to None, run_after=None
[2024-08-22T00:42:27.903+0000] {processor.py:208} INFO - Processing /home/airflow/.local/lib/python3.12/site-packages/airflow/example_dags/example_external_task_marker_dag.py took 0.142 seconds
[2024-08-22T03:42:54.622+0000] {processor.py:186} INFO - Started process (PID=2762) to work on /home/airflow/.local/lib/python3.12/site-packages/airflow/example_dags/example_external_task_marker_dag.py
[2024-08-22T03:42:54.623+0000] {processor.py:914} INFO - Processing file /home/airflow/.local/lib/python3.12/site-packages/airflow/example_dags/example_external_task_marker_dag.py for tasks to queue
[2024-08-22T03:42:54.626+0000] {logging_mixin.py:190} INFO - [2024-08-22T03:42:54.626+0000] {dagbag.py:587} INFO - Filling up the DagBag from /home/airflow/.local/lib/python3.12/site-packages/airflow/example_dags/example_external_task_marker_dag.py
[2024-08-22T03:42:54.652+0000] {processor.py:925} INFO - DAG(s) 'example_external_task_marker_child', 'example_external_task_marker_parent' retrieved from /home/airflow/.local/lib/python3.12/site-packages/airflow/example_dags/example_external_task_marker_dag.py
[2024-08-22T03:42:54.718+0000] {logging_mixin.py:190} INFO - [2024-08-22T03:42:54.717+0000] {dag.py:3211} INFO - Sync 2 DAGs
[2024-08-22T03:42:54.753+0000] {logging_mixin.py:190} INFO - [2024-08-22T03:42:54.750+0000] {dag.py:4138} INFO - Setting next_dagrun for example_external_task_marker_child to None, run_after=None
[2024-08-22T03:42:54.764+0000] {logging_mixin.py:190} INFO - [2024-08-22T03:42:54.764+0000] {dag.py:4138} INFO - Setting next_dagrun for example_external_task_marker_parent to None, run_after=None
[2024-08-22T03:42:54.805+0000] {processor.py:208} INFO - Processing /home/airflow/.local/lib/python3.12/site-packages/airflow/example_dags/example_external_task_marker_dag.py took 0.220 seconds
