[2024-08-22T00:19:52.749+0000] {processor.py:186} INFO - Started process (PID=78) to work on /home/airflow/.local/lib/python3.12/site-packages/airflow/example_dags/example_nested_branch_dag.py
[2024-08-22T00:19:52.751+0000] {processor.py:914} INFO - Processing file /home/airflow/.local/lib/python3.12/site-packages/airflow/example_dags/example_nested_branch_dag.py for tasks to queue
[2024-08-22T00:19:52.755+0000] {logging_mixin.py:190} INFO - [2024-08-22T00:19:52.755+0000] {dagbag.py:587} INFO - Filling up the DagBag from /home/airflow/.local/lib/python3.12/site-packages/airflow/example_dags/example_nested_branch_dag.py
[2024-08-22T00:19:52.811+0000] {processor.py:925} INFO - DAG(s) 'example_nested_branch_dag' retrieved from /home/airflow/.local/lib/python3.12/site-packages/airflow/example_dags/example_nested_branch_dag.py
[2024-08-22T00:19:53.845+0000] {logging_mixin.py:190} INFO - [2024-08-22T00:19:53.845+0000] {override.py:1858} INFO - Created Permission View: can read on DAG:example_nested_branch_dag
[2024-08-22T00:19:54.430+0000] {logging_mixin.py:190} INFO - [2024-08-22T00:19:54.429+0000] {override.py:1858} INFO - Created Permission View: can delete on DAG:example_nested_branch_dag
[2024-08-22T00:19:54.675+0000] {logging_mixin.py:190} INFO - [2024-08-22T00:19:54.672+0000] {override.py:1858} INFO - Created Permission View: can edit on DAG:example_nested_branch_dag
[2024-08-22T00:19:54.681+0000] {logging_mixin.py:190} INFO - [2024-08-22T00:19:54.681+0000] {dag.py:3211} INFO - Sync 1 DAGs
[2024-08-22T00:19:54.874+0000] {logging_mixin.py:190} INFO - [2024-08-22T00:19:54.874+0000] {dag.py:3234} INFO - Creating ORM DAG for example_nested_branch_dag
[2024-08-22T00:19:54.991+0000] {logging_mixin.py:190} INFO - [2024-08-22T00:19:54.991+0000] {dag.py:4138} INFO - Setting next_dagrun for example_nested_branch_dag to 2024-08-21 00:00:00+00:00, run_after=2024-08-22 00:00:00+00:00
[2024-08-22T00:19:55.161+0000] {processor.py:208} INFO - Processing /home/airflow/.local/lib/python3.12/site-packages/airflow/example_dags/example_nested_branch_dag.py took 2.422 seconds
[2024-08-22T00:20:44.116+0000] {processor.py:186} INFO - Started process (PID=142) to work on /home/airflow/.local/lib/python3.12/site-packages/airflow/example_dags/example_nested_branch_dag.py
[2024-08-22T00:20:44.118+0000] {processor.py:914} INFO - Processing file /home/airflow/.local/lib/python3.12/site-packages/airflow/example_dags/example_nested_branch_dag.py for tasks to queue
[2024-08-22T00:20:44.122+0000] {logging_mixin.py:190} INFO - [2024-08-22T00:20:44.121+0000] {dagbag.py:587} INFO - Filling up the DagBag from /home/airflow/.local/lib/python3.12/site-packages/airflow/example_dags/example_nested_branch_dag.py
[2024-08-22T00:20:44.149+0000] {processor.py:925} INFO - DAG(s) 'example_nested_branch_dag' retrieved from /home/airflow/.local/lib/python3.12/site-packages/airflow/example_dags/example_nested_branch_dag.py
[2024-08-22T00:20:44.204+0000] {logging_mixin.py:190} INFO - [2024-08-22T00:20:44.203+0000] {dag.py:3211} INFO - Sync 1 DAGs
[2024-08-22T00:20:44.261+0000] {logging_mixin.py:190} INFO - [2024-08-22T00:20:44.259+0000] {dag.py:4138} INFO - Setting next_dagrun for example_nested_branch_dag to 2024-08-21 00:00:00+00:00, run_after=2024-08-22 00:00:00+00:00
[2024-08-22T00:20:44.308+0000] {processor.py:208} INFO - Processing /home/airflow/.local/lib/python3.12/site-packages/airflow/example_dags/example_nested_branch_dag.py took 0.205 seconds
[2024-08-22T00:21:18.553+0000] {processor.py:186} INFO - Started process (PID=197) to work on /home/airflow/.local/lib/python3.12/site-packages/airflow/example_dags/example_nested_branch_dag.py
[2024-08-22T00:21:18.555+0000] {processor.py:914} INFO - Processing file /home/airflow/.local/lib/python3.12/site-packages/airflow/example_dags/example_nested_branch_dag.py for tasks to queue
[2024-08-22T00:21:18.572+0000] {logging_mixin.py:190} INFO - [2024-08-22T00:21:18.571+0000] {dagbag.py:587} INFO - Filling up the DagBag from /home/airflow/.local/lib/python3.12/site-packages/airflow/example_dags/example_nested_branch_dag.py
[2024-08-22T00:21:18.631+0000] {processor.py:925} INFO - DAG(s) 'example_nested_branch_dag' retrieved from /home/airflow/.local/lib/python3.12/site-packages/airflow/example_dags/example_nested_branch_dag.py
[2024-08-22T00:21:18.795+0000] {logging_mixin.py:190} INFO - [2024-08-22T00:21:18.794+0000] {dag.py:3211} INFO - Sync 1 DAGs
[2024-08-22T00:21:18.973+0000] {logging_mixin.py:190} INFO - [2024-08-22T00:21:18.961+0000] {dag.py:4138} INFO - Setting next_dagrun for example_nested_branch_dag to 2024-08-21 00:00:00+00:00, run_after=2024-08-22 00:00:00+00:00
[2024-08-22T00:21:19.083+0000] {processor.py:208} INFO - Processing /home/airflow/.local/lib/python3.12/site-packages/airflow/example_dags/example_nested_branch_dag.py took 0.555 seconds
[2024-08-22T00:21:53.095+0000] {processor.py:186} INFO - Started process (PID=222) to work on /home/airflow/.local/lib/python3.12/site-packages/airflow/example_dags/example_nested_branch_dag.py
[2024-08-22T00:21:53.097+0000] {processor.py:914} INFO - Processing file /home/airflow/.local/lib/python3.12/site-packages/airflow/example_dags/example_nested_branch_dag.py for tasks to queue
[2024-08-22T00:21:53.104+0000] {logging_mixin.py:190} INFO - [2024-08-22T00:21:53.103+0000] {dagbag.py:587} INFO - Filling up the DagBag from /home/airflow/.local/lib/python3.12/site-packages/airflow/example_dags/example_nested_branch_dag.py
[2024-08-22T00:21:53.131+0000] {processor.py:925} INFO - DAG(s) 'example_nested_branch_dag' retrieved from /home/airflow/.local/lib/python3.12/site-packages/airflow/example_dags/example_nested_branch_dag.py
[2024-08-22T00:21:53.186+0000] {logging_mixin.py:190} INFO - [2024-08-22T00:21:53.186+0000] {dag.py:3211} INFO - Sync 1 DAGs
[2024-08-22T00:21:53.256+0000] {logging_mixin.py:190} INFO - [2024-08-22T00:21:53.256+0000] {dag.py:4138} INFO - Setting next_dagrun for example_nested_branch_dag to 2024-08-21 00:00:00+00:00, run_after=2024-08-22 00:00:00+00:00
[2024-08-22T00:21:53.326+0000] {processor.py:208} INFO - Processing /home/airflow/.local/lib/python3.12/site-packages/airflow/example_dags/example_nested_branch_dag.py took 0.248 seconds
[2024-08-22T00:22:24.238+0000] {processor.py:186} INFO - Started process (PID=284) to work on /home/airflow/.local/lib/python3.12/site-packages/airflow/example_dags/example_nested_branch_dag.py
[2024-08-22T00:22:24.240+0000] {processor.py:914} INFO - Processing file /home/airflow/.local/lib/python3.12/site-packages/airflow/example_dags/example_nested_branch_dag.py for tasks to queue
[2024-08-22T00:22:24.244+0000] {logging_mixin.py:190} INFO - [2024-08-22T00:22:24.244+0000] {dagbag.py:587} INFO - Filling up the DagBag from /home/airflow/.local/lib/python3.12/site-packages/airflow/example_dags/example_nested_branch_dag.py
[2024-08-22T00:22:24.266+0000] {processor.py:925} INFO - DAG(s) 'example_nested_branch_dag' retrieved from /home/airflow/.local/lib/python3.12/site-packages/airflow/example_dags/example_nested_branch_dag.py
[2024-08-22T00:22:24.315+0000] {logging_mixin.py:190} INFO - [2024-08-22T00:22:24.314+0000] {dag.py:3211} INFO - Sync 1 DAGs
[2024-08-22T00:22:24.372+0000] {logging_mixin.py:190} INFO - [2024-08-22T00:22:24.371+0000] {dag.py:4138} INFO - Setting next_dagrun for example_nested_branch_dag to 2024-08-21 00:00:00+00:00, run_after=2024-08-22 00:00:00+00:00
[2024-08-22T00:22:24.409+0000] {processor.py:208} INFO - Processing /home/airflow/.local/lib/python3.12/site-packages/airflow/example_dags/example_nested_branch_dag.py took 0.183 seconds
[2024-08-22T00:22:54.797+0000] {processor.py:186} INFO - Started process (PID=347) to work on /home/airflow/.local/lib/python3.12/site-packages/airflow/example_dags/example_nested_branch_dag.py
[2024-08-22T00:22:54.799+0000] {processor.py:914} INFO - Processing file /home/airflow/.local/lib/python3.12/site-packages/airflow/example_dags/example_nested_branch_dag.py for tasks to queue
[2024-08-22T00:22:54.805+0000] {logging_mixin.py:190} INFO - [2024-08-22T00:22:54.804+0000] {dagbag.py:587} INFO - Filling up the DagBag from /home/airflow/.local/lib/python3.12/site-packages/airflow/example_dags/example_nested_branch_dag.py
[2024-08-22T00:22:54.830+0000] {processor.py:925} INFO - DAG(s) 'example_nested_branch_dag' retrieved from /home/airflow/.local/lib/python3.12/site-packages/airflow/example_dags/example_nested_branch_dag.py
[2024-08-22T00:22:54.875+0000] {logging_mixin.py:190} INFO - [2024-08-22T00:22:54.874+0000] {dag.py:3211} INFO - Sync 1 DAGs
[2024-08-22T00:22:54.940+0000] {logging_mixin.py:190} INFO - [2024-08-22T00:22:54.940+0000] {dag.py:4138} INFO - Setting next_dagrun for example_nested_branch_dag to 2024-08-21 00:00:00+00:00, run_after=2024-08-22 00:00:00+00:00
[2024-08-22T00:22:55.030+0000] {processor.py:208} INFO - Processing /home/airflow/.local/lib/python3.12/site-packages/airflow/example_dags/example_nested_branch_dag.py took 0.244 seconds
[2024-08-22T00:23:26.506+0000] {processor.py:186} INFO - Started process (PID=407) to work on /home/airflow/.local/lib/python3.12/site-packages/airflow/example_dags/example_nested_branch_dag.py
[2024-08-22T00:23:26.509+0000] {processor.py:914} INFO - Processing file /home/airflow/.local/lib/python3.12/site-packages/airflow/example_dags/example_nested_branch_dag.py for tasks to queue
[2024-08-22T00:23:26.513+0000] {logging_mixin.py:190} INFO - [2024-08-22T00:23:26.512+0000] {dagbag.py:587} INFO - Filling up the DagBag from /home/airflow/.local/lib/python3.12/site-packages/airflow/example_dags/example_nested_branch_dag.py
[2024-08-22T00:23:26.542+0000] {processor.py:925} INFO - DAG(s) 'example_nested_branch_dag' retrieved from /home/airflow/.local/lib/python3.12/site-packages/airflow/example_dags/example_nested_branch_dag.py
[2024-08-22T00:23:26.583+0000] {logging_mixin.py:190} INFO - [2024-08-22T00:23:26.582+0000] {dag.py:3211} INFO - Sync 1 DAGs
[2024-08-22T00:23:26.617+0000] {logging_mixin.py:190} INFO - [2024-08-22T00:23:26.617+0000] {dag.py:4138} INFO - Setting next_dagrun for example_nested_branch_dag to 2024-08-21 00:00:00+00:00, run_after=2024-08-22 00:00:00+00:00
[2024-08-22T00:23:26.841+0000] {processor.py:208} INFO - Processing /home/airflow/.local/lib/python3.12/site-packages/airflow/example_dags/example_nested_branch_dag.py took 0.347 seconds
[2024-08-22T00:23:58.025+0000] {processor.py:186} INFO - Started process (PID=469) to work on /home/airflow/.local/lib/python3.12/site-packages/airflow/example_dags/example_nested_branch_dag.py
[2024-08-22T00:23:58.027+0000] {processor.py:914} INFO - Processing file /home/airflow/.local/lib/python3.12/site-packages/airflow/example_dags/example_nested_branch_dag.py for tasks to queue
[2024-08-22T00:23:58.031+0000] {logging_mixin.py:190} INFO - [2024-08-22T00:23:58.030+0000] {dagbag.py:587} INFO - Filling up the DagBag from /home/airflow/.local/lib/python3.12/site-packages/airflow/example_dags/example_nested_branch_dag.py
[2024-08-22T00:23:58.048+0000] {processor.py:925} INFO - DAG(s) 'example_nested_branch_dag' retrieved from /home/airflow/.local/lib/python3.12/site-packages/airflow/example_dags/example_nested_branch_dag.py
[2024-08-22T00:23:58.091+0000] {logging_mixin.py:190} INFO - [2024-08-22T00:23:58.091+0000] {dag.py:3211} INFO - Sync 1 DAGs
[2024-08-22T00:23:58.130+0000] {logging_mixin.py:190} INFO - [2024-08-22T00:23:58.129+0000] {dag.py:4138} INFO - Setting next_dagrun for example_nested_branch_dag to 2024-08-21 00:00:00+00:00, run_after=2024-08-22 00:00:00+00:00
[2024-08-22T00:23:58.311+0000] {processor.py:208} INFO - Processing /home/airflow/.local/lib/python3.12/site-packages/airflow/example_dags/example_nested_branch_dag.py took 0.296 seconds
[2024-08-22T00:24:29.730+0000] {processor.py:186} INFO - Started process (PID=532) to work on /home/airflow/.local/lib/python3.12/site-packages/airflow/example_dags/example_nested_branch_dag.py
[2024-08-22T00:24:29.732+0000] {processor.py:914} INFO - Processing file /home/airflow/.local/lib/python3.12/site-packages/airflow/example_dags/example_nested_branch_dag.py for tasks to queue
[2024-08-22T00:24:29.738+0000] {logging_mixin.py:190} INFO - [2024-08-22T00:24:29.737+0000] {dagbag.py:587} INFO - Filling up the DagBag from /home/airflow/.local/lib/python3.12/site-packages/airflow/example_dags/example_nested_branch_dag.py
[2024-08-22T00:24:29.787+0000] {processor.py:925} INFO - DAG(s) 'example_nested_branch_dag' retrieved from /home/airflow/.local/lib/python3.12/site-packages/airflow/example_dags/example_nested_branch_dag.py
[2024-08-22T00:24:29.855+0000] {logging_mixin.py:190} INFO - [2024-08-22T00:24:29.855+0000] {dag.py:3211} INFO - Sync 1 DAGs
[2024-08-22T00:24:29.916+0000] {logging_mixin.py:190} INFO - [2024-08-22T00:24:29.915+0000] {dag.py:4138} INFO - Setting next_dagrun for example_nested_branch_dag to 2024-08-21 00:00:00+00:00, run_after=2024-08-22 00:00:00+00:00
[2024-08-22T00:24:29.952+0000] {processor.py:208} INFO - Processing /home/airflow/.local/lib/python3.12/site-packages/airflow/example_dags/example_nested_branch_dag.py took 0.241 seconds
[2024-08-22T00:25:00.434+0000] {processor.py:186} INFO - Started process (PID=595) to work on /home/airflow/.local/lib/python3.12/site-packages/airflow/example_dags/example_nested_branch_dag.py
[2024-08-22T00:25:00.436+0000] {processor.py:914} INFO - Processing file /home/airflow/.local/lib/python3.12/site-packages/airflow/example_dags/example_nested_branch_dag.py for tasks to queue
[2024-08-22T00:25:00.440+0000] {logging_mixin.py:190} INFO - [2024-08-22T00:25:00.440+0000] {dagbag.py:587} INFO - Filling up the DagBag from /home/airflow/.local/lib/python3.12/site-packages/airflow/example_dags/example_nested_branch_dag.py
[2024-08-22T00:25:00.472+0000] {processor.py:925} INFO - DAG(s) 'example_nested_branch_dag' retrieved from /home/airflow/.local/lib/python3.12/site-packages/airflow/example_dags/example_nested_branch_dag.py
[2024-08-22T00:25:00.577+0000] {logging_mixin.py:190} INFO - [2024-08-22T00:25:00.576+0000] {dag.py:3211} INFO - Sync 1 DAGs
[2024-08-22T00:25:00.688+0000] {logging_mixin.py:190} INFO - [2024-08-22T00:25:00.687+0000] {dag.py:4138} INFO - Setting next_dagrun for example_nested_branch_dag to 2024-08-21 00:00:00+00:00, run_after=2024-08-22 00:00:00+00:00
[2024-08-22T00:25:00.767+0000] {processor.py:208} INFO - Processing /home/airflow/.local/lib/python3.12/site-packages/airflow/example_dags/example_nested_branch_dag.py took 0.350 seconds
[2024-08-22T00:25:31.249+0000] {processor.py:186} INFO - Started process (PID=658) to work on /home/airflow/.local/lib/python3.12/site-packages/airflow/example_dags/example_nested_branch_dag.py
[2024-08-22T00:25:31.251+0000] {processor.py:914} INFO - Processing file /home/airflow/.local/lib/python3.12/site-packages/airflow/example_dags/example_nested_branch_dag.py for tasks to queue
[2024-08-22T00:25:31.256+0000] {logging_mixin.py:190} INFO - [2024-08-22T00:25:31.255+0000] {dagbag.py:587} INFO - Filling up the DagBag from /home/airflow/.local/lib/python3.12/site-packages/airflow/example_dags/example_nested_branch_dag.py
[2024-08-22T00:25:31.280+0000] {processor.py:925} INFO - DAG(s) 'example_nested_branch_dag' retrieved from /home/airflow/.local/lib/python3.12/site-packages/airflow/example_dags/example_nested_branch_dag.py
[2024-08-22T00:25:31.334+0000] {logging_mixin.py:190} INFO - [2024-08-22T00:25:31.334+0000] {dag.py:3211} INFO - Sync 1 DAGs
[2024-08-22T00:25:31.423+0000] {logging_mixin.py:190} INFO - [2024-08-22T00:25:31.422+0000] {dag.py:4138} INFO - Setting next_dagrun for example_nested_branch_dag to 2024-08-21 00:00:00+00:00, run_after=2024-08-22 00:00:00+00:00
[2024-08-22T00:25:31.492+0000] {processor.py:208} INFO - Processing /home/airflow/.local/lib/python3.12/site-packages/airflow/example_dags/example_nested_branch_dag.py took 0.258 seconds
[2024-08-22T00:26:02.328+0000] {processor.py:186} INFO - Started process (PID=721) to work on /home/airflow/.local/lib/python3.12/site-packages/airflow/example_dags/example_nested_branch_dag.py
[2024-08-22T00:26:02.330+0000] {processor.py:914} INFO - Processing file /home/airflow/.local/lib/python3.12/site-packages/airflow/example_dags/example_nested_branch_dag.py for tasks to queue
[2024-08-22T00:26:02.338+0000] {logging_mixin.py:190} INFO - [2024-08-22T00:26:02.337+0000] {dagbag.py:587} INFO - Filling up the DagBag from /home/airflow/.local/lib/python3.12/site-packages/airflow/example_dags/example_nested_branch_dag.py
[2024-08-22T00:26:02.372+0000] {processor.py:925} INFO - DAG(s) 'example_nested_branch_dag' retrieved from /home/airflow/.local/lib/python3.12/site-packages/airflow/example_dags/example_nested_branch_dag.py
[2024-08-22T00:26:02.448+0000] {logging_mixin.py:190} INFO - [2024-08-22T00:26:02.447+0000] {dag.py:3211} INFO - Sync 1 DAGs
[2024-08-22T00:26:02.602+0000] {logging_mixin.py:190} INFO - [2024-08-22T00:26:02.601+0000] {dag.py:4138} INFO - Setting next_dagrun for example_nested_branch_dag to 2024-08-21 00:00:00+00:00, run_after=2024-08-22 00:00:00+00:00
[2024-08-22T00:26:02.672+0000] {processor.py:208} INFO - Processing /home/airflow/.local/lib/python3.12/site-packages/airflow/example_dags/example_nested_branch_dag.py took 0.366 seconds
[2024-08-22T00:26:35.086+0000] {processor.py:186} INFO - Started process (PID=785) to work on /home/airflow/.local/lib/python3.12/site-packages/airflow/example_dags/example_nested_branch_dag.py
[2024-08-22T00:26:35.100+0000] {processor.py:914} INFO - Processing file /home/airflow/.local/lib/python3.12/site-packages/airflow/example_dags/example_nested_branch_dag.py for tasks to queue
[2024-08-22T00:26:35.143+0000] {logging_mixin.py:190} INFO - [2024-08-22T00:26:35.140+0000] {dagbag.py:587} INFO - Filling up the DagBag from /home/airflow/.local/lib/python3.12/site-packages/airflow/example_dags/example_nested_branch_dag.py
[2024-08-22T00:26:35.208+0000] {processor.py:925} INFO - DAG(s) 'example_nested_branch_dag' retrieved from /home/airflow/.local/lib/python3.12/site-packages/airflow/example_dags/example_nested_branch_dag.py
[2024-08-22T00:26:35.290+0000] {logging_mixin.py:190} INFO - [2024-08-22T00:26:35.290+0000] {dag.py:3211} INFO - Sync 1 DAGs
[2024-08-22T00:26:35.385+0000] {logging_mixin.py:190} INFO - [2024-08-22T00:26:35.383+0000] {dag.py:4138} INFO - Setting next_dagrun for example_nested_branch_dag to 2024-08-21 00:00:00+00:00, run_after=2024-08-22 00:00:00+00:00
[2024-08-22T00:26:35.456+0000] {processor.py:208} INFO - Processing /home/airflow/.local/lib/python3.12/site-packages/airflow/example_dags/example_nested_branch_dag.py took 0.410 seconds
[2024-08-22T00:27:07.050+0000] {processor.py:186} INFO - Started process (PID=847) to work on /home/airflow/.local/lib/python3.12/site-packages/airflow/example_dags/example_nested_branch_dag.py
[2024-08-22T00:27:07.053+0000] {processor.py:914} INFO - Processing file /home/airflow/.local/lib/python3.12/site-packages/airflow/example_dags/example_nested_branch_dag.py for tasks to queue
[2024-08-22T00:27:07.057+0000] {logging_mixin.py:190} INFO - [2024-08-22T00:27:07.056+0000] {dagbag.py:587} INFO - Filling up the DagBag from /home/airflow/.local/lib/python3.12/site-packages/airflow/example_dags/example_nested_branch_dag.py
[2024-08-22T00:27:07.079+0000] {processor.py:925} INFO - DAG(s) 'example_nested_branch_dag' retrieved from /home/airflow/.local/lib/python3.12/site-packages/airflow/example_dags/example_nested_branch_dag.py
[2024-08-22T00:27:07.135+0000] {logging_mixin.py:190} INFO - [2024-08-22T00:27:07.134+0000] {dag.py:3211} INFO - Sync 1 DAGs
[2024-08-22T00:27:07.201+0000] {logging_mixin.py:190} INFO - [2024-08-22T00:27:07.200+0000] {dag.py:4138} INFO - Setting next_dagrun for example_nested_branch_dag to 2024-08-21 00:00:00+00:00, run_after=2024-08-22 00:00:00+00:00
[2024-08-22T00:27:07.329+0000] {processor.py:208} INFO - Processing /home/airflow/.local/lib/python3.12/site-packages/airflow/example_dags/example_nested_branch_dag.py took 0.291 seconds
[2024-08-22T00:27:42.706+0000] {processor.py:186} INFO - Started process (PID=911) to work on /home/airflow/.local/lib/python3.12/site-packages/airflow/example_dags/example_nested_branch_dag.py
[2024-08-22T00:27:42.707+0000] {processor.py:914} INFO - Processing file /home/airflow/.local/lib/python3.12/site-packages/airflow/example_dags/example_nested_branch_dag.py for tasks to queue
[2024-08-22T00:27:42.714+0000] {logging_mixin.py:190} INFO - [2024-08-22T00:27:42.713+0000] {dagbag.py:587} INFO - Filling up the DagBag from /home/airflow/.local/lib/python3.12/site-packages/airflow/example_dags/example_nested_branch_dag.py
[2024-08-22T00:27:42.731+0000] {processor.py:925} INFO - DAG(s) 'example_nested_branch_dag' retrieved from /home/airflow/.local/lib/python3.12/site-packages/airflow/example_dags/example_nested_branch_dag.py
[2024-08-22T00:27:42.763+0000] {logging_mixin.py:190} INFO - [2024-08-22T00:27:42.763+0000] {dag.py:3211} INFO - Sync 1 DAGs
[2024-08-22T00:27:42.799+0000] {logging_mixin.py:190} INFO - [2024-08-22T00:27:42.799+0000] {dag.py:4138} INFO - Setting next_dagrun for example_nested_branch_dag to 2024-08-21 00:00:00+00:00, run_after=2024-08-22 00:00:00+00:00
[2024-08-22T00:27:42.843+0000] {processor.py:208} INFO - Processing /home/airflow/.local/lib/python3.12/site-packages/airflow/example_dags/example_nested_branch_dag.py took 0.145 seconds
[2024-08-22T00:28:13.839+0000] {processor.py:186} INFO - Started process (PID=974) to work on /home/airflow/.local/lib/python3.12/site-packages/airflow/example_dags/example_nested_branch_dag.py
[2024-08-22T00:28:13.841+0000] {processor.py:914} INFO - Processing file /home/airflow/.local/lib/python3.12/site-packages/airflow/example_dags/example_nested_branch_dag.py for tasks to queue
[2024-08-22T00:28:13.846+0000] {logging_mixin.py:190} INFO - [2024-08-22T00:28:13.846+0000] {dagbag.py:587} INFO - Filling up the DagBag from /home/airflow/.local/lib/python3.12/site-packages/airflow/example_dags/example_nested_branch_dag.py
[2024-08-22T00:28:13.890+0000] {processor.py:925} INFO - DAG(s) 'example_nested_branch_dag' retrieved from /home/airflow/.local/lib/python3.12/site-packages/airflow/example_dags/example_nested_branch_dag.py
[2024-08-22T00:28:13.954+0000] {logging_mixin.py:190} INFO - [2024-08-22T00:28:13.953+0000] {dag.py:3211} INFO - Sync 1 DAGs
[2024-08-22T00:28:14.023+0000] {logging_mixin.py:190} INFO - [2024-08-22T00:28:14.023+0000] {dag.py:4138} INFO - Setting next_dagrun for example_nested_branch_dag to 2024-08-21 00:00:00+00:00, run_after=2024-08-22 00:00:00+00:00
[2024-08-22T00:28:14.082+0000] {processor.py:208} INFO - Processing /home/airflow/.local/lib/python3.12/site-packages/airflow/example_dags/example_nested_branch_dag.py took 0.257 seconds
[2024-08-22T00:28:44.581+0000] {processor.py:186} INFO - Started process (PID=1036) to work on /home/airflow/.local/lib/python3.12/site-packages/airflow/example_dags/example_nested_branch_dag.py
[2024-08-22T00:28:44.583+0000] {processor.py:914} INFO - Processing file /home/airflow/.local/lib/python3.12/site-packages/airflow/example_dags/example_nested_branch_dag.py for tasks to queue
[2024-08-22T00:28:44.590+0000] {logging_mixin.py:190} INFO - [2024-08-22T00:28:44.588+0000] {dagbag.py:587} INFO - Filling up the DagBag from /home/airflow/.local/lib/python3.12/site-packages/airflow/example_dags/example_nested_branch_dag.py
[2024-08-22T00:28:44.625+0000] {processor.py:925} INFO - DAG(s) 'example_nested_branch_dag' retrieved from /home/airflow/.local/lib/python3.12/site-packages/airflow/example_dags/example_nested_branch_dag.py
[2024-08-22T00:28:44.703+0000] {logging_mixin.py:190} INFO - [2024-08-22T00:28:44.701+0000] {dag.py:3211} INFO - Sync 1 DAGs
[2024-08-22T00:28:44.783+0000] {logging_mixin.py:190} INFO - [2024-08-22T00:28:44.782+0000] {dag.py:4138} INFO - Setting next_dagrun for example_nested_branch_dag to 2024-08-21 00:00:00+00:00, run_after=2024-08-22 00:00:00+00:00
[2024-08-22T00:28:44.833+0000] {processor.py:208} INFO - Processing /home/airflow/.local/lib/python3.12/site-packages/airflow/example_dags/example_nested_branch_dag.py took 0.264 seconds
[2024-08-22T00:29:15.158+0000] {processor.py:186} INFO - Started process (PID=1098) to work on /home/airflow/.local/lib/python3.12/site-packages/airflow/example_dags/example_nested_branch_dag.py
[2024-08-22T00:29:15.161+0000] {processor.py:914} INFO - Processing file /home/airflow/.local/lib/python3.12/site-packages/airflow/example_dags/example_nested_branch_dag.py for tasks to queue
[2024-08-22T00:29:15.166+0000] {logging_mixin.py:190} INFO - [2024-08-22T00:29:15.165+0000] {dagbag.py:587} INFO - Filling up the DagBag from /home/airflow/.local/lib/python3.12/site-packages/airflow/example_dags/example_nested_branch_dag.py
[2024-08-22T00:29:15.194+0000] {processor.py:925} INFO - DAG(s) 'example_nested_branch_dag' retrieved from /home/airflow/.local/lib/python3.12/site-packages/airflow/example_dags/example_nested_branch_dag.py
[2024-08-22T00:29:15.240+0000] {logging_mixin.py:190} INFO - [2024-08-22T00:29:15.240+0000] {dag.py:3211} INFO - Sync 1 DAGs
[2024-08-22T00:29:15.297+0000] {logging_mixin.py:190} INFO - [2024-08-22T00:29:15.296+0000] {dag.py:4138} INFO - Setting next_dagrun for example_nested_branch_dag to 2024-08-21 00:00:00+00:00, run_after=2024-08-22 00:00:00+00:00
[2024-08-22T00:29:15.336+0000] {processor.py:208} INFO - Processing /home/airflow/.local/lib/python3.12/site-packages/airflow/example_dags/example_nested_branch_dag.py took 0.191 seconds
[2024-08-22T00:29:45.820+0000] {processor.py:186} INFO - Started process (PID=1161) to work on /home/airflow/.local/lib/python3.12/site-packages/airflow/example_dags/example_nested_branch_dag.py
[2024-08-22T00:29:45.822+0000] {processor.py:914} INFO - Processing file /home/airflow/.local/lib/python3.12/site-packages/airflow/example_dags/example_nested_branch_dag.py for tasks to queue
[2024-08-22T00:29:45.826+0000] {logging_mixin.py:190} INFO - [2024-08-22T00:29:45.826+0000] {dagbag.py:587} INFO - Filling up the DagBag from /home/airflow/.local/lib/python3.12/site-packages/airflow/example_dags/example_nested_branch_dag.py
[2024-08-22T00:29:45.858+0000] {processor.py:925} INFO - DAG(s) 'example_nested_branch_dag' retrieved from /home/airflow/.local/lib/python3.12/site-packages/airflow/example_dags/example_nested_branch_dag.py
[2024-08-22T00:29:45.915+0000] {logging_mixin.py:190} INFO - [2024-08-22T00:29:45.914+0000] {dag.py:3211} INFO - Sync 1 DAGs
[2024-08-22T00:29:45.994+0000] {logging_mixin.py:190} INFO - [2024-08-22T00:29:45.994+0000] {dag.py:4138} INFO - Setting next_dagrun for example_nested_branch_dag to 2024-08-21 00:00:00+00:00, run_after=2024-08-22 00:00:00+00:00
[2024-08-22T00:29:46.041+0000] {processor.py:208} INFO - Processing /home/airflow/.local/lib/python3.12/site-packages/airflow/example_dags/example_nested_branch_dag.py took 0.239 seconds
[2024-08-22T00:30:16.884+0000] {processor.py:186} INFO - Started process (PID=1224) to work on /home/airflow/.local/lib/python3.12/site-packages/airflow/example_dags/example_nested_branch_dag.py
[2024-08-22T00:30:16.885+0000] {processor.py:914} INFO - Processing file /home/airflow/.local/lib/python3.12/site-packages/airflow/example_dags/example_nested_branch_dag.py for tasks to queue
[2024-08-22T00:30:16.890+0000] {logging_mixin.py:190} INFO - [2024-08-22T00:30:16.889+0000] {dagbag.py:587} INFO - Filling up the DagBag from /home/airflow/.local/lib/python3.12/site-packages/airflow/example_dags/example_nested_branch_dag.py
[2024-08-22T00:30:16.914+0000] {processor.py:925} INFO - DAG(s) 'example_nested_branch_dag' retrieved from /home/airflow/.local/lib/python3.12/site-packages/airflow/example_dags/example_nested_branch_dag.py
[2024-08-22T00:30:16.957+0000] {logging_mixin.py:190} INFO - [2024-08-22T00:30:16.957+0000] {dag.py:3211} INFO - Sync 1 DAGs
[2024-08-22T00:30:17.047+0000] {logging_mixin.py:190} INFO - [2024-08-22T00:30:17.046+0000] {dag.py:4138} INFO - Setting next_dagrun for example_nested_branch_dag to 2024-08-21 00:00:00+00:00, run_after=2024-08-22 00:00:00+00:00
[2024-08-22T00:30:17.157+0000] {processor.py:208} INFO - Processing /home/airflow/.local/lib/python3.12/site-packages/airflow/example_dags/example_nested_branch_dag.py took 0.284 seconds
[2024-08-22T00:30:48.070+0000] {processor.py:186} INFO - Started process (PID=1288) to work on /home/airflow/.local/lib/python3.12/site-packages/airflow/example_dags/example_nested_branch_dag.py
[2024-08-22T00:30:48.072+0000] {processor.py:914} INFO - Processing file /home/airflow/.local/lib/python3.12/site-packages/airflow/example_dags/example_nested_branch_dag.py for tasks to queue
[2024-08-22T00:30:48.078+0000] {logging_mixin.py:190} INFO - [2024-08-22T00:30:48.078+0000] {dagbag.py:587} INFO - Filling up the DagBag from /home/airflow/.local/lib/python3.12/site-packages/airflow/example_dags/example_nested_branch_dag.py
[2024-08-22T00:30:48.099+0000] {processor.py:925} INFO - DAG(s) 'example_nested_branch_dag' retrieved from /home/airflow/.local/lib/python3.12/site-packages/airflow/example_dags/example_nested_branch_dag.py
[2024-08-22T00:30:48.141+0000] {logging_mixin.py:190} INFO - [2024-08-22T00:30:48.141+0000] {dag.py:3211} INFO - Sync 1 DAGs
[2024-08-22T00:30:48.186+0000] {logging_mixin.py:190} INFO - [2024-08-22T00:30:48.186+0000] {dag.py:4138} INFO - Setting next_dagrun for example_nested_branch_dag to 2024-08-21 00:00:00+00:00, run_after=2024-08-22 00:00:00+00:00
[2024-08-22T00:30:48.223+0000] {processor.py:208} INFO - Processing /home/airflow/.local/lib/python3.12/site-packages/airflow/example_dags/example_nested_branch_dag.py took 0.160 seconds
[2024-08-22T00:31:18.790+0000] {processor.py:186} INFO - Started process (PID=1351) to work on /home/airflow/.local/lib/python3.12/site-packages/airflow/example_dags/example_nested_branch_dag.py
[2024-08-22T00:31:18.791+0000] {processor.py:914} INFO - Processing file /home/airflow/.local/lib/python3.12/site-packages/airflow/example_dags/example_nested_branch_dag.py for tasks to queue
[2024-08-22T00:31:18.796+0000] {logging_mixin.py:190} INFO - [2024-08-22T00:31:18.795+0000] {dagbag.py:587} INFO - Filling up the DagBag from /home/airflow/.local/lib/python3.12/site-packages/airflow/example_dags/example_nested_branch_dag.py
[2024-08-22T00:31:18.816+0000] {processor.py:925} INFO - DAG(s) 'example_nested_branch_dag' retrieved from /home/airflow/.local/lib/python3.12/site-packages/airflow/example_dags/example_nested_branch_dag.py
[2024-08-22T00:31:18.851+0000] {logging_mixin.py:190} INFO - [2024-08-22T00:31:18.851+0000] {dag.py:3211} INFO - Sync 1 DAGs
[2024-08-22T00:31:18.896+0000] {logging_mixin.py:190} INFO - [2024-08-22T00:31:18.895+0000] {dag.py:4138} INFO - Setting next_dagrun for example_nested_branch_dag to 2024-08-21 00:00:00+00:00, run_after=2024-08-22 00:00:00+00:00
[2024-08-22T00:31:18.935+0000] {processor.py:208} INFO - Processing /home/airflow/.local/lib/python3.12/site-packages/airflow/example_dags/example_nested_branch_dag.py took 0.154 seconds
[2024-08-22T00:31:49.057+0000] {processor.py:186} INFO - Started process (PID=1414) to work on /home/airflow/.local/lib/python3.12/site-packages/airflow/example_dags/example_nested_branch_dag.py
[2024-08-22T00:31:49.058+0000] {processor.py:914} INFO - Processing file /home/airflow/.local/lib/python3.12/site-packages/airflow/example_dags/example_nested_branch_dag.py for tasks to queue
[2024-08-22T00:31:49.064+0000] {logging_mixin.py:190} INFO - [2024-08-22T00:31:49.064+0000] {dagbag.py:587} INFO - Filling up the DagBag from /home/airflow/.local/lib/python3.12/site-packages/airflow/example_dags/example_nested_branch_dag.py
[2024-08-22T00:31:49.087+0000] {processor.py:925} INFO - DAG(s) 'example_nested_branch_dag' retrieved from /home/airflow/.local/lib/python3.12/site-packages/airflow/example_dags/example_nested_branch_dag.py
[2024-08-22T00:31:49.123+0000] {logging_mixin.py:190} INFO - [2024-08-22T00:31:49.123+0000] {dag.py:3211} INFO - Sync 1 DAGs
[2024-08-22T00:31:49.163+0000] {logging_mixin.py:190} INFO - [2024-08-22T00:31:49.163+0000] {dag.py:4138} INFO - Setting next_dagrun for example_nested_branch_dag to 2024-08-21 00:00:00+00:00, run_after=2024-08-22 00:00:00+00:00
[2024-08-22T00:31:49.206+0000] {processor.py:208} INFO - Processing /home/airflow/.local/lib/python3.12/site-packages/airflow/example_dags/example_nested_branch_dag.py took 0.158 seconds
[2024-08-22T00:32:19.439+0000] {processor.py:186} INFO - Started process (PID=1477) to work on /home/airflow/.local/lib/python3.12/site-packages/airflow/example_dags/example_nested_branch_dag.py
[2024-08-22T00:32:19.441+0000] {processor.py:914} INFO - Processing file /home/airflow/.local/lib/python3.12/site-packages/airflow/example_dags/example_nested_branch_dag.py for tasks to queue
[2024-08-22T00:32:19.447+0000] {logging_mixin.py:190} INFO - [2024-08-22T00:32:19.446+0000] {dagbag.py:587} INFO - Filling up the DagBag from /home/airflow/.local/lib/python3.12/site-packages/airflow/example_dags/example_nested_branch_dag.py
[2024-08-22T00:32:19.480+0000] {processor.py:925} INFO - DAG(s) 'example_nested_branch_dag' retrieved from /home/airflow/.local/lib/python3.12/site-packages/airflow/example_dags/example_nested_branch_dag.py
[2024-08-22T00:32:19.539+0000] {logging_mixin.py:190} INFO - [2024-08-22T00:32:19.539+0000] {dag.py:3211} INFO - Sync 1 DAGs
[2024-08-22T00:32:19.613+0000] {logging_mixin.py:190} INFO - [2024-08-22T00:32:19.612+0000] {dag.py:4138} INFO - Setting next_dagrun for example_nested_branch_dag to 2024-08-21 00:00:00+00:00, run_after=2024-08-22 00:00:00+00:00
[2024-08-22T00:32:19.682+0000] {processor.py:208} INFO - Processing /home/airflow/.local/lib/python3.12/site-packages/airflow/example_dags/example_nested_branch_dag.py took 0.259 seconds
[2024-08-22T00:32:50.443+0000] {processor.py:186} INFO - Started process (PID=1541) to work on /home/airflow/.local/lib/python3.12/site-packages/airflow/example_dags/example_nested_branch_dag.py
[2024-08-22T00:32:50.446+0000] {processor.py:914} INFO - Processing file /home/airflow/.local/lib/python3.12/site-packages/airflow/example_dags/example_nested_branch_dag.py for tasks to queue
[2024-08-22T00:32:50.451+0000] {logging_mixin.py:190} INFO - [2024-08-22T00:32:50.451+0000] {dagbag.py:587} INFO - Filling up the DagBag from /home/airflow/.local/lib/python3.12/site-packages/airflow/example_dags/example_nested_branch_dag.py
[2024-08-22T00:32:50.486+0000] {processor.py:925} INFO - DAG(s) 'example_nested_branch_dag' retrieved from /home/airflow/.local/lib/python3.12/site-packages/airflow/example_dags/example_nested_branch_dag.py
[2024-08-22T00:32:50.537+0000] {logging_mixin.py:190} INFO - [2024-08-22T00:32:50.537+0000] {dag.py:3211} INFO - Sync 1 DAGs
[2024-08-22T00:32:50.592+0000] {logging_mixin.py:190} INFO - [2024-08-22T00:32:50.591+0000] {dag.py:4138} INFO - Setting next_dagrun for example_nested_branch_dag to 2024-08-21 00:00:00+00:00, run_after=2024-08-22 00:00:00+00:00
[2024-08-22T00:32:50.639+0000] {processor.py:208} INFO - Processing /home/airflow/.local/lib/python3.12/site-packages/airflow/example_dags/example_nested_branch_dag.py took 0.207 seconds
[2024-08-22T00:33:21.349+0000] {processor.py:186} INFO - Started process (PID=1604) to work on /home/airflow/.local/lib/python3.12/site-packages/airflow/example_dags/example_nested_branch_dag.py
[2024-08-22T00:33:21.350+0000] {processor.py:914} INFO - Processing file /home/airflow/.local/lib/python3.12/site-packages/airflow/example_dags/example_nested_branch_dag.py for tasks to queue
[2024-08-22T00:33:21.354+0000] {logging_mixin.py:190} INFO - [2024-08-22T00:33:21.353+0000] {dagbag.py:587} INFO - Filling up the DagBag from /home/airflow/.local/lib/python3.12/site-packages/airflow/example_dags/example_nested_branch_dag.py
[2024-08-22T00:33:21.378+0000] {processor.py:925} INFO - DAG(s) 'example_nested_branch_dag' retrieved from /home/airflow/.local/lib/python3.12/site-packages/airflow/example_dags/example_nested_branch_dag.py
[2024-08-22T00:33:21.457+0000] {logging_mixin.py:190} INFO - [2024-08-22T00:33:21.456+0000] {dag.py:3211} INFO - Sync 1 DAGs
[2024-08-22T00:33:21.517+0000] {logging_mixin.py:190} INFO - [2024-08-22T00:33:21.517+0000] {dag.py:4138} INFO - Setting next_dagrun for example_nested_branch_dag to 2024-08-21 00:00:00+00:00, run_after=2024-08-22 00:00:00+00:00
[2024-08-22T00:33:21.561+0000] {processor.py:208} INFO - Processing /home/airflow/.local/lib/python3.12/site-packages/airflow/example_dags/example_nested_branch_dag.py took 0.223 seconds
[2024-08-22T00:33:51.706+0000] {processor.py:186} INFO - Started process (PID=1666) to work on /home/airflow/.local/lib/python3.12/site-packages/airflow/example_dags/example_nested_branch_dag.py
[2024-08-22T00:33:51.707+0000] {processor.py:914} INFO - Processing file /home/airflow/.local/lib/python3.12/site-packages/airflow/example_dags/example_nested_branch_dag.py for tasks to queue
[2024-08-22T00:33:51.711+0000] {logging_mixin.py:190} INFO - [2024-08-22T00:33:51.711+0000] {dagbag.py:587} INFO - Filling up the DagBag from /home/airflow/.local/lib/python3.12/site-packages/airflow/example_dags/example_nested_branch_dag.py
[2024-08-22T00:33:51.728+0000] {processor.py:925} INFO - DAG(s) 'example_nested_branch_dag' retrieved from /home/airflow/.local/lib/python3.12/site-packages/airflow/example_dags/example_nested_branch_dag.py
[2024-08-22T00:33:51.774+0000] {logging_mixin.py:190} INFO - [2024-08-22T00:33:51.773+0000] {dag.py:3211} INFO - Sync 1 DAGs
[2024-08-22T00:33:51.825+0000] {logging_mixin.py:190} INFO - [2024-08-22T00:33:51.825+0000] {dag.py:4138} INFO - Setting next_dagrun for example_nested_branch_dag to 2024-08-21 00:00:00+00:00, run_after=2024-08-22 00:00:00+00:00
[2024-08-22T00:33:51.873+0000] {processor.py:208} INFO - Processing /home/airflow/.local/lib/python3.12/site-packages/airflow/example_dags/example_nested_branch_dag.py took 0.175 seconds
[2024-08-22T00:34:22.613+0000] {processor.py:186} INFO - Started process (PID=1729) to work on /home/airflow/.local/lib/python3.12/site-packages/airflow/example_dags/example_nested_branch_dag.py
[2024-08-22T00:34:22.615+0000] {processor.py:914} INFO - Processing file /home/airflow/.local/lib/python3.12/site-packages/airflow/example_dags/example_nested_branch_dag.py for tasks to queue
[2024-08-22T00:34:22.618+0000] {logging_mixin.py:190} INFO - [2024-08-22T00:34:22.618+0000] {dagbag.py:587} INFO - Filling up the DagBag from /home/airflow/.local/lib/python3.12/site-packages/airflow/example_dags/example_nested_branch_dag.py
[2024-08-22T00:34:22.634+0000] {processor.py:925} INFO - DAG(s) 'example_nested_branch_dag' retrieved from /home/airflow/.local/lib/python3.12/site-packages/airflow/example_dags/example_nested_branch_dag.py
[2024-08-22T00:34:22.665+0000] {logging_mixin.py:190} INFO - [2024-08-22T00:34:22.665+0000] {dag.py:3211} INFO - Sync 1 DAGs
[2024-08-22T00:34:22.705+0000] {logging_mixin.py:190} INFO - [2024-08-22T00:34:22.705+0000] {dag.py:4138} INFO - Setting next_dagrun for example_nested_branch_dag to 2024-08-21 00:00:00+00:00, run_after=2024-08-22 00:00:00+00:00
[2024-08-22T00:34:22.747+0000] {processor.py:208} INFO - Processing /home/airflow/.local/lib/python3.12/site-packages/airflow/example_dags/example_nested_branch_dag.py took 0.145 seconds
[2024-08-22T00:34:53.224+0000] {processor.py:186} INFO - Started process (PID=1792) to work on /home/airflow/.local/lib/python3.12/site-packages/airflow/example_dags/example_nested_branch_dag.py
[2024-08-22T00:34:53.226+0000] {processor.py:914} INFO - Processing file /home/airflow/.local/lib/python3.12/site-packages/airflow/example_dags/example_nested_branch_dag.py for tasks to queue
[2024-08-22T00:34:53.231+0000] {logging_mixin.py:190} INFO - [2024-08-22T00:34:53.231+0000] {dagbag.py:587} INFO - Filling up the DagBag from /home/airflow/.local/lib/python3.12/site-packages/airflow/example_dags/example_nested_branch_dag.py
[2024-08-22T00:34:53.252+0000] {processor.py:925} INFO - DAG(s) 'example_nested_branch_dag' retrieved from /home/airflow/.local/lib/python3.12/site-packages/airflow/example_dags/example_nested_branch_dag.py
[2024-08-22T00:34:53.290+0000] {logging_mixin.py:190} INFO - [2024-08-22T00:34:53.290+0000] {dag.py:3211} INFO - Sync 1 DAGs
[2024-08-22T00:34:53.327+0000] {logging_mixin.py:190} INFO - [2024-08-22T00:34:53.326+0000] {dag.py:4138} INFO - Setting next_dagrun for example_nested_branch_dag to 2024-08-21 00:00:00+00:00, run_after=2024-08-22 00:00:00+00:00
[2024-08-22T00:34:53.382+0000] {processor.py:208} INFO - Processing /home/airflow/.local/lib/python3.12/site-packages/airflow/example_dags/example_nested_branch_dag.py took 0.167 seconds
[2024-08-22T00:35:23.442+0000] {processor.py:186} INFO - Started process (PID=1855) to work on /home/airflow/.local/lib/python3.12/site-packages/airflow/example_dags/example_nested_branch_dag.py
[2024-08-22T00:35:23.444+0000] {processor.py:914} INFO - Processing file /home/airflow/.local/lib/python3.12/site-packages/airflow/example_dags/example_nested_branch_dag.py for tasks to queue
[2024-08-22T00:35:23.449+0000] {logging_mixin.py:190} INFO - [2024-08-22T00:35:23.448+0000] {dagbag.py:587} INFO - Filling up the DagBag from /home/airflow/.local/lib/python3.12/site-packages/airflow/example_dags/example_nested_branch_dag.py
[2024-08-22T00:35:23.465+0000] {processor.py:925} INFO - DAG(s) 'example_nested_branch_dag' retrieved from /home/airflow/.local/lib/python3.12/site-packages/airflow/example_dags/example_nested_branch_dag.py
[2024-08-22T00:35:23.500+0000] {logging_mixin.py:190} INFO - [2024-08-22T00:35:23.500+0000] {dag.py:3211} INFO - Sync 1 DAGs
[2024-08-22T00:35:23.539+0000] {logging_mixin.py:190} INFO - [2024-08-22T00:35:23.539+0000] {dag.py:4138} INFO - Setting next_dagrun for example_nested_branch_dag to 2024-08-21 00:00:00+00:00, run_after=2024-08-22 00:00:00+00:00
[2024-08-22T00:35:23.581+0000] {processor.py:208} INFO - Processing /home/airflow/.local/lib/python3.12/site-packages/airflow/example_dags/example_nested_branch_dag.py took 0.147 seconds
[2024-08-22T00:35:53.782+0000] {processor.py:186} INFO - Started process (PID=1918) to work on /home/airflow/.local/lib/python3.12/site-packages/airflow/example_dags/example_nested_branch_dag.py
[2024-08-22T00:35:53.784+0000] {processor.py:914} INFO - Processing file /home/airflow/.local/lib/python3.12/site-packages/airflow/example_dags/example_nested_branch_dag.py for tasks to queue
[2024-08-22T00:35:53.787+0000] {logging_mixin.py:190} INFO - [2024-08-22T00:35:53.787+0000] {dagbag.py:587} INFO - Filling up the DagBag from /home/airflow/.local/lib/python3.12/site-packages/airflow/example_dags/example_nested_branch_dag.py
[2024-08-22T00:35:53.807+0000] {processor.py:925} INFO - DAG(s) 'example_nested_branch_dag' retrieved from /home/airflow/.local/lib/python3.12/site-packages/airflow/example_dags/example_nested_branch_dag.py
[2024-08-22T00:35:53.851+0000] {logging_mixin.py:190} INFO - [2024-08-22T00:35:53.851+0000] {dag.py:3211} INFO - Sync 1 DAGs
[2024-08-22T00:35:53.900+0000] {logging_mixin.py:190} INFO - [2024-08-22T00:35:53.900+0000] {dag.py:4138} INFO - Setting next_dagrun for example_nested_branch_dag to 2024-08-21 00:00:00+00:00, run_after=2024-08-22 00:00:00+00:00
[2024-08-22T00:35:53.953+0000] {processor.py:208} INFO - Processing /home/airflow/.local/lib/python3.12/site-packages/airflow/example_dags/example_nested_branch_dag.py took 0.185 seconds
[2024-08-22T00:36:24.223+0000] {processor.py:186} INFO - Started process (PID=1980) to work on /home/airflow/.local/lib/python3.12/site-packages/airflow/example_dags/example_nested_branch_dag.py
[2024-08-22T00:36:24.224+0000] {processor.py:914} INFO - Processing file /home/airflow/.local/lib/python3.12/site-packages/airflow/example_dags/example_nested_branch_dag.py for tasks to queue
[2024-08-22T00:36:24.230+0000] {logging_mixin.py:190} INFO - [2024-08-22T00:36:24.228+0000] {dagbag.py:587} INFO - Filling up the DagBag from /home/airflow/.local/lib/python3.12/site-packages/airflow/example_dags/example_nested_branch_dag.py
[2024-08-22T00:36:24.250+0000] {processor.py:925} INFO - DAG(s) 'example_nested_branch_dag' retrieved from /home/airflow/.local/lib/python3.12/site-packages/airflow/example_dags/example_nested_branch_dag.py
[2024-08-22T00:36:24.294+0000] {logging_mixin.py:190} INFO - [2024-08-22T00:36:24.294+0000] {dag.py:3211} INFO - Sync 1 DAGs
[2024-08-22T00:36:24.340+0000] {logging_mixin.py:190} INFO - [2024-08-22T00:36:24.340+0000] {dag.py:4138} INFO - Setting next_dagrun for example_nested_branch_dag to 2024-08-21 00:00:00+00:00, run_after=2024-08-22 00:00:00+00:00
[2024-08-22T00:36:24.376+0000] {processor.py:208} INFO - Processing /home/airflow/.local/lib/python3.12/site-packages/airflow/example_dags/example_nested_branch_dag.py took 0.162 seconds
[2024-08-22T00:36:54.969+0000] {processor.py:186} INFO - Started process (PID=2043) to work on /home/airflow/.local/lib/python3.12/site-packages/airflow/example_dags/example_nested_branch_dag.py
[2024-08-22T00:36:54.971+0000] {processor.py:914} INFO - Processing file /home/airflow/.local/lib/python3.12/site-packages/airflow/example_dags/example_nested_branch_dag.py for tasks to queue
[2024-08-22T00:36:54.974+0000] {logging_mixin.py:190} INFO - [2024-08-22T00:36:54.974+0000] {dagbag.py:587} INFO - Filling up the DagBag from /home/airflow/.local/lib/python3.12/site-packages/airflow/example_dags/example_nested_branch_dag.py
[2024-08-22T00:36:54.993+0000] {processor.py:925} INFO - DAG(s) 'example_nested_branch_dag' retrieved from /home/airflow/.local/lib/python3.12/site-packages/airflow/example_dags/example_nested_branch_dag.py
[2024-08-22T00:36:55.038+0000] {logging_mixin.py:190} INFO - [2024-08-22T00:36:55.037+0000] {dag.py:3211} INFO - Sync 1 DAGs
[2024-08-22T00:36:55.083+0000] {logging_mixin.py:190} INFO - [2024-08-22T00:36:55.082+0000] {dag.py:4138} INFO - Setting next_dagrun for example_nested_branch_dag to 2024-08-21 00:00:00+00:00, run_after=2024-08-22 00:00:00+00:00
[2024-08-22T00:36:55.118+0000] {processor.py:208} INFO - Processing /home/airflow/.local/lib/python3.12/site-packages/airflow/example_dags/example_nested_branch_dag.py took 0.158 seconds
[2024-08-22T00:37:25.322+0000] {processor.py:186} INFO - Started process (PID=2106) to work on /home/airflow/.local/lib/python3.12/site-packages/airflow/example_dags/example_nested_branch_dag.py
[2024-08-22T00:37:25.323+0000] {processor.py:914} INFO - Processing file /home/airflow/.local/lib/python3.12/site-packages/airflow/example_dags/example_nested_branch_dag.py for tasks to queue
[2024-08-22T00:37:25.326+0000] {logging_mixin.py:190} INFO - [2024-08-22T00:37:25.326+0000] {dagbag.py:587} INFO - Filling up the DagBag from /home/airflow/.local/lib/python3.12/site-packages/airflow/example_dags/example_nested_branch_dag.py
[2024-08-22T00:37:25.343+0000] {processor.py:925} INFO - DAG(s) 'example_nested_branch_dag' retrieved from /home/airflow/.local/lib/python3.12/site-packages/airflow/example_dags/example_nested_branch_dag.py
[2024-08-22T00:37:25.382+0000] {logging_mixin.py:190} INFO - [2024-08-22T00:37:25.382+0000] {dag.py:3211} INFO - Sync 1 DAGs
[2024-08-22T00:37:25.419+0000] {logging_mixin.py:190} INFO - [2024-08-22T00:37:25.419+0000] {dag.py:4138} INFO - Setting next_dagrun for example_nested_branch_dag to 2024-08-21 00:00:00+00:00, run_after=2024-08-22 00:00:00+00:00
[2024-08-22T00:37:25.466+0000] {processor.py:208} INFO - Processing /home/airflow/.local/lib/python3.12/site-packages/airflow/example_dags/example_nested_branch_dag.py took 0.153 seconds
[2024-08-22T00:37:56.264+0000] {processor.py:186} INFO - Started process (PID=2175) to work on /home/airflow/.local/lib/python3.12/site-packages/airflow/example_dags/example_nested_branch_dag.py
[2024-08-22T00:37:56.266+0000] {processor.py:914} INFO - Processing file /home/airflow/.local/lib/python3.12/site-packages/airflow/example_dags/example_nested_branch_dag.py for tasks to queue
[2024-08-22T00:37:56.270+0000] {logging_mixin.py:190} INFO - [2024-08-22T00:37:56.269+0000] {dagbag.py:587} INFO - Filling up the DagBag from /home/airflow/.local/lib/python3.12/site-packages/airflow/example_dags/example_nested_branch_dag.py
[2024-08-22T00:37:56.290+0000] {processor.py:925} INFO - DAG(s) 'example_nested_branch_dag' retrieved from /home/airflow/.local/lib/python3.12/site-packages/airflow/example_dags/example_nested_branch_dag.py
[2024-08-22T00:37:56.339+0000] {logging_mixin.py:190} INFO - [2024-08-22T00:37:56.339+0000] {dag.py:3211} INFO - Sync 1 DAGs
[2024-08-22T00:37:56.405+0000] {logging_mixin.py:190} INFO - [2024-08-22T00:37:56.404+0000] {dag.py:4138} INFO - Setting next_dagrun for example_nested_branch_dag to 2024-08-21 00:00:00+00:00, run_after=2024-08-22 00:00:00+00:00
[2024-08-22T00:37:56.488+0000] {processor.py:208} INFO - Processing /home/airflow/.local/lib/python3.12/site-packages/airflow/example_dags/example_nested_branch_dag.py took 0.234 seconds
[2024-08-22T00:38:26.604+0000] {processor.py:186} INFO - Started process (PID=2238) to work on /home/airflow/.local/lib/python3.12/site-packages/airflow/example_dags/example_nested_branch_dag.py
[2024-08-22T00:38:26.606+0000] {processor.py:914} INFO - Processing file /home/airflow/.local/lib/python3.12/site-packages/airflow/example_dags/example_nested_branch_dag.py for tasks to queue
[2024-08-22T00:38:26.610+0000] {logging_mixin.py:190} INFO - [2024-08-22T00:38:26.609+0000] {dagbag.py:587} INFO - Filling up the DagBag from /home/airflow/.local/lib/python3.12/site-packages/airflow/example_dags/example_nested_branch_dag.py
[2024-08-22T00:38:26.627+0000] {processor.py:925} INFO - DAG(s) 'example_nested_branch_dag' retrieved from /home/airflow/.local/lib/python3.12/site-packages/airflow/example_dags/example_nested_branch_dag.py
[2024-08-22T00:38:26.660+0000] {logging_mixin.py:190} INFO - [2024-08-22T00:38:26.660+0000] {dag.py:3211} INFO - Sync 1 DAGs
[2024-08-22T00:38:26.698+0000] {logging_mixin.py:190} INFO - [2024-08-22T00:38:26.698+0000] {dag.py:4138} INFO - Setting next_dagrun for example_nested_branch_dag to 2024-08-21 00:00:00+00:00, run_after=2024-08-22 00:00:00+00:00
[2024-08-22T00:38:26.728+0000] {processor.py:208} INFO - Processing /home/airflow/.local/lib/python3.12/site-packages/airflow/example_dags/example_nested_branch_dag.py took 0.134 seconds
[2024-08-22T00:38:56.855+0000] {processor.py:186} INFO - Started process (PID=2301) to work on /home/airflow/.local/lib/python3.12/site-packages/airflow/example_dags/example_nested_branch_dag.py
[2024-08-22T00:38:56.857+0000] {processor.py:914} INFO - Processing file /home/airflow/.local/lib/python3.12/site-packages/airflow/example_dags/example_nested_branch_dag.py for tasks to queue
[2024-08-22T00:38:56.862+0000] {logging_mixin.py:190} INFO - [2024-08-22T00:38:56.861+0000] {dagbag.py:587} INFO - Filling up the DagBag from /home/airflow/.local/lib/python3.12/site-packages/airflow/example_dags/example_nested_branch_dag.py
[2024-08-22T00:38:56.883+0000] {processor.py:925} INFO - DAG(s) 'example_nested_branch_dag' retrieved from /home/airflow/.local/lib/python3.12/site-packages/airflow/example_dags/example_nested_branch_dag.py
[2024-08-22T00:38:56.933+0000] {logging_mixin.py:190} INFO - [2024-08-22T00:38:56.933+0000] {dag.py:3211} INFO - Sync 1 DAGs
[2024-08-22T00:38:56.989+0000] {logging_mixin.py:190} INFO - [2024-08-22T00:38:56.988+0000] {dag.py:4138} INFO - Setting next_dagrun for example_nested_branch_dag to 2024-08-21 00:00:00+00:00, run_after=2024-08-22 00:00:00+00:00
[2024-08-22T00:38:57.032+0000] {processor.py:208} INFO - Processing /home/airflow/.local/lib/python3.12/site-packages/airflow/example_dags/example_nested_branch_dag.py took 0.189 seconds
[2024-08-22T00:39:27.854+0000] {processor.py:186} INFO - Started process (PID=2365) to work on /home/airflow/.local/lib/python3.12/site-packages/airflow/example_dags/example_nested_branch_dag.py
[2024-08-22T00:39:27.855+0000] {processor.py:914} INFO - Processing file /home/airflow/.local/lib/python3.12/site-packages/airflow/example_dags/example_nested_branch_dag.py for tasks to queue
[2024-08-22T00:39:27.859+0000] {logging_mixin.py:190} INFO - [2024-08-22T00:39:27.858+0000] {dagbag.py:587} INFO - Filling up the DagBag from /home/airflow/.local/lib/python3.12/site-packages/airflow/example_dags/example_nested_branch_dag.py
[2024-08-22T00:39:27.876+0000] {processor.py:925} INFO - DAG(s) 'example_nested_branch_dag' retrieved from /home/airflow/.local/lib/python3.12/site-packages/airflow/example_dags/example_nested_branch_dag.py
[2024-08-22T00:39:27.909+0000] {logging_mixin.py:190} INFO - [2024-08-22T00:39:27.909+0000] {dag.py:3211} INFO - Sync 1 DAGs
[2024-08-22T00:39:27.947+0000] {logging_mixin.py:190} INFO - [2024-08-22T00:39:27.946+0000] {dag.py:4138} INFO - Setting next_dagrun for example_nested_branch_dag to 2024-08-21 00:00:00+00:00, run_after=2024-08-22 00:00:00+00:00
[2024-08-22T00:39:27.978+0000] {processor.py:208} INFO - Processing /home/airflow/.local/lib/python3.12/site-packages/airflow/example_dags/example_nested_branch_dag.py took 0.135 seconds
[2024-08-22T00:39:58.517+0000] {processor.py:186} INFO - Started process (PID=2428) to work on /home/airflow/.local/lib/python3.12/site-packages/airflow/example_dags/example_nested_branch_dag.py
[2024-08-22T00:39:58.519+0000] {processor.py:914} INFO - Processing file /home/airflow/.local/lib/python3.12/site-packages/airflow/example_dags/example_nested_branch_dag.py for tasks to queue
[2024-08-22T00:39:58.523+0000] {logging_mixin.py:190} INFO - [2024-08-22T00:39:58.522+0000] {dagbag.py:587} INFO - Filling up the DagBag from /home/airflow/.local/lib/python3.12/site-packages/airflow/example_dags/example_nested_branch_dag.py
[2024-08-22T00:39:58.542+0000] {processor.py:925} INFO - DAG(s) 'example_nested_branch_dag' retrieved from /home/airflow/.local/lib/python3.12/site-packages/airflow/example_dags/example_nested_branch_dag.py
[2024-08-22T00:39:58.576+0000] {logging_mixin.py:190} INFO - [2024-08-22T00:39:58.576+0000] {dag.py:3211} INFO - Sync 1 DAGs
[2024-08-22T00:39:58.624+0000] {logging_mixin.py:190} INFO - [2024-08-22T00:39:58.624+0000] {dag.py:4138} INFO - Setting next_dagrun for example_nested_branch_dag to 2024-08-21 00:00:00+00:00, run_after=2024-08-22 00:00:00+00:00
[2024-08-22T00:39:58.659+0000] {processor.py:208} INFO - Processing /home/airflow/.local/lib/python3.12/site-packages/airflow/example_dags/example_nested_branch_dag.py took 0.153 seconds
[2024-08-22T00:40:29.116+0000] {processor.py:186} INFO - Started process (PID=2491) to work on /home/airflow/.local/lib/python3.12/site-packages/airflow/example_dags/example_nested_branch_dag.py
[2024-08-22T00:40:29.118+0000] {processor.py:914} INFO - Processing file /home/airflow/.local/lib/python3.12/site-packages/airflow/example_dags/example_nested_branch_dag.py for tasks to queue
[2024-08-22T00:40:29.121+0000] {logging_mixin.py:190} INFO - [2024-08-22T00:40:29.121+0000] {dagbag.py:587} INFO - Filling up the DagBag from /home/airflow/.local/lib/python3.12/site-packages/airflow/example_dags/example_nested_branch_dag.py
[2024-08-22T00:40:29.137+0000] {processor.py:925} INFO - DAG(s) 'example_nested_branch_dag' retrieved from /home/airflow/.local/lib/python3.12/site-packages/airflow/example_dags/example_nested_branch_dag.py
[2024-08-22T00:40:29.168+0000] {logging_mixin.py:190} INFO - [2024-08-22T00:40:29.167+0000] {dag.py:3211} INFO - Sync 1 DAGs
[2024-08-22T00:40:29.203+0000] {logging_mixin.py:190} INFO - [2024-08-22T00:40:29.202+0000] {dag.py:4138} INFO - Setting next_dagrun for example_nested_branch_dag to 2024-08-21 00:00:00+00:00, run_after=2024-08-22 00:00:00+00:00
[2024-08-22T00:40:29.400+0000] {processor.py:208} INFO - Processing /home/airflow/.local/lib/python3.12/site-packages/airflow/example_dags/example_nested_branch_dag.py took 0.295 seconds
[2024-08-22T00:40:59.920+0000] {processor.py:186} INFO - Started process (PID=2554) to work on /home/airflow/.local/lib/python3.12/site-packages/airflow/example_dags/example_nested_branch_dag.py
[2024-08-22T00:40:59.921+0000] {processor.py:914} INFO - Processing file /home/airflow/.local/lib/python3.12/site-packages/airflow/example_dags/example_nested_branch_dag.py for tasks to queue
[2024-08-22T00:40:59.925+0000] {logging_mixin.py:190} INFO - [2024-08-22T00:40:59.924+0000] {dagbag.py:587} INFO - Filling up the DagBag from /home/airflow/.local/lib/python3.12/site-packages/airflow/example_dags/example_nested_branch_dag.py
[2024-08-22T00:40:59.941+0000] {processor.py:925} INFO - DAG(s) 'example_nested_branch_dag' retrieved from /home/airflow/.local/lib/python3.12/site-packages/airflow/example_dags/example_nested_branch_dag.py
[2024-08-22T00:40:59.971+0000] {logging_mixin.py:190} INFO - [2024-08-22T00:40:59.971+0000] {dag.py:3211} INFO - Sync 1 DAGs
[2024-08-22T00:41:00.007+0000] {logging_mixin.py:190} INFO - [2024-08-22T00:41:00.006+0000] {dag.py:4138} INFO - Setting next_dagrun for example_nested_branch_dag to 2024-08-21 00:00:00+00:00, run_after=2024-08-22 00:00:00+00:00
[2024-08-22T00:41:00.035+0000] {processor.py:208} INFO - Processing /home/airflow/.local/lib/python3.12/site-packages/airflow/example_dags/example_nested_branch_dag.py took 0.125 seconds
[2024-08-22T00:41:32.563+0000] {processor.py:186} INFO - Started process (PID=2617) to work on /home/airflow/.local/lib/python3.12/site-packages/airflow/example_dags/example_nested_branch_dag.py
[2024-08-22T00:41:32.566+0000] {processor.py:914} INFO - Processing file /home/airflow/.local/lib/python3.12/site-packages/airflow/example_dags/example_nested_branch_dag.py for tasks to queue
[2024-08-22T00:41:32.579+0000] {logging_mixin.py:190} INFO - [2024-08-22T00:41:32.579+0000] {dagbag.py:587} INFO - Filling up the DagBag from /home/airflow/.local/lib/python3.12/site-packages/airflow/example_dags/example_nested_branch_dag.py
[2024-08-22T00:41:33.317+0000] {processor.py:925} INFO - DAG(s) 'example_nested_branch_dag' retrieved from /home/airflow/.local/lib/python3.12/site-packages/airflow/example_dags/example_nested_branch_dag.py
[2024-08-22T00:41:34.407+0000] {logging_mixin.py:190} INFO - [2024-08-22T00:41:34.407+0000] {dag.py:3211} INFO - Sync 1 DAGs
[2024-08-22T00:41:34.549+0000] {logging_mixin.py:190} INFO - [2024-08-22T00:41:34.540+0000] {dag.py:4138} INFO - Setting next_dagrun for example_nested_branch_dag to 2024-08-21 00:00:00+00:00, run_after=2024-08-22 00:00:00+00:00
[2024-08-22T00:41:35.083+0000] {processor.py:208} INFO - Processing /home/airflow/.local/lib/python3.12/site-packages/airflow/example_dags/example_nested_branch_dag.py took 2.544 seconds
[2024-08-22T00:42:05.322+0000] {processor.py:186} INFO - Started process (PID=2680) to work on /home/airflow/.local/lib/python3.12/site-packages/airflow/example_dags/example_nested_branch_dag.py
[2024-08-22T00:42:05.324+0000] {processor.py:914} INFO - Processing file /home/airflow/.local/lib/python3.12/site-packages/airflow/example_dags/example_nested_branch_dag.py for tasks to queue
[2024-08-22T00:42:05.327+0000] {logging_mixin.py:190} INFO - [2024-08-22T00:42:05.327+0000] {dagbag.py:587} INFO - Filling up the DagBag from /home/airflow/.local/lib/python3.12/site-packages/airflow/example_dags/example_nested_branch_dag.py
[2024-08-22T00:42:05.347+0000] {processor.py:925} INFO - DAG(s) 'example_nested_branch_dag' retrieved from /home/airflow/.local/lib/python3.12/site-packages/airflow/example_dags/example_nested_branch_dag.py
[2024-08-22T00:42:05.377+0000] {logging_mixin.py:190} INFO - [2024-08-22T00:42:05.377+0000] {dag.py:3211} INFO - Sync 1 DAGs
[2024-08-22T00:42:05.443+0000] {logging_mixin.py:190} INFO - [2024-08-22T00:42:05.442+0000] {dag.py:4138} INFO - Setting next_dagrun for example_nested_branch_dag to 2024-08-21 00:00:00+00:00, run_after=2024-08-22 00:00:00+00:00
[2024-08-22T00:42:05.518+0000] {processor.py:208} INFO - Processing /home/airflow/.local/lib/python3.12/site-packages/airflow/example_dags/example_nested_branch_dag.py took 0.204 seconds
[2024-08-22T00:42:35.655+0000] {processor.py:186} INFO - Started process (PID=2743) to work on /home/airflow/.local/lib/python3.12/site-packages/airflow/example_dags/example_nested_branch_dag.py
[2024-08-22T00:42:35.658+0000] {processor.py:914} INFO - Processing file /home/airflow/.local/lib/python3.12/site-packages/airflow/example_dags/example_nested_branch_dag.py for tasks to queue
[2024-08-22T00:42:35.663+0000] {logging_mixin.py:190} INFO - [2024-08-22T00:42:35.662+0000] {dagbag.py:587} INFO - Filling up the DagBag from /home/airflow/.local/lib/python3.12/site-packages/airflow/example_dags/example_nested_branch_dag.py
[2024-08-22T00:42:35.691+0000] {processor.py:925} INFO - DAG(s) 'example_nested_branch_dag' retrieved from /home/airflow/.local/lib/python3.12/site-packages/airflow/example_dags/example_nested_branch_dag.py
[2024-08-22T00:42:35.727+0000] {logging_mixin.py:190} INFO - [2024-08-22T00:42:35.726+0000] {dag.py:3211} INFO - Sync 1 DAGs
[2024-08-22T00:42:35.761+0000] {logging_mixin.py:190} INFO - [2024-08-22T00:42:35.760+0000] {dag.py:4138} INFO - Setting next_dagrun for example_nested_branch_dag to 2024-08-21 00:00:00+00:00, run_after=2024-08-22 00:00:00+00:00
[2024-08-22T00:42:35.847+0000] {processor.py:208} INFO - Processing /home/airflow/.local/lib/python3.12/site-packages/airflow/example_dags/example_nested_branch_dag.py took 0.208 seconds
[2024-08-22T03:42:52.835+0000] {processor.py:186} INFO - Started process (PID=2755) to work on /home/airflow/.local/lib/python3.12/site-packages/airflow/example_dags/example_nested_branch_dag.py
[2024-08-22T03:42:52.837+0000] {processor.py:914} INFO - Processing file /home/airflow/.local/lib/python3.12/site-packages/airflow/example_dags/example_nested_branch_dag.py for tasks to queue
[2024-08-22T03:42:52.842+0000] {logging_mixin.py:190} INFO - [2024-08-22T03:42:52.841+0000] {dagbag.py:587} INFO - Filling up the DagBag from /home/airflow/.local/lib/python3.12/site-packages/airflow/example_dags/example_nested_branch_dag.py
[2024-08-22T03:42:52.900+0000] {processor.py:925} INFO - DAG(s) 'example_nested_branch_dag' retrieved from /home/airflow/.local/lib/python3.12/site-packages/airflow/example_dags/example_nested_branch_dag.py
[2024-08-22T03:42:53.047+0000] {logging_mixin.py:190} INFO - [2024-08-22T03:42:53.046+0000] {dag.py:3211} INFO - Sync 1 DAGs
[2024-08-22T03:42:53.198+0000] {logging_mixin.py:190} INFO - [2024-08-22T03:42:53.198+0000] {dag.py:4138} INFO - Setting next_dagrun for example_nested_branch_dag to 2024-08-21 00:00:00+00:00, run_after=2024-08-22 00:00:00+00:00
[2024-08-22T03:42:53.333+0000] {processor.py:208} INFO - Processing /home/airflow/.local/lib/python3.12/site-packages/airflow/example_dags/example_nested_branch_dag.py took 0.511 seconds
