[2024-08-22T00:20:05.018+0000] {processor.py:186} INFO - Started process (PID=83) to work on /home/airflow/.local/lib/python3.12/site-packages/airflow/example_dags/example_python_operator.py
[2024-08-22T00:20:05.020+0000] {processor.py:914} INFO - Processing file /home/airflow/.local/lib/python3.12/site-packages/airflow/example_dags/example_python_operator.py for tasks to queue
[2024-08-22T00:20:05.031+0000] {logging_mixin.py:190} INFO - [2024-08-22T00:20:05.027+0000] {dagbag.py:587} INFO - Filling up the DagBag from /home/airflow/.local/lib/python3.12/site-packages/airflow/example_dags/example_python_operator.py
[2024-08-22T00:20:05.164+0000] {processor.py:925} INFO - DAG(s) 'example_python_operator' retrieved from /home/airflow/.local/lib/python3.12/site-packages/airflow/example_dags/example_python_operator.py
[2024-08-22T00:20:05.937+0000] {logging_mixin.py:190} INFO - [2024-08-22T00:20:05.936+0000] {override.py:1858} INFO - Created Permission View: can read on DAG:example_python_operator
[2024-08-22T00:20:05.994+0000] {logging_mixin.py:190} INFO - [2024-08-22T00:20:05.990+0000] {override.py:1858} INFO - Created Permission View: can delete on DAG:example_python_operator
[2024-08-22T00:20:06.059+0000] {logging_mixin.py:190} INFO - [2024-08-22T00:20:06.059+0000] {override.py:1858} INFO - Created Permission View: can edit on DAG:example_python_operator
[2024-08-22T00:20:06.061+0000] {logging_mixin.py:190} INFO - [2024-08-22T00:20:06.060+0000] {dag.py:3211} INFO - Sync 1 DAGs
[2024-08-22T00:20:06.160+0000] {logging_mixin.py:190} INFO - [2024-08-22T00:20:06.154+0000] {dag.py:3234} INFO - Creating ORM DAG for example_python_operator
[2024-08-22T00:20:06.170+0000] {logging_mixin.py:190} INFO - [2024-08-22T00:20:06.170+0000] {dag.py:4138} INFO - Setting next_dagrun for example_python_operator to None, run_after=None
[2024-08-22T00:20:06.535+0000] {processor.py:208} INFO - Processing /home/airflow/.local/lib/python3.12/site-packages/airflow/example_dags/example_python_operator.py took 1.586 seconds
[2024-08-22T00:20:44.894+0000] {processor.py:186} INFO - Started process (PID=147) to work on /home/airflow/.local/lib/python3.12/site-packages/airflow/example_dags/example_python_operator.py
[2024-08-22T00:20:44.902+0000] {processor.py:914} INFO - Processing file /home/airflow/.local/lib/python3.12/site-packages/airflow/example_dags/example_python_operator.py for tasks to queue
[2024-08-22T00:20:44.905+0000] {logging_mixin.py:190} INFO - [2024-08-22T00:20:44.905+0000] {dagbag.py:587} INFO - Filling up the DagBag from /home/airflow/.local/lib/python3.12/site-packages/airflow/example_dags/example_python_operator.py
[2024-08-22T00:20:44.943+0000] {processor.py:925} INFO - DAG(s) 'example_python_operator' retrieved from /home/airflow/.local/lib/python3.12/site-packages/airflow/example_dags/example_python_operator.py
[2024-08-22T00:20:45.019+0000] {logging_mixin.py:190} INFO - [2024-08-22T00:20:45.019+0000] {dag.py:3211} INFO - Sync 1 DAGs
[2024-08-22T00:20:45.080+0000] {logging_mixin.py:190} INFO - [2024-08-22T00:20:45.079+0000] {dag.py:4138} INFO - Setting next_dagrun for example_python_operator to None, run_after=None
[2024-08-22T00:20:45.164+0000] {processor.py:208} INFO - Processing /home/airflow/.local/lib/python3.12/site-packages/airflow/example_dags/example_python_operator.py took 0.280 seconds
[2024-08-22T00:21:21.280+0000] {processor.py:186} INFO - Started process (PID=202) to work on /home/airflow/.local/lib/python3.12/site-packages/airflow/example_dags/example_python_operator.py
[2024-08-22T00:21:21.286+0000] {processor.py:914} INFO - Processing file /home/airflow/.local/lib/python3.12/site-packages/airflow/example_dags/example_python_operator.py for tasks to queue
[2024-08-22T00:21:21.297+0000] {logging_mixin.py:190} INFO - [2024-08-22T00:21:21.296+0000] {dagbag.py:587} INFO - Filling up the DagBag from /home/airflow/.local/lib/python3.12/site-packages/airflow/example_dags/example_python_operator.py
[2024-08-22T00:21:21.552+0000] {processor.py:925} INFO - DAG(s) 'example_python_operator' retrieved from /home/airflow/.local/lib/python3.12/site-packages/airflow/example_dags/example_python_operator.py
[2024-08-22T00:21:47.444+0000] {logging_mixin.py:190} INFO - [2024-08-22T00:21:47.444+0000] {dag.py:3211} INFO - Sync 1 DAGs
[2024-08-22T00:21:47.543+0000] {logging_mixin.py:190} INFO - [2024-08-22T00:21:47.532+0000] {dag.py:4138} INFO - Setting next_dagrun for example_python_operator to None, run_after=None
[2024-08-22T00:21:47.664+0000] {processor.py:208} INFO - Processing /home/airflow/.local/lib/python3.12/site-packages/airflow/example_dags/example_python_operator.py took 26.434 seconds
[2024-08-22T00:22:18.308+0000] {processor.py:186} INFO - Started process (PID=264) to work on /home/airflow/.local/lib/python3.12/site-packages/airflow/example_dags/example_python_operator.py
[2024-08-22T00:22:18.310+0000] {processor.py:914} INFO - Processing file /home/airflow/.local/lib/python3.12/site-packages/airflow/example_dags/example_python_operator.py for tasks to queue
[2024-08-22T00:22:18.313+0000] {logging_mixin.py:190} INFO - [2024-08-22T00:22:18.313+0000] {dagbag.py:587} INFO - Filling up the DagBag from /home/airflow/.local/lib/python3.12/site-packages/airflow/example_dags/example_python_operator.py
[2024-08-22T00:22:18.862+0000] {processor.py:925} INFO - DAG(s) 'example_python_operator' retrieved from /home/airflow/.local/lib/python3.12/site-packages/airflow/example_dags/example_python_operator.py
[2024-08-22T00:22:18.895+0000] {logging_mixin.py:190} INFO - [2024-08-22T00:22:18.895+0000] {dag.py:3211} INFO - Sync 1 DAGs
[2024-08-22T00:22:18.915+0000] {logging_mixin.py:190} INFO - [2024-08-22T00:22:18.915+0000] {dag.py:4138} INFO - Setting next_dagrun for example_python_operator to None, run_after=None
[2024-08-22T00:22:19.097+0000] {processor.py:208} INFO - Processing /home/airflow/.local/lib/python3.12/site-packages/airflow/example_dags/example_python_operator.py took 0.800 seconds
[2024-08-22T00:22:49.686+0000] {processor.py:186} INFO - Started process (PID=332) to work on /home/airflow/.local/lib/python3.12/site-packages/airflow/example_dags/example_python_operator.py
[2024-08-22T00:22:49.689+0000] {processor.py:914} INFO - Processing file /home/airflow/.local/lib/python3.12/site-packages/airflow/example_dags/example_python_operator.py for tasks to queue
[2024-08-22T00:22:49.694+0000] {logging_mixin.py:190} INFO - [2024-08-22T00:22:49.693+0000] {dagbag.py:587} INFO - Filling up the DagBag from /home/airflow/.local/lib/python3.12/site-packages/airflow/example_dags/example_python_operator.py
[2024-08-22T00:22:49.727+0000] {processor.py:925} INFO - DAG(s) 'example_python_operator' retrieved from /home/airflow/.local/lib/python3.12/site-packages/airflow/example_dags/example_python_operator.py
[2024-08-22T00:22:49.799+0000] {logging_mixin.py:190} INFO - [2024-08-22T00:22:49.799+0000] {dag.py:3211} INFO - Sync 1 DAGs
[2024-08-22T00:22:49.858+0000] {logging_mixin.py:190} INFO - [2024-08-22T00:22:49.857+0000] {dag.py:4138} INFO - Setting next_dagrun for example_python_operator to None, run_after=None
[2024-08-22T00:22:49.948+0000] {processor.py:208} INFO - Processing /home/airflow/.local/lib/python3.12/site-packages/airflow/example_dags/example_python_operator.py took 0.276 seconds
[2024-08-22T00:23:20.128+0000] {processor.py:186} INFO - Started process (PID=389) to work on /home/airflow/.local/lib/python3.12/site-packages/airflow/example_dags/example_python_operator.py
[2024-08-22T00:23:20.130+0000] {processor.py:914} INFO - Processing file /home/airflow/.local/lib/python3.12/site-packages/airflow/example_dags/example_python_operator.py for tasks to queue
[2024-08-22T00:23:20.133+0000] {logging_mixin.py:190} INFO - [2024-08-22T00:23:20.132+0000] {dagbag.py:587} INFO - Filling up the DagBag from /home/airflow/.local/lib/python3.12/site-packages/airflow/example_dags/example_python_operator.py
[2024-08-22T00:23:20.659+0000] {processor.py:925} INFO - DAG(s) 'example_python_operator' retrieved from /home/airflow/.local/lib/python3.12/site-packages/airflow/example_dags/example_python_operator.py
[2024-08-22T00:23:20.778+0000] {logging_mixin.py:190} INFO - [2024-08-22T00:23:20.778+0000] {dag.py:3211} INFO - Sync 1 DAGs
[2024-08-22T00:23:20.821+0000] {logging_mixin.py:190} INFO - [2024-08-22T00:23:20.820+0000] {dag.py:4138} INFO - Setting next_dagrun for example_python_operator to None, run_after=None
[2024-08-22T00:23:20.880+0000] {processor.py:208} INFO - Processing /home/airflow/.local/lib/python3.12/site-packages/airflow/example_dags/example_python_operator.py took 0.760 seconds
[2024-08-22T00:23:51.054+0000] {processor.py:186} INFO - Started process (PID=458) to work on /home/airflow/.local/lib/python3.12/site-packages/airflow/example_dags/example_python_operator.py
[2024-08-22T00:23:51.055+0000] {processor.py:914} INFO - Processing file /home/airflow/.local/lib/python3.12/site-packages/airflow/example_dags/example_python_operator.py for tasks to queue
[2024-08-22T00:23:51.059+0000] {logging_mixin.py:190} INFO - [2024-08-22T00:23:51.058+0000] {dagbag.py:587} INFO - Filling up the DagBag from /home/airflow/.local/lib/python3.12/site-packages/airflow/example_dags/example_python_operator.py
[2024-08-22T00:23:51.118+0000] {processor.py:925} INFO - DAG(s) 'example_python_operator' retrieved from /home/airflow/.local/lib/python3.12/site-packages/airflow/example_dags/example_python_operator.py
[2024-08-22T00:23:51.171+0000] {logging_mixin.py:190} INFO - [2024-08-22T00:23:51.170+0000] {dag.py:3211} INFO - Sync 1 DAGs
[2024-08-22T00:23:51.206+0000] {logging_mixin.py:190} INFO - [2024-08-22T00:23:51.206+0000] {dag.py:4138} INFO - Setting next_dagrun for example_python_operator to None, run_after=None
[2024-08-22T00:23:51.266+0000] {processor.py:208} INFO - Processing /home/airflow/.local/lib/python3.12/site-packages/airflow/example_dags/example_python_operator.py took 0.221 seconds
[2024-08-22T00:24:21.913+0000] {processor.py:186} INFO - Started process (PID=521) to work on /home/airflow/.local/lib/python3.12/site-packages/airflow/example_dags/example_python_operator.py
[2024-08-22T00:24:21.915+0000] {processor.py:914} INFO - Processing file /home/airflow/.local/lib/python3.12/site-packages/airflow/example_dags/example_python_operator.py for tasks to queue
[2024-08-22T00:24:21.919+0000] {logging_mixin.py:190} INFO - [2024-08-22T00:24:21.919+0000] {dagbag.py:587} INFO - Filling up the DagBag from /home/airflow/.local/lib/python3.12/site-packages/airflow/example_dags/example_python_operator.py
[2024-08-22T00:24:21.953+0000] {processor.py:925} INFO - DAG(s) 'example_python_operator' retrieved from /home/airflow/.local/lib/python3.12/site-packages/airflow/example_dags/example_python_operator.py
[2024-08-22T00:24:22.021+0000] {logging_mixin.py:190} INFO - [2024-08-22T00:24:22.020+0000] {dag.py:3211} INFO - Sync 1 DAGs
[2024-08-22T00:24:22.062+0000] {logging_mixin.py:190} INFO - [2024-08-22T00:24:22.062+0000] {dag.py:4138} INFO - Setting next_dagrun for example_python_operator to None, run_after=None
[2024-08-22T00:24:22.129+0000] {processor.py:208} INFO - Processing /home/airflow/.local/lib/python3.12/site-packages/airflow/example_dags/example_python_operator.py took 0.234 seconds
[2024-08-22T00:24:52.431+0000] {processor.py:186} INFO - Started process (PID=584) to work on /home/airflow/.local/lib/python3.12/site-packages/airflow/example_dags/example_python_operator.py
[2024-08-22T00:24:52.434+0000] {processor.py:914} INFO - Processing file /home/airflow/.local/lib/python3.12/site-packages/airflow/example_dags/example_python_operator.py for tasks to queue
[2024-08-22T00:24:52.439+0000] {logging_mixin.py:190} INFO - [2024-08-22T00:24:52.438+0000] {dagbag.py:587} INFO - Filling up the DagBag from /home/airflow/.local/lib/python3.12/site-packages/airflow/example_dags/example_python_operator.py
[2024-08-22T00:24:52.469+0000] {processor.py:925} INFO - DAG(s) 'example_python_operator' retrieved from /home/airflow/.local/lib/python3.12/site-packages/airflow/example_dags/example_python_operator.py
[2024-08-22T00:24:52.664+0000] {logging_mixin.py:190} INFO - [2024-08-22T00:24:52.664+0000] {dag.py:3211} INFO - Sync 1 DAGs
[2024-08-22T00:24:52.705+0000] {logging_mixin.py:190} INFO - [2024-08-22T00:24:52.705+0000] {dag.py:4138} INFO - Setting next_dagrun for example_python_operator to None, run_after=None
[2024-08-22T00:24:52.754+0000] {processor.py:208} INFO - Processing /home/airflow/.local/lib/python3.12/site-packages/airflow/example_dags/example_python_operator.py took 0.339 seconds
[2024-08-22T00:25:22.916+0000] {processor.py:186} INFO - Started process (PID=647) to work on /home/airflow/.local/lib/python3.12/site-packages/airflow/example_dags/example_python_operator.py
[2024-08-22T00:25:22.918+0000] {processor.py:914} INFO - Processing file /home/airflow/.local/lib/python3.12/site-packages/airflow/example_dags/example_python_operator.py for tasks to queue
[2024-08-22T00:25:22.922+0000] {logging_mixin.py:190} INFO - [2024-08-22T00:25:22.922+0000] {dagbag.py:587} INFO - Filling up the DagBag from /home/airflow/.local/lib/python3.12/site-packages/airflow/example_dags/example_python_operator.py
[2024-08-22T00:25:22.948+0000] {processor.py:925} INFO - DAG(s) 'example_python_operator' retrieved from /home/airflow/.local/lib/python3.12/site-packages/airflow/example_dags/example_python_operator.py
[2024-08-22T00:25:22.997+0000] {logging_mixin.py:190} INFO - [2024-08-22T00:25:22.996+0000] {dag.py:3211} INFO - Sync 1 DAGs
[2024-08-22T00:25:23.028+0000] {logging_mixin.py:190} INFO - [2024-08-22T00:25:23.028+0000] {dag.py:4138} INFO - Setting next_dagrun for example_python_operator to None, run_after=None
[2024-08-22T00:25:23.067+0000] {processor.py:208} INFO - Processing /home/airflow/.local/lib/python3.12/site-packages/airflow/example_dags/example_python_operator.py took 0.162 seconds
[2024-08-22T00:25:53.901+0000] {processor.py:186} INFO - Started process (PID=710) to work on /home/airflow/.local/lib/python3.12/site-packages/airflow/example_dags/example_python_operator.py
[2024-08-22T00:25:53.903+0000] {processor.py:914} INFO - Processing file /home/airflow/.local/lib/python3.12/site-packages/airflow/example_dags/example_python_operator.py for tasks to queue
[2024-08-22T00:25:53.907+0000] {logging_mixin.py:190} INFO - [2024-08-22T00:25:53.907+0000] {dagbag.py:587} INFO - Filling up the DagBag from /home/airflow/.local/lib/python3.12/site-packages/airflow/example_dags/example_python_operator.py
[2024-08-22T00:25:53.954+0000] {processor.py:925} INFO - DAG(s) 'example_python_operator' retrieved from /home/airflow/.local/lib/python3.12/site-packages/airflow/example_dags/example_python_operator.py
[2024-08-22T00:25:54.088+0000] {logging_mixin.py:190} INFO - [2024-08-22T00:25:54.088+0000] {dag.py:3211} INFO - Sync 1 DAGs
[2024-08-22T00:25:54.146+0000] {logging_mixin.py:190} INFO - [2024-08-22T00:25:54.146+0000] {dag.py:4138} INFO - Setting next_dagrun for example_python_operator to None, run_after=None
[2024-08-22T00:25:54.841+0000] {processor.py:208} INFO - Processing /home/airflow/.local/lib/python3.12/site-packages/airflow/example_dags/example_python_operator.py took 0.955 seconds
[2024-08-22T00:26:25.457+0000] {processor.py:186} INFO - Started process (PID=773) to work on /home/airflow/.local/lib/python3.12/site-packages/airflow/example_dags/example_python_operator.py
[2024-08-22T00:26:25.459+0000] {processor.py:914} INFO - Processing file /home/airflow/.local/lib/python3.12/site-packages/airflow/example_dags/example_python_operator.py for tasks to queue
[2024-08-22T00:26:25.463+0000] {logging_mixin.py:190} INFO - [2024-08-22T00:26:25.462+0000] {dagbag.py:587} INFO - Filling up the DagBag from /home/airflow/.local/lib/python3.12/site-packages/airflow/example_dags/example_python_operator.py
[2024-08-22T00:26:25.482+0000] {processor.py:925} INFO - DAG(s) 'example_python_operator' retrieved from /home/airflow/.local/lib/python3.12/site-packages/airflow/example_dags/example_python_operator.py
[2024-08-22T00:26:26.217+0000] {logging_mixin.py:190} INFO - [2024-08-22T00:26:26.217+0000] {dag.py:3211} INFO - Sync 1 DAGs
[2024-08-22T00:26:26.240+0000] {logging_mixin.py:190} INFO - [2024-08-22T00:26:26.240+0000] {dag.py:4138} INFO - Setting next_dagrun for example_python_operator to None, run_after=None
[2024-08-22T00:26:28.423+0000] {processor.py:208} INFO - Processing /home/airflow/.local/lib/python3.12/site-packages/airflow/example_dags/example_python_operator.py took 2.978 seconds
[2024-08-22T00:26:58.567+0000] {processor.py:186} INFO - Started process (PID=837) to work on /home/airflow/.local/lib/python3.12/site-packages/airflow/example_dags/example_python_operator.py
[2024-08-22T00:26:58.568+0000] {processor.py:914} INFO - Processing file /home/airflow/.local/lib/python3.12/site-packages/airflow/example_dags/example_python_operator.py for tasks to queue
[2024-08-22T00:26:58.571+0000] {logging_mixin.py:190} INFO - [2024-08-22T00:26:58.571+0000] {dagbag.py:587} INFO - Filling up the DagBag from /home/airflow/.local/lib/python3.12/site-packages/airflow/example_dags/example_python_operator.py
[2024-08-22T00:26:58.590+0000] {processor.py:925} INFO - DAG(s) 'example_python_operator' retrieved from /home/airflow/.local/lib/python3.12/site-packages/airflow/example_dags/example_python_operator.py
[2024-08-22T00:26:58.633+0000] {logging_mixin.py:190} INFO - [2024-08-22T00:26:58.633+0000] {dag.py:3211} INFO - Sync 1 DAGs
[2024-08-22T00:26:58.657+0000] {logging_mixin.py:190} INFO - [2024-08-22T00:26:58.657+0000] {dag.py:4138} INFO - Setting next_dagrun for example_python_operator to None, run_after=None
[2024-08-22T00:26:58.736+0000] {processor.py:208} INFO - Processing /home/airflow/.local/lib/python3.12/site-packages/airflow/example_dags/example_python_operator.py took 0.179 seconds
[2024-08-22T00:27:29.119+0000] {processor.py:186} INFO - Started process (PID=900) to work on /home/airflow/.local/lib/python3.12/site-packages/airflow/example_dags/example_python_operator.py
[2024-08-22T00:27:29.121+0000] {processor.py:914} INFO - Processing file /home/airflow/.local/lib/python3.12/site-packages/airflow/example_dags/example_python_operator.py for tasks to queue
[2024-08-22T00:27:29.130+0000] {logging_mixin.py:190} INFO - [2024-08-22T00:27:29.129+0000] {dagbag.py:587} INFO - Filling up the DagBag from /home/airflow/.local/lib/python3.12/site-packages/airflow/example_dags/example_python_operator.py
[2024-08-22T00:27:29.159+0000] {processor.py:925} INFO - DAG(s) 'example_python_operator' retrieved from /home/airflow/.local/lib/python3.12/site-packages/airflow/example_dags/example_python_operator.py
[2024-08-22T00:27:29.227+0000] {logging_mixin.py:190} INFO - [2024-08-22T00:27:29.226+0000] {dag.py:3211} INFO - Sync 1 DAGs
[2024-08-22T00:27:29.264+0000] {logging_mixin.py:190} INFO - [2024-08-22T00:27:29.264+0000] {dag.py:4138} INFO - Setting next_dagrun for example_python_operator to None, run_after=None
[2024-08-22T00:27:29.317+0000] {processor.py:208} INFO - Processing /home/airflow/.local/lib/python3.12/site-packages/airflow/example_dags/example_python_operator.py took 0.211 seconds
[2024-08-22T00:28:00.199+0000] {processor.py:186} INFO - Started process (PID=963) to work on /home/airflow/.local/lib/python3.12/site-packages/airflow/example_dags/example_python_operator.py
[2024-08-22T00:28:00.200+0000] {processor.py:914} INFO - Processing file /home/airflow/.local/lib/python3.12/site-packages/airflow/example_dags/example_python_operator.py for tasks to queue
[2024-08-22T00:28:00.207+0000] {logging_mixin.py:190} INFO - [2024-08-22T00:28:00.206+0000] {dagbag.py:587} INFO - Filling up the DagBag from /home/airflow/.local/lib/python3.12/site-packages/airflow/example_dags/example_python_operator.py
[2024-08-22T00:28:00.319+0000] {processor.py:925} INFO - DAG(s) 'example_python_operator' retrieved from /home/airflow/.local/lib/python3.12/site-packages/airflow/example_dags/example_python_operator.py
[2024-08-22T00:28:00.491+0000] {logging_mixin.py:190} INFO - [2024-08-22T00:28:00.491+0000] {dag.py:3211} INFO - Sync 1 DAGs
[2024-08-22T00:28:00.523+0000] {logging_mixin.py:190} INFO - [2024-08-22T00:28:00.523+0000] {dag.py:4138} INFO - Setting next_dagrun for example_python_operator to None, run_after=None
[2024-08-22T00:28:00.657+0000] {processor.py:208} INFO - Processing /home/airflow/.local/lib/python3.12/site-packages/airflow/example_dags/example_python_operator.py took 0.485 seconds
[2024-08-22T00:28:31.624+0000] {processor.py:186} INFO - Started process (PID=1026) to work on /home/airflow/.local/lib/python3.12/site-packages/airflow/example_dags/example_python_operator.py
[2024-08-22T00:28:31.636+0000] {processor.py:914} INFO - Processing file /home/airflow/.local/lib/python3.12/site-packages/airflow/example_dags/example_python_operator.py for tasks to queue
[2024-08-22T00:28:31.644+0000] {logging_mixin.py:190} INFO - [2024-08-22T00:28:31.643+0000] {dagbag.py:587} INFO - Filling up the DagBag from /home/airflow/.local/lib/python3.12/site-packages/airflow/example_dags/example_python_operator.py
[2024-08-22T00:28:31.832+0000] {processor.py:925} INFO - DAG(s) 'example_python_operator' retrieved from /home/airflow/.local/lib/python3.12/site-packages/airflow/example_dags/example_python_operator.py
[2024-08-22T00:28:31.988+0000] {logging_mixin.py:190} INFO - [2024-08-22T00:28:31.987+0000] {dag.py:3211} INFO - Sync 1 DAGs
[2024-08-22T00:28:32.062+0000] {logging_mixin.py:190} INFO - [2024-08-22T00:28:32.062+0000] {dag.py:4138} INFO - Setting next_dagrun for example_python_operator to None, run_after=None
[2024-08-22T00:28:32.140+0000] {processor.py:208} INFO - Processing /home/airflow/.local/lib/python3.12/site-packages/airflow/example_dags/example_python_operator.py took 0.554 seconds
[2024-08-22T00:29:02.440+0000] {processor.py:186} INFO - Started process (PID=1089) to work on /home/airflow/.local/lib/python3.12/site-packages/airflow/example_dags/example_python_operator.py
[2024-08-22T00:29:02.442+0000] {processor.py:914} INFO - Processing file /home/airflow/.local/lib/python3.12/site-packages/airflow/example_dags/example_python_operator.py for tasks to queue
[2024-08-22T00:29:02.447+0000] {logging_mixin.py:190} INFO - [2024-08-22T00:29:02.446+0000] {dagbag.py:587} INFO - Filling up the DagBag from /home/airflow/.local/lib/python3.12/site-packages/airflow/example_dags/example_python_operator.py
[2024-08-22T00:29:02.472+0000] {processor.py:925} INFO - DAG(s) 'example_python_operator' retrieved from /home/airflow/.local/lib/python3.12/site-packages/airflow/example_dags/example_python_operator.py
[2024-08-22T00:29:02.539+0000] {logging_mixin.py:190} INFO - [2024-08-22T00:29:02.539+0000] {dag.py:3211} INFO - Sync 1 DAGs
[2024-08-22T00:29:02.564+0000] {logging_mixin.py:190} INFO - [2024-08-22T00:29:02.564+0000] {dag.py:4138} INFO - Setting next_dagrun for example_python_operator to None, run_after=None
[2024-08-22T00:29:02.612+0000] {processor.py:208} INFO - Processing /home/airflow/.local/lib/python3.12/site-packages/airflow/example_dags/example_python_operator.py took 0.180 seconds
[2024-08-22T00:29:32.744+0000] {processor.py:186} INFO - Started process (PID=1151) to work on /home/airflow/.local/lib/python3.12/site-packages/airflow/example_dags/example_python_operator.py
[2024-08-22T00:29:32.746+0000] {processor.py:914} INFO - Processing file /home/airflow/.local/lib/python3.12/site-packages/airflow/example_dags/example_python_operator.py for tasks to queue
[2024-08-22T00:29:32.750+0000] {logging_mixin.py:190} INFO - [2024-08-22T00:29:32.749+0000] {dagbag.py:587} INFO - Filling up the DagBag from /home/airflow/.local/lib/python3.12/site-packages/airflow/example_dags/example_python_operator.py
[2024-08-22T00:29:32.771+0000] {processor.py:925} INFO - DAG(s) 'example_python_operator' retrieved from /home/airflow/.local/lib/python3.12/site-packages/airflow/example_dags/example_python_operator.py
[2024-08-22T00:29:32.814+0000] {logging_mixin.py:190} INFO - [2024-08-22T00:29:32.813+0000] {dag.py:3211} INFO - Sync 1 DAGs
[2024-08-22T00:29:32.839+0000] {logging_mixin.py:190} INFO - [2024-08-22T00:29:32.839+0000] {dag.py:4138} INFO - Setting next_dagrun for example_python_operator to None, run_after=None
[2024-08-22T00:29:32.899+0000] {processor.py:208} INFO - Processing /home/airflow/.local/lib/python3.12/site-packages/airflow/example_dags/example_python_operator.py took 0.166 seconds
[2024-08-22T00:30:03.178+0000] {processor.py:186} INFO - Started process (PID=1215) to work on /home/airflow/.local/lib/python3.12/site-packages/airflow/example_dags/example_python_operator.py
[2024-08-22T00:30:03.180+0000] {processor.py:914} INFO - Processing file /home/airflow/.local/lib/python3.12/site-packages/airflow/example_dags/example_python_operator.py for tasks to queue
[2024-08-22T00:30:03.184+0000] {logging_mixin.py:190} INFO - [2024-08-22T00:30:03.183+0000] {dagbag.py:587} INFO - Filling up the DagBag from /home/airflow/.local/lib/python3.12/site-packages/airflow/example_dags/example_python_operator.py
[2024-08-22T00:30:03.201+0000] {processor.py:925} INFO - DAG(s) 'example_python_operator' retrieved from /home/airflow/.local/lib/python3.12/site-packages/airflow/example_dags/example_python_operator.py
[2024-08-22T00:30:03.239+0000] {logging_mixin.py:190} INFO - [2024-08-22T00:30:03.239+0000] {dag.py:3211} INFO - Sync 1 DAGs
[2024-08-22T00:30:03.262+0000] {logging_mixin.py:190} INFO - [2024-08-22T00:30:03.262+0000] {dag.py:4138} INFO - Setting next_dagrun for example_python_operator to None, run_after=None
[2024-08-22T00:30:03.311+0000] {processor.py:208} INFO - Processing /home/airflow/.local/lib/python3.12/site-packages/airflow/example_dags/example_python_operator.py took 0.143 seconds
[2024-08-22T00:30:33.789+0000] {processor.py:186} INFO - Started process (PID=1279) to work on /home/airflow/.local/lib/python3.12/site-packages/airflow/example_dags/example_python_operator.py
[2024-08-22T00:30:33.791+0000] {processor.py:914} INFO - Processing file /home/airflow/.local/lib/python3.12/site-packages/airflow/example_dags/example_python_operator.py for tasks to queue
[2024-08-22T00:30:33.795+0000] {logging_mixin.py:190} INFO - [2024-08-22T00:30:33.795+0000] {dagbag.py:587} INFO - Filling up the DagBag from /home/airflow/.local/lib/python3.12/site-packages/airflow/example_dags/example_python_operator.py
[2024-08-22T00:30:33.816+0000] {processor.py:925} INFO - DAG(s) 'example_python_operator' retrieved from /home/airflow/.local/lib/python3.12/site-packages/airflow/example_dags/example_python_operator.py
[2024-08-22T00:30:33.868+0000] {logging_mixin.py:190} INFO - [2024-08-22T00:30:33.868+0000] {dag.py:3211} INFO - Sync 1 DAGs
[2024-08-22T00:30:33.908+0000] {logging_mixin.py:190} INFO - [2024-08-22T00:30:33.908+0000] {dag.py:4138} INFO - Setting next_dagrun for example_python_operator to None, run_after=None
[2024-08-22T00:30:33.977+0000] {processor.py:208} INFO - Processing /home/airflow/.local/lib/python3.12/site-packages/airflow/example_dags/example_python_operator.py took 0.200 seconds
[2024-08-22T00:31:04.235+0000] {processor.py:186} INFO - Started process (PID=1343) to work on /home/airflow/.local/lib/python3.12/site-packages/airflow/example_dags/example_python_operator.py
[2024-08-22T00:31:04.237+0000] {processor.py:914} INFO - Processing file /home/airflow/.local/lib/python3.12/site-packages/airflow/example_dags/example_python_operator.py for tasks to queue
[2024-08-22T00:31:04.242+0000] {logging_mixin.py:190} INFO - [2024-08-22T00:31:04.241+0000] {dagbag.py:587} INFO - Filling up the DagBag from /home/airflow/.local/lib/python3.12/site-packages/airflow/example_dags/example_python_operator.py
[2024-08-22T00:31:04.270+0000] {processor.py:925} INFO - DAG(s) 'example_python_operator' retrieved from /home/airflow/.local/lib/python3.12/site-packages/airflow/example_dags/example_python_operator.py
[2024-08-22T00:31:04.381+0000] {logging_mixin.py:190} INFO - [2024-08-22T00:31:04.381+0000] {dag.py:3211} INFO - Sync 1 DAGs
[2024-08-22T00:31:04.504+0000] {logging_mixin.py:190} INFO - [2024-08-22T00:31:04.503+0000] {dag.py:4138} INFO - Setting next_dagrun for example_python_operator to None, run_after=None
[2024-08-22T00:31:04.792+0000] {processor.py:208} INFO - Processing /home/airflow/.local/lib/python3.12/site-packages/airflow/example_dags/example_python_operator.py took 0.568 seconds
[2024-08-22T00:31:34.989+0000] {processor.py:186} INFO - Started process (PID=1408) to work on /home/airflow/.local/lib/python3.12/site-packages/airflow/example_dags/example_python_operator.py
[2024-08-22T00:31:35.001+0000] {processor.py:914} INFO - Processing file /home/airflow/.local/lib/python3.12/site-packages/airflow/example_dags/example_python_operator.py for tasks to queue
[2024-08-22T00:31:35.016+0000] {logging_mixin.py:190} INFO - [2024-08-22T00:31:35.015+0000] {dagbag.py:587} INFO - Filling up the DagBag from /home/airflow/.local/lib/python3.12/site-packages/airflow/example_dags/example_python_operator.py
[2024-08-22T00:31:35.087+0000] {processor.py:925} INFO - DAG(s) 'example_python_operator' retrieved from /home/airflow/.local/lib/python3.12/site-packages/airflow/example_dags/example_python_operator.py
[2024-08-22T00:31:35.204+0000] {logging_mixin.py:190} INFO - [2024-08-22T00:31:35.203+0000] {dag.py:3211} INFO - Sync 1 DAGs
[2024-08-22T00:31:35.260+0000] {logging_mixin.py:190} INFO - [2024-08-22T00:31:35.259+0000] {dag.py:4138} INFO - Setting next_dagrun for example_python_operator to None, run_after=None
[2024-08-22T00:31:35.339+0000] {processor.py:208} INFO - Processing /home/airflow/.local/lib/python3.12/site-packages/airflow/example_dags/example_python_operator.py took 0.373 seconds
[2024-08-22T00:32:05.792+0000] {processor.py:186} INFO - Started process (PID=1470) to work on /home/airflow/.local/lib/python3.12/site-packages/airflow/example_dags/example_python_operator.py
[2024-08-22T00:32:05.794+0000] {processor.py:914} INFO - Processing file /home/airflow/.local/lib/python3.12/site-packages/airflow/example_dags/example_python_operator.py for tasks to queue
[2024-08-22T00:32:05.798+0000] {logging_mixin.py:190} INFO - [2024-08-22T00:32:05.798+0000] {dagbag.py:587} INFO - Filling up the DagBag from /home/airflow/.local/lib/python3.12/site-packages/airflow/example_dags/example_python_operator.py
[2024-08-22T00:32:05.816+0000] {processor.py:925} INFO - DAG(s) 'example_python_operator' retrieved from /home/airflow/.local/lib/python3.12/site-packages/airflow/example_dags/example_python_operator.py
[2024-08-22T00:32:05.852+0000] {logging_mixin.py:190} INFO - [2024-08-22T00:32:05.851+0000] {dag.py:3211} INFO - Sync 1 DAGs
[2024-08-22T00:32:05.874+0000] {logging_mixin.py:190} INFO - [2024-08-22T00:32:05.874+0000] {dag.py:4138} INFO - Setting next_dagrun for example_python_operator to None, run_after=None
[2024-08-22T00:32:06.456+0000] {processor.py:208} INFO - Processing /home/airflow/.local/lib/python3.12/site-packages/airflow/example_dags/example_python_operator.py took 0.673 seconds
[2024-08-22T00:32:36.722+0000] {processor.py:186} INFO - Started process (PID=1533) to work on /home/airflow/.local/lib/python3.12/site-packages/airflow/example_dags/example_python_operator.py
[2024-08-22T00:32:36.723+0000] {processor.py:914} INFO - Processing file /home/airflow/.local/lib/python3.12/site-packages/airflow/example_dags/example_python_operator.py for tasks to queue
[2024-08-22T00:32:36.728+0000] {logging_mixin.py:190} INFO - [2024-08-22T00:32:36.726+0000] {dagbag.py:587} INFO - Filling up the DagBag from /home/airflow/.local/lib/python3.12/site-packages/airflow/example_dags/example_python_operator.py
[2024-08-22T00:32:36.745+0000] {processor.py:925} INFO - DAG(s) 'example_python_operator' retrieved from /home/airflow/.local/lib/python3.12/site-packages/airflow/example_dags/example_python_operator.py
[2024-08-22T00:32:36.779+0000] {logging_mixin.py:190} INFO - [2024-08-22T00:32:36.779+0000] {dag.py:3211} INFO - Sync 1 DAGs
[2024-08-22T00:32:36.801+0000] {logging_mixin.py:190} INFO - [2024-08-22T00:32:36.801+0000] {dag.py:4138} INFO - Setting next_dagrun for example_python_operator to None, run_after=None
[2024-08-22T00:32:36.834+0000] {processor.py:208} INFO - Processing /home/airflow/.local/lib/python3.12/site-packages/airflow/example_dags/example_python_operator.py took 0.120 seconds
[2024-08-22T00:33:07.690+0000] {processor.py:186} INFO - Started process (PID=1596) to work on /home/airflow/.local/lib/python3.12/site-packages/airflow/example_dags/example_python_operator.py
[2024-08-22T00:33:07.692+0000] {processor.py:914} INFO - Processing file /home/airflow/.local/lib/python3.12/site-packages/airflow/example_dags/example_python_operator.py for tasks to queue
[2024-08-22T00:33:07.699+0000] {logging_mixin.py:190} INFO - [2024-08-22T00:33:07.698+0000] {dagbag.py:587} INFO - Filling up the DagBag from /home/airflow/.local/lib/python3.12/site-packages/airflow/example_dags/example_python_operator.py
[2024-08-22T00:33:07.726+0000] {processor.py:925} INFO - DAG(s) 'example_python_operator' retrieved from /home/airflow/.local/lib/python3.12/site-packages/airflow/example_dags/example_python_operator.py
[2024-08-22T00:33:07.759+0000] {logging_mixin.py:190} INFO - [2024-08-22T00:33:07.758+0000] {dag.py:3211} INFO - Sync 1 DAGs
[2024-08-22T00:33:07.781+0000] {logging_mixin.py:190} INFO - [2024-08-22T00:33:07.780+0000] {dag.py:4138} INFO - Setting next_dagrun for example_python_operator to None, run_after=None
[2024-08-22T00:33:07.819+0000] {processor.py:208} INFO - Processing /home/airflow/.local/lib/python3.12/site-packages/airflow/example_dags/example_python_operator.py took 0.136 seconds
[2024-08-22T00:33:37.982+0000] {processor.py:186} INFO - Started process (PID=1659) to work on /home/airflow/.local/lib/python3.12/site-packages/airflow/example_dags/example_python_operator.py
[2024-08-22T00:33:37.984+0000] {processor.py:914} INFO - Processing file /home/airflow/.local/lib/python3.12/site-packages/airflow/example_dags/example_python_operator.py for tasks to queue
[2024-08-22T00:33:37.987+0000] {logging_mixin.py:190} INFO - [2024-08-22T00:33:37.987+0000] {dagbag.py:587} INFO - Filling up the DagBag from /home/airflow/.local/lib/python3.12/site-packages/airflow/example_dags/example_python_operator.py
[2024-08-22T00:33:38.005+0000] {processor.py:925} INFO - DAG(s) 'example_python_operator' retrieved from /home/airflow/.local/lib/python3.12/site-packages/airflow/example_dags/example_python_operator.py
[2024-08-22T00:33:38.038+0000] {logging_mixin.py:190} INFO - [2024-08-22T00:33:38.038+0000] {dag.py:3211} INFO - Sync 1 DAGs
[2024-08-22T00:33:38.058+0000] {logging_mixin.py:190} INFO - [2024-08-22T00:33:38.058+0000] {dag.py:4138} INFO - Setting next_dagrun for example_python_operator to None, run_after=None
[2024-08-22T00:33:38.095+0000] {processor.py:208} INFO - Processing /home/airflow/.local/lib/python3.12/site-packages/airflow/example_dags/example_python_operator.py took 0.123 seconds
[2024-08-22T00:34:08.622+0000] {processor.py:186} INFO - Started process (PID=1722) to work on /home/airflow/.local/lib/python3.12/site-packages/airflow/example_dags/example_python_operator.py
[2024-08-22T00:34:08.624+0000] {processor.py:914} INFO - Processing file /home/airflow/.local/lib/python3.12/site-packages/airflow/example_dags/example_python_operator.py for tasks to queue
[2024-08-22T00:34:08.630+0000] {logging_mixin.py:190} INFO - [2024-08-22T00:34:08.628+0000] {dagbag.py:587} INFO - Filling up the DagBag from /home/airflow/.local/lib/python3.12/site-packages/airflow/example_dags/example_python_operator.py
[2024-08-22T00:34:08.666+0000] {processor.py:925} INFO - DAG(s) 'example_python_operator' retrieved from /home/airflow/.local/lib/python3.12/site-packages/airflow/example_dags/example_python_operator.py
[2024-08-22T00:34:08.725+0000] {logging_mixin.py:190} INFO - [2024-08-22T00:34:08.725+0000] {dag.py:3211} INFO - Sync 1 DAGs
[2024-08-22T00:34:08.766+0000] {logging_mixin.py:190} INFO - [2024-08-22T00:34:08.766+0000] {dag.py:4138} INFO - Setting next_dagrun for example_python_operator to None, run_after=None
[2024-08-22T00:34:08.822+0000] {processor.py:208} INFO - Processing /home/airflow/.local/lib/python3.12/site-packages/airflow/example_dags/example_python_operator.py took 0.219 seconds
[2024-08-22T00:34:39.650+0000] {processor.py:186} INFO - Started process (PID=1784) to work on /home/airflow/.local/lib/python3.12/site-packages/airflow/example_dags/example_python_operator.py
[2024-08-22T00:34:39.652+0000] {processor.py:914} INFO - Processing file /home/airflow/.local/lib/python3.12/site-packages/airflow/example_dags/example_python_operator.py for tasks to queue
[2024-08-22T00:34:39.656+0000] {logging_mixin.py:190} INFO - [2024-08-22T00:34:39.655+0000] {dagbag.py:587} INFO - Filling up the DagBag from /home/airflow/.local/lib/python3.12/site-packages/airflow/example_dags/example_python_operator.py
[2024-08-22T00:34:39.677+0000] {processor.py:925} INFO - DAG(s) 'example_python_operator' retrieved from /home/airflow/.local/lib/python3.12/site-packages/airflow/example_dags/example_python_operator.py
[2024-08-22T00:34:39.720+0000] {logging_mixin.py:190} INFO - [2024-08-22T00:34:39.719+0000] {dag.py:3211} INFO - Sync 1 DAGs
[2024-08-22T00:34:39.742+0000] {logging_mixin.py:190} INFO - [2024-08-22T00:34:39.742+0000] {dag.py:4138} INFO - Setting next_dagrun for example_python_operator to None, run_after=None
[2024-08-22T00:34:39.784+0000] {processor.py:208} INFO - Processing /home/airflow/.local/lib/python3.12/site-packages/airflow/example_dags/example_python_operator.py took 0.145 seconds
[2024-08-22T00:35:10.634+0000] {processor.py:186} INFO - Started process (PID=1847) to work on /home/airflow/.local/lib/python3.12/site-packages/airflow/example_dags/example_python_operator.py
[2024-08-22T00:35:10.636+0000] {processor.py:914} INFO - Processing file /home/airflow/.local/lib/python3.12/site-packages/airflow/example_dags/example_python_operator.py for tasks to queue
[2024-08-22T00:35:10.642+0000] {logging_mixin.py:190} INFO - [2024-08-22T00:35:10.642+0000] {dagbag.py:587} INFO - Filling up the DagBag from /home/airflow/.local/lib/python3.12/site-packages/airflow/example_dags/example_python_operator.py
[2024-08-22T00:35:10.678+0000] {processor.py:925} INFO - DAG(s) 'example_python_operator' retrieved from /home/airflow/.local/lib/python3.12/site-packages/airflow/example_dags/example_python_operator.py
[2024-08-22T00:35:10.754+0000] {logging_mixin.py:190} INFO - [2024-08-22T00:35:10.753+0000] {dag.py:3211} INFO - Sync 1 DAGs
[2024-08-22T00:35:10.777+0000] {logging_mixin.py:190} INFO - [2024-08-22T00:35:10.777+0000] {dag.py:4138} INFO - Setting next_dagrun for example_python_operator to None, run_after=None
[2024-08-22T00:35:10.819+0000] {processor.py:208} INFO - Processing /home/airflow/.local/lib/python3.12/site-packages/airflow/example_dags/example_python_operator.py took 0.201 seconds
[2024-08-22T00:35:41.836+0000] {processor.py:186} INFO - Started process (PID=1910) to work on /home/airflow/.local/lib/python3.12/site-packages/airflow/example_dags/example_python_operator.py
[2024-08-22T00:35:41.837+0000] {processor.py:914} INFO - Processing file /home/airflow/.local/lib/python3.12/site-packages/airflow/example_dags/example_python_operator.py for tasks to queue
[2024-08-22T00:35:41.841+0000] {logging_mixin.py:190} INFO - [2024-08-22T00:35:41.840+0000] {dagbag.py:587} INFO - Filling up the DagBag from /home/airflow/.local/lib/python3.12/site-packages/airflow/example_dags/example_python_operator.py
[2024-08-22T00:35:41.873+0000] {processor.py:925} INFO - DAG(s) 'example_python_operator' retrieved from /home/airflow/.local/lib/python3.12/site-packages/airflow/example_dags/example_python_operator.py
[2024-08-22T00:35:41.927+0000] {logging_mixin.py:190} INFO - [2024-08-22T00:35:41.926+0000] {dag.py:3211} INFO - Sync 1 DAGs
[2024-08-22T00:35:41.960+0000] {logging_mixin.py:190} INFO - [2024-08-22T00:35:41.960+0000] {dag.py:4138} INFO - Setting next_dagrun for example_python_operator to None, run_after=None
[2024-08-22T00:35:42.003+0000] {processor.py:208} INFO - Processing /home/airflow/.local/lib/python3.12/site-packages/airflow/example_dags/example_python_operator.py took 0.184 seconds
[2024-08-22T00:36:12.305+0000] {processor.py:186} INFO - Started process (PID=1972) to work on /home/airflow/.local/lib/python3.12/site-packages/airflow/example_dags/example_python_operator.py
[2024-08-22T00:36:12.306+0000] {processor.py:914} INFO - Processing file /home/airflow/.local/lib/python3.12/site-packages/airflow/example_dags/example_python_operator.py for tasks to queue
[2024-08-22T00:36:12.310+0000] {logging_mixin.py:190} INFO - [2024-08-22T00:36:12.309+0000] {dagbag.py:587} INFO - Filling up the DagBag from /home/airflow/.local/lib/python3.12/site-packages/airflow/example_dags/example_python_operator.py
[2024-08-22T00:36:12.329+0000] {processor.py:925} INFO - DAG(s) 'example_python_operator' retrieved from /home/airflow/.local/lib/python3.12/site-packages/airflow/example_dags/example_python_operator.py
[2024-08-22T00:36:12.363+0000] {logging_mixin.py:190} INFO - [2024-08-22T00:36:12.362+0000] {dag.py:3211} INFO - Sync 1 DAGs
[2024-08-22T00:36:12.384+0000] {logging_mixin.py:190} INFO - [2024-08-22T00:36:12.384+0000] {dag.py:4138} INFO - Setting next_dagrun for example_python_operator to None, run_after=None
[2024-08-22T00:36:12.419+0000] {processor.py:208} INFO - Processing /home/airflow/.local/lib/python3.12/site-packages/airflow/example_dags/example_python_operator.py took 0.125 seconds
[2024-08-22T00:36:42.856+0000] {processor.py:186} INFO - Started process (PID=2035) to work on /home/airflow/.local/lib/python3.12/site-packages/airflow/example_dags/example_python_operator.py
[2024-08-22T00:36:42.859+0000] {processor.py:914} INFO - Processing file /home/airflow/.local/lib/python3.12/site-packages/airflow/example_dags/example_python_operator.py for tasks to queue
[2024-08-22T00:36:42.866+0000] {logging_mixin.py:190} INFO - [2024-08-22T00:36:42.865+0000] {dagbag.py:587} INFO - Filling up the DagBag from /home/airflow/.local/lib/python3.12/site-packages/airflow/example_dags/example_python_operator.py
[2024-08-22T00:36:42.920+0000] {processor.py:925} INFO - DAG(s) 'example_python_operator' retrieved from /home/airflow/.local/lib/python3.12/site-packages/airflow/example_dags/example_python_operator.py
[2024-08-22T00:36:42.982+0000] {logging_mixin.py:190} INFO - [2024-08-22T00:36:42.982+0000] {dag.py:3211} INFO - Sync 1 DAGs
[2024-08-22T00:36:43.019+0000] {logging_mixin.py:190} INFO - [2024-08-22T00:36:43.019+0000] {dag.py:4138} INFO - Setting next_dagrun for example_python_operator to None, run_after=None
[2024-08-22T00:36:43.045+0000] {processor.py:208} INFO - Processing /home/airflow/.local/lib/python3.12/site-packages/airflow/example_dags/example_python_operator.py took 0.202 seconds
[2024-08-22T00:37:13.548+0000] {processor.py:186} INFO - Started process (PID=2098) to work on /home/airflow/.local/lib/python3.12/site-packages/airflow/example_dags/example_python_operator.py
[2024-08-22T00:37:13.549+0000] {processor.py:914} INFO - Processing file /home/airflow/.local/lib/python3.12/site-packages/airflow/example_dags/example_python_operator.py for tasks to queue
[2024-08-22T00:37:13.553+0000] {logging_mixin.py:190} INFO - [2024-08-22T00:37:13.552+0000] {dagbag.py:587} INFO - Filling up the DagBag from /home/airflow/.local/lib/python3.12/site-packages/airflow/example_dags/example_python_operator.py
[2024-08-22T00:37:13.571+0000] {processor.py:925} INFO - DAG(s) 'example_python_operator' retrieved from /home/airflow/.local/lib/python3.12/site-packages/airflow/example_dags/example_python_operator.py
[2024-08-22T00:37:13.604+0000] {logging_mixin.py:190} INFO - [2024-08-22T00:37:13.604+0000] {dag.py:3211} INFO - Sync 1 DAGs
[2024-08-22T00:37:13.624+0000] {logging_mixin.py:190} INFO - [2024-08-22T00:37:13.624+0000] {dag.py:4138} INFO - Setting next_dagrun for example_python_operator to None, run_after=None
[2024-08-22T00:37:13.671+0000] {processor.py:208} INFO - Processing /home/airflow/.local/lib/python3.12/site-packages/airflow/example_dags/example_python_operator.py took 0.133 seconds
[2024-08-22T00:37:46.305+0000] {processor.py:186} INFO - Started process (PID=2162) to work on /home/airflow/.local/lib/python3.12/site-packages/airflow/example_dags/example_python_operator.py
[2024-08-22T00:37:46.306+0000] {processor.py:914} INFO - Processing file /home/airflow/.local/lib/python3.12/site-packages/airflow/example_dags/example_python_operator.py for tasks to queue
[2024-08-22T00:37:46.310+0000] {logging_mixin.py:190} INFO - [2024-08-22T00:37:46.310+0000] {dagbag.py:587} INFO - Filling up the DagBag from /home/airflow/.local/lib/python3.12/site-packages/airflow/example_dags/example_python_operator.py
[2024-08-22T00:37:46.334+0000] {processor.py:925} INFO - DAG(s) 'example_python_operator' retrieved from /home/airflow/.local/lib/python3.12/site-packages/airflow/example_dags/example_python_operator.py
[2024-08-22T00:37:46.381+0000] {logging_mixin.py:190} INFO - [2024-08-22T00:37:46.380+0000] {dag.py:3211} INFO - Sync 1 DAGs
[2024-08-22T00:37:46.414+0000] {logging_mixin.py:190} INFO - [2024-08-22T00:37:46.413+0000] {dag.py:4138} INFO - Setting next_dagrun for example_python_operator to None, run_after=None
[2024-08-22T00:37:46.457+0000] {processor.py:208} INFO - Processing /home/airflow/.local/lib/python3.12/site-packages/airflow/example_dags/example_python_operator.py took 0.163 seconds
[2024-08-22T00:38:16.988+0000] {processor.py:186} INFO - Started process (PID=2222) to work on /home/airflow/.local/lib/python3.12/site-packages/airflow/example_dags/example_python_operator.py
[2024-08-22T00:38:16.990+0000] {processor.py:914} INFO - Processing file /home/airflow/.local/lib/python3.12/site-packages/airflow/example_dags/example_python_operator.py for tasks to queue
[2024-08-22T00:38:16.995+0000] {logging_mixin.py:190} INFO - [2024-08-22T00:38:16.994+0000] {dagbag.py:587} INFO - Filling up the DagBag from /home/airflow/.local/lib/python3.12/site-packages/airflow/example_dags/example_python_operator.py
[2024-08-22T00:38:17.021+0000] {processor.py:925} INFO - DAG(s) 'example_python_operator' retrieved from /home/airflow/.local/lib/python3.12/site-packages/airflow/example_dags/example_python_operator.py
[2024-08-22T00:38:17.073+0000] {logging_mixin.py:190} INFO - [2024-08-22T00:38:17.072+0000] {dag.py:3211} INFO - Sync 1 DAGs
[2024-08-22T00:38:17.104+0000] {logging_mixin.py:190} INFO - [2024-08-22T00:38:17.104+0000] {dag.py:4138} INFO - Setting next_dagrun for example_python_operator to None, run_after=None
[2024-08-22T00:38:17.162+0000] {processor.py:208} INFO - Processing /home/airflow/.local/lib/python3.12/site-packages/airflow/example_dags/example_python_operator.py took 0.189 seconds
[2024-08-22T00:38:49.079+0000] {processor.py:186} INFO - Started process (PID=2281) to work on /home/airflow/.local/lib/python3.12/site-packages/airflow/example_dags/example_python_operator.py
[2024-08-22T00:38:49.082+0000] {processor.py:914} INFO - Processing file /home/airflow/.local/lib/python3.12/site-packages/airflow/example_dags/example_python_operator.py for tasks to queue
[2024-08-22T00:38:49.086+0000] {logging_mixin.py:190} INFO - [2024-08-22T00:38:49.085+0000] {dagbag.py:587} INFO - Filling up the DagBag from /home/airflow/.local/lib/python3.12/site-packages/airflow/example_dags/example_python_operator.py
[2024-08-22T00:38:49.106+0000] {processor.py:925} INFO - DAG(s) 'example_python_operator' retrieved from /home/airflow/.local/lib/python3.12/site-packages/airflow/example_dags/example_python_operator.py
[2024-08-22T00:38:49.147+0000] {logging_mixin.py:190} INFO - [2024-08-22T00:38:49.146+0000] {dag.py:3211} INFO - Sync 1 DAGs
[2024-08-22T00:38:49.175+0000] {logging_mixin.py:190} INFO - [2024-08-22T00:38:49.174+0000] {dag.py:4138} INFO - Setting next_dagrun for example_python_operator to None, run_after=None
[2024-08-22T00:38:49.221+0000] {processor.py:208} INFO - Processing /home/airflow/.local/lib/python3.12/site-packages/airflow/example_dags/example_python_operator.py took 0.152 seconds
[2024-08-22T00:39:20.456+0000] {processor.py:186} INFO - Started process (PID=2340) to work on /home/airflow/.local/lib/python3.12/site-packages/airflow/example_dags/example_python_operator.py
[2024-08-22T00:39:20.458+0000] {processor.py:914} INFO - Processing file /home/airflow/.local/lib/python3.12/site-packages/airflow/example_dags/example_python_operator.py for tasks to queue
[2024-08-22T00:39:20.464+0000] {logging_mixin.py:190} INFO - [2024-08-22T00:39:20.461+0000] {dagbag.py:587} INFO - Filling up the DagBag from /home/airflow/.local/lib/python3.12/site-packages/airflow/example_dags/example_python_operator.py
[2024-08-22T00:39:20.489+0000] {processor.py:925} INFO - DAG(s) 'example_python_operator' retrieved from /home/airflow/.local/lib/python3.12/site-packages/airflow/example_dags/example_python_operator.py
[2024-08-22T00:39:20.540+0000] {logging_mixin.py:190} INFO - [2024-08-22T00:39:20.540+0000] {dag.py:3211} INFO - Sync 1 DAGs
[2024-08-22T00:39:20.569+0000] {logging_mixin.py:190} INFO - [2024-08-22T00:39:20.569+0000] {dag.py:4138} INFO - Setting next_dagrun for example_python_operator to None, run_after=None
[2024-08-22T00:39:20.608+0000] {processor.py:208} INFO - Processing /home/airflow/.local/lib/python3.12/site-packages/airflow/example_dags/example_python_operator.py took 0.164 seconds
[2024-08-22T00:39:50.913+0000] {processor.py:186} INFO - Started process (PID=2397) to work on /home/airflow/.local/lib/python3.12/site-packages/airflow/example_dags/example_python_operator.py
[2024-08-22T00:39:50.915+0000] {processor.py:914} INFO - Processing file /home/airflow/.local/lib/python3.12/site-packages/airflow/example_dags/example_python_operator.py for tasks to queue
[2024-08-22T00:39:50.919+0000] {logging_mixin.py:190} INFO - [2024-08-22T00:39:50.918+0000] {dagbag.py:587} INFO - Filling up the DagBag from /home/airflow/.local/lib/python3.12/site-packages/airflow/example_dags/example_python_operator.py
[2024-08-22T00:39:50.939+0000] {processor.py:925} INFO - DAG(s) 'example_python_operator' retrieved from /home/airflow/.local/lib/python3.12/site-packages/airflow/example_dags/example_python_operator.py
[2024-08-22T00:39:50.974+0000] {logging_mixin.py:190} INFO - [2024-08-22T00:39:50.974+0000] {dag.py:3211} INFO - Sync 1 DAGs
[2024-08-22T00:39:50.998+0000] {logging_mixin.py:190} INFO - [2024-08-22T00:39:50.998+0000] {dag.py:4138} INFO - Setting next_dagrun for example_python_operator to None, run_after=None
[2024-08-22T00:39:51.031+0000] {processor.py:208} INFO - Processing /home/airflow/.local/lib/python3.12/site-packages/airflow/example_dags/example_python_operator.py took 0.127 seconds
[2024-08-22T00:40:21.557+0000] {processor.py:186} INFO - Started process (PID=2451) to work on /home/airflow/.local/lib/python3.12/site-packages/airflow/example_dags/example_python_operator.py
[2024-08-22T00:40:21.559+0000] {processor.py:914} INFO - Processing file /home/airflow/.local/lib/python3.12/site-packages/airflow/example_dags/example_python_operator.py for tasks to queue
[2024-08-22T00:40:21.564+0000] {logging_mixin.py:190} INFO - [2024-08-22T00:40:21.563+0000] {dagbag.py:587} INFO - Filling up the DagBag from /home/airflow/.local/lib/python3.12/site-packages/airflow/example_dags/example_python_operator.py
[2024-08-22T00:40:21.583+0000] {processor.py:925} INFO - DAG(s) 'example_python_operator' retrieved from /home/airflow/.local/lib/python3.12/site-packages/airflow/example_dags/example_python_operator.py
[2024-08-22T00:40:21.625+0000] {logging_mixin.py:190} INFO - [2024-08-22T00:40:21.624+0000] {dag.py:3211} INFO - Sync 1 DAGs
[2024-08-22T00:40:21.650+0000] {logging_mixin.py:190} INFO - [2024-08-22T00:40:21.649+0000] {dag.py:4138} INFO - Setting next_dagrun for example_python_operator to None, run_after=None
[2024-08-22T00:40:21.840+0000] {processor.py:208} INFO - Processing /home/airflow/.local/lib/python3.12/site-packages/airflow/example_dags/example_python_operator.py took 0.297 seconds
[2024-08-22T00:40:52.019+0000] {processor.py:186} INFO - Started process (PID=2514) to work on /home/airflow/.local/lib/python3.12/site-packages/airflow/example_dags/example_python_operator.py
[2024-08-22T00:40:52.020+0000] {processor.py:914} INFO - Processing file /home/airflow/.local/lib/python3.12/site-packages/airflow/example_dags/example_python_operator.py for tasks to queue
[2024-08-22T00:40:52.024+0000] {logging_mixin.py:190} INFO - [2024-08-22T00:40:52.024+0000] {dagbag.py:587} INFO - Filling up the DagBag from /home/airflow/.local/lib/python3.12/site-packages/airflow/example_dags/example_python_operator.py
[2024-08-22T00:40:52.047+0000] {processor.py:925} INFO - DAG(s) 'example_python_operator' retrieved from /home/airflow/.local/lib/python3.12/site-packages/airflow/example_dags/example_python_operator.py
[2024-08-22T00:40:52.092+0000] {logging_mixin.py:190} INFO - [2024-08-22T00:40:52.090+0000] {dag.py:3211} INFO - Sync 1 DAGs
[2024-08-22T00:40:52.140+0000] {logging_mixin.py:190} INFO - [2024-08-22T00:40:52.138+0000] {dag.py:4138} INFO - Setting next_dagrun for example_python_operator to None, run_after=None
[2024-08-22T00:40:52.194+0000] {processor.py:208} INFO - Processing /home/airflow/.local/lib/python3.12/site-packages/airflow/example_dags/example_python_operator.py took 0.184 seconds
[2024-08-22T00:41:23.322+0000] {processor.py:186} INFO - Started process (PID=2575) to work on /home/airflow/.local/lib/python3.12/site-packages/airflow/example_dags/example_python_operator.py
[2024-08-22T00:41:23.323+0000] {processor.py:914} INFO - Processing file /home/airflow/.local/lib/python3.12/site-packages/airflow/example_dags/example_python_operator.py for tasks to queue
[2024-08-22T00:41:23.327+0000] {logging_mixin.py:190} INFO - [2024-08-22T00:41:23.327+0000] {dagbag.py:587} INFO - Filling up the DagBag from /home/airflow/.local/lib/python3.12/site-packages/airflow/example_dags/example_python_operator.py
[2024-08-22T00:41:23.347+0000] {processor.py:925} INFO - DAG(s) 'example_python_operator' retrieved from /home/airflow/.local/lib/python3.12/site-packages/airflow/example_dags/example_python_operator.py
[2024-08-22T00:41:23.385+0000] {logging_mixin.py:190} INFO - [2024-08-22T00:41:23.385+0000] {dag.py:3211} INFO - Sync 1 DAGs
[2024-08-22T00:41:23.409+0000] {logging_mixin.py:190} INFO - [2024-08-22T00:41:23.409+0000] {dag.py:4138} INFO - Setting next_dagrun for example_python_operator to None, run_after=None
[2024-08-22T00:41:23.446+0000] {processor.py:208} INFO - Processing /home/airflow/.local/lib/python3.12/site-packages/airflow/example_dags/example_python_operator.py took 0.138 seconds
[2024-08-22T00:41:53.534+0000] {processor.py:186} INFO - Started process (PID=2634) to work on /home/airflow/.local/lib/python3.12/site-packages/airflow/example_dags/example_python_operator.py
[2024-08-22T00:41:53.536+0000] {processor.py:914} INFO - Processing file /home/airflow/.local/lib/python3.12/site-packages/airflow/example_dags/example_python_operator.py for tasks to queue
[2024-08-22T00:41:53.540+0000] {logging_mixin.py:190} INFO - [2024-08-22T00:41:53.539+0000] {dagbag.py:587} INFO - Filling up the DagBag from /home/airflow/.local/lib/python3.12/site-packages/airflow/example_dags/example_python_operator.py
[2024-08-22T00:41:53.564+0000] {processor.py:925} INFO - DAG(s) 'example_python_operator' retrieved from /home/airflow/.local/lib/python3.12/site-packages/airflow/example_dags/example_python_operator.py
[2024-08-22T00:41:53.606+0000] {logging_mixin.py:190} INFO - [2024-08-22T00:41:53.604+0000] {dag.py:3211} INFO - Sync 1 DAGs
[2024-08-22T00:41:53.635+0000] {logging_mixin.py:190} INFO - [2024-08-22T00:41:53.635+0000] {dag.py:4138} INFO - Setting next_dagrun for example_python_operator to None, run_after=None
[2024-08-22T00:41:53.688+0000] {processor.py:208} INFO - Processing /home/airflow/.local/lib/python3.12/site-packages/airflow/example_dags/example_python_operator.py took 0.165 seconds
[2024-08-22T00:42:24.207+0000] {processor.py:186} INFO - Started process (PID=2697) to work on /home/airflow/.local/lib/python3.12/site-packages/airflow/example_dags/example_python_operator.py
[2024-08-22T00:42:24.208+0000] {processor.py:914} INFO - Processing file /home/airflow/.local/lib/python3.12/site-packages/airflow/example_dags/example_python_operator.py for tasks to queue
[2024-08-22T00:42:24.212+0000] {logging_mixin.py:190} INFO - [2024-08-22T00:42:24.211+0000] {dagbag.py:587} INFO - Filling up the DagBag from /home/airflow/.local/lib/python3.12/site-packages/airflow/example_dags/example_python_operator.py
[2024-08-22T00:42:24.228+0000] {processor.py:925} INFO - DAG(s) 'example_python_operator' retrieved from /home/airflow/.local/lib/python3.12/site-packages/airflow/example_dags/example_python_operator.py
[2024-08-22T00:42:24.265+0000] {logging_mixin.py:190} INFO - [2024-08-22T00:42:24.265+0000] {dag.py:3211} INFO - Sync 1 DAGs
[2024-08-22T00:42:24.288+0000] {logging_mixin.py:190} INFO - [2024-08-22T00:42:24.287+0000] {dag.py:4138} INFO - Setting next_dagrun for example_python_operator to None, run_after=None
[2024-08-22T00:42:24.328+0000] {processor.py:208} INFO - Processing /home/airflow/.local/lib/python3.12/site-packages/airflow/example_dags/example_python_operator.py took 0.130 seconds
[2024-08-22T03:42:54.260+0000] {processor.py:186} INFO - Started process (PID=2760) to work on /home/airflow/.local/lib/python3.12/site-packages/airflow/example_dags/example_python_operator.py
[2024-08-22T03:42:54.262+0000] {processor.py:914} INFO - Processing file /home/airflow/.local/lib/python3.12/site-packages/airflow/example_dags/example_python_operator.py for tasks to queue
[2024-08-22T03:42:54.266+0000] {logging_mixin.py:190} INFO - [2024-08-22T03:42:54.265+0000] {dagbag.py:587} INFO - Filling up the DagBag from /home/airflow/.local/lib/python3.12/site-packages/airflow/example_dags/example_python_operator.py
[2024-08-22T03:42:54.296+0000] {processor.py:925} INFO - DAG(s) 'example_python_operator' retrieved from /home/airflow/.local/lib/python3.12/site-packages/airflow/example_dags/example_python_operator.py
[2024-08-22T03:42:54.357+0000] {logging_mixin.py:190} INFO - [2024-08-22T03:42:54.357+0000] {dag.py:3211} INFO - Sync 1 DAGs
[2024-08-22T03:42:54.394+0000] {logging_mixin.py:190} INFO - [2024-08-22T03:42:54.393+0000] {dag.py:4138} INFO - Setting next_dagrun for example_python_operator to None, run_after=None
[2024-08-22T03:42:54.459+0000] {processor.py:208} INFO - Processing /home/airflow/.local/lib/python3.12/site-packages/airflow/example_dags/example_python_operator.py took 0.216 seconds
