[2024-08-22T00:20:37.168+0000] {processor.py:186} INFO - Started process (PID=118) to work on /home/airflow/.local/lib/python3.12/site-packages/airflow/example_dags/example_task_group.py
[2024-08-22T00:20:37.171+0000] {processor.py:914} INFO - Processing file /home/airflow/.local/lib/python3.12/site-packages/airflow/example_dags/example_task_group.py for tasks to queue
[2024-08-22T00:20:37.180+0000] {logging_mixin.py:190} INFO - [2024-08-22T00:20:37.179+0000] {dagbag.py:587} INFO - Filling up the DagBag from /home/airflow/.local/lib/python3.12/site-packages/airflow/example_dags/example_task_group.py
[2024-08-22T00:20:37.215+0000] {processor.py:925} INFO - DAG(s) 'example_task_group' retrieved from /home/airflow/.local/lib/python3.12/site-packages/airflow/example_dags/example_task_group.py
[2024-08-22T00:20:37.483+0000] {logging_mixin.py:190} INFO - [2024-08-22T00:20:37.482+0000] {override.py:1858} INFO - Created Permission View: can read on DAG:example_task_group
[2024-08-22T00:20:37.512+0000] {logging_mixin.py:190} INFO - [2024-08-22T00:20:37.512+0000] {override.py:1858} INFO - Created Permission View: can delete on DAG:example_task_group
[2024-08-22T00:20:37.537+0000] {logging_mixin.py:190} INFO - [2024-08-22T00:20:37.537+0000] {override.py:1858} INFO - Created Permission View: can edit on DAG:example_task_group
[2024-08-22T00:20:37.539+0000] {logging_mixin.py:190} INFO - [2024-08-22T00:20:37.538+0000] {dag.py:3211} INFO - Sync 1 DAGs
[2024-08-22T00:20:37.578+0000] {logging_mixin.py:190} INFO - [2024-08-22T00:20:37.577+0000] {dag.py:3234} INFO - Creating ORM DAG for example_task_group
[2024-08-22T00:20:37.612+0000] {logging_mixin.py:190} INFO - [2024-08-22T00:20:37.612+0000] {dag.py:4138} INFO - Setting next_dagrun for example_task_group to 2024-08-21 00:00:00+00:00, run_after=2024-08-22 00:00:00+00:00
[2024-08-22T00:20:37.678+0000] {processor.py:208} INFO - Processing /home/airflow/.local/lib/python3.12/site-packages/airflow/example_dags/example_task_group.py took 0.525 seconds
[2024-08-22T00:21:07.790+0000] {processor.py:186} INFO - Started process (PID=181) to work on /home/airflow/.local/lib/python3.12/site-packages/airflow/example_dags/example_task_group.py
[2024-08-22T00:21:07.792+0000] {processor.py:914} INFO - Processing file /home/airflow/.local/lib/python3.12/site-packages/airflow/example_dags/example_task_group.py for tasks to queue
[2024-08-22T00:21:07.797+0000] {logging_mixin.py:190} INFO - [2024-08-22T00:21:07.796+0000] {dagbag.py:587} INFO - Filling up the DagBag from /home/airflow/.local/lib/python3.12/site-packages/airflow/example_dags/example_task_group.py
[2024-08-22T00:21:07.819+0000] {processor.py:925} INFO - DAG(s) 'example_task_group' retrieved from /home/airflow/.local/lib/python3.12/site-packages/airflow/example_dags/example_task_group.py
[2024-08-22T00:21:07.882+0000] {logging_mixin.py:190} INFO - [2024-08-22T00:21:07.882+0000] {dag.py:3211} INFO - Sync 1 DAGs
[2024-08-22T00:21:07.937+0000] {logging_mixin.py:190} INFO - [2024-08-22T00:21:07.937+0000] {dag.py:4138} INFO - Setting next_dagrun for example_task_group to 2024-08-21 00:00:00+00:00, run_after=2024-08-22 00:00:00+00:00
[2024-08-22T00:21:08.109+0000] {processor.py:208} INFO - Processing /home/airflow/.local/lib/python3.12/site-packages/airflow/example_dags/example_task_group.py took 0.335 seconds
[2024-08-22T00:22:05.414+0000] {processor.py:186} INFO - Started process (PID=250) to work on /home/airflow/.local/lib/python3.12/site-packages/airflow/example_dags/example_task_group.py
[2024-08-22T00:22:05.416+0000] {processor.py:914} INFO - Processing file /home/airflow/.local/lib/python3.12/site-packages/airflow/example_dags/example_task_group.py for tasks to queue
[2024-08-22T00:22:05.419+0000] {logging_mixin.py:190} INFO - [2024-08-22T00:22:05.419+0000] {dagbag.py:587} INFO - Filling up the DagBag from /home/airflow/.local/lib/python3.12/site-packages/airflow/example_dags/example_task_group.py
[2024-08-22T00:22:05.633+0000] {processor.py:925} INFO - DAG(s) 'example_task_group' retrieved from /home/airflow/.local/lib/python3.12/site-packages/airflow/example_dags/example_task_group.py
[2024-08-22T00:22:05.886+0000] {logging_mixin.py:190} INFO - [2024-08-22T00:22:05.885+0000] {dag.py:3211} INFO - Sync 1 DAGs
[2024-08-22T00:22:05.926+0000] {logging_mixin.py:190} INFO - [2024-08-22T00:22:05.926+0000] {dag.py:4138} INFO - Setting next_dagrun for example_task_group to 2024-08-21 00:00:00+00:00, run_after=2024-08-22 00:00:00+00:00
[2024-08-22T00:22:06.065+0000] {processor.py:208} INFO - Processing /home/airflow/.local/lib/python3.12/site-packages/airflow/example_dags/example_task_group.py took 0.661 seconds
[2024-08-22T00:22:37.023+0000] {processor.py:186} INFO - Started process (PID=311) to work on /home/airflow/.local/lib/python3.12/site-packages/airflow/example_dags/example_task_group.py
[2024-08-22T00:22:37.029+0000] {processor.py:914} INFO - Processing file /home/airflow/.local/lib/python3.12/site-packages/airflow/example_dags/example_task_group.py for tasks to queue
[2024-08-22T00:22:37.033+0000] {logging_mixin.py:190} INFO - [2024-08-22T00:22:37.033+0000] {dagbag.py:587} INFO - Filling up the DagBag from /home/airflow/.local/lib/python3.12/site-packages/airflow/example_dags/example_task_group.py
[2024-08-22T00:22:37.052+0000] {processor.py:925} INFO - DAG(s) 'example_task_group' retrieved from /home/airflow/.local/lib/python3.12/site-packages/airflow/example_dags/example_task_group.py
[2024-08-22T00:22:37.101+0000] {logging_mixin.py:190} INFO - [2024-08-22T00:22:37.101+0000] {dag.py:3211} INFO - Sync 1 DAGs
[2024-08-22T00:22:37.166+0000] {logging_mixin.py:190} INFO - [2024-08-22T00:22:37.166+0000] {dag.py:4138} INFO - Setting next_dagrun for example_task_group to 2024-08-21 00:00:00+00:00, run_after=2024-08-22 00:00:00+00:00
[2024-08-22T00:22:37.213+0000] {processor.py:208} INFO - Processing /home/airflow/.local/lib/python3.12/site-packages/airflow/example_dags/example_task_group.py took 0.200 seconds
[2024-08-22T00:23:07.400+0000] {processor.py:186} INFO - Started process (PID=374) to work on /home/airflow/.local/lib/python3.12/site-packages/airflow/example_dags/example_task_group.py
[2024-08-22T00:23:07.403+0000] {processor.py:914} INFO - Processing file /home/airflow/.local/lib/python3.12/site-packages/airflow/example_dags/example_task_group.py for tasks to queue
[2024-08-22T00:23:07.407+0000] {logging_mixin.py:190} INFO - [2024-08-22T00:23:07.406+0000] {dagbag.py:587} INFO - Filling up the DagBag from /home/airflow/.local/lib/python3.12/site-packages/airflow/example_dags/example_task_group.py
[2024-08-22T00:23:07.432+0000] {processor.py:925} INFO - DAG(s) 'example_task_group' retrieved from /home/airflow/.local/lib/python3.12/site-packages/airflow/example_dags/example_task_group.py
[2024-08-22T00:23:07.498+0000] {logging_mixin.py:190} INFO - [2024-08-22T00:23:07.498+0000] {dag.py:3211} INFO - Sync 1 DAGs
[2024-08-22T00:23:07.548+0000] {logging_mixin.py:190} INFO - [2024-08-22T00:23:07.547+0000] {dag.py:4138} INFO - Setting next_dagrun for example_task_group to 2024-08-21 00:00:00+00:00, run_after=2024-08-22 00:00:00+00:00
[2024-08-22T00:23:07.695+0000] {processor.py:208} INFO - Processing /home/airflow/.local/lib/python3.12/site-packages/airflow/example_dags/example_task_group.py took 0.310 seconds
[2024-08-22T00:23:37.898+0000] {processor.py:186} INFO - Started process (PID=437) to work on /home/airflow/.local/lib/python3.12/site-packages/airflow/example_dags/example_task_group.py
[2024-08-22T00:23:37.899+0000] {processor.py:914} INFO - Processing file /home/airflow/.local/lib/python3.12/site-packages/airflow/example_dags/example_task_group.py for tasks to queue
[2024-08-22T00:23:37.904+0000] {logging_mixin.py:190} INFO - [2024-08-22T00:23:37.903+0000] {dagbag.py:587} INFO - Filling up the DagBag from /home/airflow/.local/lib/python3.12/site-packages/airflow/example_dags/example_task_group.py
[2024-08-22T00:23:37.928+0000] {processor.py:925} INFO - DAG(s) 'example_task_group' retrieved from /home/airflow/.local/lib/python3.12/site-packages/airflow/example_dags/example_task_group.py
[2024-08-22T00:23:37.974+0000] {logging_mixin.py:190} INFO - [2024-08-22T00:23:37.973+0000] {dag.py:3211} INFO - Sync 1 DAGs
[2024-08-22T00:23:38.022+0000] {logging_mixin.py:190} INFO - [2024-08-22T00:23:38.022+0000] {dag.py:4138} INFO - Setting next_dagrun for example_task_group to 2024-08-21 00:00:00+00:00, run_after=2024-08-22 00:00:00+00:00
[2024-08-22T00:23:38.065+0000] {processor.py:208} INFO - Processing /home/airflow/.local/lib/python3.12/site-packages/airflow/example_dags/example_task_group.py took 0.180 seconds
[2024-08-22T00:24:08.556+0000] {processor.py:186} INFO - Started process (PID=500) to work on /home/airflow/.local/lib/python3.12/site-packages/airflow/example_dags/example_task_group.py
[2024-08-22T00:24:08.557+0000] {processor.py:914} INFO - Processing file /home/airflow/.local/lib/python3.12/site-packages/airflow/example_dags/example_task_group.py for tasks to queue
[2024-08-22T00:24:08.561+0000] {logging_mixin.py:190} INFO - [2024-08-22T00:24:08.561+0000] {dagbag.py:587} INFO - Filling up the DagBag from /home/airflow/.local/lib/python3.12/site-packages/airflow/example_dags/example_task_group.py
[2024-08-22T00:24:08.579+0000] {processor.py:925} INFO - DAG(s) 'example_task_group' retrieved from /home/airflow/.local/lib/python3.12/site-packages/airflow/example_dags/example_task_group.py
[2024-08-22T00:24:08.617+0000] {logging_mixin.py:190} INFO - [2024-08-22T00:24:08.616+0000] {dag.py:3211} INFO - Sync 1 DAGs
[2024-08-22T00:24:08.650+0000] {logging_mixin.py:190} INFO - [2024-08-22T00:24:08.649+0000] {dag.py:4138} INFO - Setting next_dagrun for example_task_group to 2024-08-21 00:00:00+00:00, run_after=2024-08-22 00:00:00+00:00
[2024-08-22T00:24:08.785+0000] {processor.py:208} INFO - Processing /home/airflow/.local/lib/python3.12/site-packages/airflow/example_dags/example_task_group.py took 0.239 seconds
[2024-08-22T00:24:39.499+0000] {processor.py:186} INFO - Started process (PID=563) to work on /home/airflow/.local/lib/python3.12/site-packages/airflow/example_dags/example_task_group.py
[2024-08-22T00:24:39.501+0000] {processor.py:914} INFO - Processing file /home/airflow/.local/lib/python3.12/site-packages/airflow/example_dags/example_task_group.py for tasks to queue
[2024-08-22T00:24:39.505+0000] {logging_mixin.py:190} INFO - [2024-08-22T00:24:39.504+0000] {dagbag.py:587} INFO - Filling up the DagBag from /home/airflow/.local/lib/python3.12/site-packages/airflow/example_dags/example_task_group.py
[2024-08-22T00:24:39.536+0000] {processor.py:925} INFO - DAG(s) 'example_task_group' retrieved from /home/airflow/.local/lib/python3.12/site-packages/airflow/example_dags/example_task_group.py
[2024-08-22T00:24:39.589+0000] {logging_mixin.py:190} INFO - [2024-08-22T00:24:39.589+0000] {dag.py:3211} INFO - Sync 1 DAGs
[2024-08-22T00:24:39.635+0000] {logging_mixin.py:190} INFO - [2024-08-22T00:24:39.635+0000] {dag.py:4138} INFO - Setting next_dagrun for example_task_group to 2024-08-21 00:00:00+00:00, run_after=2024-08-22 00:00:00+00:00
[2024-08-22T00:24:39.672+0000] {processor.py:208} INFO - Processing /home/airflow/.local/lib/python3.12/site-packages/airflow/example_dags/example_task_group.py took 0.183 seconds
[2024-08-22T00:25:13.760+0000] {processor.py:186} INFO - Started process (PID=626) to work on /home/airflow/.local/lib/python3.12/site-packages/airflow/example_dags/example_task_group.py
[2024-08-22T00:25:13.761+0000] {processor.py:914} INFO - Processing file /home/airflow/.local/lib/python3.12/site-packages/airflow/example_dags/example_task_group.py for tasks to queue
[2024-08-22T00:25:13.765+0000] {logging_mixin.py:190} INFO - [2024-08-22T00:25:13.765+0000] {dagbag.py:587} INFO - Filling up the DagBag from /home/airflow/.local/lib/python3.12/site-packages/airflow/example_dags/example_task_group.py
[2024-08-22T00:25:13.781+0000] {processor.py:925} INFO - DAG(s) 'example_task_group' retrieved from /home/airflow/.local/lib/python3.12/site-packages/airflow/example_dags/example_task_group.py
[2024-08-22T00:25:13.815+0000] {logging_mixin.py:190} INFO - [2024-08-22T00:25:13.814+0000] {dag.py:3211} INFO - Sync 1 DAGs
[2024-08-22T00:25:13.858+0000] {logging_mixin.py:190} INFO - [2024-08-22T00:25:13.857+0000] {dag.py:4138} INFO - Setting next_dagrun for example_task_group to 2024-08-21 00:00:00+00:00, run_after=2024-08-22 00:00:00+00:00
[2024-08-22T00:25:13.917+0000] {processor.py:208} INFO - Processing /home/airflow/.local/lib/python3.12/site-packages/airflow/example_dags/example_task_group.py took 0.168 seconds
[2024-08-22T00:25:44.122+0000] {processor.py:186} INFO - Started process (PID=689) to work on /home/airflow/.local/lib/python3.12/site-packages/airflow/example_dags/example_task_group.py
[2024-08-22T00:25:44.181+0000] {processor.py:914} INFO - Processing file /home/airflow/.local/lib/python3.12/site-packages/airflow/example_dags/example_task_group.py for tasks to queue
[2024-08-22T00:25:44.197+0000] {logging_mixin.py:190} INFO - [2024-08-22T00:25:44.196+0000] {dagbag.py:587} INFO - Filling up the DagBag from /home/airflow/.local/lib/python3.12/site-packages/airflow/example_dags/example_task_group.py
[2024-08-22T00:25:44.228+0000] {processor.py:925} INFO - DAG(s) 'example_task_group' retrieved from /home/airflow/.local/lib/python3.12/site-packages/airflow/example_dags/example_task_group.py
[2024-08-22T00:25:44.328+0000] {logging_mixin.py:190} INFO - [2024-08-22T00:25:44.328+0000] {dag.py:3211} INFO - Sync 1 DAGs
[2024-08-22T00:25:44.373+0000] {logging_mixin.py:190} INFO - [2024-08-22T00:25:44.373+0000] {dag.py:4138} INFO - Setting next_dagrun for example_task_group to 2024-08-21 00:00:00+00:00, run_after=2024-08-22 00:00:00+00:00
[2024-08-22T00:25:44.409+0000] {processor.py:208} INFO - Processing /home/airflow/.local/lib/python3.12/site-packages/airflow/example_dags/example_task_group.py took 0.309 seconds
[2024-08-22T00:26:16.236+0000] {processor.py:186} INFO - Started process (PID=752) to work on /home/airflow/.local/lib/python3.12/site-packages/airflow/example_dags/example_task_group.py
[2024-08-22T00:26:16.238+0000] {processor.py:914} INFO - Processing file /home/airflow/.local/lib/python3.12/site-packages/airflow/example_dags/example_task_group.py for tasks to queue
[2024-08-22T00:26:16.242+0000] {logging_mixin.py:190} INFO - [2024-08-22T00:26:16.241+0000] {dagbag.py:587} INFO - Filling up the DagBag from /home/airflow/.local/lib/python3.12/site-packages/airflow/example_dags/example_task_group.py
[2024-08-22T00:26:16.268+0000] {processor.py:925} INFO - DAG(s) 'example_task_group' retrieved from /home/airflow/.local/lib/python3.12/site-packages/airflow/example_dags/example_task_group.py
[2024-08-22T00:26:16.314+0000] {logging_mixin.py:190} INFO - [2024-08-22T00:26:16.313+0000] {dag.py:3211} INFO - Sync 1 DAGs
[2024-08-22T00:26:16.394+0000] {logging_mixin.py:190} INFO - [2024-08-22T00:26:16.394+0000] {dag.py:4138} INFO - Setting next_dagrun for example_task_group to 2024-08-21 00:00:00+00:00, run_after=2024-08-22 00:00:00+00:00
[2024-08-22T00:26:16.473+0000] {processor.py:208} INFO - Processing /home/airflow/.local/lib/python3.12/site-packages/airflow/example_dags/example_task_group.py took 0.250 seconds
[2024-08-22T00:26:46.600+0000] {processor.py:186} INFO - Started process (PID=816) to work on /home/airflow/.local/lib/python3.12/site-packages/airflow/example_dags/example_task_group.py
[2024-08-22T00:26:46.602+0000] {processor.py:914} INFO - Processing file /home/airflow/.local/lib/python3.12/site-packages/airflow/example_dags/example_task_group.py for tasks to queue
[2024-08-22T00:26:46.607+0000] {logging_mixin.py:190} INFO - [2024-08-22T00:26:46.607+0000] {dagbag.py:587} INFO - Filling up the DagBag from /home/airflow/.local/lib/python3.12/site-packages/airflow/example_dags/example_task_group.py
[2024-08-22T00:26:46.639+0000] {processor.py:925} INFO - DAG(s) 'example_task_group' retrieved from /home/airflow/.local/lib/python3.12/site-packages/airflow/example_dags/example_task_group.py
[2024-08-22T00:26:46.699+0000] {logging_mixin.py:190} INFO - [2024-08-22T00:26:46.698+0000] {dag.py:3211} INFO - Sync 1 DAGs
[2024-08-22T00:26:46.763+0000] {logging_mixin.py:190} INFO - [2024-08-22T00:26:46.763+0000] {dag.py:4138} INFO - Setting next_dagrun for example_task_group to 2024-08-21 00:00:00+00:00, run_after=2024-08-22 00:00:00+00:00
[2024-08-22T00:26:46.810+0000] {processor.py:208} INFO - Processing /home/airflow/.local/lib/python3.12/site-packages/airflow/example_dags/example_task_group.py took 0.224 seconds
[2024-08-22T00:27:18.285+0000] {processor.py:186} INFO - Started process (PID=880) to work on /home/airflow/.local/lib/python3.12/site-packages/airflow/example_dags/example_task_group.py
[2024-08-22T00:27:18.287+0000] {processor.py:914} INFO - Processing file /home/airflow/.local/lib/python3.12/site-packages/airflow/example_dags/example_task_group.py for tasks to queue
[2024-08-22T00:27:18.297+0000] {logging_mixin.py:190} INFO - [2024-08-22T00:27:18.296+0000] {dagbag.py:587} INFO - Filling up the DagBag from /home/airflow/.local/lib/python3.12/site-packages/airflow/example_dags/example_task_group.py
[2024-08-22T00:27:18.320+0000] {processor.py:925} INFO - DAG(s) 'example_task_group' retrieved from /home/airflow/.local/lib/python3.12/site-packages/airflow/example_dags/example_task_group.py
[2024-08-22T00:27:18.368+0000] {logging_mixin.py:190} INFO - [2024-08-22T00:27:18.367+0000] {dag.py:3211} INFO - Sync 1 DAGs
[2024-08-22T00:27:18.414+0000] {logging_mixin.py:190} INFO - [2024-08-22T00:27:18.414+0000] {dag.py:4138} INFO - Setting next_dagrun for example_task_group to 2024-08-21 00:00:00+00:00, run_after=2024-08-22 00:00:00+00:00
[2024-08-22T00:27:18.465+0000] {processor.py:208} INFO - Processing /home/airflow/.local/lib/python3.12/site-packages/airflow/example_dags/example_task_group.py took 0.198 seconds
[2024-08-22T00:27:49.355+0000] {processor.py:186} INFO - Started process (PID=942) to work on /home/airflow/.local/lib/python3.12/site-packages/airflow/example_dags/example_task_group.py
[2024-08-22T00:27:49.357+0000] {processor.py:914} INFO - Processing file /home/airflow/.local/lib/python3.12/site-packages/airflow/example_dags/example_task_group.py for tasks to queue
[2024-08-22T00:27:49.362+0000] {logging_mixin.py:190} INFO - [2024-08-22T00:27:49.361+0000] {dagbag.py:587} INFO - Filling up the DagBag from /home/airflow/.local/lib/python3.12/site-packages/airflow/example_dags/example_task_group.py
[2024-08-22T00:27:49.379+0000] {processor.py:925} INFO - DAG(s) 'example_task_group' retrieved from /home/airflow/.local/lib/python3.12/site-packages/airflow/example_dags/example_task_group.py
[2024-08-22T00:27:49.424+0000] {logging_mixin.py:190} INFO - [2024-08-22T00:27:49.424+0000] {dag.py:3211} INFO - Sync 1 DAGs
[2024-08-22T00:27:49.478+0000] {logging_mixin.py:190} INFO - [2024-08-22T00:27:49.477+0000] {dag.py:4138} INFO - Setting next_dagrun for example_task_group to 2024-08-21 00:00:00+00:00, run_after=2024-08-22 00:00:00+00:00
[2024-08-22T00:27:49.514+0000] {processor.py:208} INFO - Processing /home/airflow/.local/lib/python3.12/site-packages/airflow/example_dags/example_task_group.py took 0.169 seconds
[2024-08-22T00:28:20.224+0000] {processor.py:186} INFO - Started process (PID=1005) to work on /home/airflow/.local/lib/python3.12/site-packages/airflow/example_dags/example_task_group.py
[2024-08-22T00:28:20.226+0000] {processor.py:914} INFO - Processing file /home/airflow/.local/lib/python3.12/site-packages/airflow/example_dags/example_task_group.py for tasks to queue
[2024-08-22T00:28:20.239+0000] {logging_mixin.py:190} INFO - [2024-08-22T00:28:20.237+0000] {dagbag.py:587} INFO - Filling up the DagBag from /home/airflow/.local/lib/python3.12/site-packages/airflow/example_dags/example_task_group.py
[2024-08-22T00:28:20.276+0000] {processor.py:925} INFO - DAG(s) 'example_task_group' retrieved from /home/airflow/.local/lib/python3.12/site-packages/airflow/example_dags/example_task_group.py
[2024-08-22T00:28:20.371+0000] {logging_mixin.py:190} INFO - [2024-08-22T00:28:20.371+0000] {dag.py:3211} INFO - Sync 1 DAGs
[2024-08-22T00:28:20.452+0000] {logging_mixin.py:190} INFO - [2024-08-22T00:28:20.451+0000] {dag.py:4138} INFO - Setting next_dagrun for example_task_group to 2024-08-21 00:00:00+00:00, run_after=2024-08-22 00:00:00+00:00
[2024-08-22T00:28:20.507+0000] {processor.py:208} INFO - Processing /home/airflow/.local/lib/python3.12/site-packages/airflow/example_dags/example_task_group.py took 0.303 seconds
[2024-08-22T00:28:52.374+0000] {processor.py:186} INFO - Started process (PID=1068) to work on /home/airflow/.local/lib/python3.12/site-packages/airflow/example_dags/example_task_group.py
[2024-08-22T00:28:52.383+0000] {processor.py:914} INFO - Processing file /home/airflow/.local/lib/python3.12/site-packages/airflow/example_dags/example_task_group.py for tasks to queue
[2024-08-22T00:28:52.389+0000] {logging_mixin.py:190} INFO - [2024-08-22T00:28:52.388+0000] {dagbag.py:587} INFO - Filling up the DagBag from /home/airflow/.local/lib/python3.12/site-packages/airflow/example_dags/example_task_group.py
[2024-08-22T00:28:52.478+0000] {processor.py:925} INFO - DAG(s) 'example_task_group' retrieved from /home/airflow/.local/lib/python3.12/site-packages/airflow/example_dags/example_task_group.py
[2024-08-22T00:28:52.634+0000] {logging_mixin.py:190} INFO - [2024-08-22T00:28:52.633+0000] {dag.py:3211} INFO - Sync 1 DAGs
[2024-08-22T00:28:52.760+0000] {logging_mixin.py:190} INFO - [2024-08-22T00:28:52.759+0000] {dag.py:4138} INFO - Setting next_dagrun for example_task_group to 2024-08-21 00:00:00+00:00, run_after=2024-08-22 00:00:00+00:00
[2024-08-22T00:28:52.860+0000] {processor.py:208} INFO - Processing /home/airflow/.local/lib/python3.12/site-packages/airflow/example_dags/example_task_group.py took 0.521 seconds
[2024-08-22T00:29:23.795+0000] {processor.py:186} INFO - Started process (PID=1131) to work on /home/airflow/.local/lib/python3.12/site-packages/airflow/example_dags/example_task_group.py
[2024-08-22T00:29:23.797+0000] {processor.py:914} INFO - Processing file /home/airflow/.local/lib/python3.12/site-packages/airflow/example_dags/example_task_group.py for tasks to queue
[2024-08-22T00:29:23.801+0000] {logging_mixin.py:190} INFO - [2024-08-22T00:29:23.801+0000] {dagbag.py:587} INFO - Filling up the DagBag from /home/airflow/.local/lib/python3.12/site-packages/airflow/example_dags/example_task_group.py
[2024-08-22T00:29:23.824+0000] {processor.py:925} INFO - DAG(s) 'example_task_group' retrieved from /home/airflow/.local/lib/python3.12/site-packages/airflow/example_dags/example_task_group.py
[2024-08-22T00:29:23.867+0000] {logging_mixin.py:190} INFO - [2024-08-22T00:29:23.866+0000] {dag.py:3211} INFO - Sync 1 DAGs
[2024-08-22T00:29:23.903+0000] {logging_mixin.py:190} INFO - [2024-08-22T00:29:23.903+0000] {dag.py:4138} INFO - Setting next_dagrun for example_task_group to 2024-08-21 00:00:00+00:00, run_after=2024-08-22 00:00:00+00:00
[2024-08-22T00:29:23.957+0000] {processor.py:208} INFO - Processing /home/airflow/.local/lib/python3.12/site-packages/airflow/example_dags/example_task_group.py took 0.175 seconds
[2024-08-22T00:29:54.407+0000] {processor.py:186} INFO - Started process (PID=1200) to work on /home/airflow/.local/lib/python3.12/site-packages/airflow/example_dags/example_task_group.py
[2024-08-22T00:29:54.410+0000] {processor.py:914} INFO - Processing file /home/airflow/.local/lib/python3.12/site-packages/airflow/example_dags/example_task_group.py for tasks to queue
[2024-08-22T00:29:54.415+0000] {logging_mixin.py:190} INFO - [2024-08-22T00:29:54.414+0000] {dagbag.py:587} INFO - Filling up the DagBag from /home/airflow/.local/lib/python3.12/site-packages/airflow/example_dags/example_task_group.py
[2024-08-22T00:29:54.433+0000] {processor.py:925} INFO - DAG(s) 'example_task_group' retrieved from /home/airflow/.local/lib/python3.12/site-packages/airflow/example_dags/example_task_group.py
[2024-08-22T00:29:54.474+0000] {logging_mixin.py:190} INFO - [2024-08-22T00:29:54.473+0000] {dag.py:3211} INFO - Sync 1 DAGs
[2024-08-22T00:29:54.540+0000] {logging_mixin.py:190} INFO - [2024-08-22T00:29:54.539+0000] {dag.py:4138} INFO - Setting next_dagrun for example_task_group to 2024-08-21 00:00:00+00:00, run_after=2024-08-22 00:00:00+00:00
[2024-08-22T00:29:54.579+0000] {processor.py:208} INFO - Processing /home/airflow/.local/lib/python3.12/site-packages/airflow/example_dags/example_task_group.py took 0.191 seconds
[2024-08-22T00:30:25.482+0000] {processor.py:186} INFO - Started process (PID=1264) to work on /home/airflow/.local/lib/python3.12/site-packages/airflow/example_dags/example_task_group.py
[2024-08-22T00:30:25.483+0000] {processor.py:914} INFO - Processing file /home/airflow/.local/lib/python3.12/site-packages/airflow/example_dags/example_task_group.py for tasks to queue
[2024-08-22T00:30:25.486+0000] {logging_mixin.py:190} INFO - [2024-08-22T00:30:25.486+0000] {dagbag.py:587} INFO - Filling up the DagBag from /home/airflow/.local/lib/python3.12/site-packages/airflow/example_dags/example_task_group.py
[2024-08-22T00:30:25.500+0000] {processor.py:925} INFO - DAG(s) 'example_task_group' retrieved from /home/airflow/.local/lib/python3.12/site-packages/airflow/example_dags/example_task_group.py
[2024-08-22T00:30:25.537+0000] {logging_mixin.py:190} INFO - [2024-08-22T00:30:25.536+0000] {dag.py:3211} INFO - Sync 1 DAGs
[2024-08-22T00:30:25.588+0000] {logging_mixin.py:190} INFO - [2024-08-22T00:30:25.588+0000] {dag.py:4138} INFO - Setting next_dagrun for example_task_group to 2024-08-21 00:00:00+00:00, run_after=2024-08-22 00:00:00+00:00
[2024-08-22T00:30:25.622+0000] {processor.py:208} INFO - Processing /home/airflow/.local/lib/python3.12/site-packages/airflow/example_dags/example_task_group.py took 0.149 seconds
[2024-08-22T00:30:55.800+0000] {processor.py:186} INFO - Started process (PID=1325) to work on /home/airflow/.local/lib/python3.12/site-packages/airflow/example_dags/example_task_group.py
[2024-08-22T00:30:55.802+0000] {processor.py:914} INFO - Processing file /home/airflow/.local/lib/python3.12/site-packages/airflow/example_dags/example_task_group.py for tasks to queue
[2024-08-22T00:30:55.805+0000] {logging_mixin.py:190} INFO - [2024-08-22T00:30:55.804+0000] {dagbag.py:587} INFO - Filling up the DagBag from /home/airflow/.local/lib/python3.12/site-packages/airflow/example_dags/example_task_group.py
[2024-08-22T00:30:55.817+0000] {processor.py:925} INFO - DAG(s) 'example_task_group' retrieved from /home/airflow/.local/lib/python3.12/site-packages/airflow/example_dags/example_task_group.py
[2024-08-22T00:30:55.848+0000] {logging_mixin.py:190} INFO - [2024-08-22T00:30:55.848+0000] {dag.py:3211} INFO - Sync 1 DAGs
[2024-08-22T00:30:55.881+0000] {logging_mixin.py:190} INFO - [2024-08-22T00:30:55.881+0000] {dag.py:4138} INFO - Setting next_dagrun for example_task_group to 2024-08-21 00:00:00+00:00, run_after=2024-08-22 00:00:00+00:00
[2024-08-22T00:30:55.920+0000] {processor.py:208} INFO - Processing /home/airflow/.local/lib/python3.12/site-packages/airflow/example_dags/example_task_group.py took 0.129 seconds
[2024-08-22T00:31:26.970+0000] {processor.py:186} INFO - Started process (PID=1388) to work on /home/airflow/.local/lib/python3.12/site-packages/airflow/example_dags/example_task_group.py
[2024-08-22T00:31:26.971+0000] {processor.py:914} INFO - Processing file /home/airflow/.local/lib/python3.12/site-packages/airflow/example_dags/example_task_group.py for tasks to queue
[2024-08-22T00:31:26.974+0000] {logging_mixin.py:190} INFO - [2024-08-22T00:31:26.974+0000] {dagbag.py:587} INFO - Filling up the DagBag from /home/airflow/.local/lib/python3.12/site-packages/airflow/example_dags/example_task_group.py
[2024-08-22T00:31:26.989+0000] {processor.py:925} INFO - DAG(s) 'example_task_group' retrieved from /home/airflow/.local/lib/python3.12/site-packages/airflow/example_dags/example_task_group.py
[2024-08-22T00:31:27.027+0000] {logging_mixin.py:190} INFO - [2024-08-22T00:31:27.027+0000] {dag.py:3211} INFO - Sync 1 DAGs
[2024-08-22T00:31:27.068+0000] {logging_mixin.py:190} INFO - [2024-08-22T00:31:27.068+0000] {dag.py:4138} INFO - Setting next_dagrun for example_task_group to 2024-08-21 00:00:00+00:00, run_after=2024-08-22 00:00:00+00:00
[2024-08-22T00:31:27.107+0000] {processor.py:208} INFO - Processing /home/airflow/.local/lib/python3.12/site-packages/airflow/example_dags/example_task_group.py took 0.146 seconds
[2024-08-22T00:31:57.413+0000] {processor.py:186} INFO - Started process (PID=1451) to work on /home/airflow/.local/lib/python3.12/site-packages/airflow/example_dags/example_task_group.py
[2024-08-22T00:31:57.414+0000] {processor.py:914} INFO - Processing file /home/airflow/.local/lib/python3.12/site-packages/airflow/example_dags/example_task_group.py for tasks to queue
[2024-08-22T00:31:57.419+0000] {logging_mixin.py:190} INFO - [2024-08-22T00:31:57.418+0000] {dagbag.py:587} INFO - Filling up the DagBag from /home/airflow/.local/lib/python3.12/site-packages/airflow/example_dags/example_task_group.py
[2024-08-22T00:31:57.434+0000] {processor.py:925} INFO - DAG(s) 'example_task_group' retrieved from /home/airflow/.local/lib/python3.12/site-packages/airflow/example_dags/example_task_group.py
[2024-08-22T00:31:57.466+0000] {logging_mixin.py:190} INFO - [2024-08-22T00:31:57.466+0000] {dag.py:3211} INFO - Sync 1 DAGs
[2024-08-22T00:31:57.506+0000] {logging_mixin.py:190} INFO - [2024-08-22T00:31:57.506+0000] {dag.py:4138} INFO - Setting next_dagrun for example_task_group to 2024-08-21 00:00:00+00:00, run_after=2024-08-22 00:00:00+00:00
[2024-08-22T00:31:57.547+0000] {processor.py:208} INFO - Processing /home/airflow/.local/lib/python3.12/site-packages/airflow/example_dags/example_task_group.py took 0.145 seconds
[2024-08-22T00:32:28.272+0000] {processor.py:186} INFO - Started process (PID=1514) to work on /home/airflow/.local/lib/python3.12/site-packages/airflow/example_dags/example_task_group.py
[2024-08-22T00:32:28.273+0000] {processor.py:914} INFO - Processing file /home/airflow/.local/lib/python3.12/site-packages/airflow/example_dags/example_task_group.py for tasks to queue
[2024-08-22T00:32:28.277+0000] {logging_mixin.py:190} INFO - [2024-08-22T00:32:28.276+0000] {dagbag.py:587} INFO - Filling up the DagBag from /home/airflow/.local/lib/python3.12/site-packages/airflow/example_dags/example_task_group.py
[2024-08-22T00:32:28.292+0000] {processor.py:925} INFO - DAG(s) 'example_task_group' retrieved from /home/airflow/.local/lib/python3.12/site-packages/airflow/example_dags/example_task_group.py
[2024-08-22T00:32:28.333+0000] {logging_mixin.py:190} INFO - [2024-08-22T00:32:28.332+0000] {dag.py:3211} INFO - Sync 1 DAGs
[2024-08-22T00:32:28.381+0000] {logging_mixin.py:190} INFO - [2024-08-22T00:32:28.380+0000] {dag.py:4138} INFO - Setting next_dagrun for example_task_group to 2024-08-21 00:00:00+00:00, run_after=2024-08-22 00:00:00+00:00
[2024-08-22T00:32:28.441+0000] {processor.py:208} INFO - Processing /home/airflow/.local/lib/python3.12/site-packages/airflow/example_dags/example_task_group.py took 0.178 seconds
[2024-08-22T00:32:59.150+0000] {processor.py:186} INFO - Started process (PID=1577) to work on /home/airflow/.local/lib/python3.12/site-packages/airflow/example_dags/example_task_group.py
[2024-08-22T00:32:59.152+0000] {processor.py:914} INFO - Processing file /home/airflow/.local/lib/python3.12/site-packages/airflow/example_dags/example_task_group.py for tasks to queue
[2024-08-22T00:32:59.155+0000] {logging_mixin.py:190} INFO - [2024-08-22T00:32:59.154+0000] {dagbag.py:587} INFO - Filling up the DagBag from /home/airflow/.local/lib/python3.12/site-packages/airflow/example_dags/example_task_group.py
[2024-08-22T00:32:59.169+0000] {processor.py:925} INFO - DAG(s) 'example_task_group' retrieved from /home/airflow/.local/lib/python3.12/site-packages/airflow/example_dags/example_task_group.py
[2024-08-22T00:32:59.214+0000] {logging_mixin.py:190} INFO - [2024-08-22T00:32:59.214+0000] {dag.py:3211} INFO - Sync 1 DAGs
[2024-08-22T00:32:59.262+0000] {logging_mixin.py:190} INFO - [2024-08-22T00:32:59.261+0000] {dag.py:4138} INFO - Setting next_dagrun for example_task_group to 2024-08-21 00:00:00+00:00, run_after=2024-08-22 00:00:00+00:00
[2024-08-22T00:32:59.300+0000] {processor.py:208} INFO - Processing /home/airflow/.local/lib/python3.12/site-packages/airflow/example_dags/example_task_group.py took 0.160 seconds
[2024-08-22T00:33:33.205+0000] {processor.py:186} INFO - Started process (PID=1639) to work on /home/airflow/.local/lib/python3.12/site-packages/airflow/example_dags/example_task_group.py
[2024-08-22T00:33:33.206+0000] {processor.py:914} INFO - Processing file /home/airflow/.local/lib/python3.12/site-packages/airflow/example_dags/example_task_group.py for tasks to queue
[2024-08-22T00:33:33.210+0000] {logging_mixin.py:190} INFO - [2024-08-22T00:33:33.209+0000] {dagbag.py:587} INFO - Filling up the DagBag from /home/airflow/.local/lib/python3.12/site-packages/airflow/example_dags/example_task_group.py
[2024-08-22T00:33:33.231+0000] {processor.py:925} INFO - DAG(s) 'example_task_group' retrieved from /home/airflow/.local/lib/python3.12/site-packages/airflow/example_dags/example_task_group.py
[2024-08-22T00:33:33.270+0000] {logging_mixin.py:190} INFO - [2024-08-22T00:33:33.269+0000] {dag.py:3211} INFO - Sync 1 DAGs
[2024-08-22T00:33:33.315+0000] {logging_mixin.py:190} INFO - [2024-08-22T00:33:33.315+0000] {dag.py:4138} INFO - Setting next_dagrun for example_task_group to 2024-08-21 00:00:00+00:00, run_after=2024-08-22 00:00:00+00:00
[2024-08-22T00:33:33.368+0000] {processor.py:208} INFO - Processing /home/airflow/.local/lib/python3.12/site-packages/airflow/example_dags/example_task_group.py took 0.177 seconds
[2024-08-22T00:34:05.005+0000] {processor.py:186} INFO - Started process (PID=1704) to work on /home/airflow/.local/lib/python3.12/site-packages/airflow/example_dags/example_task_group.py
[2024-08-22T00:34:05.006+0000] {processor.py:914} INFO - Processing file /home/airflow/.local/lib/python3.12/site-packages/airflow/example_dags/example_task_group.py for tasks to queue
[2024-08-22T00:34:05.009+0000] {logging_mixin.py:190} INFO - [2024-08-22T00:34:05.009+0000] {dagbag.py:587} INFO - Filling up the DagBag from /home/airflow/.local/lib/python3.12/site-packages/airflow/example_dags/example_task_group.py
[2024-08-22T00:34:05.024+0000] {processor.py:925} INFO - DAG(s) 'example_task_group' retrieved from /home/airflow/.local/lib/python3.12/site-packages/airflow/example_dags/example_task_group.py
[2024-08-22T00:34:05.058+0000] {logging_mixin.py:190} INFO - [2024-08-22T00:34:05.058+0000] {dag.py:3211} INFO - Sync 1 DAGs
[2024-08-22T00:34:05.106+0000] {logging_mixin.py:190} INFO - [2024-08-22T00:34:05.105+0000] {dag.py:4138} INFO - Setting next_dagrun for example_task_group to 2024-08-21 00:00:00+00:00, run_after=2024-08-22 00:00:00+00:00
[2024-08-22T00:34:05.146+0000] {processor.py:208} INFO - Processing /home/airflow/.local/lib/python3.12/site-packages/airflow/example_dags/example_task_group.py took 0.149 seconds
[2024-08-22T00:34:36.399+0000] {processor.py:186} INFO - Started process (PID=1766) to work on /home/airflow/.local/lib/python3.12/site-packages/airflow/example_dags/example_task_group.py
[2024-08-22T00:34:36.401+0000] {processor.py:914} INFO - Processing file /home/airflow/.local/lib/python3.12/site-packages/airflow/example_dags/example_task_group.py for tasks to queue
[2024-08-22T00:34:36.406+0000] {logging_mixin.py:190} INFO - [2024-08-22T00:34:36.405+0000] {dagbag.py:587} INFO - Filling up the DagBag from /home/airflow/.local/lib/python3.12/site-packages/airflow/example_dags/example_task_group.py
[2024-08-22T00:34:36.432+0000] {processor.py:925} INFO - DAG(s) 'example_task_group' retrieved from /home/airflow/.local/lib/python3.12/site-packages/airflow/example_dags/example_task_group.py
[2024-08-22T00:34:36.476+0000] {logging_mixin.py:190} INFO - [2024-08-22T00:34:36.476+0000] {dag.py:3211} INFO - Sync 1 DAGs
[2024-08-22T00:34:36.534+0000] {logging_mixin.py:190} INFO - [2024-08-22T00:34:36.534+0000] {dag.py:4138} INFO - Setting next_dagrun for example_task_group to 2024-08-21 00:00:00+00:00, run_after=2024-08-22 00:00:00+00:00
[2024-08-22T00:34:36.582+0000] {processor.py:208} INFO - Processing /home/airflow/.local/lib/python3.12/site-packages/airflow/example_dags/example_task_group.py took 0.200 seconds
[2024-08-22T00:35:07.004+0000] {processor.py:186} INFO - Started process (PID=1829) to work on /home/airflow/.local/lib/python3.12/site-packages/airflow/example_dags/example_task_group.py
[2024-08-22T00:35:07.005+0000] {processor.py:914} INFO - Processing file /home/airflow/.local/lib/python3.12/site-packages/airflow/example_dags/example_task_group.py for tasks to queue
[2024-08-22T00:35:07.009+0000] {logging_mixin.py:190} INFO - [2024-08-22T00:35:07.009+0000] {dagbag.py:587} INFO - Filling up the DagBag from /home/airflow/.local/lib/python3.12/site-packages/airflow/example_dags/example_task_group.py
[2024-08-22T00:35:07.027+0000] {processor.py:925} INFO - DAG(s) 'example_task_group' retrieved from /home/airflow/.local/lib/python3.12/site-packages/airflow/example_dags/example_task_group.py
[2024-08-22T00:35:07.076+0000] {logging_mixin.py:190} INFO - [2024-08-22T00:35:07.075+0000] {dag.py:3211} INFO - Sync 1 DAGs
[2024-08-22T00:35:07.154+0000] {logging_mixin.py:190} INFO - [2024-08-22T00:35:07.144+0000] {dag.py:4138} INFO - Setting next_dagrun for example_task_group to 2024-08-21 00:00:00+00:00, run_after=2024-08-22 00:00:00+00:00
[2024-08-22T00:35:07.236+0000] {processor.py:208} INFO - Processing /home/airflow/.local/lib/python3.12/site-packages/airflow/example_dags/example_task_group.py took 0.244 seconds
[2024-08-22T00:35:37.740+0000] {processor.py:186} INFO - Started process (PID=1892) to work on /home/airflow/.local/lib/python3.12/site-packages/airflow/example_dags/example_task_group.py
[2024-08-22T00:35:37.741+0000] {processor.py:914} INFO - Processing file /home/airflow/.local/lib/python3.12/site-packages/airflow/example_dags/example_task_group.py for tasks to queue
[2024-08-22T00:35:37.745+0000] {logging_mixin.py:190} INFO - [2024-08-22T00:35:37.744+0000] {dagbag.py:587} INFO - Filling up the DagBag from /home/airflow/.local/lib/python3.12/site-packages/airflow/example_dags/example_task_group.py
[2024-08-22T00:35:37.758+0000] {processor.py:925} INFO - DAG(s) 'example_task_group' retrieved from /home/airflow/.local/lib/python3.12/site-packages/airflow/example_dags/example_task_group.py
[2024-08-22T00:35:37.790+0000] {logging_mixin.py:190} INFO - [2024-08-22T00:35:37.790+0000] {dag.py:3211} INFO - Sync 1 DAGs
[2024-08-22T00:35:37.825+0000] {logging_mixin.py:190} INFO - [2024-08-22T00:35:37.825+0000] {dag.py:4138} INFO - Setting next_dagrun for example_task_group to 2024-08-21 00:00:00+00:00, run_after=2024-08-22 00:00:00+00:00
[2024-08-22T00:35:37.858+0000] {processor.py:208} INFO - Processing /home/airflow/.local/lib/python3.12/site-packages/airflow/example_dags/example_task_group.py took 0.127 seconds
[2024-08-22T00:36:09.090+0000] {processor.py:186} INFO - Started process (PID=1954) to work on /home/airflow/.local/lib/python3.12/site-packages/airflow/example_dags/example_task_group.py
[2024-08-22T00:36:09.092+0000] {processor.py:914} INFO - Processing file /home/airflow/.local/lib/python3.12/site-packages/airflow/example_dags/example_task_group.py for tasks to queue
[2024-08-22T00:36:09.097+0000] {logging_mixin.py:190} INFO - [2024-08-22T00:36:09.095+0000] {dagbag.py:587} INFO - Filling up the DagBag from /home/airflow/.local/lib/python3.12/site-packages/airflow/example_dags/example_task_group.py
[2024-08-22T00:36:09.112+0000] {processor.py:925} INFO - DAG(s) 'example_task_group' retrieved from /home/airflow/.local/lib/python3.12/site-packages/airflow/example_dags/example_task_group.py
[2024-08-22T00:36:09.150+0000] {logging_mixin.py:190} INFO - [2024-08-22T00:36:09.150+0000] {dag.py:3211} INFO - Sync 1 DAGs
[2024-08-22T00:36:09.190+0000] {logging_mixin.py:190} INFO - [2024-08-22T00:36:09.189+0000] {dag.py:4138} INFO - Setting next_dagrun for example_task_group to 2024-08-21 00:00:00+00:00, run_after=2024-08-22 00:00:00+00:00
[2024-08-22T00:36:09.225+0000] {processor.py:208} INFO - Processing /home/airflow/.local/lib/python3.12/site-packages/airflow/example_dags/example_task_group.py took 0.142 seconds
[2024-08-22T00:36:39.691+0000] {processor.py:186} INFO - Started process (PID=2017) to work on /home/airflow/.local/lib/python3.12/site-packages/airflow/example_dags/example_task_group.py
[2024-08-22T00:36:39.692+0000] {processor.py:914} INFO - Processing file /home/airflow/.local/lib/python3.12/site-packages/airflow/example_dags/example_task_group.py for tasks to queue
[2024-08-22T00:36:39.696+0000] {logging_mixin.py:190} INFO - [2024-08-22T00:36:39.695+0000] {dagbag.py:587} INFO - Filling up the DagBag from /home/airflow/.local/lib/python3.12/site-packages/airflow/example_dags/example_task_group.py
[2024-08-22T00:36:39.709+0000] {processor.py:925} INFO - DAG(s) 'example_task_group' retrieved from /home/airflow/.local/lib/python3.12/site-packages/airflow/example_dags/example_task_group.py
[2024-08-22T00:36:39.742+0000] {logging_mixin.py:190} INFO - [2024-08-22T00:36:39.742+0000] {dag.py:3211} INFO - Sync 1 DAGs
[2024-08-22T00:36:39.778+0000] {logging_mixin.py:190} INFO - [2024-08-22T00:36:39.777+0000] {dag.py:4138} INFO - Setting next_dagrun for example_task_group to 2024-08-21 00:00:00+00:00, run_after=2024-08-22 00:00:00+00:00
[2024-08-22T00:36:39.810+0000] {processor.py:208} INFO - Processing /home/airflow/.local/lib/python3.12/site-packages/airflow/example_dags/example_task_group.py took 0.128 seconds
[2024-08-22T00:37:11.396+0000] {processor.py:186} INFO - Started process (PID=2081) to work on /home/airflow/.local/lib/python3.12/site-packages/airflow/example_dags/example_task_group.py
[2024-08-22T00:37:11.399+0000] {processor.py:914} INFO - Processing file /home/airflow/.local/lib/python3.12/site-packages/airflow/example_dags/example_task_group.py for tasks to queue
[2024-08-22T00:37:11.403+0000] {logging_mixin.py:190} INFO - [2024-08-22T00:37:11.403+0000] {dagbag.py:587} INFO - Filling up the DagBag from /home/airflow/.local/lib/python3.12/site-packages/airflow/example_dags/example_task_group.py
[2024-08-22T00:37:11.422+0000] {processor.py:925} INFO - DAG(s) 'example_task_group' retrieved from /home/airflow/.local/lib/python3.12/site-packages/airflow/example_dags/example_task_group.py
[2024-08-22T00:37:11.461+0000] {logging_mixin.py:190} INFO - [2024-08-22T00:37:11.460+0000] {dag.py:3211} INFO - Sync 1 DAGs
[2024-08-22T00:37:11.510+0000] {logging_mixin.py:190} INFO - [2024-08-22T00:37:11.510+0000] {dag.py:4138} INFO - Setting next_dagrun for example_task_group to 2024-08-21 00:00:00+00:00, run_after=2024-08-22 00:00:00+00:00
[2024-08-22T00:37:11.561+0000] {processor.py:208} INFO - Processing /home/airflow/.local/lib/python3.12/site-packages/airflow/example_dags/example_task_group.py took 0.174 seconds
[2024-08-22T00:37:44.039+0000] {processor.py:186} INFO - Started process (PID=2144) to work on /home/airflow/.local/lib/python3.12/site-packages/airflow/example_dags/example_task_group.py
[2024-08-22T00:37:44.040+0000] {processor.py:914} INFO - Processing file /home/airflow/.local/lib/python3.12/site-packages/airflow/example_dags/example_task_group.py for tasks to queue
[2024-08-22T00:37:44.045+0000] {logging_mixin.py:190} INFO - [2024-08-22T00:37:44.044+0000] {dagbag.py:587} INFO - Filling up the DagBag from /home/airflow/.local/lib/python3.12/site-packages/airflow/example_dags/example_task_group.py
[2024-08-22T00:37:44.064+0000] {processor.py:925} INFO - DAG(s) 'example_task_group' retrieved from /home/airflow/.local/lib/python3.12/site-packages/airflow/example_dags/example_task_group.py
[2024-08-22T00:37:44.125+0000] {logging_mixin.py:190} INFO - [2024-08-22T00:37:44.125+0000] {dag.py:3211} INFO - Sync 1 DAGs
[2024-08-22T00:37:44.171+0000] {logging_mixin.py:190} INFO - [2024-08-22T00:37:44.171+0000] {dag.py:4138} INFO - Setting next_dagrun for example_task_group to 2024-08-21 00:00:00+00:00, run_after=2024-08-22 00:00:00+00:00
[2024-08-22T00:37:44.204+0000] {processor.py:208} INFO - Processing /home/airflow/.local/lib/python3.12/site-packages/airflow/example_dags/example_task_group.py took 0.178 seconds
[2024-08-22T00:38:14.400+0000] {processor.py:186} INFO - Started process (PID=2207) to work on /home/airflow/.local/lib/python3.12/site-packages/airflow/example_dags/example_task_group.py
[2024-08-22T00:38:14.402+0000] {processor.py:914} INFO - Processing file /home/airflow/.local/lib/python3.12/site-packages/airflow/example_dags/example_task_group.py for tasks to queue
[2024-08-22T00:38:14.409+0000] {logging_mixin.py:190} INFO - [2024-08-22T00:38:14.408+0000] {dagbag.py:587} INFO - Filling up the DagBag from /home/airflow/.local/lib/python3.12/site-packages/airflow/example_dags/example_task_group.py
[2024-08-22T00:38:14.429+0000] {processor.py:925} INFO - DAG(s) 'example_task_group' retrieved from /home/airflow/.local/lib/python3.12/site-packages/airflow/example_dags/example_task_group.py
[2024-08-22T00:38:14.488+0000] {logging_mixin.py:190} INFO - [2024-08-22T00:38:14.488+0000] {dag.py:3211} INFO - Sync 1 DAGs
[2024-08-22T00:38:14.559+0000] {logging_mixin.py:190} INFO - [2024-08-22T00:38:14.558+0000] {dag.py:4138} INFO - Setting next_dagrun for example_task_group to 2024-08-21 00:00:00+00:00, run_after=2024-08-22 00:00:00+00:00
[2024-08-22T00:38:14.624+0000] {processor.py:208} INFO - Processing /home/airflow/.local/lib/python3.12/site-packages/airflow/example_dags/example_task_group.py took 0.235 seconds
[2024-08-22T00:38:47.197+0000] {processor.py:186} INFO - Started process (PID=2270) to work on /home/airflow/.local/lib/python3.12/site-packages/airflow/example_dags/example_task_group.py
[2024-08-22T00:38:47.201+0000] {processor.py:914} INFO - Processing file /home/airflow/.local/lib/python3.12/site-packages/airflow/example_dags/example_task_group.py for tasks to queue
[2024-08-22T00:38:47.206+0000] {logging_mixin.py:190} INFO - [2024-08-22T00:38:47.205+0000] {dagbag.py:587} INFO - Filling up the DagBag from /home/airflow/.local/lib/python3.12/site-packages/airflow/example_dags/example_task_group.py
[2024-08-22T00:38:47.235+0000] {processor.py:925} INFO - DAG(s) 'example_task_group' retrieved from /home/airflow/.local/lib/python3.12/site-packages/airflow/example_dags/example_task_group.py
[2024-08-22T00:38:47.286+0000] {logging_mixin.py:190} INFO - [2024-08-22T00:38:47.286+0000] {dag.py:3211} INFO - Sync 1 DAGs
[2024-08-22T00:38:47.356+0000] {logging_mixin.py:190} INFO - [2024-08-22T00:38:47.355+0000] {dag.py:4138} INFO - Setting next_dagrun for example_task_group to 2024-08-21 00:00:00+00:00, run_after=2024-08-22 00:00:00+00:00
[2024-08-22T00:38:47.399+0000] {processor.py:208} INFO - Processing /home/airflow/.local/lib/python3.12/site-packages/airflow/example_dags/example_task_group.py took 0.231 seconds
[2024-08-22T00:39:19.537+0000] {processor.py:186} INFO - Started process (PID=2333) to work on /home/airflow/.local/lib/python3.12/site-packages/airflow/example_dags/example_task_group.py
[2024-08-22T00:39:19.539+0000] {processor.py:914} INFO - Processing file /home/airflow/.local/lib/python3.12/site-packages/airflow/example_dags/example_task_group.py for tasks to queue
[2024-08-22T00:39:19.543+0000] {logging_mixin.py:190} INFO - [2024-08-22T00:39:19.543+0000] {dagbag.py:587} INFO - Filling up the DagBag from /home/airflow/.local/lib/python3.12/site-packages/airflow/example_dags/example_task_group.py
[2024-08-22T00:39:19.565+0000] {processor.py:925} INFO - DAG(s) 'example_task_group' retrieved from /home/airflow/.local/lib/python3.12/site-packages/airflow/example_dags/example_task_group.py
[2024-08-22T00:39:19.626+0000] {logging_mixin.py:190} INFO - [2024-08-22T00:39:19.626+0000] {dag.py:3211} INFO - Sync 1 DAGs
[2024-08-22T00:39:19.758+0000] {logging_mixin.py:190} INFO - [2024-08-22T00:39:19.758+0000] {dag.py:4138} INFO - Setting next_dagrun for example_task_group to 2024-08-21 00:00:00+00:00, run_after=2024-08-22 00:00:00+00:00
[2024-08-22T00:39:19.824+0000] {processor.py:208} INFO - Processing /home/airflow/.local/lib/python3.12/site-packages/airflow/example_dags/example_task_group.py took 0.302 seconds
[2024-08-22T00:39:51.404+0000] {processor.py:186} INFO - Started process (PID=2401) to work on /home/airflow/.local/lib/python3.12/site-packages/airflow/example_dags/example_task_group.py
[2024-08-22T00:39:51.405+0000] {processor.py:914} INFO - Processing file /home/airflow/.local/lib/python3.12/site-packages/airflow/example_dags/example_task_group.py for tasks to queue
[2024-08-22T00:39:51.409+0000] {logging_mixin.py:190} INFO - [2024-08-22T00:39:51.408+0000] {dagbag.py:587} INFO - Filling up the DagBag from /home/airflow/.local/lib/python3.12/site-packages/airflow/example_dags/example_task_group.py
[2024-08-22T00:39:51.424+0000] {processor.py:925} INFO - DAG(s) 'example_task_group' retrieved from /home/airflow/.local/lib/python3.12/site-packages/airflow/example_dags/example_task_group.py
[2024-08-22T00:39:51.474+0000] {logging_mixin.py:190} INFO - [2024-08-22T00:39:51.473+0000] {dag.py:3211} INFO - Sync 1 DAGs
[2024-08-22T00:39:51.522+0000] {logging_mixin.py:190} INFO - [2024-08-22T00:39:51.522+0000] {dag.py:4138} INFO - Setting next_dagrun for example_task_group to 2024-08-21 00:00:00+00:00, run_after=2024-08-22 00:00:00+00:00
[2024-08-22T00:39:51.552+0000] {processor.py:208} INFO - Processing /home/airflow/.local/lib/python3.12/site-packages/airflow/example_dags/example_task_group.py took 0.161 seconds
[2024-08-22T00:40:24.216+0000] {processor.py:186} INFO - Started process (PID=2466) to work on /home/airflow/.local/lib/python3.12/site-packages/airflow/example_dags/example_task_group.py
[2024-08-22T00:40:24.217+0000] {processor.py:914} INFO - Processing file /home/airflow/.local/lib/python3.12/site-packages/airflow/example_dags/example_task_group.py for tasks to queue
[2024-08-22T00:40:24.221+0000] {logging_mixin.py:190} INFO - [2024-08-22T00:40:24.220+0000] {dagbag.py:587} INFO - Filling up the DagBag from /home/airflow/.local/lib/python3.12/site-packages/airflow/example_dags/example_task_group.py
[2024-08-22T00:40:24.234+0000] {processor.py:925} INFO - DAG(s) 'example_task_group' retrieved from /home/airflow/.local/lib/python3.12/site-packages/airflow/example_dags/example_task_group.py
[2024-08-22T00:40:24.264+0000] {logging_mixin.py:190} INFO - [2024-08-22T00:40:24.264+0000] {dag.py:3211} INFO - Sync 1 DAGs
[2024-08-22T00:40:24.297+0000] {logging_mixin.py:190} INFO - [2024-08-22T00:40:24.297+0000] {dag.py:4138} INFO - Setting next_dagrun for example_task_group to 2024-08-21 00:00:00+00:00, run_after=2024-08-22 00:00:00+00:00
[2024-08-22T00:40:24.478+0000] {processor.py:208} INFO - Processing /home/airflow/.local/lib/python3.12/site-packages/airflow/example_dags/example_task_group.py took 0.271 seconds
[2024-08-22T00:40:54.883+0000] {processor.py:186} INFO - Started process (PID=2529) to work on /home/airflow/.local/lib/python3.12/site-packages/airflow/example_dags/example_task_group.py
[2024-08-22T00:40:54.884+0000] {processor.py:914} INFO - Processing file /home/airflow/.local/lib/python3.12/site-packages/airflow/example_dags/example_task_group.py for tasks to queue
[2024-08-22T00:40:54.888+0000] {logging_mixin.py:190} INFO - [2024-08-22T00:40:54.888+0000] {dagbag.py:587} INFO - Filling up the DagBag from /home/airflow/.local/lib/python3.12/site-packages/airflow/example_dags/example_task_group.py
[2024-08-22T00:40:54.902+0000] {processor.py:925} INFO - DAG(s) 'example_task_group' retrieved from /home/airflow/.local/lib/python3.12/site-packages/airflow/example_dags/example_task_group.py
[2024-08-22T00:40:54.934+0000] {logging_mixin.py:190} INFO - [2024-08-22T00:40:54.934+0000] {dag.py:3211} INFO - Sync 1 DAGs
[2024-08-22T00:40:54.972+0000] {logging_mixin.py:190} INFO - [2024-08-22T00:40:54.972+0000] {dag.py:4138} INFO - Setting next_dagrun for example_task_group to 2024-08-21 00:00:00+00:00, run_after=2024-08-22 00:00:00+00:00
[2024-08-22T00:40:55.006+0000] {processor.py:208} INFO - Processing /home/airflow/.local/lib/python3.12/site-packages/airflow/example_dags/example_task_group.py took 0.136 seconds
[2024-08-22T00:41:25.471+0000] {processor.py:186} INFO - Started process (PID=2591) to work on /home/airflow/.local/lib/python3.12/site-packages/airflow/example_dags/example_task_group.py
[2024-08-22T00:41:25.472+0000] {processor.py:914} INFO - Processing file /home/airflow/.local/lib/python3.12/site-packages/airflow/example_dags/example_task_group.py for tasks to queue
[2024-08-22T00:41:25.475+0000] {logging_mixin.py:190} INFO - [2024-08-22T00:41:25.475+0000] {dagbag.py:587} INFO - Filling up the DagBag from /home/airflow/.local/lib/python3.12/site-packages/airflow/example_dags/example_task_group.py
[2024-08-22T00:41:25.488+0000] {processor.py:925} INFO - DAG(s) 'example_task_group' retrieved from /home/airflow/.local/lib/python3.12/site-packages/airflow/example_dags/example_task_group.py
[2024-08-22T00:41:25.520+0000] {logging_mixin.py:190} INFO - [2024-08-22T00:41:25.520+0000] {dag.py:3211} INFO - Sync 1 DAGs
[2024-08-22T00:41:25.557+0000] {logging_mixin.py:190} INFO - [2024-08-22T00:41:25.556+0000] {dag.py:4138} INFO - Setting next_dagrun for example_task_group to 2024-08-21 00:00:00+00:00, run_after=2024-08-22 00:00:00+00:00
[2024-08-22T00:41:25.609+0000] {processor.py:208} INFO - Processing /home/airflow/.local/lib/python3.12/site-packages/airflow/example_dags/example_task_group.py took 0.147 seconds
[2024-08-22T00:41:57.157+0000] {processor.py:186} INFO - Started process (PID=2660) to work on /home/airflow/.local/lib/python3.12/site-packages/airflow/example_dags/example_task_group.py
[2024-08-22T00:41:57.158+0000] {processor.py:914} INFO - Processing file /home/airflow/.local/lib/python3.12/site-packages/airflow/example_dags/example_task_group.py for tasks to queue
[2024-08-22T00:41:57.161+0000] {logging_mixin.py:190} INFO - [2024-08-22T00:41:57.161+0000] {dagbag.py:587} INFO - Filling up the DagBag from /home/airflow/.local/lib/python3.12/site-packages/airflow/example_dags/example_task_group.py
[2024-08-22T00:41:57.176+0000] {processor.py:925} INFO - DAG(s) 'example_task_group' retrieved from /home/airflow/.local/lib/python3.12/site-packages/airflow/example_dags/example_task_group.py
[2024-08-22T00:41:57.211+0000] {logging_mixin.py:190} INFO - [2024-08-22T00:41:57.210+0000] {dag.py:3211} INFO - Sync 1 DAGs
[2024-08-22T00:41:57.260+0000] {logging_mixin.py:190} INFO - [2024-08-22T00:41:57.260+0000] {dag.py:4138} INFO - Setting next_dagrun for example_task_group to 2024-08-21 00:00:00+00:00, run_after=2024-08-22 00:00:00+00:00
[2024-08-22T00:41:57.306+0000] {processor.py:208} INFO - Processing /home/airflow/.local/lib/python3.12/site-packages/airflow/example_dags/example_task_group.py took 0.161 seconds
[2024-08-22T00:42:28.596+0000] {processor.py:186} INFO - Started process (PID=2723) to work on /home/airflow/.local/lib/python3.12/site-packages/airflow/example_dags/example_task_group.py
[2024-08-22T00:42:28.601+0000] {processor.py:914} INFO - Processing file /home/airflow/.local/lib/python3.12/site-packages/airflow/example_dags/example_task_group.py for tasks to queue
[2024-08-22T00:42:28.608+0000] {logging_mixin.py:190} INFO - [2024-08-22T00:42:28.608+0000] {dagbag.py:587} INFO - Filling up the DagBag from /home/airflow/.local/lib/python3.12/site-packages/airflow/example_dags/example_task_group.py
[2024-08-22T00:42:28.628+0000] {processor.py:925} INFO - DAG(s) 'example_task_group' retrieved from /home/airflow/.local/lib/python3.12/site-packages/airflow/example_dags/example_task_group.py
[2024-08-22T00:42:28.670+0000] {logging_mixin.py:190} INFO - [2024-08-22T00:42:28.670+0000] {dag.py:3211} INFO - Sync 1 DAGs
[2024-08-22T00:42:28.720+0000] {logging_mixin.py:190} INFO - [2024-08-22T00:42:28.719+0000] {dag.py:4138} INFO - Setting next_dagrun for example_task_group to 2024-08-21 00:00:00+00:00, run_after=2024-08-22 00:00:00+00:00
[2024-08-22T00:42:28.752+0000] {processor.py:208} INFO - Processing /home/airflow/.local/lib/python3.12/site-packages/airflow/example_dags/example_task_group.py took 0.167 seconds
