[2024-08-22T00:20:42.496+0000] {processor.py:186} INFO - Started process (PID=133) to work on /home/airflow/.local/lib/python3.12/site-packages/airflow/example_dags/example_dataset_alias.py
[2024-08-22T00:20:42.497+0000] {processor.py:914} INFO - Processing file /home/airflow/.local/lib/python3.12/site-packages/airflow/example_dags/example_dataset_alias.py for tasks to queue
[2024-08-22T00:20:42.501+0000] {logging_mixin.py:190} INFO - [2024-08-22T00:20:42.501+0000] {dagbag.py:587} INFO - Filling up the DagBag from /home/airflow/.local/lib/python3.12/site-packages/airflow/example_dags/example_dataset_alias.py
[2024-08-22T00:20:42.840+0000] {processor.py:925} INFO - DAG(s) 'dataset_alias_example_alias_producer', 'dataset_alias_example_alias_consumer', 'dataset_s3_bucket_consumer', 'dataset_s3_bucket_producer' retrieved from /home/airflow/.local/lib/python3.12/site-packages/airflow/example_dags/example_dataset_alias.py
[2024-08-22T00:20:43.155+0000] {logging_mixin.py:190} INFO - [2024-08-22T00:20:43.154+0000] {override.py:1858} INFO - Created Permission View: can read on DAG:dataset_alias_example_alias_producer
[2024-08-22T00:20:43.193+0000] {logging_mixin.py:190} INFO - [2024-08-22T00:20:43.193+0000] {override.py:1858} INFO - Created Permission View: can delete on DAG:dataset_alias_example_alias_producer
[2024-08-22T00:20:43.243+0000] {logging_mixin.py:190} INFO - [2024-08-22T00:20:43.242+0000] {override.py:1858} INFO - Created Permission View: can edit on DAG:dataset_alias_example_alias_producer
[2024-08-22T00:20:43.293+0000] {logging_mixin.py:190} INFO - [2024-08-22T00:20:43.293+0000] {override.py:1858} INFO - Created Permission View: can read on DAG:dataset_alias_example_alias_consumer
[2024-08-22T00:20:43.315+0000] {logging_mixin.py:190} INFO - [2024-08-22T00:20:43.314+0000] {override.py:1858} INFO - Created Permission View: can delete on DAG:dataset_alias_example_alias_consumer
[2024-08-22T00:20:43.334+0000] {logging_mixin.py:190} INFO - [2024-08-22T00:20:43.333+0000] {override.py:1858} INFO - Created Permission View: can edit on DAG:dataset_alias_example_alias_consumer
[2024-08-22T00:20:43.384+0000] {logging_mixin.py:190} INFO - [2024-08-22T00:20:43.383+0000] {override.py:1858} INFO - Created Permission View: can read on DAG:dataset_s3_bucket_consumer
[2024-08-22T00:20:43.450+0000] {logging_mixin.py:190} INFO - [2024-08-22T00:20:43.449+0000] {override.py:1858} INFO - Created Permission View: can delete on DAG:dataset_s3_bucket_consumer
[2024-08-22T00:20:43.479+0000] {logging_mixin.py:190} INFO - [2024-08-22T00:20:43.478+0000] {override.py:1858} INFO - Created Permission View: can edit on DAG:dataset_s3_bucket_consumer
[2024-08-22T00:20:43.528+0000] {logging_mixin.py:190} INFO - [2024-08-22T00:20:43.527+0000] {override.py:1858} INFO - Created Permission View: can read on DAG:dataset_s3_bucket_producer
[2024-08-22T00:20:43.543+0000] {logging_mixin.py:190} INFO - [2024-08-22T00:20:43.542+0000] {override.py:1858} INFO - Created Permission View: can delete on DAG:dataset_s3_bucket_producer
[2024-08-22T00:20:43.559+0000] {logging_mixin.py:190} INFO - [2024-08-22T00:20:43.559+0000] {override.py:1858} INFO - Created Permission View: can edit on DAG:dataset_s3_bucket_producer
[2024-08-22T00:20:43.561+0000] {logging_mixin.py:190} INFO - [2024-08-22T00:20:43.560+0000] {dag.py:3211} INFO - Sync 4 DAGs
[2024-08-22T00:20:43.598+0000] {logging_mixin.py:190} INFO - [2024-08-22T00:20:43.597+0000] {dag.py:3234} INFO - Creating ORM DAG for dataset_s3_bucket_producer
[2024-08-22T00:20:43.600+0000] {logging_mixin.py:190} INFO - [2024-08-22T00:20:43.599+0000] {dag.py:3234} INFO - Creating ORM DAG for dataset_alias_example_alias_producer
[2024-08-22T00:20:43.602+0000] {logging_mixin.py:190} INFO - [2024-08-22T00:20:43.601+0000] {dag.py:3234} INFO - Creating ORM DAG for dataset_s3_bucket_consumer
[2024-08-22T00:20:43.604+0000] {logging_mixin.py:190} INFO - [2024-08-22T00:20:43.603+0000] {dag.py:3234} INFO - Creating ORM DAG for dataset_alias_example_alias_consumer
[2024-08-22T00:20:43.650+0000] {logging_mixin.py:190} INFO - [2024-08-22T00:20:43.649+0000] {dag.py:4138} INFO - Setting next_dagrun for dataset_alias_example_alias_consumer to None, run_after=None
[2024-08-22T00:20:43.652+0000] {logging_mixin.py:190} INFO - [2024-08-22T00:20:43.651+0000] {dag.py:4138} INFO - Setting next_dagrun for dataset_alias_example_alias_producer to None, run_after=None
[2024-08-22T00:20:43.654+0000] {logging_mixin.py:190} INFO - [2024-08-22T00:20:43.653+0000] {dag.py:4138} INFO - Setting next_dagrun for dataset_s3_bucket_consumer to None, run_after=None
[2024-08-22T00:20:43.655+0000] {logging_mixin.py:190} INFO - [2024-08-22T00:20:43.655+0000] {dag.py:4138} INFO - Setting next_dagrun for dataset_s3_bucket_producer to None, run_after=None
[2024-08-22T00:20:43.726+0000] {processor.py:208} INFO - Processing /home/airflow/.local/lib/python3.12/site-packages/airflow/example_dags/example_dataset_alias.py took 1.241 seconds
[2024-08-22T00:21:49.214+0000] {processor.py:186} INFO - Started process (PID=213) to work on /home/airflow/.local/lib/python3.12/site-packages/airflow/example_dags/example_dataset_alias.py
[2024-08-22T00:21:49.216+0000] {processor.py:914} INFO - Processing file /home/airflow/.local/lib/python3.12/site-packages/airflow/example_dags/example_dataset_alias.py for tasks to queue
[2024-08-22T00:21:49.231+0000] {logging_mixin.py:190} INFO - [2024-08-22T00:21:49.223+0000] {dagbag.py:587} INFO - Filling up the DagBag from /home/airflow/.local/lib/python3.12/site-packages/airflow/example_dags/example_dataset_alias.py
[2024-08-22T00:21:51.446+0000] {processor.py:925} INFO - DAG(s) 'dataset_alias_example_alias_producer', 'dataset_alias_example_alias_consumer', 'dataset_s3_bucket_producer', 'dataset_s3_bucket_consumer' retrieved from /home/airflow/.local/lib/python3.12/site-packages/airflow/example_dags/example_dataset_alias.py
[2024-08-22T00:21:51.542+0000] {logging_mixin.py:190} INFO - [2024-08-22T00:21:51.540+0000] {dag.py:3211} INFO - Sync 4 DAGs
[2024-08-22T00:21:51.613+0000] {logging_mixin.py:190} INFO - [2024-08-22T00:21:51.613+0000] {dag.py:4138} INFO - Setting next_dagrun for dataset_alias_example_alias_consumer to None, run_after=None
[2024-08-22T00:21:51.620+0000] {logging_mixin.py:190} INFO - [2024-08-22T00:21:51.619+0000] {dag.py:4138} INFO - Setting next_dagrun for dataset_alias_example_alias_producer to None, run_after=None
[2024-08-22T00:21:51.626+0000] {logging_mixin.py:190} INFO - [2024-08-22T00:21:51.626+0000] {dag.py:4138} INFO - Setting next_dagrun for dataset_s3_bucket_consumer to None, run_after=None
[2024-08-22T00:21:51.631+0000] {logging_mixin.py:190} INFO - [2024-08-22T00:21:51.631+0000] {dag.py:4138} INFO - Setting next_dagrun for dataset_s3_bucket_producer to None, run_after=None
[2024-08-22T00:21:51.703+0000] {processor.py:208} INFO - Processing /home/airflow/.local/lib/python3.12/site-packages/airflow/example_dags/example_dataset_alias.py took 2.525 seconds
[2024-08-22T00:22:22.091+0000] {processor.py:186} INFO - Started process (PID=275) to work on /home/airflow/.local/lib/python3.12/site-packages/airflow/example_dags/example_dataset_alias.py
[2024-08-22T00:22:22.093+0000] {processor.py:914} INFO - Processing file /home/airflow/.local/lib/python3.12/site-packages/airflow/example_dags/example_dataset_alias.py for tasks to queue
[2024-08-22T00:22:22.097+0000] {logging_mixin.py:190} INFO - [2024-08-22T00:22:22.097+0000] {dagbag.py:587} INFO - Filling up the DagBag from /home/airflow/.local/lib/python3.12/site-packages/airflow/example_dags/example_dataset_alias.py
[2024-08-22T00:22:22.444+0000] {processor.py:925} INFO - DAG(s) 'dataset_s3_bucket_producer', 'dataset_alias_example_alias_consumer', 'dataset_alias_example_alias_producer', 'dataset_s3_bucket_consumer' retrieved from /home/airflow/.local/lib/python3.12/site-packages/airflow/example_dags/example_dataset_alias.py
[2024-08-22T00:22:22.495+0000] {logging_mixin.py:190} INFO - [2024-08-22T00:22:22.494+0000] {dag.py:3211} INFO - Sync 4 DAGs
[2024-08-22T00:22:22.544+0000] {logging_mixin.py:190} INFO - [2024-08-22T00:22:22.544+0000] {dag.py:4138} INFO - Setting next_dagrun for dataset_alias_example_alias_consumer to None, run_after=None
[2024-08-22T00:22:22.549+0000] {logging_mixin.py:190} INFO - [2024-08-22T00:22:22.548+0000] {dag.py:4138} INFO - Setting next_dagrun for dataset_alias_example_alias_producer to None, run_after=None
[2024-08-22T00:22:22.551+0000] {logging_mixin.py:190} INFO - [2024-08-22T00:22:22.551+0000] {dag.py:4138} INFO - Setting next_dagrun for dataset_s3_bucket_consumer to None, run_after=None
[2024-08-22T00:22:22.554+0000] {logging_mixin.py:190} INFO - [2024-08-22T00:22:22.554+0000] {dag.py:4138} INFO - Setting next_dagrun for dataset_s3_bucket_producer to None, run_after=None
[2024-08-22T00:22:22.602+0000] {processor.py:208} INFO - Processing /home/airflow/.local/lib/python3.12/site-packages/airflow/example_dags/example_dataset_alias.py took 0.523 seconds
[2024-08-22T00:22:52.934+0000] {processor.py:186} INFO - Started process (PID=338) to work on /home/airflow/.local/lib/python3.12/site-packages/airflow/example_dags/example_dataset_alias.py
[2024-08-22T00:22:52.936+0000] {processor.py:914} INFO - Processing file /home/airflow/.local/lib/python3.12/site-packages/airflow/example_dags/example_dataset_alias.py for tasks to queue
[2024-08-22T00:22:52.952+0000] {logging_mixin.py:190} INFO - [2024-08-22T00:22:52.939+0000] {dagbag.py:587} INFO - Filling up the DagBag from /home/airflow/.local/lib/python3.12/site-packages/airflow/example_dags/example_dataset_alias.py
[2024-08-22T00:22:53.630+0000] {processor.py:925} INFO - DAG(s) 'dataset_s3_bucket_consumer', 'dataset_s3_bucket_producer', 'dataset_alias_example_alias_consumer', 'dataset_alias_example_alias_producer' retrieved from /home/airflow/.local/lib/python3.12/site-packages/airflow/example_dags/example_dataset_alias.py
[2024-08-22T00:22:53.665+0000] {logging_mixin.py:190} INFO - [2024-08-22T00:22:53.665+0000] {dag.py:3211} INFO - Sync 4 DAGs
[2024-08-22T00:22:53.696+0000] {logging_mixin.py:190} INFO - [2024-08-22T00:22:53.696+0000] {dag.py:4138} INFO - Setting next_dagrun for dataset_alias_example_alias_consumer to None, run_after=None
[2024-08-22T00:22:53.700+0000] {logging_mixin.py:190} INFO - [2024-08-22T00:22:53.700+0000] {dag.py:4138} INFO - Setting next_dagrun for dataset_alias_example_alias_producer to None, run_after=None
[2024-08-22T00:22:53.702+0000] {logging_mixin.py:190} INFO - [2024-08-22T00:22:53.702+0000] {dag.py:4138} INFO - Setting next_dagrun for dataset_s3_bucket_consumer to None, run_after=None
[2024-08-22T00:22:53.705+0000] {logging_mixin.py:190} INFO - [2024-08-22T00:22:53.704+0000] {dag.py:4138} INFO - Setting next_dagrun for dataset_s3_bucket_producer to None, run_after=None
[2024-08-22T00:22:54.233+0000] {processor.py:208} INFO - Processing /home/airflow/.local/lib/python3.12/site-packages/airflow/example_dags/example_dataset_alias.py took 1.311 seconds
[2024-08-22T00:23:24.653+0000] {processor.py:186} INFO - Started process (PID=401) to work on /home/airflow/.local/lib/python3.12/site-packages/airflow/example_dags/example_dataset_alias.py
[2024-08-22T00:23:24.655+0000] {processor.py:914} INFO - Processing file /home/airflow/.local/lib/python3.12/site-packages/airflow/example_dags/example_dataset_alias.py for tasks to queue
[2024-08-22T00:23:24.665+0000] {logging_mixin.py:190} INFO - [2024-08-22T00:23:24.664+0000] {dagbag.py:587} INFO - Filling up the DagBag from /home/airflow/.local/lib/python3.12/site-packages/airflow/example_dags/example_dataset_alias.py
[2024-08-22T00:23:25.267+0000] {processor.py:925} INFO - DAG(s) 'dataset_s3_bucket_producer', 'dataset_s3_bucket_consumer', 'dataset_alias_example_alias_producer', 'dataset_alias_example_alias_consumer' retrieved from /home/airflow/.local/lib/python3.12/site-packages/airflow/example_dags/example_dataset_alias.py
[2024-08-22T00:23:25.359+0000] {logging_mixin.py:190} INFO - [2024-08-22T00:23:25.354+0000] {dag.py:3211} INFO - Sync 4 DAGs
[2024-08-22T00:23:25.449+0000] {logging_mixin.py:190} INFO - [2024-08-22T00:23:25.449+0000] {dag.py:4138} INFO - Setting next_dagrun for dataset_alias_example_alias_consumer to None, run_after=None
[2024-08-22T00:23:25.461+0000] {logging_mixin.py:190} INFO - [2024-08-22T00:23:25.461+0000] {dag.py:4138} INFO - Setting next_dagrun for dataset_alias_example_alias_producer to None, run_after=None
[2024-08-22T00:23:25.473+0000] {logging_mixin.py:190} INFO - [2024-08-22T00:23:25.472+0000] {dag.py:4138} INFO - Setting next_dagrun for dataset_s3_bucket_consumer to None, run_after=None
[2024-08-22T00:23:25.484+0000] {logging_mixin.py:190} INFO - [2024-08-22T00:23:25.484+0000] {dag.py:4138} INFO - Setting next_dagrun for dataset_s3_bucket_producer to None, run_after=None
[2024-08-22T00:23:25.766+0000] {processor.py:208} INFO - Processing /home/airflow/.local/lib/python3.12/site-packages/airflow/example_dags/example_dataset_alias.py took 1.128 seconds
[2024-08-22T00:23:56.153+0000] {processor.py:186} INFO - Started process (PID=464) to work on /home/airflow/.local/lib/python3.12/site-packages/airflow/example_dags/example_dataset_alias.py
[2024-08-22T00:23:56.157+0000] {processor.py:914} INFO - Processing file /home/airflow/.local/lib/python3.12/site-packages/airflow/example_dags/example_dataset_alias.py for tasks to queue
[2024-08-22T00:23:56.162+0000] {logging_mixin.py:190} INFO - [2024-08-22T00:23:56.162+0000] {dagbag.py:587} INFO - Filling up the DagBag from /home/airflow/.local/lib/python3.12/site-packages/airflow/example_dags/example_dataset_alias.py
[2024-08-22T00:23:57.032+0000] {processor.py:925} INFO - DAG(s) 'dataset_s3_bucket_producer', 'dataset_s3_bucket_consumer', 'dataset_alias_example_alias_producer', 'dataset_alias_example_alias_consumer' retrieved from /home/airflow/.local/lib/python3.12/site-packages/airflow/example_dags/example_dataset_alias.py
[2024-08-22T00:23:57.104+0000] {logging_mixin.py:190} INFO - [2024-08-22T00:23:57.104+0000] {dag.py:3211} INFO - Sync 4 DAGs
[2024-08-22T00:23:57.198+0000] {logging_mixin.py:190} INFO - [2024-08-22T00:23:57.197+0000] {dag.py:4138} INFO - Setting next_dagrun for dataset_alias_example_alias_consumer to None, run_after=None
[2024-08-22T00:23:57.210+0000] {logging_mixin.py:190} INFO - [2024-08-22T00:23:57.209+0000] {dag.py:4138} INFO - Setting next_dagrun for dataset_alias_example_alias_producer to None, run_after=None
[2024-08-22T00:23:57.213+0000] {logging_mixin.py:190} INFO - [2024-08-22T00:23:57.213+0000] {dag.py:4138} INFO - Setting next_dagrun for dataset_s3_bucket_consumer to None, run_after=None
[2024-08-22T00:23:57.219+0000] {logging_mixin.py:190} INFO - [2024-08-22T00:23:57.218+0000] {dag.py:4138} INFO - Setting next_dagrun for dataset_s3_bucket_producer to None, run_after=None
[2024-08-22T00:23:57.296+0000] {processor.py:208} INFO - Processing /home/airflow/.local/lib/python3.12/site-packages/airflow/example_dags/example_dataset_alias.py took 1.156 seconds
[2024-08-22T00:24:28.929+0000] {processor.py:186} INFO - Started process (PID=529) to work on /home/airflow/.local/lib/python3.12/site-packages/airflow/example_dags/example_dataset_alias.py
[2024-08-22T00:24:28.932+0000] {processor.py:914} INFO - Processing file /home/airflow/.local/lib/python3.12/site-packages/airflow/example_dags/example_dataset_alias.py for tasks to queue
[2024-08-22T00:24:28.941+0000] {logging_mixin.py:190} INFO - [2024-08-22T00:24:28.939+0000] {dagbag.py:587} INFO - Filling up the DagBag from /home/airflow/.local/lib/python3.12/site-packages/airflow/example_dags/example_dataset_alias.py
[2024-08-22T00:24:29.410+0000] {processor.py:925} INFO - DAG(s) 'dataset_alias_example_alias_consumer', 'dataset_s3_bucket_consumer', 'dataset_alias_example_alias_producer', 'dataset_s3_bucket_producer' retrieved from /home/airflow/.local/lib/python3.12/site-packages/airflow/example_dags/example_dataset_alias.py
[2024-08-22T00:24:29.462+0000] {logging_mixin.py:190} INFO - [2024-08-22T00:24:29.461+0000] {dag.py:3211} INFO - Sync 4 DAGs
[2024-08-22T00:24:29.517+0000] {logging_mixin.py:190} INFO - [2024-08-22T00:24:29.517+0000] {dag.py:4138} INFO - Setting next_dagrun for dataset_alias_example_alias_consumer to None, run_after=None
[2024-08-22T00:24:29.524+0000] {logging_mixin.py:190} INFO - [2024-08-22T00:24:29.522+0000] {dag.py:4138} INFO - Setting next_dagrun for dataset_alias_example_alias_producer to None, run_after=None
[2024-08-22T00:24:29.528+0000] {logging_mixin.py:190} INFO - [2024-08-22T00:24:29.527+0000] {dag.py:4138} INFO - Setting next_dagrun for dataset_s3_bucket_consumer to None, run_after=None
[2024-08-22T00:24:29.531+0000] {logging_mixin.py:190} INFO - [2024-08-22T00:24:29.530+0000] {dag.py:4138} INFO - Setting next_dagrun for dataset_s3_bucket_producer to None, run_after=None
[2024-08-22T00:24:29.630+0000] {processor.py:208} INFO - Processing /home/airflow/.local/lib/python3.12/site-packages/airflow/example_dags/example_dataset_alias.py took 0.734 seconds
[2024-08-22T00:24:59.717+0000] {processor.py:186} INFO - Started process (PID=593) to work on /home/airflow/.local/lib/python3.12/site-packages/airflow/example_dags/example_dataset_alias.py
[2024-08-22T00:24:59.718+0000] {processor.py:914} INFO - Processing file /home/airflow/.local/lib/python3.12/site-packages/airflow/example_dags/example_dataset_alias.py for tasks to queue
[2024-08-22T00:24:59.722+0000] {logging_mixin.py:190} INFO - [2024-08-22T00:24:59.722+0000] {dagbag.py:587} INFO - Filling up the DagBag from /home/airflow/.local/lib/python3.12/site-packages/airflow/example_dags/example_dataset_alias.py
[2024-08-22T00:25:00.106+0000] {processor.py:925} INFO - DAG(s) 'dataset_s3_bucket_consumer', 'dataset_alias_example_alias_producer', 'dataset_alias_example_alias_consumer', 'dataset_s3_bucket_producer' retrieved from /home/airflow/.local/lib/python3.12/site-packages/airflow/example_dags/example_dataset_alias.py
[2024-08-22T00:25:00.168+0000] {logging_mixin.py:190} INFO - [2024-08-22T00:25:00.168+0000] {dag.py:3211} INFO - Sync 4 DAGs
[2024-08-22T00:25:00.253+0000] {logging_mixin.py:190} INFO - [2024-08-22T00:25:00.253+0000] {dag.py:4138} INFO - Setting next_dagrun for dataset_alias_example_alias_consumer to None, run_after=None
[2024-08-22T00:25:00.263+0000] {logging_mixin.py:190} INFO - [2024-08-22T00:25:00.262+0000] {dag.py:4138} INFO - Setting next_dagrun for dataset_alias_example_alias_producer to None, run_after=None
[2024-08-22T00:25:00.266+0000] {logging_mixin.py:190} INFO - [2024-08-22T00:25:00.266+0000] {dag.py:4138} INFO - Setting next_dagrun for dataset_s3_bucket_consumer to None, run_after=None
[2024-08-22T00:25:00.269+0000] {logging_mixin.py:190} INFO - [2024-08-22T00:25:00.269+0000] {dag.py:4138} INFO - Setting next_dagrun for dataset_s3_bucket_producer to None, run_after=None
[2024-08-22T00:25:00.332+0000] {processor.py:208} INFO - Processing /home/airflow/.local/lib/python3.12/site-packages/airflow/example_dags/example_dataset_alias.py took 0.630 seconds
[2024-08-22T00:25:30.512+0000] {processor.py:186} INFO - Started process (PID=656) to work on /home/airflow/.local/lib/python3.12/site-packages/airflow/example_dags/example_dataset_alias.py
[2024-08-22T00:25:30.514+0000] {processor.py:914} INFO - Processing file /home/airflow/.local/lib/python3.12/site-packages/airflow/example_dags/example_dataset_alias.py for tasks to queue
[2024-08-22T00:25:30.518+0000] {logging_mixin.py:190} INFO - [2024-08-22T00:25:30.517+0000] {dagbag.py:587} INFO - Filling up the DagBag from /home/airflow/.local/lib/python3.12/site-packages/airflow/example_dags/example_dataset_alias.py
[2024-08-22T00:25:30.917+0000] {processor.py:925} INFO - DAG(s) 'dataset_s3_bucket_consumer', 'dataset_s3_bucket_producer', 'dataset_alias_example_alias_producer', 'dataset_alias_example_alias_consumer' retrieved from /home/airflow/.local/lib/python3.12/site-packages/airflow/example_dags/example_dataset_alias.py
[2024-08-22T00:25:31.048+0000] {logging_mixin.py:190} INFO - [2024-08-22T00:25:31.048+0000] {dag.py:3211} INFO - Sync 4 DAGs
[2024-08-22T00:25:31.100+0000] {logging_mixin.py:190} INFO - [2024-08-22T00:25:31.100+0000] {dag.py:4138} INFO - Setting next_dagrun for dataset_alias_example_alias_consumer to None, run_after=None
[2024-08-22T00:25:31.105+0000] {logging_mixin.py:190} INFO - [2024-08-22T00:25:31.105+0000] {dag.py:4138} INFO - Setting next_dagrun for dataset_alias_example_alias_producer to None, run_after=None
[2024-08-22T00:25:31.108+0000] {logging_mixin.py:190} INFO - [2024-08-22T00:25:31.108+0000] {dag.py:4138} INFO - Setting next_dagrun for dataset_s3_bucket_consumer to None, run_after=None
[2024-08-22T00:25:31.113+0000] {logging_mixin.py:190} INFO - [2024-08-22T00:25:31.113+0000] {dag.py:4138} INFO - Setting next_dagrun for dataset_s3_bucket_producer to None, run_after=None
[2024-08-22T00:25:31.163+0000] {processor.py:208} INFO - Processing /home/airflow/.local/lib/python3.12/site-packages/airflow/example_dags/example_dataset_alias.py took 0.665 seconds
[2024-08-22T00:26:01.342+0000] {processor.py:186} INFO - Started process (PID=719) to work on /home/airflow/.local/lib/python3.12/site-packages/airflow/example_dags/example_dataset_alias.py
[2024-08-22T00:26:01.351+0000] {processor.py:914} INFO - Processing file /home/airflow/.local/lib/python3.12/site-packages/airflow/example_dags/example_dataset_alias.py for tasks to queue
[2024-08-22T00:26:01.356+0000] {logging_mixin.py:190} INFO - [2024-08-22T00:26:01.356+0000] {dagbag.py:587} INFO - Filling up the DagBag from /home/airflow/.local/lib/python3.12/site-packages/airflow/example_dags/example_dataset_alias.py
[2024-08-22T00:26:01.918+0000] {processor.py:925} INFO - DAG(s) 'dataset_s3_bucket_consumer', 'dataset_s3_bucket_producer', 'dataset_alias_example_alias_producer', 'dataset_alias_example_alias_consumer' retrieved from /home/airflow/.local/lib/python3.12/site-packages/airflow/example_dags/example_dataset_alias.py
[2024-08-22T00:26:01.974+0000] {logging_mixin.py:190} INFO - [2024-08-22T00:26:01.974+0000] {dag.py:3211} INFO - Sync 4 DAGs
[2024-08-22T00:26:02.070+0000] {logging_mixin.py:190} INFO - [2024-08-22T00:26:02.069+0000] {dag.py:4138} INFO - Setting next_dagrun for dataset_alias_example_alias_consumer to None, run_after=None
[2024-08-22T00:26:02.076+0000] {logging_mixin.py:190} INFO - [2024-08-22T00:26:02.075+0000] {dag.py:4138} INFO - Setting next_dagrun for dataset_alias_example_alias_producer to None, run_after=None
[2024-08-22T00:26:02.084+0000] {logging_mixin.py:190} INFO - [2024-08-22T00:26:02.084+0000] {dag.py:4138} INFO - Setting next_dagrun for dataset_s3_bucket_consumer to None, run_after=None
[2024-08-22T00:26:02.088+0000] {logging_mixin.py:190} INFO - [2024-08-22T00:26:02.087+0000] {dag.py:4138} INFO - Setting next_dagrun for dataset_s3_bucket_producer to None, run_after=None
[2024-08-22T00:26:02.171+0000] {processor.py:208} INFO - Processing /home/airflow/.local/lib/python3.12/site-packages/airflow/example_dags/example_dataset_alias.py took 0.848 seconds
[2024-08-22T00:26:33.153+0000] {processor.py:186} INFO - Started process (PID=783) to work on /home/airflow/.local/lib/python3.12/site-packages/airflow/example_dags/example_dataset_alias.py
[2024-08-22T00:26:33.155+0000] {processor.py:914} INFO - Processing file /home/airflow/.local/lib/python3.12/site-packages/airflow/example_dags/example_dataset_alias.py for tasks to queue
[2024-08-22T00:26:33.171+0000] {logging_mixin.py:190} INFO - [2024-08-22T00:26:33.170+0000] {dagbag.py:587} INFO - Filling up the DagBag from /home/airflow/.local/lib/python3.12/site-packages/airflow/example_dags/example_dataset_alias.py
[2024-08-22T00:26:34.234+0000] {processor.py:925} INFO - DAG(s) 'dataset_s3_bucket_consumer', 'dataset_s3_bucket_producer', 'dataset_alias_example_alias_consumer', 'dataset_alias_example_alias_producer' retrieved from /home/airflow/.local/lib/python3.12/site-packages/airflow/example_dags/example_dataset_alias.py
[2024-08-22T00:26:34.368+0000] {logging_mixin.py:190} INFO - [2024-08-22T00:26:34.367+0000] {dag.py:3211} INFO - Sync 4 DAGs
[2024-08-22T00:26:34.514+0000] {logging_mixin.py:190} INFO - [2024-08-22T00:26:34.513+0000] {dag.py:4138} INFO - Setting next_dagrun for dataset_alias_example_alias_consumer to None, run_after=None
[2024-08-22T00:26:34.523+0000] {logging_mixin.py:190} INFO - [2024-08-22T00:26:34.523+0000] {dag.py:4138} INFO - Setting next_dagrun for dataset_alias_example_alias_producer to None, run_after=None
[2024-08-22T00:26:34.538+0000] {logging_mixin.py:190} INFO - [2024-08-22T00:26:34.537+0000] {dag.py:4138} INFO - Setting next_dagrun for dataset_s3_bucket_consumer to None, run_after=None
[2024-08-22T00:26:34.549+0000] {logging_mixin.py:190} INFO - [2024-08-22T00:26:34.548+0000] {dag.py:4138} INFO - Setting next_dagrun for dataset_s3_bucket_producer to None, run_after=None
[2024-08-22T00:26:34.630+0000] {processor.py:208} INFO - Processing /home/airflow/.local/lib/python3.12/site-packages/airflow/example_dags/example_dataset_alias.py took 1.508 seconds
[2024-08-22T00:27:04.876+0000] {processor.py:186} INFO - Started process (PID=846) to work on /home/airflow/.local/lib/python3.12/site-packages/airflow/example_dags/example_dataset_alias.py
[2024-08-22T00:27:04.878+0000] {processor.py:914} INFO - Processing file /home/airflow/.local/lib/python3.12/site-packages/airflow/example_dags/example_dataset_alias.py for tasks to queue
[2024-08-22T00:27:04.882+0000] {logging_mixin.py:190} INFO - [2024-08-22T00:27:04.882+0000] {dagbag.py:587} INFO - Filling up the DagBag from /home/airflow/.local/lib/python3.12/site-packages/airflow/example_dags/example_dataset_alias.py
[2024-08-22T00:27:05.636+0000] {processor.py:925} INFO - DAG(s) 'dataset_s3_bucket_producer', 'dataset_alias_example_alias_consumer', 'dataset_alias_example_alias_producer', 'dataset_s3_bucket_consumer' retrieved from /home/airflow/.local/lib/python3.12/site-packages/airflow/example_dags/example_dataset_alias.py
[2024-08-22T00:27:05.789+0000] {logging_mixin.py:190} INFO - [2024-08-22T00:27:05.789+0000] {dag.py:3211} INFO - Sync 4 DAGs
[2024-08-22T00:27:06.001+0000] {logging_mixin.py:190} INFO - [2024-08-22T00:27:06.001+0000] {dag.py:4138} INFO - Setting next_dagrun for dataset_alias_example_alias_consumer to None, run_after=None
[2024-08-22T00:27:06.006+0000] {logging_mixin.py:190} INFO - [2024-08-22T00:27:06.006+0000] {dag.py:4138} INFO - Setting next_dagrun for dataset_alias_example_alias_producer to None, run_after=None
[2024-08-22T00:27:06.011+0000] {logging_mixin.py:190} INFO - [2024-08-22T00:27:06.010+0000] {dag.py:4138} INFO - Setting next_dagrun for dataset_s3_bucket_consumer to None, run_after=None
[2024-08-22T00:27:06.013+0000] {logging_mixin.py:190} INFO - [2024-08-22T00:27:06.013+0000] {dag.py:4138} INFO - Setting next_dagrun for dataset_s3_bucket_producer to None, run_after=None
[2024-08-22T00:27:06.970+0000] {processor.py:208} INFO - Processing /home/airflow/.local/lib/python3.12/site-packages/airflow/example_dags/example_dataset_alias.py took 2.103 seconds
[2024-08-22T00:27:37.126+0000] {processor.py:186} INFO - Started process (PID=908) to work on /home/airflow/.local/lib/python3.12/site-packages/airflow/example_dags/example_dataset_alias.py
[2024-08-22T00:27:37.127+0000] {processor.py:914} INFO - Processing file /home/airflow/.local/lib/python3.12/site-packages/airflow/example_dags/example_dataset_alias.py for tasks to queue
[2024-08-22T00:27:37.131+0000] {logging_mixin.py:190} INFO - [2024-08-22T00:27:37.131+0000] {dagbag.py:587} INFO - Filling up the DagBag from /home/airflow/.local/lib/python3.12/site-packages/airflow/example_dags/example_dataset_alias.py
[2024-08-22T00:27:42.162+0000] {processor.py:925} INFO - DAG(s) 'dataset_s3_bucket_producer', 'dataset_alias_example_alias_producer', 'dataset_s3_bucket_consumer', 'dataset_alias_example_alias_consumer' retrieved from /home/airflow/.local/lib/python3.12/site-packages/airflow/example_dags/example_dataset_alias.py
[2024-08-22T00:27:42.220+0000] {logging_mixin.py:190} INFO - [2024-08-22T00:27:42.220+0000] {dag.py:3211} INFO - Sync 4 DAGs
[2024-08-22T00:27:42.261+0000] {logging_mixin.py:190} INFO - [2024-08-22T00:27:42.261+0000] {dag.py:4138} INFO - Setting next_dagrun for dataset_alias_example_alias_consumer to None, run_after=None
[2024-08-22T00:27:42.265+0000] {logging_mixin.py:190} INFO - [2024-08-22T00:27:42.265+0000] {dag.py:4138} INFO - Setting next_dagrun for dataset_alias_example_alias_producer to None, run_after=None
[2024-08-22T00:27:42.268+0000] {logging_mixin.py:190} INFO - [2024-08-22T00:27:42.268+0000] {dag.py:4138} INFO - Setting next_dagrun for dataset_s3_bucket_consumer to None, run_after=None
[2024-08-22T00:27:42.271+0000] {logging_mixin.py:190} INFO - [2024-08-22T00:27:42.271+0000] {dag.py:4138} INFO - Setting next_dagrun for dataset_s3_bucket_producer to None, run_after=None
[2024-08-22T00:27:42.343+0000] {processor.py:208} INFO - Processing /home/airflow/.local/lib/python3.12/site-packages/airflow/example_dags/example_dataset_alias.py took 5.227 seconds
[2024-08-22T00:28:13.562+0000] {processor.py:186} INFO - Started process (PID=972) to work on /home/airflow/.local/lib/python3.12/site-packages/airflow/example_dags/example_dataset_alias.py
[2024-08-22T00:28:13.566+0000] {processor.py:914} INFO - Processing file /home/airflow/.local/lib/python3.12/site-packages/airflow/example_dags/example_dataset_alias.py for tasks to queue
[2024-08-22T00:28:13.571+0000] {logging_mixin.py:190} INFO - [2024-08-22T00:28:13.570+0000] {dagbag.py:587} INFO - Filling up the DagBag from /home/airflow/.local/lib/python3.12/site-packages/airflow/example_dags/example_dataset_alias.py
[2024-08-22T00:28:13.962+0000] {processor.py:925} INFO - DAG(s) 'dataset_s3_bucket_producer', 'dataset_s3_bucket_consumer', 'dataset_alias_example_alias_consumer', 'dataset_alias_example_alias_producer' retrieved from /home/airflow/.local/lib/python3.12/site-packages/airflow/example_dags/example_dataset_alias.py
[2024-08-22T00:28:14.021+0000] {logging_mixin.py:190} INFO - [2024-08-22T00:28:14.020+0000] {dag.py:3211} INFO - Sync 4 DAGs
[2024-08-22T00:28:14.085+0000] {logging_mixin.py:190} INFO - [2024-08-22T00:28:14.085+0000] {dag.py:4138} INFO - Setting next_dagrun for dataset_alias_example_alias_consumer to None, run_after=None
[2024-08-22T00:28:14.092+0000] {logging_mixin.py:190} INFO - [2024-08-22T00:28:14.092+0000] {dag.py:4138} INFO - Setting next_dagrun for dataset_alias_example_alias_producer to None, run_after=None
[2024-08-22T00:28:14.113+0000] {logging_mixin.py:190} INFO - [2024-08-22T00:28:14.109+0000] {dag.py:4138} INFO - Setting next_dagrun for dataset_s3_bucket_consumer to None, run_after=None
[2024-08-22T00:28:14.125+0000] {logging_mixin.py:190} INFO - [2024-08-22T00:28:14.124+0000] {dag.py:4138} INFO - Setting next_dagrun for dataset_s3_bucket_producer to None, run_after=None
[2024-08-22T00:28:14.223+0000] {processor.py:208} INFO - Processing /home/airflow/.local/lib/python3.12/site-packages/airflow/example_dags/example_dataset_alias.py took 0.673 seconds
[2024-08-22T00:28:45.024+0000] {processor.py:186} INFO - Started process (PID=1038) to work on /home/airflow/.local/lib/python3.12/site-packages/airflow/example_dags/example_dataset_alias.py
[2024-08-22T00:28:45.025+0000] {processor.py:914} INFO - Processing file /home/airflow/.local/lib/python3.12/site-packages/airflow/example_dags/example_dataset_alias.py for tasks to queue
[2024-08-22T00:28:45.035+0000] {logging_mixin.py:190} INFO - [2024-08-22T00:28:45.034+0000] {dagbag.py:587} INFO - Filling up the DagBag from /home/airflow/.local/lib/python3.12/site-packages/airflow/example_dags/example_dataset_alias.py
[2024-08-22T00:28:45.520+0000] {processor.py:925} INFO - DAG(s) 'dataset_alias_example_alias_consumer', 'dataset_s3_bucket_consumer', 'dataset_s3_bucket_producer', 'dataset_alias_example_alias_producer' retrieved from /home/airflow/.local/lib/python3.12/site-packages/airflow/example_dags/example_dataset_alias.py
[2024-08-22T00:28:45.573+0000] {logging_mixin.py:190} INFO - [2024-08-22T00:28:45.572+0000] {dag.py:3211} INFO - Sync 4 DAGs
[2024-08-22T00:28:45.636+0000] {logging_mixin.py:190} INFO - [2024-08-22T00:28:45.635+0000] {dag.py:4138} INFO - Setting next_dagrun for dataset_alias_example_alias_consumer to None, run_after=None
[2024-08-22T00:28:45.641+0000] {logging_mixin.py:190} INFO - [2024-08-22T00:28:45.641+0000] {dag.py:4138} INFO - Setting next_dagrun for dataset_alias_example_alias_producer to None, run_after=None
[2024-08-22T00:28:45.646+0000] {logging_mixin.py:190} INFO - [2024-08-22T00:28:45.646+0000] {dag.py:4138} INFO - Setting next_dagrun for dataset_s3_bucket_consumer to None, run_after=None
[2024-08-22T00:28:45.651+0000] {logging_mixin.py:190} INFO - [2024-08-22T00:28:45.650+0000] {dag.py:4138} INFO - Setting next_dagrun for dataset_s3_bucket_producer to None, run_after=None
[2024-08-22T00:28:45.733+0000] {processor.py:208} INFO - Processing /home/airflow/.local/lib/python3.12/site-packages/airflow/example_dags/example_dataset_alias.py took 0.727 seconds
[2024-08-22T00:29:16.134+0000] {processor.py:186} INFO - Started process (PID=1102) to work on /home/airflow/.local/lib/python3.12/site-packages/airflow/example_dags/example_dataset_alias.py
[2024-08-22T00:29:16.136+0000] {processor.py:914} INFO - Processing file /home/airflow/.local/lib/python3.12/site-packages/airflow/example_dags/example_dataset_alias.py for tasks to queue
[2024-08-22T00:29:16.141+0000] {logging_mixin.py:190} INFO - [2024-08-22T00:29:16.140+0000] {dagbag.py:587} INFO - Filling up the DagBag from /home/airflow/.local/lib/python3.12/site-packages/airflow/example_dags/example_dataset_alias.py
[2024-08-22T00:29:16.405+0000] {processor.py:925} INFO - DAG(s) 'dataset_alias_example_alias_producer', 'dataset_s3_bucket_consumer', 'dataset_alias_example_alias_consumer', 'dataset_s3_bucket_producer' retrieved from /home/airflow/.local/lib/python3.12/site-packages/airflow/example_dags/example_dataset_alias.py
[2024-08-22T00:29:16.498+0000] {logging_mixin.py:190} INFO - [2024-08-22T00:29:16.497+0000] {dag.py:3211} INFO - Sync 4 DAGs
[2024-08-22T00:29:16.585+0000] {logging_mixin.py:190} INFO - [2024-08-22T00:29:16.585+0000] {dag.py:4138} INFO - Setting next_dagrun for dataset_alias_example_alias_consumer to None, run_after=None
[2024-08-22T00:29:16.591+0000] {logging_mixin.py:190} INFO - [2024-08-22T00:29:16.591+0000] {dag.py:4138} INFO - Setting next_dagrun for dataset_alias_example_alias_producer to None, run_after=None
[2024-08-22T00:29:16.594+0000] {logging_mixin.py:190} INFO - [2024-08-22T00:29:16.594+0000] {dag.py:4138} INFO - Setting next_dagrun for dataset_s3_bucket_consumer to None, run_after=None
[2024-08-22T00:29:16.598+0000] {logging_mixin.py:190} INFO - [2024-08-22T00:29:16.597+0000] {dag.py:4138} INFO - Setting next_dagrun for dataset_s3_bucket_producer to None, run_after=None
[2024-08-22T00:29:16.642+0000] {processor.py:208} INFO - Processing /home/airflow/.local/lib/python3.12/site-packages/airflow/example_dags/example_dataset_alias.py took 0.524 seconds
[2024-08-22T00:29:47.120+0000] {processor.py:186} INFO - Started process (PID=1166) to work on /home/airflow/.local/lib/python3.12/site-packages/airflow/example_dags/example_dataset_alias.py
[2024-08-22T00:29:47.122+0000] {processor.py:914} INFO - Processing file /home/airflow/.local/lib/python3.12/site-packages/airflow/example_dags/example_dataset_alias.py for tasks to queue
[2024-08-22T00:29:47.132+0000] {logging_mixin.py:190} INFO - [2024-08-22T00:29:47.131+0000] {dagbag.py:587} INFO - Filling up the DagBag from /home/airflow/.local/lib/python3.12/site-packages/airflow/example_dags/example_dataset_alias.py
[2024-08-22T00:29:47.508+0000] {processor.py:925} INFO - DAG(s) 'dataset_s3_bucket_consumer', 'dataset_alias_example_alias_consumer', 'dataset_alias_example_alias_producer', 'dataset_s3_bucket_producer' retrieved from /home/airflow/.local/lib/python3.12/site-packages/airflow/example_dags/example_dataset_alias.py
[2024-08-22T00:29:47.544+0000] {logging_mixin.py:190} INFO - [2024-08-22T00:29:47.543+0000] {dag.py:3211} INFO - Sync 4 DAGs
[2024-08-22T00:29:47.589+0000] {logging_mixin.py:190} INFO - [2024-08-22T00:29:47.588+0000] {dag.py:4138} INFO - Setting next_dagrun for dataset_alias_example_alias_consumer to None, run_after=None
[2024-08-22T00:29:47.598+0000] {logging_mixin.py:190} INFO - [2024-08-22T00:29:47.597+0000] {dag.py:4138} INFO - Setting next_dagrun for dataset_alias_example_alias_producer to None, run_after=None
[2024-08-22T00:29:47.601+0000] {logging_mixin.py:190} INFO - [2024-08-22T00:29:47.601+0000] {dag.py:4138} INFO - Setting next_dagrun for dataset_s3_bucket_consumer to None, run_after=None
[2024-08-22T00:29:47.604+0000] {logging_mixin.py:190} INFO - [2024-08-22T00:29:47.604+0000] {dag.py:4138} INFO - Setting next_dagrun for dataset_s3_bucket_producer to None, run_after=None
[2024-08-22T00:29:47.683+0000] {processor.py:208} INFO - Processing /home/airflow/.local/lib/python3.12/site-packages/airflow/example_dags/example_dataset_alias.py took 0.578 seconds
[2024-08-22T00:30:17.799+0000] {processor.py:186} INFO - Started process (PID=1229) to work on /home/airflow/.local/lib/python3.12/site-packages/airflow/example_dags/example_dataset_alias.py
[2024-08-22T00:30:17.801+0000] {processor.py:914} INFO - Processing file /home/airflow/.local/lib/python3.12/site-packages/airflow/example_dags/example_dataset_alias.py for tasks to queue
[2024-08-22T00:30:17.804+0000] {logging_mixin.py:190} INFO - [2024-08-22T00:30:17.804+0000] {dagbag.py:587} INFO - Filling up the DagBag from /home/airflow/.local/lib/python3.12/site-packages/airflow/example_dags/example_dataset_alias.py
[2024-08-22T00:30:18.169+0000] {processor.py:925} INFO - DAG(s) 'dataset_s3_bucket_consumer', 'dataset_alias_example_alias_producer', 'dataset_s3_bucket_producer', 'dataset_alias_example_alias_consumer' retrieved from /home/airflow/.local/lib/python3.12/site-packages/airflow/example_dags/example_dataset_alias.py
[2024-08-22T00:30:18.209+0000] {logging_mixin.py:190} INFO - [2024-08-22T00:30:18.208+0000] {dag.py:3211} INFO - Sync 4 DAGs
[2024-08-22T00:30:18.272+0000] {logging_mixin.py:190} INFO - [2024-08-22T00:30:18.272+0000] {dag.py:4138} INFO - Setting next_dagrun for dataset_alias_example_alias_consumer to None, run_after=None
[2024-08-22T00:30:18.283+0000] {logging_mixin.py:190} INFO - [2024-08-22T00:30:18.283+0000] {dag.py:4138} INFO - Setting next_dagrun for dataset_alias_example_alias_producer to None, run_after=None
[2024-08-22T00:30:18.290+0000] {logging_mixin.py:190} INFO - [2024-08-22T00:30:18.289+0000] {dag.py:4138} INFO - Setting next_dagrun for dataset_s3_bucket_consumer to None, run_after=None
[2024-08-22T00:30:18.293+0000] {logging_mixin.py:190} INFO - [2024-08-22T00:30:18.292+0000] {dag.py:4138} INFO - Setting next_dagrun for dataset_s3_bucket_producer to None, run_after=None
[2024-08-22T00:30:18.353+0000] {processor.py:208} INFO - Processing /home/airflow/.local/lib/python3.12/site-packages/airflow/example_dags/example_dataset_alias.py took 0.564 seconds
[2024-08-22T00:30:49.081+0000] {processor.py:186} INFO - Started process (PID=1293) to work on /home/airflow/.local/lib/python3.12/site-packages/airflow/example_dags/example_dataset_alias.py
[2024-08-22T00:30:49.083+0000] {processor.py:914} INFO - Processing file /home/airflow/.local/lib/python3.12/site-packages/airflow/example_dags/example_dataset_alias.py for tasks to queue
[2024-08-22T00:30:49.086+0000] {logging_mixin.py:190} INFO - [2024-08-22T00:30:49.085+0000] {dagbag.py:587} INFO - Filling up the DagBag from /home/airflow/.local/lib/python3.12/site-packages/airflow/example_dags/example_dataset_alias.py
[2024-08-22T00:30:49.315+0000] {processor.py:925} INFO - DAG(s) 'dataset_alias_example_alias_consumer', 'dataset_s3_bucket_producer', 'dataset_s3_bucket_consumer', 'dataset_alias_example_alias_producer' retrieved from /home/airflow/.local/lib/python3.12/site-packages/airflow/example_dags/example_dataset_alias.py
[2024-08-22T00:30:49.348+0000] {logging_mixin.py:190} INFO - [2024-08-22T00:30:49.348+0000] {dag.py:3211} INFO - Sync 4 DAGs
[2024-08-22T00:30:49.380+0000] {logging_mixin.py:190} INFO - [2024-08-22T00:30:49.379+0000] {dag.py:4138} INFO - Setting next_dagrun for dataset_alias_example_alias_consumer to None, run_after=None
[2024-08-22T00:30:49.385+0000] {logging_mixin.py:190} INFO - [2024-08-22T00:30:49.384+0000] {dag.py:4138} INFO - Setting next_dagrun for dataset_alias_example_alias_producer to None, run_after=None
[2024-08-22T00:30:49.387+0000] {logging_mixin.py:190} INFO - [2024-08-22T00:30:49.387+0000] {dag.py:4138} INFO - Setting next_dagrun for dataset_s3_bucket_consumer to None, run_after=None
[2024-08-22T00:30:49.389+0000] {logging_mixin.py:190} INFO - [2024-08-22T00:30:49.389+0000] {dag.py:4138} INFO - Setting next_dagrun for dataset_s3_bucket_producer to None, run_after=None
[2024-08-22T00:30:49.432+0000] {processor.py:208} INFO - Processing /home/airflow/.local/lib/python3.12/site-packages/airflow/example_dags/example_dataset_alias.py took 0.359 seconds
[2024-08-22T00:31:19.744+0000] {processor.py:186} INFO - Started process (PID=1356) to work on /home/airflow/.local/lib/python3.12/site-packages/airflow/example_dags/example_dataset_alias.py
[2024-08-22T00:31:19.747+0000] {processor.py:914} INFO - Processing file /home/airflow/.local/lib/python3.12/site-packages/airflow/example_dags/example_dataset_alias.py for tasks to queue
[2024-08-22T00:31:19.752+0000] {logging_mixin.py:190} INFO - [2024-08-22T00:31:19.752+0000] {dagbag.py:587} INFO - Filling up the DagBag from /home/airflow/.local/lib/python3.12/site-packages/airflow/example_dags/example_dataset_alias.py
[2024-08-22T00:31:19.980+0000] {processor.py:925} INFO - DAG(s) 'dataset_alias_example_alias_producer', 'dataset_s3_bucket_consumer', 'dataset_s3_bucket_producer', 'dataset_alias_example_alias_consumer' retrieved from /home/airflow/.local/lib/python3.12/site-packages/airflow/example_dags/example_dataset_alias.py
[2024-08-22T00:31:20.052+0000] {logging_mixin.py:190} INFO - [2024-08-22T00:31:20.052+0000] {dag.py:3211} INFO - Sync 4 DAGs
[2024-08-22T00:31:20.109+0000] {logging_mixin.py:190} INFO - [2024-08-22T00:31:20.109+0000] {dag.py:4138} INFO - Setting next_dagrun for dataset_alias_example_alias_consumer to None, run_after=None
[2024-08-22T00:31:20.113+0000] {logging_mixin.py:190} INFO - [2024-08-22T00:31:20.113+0000] {dag.py:4138} INFO - Setting next_dagrun for dataset_alias_example_alias_producer to None, run_after=None
[2024-08-22T00:31:20.115+0000] {logging_mixin.py:190} INFO - [2024-08-22T00:31:20.115+0000] {dag.py:4138} INFO - Setting next_dagrun for dataset_s3_bucket_consumer to None, run_after=None
[2024-08-22T00:31:20.117+0000] {logging_mixin.py:190} INFO - [2024-08-22T00:31:20.117+0000] {dag.py:4138} INFO - Setting next_dagrun for dataset_s3_bucket_producer to None, run_after=None
[2024-08-22T00:31:20.158+0000] {processor.py:208} INFO - Processing /home/airflow/.local/lib/python3.12/site-packages/airflow/example_dags/example_dataset_alias.py took 0.423 seconds
[2024-08-22T00:31:50.306+0000] {processor.py:186} INFO - Started process (PID=1420) to work on /home/airflow/.local/lib/python3.12/site-packages/airflow/example_dags/example_dataset_alias.py
[2024-08-22T00:31:50.307+0000] {processor.py:914} INFO - Processing file /home/airflow/.local/lib/python3.12/site-packages/airflow/example_dags/example_dataset_alias.py for tasks to queue
[2024-08-22T00:31:50.312+0000] {logging_mixin.py:190} INFO - [2024-08-22T00:31:50.311+0000] {dagbag.py:587} INFO - Filling up the DagBag from /home/airflow/.local/lib/python3.12/site-packages/airflow/example_dags/example_dataset_alias.py
[2024-08-22T00:31:50.598+0000] {processor.py:925} INFO - DAG(s) 'dataset_s3_bucket_producer', 'dataset_s3_bucket_consumer', 'dataset_alias_example_alias_producer', 'dataset_alias_example_alias_consumer' retrieved from /home/airflow/.local/lib/python3.12/site-packages/airflow/example_dags/example_dataset_alias.py
[2024-08-22T00:31:50.630+0000] {logging_mixin.py:190} INFO - [2024-08-22T00:31:50.629+0000] {dag.py:3211} INFO - Sync 4 DAGs
[2024-08-22T00:31:50.663+0000] {logging_mixin.py:190} INFO - [2024-08-22T00:31:50.663+0000] {dag.py:4138} INFO - Setting next_dagrun for dataset_alias_example_alias_consumer to None, run_after=None
[2024-08-22T00:31:50.667+0000] {logging_mixin.py:190} INFO - [2024-08-22T00:31:50.667+0000] {dag.py:4138} INFO - Setting next_dagrun for dataset_alias_example_alias_producer to None, run_after=None
[2024-08-22T00:31:50.669+0000] {logging_mixin.py:190} INFO - [2024-08-22T00:31:50.669+0000] {dag.py:4138} INFO - Setting next_dagrun for dataset_s3_bucket_consumer to None, run_after=None
[2024-08-22T00:31:50.672+0000] {logging_mixin.py:190} INFO - [2024-08-22T00:31:50.671+0000] {dag.py:4138} INFO - Setting next_dagrun for dataset_s3_bucket_producer to None, run_after=None
[2024-08-22T00:31:50.717+0000] {processor.py:208} INFO - Processing /home/airflow/.local/lib/python3.12/site-packages/airflow/example_dags/example_dataset_alias.py took 0.431 seconds
[2024-08-22T00:32:20.896+0000] {processor.py:186} INFO - Started process (PID=1483) to work on /home/airflow/.local/lib/python3.12/site-packages/airflow/example_dags/example_dataset_alias.py
[2024-08-22T00:32:20.897+0000] {processor.py:914} INFO - Processing file /home/airflow/.local/lib/python3.12/site-packages/airflow/example_dags/example_dataset_alias.py for tasks to queue
[2024-08-22T00:32:20.900+0000] {logging_mixin.py:190} INFO - [2024-08-22T00:32:20.900+0000] {dagbag.py:587} INFO - Filling up the DagBag from /home/airflow/.local/lib/python3.12/site-packages/airflow/example_dags/example_dataset_alias.py
[2024-08-22T00:32:21.125+0000] {processor.py:925} INFO - DAG(s) 'dataset_alias_example_alias_consumer', 'dataset_s3_bucket_producer', 'dataset_s3_bucket_consumer', 'dataset_alias_example_alias_producer' retrieved from /home/airflow/.local/lib/python3.12/site-packages/airflow/example_dags/example_dataset_alias.py
[2024-08-22T00:32:21.160+0000] {logging_mixin.py:190} INFO - [2024-08-22T00:32:21.160+0000] {dag.py:3211} INFO - Sync 4 DAGs
[2024-08-22T00:32:21.194+0000] {logging_mixin.py:190} INFO - [2024-08-22T00:32:21.193+0000] {dag.py:4138} INFO - Setting next_dagrun for dataset_alias_example_alias_consumer to None, run_after=None
[2024-08-22T00:32:21.198+0000] {logging_mixin.py:190} INFO - [2024-08-22T00:32:21.197+0000] {dag.py:4138} INFO - Setting next_dagrun for dataset_alias_example_alias_producer to None, run_after=None
[2024-08-22T00:32:21.200+0000] {logging_mixin.py:190} INFO - [2024-08-22T00:32:21.200+0000] {dag.py:4138} INFO - Setting next_dagrun for dataset_s3_bucket_consumer to None, run_after=None
[2024-08-22T00:32:21.202+0000] {logging_mixin.py:190} INFO - [2024-08-22T00:32:21.202+0000] {dag.py:4138} INFO - Setting next_dagrun for dataset_s3_bucket_producer to None, run_after=None
[2024-08-22T00:32:21.250+0000] {processor.py:208} INFO - Processing /home/airflow/.local/lib/python3.12/site-packages/airflow/example_dags/example_dataset_alias.py took 0.363 seconds
[2024-08-22T00:32:51.463+0000] {processor.py:186} INFO - Started process (PID=1546) to work on /home/airflow/.local/lib/python3.12/site-packages/airflow/example_dags/example_dataset_alias.py
[2024-08-22T00:32:51.480+0000] {processor.py:914} INFO - Processing file /home/airflow/.local/lib/python3.12/site-packages/airflow/example_dags/example_dataset_alias.py for tasks to queue
[2024-08-22T00:32:51.496+0000] {logging_mixin.py:190} INFO - [2024-08-22T00:32:51.496+0000] {dagbag.py:587} INFO - Filling up the DagBag from /home/airflow/.local/lib/python3.12/site-packages/airflow/example_dags/example_dataset_alias.py
[2024-08-22T00:32:51.934+0000] {processor.py:925} INFO - DAG(s) 'dataset_alias_example_alias_consumer', 'dataset_s3_bucket_producer', 'dataset_s3_bucket_consumer', 'dataset_alias_example_alias_producer' retrieved from /home/airflow/.local/lib/python3.12/site-packages/airflow/example_dags/example_dataset_alias.py
[2024-08-22T00:32:51.975+0000] {logging_mixin.py:190} INFO - [2024-08-22T00:32:51.975+0000] {dag.py:3211} INFO - Sync 4 DAGs
[2024-08-22T00:32:52.049+0000] {logging_mixin.py:190} INFO - [2024-08-22T00:32:52.048+0000] {dag.py:4138} INFO - Setting next_dagrun for dataset_alias_example_alias_consumer to None, run_after=None
[2024-08-22T00:32:52.054+0000] {logging_mixin.py:190} INFO - [2024-08-22T00:32:52.054+0000] {dag.py:4138} INFO - Setting next_dagrun for dataset_alias_example_alias_producer to None, run_after=None
[2024-08-22T00:32:52.058+0000] {logging_mixin.py:190} INFO - [2024-08-22T00:32:52.057+0000] {dag.py:4138} INFO - Setting next_dagrun for dataset_s3_bucket_consumer to None, run_after=None
[2024-08-22T00:32:52.061+0000] {logging_mixin.py:190} INFO - [2024-08-22T00:32:52.061+0000] {dag.py:4138} INFO - Setting next_dagrun for dataset_s3_bucket_producer to None, run_after=None
[2024-08-22T00:32:52.104+0000] {processor.py:208} INFO - Processing /home/airflow/.local/lib/python3.12/site-packages/airflow/example_dags/example_dataset_alias.py took 0.654 seconds
[2024-08-22T00:33:23.157+0000] {processor.py:186} INFO - Started process (PID=1609) to work on /home/airflow/.local/lib/python3.12/site-packages/airflow/example_dags/example_dataset_alias.py
[2024-08-22T00:33:23.159+0000] {processor.py:914} INFO - Processing file /home/airflow/.local/lib/python3.12/site-packages/airflow/example_dags/example_dataset_alias.py for tasks to queue
[2024-08-22T00:33:23.164+0000] {logging_mixin.py:190} INFO - [2024-08-22T00:33:23.163+0000] {dagbag.py:587} INFO - Filling up the DagBag from /home/airflow/.local/lib/python3.12/site-packages/airflow/example_dags/example_dataset_alias.py
[2024-08-22T00:33:23.653+0000] {processor.py:925} INFO - DAG(s) 'dataset_alias_example_alias_producer', 'dataset_s3_bucket_producer', 'dataset_alias_example_alias_consumer', 'dataset_s3_bucket_consumer' retrieved from /home/airflow/.local/lib/python3.12/site-packages/airflow/example_dags/example_dataset_alias.py
[2024-08-22T00:33:23.695+0000] {logging_mixin.py:190} INFO - [2024-08-22T00:33:23.694+0000] {dag.py:3211} INFO - Sync 4 DAGs
[2024-08-22T00:33:28.779+0000] {logging_mixin.py:190} INFO - [2024-08-22T00:33:28.778+0000] {dag.py:4138} INFO - Setting next_dagrun for dataset_alias_example_alias_consumer to None, run_after=None
[2024-08-22T00:33:28.784+0000] {logging_mixin.py:190} INFO - [2024-08-22T00:33:28.784+0000] {dag.py:4138} INFO - Setting next_dagrun for dataset_alias_example_alias_producer to None, run_after=None
[2024-08-22T00:33:28.788+0000] {logging_mixin.py:190} INFO - [2024-08-22T00:33:28.787+0000] {dag.py:4138} INFO - Setting next_dagrun for dataset_s3_bucket_consumer to None, run_after=None
[2024-08-22T00:33:28.790+0000] {logging_mixin.py:190} INFO - [2024-08-22T00:33:28.790+0000] {dag.py:4138} INFO - Setting next_dagrun for dataset_s3_bucket_producer to None, run_after=None
[2024-08-22T00:33:28.852+0000] {processor.py:208} INFO - Processing /home/airflow/.local/lib/python3.12/site-packages/airflow/example_dags/example_dataset_alias.py took 5.703 seconds
[2024-08-22T00:33:59.428+0000] {processor.py:186} INFO - Started process (PID=1678) to work on /home/airflow/.local/lib/python3.12/site-packages/airflow/example_dags/example_dataset_alias.py
[2024-08-22T00:33:59.430+0000] {processor.py:914} INFO - Processing file /home/airflow/.local/lib/python3.12/site-packages/airflow/example_dags/example_dataset_alias.py for tasks to queue
[2024-08-22T00:33:59.436+0000] {logging_mixin.py:190} INFO - [2024-08-22T00:33:59.435+0000] {dagbag.py:587} INFO - Filling up the DagBag from /home/airflow/.local/lib/python3.12/site-packages/airflow/example_dags/example_dataset_alias.py
[2024-08-22T00:33:59.791+0000] {processor.py:925} INFO - DAG(s) 'dataset_alias_example_alias_consumer', 'dataset_s3_bucket_consumer', 'dataset_s3_bucket_producer', 'dataset_alias_example_alias_producer' retrieved from /home/airflow/.local/lib/python3.12/site-packages/airflow/example_dags/example_dataset_alias.py
[2024-08-22T00:33:59.869+0000] {logging_mixin.py:190} INFO - [2024-08-22T00:33:59.868+0000] {dag.py:3211} INFO - Sync 4 DAGs
[2024-08-22T00:33:59.926+0000] {logging_mixin.py:190} INFO - [2024-08-22T00:33:59.926+0000] {dag.py:4138} INFO - Setting next_dagrun for dataset_alias_example_alias_consumer to None, run_after=None
[2024-08-22T00:33:59.933+0000] {logging_mixin.py:190} INFO - [2024-08-22T00:33:59.932+0000] {dag.py:4138} INFO - Setting next_dagrun for dataset_alias_example_alias_producer to None, run_after=None
[2024-08-22T00:33:59.938+0000] {logging_mixin.py:190} INFO - [2024-08-22T00:33:59.938+0000] {dag.py:4138} INFO - Setting next_dagrun for dataset_s3_bucket_consumer to None, run_after=None
[2024-08-22T00:33:59.941+0000] {logging_mixin.py:190} INFO - [2024-08-22T00:33:59.940+0000] {dag.py:4138} INFO - Setting next_dagrun for dataset_s3_bucket_producer to None, run_after=None
[2024-08-22T00:34:00.409+0000] {processor.py:208} INFO - Processing /home/airflow/.local/lib/python3.12/site-packages/airflow/example_dags/example_dataset_alias.py took 0.992 seconds
[2024-08-22T00:34:31.128+0000] {processor.py:186} INFO - Started process (PID=1740) to work on /home/airflow/.local/lib/python3.12/site-packages/airflow/example_dags/example_dataset_alias.py
[2024-08-22T00:34:31.131+0000] {processor.py:914} INFO - Processing file /home/airflow/.local/lib/python3.12/site-packages/airflow/example_dags/example_dataset_alias.py for tasks to queue
[2024-08-22T00:34:31.137+0000] {logging_mixin.py:190} INFO - [2024-08-22T00:34:31.136+0000] {dagbag.py:587} INFO - Filling up the DagBag from /home/airflow/.local/lib/python3.12/site-packages/airflow/example_dags/example_dataset_alias.py
[2024-08-22T00:34:31.415+0000] {processor.py:925} INFO - DAG(s) 'dataset_alias_example_alias_consumer', 'dataset_alias_example_alias_producer', 'dataset_s3_bucket_consumer', 'dataset_s3_bucket_producer' retrieved from /home/airflow/.local/lib/python3.12/site-packages/airflow/example_dags/example_dataset_alias.py
[2024-08-22T00:34:31.487+0000] {logging_mixin.py:190} INFO - [2024-08-22T00:34:31.486+0000] {dag.py:3211} INFO - Sync 4 DAGs
[2024-08-22T00:34:31.541+0000] {logging_mixin.py:190} INFO - [2024-08-22T00:34:31.540+0000] {dag.py:4138} INFO - Setting next_dagrun for dataset_alias_example_alias_consumer to None, run_after=None
[2024-08-22T00:34:31.549+0000] {logging_mixin.py:190} INFO - [2024-08-22T00:34:31.549+0000] {dag.py:4138} INFO - Setting next_dagrun for dataset_alias_example_alias_producer to None, run_after=None
[2024-08-22T00:34:31.554+0000] {logging_mixin.py:190} INFO - [2024-08-22T00:34:31.552+0000] {dag.py:4138} INFO - Setting next_dagrun for dataset_s3_bucket_consumer to None, run_after=None
[2024-08-22T00:34:31.601+0000] {logging_mixin.py:190} INFO - [2024-08-22T00:34:31.601+0000] {dag.py:4138} INFO - Setting next_dagrun for dataset_s3_bucket_producer to None, run_after=None
[2024-08-22T00:34:31.721+0000] {processor.py:208} INFO - Processing /home/airflow/.local/lib/python3.12/site-packages/airflow/example_dags/example_dataset_alias.py took 0.603 seconds
[2024-08-22T00:35:01.789+0000] {processor.py:186} INFO - Started process (PID=1804) to work on /home/airflow/.local/lib/python3.12/site-packages/airflow/example_dags/example_dataset_alias.py
[2024-08-22T00:35:01.791+0000] {processor.py:914} INFO - Processing file /home/airflow/.local/lib/python3.12/site-packages/airflow/example_dags/example_dataset_alias.py for tasks to queue
[2024-08-22T00:35:01.797+0000] {logging_mixin.py:190} INFO - [2024-08-22T00:35:01.797+0000] {dagbag.py:587} INFO - Filling up the DagBag from /home/airflow/.local/lib/python3.12/site-packages/airflow/example_dags/example_dataset_alias.py
[2024-08-22T00:35:02.119+0000] {processor.py:925} INFO - DAG(s) 'dataset_s3_bucket_producer', 'dataset_s3_bucket_consumer', 'dataset_alias_example_alias_consumer', 'dataset_alias_example_alias_producer' retrieved from /home/airflow/.local/lib/python3.12/site-packages/airflow/example_dags/example_dataset_alias.py
[2024-08-22T00:35:02.163+0000] {logging_mixin.py:190} INFO - [2024-08-22T00:35:02.162+0000] {dag.py:3211} INFO - Sync 4 DAGs
[2024-08-22T00:35:02.203+0000] {logging_mixin.py:190} INFO - [2024-08-22T00:35:02.203+0000] {dag.py:4138} INFO - Setting next_dagrun for dataset_alias_example_alias_consumer to None, run_after=None
[2024-08-22T00:35:02.207+0000] {logging_mixin.py:190} INFO - [2024-08-22T00:35:02.207+0000] {dag.py:4138} INFO - Setting next_dagrun for dataset_alias_example_alias_producer to None, run_after=None
[2024-08-22T00:35:02.209+0000] {logging_mixin.py:190} INFO - [2024-08-22T00:35:02.209+0000] {dag.py:4138} INFO - Setting next_dagrun for dataset_s3_bucket_consumer to None, run_after=None
[2024-08-22T00:35:02.212+0000] {logging_mixin.py:190} INFO - [2024-08-22T00:35:02.212+0000] {dag.py:4138} INFO - Setting next_dagrun for dataset_s3_bucket_producer to None, run_after=None
[2024-08-22T00:35:02.262+0000] {processor.py:208} INFO - Processing /home/airflow/.local/lib/python3.12/site-packages/airflow/example_dags/example_dataset_alias.py took 0.482 seconds
[2024-08-22T00:35:32.982+0000] {processor.py:186} INFO - Started process (PID=1868) to work on /home/airflow/.local/lib/python3.12/site-packages/airflow/example_dags/example_dataset_alias.py
[2024-08-22T00:35:32.984+0000] {processor.py:914} INFO - Processing file /home/airflow/.local/lib/python3.12/site-packages/airflow/example_dags/example_dataset_alias.py for tasks to queue
[2024-08-22T00:35:32.987+0000] {logging_mixin.py:190} INFO - [2024-08-22T00:35:32.987+0000] {dagbag.py:587} INFO - Filling up the DagBag from /home/airflow/.local/lib/python3.12/site-packages/airflow/example_dags/example_dataset_alias.py
[2024-08-22T00:35:33.264+0000] {processor.py:925} INFO - DAG(s) 'dataset_s3_bucket_consumer', 'dataset_s3_bucket_producer', 'dataset_alias_example_alias_producer', 'dataset_alias_example_alias_consumer' retrieved from /home/airflow/.local/lib/python3.12/site-packages/airflow/example_dags/example_dataset_alias.py
[2024-08-22T00:35:33.313+0000] {logging_mixin.py:190} INFO - [2024-08-22T00:35:33.312+0000] {dag.py:3211} INFO - Sync 4 DAGs
[2024-08-22T00:35:33.354+0000] {logging_mixin.py:190} INFO - [2024-08-22T00:35:33.353+0000] {dag.py:4138} INFO - Setting next_dagrun for dataset_alias_example_alias_consumer to None, run_after=None
[2024-08-22T00:35:33.358+0000] {logging_mixin.py:190} INFO - [2024-08-22T00:35:33.357+0000] {dag.py:4138} INFO - Setting next_dagrun for dataset_alias_example_alias_producer to None, run_after=None
[2024-08-22T00:35:33.360+0000] {logging_mixin.py:190} INFO - [2024-08-22T00:35:33.360+0000] {dag.py:4138} INFO - Setting next_dagrun for dataset_s3_bucket_consumer to None, run_after=None
[2024-08-22T00:35:33.364+0000] {logging_mixin.py:190} INFO - [2024-08-22T00:35:33.364+0000] {dag.py:4138} INFO - Setting next_dagrun for dataset_s3_bucket_producer to None, run_after=None
[2024-08-22T00:35:33.406+0000] {processor.py:208} INFO - Processing /home/airflow/.local/lib/python3.12/site-packages/airflow/example_dags/example_dataset_alias.py took 0.433 seconds
[2024-08-22T00:36:04.951+0000] {processor.py:186} INFO - Started process (PID=1930) to work on /home/airflow/.local/lib/python3.12/site-packages/airflow/example_dags/example_dataset_alias.py
[2024-08-22T00:36:04.953+0000] {processor.py:914} INFO - Processing file /home/airflow/.local/lib/python3.12/site-packages/airflow/example_dags/example_dataset_alias.py for tasks to queue
[2024-08-22T00:36:04.957+0000] {logging_mixin.py:190} INFO - [2024-08-22T00:36:04.956+0000] {dagbag.py:587} INFO - Filling up the DagBag from /home/airflow/.local/lib/python3.12/site-packages/airflow/example_dags/example_dataset_alias.py
[2024-08-22T00:36:05.282+0000] {processor.py:925} INFO - DAG(s) 'dataset_s3_bucket_consumer', 'dataset_alias_example_alias_consumer', 'dataset_s3_bucket_producer', 'dataset_alias_example_alias_producer' retrieved from /home/airflow/.local/lib/python3.12/site-packages/airflow/example_dags/example_dataset_alias.py
[2024-08-22T00:36:05.325+0000] {logging_mixin.py:190} INFO - [2024-08-22T00:36:05.325+0000] {dag.py:3211} INFO - Sync 4 DAGs
[2024-08-22T00:36:05.707+0000] {logging_mixin.py:190} INFO - [2024-08-22T00:36:05.707+0000] {dag.py:4138} INFO - Setting next_dagrun for dataset_alias_example_alias_consumer to None, run_after=None
[2024-08-22T00:36:05.713+0000] {logging_mixin.py:190} INFO - [2024-08-22T00:36:05.712+0000] {dag.py:4138} INFO - Setting next_dagrun for dataset_alias_example_alias_producer to None, run_after=None
[2024-08-22T00:36:05.717+0000] {logging_mixin.py:190} INFO - [2024-08-22T00:36:05.717+0000] {dag.py:4138} INFO - Setting next_dagrun for dataset_s3_bucket_consumer to None, run_after=None
[2024-08-22T00:36:05.722+0000] {logging_mixin.py:190} INFO - [2024-08-22T00:36:05.721+0000] {dag.py:4138} INFO - Setting next_dagrun for dataset_s3_bucket_producer to None, run_after=None
[2024-08-22T00:36:05.773+0000] {processor.py:208} INFO - Processing /home/airflow/.local/lib/python3.12/site-packages/airflow/example_dags/example_dataset_alias.py took 0.835 seconds
[2024-08-22T00:36:36.056+0000] {processor.py:186} INFO - Started process (PID=1994) to work on /home/airflow/.local/lib/python3.12/site-packages/airflow/example_dags/example_dataset_alias.py
[2024-08-22T00:36:36.058+0000] {processor.py:914} INFO - Processing file /home/airflow/.local/lib/python3.12/site-packages/airflow/example_dags/example_dataset_alias.py for tasks to queue
[2024-08-22T00:36:36.063+0000] {logging_mixin.py:190} INFO - [2024-08-22T00:36:36.062+0000] {dagbag.py:587} INFO - Filling up the DagBag from /home/airflow/.local/lib/python3.12/site-packages/airflow/example_dags/example_dataset_alias.py
[2024-08-22T00:36:36.421+0000] {processor.py:925} INFO - DAG(s) 'dataset_alias_example_alias_consumer', 'dataset_s3_bucket_consumer', 'dataset_s3_bucket_producer', 'dataset_alias_example_alias_producer' retrieved from /home/airflow/.local/lib/python3.12/site-packages/airflow/example_dags/example_dataset_alias.py
[2024-08-22T00:36:36.476+0000] {logging_mixin.py:190} INFO - [2024-08-22T00:36:36.475+0000] {dag.py:3211} INFO - Sync 4 DAGs
[2024-08-22T00:36:36.774+0000] {logging_mixin.py:190} INFO - [2024-08-22T00:36:36.774+0000] {dag.py:4138} INFO - Setting next_dagrun for dataset_alias_example_alias_consumer to None, run_after=None
[2024-08-22T00:36:36.805+0000] {logging_mixin.py:190} INFO - [2024-08-22T00:36:36.805+0000] {dag.py:4138} INFO - Setting next_dagrun for dataset_alias_example_alias_producer to None, run_after=None
[2024-08-22T00:36:36.808+0000] {logging_mixin.py:190} INFO - [2024-08-22T00:36:36.808+0000] {dag.py:4138} INFO - Setting next_dagrun for dataset_s3_bucket_consumer to None, run_after=None
[2024-08-22T00:36:36.812+0000] {logging_mixin.py:190} INFO - [2024-08-22T00:36:36.811+0000] {dag.py:4138} INFO - Setting next_dagrun for dataset_s3_bucket_producer to None, run_after=None
[2024-08-22T00:36:36.858+0000] {processor.py:208} INFO - Processing /home/airflow/.local/lib/python3.12/site-packages/airflow/example_dags/example_dataset_alias.py took 0.814 seconds
[2024-08-22T00:37:07.998+0000] {processor.py:186} INFO - Started process (PID=2059) to work on /home/airflow/.local/lib/python3.12/site-packages/airflow/example_dags/example_dataset_alias.py
[2024-08-22T00:37:08.001+0000] {processor.py:914} INFO - Processing file /home/airflow/.local/lib/python3.12/site-packages/airflow/example_dags/example_dataset_alias.py for tasks to queue
[2024-08-22T00:37:08.006+0000] {logging_mixin.py:190} INFO - [2024-08-22T00:37:08.006+0000] {dagbag.py:587} INFO - Filling up the DagBag from /home/airflow/.local/lib/python3.12/site-packages/airflow/example_dags/example_dataset_alias.py
[2024-08-22T00:37:08.319+0000] {processor.py:925} INFO - DAG(s) 'dataset_s3_bucket_producer', 'dataset_alias_example_alias_producer', 'dataset_s3_bucket_consumer', 'dataset_alias_example_alias_consumer' retrieved from /home/airflow/.local/lib/python3.12/site-packages/airflow/example_dags/example_dataset_alias.py
[2024-08-22T00:37:08.367+0000] {logging_mixin.py:190} INFO - [2024-08-22T00:37:08.367+0000] {dag.py:3211} INFO - Sync 4 DAGs
[2024-08-22T00:37:08.408+0000] {logging_mixin.py:190} INFO - [2024-08-22T00:37:08.408+0000] {dag.py:4138} INFO - Setting next_dagrun for dataset_alias_example_alias_consumer to None, run_after=None
[2024-08-22T00:37:08.412+0000] {logging_mixin.py:190} INFO - [2024-08-22T00:37:08.412+0000] {dag.py:4138} INFO - Setting next_dagrun for dataset_alias_example_alias_producer to None, run_after=None
[2024-08-22T00:37:08.416+0000] {logging_mixin.py:190} INFO - [2024-08-22T00:37:08.415+0000] {dag.py:4138} INFO - Setting next_dagrun for dataset_s3_bucket_consumer to None, run_after=None
[2024-08-22T00:37:08.419+0000] {logging_mixin.py:190} INFO - [2024-08-22T00:37:08.418+0000] {dag.py:4138} INFO - Setting next_dagrun for dataset_s3_bucket_producer to None, run_after=None
[2024-08-22T00:37:08.740+0000] {processor.py:208} INFO - Processing /home/airflow/.local/lib/python3.12/site-packages/airflow/example_dags/example_dataset_alias.py took 0.753 seconds
[2024-08-22T00:37:40.342+0000] {processor.py:186} INFO - Started process (PID=2129) to work on /home/airflow/.local/lib/python3.12/site-packages/airflow/example_dags/example_dataset_alias.py
[2024-08-22T00:37:40.344+0000] {processor.py:914} INFO - Processing file /home/airflow/.local/lib/python3.12/site-packages/airflow/example_dags/example_dataset_alias.py for tasks to queue
[2024-08-22T00:37:40.349+0000] {logging_mixin.py:190} INFO - [2024-08-22T00:37:40.348+0000] {dagbag.py:587} INFO - Filling up the DagBag from /home/airflow/.local/lib/python3.12/site-packages/airflow/example_dags/example_dataset_alias.py
[2024-08-22T00:37:41.037+0000] {processor.py:925} INFO - DAG(s) 'dataset_s3_bucket_producer', 'dataset_alias_example_alias_consumer', 'dataset_alias_example_alias_producer', 'dataset_s3_bucket_consumer' retrieved from /home/airflow/.local/lib/python3.12/site-packages/airflow/example_dags/example_dataset_alias.py
[2024-08-22T00:37:41.075+0000] {logging_mixin.py:190} INFO - [2024-08-22T00:37:41.074+0000] {dag.py:3211} INFO - Sync 4 DAGs
[2024-08-22T00:37:41.124+0000] {logging_mixin.py:190} INFO - [2024-08-22T00:37:41.124+0000] {dag.py:4138} INFO - Setting next_dagrun for dataset_alias_example_alias_consumer to None, run_after=None
[2024-08-22T00:37:41.129+0000] {logging_mixin.py:190} INFO - [2024-08-22T00:37:41.129+0000] {dag.py:4138} INFO - Setting next_dagrun for dataset_alias_example_alias_producer to None, run_after=None
[2024-08-22T00:37:41.136+0000] {logging_mixin.py:190} INFO - [2024-08-22T00:37:41.136+0000] {dag.py:4138} INFO - Setting next_dagrun for dataset_s3_bucket_consumer to None, run_after=None
[2024-08-22T00:37:41.139+0000] {logging_mixin.py:190} INFO - [2024-08-22T00:37:41.139+0000] {dag.py:4138} INFO - Setting next_dagrun for dataset_s3_bucket_producer to None, run_after=None
[2024-08-22T00:37:41.187+0000] {processor.py:208} INFO - Processing /home/airflow/.local/lib/python3.12/site-packages/airflow/example_dags/example_dataset_alias.py took 0.856 seconds
[2024-08-22T00:38:11.303+0000] {processor.py:186} INFO - Started process (PID=2192) to work on /home/airflow/.local/lib/python3.12/site-packages/airflow/example_dags/example_dataset_alias.py
[2024-08-22T00:38:11.304+0000] {processor.py:914} INFO - Processing file /home/airflow/.local/lib/python3.12/site-packages/airflow/example_dags/example_dataset_alias.py for tasks to queue
[2024-08-22T00:38:11.309+0000] {logging_mixin.py:190} INFO - [2024-08-22T00:38:11.308+0000] {dagbag.py:587} INFO - Filling up the DagBag from /home/airflow/.local/lib/python3.12/site-packages/airflow/example_dags/example_dataset_alias.py
[2024-08-22T00:38:11.594+0000] {processor.py:925} INFO - DAG(s) 'dataset_s3_bucket_producer', 'dataset_alias_example_alias_producer', 'dataset_alias_example_alias_consumer', 'dataset_s3_bucket_consumer' retrieved from /home/airflow/.local/lib/python3.12/site-packages/airflow/example_dags/example_dataset_alias.py
[2024-08-22T00:38:11.637+0000] {logging_mixin.py:190} INFO - [2024-08-22T00:38:11.637+0000] {dag.py:3211} INFO - Sync 4 DAGs
[2024-08-22T00:38:12.171+0000] {logging_mixin.py:190} INFO - [2024-08-22T00:38:12.171+0000] {dag.py:4138} INFO - Setting next_dagrun for dataset_alias_example_alias_consumer to None, run_after=None
[2024-08-22T00:38:12.176+0000] {logging_mixin.py:190} INFO - [2024-08-22T00:38:12.176+0000] {dag.py:4138} INFO - Setting next_dagrun for dataset_alias_example_alias_producer to None, run_after=None
[2024-08-22T00:38:12.179+0000] {logging_mixin.py:190} INFO - [2024-08-22T00:38:12.178+0000] {dag.py:4138} INFO - Setting next_dagrun for dataset_s3_bucket_consumer to None, run_after=None
[2024-08-22T00:38:12.184+0000] {logging_mixin.py:190} INFO - [2024-08-22T00:38:12.183+0000] {dag.py:4138} INFO - Setting next_dagrun for dataset_s3_bucket_producer to None, run_after=None
[2024-08-22T00:38:12.224+0000] {processor.py:208} INFO - Processing /home/airflow/.local/lib/python3.12/site-packages/airflow/example_dags/example_dataset_alias.py took 0.932 seconds
[2024-08-22T00:38:44.123+0000] {processor.py:186} INFO - Started process (PID=2260) to work on /home/airflow/.local/lib/python3.12/site-packages/airflow/example_dags/example_dataset_alias.py
[2024-08-22T00:38:44.125+0000] {processor.py:914} INFO - Processing file /home/airflow/.local/lib/python3.12/site-packages/airflow/example_dags/example_dataset_alias.py for tasks to queue
[2024-08-22T00:38:44.129+0000] {logging_mixin.py:190} INFO - [2024-08-22T00:38:44.128+0000] {dagbag.py:587} INFO - Filling up the DagBag from /home/airflow/.local/lib/python3.12/site-packages/airflow/example_dags/example_dataset_alias.py
[2024-08-22T00:38:44.518+0000] {processor.py:925} INFO - DAG(s) 'dataset_alias_example_alias_producer', 'dataset_alias_example_alias_consumer', 'dataset_s3_bucket_producer', 'dataset_s3_bucket_consumer' retrieved from /home/airflow/.local/lib/python3.12/site-packages/airflow/example_dags/example_dataset_alias.py
[2024-08-22T00:38:44.607+0000] {logging_mixin.py:190} INFO - [2024-08-22T00:38:44.607+0000] {dag.py:3211} INFO - Sync 4 DAGs
[2024-08-22T00:38:45.454+0000] {logging_mixin.py:190} INFO - [2024-08-22T00:38:45.444+0000] {dag.py:4138} INFO - Setting next_dagrun for dataset_alias_example_alias_consumer to None, run_after=None
[2024-08-22T00:38:45.469+0000] {logging_mixin.py:190} INFO - [2024-08-22T00:38:45.465+0000] {dag.py:4138} INFO - Setting next_dagrun for dataset_alias_example_alias_producer to None, run_after=None
[2024-08-22T00:38:45.475+0000] {logging_mixin.py:190} INFO - [2024-08-22T00:38:45.474+0000] {dag.py:4138} INFO - Setting next_dagrun for dataset_s3_bucket_consumer to None, run_after=None
[2024-08-22T00:38:45.479+0000] {logging_mixin.py:190} INFO - [2024-08-22T00:38:45.478+0000] {dag.py:4138} INFO - Setting next_dagrun for dataset_s3_bucket_producer to None, run_after=None
[2024-08-22T00:38:45.553+0000] {processor.py:208} INFO - Processing /home/airflow/.local/lib/python3.12/site-packages/airflow/example_dags/example_dataset_alias.py took 1.443 seconds
[2024-08-22T00:39:17.968+0000] {processor.py:186} INFO - Started process (PID=2325) to work on /home/airflow/.local/lib/python3.12/site-packages/airflow/example_dags/example_dataset_alias.py
[2024-08-22T00:39:17.969+0000] {processor.py:914} INFO - Processing file /home/airflow/.local/lib/python3.12/site-packages/airflow/example_dags/example_dataset_alias.py for tasks to queue
[2024-08-22T00:39:17.973+0000] {logging_mixin.py:190} INFO - [2024-08-22T00:39:17.972+0000] {dagbag.py:587} INFO - Filling up the DagBag from /home/airflow/.local/lib/python3.12/site-packages/airflow/example_dags/example_dataset_alias.py
[2024-08-22T00:39:18.666+0000] {processor.py:925} INFO - DAG(s) 'dataset_alias_example_alias_producer', 'dataset_s3_bucket_consumer', 'dataset_s3_bucket_producer', 'dataset_alias_example_alias_consumer' retrieved from /home/airflow/.local/lib/python3.12/site-packages/airflow/example_dags/example_dataset_alias.py
[2024-08-22T00:39:18.709+0000] {logging_mixin.py:190} INFO - [2024-08-22T00:39:18.708+0000] {dag.py:3211} INFO - Sync 4 DAGs
[2024-08-22T00:39:18.755+0000] {logging_mixin.py:190} INFO - [2024-08-22T00:39:18.754+0000] {dag.py:4138} INFO - Setting next_dagrun for dataset_alias_example_alias_consumer to None, run_after=None
[2024-08-22T00:39:18.759+0000] {logging_mixin.py:190} INFO - [2024-08-22T00:39:18.758+0000] {dag.py:4138} INFO - Setting next_dagrun for dataset_alias_example_alias_producer to None, run_after=None
[2024-08-22T00:39:18.761+0000] {logging_mixin.py:190} INFO - [2024-08-22T00:39:18.761+0000] {dag.py:4138} INFO - Setting next_dagrun for dataset_s3_bucket_consumer to None, run_after=None
[2024-08-22T00:39:18.764+0000] {logging_mixin.py:190} INFO - [2024-08-22T00:39:18.764+0000] {dag.py:4138} INFO - Setting next_dagrun for dataset_s3_bucket_producer to None, run_after=None
[2024-08-22T00:39:18.818+0000] {processor.py:208} INFO - Processing /home/airflow/.local/lib/python3.12/site-packages/airflow/example_dags/example_dataset_alias.py took 0.862 seconds
[2024-08-22T00:39:50.251+0000] {processor.py:186} INFO - Started process (PID=2395) to work on /home/airflow/.local/lib/python3.12/site-packages/airflow/example_dags/example_dataset_alias.py
[2024-08-22T00:39:50.253+0000] {processor.py:914} INFO - Processing file /home/airflow/.local/lib/python3.12/site-packages/airflow/example_dags/example_dataset_alias.py for tasks to queue
[2024-08-22T00:39:50.256+0000] {logging_mixin.py:190} INFO - [2024-08-22T00:39:50.255+0000] {dagbag.py:587} INFO - Filling up the DagBag from /home/airflow/.local/lib/python3.12/site-packages/airflow/example_dags/example_dataset_alias.py
[2024-08-22T00:39:50.691+0000] {processor.py:925} INFO - DAG(s) 'dataset_alias_example_alias_consumer', 'dataset_alias_example_alias_producer', 'dataset_s3_bucket_producer', 'dataset_s3_bucket_consumer' retrieved from /home/airflow/.local/lib/python3.12/site-packages/airflow/example_dags/example_dataset_alias.py
[2024-08-22T00:39:50.721+0000] {logging_mixin.py:190} INFO - [2024-08-22T00:39:50.721+0000] {dag.py:3211} INFO - Sync 4 DAGs
[2024-08-22T00:39:50.766+0000] {logging_mixin.py:190} INFO - [2024-08-22T00:39:50.766+0000] {dag.py:4138} INFO - Setting next_dagrun for dataset_alias_example_alias_consumer to None, run_after=None
[2024-08-22T00:39:50.772+0000] {logging_mixin.py:190} INFO - [2024-08-22T00:39:50.771+0000] {dag.py:4138} INFO - Setting next_dagrun for dataset_alias_example_alias_producer to None, run_after=None
[2024-08-22T00:39:50.775+0000] {logging_mixin.py:190} INFO - [2024-08-22T00:39:50.774+0000] {dag.py:4138} INFO - Setting next_dagrun for dataset_s3_bucket_consumer to None, run_after=None
[2024-08-22T00:39:50.777+0000] {logging_mixin.py:190} INFO - [2024-08-22T00:39:50.777+0000] {dag.py:4138} INFO - Setting next_dagrun for dataset_s3_bucket_producer to None, run_after=None
[2024-08-22T00:39:50.834+0000] {processor.py:208} INFO - Processing /home/airflow/.local/lib/python3.12/site-packages/airflow/example_dags/example_dataset_alias.py took 0.591 seconds
[2024-08-22T00:40:23.027+0000] {processor.py:186} INFO - Started process (PID=2460) to work on /home/airflow/.local/lib/python3.12/site-packages/airflow/example_dags/example_dataset_alias.py
[2024-08-22T00:40:23.029+0000] {processor.py:914} INFO - Processing file /home/airflow/.local/lib/python3.12/site-packages/airflow/example_dags/example_dataset_alias.py for tasks to queue
[2024-08-22T00:40:23.033+0000] {logging_mixin.py:190} INFO - [2024-08-22T00:40:23.032+0000] {dagbag.py:587} INFO - Filling up the DagBag from /home/airflow/.local/lib/python3.12/site-packages/airflow/example_dags/example_dataset_alias.py
[2024-08-22T00:40:23.597+0000] {processor.py:925} INFO - DAG(s) 'dataset_s3_bucket_producer', 'dataset_alias_example_alias_consumer', 'dataset_s3_bucket_consumer', 'dataset_alias_example_alias_producer' retrieved from /home/airflow/.local/lib/python3.12/site-packages/airflow/example_dags/example_dataset_alias.py
[2024-08-22T00:40:23.642+0000] {logging_mixin.py:190} INFO - [2024-08-22T00:40:23.640+0000] {dag.py:3211} INFO - Sync 4 DAGs
[2024-08-22T00:40:23.676+0000] {logging_mixin.py:190} INFO - [2024-08-22T00:40:23.675+0000] {dag.py:4138} INFO - Setting next_dagrun for dataset_alias_example_alias_consumer to None, run_after=None
[2024-08-22T00:40:23.680+0000] {logging_mixin.py:190} INFO - [2024-08-22T00:40:23.680+0000] {dag.py:4138} INFO - Setting next_dagrun for dataset_alias_example_alias_producer to None, run_after=None
[2024-08-22T00:40:23.686+0000] {logging_mixin.py:190} INFO - [2024-08-22T00:40:23.685+0000] {dag.py:4138} INFO - Setting next_dagrun for dataset_s3_bucket_consumer to None, run_after=None
[2024-08-22T00:40:23.688+0000] {logging_mixin.py:190} INFO - [2024-08-22T00:40:23.688+0000] {dag.py:4138} INFO - Setting next_dagrun for dataset_s3_bucket_producer to None, run_after=None
[2024-08-22T00:40:23.723+0000] {processor.py:208} INFO - Processing /home/airflow/.local/lib/python3.12/site-packages/airflow/example_dags/example_dataset_alias.py took 0.705 seconds
[2024-08-22T00:40:54.802+0000] {processor.py:186} INFO - Started process (PID=2528) to work on /home/airflow/.local/lib/python3.12/site-packages/airflow/example_dags/example_dataset_alias.py
[2024-08-22T00:40:54.804+0000] {processor.py:914} INFO - Processing file /home/airflow/.local/lib/python3.12/site-packages/airflow/example_dags/example_dataset_alias.py for tasks to queue
[2024-08-22T00:40:54.809+0000] {logging_mixin.py:190} INFO - [2024-08-22T00:40:54.808+0000] {dagbag.py:587} INFO - Filling up the DagBag from /home/airflow/.local/lib/python3.12/site-packages/airflow/example_dags/example_dataset_alias.py
[2024-08-22T00:40:55.471+0000] {processor.py:925} INFO - DAG(s) 'dataset_alias_example_alias_producer', 'dataset_s3_bucket_producer', 'dataset_s3_bucket_consumer', 'dataset_alias_example_alias_consumer' retrieved from /home/airflow/.local/lib/python3.12/site-packages/airflow/example_dags/example_dataset_alias.py
[2024-08-22T00:40:55.509+0000] {logging_mixin.py:190} INFO - [2024-08-22T00:40:55.509+0000] {dag.py:3211} INFO - Sync 4 DAGs
[2024-08-22T00:40:55.548+0000] {logging_mixin.py:190} INFO - [2024-08-22T00:40:55.548+0000] {dag.py:4138} INFO - Setting next_dagrun for dataset_alias_example_alias_consumer to None, run_after=None
[2024-08-22T00:40:55.552+0000] {logging_mixin.py:190} INFO - [2024-08-22T00:40:55.551+0000] {dag.py:4138} INFO - Setting next_dagrun for dataset_alias_example_alias_producer to None, run_after=None
[2024-08-22T00:40:55.554+0000] {logging_mixin.py:190} INFO - [2024-08-22T00:40:55.554+0000] {dag.py:4138} INFO - Setting next_dagrun for dataset_s3_bucket_consumer to None, run_after=None
[2024-08-22T00:40:55.557+0000] {logging_mixin.py:190} INFO - [2024-08-22T00:40:55.556+0000] {dag.py:4138} INFO - Setting next_dagrun for dataset_s3_bucket_producer to None, run_after=None
[2024-08-22T00:40:55.592+0000] {processor.py:208} INFO - Processing /home/airflow/.local/lib/python3.12/site-packages/airflow/example_dags/example_dataset_alias.py took 0.813 seconds
[2024-08-22T00:41:25.839+0000] {processor.py:186} INFO - Started process (PID=2594) to work on /home/airflow/.local/lib/python3.12/site-packages/airflow/example_dags/example_dataset_alias.py
[2024-08-22T00:41:25.840+0000] {processor.py:914} INFO - Processing file /home/airflow/.local/lib/python3.12/site-packages/airflow/example_dags/example_dataset_alias.py for tasks to queue
[2024-08-22T00:41:25.844+0000] {logging_mixin.py:190} INFO - [2024-08-22T00:41:25.843+0000] {dagbag.py:587} INFO - Filling up the DagBag from /home/airflow/.local/lib/python3.12/site-packages/airflow/example_dags/example_dataset_alias.py
[2024-08-22T00:41:26.819+0000] {processor.py:925} INFO - DAG(s) 'dataset_s3_bucket_producer', 'dataset_s3_bucket_consumer', 'dataset_alias_example_alias_consumer', 'dataset_alias_example_alias_producer' retrieved from /home/airflow/.local/lib/python3.12/site-packages/airflow/example_dags/example_dataset_alias.py
[2024-08-22T00:41:26.888+0000] {logging_mixin.py:190} INFO - [2024-08-22T00:41:26.888+0000] {dag.py:3211} INFO - Sync 4 DAGs
[2024-08-22T00:41:26.931+0000] {logging_mixin.py:190} INFO - [2024-08-22T00:41:26.931+0000] {dag.py:4138} INFO - Setting next_dagrun for dataset_alias_example_alias_consumer to None, run_after=None
[2024-08-22T00:41:26.937+0000] {logging_mixin.py:190} INFO - [2024-08-22T00:41:26.936+0000] {dag.py:4138} INFO - Setting next_dagrun for dataset_alias_example_alias_producer to None, run_after=None
[2024-08-22T00:41:26.939+0000] {logging_mixin.py:190} INFO - [2024-08-22T00:41:26.939+0000] {dag.py:4138} INFO - Setting next_dagrun for dataset_s3_bucket_consumer to None, run_after=None
[2024-08-22T00:41:26.942+0000] {logging_mixin.py:190} INFO - [2024-08-22T00:41:26.941+0000] {dag.py:4138} INFO - Setting next_dagrun for dataset_s3_bucket_producer to None, run_after=None
[2024-08-22T00:41:26.988+0000] {processor.py:208} INFO - Processing /home/airflow/.local/lib/python3.12/site-packages/airflow/example_dags/example_dataset_alias.py took 1.157 seconds
[2024-08-22T00:41:58.310+0000] {processor.py:186} INFO - Started process (PID=2667) to work on /home/airflow/.local/lib/python3.12/site-packages/airflow/example_dags/example_dataset_alias.py
[2024-08-22T00:41:58.312+0000] {processor.py:914} INFO - Processing file /home/airflow/.local/lib/python3.12/site-packages/airflow/example_dags/example_dataset_alias.py for tasks to queue
[2024-08-22T00:41:58.315+0000] {logging_mixin.py:190} INFO - [2024-08-22T00:41:58.315+0000] {dagbag.py:587} INFO - Filling up the DagBag from /home/airflow/.local/lib/python3.12/site-packages/airflow/example_dags/example_dataset_alias.py
[2024-08-22T00:41:59.019+0000] {processor.py:925} INFO - DAG(s) 'dataset_s3_bucket_producer', 'dataset_alias_example_alias_consumer', 'dataset_alias_example_alias_producer', 'dataset_s3_bucket_consumer' retrieved from /home/airflow/.local/lib/python3.12/site-packages/airflow/example_dags/example_dataset_alias.py
[2024-08-22T00:41:59.063+0000] {logging_mixin.py:190} INFO - [2024-08-22T00:41:59.063+0000] {dag.py:3211} INFO - Sync 4 DAGs
[2024-08-22T00:41:59.092+0000] {logging_mixin.py:190} INFO - [2024-08-22T00:41:59.092+0000] {dag.py:4138} INFO - Setting next_dagrun for dataset_alias_example_alias_consumer to None, run_after=None
[2024-08-22T00:41:59.095+0000] {logging_mixin.py:190} INFO - [2024-08-22T00:41:59.095+0000] {dag.py:4138} INFO - Setting next_dagrun for dataset_alias_example_alias_producer to None, run_after=None
[2024-08-22T00:41:59.097+0000] {logging_mixin.py:190} INFO - [2024-08-22T00:41:59.097+0000] {dag.py:4138} INFO - Setting next_dagrun for dataset_s3_bucket_consumer to None, run_after=None
[2024-08-22T00:41:59.099+0000] {logging_mixin.py:190} INFO - [2024-08-22T00:41:59.099+0000] {dag.py:4138} INFO - Setting next_dagrun for dataset_s3_bucket_producer to None, run_after=None
[2024-08-22T00:41:59.167+0000] {processor.py:208} INFO - Processing /home/airflow/.local/lib/python3.12/site-packages/airflow/example_dags/example_dataset_alias.py took 0.867 seconds
[2024-08-22T00:42:30.078+0000] {processor.py:186} INFO - Started process (PID=2732) to work on /home/airflow/.local/lib/python3.12/site-packages/airflow/example_dags/example_dataset_alias.py
[2024-08-22T00:42:30.083+0000] {processor.py:914} INFO - Processing file /home/airflow/.local/lib/python3.12/site-packages/airflow/example_dags/example_dataset_alias.py for tasks to queue
[2024-08-22T00:42:30.087+0000] {logging_mixin.py:190} INFO - [2024-08-22T00:42:30.087+0000] {dagbag.py:587} INFO - Filling up the DagBag from /home/airflow/.local/lib/python3.12/site-packages/airflow/example_dags/example_dataset_alias.py
[2024-08-22T00:42:30.687+0000] {processor.py:925} INFO - DAG(s) 'dataset_alias_example_alias_consumer', 'dataset_alias_example_alias_producer', 'dataset_s3_bucket_consumer', 'dataset_s3_bucket_producer' retrieved from /home/airflow/.local/lib/python3.12/site-packages/airflow/example_dags/example_dataset_alias.py
[2024-08-22T00:42:30.726+0000] {logging_mixin.py:190} INFO - [2024-08-22T00:42:30.725+0000] {dag.py:3211} INFO - Sync 4 DAGs
[2024-08-22T00:42:30.769+0000] {logging_mixin.py:190} INFO - [2024-08-22T00:42:30.769+0000] {dag.py:4138} INFO - Setting next_dagrun for dataset_alias_example_alias_consumer to None, run_after=None
[2024-08-22T00:42:30.773+0000] {logging_mixin.py:190} INFO - [2024-08-22T00:42:30.773+0000] {dag.py:4138} INFO - Setting next_dagrun for dataset_alias_example_alias_producer to None, run_after=None
[2024-08-22T00:42:30.776+0000] {logging_mixin.py:190} INFO - [2024-08-22T00:42:30.776+0000] {dag.py:4138} INFO - Setting next_dagrun for dataset_s3_bucket_consumer to None, run_after=None
[2024-08-22T00:42:30.783+0000] {logging_mixin.py:190} INFO - [2024-08-22T00:42:30.778+0000] {dag.py:4138} INFO - Setting next_dagrun for dataset_s3_bucket_producer to None, run_after=None
[2024-08-22T00:42:30.841+0000] {processor.py:208} INFO - Processing /home/airflow/.local/lib/python3.12/site-packages/airflow/example_dags/example_dataset_alias.py took 0.774 seconds
