[2024-08-22T00:20:12.034+0000] {processor.py:186} INFO - Started process (PID=88) to work on /home/airflow/.local/lib/python3.12/site-packages/airflow/example_dags/example_dataset_alias_with_no_taskflow.py
[2024-08-22T00:20:12.048+0000] {processor.py:914} INFO - Processing file /home/airflow/.local/lib/python3.12/site-packages/airflow/example_dags/example_dataset_alias_with_no_taskflow.py for tasks to queue
[2024-08-22T00:20:12.061+0000] {logging_mixin.py:190} INFO - [2024-08-22T00:20:12.060+0000] {dagbag.py:587} INFO - Filling up the DagBag from /home/airflow/.local/lib/python3.12/site-packages/airflow/example_dags/example_dataset_alias_with_no_taskflow.py
[2024-08-22T00:20:14.744+0000] {processor.py:925} INFO - DAG(s) 'dataset_s3_bucket_producer_with_no_taskflow', 'dataset_alias_example_alias_consumer_with_no_taskflow', 'dataset_alias_example_alias_producer_with_no_taskflow', 'dataset_s3_bucket_consumer_with_no_taskflow' retrieved from /home/airflow/.local/lib/python3.12/site-packages/airflow/example_dags/example_dataset_alias_with_no_taskflow.py
[2024-08-22T00:20:15.509+0000] {logging_mixin.py:190} INFO - [2024-08-22T00:20:15.507+0000] {override.py:1858} INFO - Created Permission View: can read on DAG:dataset_s3_bucket_producer_with_no_taskflow
[2024-08-22T00:20:15.548+0000] {logging_mixin.py:190} INFO - [2024-08-22T00:20:15.548+0000] {override.py:1858} INFO - Created Permission View: can delete on DAG:dataset_s3_bucket_producer_with_no_taskflow
[2024-08-22T00:20:15.574+0000] {logging_mixin.py:190} INFO - [2024-08-22T00:20:15.574+0000] {override.py:1858} INFO - Created Permission View: can edit on DAG:dataset_s3_bucket_producer_with_no_taskflow
[2024-08-22T00:20:15.818+0000] {logging_mixin.py:190} INFO - [2024-08-22T00:20:15.817+0000] {override.py:1858} INFO - Created Permission View: can read on DAG:dataset_alias_example_alias_consumer_with_no_taskflow
[2024-08-22T00:20:15.887+0000] {logging_mixin.py:190} INFO - [2024-08-22T00:20:15.881+0000] {override.py:1858} INFO - Created Permission View: can delete on DAG:dataset_alias_example_alias_consumer_with_no_taskflow
[2024-08-22T00:20:15.961+0000] {logging_mixin.py:190} INFO - [2024-08-22T00:20:15.959+0000] {override.py:1858} INFO - Created Permission View: can edit on DAG:dataset_alias_example_alias_consumer_with_no_taskflow
[2024-08-22T00:20:16.119+0000] {logging_mixin.py:190} INFO - [2024-08-22T00:20:16.117+0000] {override.py:1858} INFO - Created Permission View: can read on DAG:dataset_alias_example_alias_producer_with_no_taskflow
[2024-08-22T00:20:16.192+0000] {logging_mixin.py:190} INFO - [2024-08-22T00:20:16.192+0000] {override.py:1858} INFO - Created Permission View: can delete on DAG:dataset_alias_example_alias_producer_with_no_taskflow
[2024-08-22T00:20:16.277+0000] {logging_mixin.py:190} INFO - [2024-08-22T00:20:16.276+0000] {override.py:1858} INFO - Created Permission View: can edit on DAG:dataset_alias_example_alias_producer_with_no_taskflow
[2024-08-22T00:20:16.346+0000] {logging_mixin.py:190} INFO - [2024-08-22T00:20:16.346+0000] {override.py:1858} INFO - Created Permission View: can read on DAG:dataset_s3_bucket_consumer_with_no_taskflow
[2024-08-22T00:20:16.380+0000] {logging_mixin.py:190} INFO - [2024-08-22T00:20:16.380+0000] {override.py:1858} INFO - Created Permission View: can delete on DAG:dataset_s3_bucket_consumer_with_no_taskflow
[2024-08-22T00:20:16.427+0000] {logging_mixin.py:190} INFO - [2024-08-22T00:20:16.426+0000] {override.py:1858} INFO - Created Permission View: can edit on DAG:dataset_s3_bucket_consumer_with_no_taskflow
[2024-08-22T00:20:16.431+0000] {logging_mixin.py:190} INFO - [2024-08-22T00:20:16.430+0000] {dag.py:3211} INFO - Sync 4 DAGs
[2024-08-22T00:20:16.512+0000] {logging_mixin.py:190} INFO - [2024-08-22T00:20:16.512+0000] {dag.py:3234} INFO - Creating ORM DAG for dataset_alias_example_alias_consumer_with_no_taskflow
[2024-08-22T00:20:16.514+0000] {logging_mixin.py:190} INFO - [2024-08-22T00:20:16.514+0000] {dag.py:3234} INFO - Creating ORM DAG for dataset_s3_bucket_producer_with_no_taskflow
[2024-08-22T00:20:16.516+0000] {logging_mixin.py:190} INFO - [2024-08-22T00:20:16.516+0000] {dag.py:3234} INFO - Creating ORM DAG for dataset_alias_example_alias_producer_with_no_taskflow
[2024-08-22T00:20:16.519+0000] {logging_mixin.py:190} INFO - [2024-08-22T00:20:16.518+0000] {dag.py:3234} INFO - Creating ORM DAG for dataset_s3_bucket_consumer_with_no_taskflow
[2024-08-22T00:20:16.935+0000] {logging_mixin.py:190} INFO - [2024-08-22T00:20:16.935+0000] {dag.py:4138} INFO - Setting next_dagrun for dataset_alias_example_alias_consumer_with_no_taskflow to None, run_after=None
[2024-08-22T00:20:16.939+0000] {logging_mixin.py:190} INFO - [2024-08-22T00:20:16.938+0000] {dag.py:4138} INFO - Setting next_dagrun for dataset_alias_example_alias_producer_with_no_taskflow to None, run_after=None
[2024-08-22T00:20:16.941+0000] {logging_mixin.py:190} INFO - [2024-08-22T00:20:16.941+0000] {dag.py:4138} INFO - Setting next_dagrun for dataset_s3_bucket_consumer_with_no_taskflow to None, run_after=None
[2024-08-22T00:20:16.949+0000] {logging_mixin.py:190} INFO - [2024-08-22T00:20:16.949+0000] {dag.py:4138} INFO - Setting next_dagrun for dataset_s3_bucket_producer_with_no_taskflow to None, run_after=None
[2024-08-22T00:20:17.675+0000] {processor.py:208} INFO - Processing /home/airflow/.local/lib/python3.12/site-packages/airflow/example_dags/example_dataset_alias_with_no_taskflow.py took 5.888 seconds
[2024-08-22T00:20:47.947+0000] {processor.py:186} INFO - Started process (PID=151) to work on /home/airflow/.local/lib/python3.12/site-packages/airflow/example_dags/example_dataset_alias_with_no_taskflow.py
[2024-08-22T00:20:47.949+0000] {processor.py:914} INFO - Processing file /home/airflow/.local/lib/python3.12/site-packages/airflow/example_dags/example_dataset_alias_with_no_taskflow.py for tasks to queue
[2024-08-22T00:20:47.962+0000] {logging_mixin.py:190} INFO - [2024-08-22T00:20:47.962+0000] {dagbag.py:587} INFO - Filling up the DagBag from /home/airflow/.local/lib/python3.12/site-packages/airflow/example_dags/example_dataset_alias_with_no_taskflow.py
[2024-08-22T00:20:49.381+0000] {processor.py:925} INFO - DAG(s) 'dataset_s3_bucket_consumer_with_no_taskflow', 'dataset_alias_example_alias_producer_with_no_taskflow', 'dataset_s3_bucket_producer_with_no_taskflow', 'dataset_alias_example_alias_consumer_with_no_taskflow' retrieved from /home/airflow/.local/lib/python3.12/site-packages/airflow/example_dags/example_dataset_alias_with_no_taskflow.py
[2024-08-22T00:20:49.522+0000] {logging_mixin.py:190} INFO - [2024-08-22T00:20:49.522+0000] {dag.py:3211} INFO - Sync 4 DAGs
[2024-08-22T00:20:49.596+0000] {logging_mixin.py:190} INFO - [2024-08-22T00:20:49.596+0000] {dag.py:4138} INFO - Setting next_dagrun for dataset_alias_example_alias_consumer_with_no_taskflow to None, run_after=None
[2024-08-22T00:20:49.606+0000] {logging_mixin.py:190} INFO - [2024-08-22T00:20:49.606+0000] {dag.py:4138} INFO - Setting next_dagrun for dataset_alias_example_alias_producer_with_no_taskflow to None, run_after=None
[2024-08-22T00:20:49.612+0000] {logging_mixin.py:190} INFO - [2024-08-22T00:20:49.611+0000] {dag.py:4138} INFO - Setting next_dagrun for dataset_s3_bucket_consumer_with_no_taskflow to None, run_after=None
[2024-08-22T00:20:49.621+0000] {logging_mixin.py:190} INFO - [2024-08-22T00:20:49.621+0000] {dag.py:4138} INFO - Setting next_dagrun for dataset_s3_bucket_producer_with_no_taskflow to None, run_after=None
[2024-08-22T00:20:49.688+0000] {processor.py:208} INFO - Processing /home/airflow/.local/lib/python3.12/site-packages/airflow/example_dags/example_dataset_alias_with_no_taskflow.py took 1.763 seconds
[2024-08-22T00:21:54.959+0000] {processor.py:186} INFO - Started process (PID=227) to work on /home/airflow/.local/lib/python3.12/site-packages/airflow/example_dags/example_dataset_alias_with_no_taskflow.py
[2024-08-22T00:21:54.962+0000] {processor.py:914} INFO - Processing file /home/airflow/.local/lib/python3.12/site-packages/airflow/example_dags/example_dataset_alias_with_no_taskflow.py for tasks to queue
[2024-08-22T00:21:54.985+0000] {logging_mixin.py:190} INFO - [2024-08-22T00:21:54.974+0000] {dagbag.py:587} INFO - Filling up the DagBag from /home/airflow/.local/lib/python3.12/site-packages/airflow/example_dags/example_dataset_alias_with_no_taskflow.py
[2024-08-22T00:21:55.525+0000] {processor.py:925} INFO - DAG(s) 'dataset_s3_bucket_producer_with_no_taskflow', 'dataset_alias_example_alias_consumer_with_no_taskflow', 'dataset_s3_bucket_consumer_with_no_taskflow', 'dataset_alias_example_alias_producer_with_no_taskflow' retrieved from /home/airflow/.local/lib/python3.12/site-packages/airflow/example_dags/example_dataset_alias_with_no_taskflow.py
[2024-08-22T00:21:55.661+0000] {logging_mixin.py:190} INFO - [2024-08-22T00:21:55.660+0000] {dag.py:3211} INFO - Sync 4 DAGs
[2024-08-22T00:21:55.747+0000] {logging_mixin.py:190} INFO - [2024-08-22T00:21:55.746+0000] {dag.py:4138} INFO - Setting next_dagrun for dataset_alias_example_alias_consumer_with_no_taskflow to None, run_after=None
[2024-08-22T00:21:55.764+0000] {logging_mixin.py:190} INFO - [2024-08-22T00:21:55.763+0000] {dag.py:4138} INFO - Setting next_dagrun for dataset_alias_example_alias_producer_with_no_taskflow to None, run_after=None
[2024-08-22T00:21:55.770+0000] {logging_mixin.py:190} INFO - [2024-08-22T00:21:55.769+0000] {dag.py:4138} INFO - Setting next_dagrun for dataset_s3_bucket_consumer_with_no_taskflow to None, run_after=None
[2024-08-22T00:21:55.775+0000] {logging_mixin.py:190} INFO - [2024-08-22T00:21:55.775+0000] {dag.py:4138} INFO - Setting next_dagrun for dataset_s3_bucket_producer_with_no_taskflow to None, run_after=None
[2024-08-22T00:21:55.883+0000] {processor.py:208} INFO - Processing /home/airflow/.local/lib/python3.12/site-packages/airflow/example_dags/example_dataset_alias_with_no_taskflow.py took 0.939 seconds
[2024-08-22T00:22:26.118+0000] {processor.py:186} INFO - Started process (PID=289) to work on /home/airflow/.local/lib/python3.12/site-packages/airflow/example_dags/example_dataset_alias_with_no_taskflow.py
[2024-08-22T00:22:26.119+0000] {processor.py:914} INFO - Processing file /home/airflow/.local/lib/python3.12/site-packages/airflow/example_dags/example_dataset_alias_with_no_taskflow.py for tasks to queue
[2024-08-22T00:22:26.124+0000] {logging_mixin.py:190} INFO - [2024-08-22T00:22:26.123+0000] {dagbag.py:587} INFO - Filling up the DagBag from /home/airflow/.local/lib/python3.12/site-packages/airflow/example_dags/example_dataset_alias_with_no_taskflow.py
[2024-08-22T00:22:26.490+0000] {processor.py:925} INFO - DAG(s) 'dataset_alias_example_alias_producer_with_no_taskflow', 'dataset_s3_bucket_consumer_with_no_taskflow', 'dataset_s3_bucket_producer_with_no_taskflow', 'dataset_alias_example_alias_consumer_with_no_taskflow' retrieved from /home/airflow/.local/lib/python3.12/site-packages/airflow/example_dags/example_dataset_alias_with_no_taskflow.py
[2024-08-22T00:22:26.553+0000] {logging_mixin.py:190} INFO - [2024-08-22T00:22:26.553+0000] {dag.py:3211} INFO - Sync 4 DAGs
[2024-08-22T00:22:26.592+0000] {logging_mixin.py:190} INFO - [2024-08-22T00:22:26.592+0000] {dag.py:4138} INFO - Setting next_dagrun for dataset_alias_example_alias_consumer_with_no_taskflow to None, run_after=None
[2024-08-22T00:22:26.596+0000] {logging_mixin.py:190} INFO - [2024-08-22T00:22:26.596+0000] {dag.py:4138} INFO - Setting next_dagrun for dataset_alias_example_alias_producer_with_no_taskflow to None, run_after=None
[2024-08-22T00:22:26.599+0000] {logging_mixin.py:190} INFO - [2024-08-22T00:22:26.599+0000] {dag.py:4138} INFO - Setting next_dagrun for dataset_s3_bucket_consumer_with_no_taskflow to None, run_after=None
[2024-08-22T00:22:26.602+0000] {logging_mixin.py:190} INFO - [2024-08-22T00:22:26.601+0000] {dag.py:4138} INFO - Setting next_dagrun for dataset_s3_bucket_producer_with_no_taskflow to None, run_after=None
[2024-08-22T00:22:26.958+0000] {processor.py:208} INFO - Processing /home/airflow/.local/lib/python3.12/site-packages/airflow/example_dags/example_dataset_alias_with_no_taskflow.py took 0.854 seconds
[2024-08-22T00:22:57.760+0000] {processor.py:186} INFO - Started process (PID=352) to work on /home/airflow/.local/lib/python3.12/site-packages/airflow/example_dags/example_dataset_alias_with_no_taskflow.py
[2024-08-22T00:22:57.761+0000] {processor.py:914} INFO - Processing file /home/airflow/.local/lib/python3.12/site-packages/airflow/example_dags/example_dataset_alias_with_no_taskflow.py for tasks to queue
[2024-08-22T00:22:57.766+0000] {logging_mixin.py:190} INFO - [2024-08-22T00:22:57.765+0000] {dagbag.py:587} INFO - Filling up the DagBag from /home/airflow/.local/lib/python3.12/site-packages/airflow/example_dags/example_dataset_alias_with_no_taskflow.py
[2024-08-22T00:22:58.432+0000] {processor.py:925} INFO - DAG(s) 'dataset_alias_example_alias_consumer_with_no_taskflow', 'dataset_alias_example_alias_producer_with_no_taskflow', 'dataset_s3_bucket_producer_with_no_taskflow', 'dataset_s3_bucket_consumer_with_no_taskflow' retrieved from /home/airflow/.local/lib/python3.12/site-packages/airflow/example_dags/example_dataset_alias_with_no_taskflow.py
[2024-08-22T00:22:58.515+0000] {logging_mixin.py:190} INFO - [2024-08-22T00:22:58.514+0000] {dag.py:3211} INFO - Sync 4 DAGs
[2024-08-22T00:22:58.576+0000] {logging_mixin.py:190} INFO - [2024-08-22T00:22:58.575+0000] {dag.py:4138} INFO - Setting next_dagrun for dataset_alias_example_alias_consumer_with_no_taskflow to None, run_after=None
[2024-08-22T00:22:58.581+0000] {logging_mixin.py:190} INFO - [2024-08-22T00:22:58.581+0000] {dag.py:4138} INFO - Setting next_dagrun for dataset_alias_example_alias_producer_with_no_taskflow to None, run_after=None
[2024-08-22T00:22:58.592+0000] {logging_mixin.py:190} INFO - [2024-08-22T00:22:58.592+0000] {dag.py:4138} INFO - Setting next_dagrun for dataset_s3_bucket_consumer_with_no_taskflow to None, run_after=None
[2024-08-22T00:22:58.604+0000] {logging_mixin.py:190} INFO - [2024-08-22T00:22:58.603+0000] {dag.py:4138} INFO - Setting next_dagrun for dataset_s3_bucket_producer_with_no_taskflow to None, run_after=None
[2024-08-22T00:22:58.688+0000] {processor.py:208} INFO - Processing /home/airflow/.local/lib/python3.12/site-packages/airflow/example_dags/example_dataset_alias_with_no_taskflow.py took 0.942 seconds
[2024-08-22T00:23:29.729+0000] {processor.py:186} INFO - Started process (PID=415) to work on /home/airflow/.local/lib/python3.12/site-packages/airflow/example_dags/example_dataset_alias_with_no_taskflow.py
[2024-08-22T00:23:29.731+0000] {processor.py:914} INFO - Processing file /home/airflow/.local/lib/python3.12/site-packages/airflow/example_dags/example_dataset_alias_with_no_taskflow.py for tasks to queue
[2024-08-22T00:23:29.747+0000] {logging_mixin.py:190} INFO - [2024-08-22T00:23:29.746+0000] {dagbag.py:587} INFO - Filling up the DagBag from /home/airflow/.local/lib/python3.12/site-packages/airflow/example_dags/example_dataset_alias_with_no_taskflow.py
[2024-08-22T00:23:30.138+0000] {processor.py:925} INFO - DAG(s) 'dataset_s3_bucket_producer_with_no_taskflow', 'dataset_s3_bucket_consumer_with_no_taskflow', 'dataset_alias_example_alias_producer_with_no_taskflow', 'dataset_alias_example_alias_consumer_with_no_taskflow' retrieved from /home/airflow/.local/lib/python3.12/site-packages/airflow/example_dags/example_dataset_alias_with_no_taskflow.py
[2024-08-22T00:23:30.182+0000] {logging_mixin.py:190} INFO - [2024-08-22T00:23:30.181+0000] {dag.py:3211} INFO - Sync 4 DAGs
[2024-08-22T00:23:30.241+0000] {logging_mixin.py:190} INFO - [2024-08-22T00:23:30.240+0000] {dag.py:4138} INFO - Setting next_dagrun for dataset_alias_example_alias_consumer_with_no_taskflow to None, run_after=None
[2024-08-22T00:23:30.250+0000] {logging_mixin.py:190} INFO - [2024-08-22T00:23:30.249+0000] {dag.py:4138} INFO - Setting next_dagrun for dataset_alias_example_alias_producer_with_no_taskflow to None, run_after=None
[2024-08-22T00:23:30.253+0000] {logging_mixin.py:190} INFO - [2024-08-22T00:23:30.253+0000] {dag.py:4138} INFO - Setting next_dagrun for dataset_s3_bucket_consumer_with_no_taskflow to None, run_after=None
[2024-08-22T00:23:30.256+0000] {logging_mixin.py:190} INFO - [2024-08-22T00:23:30.256+0000] {dag.py:4138} INFO - Setting next_dagrun for dataset_s3_bucket_producer_with_no_taskflow to None, run_after=None
[2024-08-22T00:23:30.310+0000] {processor.py:208} INFO - Processing /home/airflow/.local/lib/python3.12/site-packages/airflow/example_dags/example_dataset_alias_with_no_taskflow.py took 0.599 seconds
[2024-08-22T00:24:00.565+0000] {processor.py:186} INFO - Started process (PID=477) to work on /home/airflow/.local/lib/python3.12/site-packages/airflow/example_dags/example_dataset_alias_with_no_taskflow.py
[2024-08-22T00:24:00.567+0000] {processor.py:914} INFO - Processing file /home/airflow/.local/lib/python3.12/site-packages/airflow/example_dags/example_dataset_alias_with_no_taskflow.py for tasks to queue
[2024-08-22T00:24:00.570+0000] {logging_mixin.py:190} INFO - [2024-08-22T00:24:00.570+0000] {dagbag.py:587} INFO - Filling up the DagBag from /home/airflow/.local/lib/python3.12/site-packages/airflow/example_dags/example_dataset_alias_with_no_taskflow.py
[2024-08-22T00:24:00.869+0000] {processor.py:925} INFO - DAG(s) 'dataset_s3_bucket_producer_with_no_taskflow', 'dataset_alias_example_alias_producer_with_no_taskflow', 'dataset_alias_example_alias_consumer_with_no_taskflow', 'dataset_s3_bucket_consumer_with_no_taskflow' retrieved from /home/airflow/.local/lib/python3.12/site-packages/airflow/example_dags/example_dataset_alias_with_no_taskflow.py
[2024-08-22T00:24:00.909+0000] {logging_mixin.py:190} INFO - [2024-08-22T00:24:00.908+0000] {dag.py:3211} INFO - Sync 4 DAGs
[2024-08-22T00:24:00.940+0000] {logging_mixin.py:190} INFO - [2024-08-22T00:24:00.939+0000] {dag.py:4138} INFO - Setting next_dagrun for dataset_alias_example_alias_consumer_with_no_taskflow to None, run_after=None
[2024-08-22T00:24:00.943+0000] {logging_mixin.py:190} INFO - [2024-08-22T00:24:00.943+0000] {dag.py:4138} INFO - Setting next_dagrun for dataset_alias_example_alias_producer_with_no_taskflow to None, run_after=None
[2024-08-22T00:24:00.946+0000] {logging_mixin.py:190} INFO - [2024-08-22T00:24:00.945+0000] {dag.py:4138} INFO - Setting next_dagrun for dataset_s3_bucket_consumer_with_no_taskflow to None, run_after=None
[2024-08-22T00:24:00.948+0000] {logging_mixin.py:190} INFO - [2024-08-22T00:24:00.947+0000] {dag.py:4138} INFO - Setting next_dagrun for dataset_s3_bucket_producer_with_no_taskflow to None, run_after=None
[2024-08-22T00:24:01.878+0000] {processor.py:208} INFO - Processing /home/airflow/.local/lib/python3.12/site-packages/airflow/example_dags/example_dataset_alias_with_no_taskflow.py took 1.322 seconds
[2024-08-22T00:24:32.099+0000] {processor.py:186} INFO - Started process (PID=540) to work on /home/airflow/.local/lib/python3.12/site-packages/airflow/example_dags/example_dataset_alias_with_no_taskflow.py
[2024-08-22T00:24:32.101+0000] {processor.py:914} INFO - Processing file /home/airflow/.local/lib/python3.12/site-packages/airflow/example_dags/example_dataset_alias_with_no_taskflow.py for tasks to queue
[2024-08-22T00:24:32.110+0000] {logging_mixin.py:190} INFO - [2024-08-22T00:24:32.109+0000] {dagbag.py:587} INFO - Filling up the DagBag from /home/airflow/.local/lib/python3.12/site-packages/airflow/example_dags/example_dataset_alias_with_no_taskflow.py
[2024-08-22T00:24:32.539+0000] {processor.py:925} INFO - DAG(s) 'dataset_alias_example_alias_consumer_with_no_taskflow', 'dataset_s3_bucket_producer_with_no_taskflow', 'dataset_alias_example_alias_producer_with_no_taskflow', 'dataset_s3_bucket_consumer_with_no_taskflow' retrieved from /home/airflow/.local/lib/python3.12/site-packages/airflow/example_dags/example_dataset_alias_with_no_taskflow.py
[2024-08-22T00:24:32.605+0000] {logging_mixin.py:190} INFO - [2024-08-22T00:24:32.605+0000] {dag.py:3211} INFO - Sync 4 DAGs
[2024-08-22T00:24:32.669+0000] {logging_mixin.py:190} INFO - [2024-08-22T00:24:32.668+0000] {dag.py:4138} INFO - Setting next_dagrun for dataset_alias_example_alias_consumer_with_no_taskflow to None, run_after=None
[2024-08-22T00:24:32.676+0000] {logging_mixin.py:190} INFO - [2024-08-22T00:24:32.676+0000] {dag.py:4138} INFO - Setting next_dagrun for dataset_alias_example_alias_producer_with_no_taskflow to None, run_after=None
[2024-08-22T00:24:32.680+0000] {logging_mixin.py:190} INFO - [2024-08-22T00:24:32.680+0000] {dag.py:4138} INFO - Setting next_dagrun for dataset_s3_bucket_consumer_with_no_taskflow to None, run_after=None
[2024-08-22T00:24:32.683+0000] {logging_mixin.py:190} INFO - [2024-08-22T00:24:32.683+0000] {dag.py:4138} INFO - Setting next_dagrun for dataset_s3_bucket_producer_with_no_taskflow to None, run_after=None
[2024-08-22T00:24:32.738+0000] {processor.py:208} INFO - Processing /home/airflow/.local/lib/python3.12/site-packages/airflow/example_dags/example_dataset_alias_with_no_taskflow.py took 0.652 seconds
[2024-08-22T00:25:03.542+0000] {processor.py:186} INFO - Started process (PID=603) to work on /home/airflow/.local/lib/python3.12/site-packages/airflow/example_dags/example_dataset_alias_with_no_taskflow.py
[2024-08-22T00:25:03.545+0000] {processor.py:914} INFO - Processing file /home/airflow/.local/lib/python3.12/site-packages/airflow/example_dags/example_dataset_alias_with_no_taskflow.py for tasks to queue
[2024-08-22T00:25:03.549+0000] {logging_mixin.py:190} INFO - [2024-08-22T00:25:03.549+0000] {dagbag.py:587} INFO - Filling up the DagBag from /home/airflow/.local/lib/python3.12/site-packages/airflow/example_dags/example_dataset_alias_with_no_taskflow.py
[2024-08-22T00:25:03.802+0000] {processor.py:925} INFO - DAG(s) 'dataset_s3_bucket_consumer_with_no_taskflow', 'dataset_alias_example_alias_consumer_with_no_taskflow', 'dataset_s3_bucket_producer_with_no_taskflow', 'dataset_alias_example_alias_producer_with_no_taskflow' retrieved from /home/airflow/.local/lib/python3.12/site-packages/airflow/example_dags/example_dataset_alias_with_no_taskflow.py
[2024-08-22T00:25:03.837+0000] {logging_mixin.py:190} INFO - [2024-08-22T00:25:03.836+0000] {dag.py:3211} INFO - Sync 4 DAGs
[2024-08-22T00:25:03.872+0000] {logging_mixin.py:190} INFO - [2024-08-22T00:25:03.872+0000] {dag.py:4138} INFO - Setting next_dagrun for dataset_alias_example_alias_consumer_with_no_taskflow to None, run_after=None
[2024-08-22T00:25:03.878+0000] {logging_mixin.py:190} INFO - [2024-08-22T00:25:03.877+0000] {dag.py:4138} INFO - Setting next_dagrun for dataset_alias_example_alias_producer_with_no_taskflow to None, run_after=None
[2024-08-22T00:25:03.880+0000] {logging_mixin.py:190} INFO - [2024-08-22T00:25:03.880+0000] {dag.py:4138} INFO - Setting next_dagrun for dataset_s3_bucket_consumer_with_no_taskflow to None, run_after=None
[2024-08-22T00:25:03.883+0000] {logging_mixin.py:190} INFO - [2024-08-22T00:25:03.882+0000] {dag.py:4138} INFO - Setting next_dagrun for dataset_s3_bucket_producer_with_no_taskflow to None, run_after=None
[2024-08-22T00:25:04.027+0000] {processor.py:208} INFO - Processing /home/airflow/.local/lib/python3.12/site-packages/airflow/example_dags/example_dataset_alias_with_no_taskflow.py took 0.496 seconds
[2024-08-22T00:25:34.162+0000] {processor.py:186} INFO - Started process (PID=666) to work on /home/airflow/.local/lib/python3.12/site-packages/airflow/example_dags/example_dataset_alias_with_no_taskflow.py
[2024-08-22T00:25:34.164+0000] {processor.py:914} INFO - Processing file /home/airflow/.local/lib/python3.12/site-packages/airflow/example_dags/example_dataset_alias_with_no_taskflow.py for tasks to queue
[2024-08-22T00:25:34.169+0000] {logging_mixin.py:190} INFO - [2024-08-22T00:25:34.168+0000] {dagbag.py:587} INFO - Filling up the DagBag from /home/airflow/.local/lib/python3.12/site-packages/airflow/example_dags/example_dataset_alias_with_no_taskflow.py
[2024-08-22T00:25:34.668+0000] {processor.py:925} INFO - DAG(s) 'dataset_alias_example_alias_producer_with_no_taskflow', 'dataset_s3_bucket_consumer_with_no_taskflow', 'dataset_s3_bucket_producer_with_no_taskflow', 'dataset_alias_example_alias_consumer_with_no_taskflow' retrieved from /home/airflow/.local/lib/python3.12/site-packages/airflow/example_dags/example_dataset_alias_with_no_taskflow.py
[2024-08-22T00:25:34.719+0000] {logging_mixin.py:190} INFO - [2024-08-22T00:25:34.718+0000] {dag.py:3211} INFO - Sync 4 DAGs
[2024-08-22T00:25:34.771+0000] {logging_mixin.py:190} INFO - [2024-08-22T00:25:34.771+0000] {dag.py:4138} INFO - Setting next_dagrun for dataset_alias_example_alias_consumer_with_no_taskflow to None, run_after=None
[2024-08-22T00:25:34.776+0000] {logging_mixin.py:190} INFO - [2024-08-22T00:25:34.775+0000] {dag.py:4138} INFO - Setting next_dagrun for dataset_alias_example_alias_producer_with_no_taskflow to None, run_after=None
[2024-08-22T00:25:34.778+0000] {logging_mixin.py:190} INFO - [2024-08-22T00:25:34.778+0000] {dag.py:4138} INFO - Setting next_dagrun for dataset_s3_bucket_consumer_with_no_taskflow to None, run_after=None
[2024-08-22T00:25:34.781+0000] {logging_mixin.py:190} INFO - [2024-08-22T00:25:34.781+0000] {dag.py:4138} INFO - Setting next_dagrun for dataset_s3_bucket_producer_with_no_taskflow to None, run_after=None
[2024-08-22T00:25:34.977+0000] {processor.py:208} INFO - Processing /home/airflow/.local/lib/python3.12/site-packages/airflow/example_dags/example_dataset_alias_with_no_taskflow.py took 0.832 seconds
[2024-08-22T00:26:05.137+0000] {processor.py:186} INFO - Started process (PID=729) to work on /home/airflow/.local/lib/python3.12/site-packages/airflow/example_dags/example_dataset_alias_with_no_taskflow.py
[2024-08-22T00:26:05.139+0000] {processor.py:914} INFO - Processing file /home/airflow/.local/lib/python3.12/site-packages/airflow/example_dags/example_dataset_alias_with_no_taskflow.py for tasks to queue
[2024-08-22T00:26:05.143+0000] {logging_mixin.py:190} INFO - [2024-08-22T00:26:05.143+0000] {dagbag.py:587} INFO - Filling up the DagBag from /home/airflow/.local/lib/python3.12/site-packages/airflow/example_dags/example_dataset_alias_with_no_taskflow.py
[2024-08-22T00:26:05.506+0000] {processor.py:925} INFO - DAG(s) 'dataset_alias_example_alias_producer_with_no_taskflow', 'dataset_alias_example_alias_consumer_with_no_taskflow', 'dataset_s3_bucket_producer_with_no_taskflow', 'dataset_s3_bucket_consumer_with_no_taskflow' retrieved from /home/airflow/.local/lib/python3.12/site-packages/airflow/example_dags/example_dataset_alias_with_no_taskflow.py
[2024-08-22T00:26:05.540+0000] {logging_mixin.py:190} INFO - [2024-08-22T00:26:05.540+0000] {dag.py:3211} INFO - Sync 4 DAGs
[2024-08-22T00:26:05.572+0000] {logging_mixin.py:190} INFO - [2024-08-22T00:26:05.571+0000] {dag.py:4138} INFO - Setting next_dagrun for dataset_alias_example_alias_consumer_with_no_taskflow to None, run_after=None
[2024-08-22T00:26:05.576+0000] {logging_mixin.py:190} INFO - [2024-08-22T00:26:05.575+0000] {dag.py:4138} INFO - Setting next_dagrun for dataset_alias_example_alias_producer_with_no_taskflow to None, run_after=None
[2024-08-22T00:26:05.579+0000] {logging_mixin.py:190} INFO - [2024-08-22T00:26:05.579+0000] {dag.py:4138} INFO - Setting next_dagrun for dataset_s3_bucket_consumer_with_no_taskflow to None, run_after=None
[2024-08-22T00:26:05.582+0000] {logging_mixin.py:190} INFO - [2024-08-22T00:26:05.581+0000] {dag.py:4138} INFO - Setting next_dagrun for dataset_s3_bucket_producer_with_no_taskflow to None, run_after=None
[2024-08-22T00:26:05.687+0000] {processor.py:208} INFO - Processing /home/airflow/.local/lib/python3.12/site-packages/airflow/example_dags/example_dataset_alias_with_no_taskflow.py took 0.559 seconds
[2024-08-22T00:26:37.125+0000] {processor.py:186} INFO - Started process (PID=792) to work on /home/airflow/.local/lib/python3.12/site-packages/airflow/example_dags/example_dataset_alias_with_no_taskflow.py
[2024-08-22T00:26:37.130+0000] {processor.py:914} INFO - Processing file /home/airflow/.local/lib/python3.12/site-packages/airflow/example_dags/example_dataset_alias_with_no_taskflow.py for tasks to queue
[2024-08-22T00:26:37.135+0000] {logging_mixin.py:190} INFO - [2024-08-22T00:26:37.134+0000] {dagbag.py:587} INFO - Filling up the DagBag from /home/airflow/.local/lib/python3.12/site-packages/airflow/example_dags/example_dataset_alias_with_no_taskflow.py
[2024-08-22T00:26:37.768+0000] {processor.py:925} INFO - DAG(s) 'dataset_s3_bucket_producer_with_no_taskflow', 'dataset_alias_example_alias_consumer_with_no_taskflow', 'dataset_alias_example_alias_producer_with_no_taskflow', 'dataset_s3_bucket_consumer_with_no_taskflow' retrieved from /home/airflow/.local/lib/python3.12/site-packages/airflow/example_dags/example_dataset_alias_with_no_taskflow.py
[2024-08-22T00:26:37.865+0000] {logging_mixin.py:190} INFO - [2024-08-22T00:26:37.864+0000] {dag.py:3211} INFO - Sync 4 DAGs
[2024-08-22T00:26:37.976+0000] {logging_mixin.py:190} INFO - [2024-08-22T00:26:37.976+0000] {dag.py:4138} INFO - Setting next_dagrun for dataset_alias_example_alias_consumer_with_no_taskflow to None, run_after=None
[2024-08-22T00:26:38.026+0000] {logging_mixin.py:190} INFO - [2024-08-22T00:26:38.025+0000] {dag.py:4138} INFO - Setting next_dagrun for dataset_alias_example_alias_producer_with_no_taskflow to None, run_after=None
[2024-08-22T00:26:38.033+0000] {logging_mixin.py:190} INFO - [2024-08-22T00:26:38.033+0000] {dag.py:4138} INFO - Setting next_dagrun for dataset_s3_bucket_consumer_with_no_taskflow to None, run_after=None
[2024-08-22T00:26:38.036+0000] {logging_mixin.py:190} INFO - [2024-08-22T00:26:38.035+0000] {dag.py:4138} INFO - Setting next_dagrun for dataset_s3_bucket_producer_with_no_taskflow to None, run_after=None
[2024-08-22T00:26:38.125+0000] {processor.py:208} INFO - Processing /home/airflow/.local/lib/python3.12/site-packages/airflow/example_dags/example_dataset_alias_with_no_taskflow.py took 1.020 seconds
[2024-08-22T00:27:09.366+0000] {processor.py:186} INFO - Started process (PID=856) to work on /home/airflow/.local/lib/python3.12/site-packages/airflow/example_dags/example_dataset_alias_with_no_taskflow.py
[2024-08-22T00:27:09.368+0000] {processor.py:914} INFO - Processing file /home/airflow/.local/lib/python3.12/site-packages/airflow/example_dags/example_dataset_alias_with_no_taskflow.py for tasks to queue
[2024-08-22T00:27:09.373+0000] {logging_mixin.py:190} INFO - [2024-08-22T00:27:09.372+0000] {dagbag.py:587} INFO - Filling up the DagBag from /home/airflow/.local/lib/python3.12/site-packages/airflow/example_dags/example_dataset_alias_with_no_taskflow.py
[2024-08-22T00:27:09.785+0000] {processor.py:925} INFO - DAG(s) 'dataset_alias_example_alias_consumer_with_no_taskflow', 'dataset_s3_bucket_consumer_with_no_taskflow', 'dataset_alias_example_alias_producer_with_no_taskflow', 'dataset_s3_bucket_producer_with_no_taskflow' retrieved from /home/airflow/.local/lib/python3.12/site-packages/airflow/example_dags/example_dataset_alias_with_no_taskflow.py
[2024-08-22T00:27:09.836+0000] {logging_mixin.py:190} INFO - [2024-08-22T00:27:09.835+0000] {dag.py:3211} INFO - Sync 4 DAGs
[2024-08-22T00:27:09.895+0000] {logging_mixin.py:190} INFO - [2024-08-22T00:27:09.892+0000] {dag.py:4138} INFO - Setting next_dagrun for dataset_alias_example_alias_consumer_with_no_taskflow to None, run_after=None
[2024-08-22T00:27:09.908+0000] {logging_mixin.py:190} INFO - [2024-08-22T00:27:09.908+0000] {dag.py:4138} INFO - Setting next_dagrun for dataset_alias_example_alias_producer_with_no_taskflow to None, run_after=None
[2024-08-22T00:27:09.914+0000] {logging_mixin.py:190} INFO - [2024-08-22T00:27:09.914+0000] {dag.py:4138} INFO - Setting next_dagrun for dataset_s3_bucket_consumer_with_no_taskflow to None, run_after=None
[2024-08-22T00:27:09.919+0000] {logging_mixin.py:190} INFO - [2024-08-22T00:27:09.918+0000] {dag.py:4138} INFO - Setting next_dagrun for dataset_s3_bucket_producer_with_no_taskflow to None, run_after=None
[2024-08-22T00:27:10.004+0000] {processor.py:208} INFO - Processing /home/airflow/.local/lib/python3.12/site-packages/airflow/example_dags/example_dataset_alias_with_no_taskflow.py took 0.648 seconds
[2024-08-22T00:27:43.450+0000] {processor.py:186} INFO - Started process (PID=916) to work on /home/airflow/.local/lib/python3.12/site-packages/airflow/example_dags/example_dataset_alias_with_no_taskflow.py
[2024-08-22T00:27:43.452+0000] {processor.py:914} INFO - Processing file /home/airflow/.local/lib/python3.12/site-packages/airflow/example_dags/example_dataset_alias_with_no_taskflow.py for tasks to queue
[2024-08-22T00:27:43.456+0000] {logging_mixin.py:190} INFO - [2024-08-22T00:27:43.455+0000] {dagbag.py:587} INFO - Filling up the DagBag from /home/airflow/.local/lib/python3.12/site-packages/airflow/example_dags/example_dataset_alias_with_no_taskflow.py
[2024-08-22T00:27:43.867+0000] {processor.py:925} INFO - DAG(s) 'dataset_alias_example_alias_consumer_with_no_taskflow', 'dataset_s3_bucket_consumer_with_no_taskflow', 'dataset_s3_bucket_producer_with_no_taskflow', 'dataset_alias_example_alias_producer_with_no_taskflow' retrieved from /home/airflow/.local/lib/python3.12/site-packages/airflow/example_dags/example_dataset_alias_with_no_taskflow.py
[2024-08-22T00:27:43.955+0000] {logging_mixin.py:190} INFO - [2024-08-22T00:27:43.954+0000] {dag.py:3211} INFO - Sync 4 DAGs
[2024-08-22T00:27:44.008+0000] {logging_mixin.py:190} INFO - [2024-08-22T00:27:44.007+0000] {dag.py:4138} INFO - Setting next_dagrun for dataset_alias_example_alias_consumer_with_no_taskflow to None, run_after=None
[2024-08-22T00:27:44.015+0000] {logging_mixin.py:190} INFO - [2024-08-22T00:27:44.014+0000] {dag.py:4138} INFO - Setting next_dagrun for dataset_alias_example_alias_producer_with_no_taskflow to None, run_after=None
[2024-08-22T00:27:44.017+0000] {logging_mixin.py:190} INFO - [2024-08-22T00:27:44.017+0000] {dag.py:4138} INFO - Setting next_dagrun for dataset_s3_bucket_consumer_with_no_taskflow to None, run_after=None
[2024-08-22T00:27:44.020+0000] {logging_mixin.py:190} INFO - [2024-08-22T00:27:44.020+0000] {dag.py:4138} INFO - Setting next_dagrun for dataset_s3_bucket_producer_with_no_taskflow to None, run_after=None
[2024-08-22T00:27:44.154+0000] {processor.py:208} INFO - Processing /home/airflow/.local/lib/python3.12/site-packages/airflow/example_dags/example_dataset_alias_with_no_taskflow.py took 0.714 seconds
[2024-08-22T00:28:14.977+0000] {processor.py:186} INFO - Started process (PID=979) to work on /home/airflow/.local/lib/python3.12/site-packages/airflow/example_dags/example_dataset_alias_with_no_taskflow.py
[2024-08-22T00:28:14.979+0000] {processor.py:914} INFO - Processing file /home/airflow/.local/lib/python3.12/site-packages/airflow/example_dags/example_dataset_alias_with_no_taskflow.py for tasks to queue
[2024-08-22T00:28:14.984+0000] {logging_mixin.py:190} INFO - [2024-08-22T00:28:14.983+0000] {dagbag.py:587} INFO - Filling up the DagBag from /home/airflow/.local/lib/python3.12/site-packages/airflow/example_dags/example_dataset_alias_with_no_taskflow.py
[2024-08-22T00:28:15.338+0000] {processor.py:925} INFO - DAG(s) 'dataset_s3_bucket_producer_with_no_taskflow', 'dataset_alias_example_alias_consumer_with_no_taskflow', 'dataset_s3_bucket_consumer_with_no_taskflow', 'dataset_alias_example_alias_producer_with_no_taskflow' retrieved from /home/airflow/.local/lib/python3.12/site-packages/airflow/example_dags/example_dataset_alias_with_no_taskflow.py
[2024-08-22T00:28:15.400+0000] {logging_mixin.py:190} INFO - [2024-08-22T00:28:15.399+0000] {dag.py:3211} INFO - Sync 4 DAGs
[2024-08-22T00:28:15.449+0000] {logging_mixin.py:190} INFO - [2024-08-22T00:28:15.448+0000] {dag.py:4138} INFO - Setting next_dagrun for dataset_alias_example_alias_consumer_with_no_taskflow to None, run_after=None
[2024-08-22T00:28:15.452+0000] {logging_mixin.py:190} INFO - [2024-08-22T00:28:15.452+0000] {dag.py:4138} INFO - Setting next_dagrun for dataset_alias_example_alias_producer_with_no_taskflow to None, run_after=None
[2024-08-22T00:28:15.454+0000] {logging_mixin.py:190} INFO - [2024-08-22T00:28:15.454+0000] {dag.py:4138} INFO - Setting next_dagrun for dataset_s3_bucket_consumer_with_no_taskflow to None, run_after=None
[2024-08-22T00:28:15.456+0000] {logging_mixin.py:190} INFO - [2024-08-22T00:28:15.456+0000] {dag.py:4138} INFO - Setting next_dagrun for dataset_s3_bucket_producer_with_no_taskflow to None, run_after=None
[2024-08-22T00:28:15.590+0000] {processor.py:208} INFO - Processing /home/airflow/.local/lib/python3.12/site-packages/airflow/example_dags/example_dataset_alias_with_no_taskflow.py took 0.626 seconds
[2024-08-22T00:28:46.443+0000] {processor.py:186} INFO - Started process (PID=1042) to work on /home/airflow/.local/lib/python3.12/site-packages/airflow/example_dags/example_dataset_alias_with_no_taskflow.py
[2024-08-22T00:28:46.447+0000] {processor.py:914} INFO - Processing file /home/airflow/.local/lib/python3.12/site-packages/airflow/example_dags/example_dataset_alias_with_no_taskflow.py for tasks to queue
[2024-08-22T00:28:46.467+0000] {logging_mixin.py:190} INFO - [2024-08-22T00:28:46.466+0000] {dagbag.py:587} INFO - Filling up the DagBag from /home/airflow/.local/lib/python3.12/site-packages/airflow/example_dags/example_dataset_alias_with_no_taskflow.py
[2024-08-22T00:28:47.035+0000] {processor.py:925} INFO - DAG(s) 'dataset_alias_example_alias_consumer_with_no_taskflow', 'dataset_s3_bucket_consumer_with_no_taskflow', 'dataset_s3_bucket_producer_with_no_taskflow', 'dataset_alias_example_alias_producer_with_no_taskflow' retrieved from /home/airflow/.local/lib/python3.12/site-packages/airflow/example_dags/example_dataset_alias_with_no_taskflow.py
[2024-08-22T00:28:47.127+0000] {logging_mixin.py:190} INFO - [2024-08-22T00:28:47.126+0000] {dag.py:3211} INFO - Sync 4 DAGs
[2024-08-22T00:28:47.198+0000] {logging_mixin.py:190} INFO - [2024-08-22T00:28:47.197+0000] {dag.py:4138} INFO - Setting next_dagrun for dataset_alias_example_alias_consumer_with_no_taskflow to None, run_after=None
[2024-08-22T00:28:47.204+0000] {logging_mixin.py:190} INFO - [2024-08-22T00:28:47.204+0000] {dag.py:4138} INFO - Setting next_dagrun for dataset_alias_example_alias_producer_with_no_taskflow to None, run_after=None
[2024-08-22T00:28:47.214+0000] {logging_mixin.py:190} INFO - [2024-08-22T00:28:47.213+0000] {dag.py:4138} INFO - Setting next_dagrun for dataset_s3_bucket_consumer_with_no_taskflow to None, run_after=None
[2024-08-22T00:28:47.227+0000] {logging_mixin.py:190} INFO - [2024-08-22T00:28:47.227+0000] {dag.py:4138} INFO - Setting next_dagrun for dataset_s3_bucket_producer_with_no_taskflow to None, run_after=None
[2024-08-22T00:28:47.318+0000] {processor.py:208} INFO - Processing /home/airflow/.local/lib/python3.12/site-packages/airflow/example_dags/example_dataset_alias_with_no_taskflow.py took 0.897 seconds
[2024-08-22T00:29:17.723+0000] {processor.py:186} INFO - Started process (PID=1105) to work on /home/airflow/.local/lib/python3.12/site-packages/airflow/example_dags/example_dataset_alias_with_no_taskflow.py
[2024-08-22T00:29:17.725+0000] {processor.py:914} INFO - Processing file /home/airflow/.local/lib/python3.12/site-packages/airflow/example_dags/example_dataset_alias_with_no_taskflow.py for tasks to queue
[2024-08-22T00:29:17.730+0000] {logging_mixin.py:190} INFO - [2024-08-22T00:29:17.729+0000] {dagbag.py:587} INFO - Filling up the DagBag from /home/airflow/.local/lib/python3.12/site-packages/airflow/example_dags/example_dataset_alias_with_no_taskflow.py
[2024-08-22T00:29:18.038+0000] {processor.py:925} INFO - DAG(s) 'dataset_s3_bucket_producer_with_no_taskflow', 'dataset_alias_example_alias_producer_with_no_taskflow', 'dataset_s3_bucket_consumer_with_no_taskflow', 'dataset_alias_example_alias_consumer_with_no_taskflow' retrieved from /home/airflow/.local/lib/python3.12/site-packages/airflow/example_dags/example_dataset_alias_with_no_taskflow.py
[2024-08-22T00:29:18.083+0000] {logging_mixin.py:190} INFO - [2024-08-22T00:29:18.082+0000] {dag.py:3211} INFO - Sync 4 DAGs
[2024-08-22T00:29:18.133+0000] {logging_mixin.py:190} INFO - [2024-08-22T00:29:18.132+0000] {dag.py:4138} INFO - Setting next_dagrun for dataset_alias_example_alias_consumer_with_no_taskflow to None, run_after=None
[2024-08-22T00:29:18.138+0000] {logging_mixin.py:190} INFO - [2024-08-22T00:29:18.137+0000] {dag.py:4138} INFO - Setting next_dagrun for dataset_alias_example_alias_producer_with_no_taskflow to None, run_after=None
[2024-08-22T00:29:18.140+0000] {logging_mixin.py:190} INFO - [2024-08-22T00:29:18.140+0000] {dag.py:4138} INFO - Setting next_dagrun for dataset_s3_bucket_consumer_with_no_taskflow to None, run_after=None
[2024-08-22T00:29:18.144+0000] {logging_mixin.py:190} INFO - [2024-08-22T00:29:18.144+0000] {dag.py:4138} INFO - Setting next_dagrun for dataset_s3_bucket_producer_with_no_taskflow to None, run_after=None
[2024-08-22T00:29:18.189+0000] {processor.py:208} INFO - Processing /home/airflow/.local/lib/python3.12/site-packages/airflow/example_dags/example_dataset_alias_with_no_taskflow.py took 0.473 seconds
[2024-08-22T00:29:48.561+0000] {processor.py:186} INFO - Started process (PID=1168) to work on /home/airflow/.local/lib/python3.12/site-packages/airflow/example_dags/example_dataset_alias_with_no_taskflow.py
[2024-08-22T00:29:48.563+0000] {processor.py:914} INFO - Processing file /home/airflow/.local/lib/python3.12/site-packages/airflow/example_dags/example_dataset_alias_with_no_taskflow.py for tasks to queue
[2024-08-22T00:29:48.567+0000] {logging_mixin.py:190} INFO - [2024-08-22T00:29:48.566+0000] {dagbag.py:587} INFO - Filling up the DagBag from /home/airflow/.local/lib/python3.12/site-packages/airflow/example_dags/example_dataset_alias_with_no_taskflow.py
[2024-08-22T00:29:48.887+0000] {processor.py:925} INFO - DAG(s) 'dataset_alias_example_alias_producer_with_no_taskflow', 'dataset_s3_bucket_producer_with_no_taskflow', 'dataset_alias_example_alias_consumer_with_no_taskflow', 'dataset_s3_bucket_consumer_with_no_taskflow' retrieved from /home/airflow/.local/lib/python3.12/site-packages/airflow/example_dags/example_dataset_alias_with_no_taskflow.py
[2024-08-22T00:29:48.933+0000] {logging_mixin.py:190} INFO - [2024-08-22T00:29:48.932+0000] {dag.py:3211} INFO - Sync 4 DAGs
[2024-08-22T00:29:48.974+0000] {logging_mixin.py:190} INFO - [2024-08-22T00:29:48.973+0000] {dag.py:4138} INFO - Setting next_dagrun for dataset_alias_example_alias_consumer_with_no_taskflow to None, run_after=None
[2024-08-22T00:29:48.979+0000] {logging_mixin.py:190} INFO - [2024-08-22T00:29:48.979+0000] {dag.py:4138} INFO - Setting next_dagrun for dataset_alias_example_alias_producer_with_no_taskflow to None, run_after=None
[2024-08-22T00:29:48.982+0000] {logging_mixin.py:190} INFO - [2024-08-22T00:29:48.982+0000] {dag.py:4138} INFO - Setting next_dagrun for dataset_s3_bucket_consumer_with_no_taskflow to None, run_after=None
[2024-08-22T00:29:48.985+0000] {logging_mixin.py:190} INFO - [2024-08-22T00:29:48.984+0000] {dag.py:4138} INFO - Setting next_dagrun for dataset_s3_bucket_producer_with_no_taskflow to None, run_after=None
[2024-08-22T00:29:49.040+0000] {processor.py:208} INFO - Processing /home/airflow/.local/lib/python3.12/site-packages/airflow/example_dags/example_dataset_alias_with_no_taskflow.py took 0.491 seconds
[2024-08-22T00:30:19.377+0000] {processor.py:186} INFO - Started process (PID=1231) to work on /home/airflow/.local/lib/python3.12/site-packages/airflow/example_dags/example_dataset_alias_with_no_taskflow.py
[2024-08-22T00:30:19.379+0000] {processor.py:914} INFO - Processing file /home/airflow/.local/lib/python3.12/site-packages/airflow/example_dags/example_dataset_alias_with_no_taskflow.py for tasks to queue
[2024-08-22T00:30:19.384+0000] {logging_mixin.py:190} INFO - [2024-08-22T00:30:19.383+0000] {dagbag.py:587} INFO - Filling up the DagBag from /home/airflow/.local/lib/python3.12/site-packages/airflow/example_dags/example_dataset_alias_with_no_taskflow.py
[2024-08-22T00:30:19.671+0000] {processor.py:925} INFO - DAG(s) 'dataset_s3_bucket_consumer_with_no_taskflow', 'dataset_s3_bucket_producer_with_no_taskflow', 'dataset_alias_example_alias_consumer_with_no_taskflow', 'dataset_alias_example_alias_producer_with_no_taskflow' retrieved from /home/airflow/.local/lib/python3.12/site-packages/airflow/example_dags/example_dataset_alias_with_no_taskflow.py
[2024-08-22T00:30:19.713+0000] {logging_mixin.py:190} INFO - [2024-08-22T00:30:19.713+0000] {dag.py:3211} INFO - Sync 4 DAGs
[2024-08-22T00:30:19.759+0000] {logging_mixin.py:190} INFO - [2024-08-22T00:30:19.758+0000] {dag.py:4138} INFO - Setting next_dagrun for dataset_alias_example_alias_consumer_with_no_taskflow to None, run_after=None
[2024-08-22T00:30:19.768+0000] {logging_mixin.py:190} INFO - [2024-08-22T00:30:19.768+0000] {dag.py:4138} INFO - Setting next_dagrun for dataset_alias_example_alias_producer_with_no_taskflow to None, run_after=None
[2024-08-22T00:30:19.770+0000] {logging_mixin.py:190} INFO - [2024-08-22T00:30:19.770+0000] {dag.py:4138} INFO - Setting next_dagrun for dataset_s3_bucket_consumer_with_no_taskflow to None, run_after=None
[2024-08-22T00:30:19.774+0000] {logging_mixin.py:190} INFO - [2024-08-22T00:30:19.773+0000] {dag.py:4138} INFO - Setting next_dagrun for dataset_s3_bucket_producer_with_no_taskflow to None, run_after=None
[2024-08-22T00:30:19.816+0000] {processor.py:208} INFO - Processing /home/airflow/.local/lib/python3.12/site-packages/airflow/example_dags/example_dataset_alias_with_no_taskflow.py took 0.448 seconds
[2024-08-22T00:30:50.111+0000] {processor.py:186} INFO - Started process (PID=1295) to work on /home/airflow/.local/lib/python3.12/site-packages/airflow/example_dags/example_dataset_alias_with_no_taskflow.py
[2024-08-22T00:30:50.113+0000] {processor.py:914} INFO - Processing file /home/airflow/.local/lib/python3.12/site-packages/airflow/example_dags/example_dataset_alias_with_no_taskflow.py for tasks to queue
[2024-08-22T00:30:50.117+0000] {logging_mixin.py:190} INFO - [2024-08-22T00:30:50.116+0000] {dagbag.py:587} INFO - Filling up the DagBag from /home/airflow/.local/lib/python3.12/site-packages/airflow/example_dags/example_dataset_alias_with_no_taskflow.py
[2024-08-22T00:30:50.446+0000] {processor.py:925} INFO - DAG(s) 'dataset_alias_example_alias_producer_with_no_taskflow', 'dataset_s3_bucket_producer_with_no_taskflow', 'dataset_alias_example_alias_consumer_with_no_taskflow', 'dataset_s3_bucket_consumer_with_no_taskflow' retrieved from /home/airflow/.local/lib/python3.12/site-packages/airflow/example_dags/example_dataset_alias_with_no_taskflow.py
[2024-08-22T00:30:50.488+0000] {logging_mixin.py:190} INFO - [2024-08-22T00:30:50.488+0000] {dag.py:3211} INFO - Sync 4 DAGs
[2024-08-22T00:30:50.534+0000] {logging_mixin.py:190} INFO - [2024-08-22T00:30:50.534+0000] {dag.py:4138} INFO - Setting next_dagrun for dataset_alias_example_alias_consumer_with_no_taskflow to None, run_after=None
[2024-08-22T00:30:50.538+0000] {logging_mixin.py:190} INFO - [2024-08-22T00:30:50.538+0000] {dag.py:4138} INFO - Setting next_dagrun for dataset_alias_example_alias_producer_with_no_taskflow to None, run_after=None
[2024-08-22T00:30:50.541+0000] {logging_mixin.py:190} INFO - [2024-08-22T00:30:50.540+0000] {dag.py:4138} INFO - Setting next_dagrun for dataset_s3_bucket_consumer_with_no_taskflow to None, run_after=None
[2024-08-22T00:30:50.544+0000] {logging_mixin.py:190} INFO - [2024-08-22T00:30:50.544+0000] {dag.py:4138} INFO - Setting next_dagrun for dataset_s3_bucket_producer_with_no_taskflow to None, run_after=None
[2024-08-22T00:30:50.607+0000] {processor.py:208} INFO - Processing /home/airflow/.local/lib/python3.12/site-packages/airflow/example_dags/example_dataset_alias_with_no_taskflow.py took 0.508 seconds
[2024-08-22T00:31:20.768+0000] {processor.py:186} INFO - Started process (PID=1358) to work on /home/airflow/.local/lib/python3.12/site-packages/airflow/example_dags/example_dataset_alias_with_no_taskflow.py
[2024-08-22T00:31:20.769+0000] {processor.py:914} INFO - Processing file /home/airflow/.local/lib/python3.12/site-packages/airflow/example_dags/example_dataset_alias_with_no_taskflow.py for tasks to queue
[2024-08-22T00:31:20.773+0000] {logging_mixin.py:190} INFO - [2024-08-22T00:31:20.773+0000] {dagbag.py:587} INFO - Filling up the DagBag from /home/airflow/.local/lib/python3.12/site-packages/airflow/example_dags/example_dataset_alias_with_no_taskflow.py
[2024-08-22T00:31:21.030+0000] {processor.py:925} INFO - DAG(s) 'dataset_alias_example_alias_producer_with_no_taskflow', 'dataset_s3_bucket_consumer_with_no_taskflow', 'dataset_alias_example_alias_consumer_with_no_taskflow', 'dataset_s3_bucket_producer_with_no_taskflow' retrieved from /home/airflow/.local/lib/python3.12/site-packages/airflow/example_dags/example_dataset_alias_with_no_taskflow.py
[2024-08-22T00:31:21.066+0000] {logging_mixin.py:190} INFO - [2024-08-22T00:31:21.066+0000] {dag.py:3211} INFO - Sync 4 DAGs
[2024-08-22T00:31:21.104+0000] {logging_mixin.py:190} INFO - [2024-08-22T00:31:21.104+0000] {dag.py:4138} INFO - Setting next_dagrun for dataset_alias_example_alias_consumer_with_no_taskflow to None, run_after=None
[2024-08-22T00:31:21.108+0000] {logging_mixin.py:190} INFO - [2024-08-22T00:31:21.108+0000] {dag.py:4138} INFO - Setting next_dagrun for dataset_alias_example_alias_producer_with_no_taskflow to None, run_after=None
[2024-08-22T00:31:21.112+0000] {logging_mixin.py:190} INFO - [2024-08-22T00:31:21.111+0000] {dag.py:4138} INFO - Setting next_dagrun for dataset_s3_bucket_consumer_with_no_taskflow to None, run_after=None
[2024-08-22T00:31:21.114+0000] {logging_mixin.py:190} INFO - [2024-08-22T00:31:21.114+0000] {dag.py:4138} INFO - Setting next_dagrun for dataset_s3_bucket_producer_with_no_taskflow to None, run_after=None
[2024-08-22T00:31:21.161+0000] {processor.py:208} INFO - Processing /home/airflow/.local/lib/python3.12/site-packages/airflow/example_dags/example_dataset_alias_with_no_taskflow.py took 0.404 seconds
[2024-08-22T00:31:51.322+0000] {processor.py:186} INFO - Started process (PID=1422) to work on /home/airflow/.local/lib/python3.12/site-packages/airflow/example_dags/example_dataset_alias_with_no_taskflow.py
[2024-08-22T00:31:51.323+0000] {processor.py:914} INFO - Processing file /home/airflow/.local/lib/python3.12/site-packages/airflow/example_dags/example_dataset_alias_with_no_taskflow.py for tasks to queue
[2024-08-22T00:31:51.328+0000] {logging_mixin.py:190} INFO - [2024-08-22T00:31:51.327+0000] {dagbag.py:587} INFO - Filling up the DagBag from /home/airflow/.local/lib/python3.12/site-packages/airflow/example_dags/example_dataset_alias_with_no_taskflow.py
[2024-08-22T00:31:51.707+0000] {processor.py:925} INFO - DAG(s) 'dataset_alias_example_alias_producer_with_no_taskflow', 'dataset_s3_bucket_producer_with_no_taskflow', 'dataset_alias_example_alias_consumer_with_no_taskflow', 'dataset_s3_bucket_consumer_with_no_taskflow' retrieved from /home/airflow/.local/lib/python3.12/site-packages/airflow/example_dags/example_dataset_alias_with_no_taskflow.py
[2024-08-22T00:31:51.787+0000] {logging_mixin.py:190} INFO - [2024-08-22T00:31:51.786+0000] {dag.py:3211} INFO - Sync 4 DAGs
[2024-08-22T00:31:51.872+0000] {logging_mixin.py:190} INFO - [2024-08-22T00:31:51.871+0000] {dag.py:4138} INFO - Setting next_dagrun for dataset_alias_example_alias_consumer_with_no_taskflow to None, run_after=None
[2024-08-22T00:31:51.885+0000] {logging_mixin.py:190} INFO - [2024-08-22T00:31:51.885+0000] {dag.py:4138} INFO - Setting next_dagrun for dataset_alias_example_alias_producer_with_no_taskflow to None, run_after=None
[2024-08-22T00:31:51.890+0000] {logging_mixin.py:190} INFO - [2024-08-22T00:31:51.890+0000] {dag.py:4138} INFO - Setting next_dagrun for dataset_s3_bucket_consumer_with_no_taskflow to None, run_after=None
[2024-08-22T00:31:51.893+0000] {logging_mixin.py:190} INFO - [2024-08-22T00:31:51.893+0000] {dag.py:4138} INFO - Setting next_dagrun for dataset_s3_bucket_producer_with_no_taskflow to None, run_after=None
[2024-08-22T00:31:51.972+0000] {processor.py:208} INFO - Processing /home/airflow/.local/lib/python3.12/site-packages/airflow/example_dags/example_dataset_alias_with_no_taskflow.py took 0.659 seconds
[2024-08-22T00:32:22.344+0000] {processor.py:186} INFO - Started process (PID=1485) to work on /home/airflow/.local/lib/python3.12/site-packages/airflow/example_dags/example_dataset_alias_with_no_taskflow.py
[2024-08-22T00:32:22.346+0000] {processor.py:914} INFO - Processing file /home/airflow/.local/lib/python3.12/site-packages/airflow/example_dags/example_dataset_alias_with_no_taskflow.py for tasks to queue
[2024-08-22T00:32:22.350+0000] {logging_mixin.py:190} INFO - [2024-08-22T00:32:22.349+0000] {dagbag.py:587} INFO - Filling up the DagBag from /home/airflow/.local/lib/python3.12/site-packages/airflow/example_dags/example_dataset_alias_with_no_taskflow.py
[2024-08-22T00:32:22.672+0000] {processor.py:925} INFO - DAG(s) 'dataset_s3_bucket_producer_with_no_taskflow', 'dataset_alias_example_alias_consumer_with_no_taskflow', 'dataset_s3_bucket_consumer_with_no_taskflow', 'dataset_alias_example_alias_producer_with_no_taskflow' retrieved from /home/airflow/.local/lib/python3.12/site-packages/airflow/example_dags/example_dataset_alias_with_no_taskflow.py
[2024-08-22T00:32:22.736+0000] {logging_mixin.py:190} INFO - [2024-08-22T00:32:22.736+0000] {dag.py:3211} INFO - Sync 4 DAGs
[2024-08-22T00:32:22.777+0000] {logging_mixin.py:190} INFO - [2024-08-22T00:32:22.776+0000] {dag.py:4138} INFO - Setting next_dagrun for dataset_alias_example_alias_consumer_with_no_taskflow to None, run_after=None
[2024-08-22T00:32:22.782+0000] {logging_mixin.py:190} INFO - [2024-08-22T00:32:22.782+0000] {dag.py:4138} INFO - Setting next_dagrun for dataset_alias_example_alias_producer_with_no_taskflow to None, run_after=None
[2024-08-22T00:32:22.784+0000] {logging_mixin.py:190} INFO - [2024-08-22T00:32:22.784+0000] {dag.py:4138} INFO - Setting next_dagrun for dataset_s3_bucket_consumer_with_no_taskflow to None, run_after=None
[2024-08-22T00:32:22.787+0000] {logging_mixin.py:190} INFO - [2024-08-22T00:32:22.786+0000] {dag.py:4138} INFO - Setting next_dagrun for dataset_s3_bucket_producer_with_no_taskflow to None, run_after=None
[2024-08-22T00:32:22.992+0000] {processor.py:208} INFO - Processing /home/airflow/.local/lib/python3.12/site-packages/airflow/example_dags/example_dataset_alias_with_no_taskflow.py took 0.662 seconds
[2024-08-22T00:32:53.132+0000] {processor.py:186} INFO - Started process (PID=1548) to work on /home/airflow/.local/lib/python3.12/site-packages/airflow/example_dags/example_dataset_alias_with_no_taskflow.py
[2024-08-22T00:32:53.134+0000] {processor.py:914} INFO - Processing file /home/airflow/.local/lib/python3.12/site-packages/airflow/example_dags/example_dataset_alias_with_no_taskflow.py for tasks to queue
[2024-08-22T00:32:53.138+0000] {logging_mixin.py:190} INFO - [2024-08-22T00:32:53.138+0000] {dagbag.py:587} INFO - Filling up the DagBag from /home/airflow/.local/lib/python3.12/site-packages/airflow/example_dags/example_dataset_alias_with_no_taskflow.py
[2024-08-22T00:32:53.599+0000] {processor.py:925} INFO - DAG(s) 'dataset_s3_bucket_consumer_with_no_taskflow', 'dataset_alias_example_alias_consumer_with_no_taskflow', 'dataset_alias_example_alias_producer_with_no_taskflow', 'dataset_s3_bucket_producer_with_no_taskflow' retrieved from /home/airflow/.local/lib/python3.12/site-packages/airflow/example_dags/example_dataset_alias_with_no_taskflow.py
[2024-08-22T00:32:53.736+0000] {logging_mixin.py:190} INFO - [2024-08-22T00:32:53.735+0000] {dag.py:3211} INFO - Sync 4 DAGs
[2024-08-22T00:32:53.785+0000] {logging_mixin.py:190} INFO - [2024-08-22T00:32:53.785+0000] {dag.py:4138} INFO - Setting next_dagrun for dataset_alias_example_alias_consumer_with_no_taskflow to None, run_after=None
[2024-08-22T00:32:53.795+0000] {logging_mixin.py:190} INFO - [2024-08-22T00:32:53.795+0000] {dag.py:4138} INFO - Setting next_dagrun for dataset_alias_example_alias_producer_with_no_taskflow to None, run_after=None
[2024-08-22T00:32:53.802+0000] {logging_mixin.py:190} INFO - [2024-08-22T00:32:53.799+0000] {dag.py:4138} INFO - Setting next_dagrun for dataset_s3_bucket_consumer_with_no_taskflow to None, run_after=None
[2024-08-22T00:32:53.805+0000] {logging_mixin.py:190} INFO - [2024-08-22T00:32:53.805+0000] {dag.py:4138} INFO - Setting next_dagrun for dataset_s3_bucket_producer_with_no_taskflow to None, run_after=None
[2024-08-22T00:32:53.859+0000] {processor.py:208} INFO - Processing /home/airflow/.local/lib/python3.12/site-packages/airflow/example_dags/example_dataset_alias_with_no_taskflow.py took 0.738 seconds
[2024-08-22T00:33:29.493+0000] {processor.py:186} INFO - Started process (PID=1617) to work on /home/airflow/.local/lib/python3.12/site-packages/airflow/example_dags/example_dataset_alias_with_no_taskflow.py
[2024-08-22T00:33:29.496+0000] {processor.py:914} INFO - Processing file /home/airflow/.local/lib/python3.12/site-packages/airflow/example_dags/example_dataset_alias_with_no_taskflow.py for tasks to queue
[2024-08-22T00:33:29.500+0000] {logging_mixin.py:190} INFO - [2024-08-22T00:33:29.500+0000] {dagbag.py:587} INFO - Filling up the DagBag from /home/airflow/.local/lib/python3.12/site-packages/airflow/example_dags/example_dataset_alias_with_no_taskflow.py
[2024-08-22T00:33:29.820+0000] {processor.py:925} INFO - DAG(s) 'dataset_s3_bucket_consumer_with_no_taskflow', 'dataset_alias_example_alias_producer_with_no_taskflow', 'dataset_s3_bucket_producer_with_no_taskflow', 'dataset_alias_example_alias_consumer_with_no_taskflow' retrieved from /home/airflow/.local/lib/python3.12/site-packages/airflow/example_dags/example_dataset_alias_with_no_taskflow.py
[2024-08-22T00:33:29.886+0000] {logging_mixin.py:190} INFO - [2024-08-22T00:33:29.885+0000] {dag.py:3211} INFO - Sync 4 DAGs
[2024-08-22T00:33:29.930+0000] {logging_mixin.py:190} INFO - [2024-08-22T00:33:29.930+0000] {dag.py:4138} INFO - Setting next_dagrun for dataset_alias_example_alias_consumer_with_no_taskflow to None, run_after=None
[2024-08-22T00:33:29.937+0000] {logging_mixin.py:190} INFO - [2024-08-22T00:33:29.937+0000] {dag.py:4138} INFO - Setting next_dagrun for dataset_alias_example_alias_producer_with_no_taskflow to None, run_after=None
[2024-08-22T00:33:29.941+0000] {logging_mixin.py:190} INFO - [2024-08-22T00:33:29.940+0000] {dag.py:4138} INFO - Setting next_dagrun for dataset_s3_bucket_consumer_with_no_taskflow to None, run_after=None
[2024-08-22T00:33:29.944+0000] {logging_mixin.py:190} INFO - [2024-08-22T00:33:29.943+0000] {dag.py:4138} INFO - Setting next_dagrun for dataset_s3_bucket_producer_with_no_taskflow to None, run_after=None
[2024-08-22T00:33:30.007+0000] {processor.py:208} INFO - Processing /home/airflow/.local/lib/python3.12/site-packages/airflow/example_dags/example_dataset_alias_with_no_taskflow.py took 0.526 seconds
[2024-08-22T00:34:00.526+0000] {processor.py:186} INFO - Started process (PID=1680) to work on /home/airflow/.local/lib/python3.12/site-packages/airflow/example_dags/example_dataset_alias_with_no_taskflow.py
[2024-08-22T00:34:00.535+0000] {processor.py:914} INFO - Processing file /home/airflow/.local/lib/python3.12/site-packages/airflow/example_dags/example_dataset_alias_with_no_taskflow.py for tasks to queue
[2024-08-22T00:34:00.539+0000] {logging_mixin.py:190} INFO - [2024-08-22T00:34:00.539+0000] {dagbag.py:587} INFO - Filling up the DagBag from /home/airflow/.local/lib/python3.12/site-packages/airflow/example_dags/example_dataset_alias_with_no_taskflow.py
[2024-08-22T00:34:00.872+0000] {processor.py:925} INFO - DAG(s) 'dataset_alias_example_alias_consumer_with_no_taskflow', 'dataset_s3_bucket_producer_with_no_taskflow', 'dataset_s3_bucket_consumer_with_no_taskflow', 'dataset_alias_example_alias_producer_with_no_taskflow' retrieved from /home/airflow/.local/lib/python3.12/site-packages/airflow/example_dags/example_dataset_alias_with_no_taskflow.py
[2024-08-22T00:34:00.909+0000] {logging_mixin.py:190} INFO - [2024-08-22T00:34:00.909+0000] {dag.py:3211} INFO - Sync 4 DAGs
[2024-08-22T00:34:00.954+0000] {logging_mixin.py:190} INFO - [2024-08-22T00:34:00.954+0000] {dag.py:4138} INFO - Setting next_dagrun for dataset_alias_example_alias_consumer_with_no_taskflow to None, run_after=None
[2024-08-22T00:34:00.961+0000] {logging_mixin.py:190} INFO - [2024-08-22T00:34:00.960+0000] {dag.py:4138} INFO - Setting next_dagrun for dataset_alias_example_alias_producer_with_no_taskflow to None, run_after=None
[2024-08-22T00:34:00.966+0000] {logging_mixin.py:190} INFO - [2024-08-22T00:34:00.966+0000] {dag.py:4138} INFO - Setting next_dagrun for dataset_s3_bucket_consumer_with_no_taskflow to None, run_after=None
[2024-08-22T00:34:00.970+0000] {logging_mixin.py:190} INFO - [2024-08-22T00:34:00.969+0000] {dag.py:4138} INFO - Setting next_dagrun for dataset_s3_bucket_producer_with_no_taskflow to None, run_after=None
[2024-08-22T00:34:01.307+0000] {processor.py:208} INFO - Processing /home/airflow/.local/lib/python3.12/site-packages/airflow/example_dags/example_dataset_alias_with_no_taskflow.py took 0.798 seconds
[2024-08-22T00:34:31.852+0000] {processor.py:186} INFO - Started process (PID=1742) to work on /home/airflow/.local/lib/python3.12/site-packages/airflow/example_dags/example_dataset_alias_with_no_taskflow.py
[2024-08-22T00:34:31.865+0000] {processor.py:914} INFO - Processing file /home/airflow/.local/lib/python3.12/site-packages/airflow/example_dags/example_dataset_alias_with_no_taskflow.py for tasks to queue
[2024-08-22T00:34:31.879+0000] {logging_mixin.py:190} INFO - [2024-08-22T00:34:31.876+0000] {dagbag.py:587} INFO - Filling up the DagBag from /home/airflow/.local/lib/python3.12/site-packages/airflow/example_dags/example_dataset_alias_with_no_taskflow.py
[2024-08-22T00:34:32.255+0000] {processor.py:925} INFO - DAG(s) 'dataset_s3_bucket_consumer_with_no_taskflow', 'dataset_alias_example_alias_producer_with_no_taskflow', 'dataset_s3_bucket_producer_with_no_taskflow', 'dataset_alias_example_alias_consumer_with_no_taskflow' retrieved from /home/airflow/.local/lib/python3.12/site-packages/airflow/example_dags/example_dataset_alias_with_no_taskflow.py
[2024-08-22T00:34:32.303+0000] {logging_mixin.py:190} INFO - [2024-08-22T00:34:32.303+0000] {dag.py:3211} INFO - Sync 4 DAGs
[2024-08-22T00:34:32.349+0000] {logging_mixin.py:190} INFO - [2024-08-22T00:34:32.349+0000] {dag.py:4138} INFO - Setting next_dagrun for dataset_alias_example_alias_consumer_with_no_taskflow to None, run_after=None
[2024-08-22T00:34:32.353+0000] {logging_mixin.py:190} INFO - [2024-08-22T00:34:32.353+0000] {dag.py:4138} INFO - Setting next_dagrun for dataset_alias_example_alias_producer_with_no_taskflow to None, run_after=None
[2024-08-22T00:34:32.356+0000] {logging_mixin.py:190} INFO - [2024-08-22T00:34:32.356+0000] {dag.py:4138} INFO - Setting next_dagrun for dataset_s3_bucket_consumer_with_no_taskflow to None, run_after=None
[2024-08-22T00:34:32.358+0000] {logging_mixin.py:190} INFO - [2024-08-22T00:34:32.358+0000] {dag.py:4138} INFO - Setting next_dagrun for dataset_s3_bucket_producer_with_no_taskflow to None, run_after=None
[2024-08-22T00:34:32.421+0000] {processor.py:208} INFO - Processing /home/airflow/.local/lib/python3.12/site-packages/airflow/example_dags/example_dataset_alias_with_no_taskflow.py took 0.598 seconds
[2024-08-22T00:35:02.824+0000] {processor.py:186} INFO - Started process (PID=1806) to work on /home/airflow/.local/lib/python3.12/site-packages/airflow/example_dags/example_dataset_alias_with_no_taskflow.py
[2024-08-22T00:35:02.825+0000] {processor.py:914} INFO - Processing file /home/airflow/.local/lib/python3.12/site-packages/airflow/example_dags/example_dataset_alias_with_no_taskflow.py for tasks to queue
[2024-08-22T00:35:02.831+0000] {logging_mixin.py:190} INFO - [2024-08-22T00:35:02.830+0000] {dagbag.py:587} INFO - Filling up the DagBag from /home/airflow/.local/lib/python3.12/site-packages/airflow/example_dags/example_dataset_alias_with_no_taskflow.py
[2024-08-22T00:35:03.076+0000] {processor.py:925} INFO - DAG(s) 'dataset_alias_example_alias_producer_with_no_taskflow', 'dataset_alias_example_alias_consumer_with_no_taskflow', 'dataset_s3_bucket_producer_with_no_taskflow', 'dataset_s3_bucket_consumer_with_no_taskflow' retrieved from /home/airflow/.local/lib/python3.12/site-packages/airflow/example_dags/example_dataset_alias_with_no_taskflow.py
[2024-08-22T00:35:03.115+0000] {logging_mixin.py:190} INFO - [2024-08-22T00:35:03.115+0000] {dag.py:3211} INFO - Sync 4 DAGs
[2024-08-22T00:35:03.164+0000] {logging_mixin.py:190} INFO - [2024-08-22T00:35:03.163+0000] {dag.py:4138} INFO - Setting next_dagrun for dataset_alias_example_alias_consumer_with_no_taskflow to None, run_after=None
[2024-08-22T00:35:03.169+0000] {logging_mixin.py:190} INFO - [2024-08-22T00:35:03.168+0000] {dag.py:4138} INFO - Setting next_dagrun for dataset_alias_example_alias_producer_with_no_taskflow to None, run_after=None
[2024-08-22T00:35:03.171+0000] {logging_mixin.py:190} INFO - [2024-08-22T00:35:03.171+0000] {dag.py:4138} INFO - Setting next_dagrun for dataset_s3_bucket_consumer_with_no_taskflow to None, run_after=None
[2024-08-22T00:35:03.173+0000] {logging_mixin.py:190} INFO - [2024-08-22T00:35:03.173+0000] {dag.py:4138} INFO - Setting next_dagrun for dataset_s3_bucket_producer_with_no_taskflow to None, run_after=None
[2024-08-22T00:35:03.214+0000] {processor.py:208} INFO - Processing /home/airflow/.local/lib/python3.12/site-packages/airflow/example_dags/example_dataset_alias_with_no_taskflow.py took 0.398 seconds
[2024-08-22T00:35:33.481+0000] {processor.py:186} INFO - Started process (PID=1869) to work on /home/airflow/.local/lib/python3.12/site-packages/airflow/example_dags/example_dataset_alias_with_no_taskflow.py
[2024-08-22T00:35:33.483+0000] {processor.py:914} INFO - Processing file /home/airflow/.local/lib/python3.12/site-packages/airflow/example_dags/example_dataset_alias_with_no_taskflow.py for tasks to queue
[2024-08-22T00:35:33.486+0000] {logging_mixin.py:190} INFO - [2024-08-22T00:35:33.485+0000] {dagbag.py:587} INFO - Filling up the DagBag from /home/airflow/.local/lib/python3.12/site-packages/airflow/example_dags/example_dataset_alias_with_no_taskflow.py
[2024-08-22T00:35:33.884+0000] {processor.py:925} INFO - DAG(s) 'dataset_alias_example_alias_consumer_with_no_taskflow', 'dataset_alias_example_alias_producer_with_no_taskflow', 'dataset_s3_bucket_producer_with_no_taskflow', 'dataset_s3_bucket_consumer_with_no_taskflow' retrieved from /home/airflow/.local/lib/python3.12/site-packages/airflow/example_dags/example_dataset_alias_with_no_taskflow.py
[2024-08-22T00:35:33.959+0000] {logging_mixin.py:190} INFO - [2024-08-22T00:35:33.959+0000] {dag.py:3211} INFO - Sync 4 DAGs
[2024-08-22T00:35:34.010+0000] {logging_mixin.py:190} INFO - [2024-08-22T00:35:34.010+0000] {dag.py:4138} INFO - Setting next_dagrun for dataset_alias_example_alias_consumer_with_no_taskflow to None, run_after=None
[2024-08-22T00:35:34.015+0000] {logging_mixin.py:190} INFO - [2024-08-22T00:35:34.015+0000] {dag.py:4138} INFO - Setting next_dagrun for dataset_alias_example_alias_producer_with_no_taskflow to None, run_after=None
[2024-08-22T00:35:34.018+0000] {logging_mixin.py:190} INFO - [2024-08-22T00:35:34.018+0000] {dag.py:4138} INFO - Setting next_dagrun for dataset_s3_bucket_consumer_with_no_taskflow to None, run_after=None
[2024-08-22T00:35:34.021+0000] {logging_mixin.py:190} INFO - [2024-08-22T00:35:34.021+0000] {dag.py:4138} INFO - Setting next_dagrun for dataset_s3_bucket_producer_with_no_taskflow to None, run_after=None
[2024-08-22T00:35:34.066+0000] {processor.py:208} INFO - Processing /home/airflow/.local/lib/python3.12/site-packages/airflow/example_dags/example_dataset_alias_with_no_taskflow.py took 0.598 seconds
[2024-08-22T00:36:05.051+0000] {processor.py:186} INFO - Started process (PID=1931) to work on /home/airflow/.local/lib/python3.12/site-packages/airflow/example_dags/example_dataset_alias_with_no_taskflow.py
[2024-08-22T00:36:05.052+0000] {processor.py:914} INFO - Processing file /home/airflow/.local/lib/python3.12/site-packages/airflow/example_dags/example_dataset_alias_with_no_taskflow.py for tasks to queue
[2024-08-22T00:36:05.056+0000] {logging_mixin.py:190} INFO - [2024-08-22T00:36:05.055+0000] {dagbag.py:587} INFO - Filling up the DagBag from /home/airflow/.local/lib/python3.12/site-packages/airflow/example_dags/example_dataset_alias_with_no_taskflow.py
[2024-08-22T00:36:05.394+0000] {processor.py:925} INFO - DAG(s) 'dataset_alias_example_alias_consumer_with_no_taskflow', 'dataset_alias_example_alias_producer_with_no_taskflow', 'dataset_s3_bucket_producer_with_no_taskflow', 'dataset_s3_bucket_consumer_with_no_taskflow' retrieved from /home/airflow/.local/lib/python3.12/site-packages/airflow/example_dags/example_dataset_alias_with_no_taskflow.py
[2024-08-22T00:36:05.448+0000] {logging_mixin.py:190} INFO - [2024-08-22T00:36:05.445+0000] {dag.py:3211} INFO - Sync 4 DAGs
[2024-08-22T00:36:05.835+0000] {logging_mixin.py:190} INFO - [2024-08-22T00:36:05.834+0000] {dag.py:4138} INFO - Setting next_dagrun for dataset_alias_example_alias_consumer_with_no_taskflow to None, run_after=None
[2024-08-22T00:36:05.841+0000] {logging_mixin.py:190} INFO - [2024-08-22T00:36:05.841+0000] {dag.py:4138} INFO - Setting next_dagrun for dataset_alias_example_alias_producer_with_no_taskflow to None, run_after=None
[2024-08-22T00:36:05.845+0000] {logging_mixin.py:190} INFO - [2024-08-22T00:36:05.844+0000] {dag.py:4138} INFO - Setting next_dagrun for dataset_s3_bucket_consumer_with_no_taskflow to None, run_after=None
[2024-08-22T00:36:05.849+0000] {logging_mixin.py:190} INFO - [2024-08-22T00:36:05.849+0000] {dag.py:4138} INFO - Setting next_dagrun for dataset_s3_bucket_producer_with_no_taskflow to None, run_after=None
[2024-08-22T00:36:05.889+0000] {processor.py:208} INFO - Processing /home/airflow/.local/lib/python3.12/site-packages/airflow/example_dags/example_dataset_alias_with_no_taskflow.py took 0.850 seconds
[2024-08-22T00:36:35.957+0000] {processor.py:186} INFO - Started process (PID=1993) to work on /home/airflow/.local/lib/python3.12/site-packages/airflow/example_dags/example_dataset_alias_with_no_taskflow.py
[2024-08-22T00:36:35.959+0000] {processor.py:914} INFO - Processing file /home/airflow/.local/lib/python3.12/site-packages/airflow/example_dags/example_dataset_alias_with_no_taskflow.py for tasks to queue
[2024-08-22T00:36:35.964+0000] {logging_mixin.py:190} INFO - [2024-08-22T00:36:35.963+0000] {dagbag.py:587} INFO - Filling up the DagBag from /home/airflow/.local/lib/python3.12/site-packages/airflow/example_dags/example_dataset_alias_with_no_taskflow.py
[2024-08-22T00:36:36.235+0000] {processor.py:925} INFO - DAG(s) 'dataset_alias_example_alias_consumer_with_no_taskflow', 'dataset_s3_bucket_consumer_with_no_taskflow', 'dataset_alias_example_alias_producer_with_no_taskflow', 'dataset_s3_bucket_producer_with_no_taskflow' retrieved from /home/airflow/.local/lib/python3.12/site-packages/airflow/example_dags/example_dataset_alias_with_no_taskflow.py
[2024-08-22T00:36:36.298+0000] {logging_mixin.py:190} INFO - [2024-08-22T00:36:36.297+0000] {dag.py:3211} INFO - Sync 4 DAGs
[2024-08-22T00:36:36.700+0000] {logging_mixin.py:190} INFO - [2024-08-22T00:36:36.699+0000] {dag.py:4138} INFO - Setting next_dagrun for dataset_alias_example_alias_consumer_with_no_taskflow to None, run_after=None
[2024-08-22T00:36:36.704+0000] {logging_mixin.py:190} INFO - [2024-08-22T00:36:36.704+0000] {dag.py:4138} INFO - Setting next_dagrun for dataset_alias_example_alias_producer_with_no_taskflow to None, run_after=None
[2024-08-22T00:36:36.707+0000] {logging_mixin.py:190} INFO - [2024-08-22T00:36:36.706+0000] {dag.py:4138} INFO - Setting next_dagrun for dataset_s3_bucket_consumer_with_no_taskflow to None, run_after=None
[2024-08-22T00:36:36.709+0000] {logging_mixin.py:190} INFO - [2024-08-22T00:36:36.709+0000] {dag.py:4138} INFO - Setting next_dagrun for dataset_s3_bucket_producer_with_no_taskflow to None, run_after=None
[2024-08-22T00:36:36.766+0000] {processor.py:208} INFO - Processing /home/airflow/.local/lib/python3.12/site-packages/airflow/example_dags/example_dataset_alias_with_no_taskflow.py took 0.819 seconds
[2024-08-22T00:37:07.189+0000] {processor.py:186} INFO - Started process (PID=2056) to work on /home/airflow/.local/lib/python3.12/site-packages/airflow/example_dags/example_dataset_alias_with_no_taskflow.py
[2024-08-22T00:37:07.191+0000] {processor.py:914} INFO - Processing file /home/airflow/.local/lib/python3.12/site-packages/airflow/example_dags/example_dataset_alias_with_no_taskflow.py for tasks to queue
[2024-08-22T00:37:07.199+0000] {logging_mixin.py:190} INFO - [2024-08-22T00:37:07.198+0000] {dagbag.py:587} INFO - Filling up the DagBag from /home/airflow/.local/lib/python3.12/site-packages/airflow/example_dags/example_dataset_alias_with_no_taskflow.py
[2024-08-22T00:37:07.560+0000] {processor.py:925} INFO - DAG(s) 'dataset_alias_example_alias_consumer_with_no_taskflow', 'dataset_s3_bucket_producer_with_no_taskflow', 'dataset_alias_example_alias_producer_with_no_taskflow', 'dataset_s3_bucket_consumer_with_no_taskflow' retrieved from /home/airflow/.local/lib/python3.12/site-packages/airflow/example_dags/example_dataset_alias_with_no_taskflow.py
[2024-08-22T00:37:07.611+0000] {logging_mixin.py:190} INFO - [2024-08-22T00:37:07.610+0000] {dag.py:3211} INFO - Sync 4 DAGs
[2024-08-22T00:37:07.661+0000] {logging_mixin.py:190} INFO - [2024-08-22T00:37:07.660+0000] {dag.py:4138} INFO - Setting next_dagrun for dataset_alias_example_alias_consumer_with_no_taskflow to None, run_after=None
[2024-08-22T00:37:07.667+0000] {logging_mixin.py:190} INFO - [2024-08-22T00:37:07.667+0000] {dag.py:4138} INFO - Setting next_dagrun for dataset_alias_example_alias_producer_with_no_taskflow to None, run_after=None
[2024-08-22T00:37:07.669+0000] {logging_mixin.py:190} INFO - [2024-08-22T00:37:07.669+0000] {dag.py:4138} INFO - Setting next_dagrun for dataset_s3_bucket_consumer_with_no_taskflow to None, run_after=None
[2024-08-22T00:37:07.672+0000] {logging_mixin.py:190} INFO - [2024-08-22T00:37:07.671+0000] {dag.py:4138} INFO - Setting next_dagrun for dataset_s3_bucket_producer_with_no_taskflow to None, run_after=None
[2024-08-22T00:37:07.992+0000] {processor.py:208} INFO - Processing /home/airflow/.local/lib/python3.12/site-packages/airflow/example_dags/example_dataset_alias_with_no_taskflow.py took 0.814 seconds
[2024-08-22T00:37:38.586+0000] {processor.py:186} INFO - Started process (PID=2121) to work on /home/airflow/.local/lib/python3.12/site-packages/airflow/example_dags/example_dataset_alias_with_no_taskflow.py
[2024-08-22T00:37:38.588+0000] {processor.py:914} INFO - Processing file /home/airflow/.local/lib/python3.12/site-packages/airflow/example_dags/example_dataset_alias_with_no_taskflow.py for tasks to queue
[2024-08-22T00:37:38.591+0000] {logging_mixin.py:190} INFO - [2024-08-22T00:37:38.591+0000] {dagbag.py:587} INFO - Filling up the DagBag from /home/airflow/.local/lib/python3.12/site-packages/airflow/example_dags/example_dataset_alias_with_no_taskflow.py
[2024-08-22T00:37:39.369+0000] {processor.py:925} INFO - DAG(s) 'dataset_s3_bucket_producer_with_no_taskflow', 'dataset_alias_example_alias_producer_with_no_taskflow', 'dataset_alias_example_alias_consumer_with_no_taskflow', 'dataset_s3_bucket_consumer_with_no_taskflow' retrieved from /home/airflow/.local/lib/python3.12/site-packages/airflow/example_dags/example_dataset_alias_with_no_taskflow.py
[2024-08-22T00:37:39.417+0000] {logging_mixin.py:190} INFO - [2024-08-22T00:37:39.417+0000] {dag.py:3211} INFO - Sync 4 DAGs
[2024-08-22T00:37:39.480+0000] {logging_mixin.py:190} INFO - [2024-08-22T00:37:39.478+0000] {dag.py:4138} INFO - Setting next_dagrun for dataset_alias_example_alias_consumer_with_no_taskflow to None, run_after=None
[2024-08-22T00:37:39.489+0000] {logging_mixin.py:190} INFO - [2024-08-22T00:37:39.489+0000] {dag.py:4138} INFO - Setting next_dagrun for dataset_alias_example_alias_producer_with_no_taskflow to None, run_after=None
[2024-08-22T00:37:39.496+0000] {logging_mixin.py:190} INFO - [2024-08-22T00:37:39.495+0000] {dag.py:4138} INFO - Setting next_dagrun for dataset_s3_bucket_consumer_with_no_taskflow to None, run_after=None
[2024-08-22T00:37:39.500+0000] {logging_mixin.py:190} INFO - [2024-08-22T00:37:39.500+0000] {dag.py:4138} INFO - Setting next_dagrun for dataset_s3_bucket_producer_with_no_taskflow to None, run_after=None
[2024-08-22T00:37:39.584+0000] {processor.py:208} INFO - Processing /home/airflow/.local/lib/python3.12/site-packages/airflow/example_dags/example_dataset_alias_with_no_taskflow.py took 1.012 seconds
[2024-08-22T00:38:10.055+0000] {processor.py:186} INFO - Started process (PID=2186) to work on /home/airflow/.local/lib/python3.12/site-packages/airflow/example_dags/example_dataset_alias_with_no_taskflow.py
[2024-08-22T00:38:10.056+0000] {processor.py:914} INFO - Processing file /home/airflow/.local/lib/python3.12/site-packages/airflow/example_dags/example_dataset_alias_with_no_taskflow.py for tasks to queue
[2024-08-22T00:38:10.060+0000] {logging_mixin.py:190} INFO - [2024-08-22T00:38:10.059+0000] {dagbag.py:587} INFO - Filling up the DagBag from /home/airflow/.local/lib/python3.12/site-packages/airflow/example_dags/example_dataset_alias_with_no_taskflow.py
[2024-08-22T00:38:10.444+0000] {processor.py:925} INFO - DAG(s) 'dataset_s3_bucket_consumer_with_no_taskflow', 'dataset_alias_example_alias_producer_with_no_taskflow', 'dataset_alias_example_alias_consumer_with_no_taskflow', 'dataset_s3_bucket_producer_with_no_taskflow' retrieved from /home/airflow/.local/lib/python3.12/site-packages/airflow/example_dags/example_dataset_alias_with_no_taskflow.py
[2024-08-22T00:38:10.497+0000] {logging_mixin.py:190} INFO - [2024-08-22T00:38:10.496+0000] {dag.py:3211} INFO - Sync 4 DAGs
[2024-08-22T00:38:10.974+0000] {logging_mixin.py:190} INFO - [2024-08-22T00:38:10.973+0000] {dag.py:4138} INFO - Setting next_dagrun for dataset_alias_example_alias_consumer_with_no_taskflow to None, run_after=None
[2024-08-22T00:38:10.981+0000] {logging_mixin.py:190} INFO - [2024-08-22T00:38:10.978+0000] {dag.py:4138} INFO - Setting next_dagrun for dataset_alias_example_alias_producer_with_no_taskflow to None, run_after=None
[2024-08-22T00:38:10.986+0000] {logging_mixin.py:190} INFO - [2024-08-22T00:38:10.986+0000] {dag.py:4138} INFO - Setting next_dagrun for dataset_s3_bucket_consumer_with_no_taskflow to None, run_after=None
[2024-08-22T00:38:10.988+0000] {logging_mixin.py:190} INFO - [2024-08-22T00:38:10.988+0000] {dag.py:4138} INFO - Setting next_dagrun for dataset_s3_bucket_producer_with_no_taskflow to None, run_after=None
[2024-08-22T00:38:11.032+0000] {processor.py:208} INFO - Processing /home/airflow/.local/lib/python3.12/site-packages/airflow/example_dags/example_dataset_alias_with_no_taskflow.py took 0.990 seconds
[2024-08-22T00:38:42.126+0000] {processor.py:186} INFO - Started process (PID=2251) to work on /home/airflow/.local/lib/python3.12/site-packages/airflow/example_dags/example_dataset_alias_with_no_taskflow.py
[2024-08-22T00:38:42.128+0000] {processor.py:914} INFO - Processing file /home/airflow/.local/lib/python3.12/site-packages/airflow/example_dags/example_dataset_alias_with_no_taskflow.py for tasks to queue
[2024-08-22T00:38:42.141+0000] {logging_mixin.py:190} INFO - [2024-08-22T00:38:42.140+0000] {dagbag.py:587} INFO - Filling up the DagBag from /home/airflow/.local/lib/python3.12/site-packages/airflow/example_dags/example_dataset_alias_with_no_taskflow.py
[2024-08-22T00:38:43.061+0000] {processor.py:925} INFO - DAG(s) 'dataset_alias_example_alias_producer_with_no_taskflow', 'dataset_s3_bucket_producer_with_no_taskflow', 'dataset_alias_example_alias_consumer_with_no_taskflow', 'dataset_s3_bucket_consumer_with_no_taskflow' retrieved from /home/airflow/.local/lib/python3.12/site-packages/airflow/example_dags/example_dataset_alias_with_no_taskflow.py
[2024-08-22T00:38:43.124+0000] {logging_mixin.py:190} INFO - [2024-08-22T00:38:43.123+0000] {dag.py:3211} INFO - Sync 4 DAGs
[2024-08-22T00:38:43.189+0000] {logging_mixin.py:190} INFO - [2024-08-22T00:38:43.188+0000] {dag.py:4138} INFO - Setting next_dagrun for dataset_alias_example_alias_consumer_with_no_taskflow to None, run_after=None
[2024-08-22T00:38:43.199+0000] {logging_mixin.py:190} INFO - [2024-08-22T00:38:43.199+0000] {dag.py:4138} INFO - Setting next_dagrun for dataset_alias_example_alias_producer_with_no_taskflow to None, run_after=None
[2024-08-22T00:38:43.204+0000] {logging_mixin.py:190} INFO - [2024-08-22T00:38:43.204+0000] {dag.py:4138} INFO - Setting next_dagrun for dataset_s3_bucket_consumer_with_no_taskflow to None, run_after=None
[2024-08-22T00:38:43.207+0000] {logging_mixin.py:190} INFO - [2024-08-22T00:38:43.207+0000] {dag.py:4138} INFO - Setting next_dagrun for dataset_s3_bucket_producer_with_no_taskflow to None, run_after=None
[2024-08-22T00:38:43.272+0000] {processor.py:208} INFO - Processing /home/airflow/.local/lib/python3.12/site-packages/airflow/example_dags/example_dataset_alias_with_no_taskflow.py took 1.177 seconds
[2024-08-22T00:39:16.421+0000] {processor.py:186} INFO - Started process (PID=2316) to work on /home/airflow/.local/lib/python3.12/site-packages/airflow/example_dags/example_dataset_alias_with_no_taskflow.py
[2024-08-22T00:39:16.423+0000] {processor.py:914} INFO - Processing file /home/airflow/.local/lib/python3.12/site-packages/airflow/example_dags/example_dataset_alias_with_no_taskflow.py for tasks to queue
[2024-08-22T00:39:16.427+0000] {logging_mixin.py:190} INFO - [2024-08-22T00:39:16.426+0000] {dagbag.py:587} INFO - Filling up the DagBag from /home/airflow/.local/lib/python3.12/site-packages/airflow/example_dags/example_dataset_alias_with_no_taskflow.py
[2024-08-22T00:39:16.983+0000] {processor.py:925} INFO - DAG(s) 'dataset_alias_example_alias_producer_with_no_taskflow', 'dataset_s3_bucket_producer_with_no_taskflow', 'dataset_s3_bucket_consumer_with_no_taskflow', 'dataset_alias_example_alias_consumer_with_no_taskflow' retrieved from /home/airflow/.local/lib/python3.12/site-packages/airflow/example_dags/example_dataset_alias_with_no_taskflow.py
[2024-08-22T00:39:17.021+0000] {logging_mixin.py:190} INFO - [2024-08-22T00:39:17.021+0000] {dag.py:3211} INFO - Sync 4 DAGs
[2024-08-22T00:39:17.058+0000] {logging_mixin.py:190} INFO - [2024-08-22T00:39:17.058+0000] {dag.py:4138} INFO - Setting next_dagrun for dataset_alias_example_alias_consumer_with_no_taskflow to None, run_after=None
[2024-08-22T00:39:17.063+0000] {logging_mixin.py:190} INFO - [2024-08-22T00:39:17.063+0000] {dag.py:4138} INFO - Setting next_dagrun for dataset_alias_example_alias_producer_with_no_taskflow to None, run_after=None
[2024-08-22T00:39:17.069+0000] {logging_mixin.py:190} INFO - [2024-08-22T00:39:17.069+0000] {dag.py:4138} INFO - Setting next_dagrun for dataset_s3_bucket_consumer_with_no_taskflow to None, run_after=None
[2024-08-22T00:39:17.071+0000] {logging_mixin.py:190} INFO - [2024-08-22T00:39:17.071+0000] {dag.py:4138} INFO - Setting next_dagrun for dataset_s3_bucket_producer_with_no_taskflow to None, run_after=None
[2024-08-22T00:39:17.112+0000] {processor.py:208} INFO - Processing /home/airflow/.local/lib/python3.12/site-packages/airflow/example_dags/example_dataset_alias_with_no_taskflow.py took 0.707 seconds
[2024-08-22T00:39:48.042+0000] {processor.py:186} INFO - Started process (PID=2381) to work on /home/airflow/.local/lib/python3.12/site-packages/airflow/example_dags/example_dataset_alias_with_no_taskflow.py
[2024-08-22T00:39:48.044+0000] {processor.py:914} INFO - Processing file /home/airflow/.local/lib/python3.12/site-packages/airflow/example_dags/example_dataset_alias_with_no_taskflow.py for tasks to queue
[2024-08-22T00:39:48.049+0000] {logging_mixin.py:190} INFO - [2024-08-22T00:39:48.049+0000] {dagbag.py:587} INFO - Filling up the DagBag from /home/airflow/.local/lib/python3.12/site-packages/airflow/example_dags/example_dataset_alias_with_no_taskflow.py
[2024-08-22T00:39:48.540+0000] {processor.py:925} INFO - DAG(s) 'dataset_alias_example_alias_producer_with_no_taskflow', 'dataset_s3_bucket_producer_with_no_taskflow', 'dataset_alias_example_alias_consumer_with_no_taskflow', 'dataset_s3_bucket_consumer_with_no_taskflow' retrieved from /home/airflow/.local/lib/python3.12/site-packages/airflow/example_dags/example_dataset_alias_with_no_taskflow.py
[2024-08-22T00:39:48.575+0000] {logging_mixin.py:190} INFO - [2024-08-22T00:39:48.575+0000] {dag.py:3211} INFO - Sync 4 DAGs
[2024-08-22T00:39:48.613+0000] {logging_mixin.py:190} INFO - [2024-08-22T00:39:48.613+0000] {dag.py:4138} INFO - Setting next_dagrun for dataset_alias_example_alias_consumer_with_no_taskflow to None, run_after=None
[2024-08-22T00:39:48.617+0000] {logging_mixin.py:190} INFO - [2024-08-22T00:39:48.617+0000] {dag.py:4138} INFO - Setting next_dagrun for dataset_alias_example_alias_producer_with_no_taskflow to None, run_after=None
[2024-08-22T00:39:48.620+0000] {logging_mixin.py:190} INFO - [2024-08-22T00:39:48.620+0000] {dag.py:4138} INFO - Setting next_dagrun for dataset_s3_bucket_consumer_with_no_taskflow to None, run_after=None
[2024-08-22T00:39:48.623+0000] {logging_mixin.py:190} INFO - [2024-08-22T00:39:48.623+0000] {dag.py:4138} INFO - Setting next_dagrun for dataset_s3_bucket_producer_with_no_taskflow to None, run_after=None
[2024-08-22T00:39:48.660+0000] {processor.py:208} INFO - Processing /home/airflow/.local/lib/python3.12/site-packages/airflow/example_dags/example_dataset_alias_with_no_taskflow.py took 0.627 seconds
[2024-08-22T00:40:19.376+0000] {processor.py:186} INFO - Started process (PID=2444) to work on /home/airflow/.local/lib/python3.12/site-packages/airflow/example_dags/example_dataset_alias_with_no_taskflow.py
[2024-08-22T00:40:19.377+0000] {processor.py:914} INFO - Processing file /home/airflow/.local/lib/python3.12/site-packages/airflow/example_dags/example_dataset_alias_with_no_taskflow.py for tasks to queue
[2024-08-22T00:40:19.382+0000] {logging_mixin.py:190} INFO - [2024-08-22T00:40:19.382+0000] {dagbag.py:587} INFO - Filling up the DagBag from /home/airflow/.local/lib/python3.12/site-packages/airflow/example_dags/example_dataset_alias_with_no_taskflow.py
[2024-08-22T00:40:19.981+0000] {processor.py:925} INFO - DAG(s) 'dataset_alias_example_alias_consumer_with_no_taskflow', 'dataset_s3_bucket_producer_with_no_taskflow', 'dataset_s3_bucket_consumer_with_no_taskflow', 'dataset_alias_example_alias_producer_with_no_taskflow' retrieved from /home/airflow/.local/lib/python3.12/site-packages/airflow/example_dags/example_dataset_alias_with_no_taskflow.py
[2024-08-22T00:40:20.011+0000] {logging_mixin.py:190} INFO - [2024-08-22T00:40:20.011+0000] {dag.py:3211} INFO - Sync 4 DAGs
[2024-08-22T00:40:20.045+0000] {logging_mixin.py:190} INFO - [2024-08-22T00:40:20.044+0000] {dag.py:4138} INFO - Setting next_dagrun for dataset_alias_example_alias_consumer_with_no_taskflow to None, run_after=None
[2024-08-22T00:40:20.051+0000] {logging_mixin.py:190} INFO - [2024-08-22T00:40:20.050+0000] {dag.py:4138} INFO - Setting next_dagrun for dataset_alias_example_alias_producer_with_no_taskflow to None, run_after=None
[2024-08-22T00:40:20.053+0000] {logging_mixin.py:190} INFO - [2024-08-22T00:40:20.053+0000] {dag.py:4138} INFO - Setting next_dagrun for dataset_s3_bucket_consumer_with_no_taskflow to None, run_after=None
[2024-08-22T00:40:20.056+0000] {logging_mixin.py:190} INFO - [2024-08-22T00:40:20.055+0000] {dag.py:4138} INFO - Setting next_dagrun for dataset_s3_bucket_producer_with_no_taskflow to None, run_after=None
[2024-08-22T00:40:20.228+0000] {processor.py:208} INFO - Processing /home/airflow/.local/lib/python3.12/site-packages/airflow/example_dags/example_dataset_alias_with_no_taskflow.py took 0.860 seconds
[2024-08-22T00:40:50.884+0000] {processor.py:186} INFO - Started process (PID=2507) to work on /home/airflow/.local/lib/python3.12/site-packages/airflow/example_dags/example_dataset_alias_with_no_taskflow.py
[2024-08-22T00:40:50.886+0000] {processor.py:914} INFO - Processing file /home/airflow/.local/lib/python3.12/site-packages/airflow/example_dags/example_dataset_alias_with_no_taskflow.py for tasks to queue
[2024-08-22T00:40:50.892+0000] {logging_mixin.py:190} INFO - [2024-08-22T00:40:50.891+0000] {dagbag.py:587} INFO - Filling up the DagBag from /home/airflow/.local/lib/python3.12/site-packages/airflow/example_dags/example_dataset_alias_with_no_taskflow.py
[2024-08-22T00:40:51.392+0000] {processor.py:925} INFO - DAG(s) 'dataset_alias_example_alias_producer_with_no_taskflow', 'dataset_s3_bucket_producer_with_no_taskflow', 'dataset_alias_example_alias_consumer_with_no_taskflow', 'dataset_s3_bucket_consumer_with_no_taskflow' retrieved from /home/airflow/.local/lib/python3.12/site-packages/airflow/example_dags/example_dataset_alias_with_no_taskflow.py
[2024-08-22T00:40:51.432+0000] {logging_mixin.py:190} INFO - [2024-08-22T00:40:51.432+0000] {dag.py:3211} INFO - Sync 4 DAGs
[2024-08-22T00:40:51.464+0000] {logging_mixin.py:190} INFO - [2024-08-22T00:40:51.464+0000] {dag.py:4138} INFO - Setting next_dagrun for dataset_alias_example_alias_consumer_with_no_taskflow to None, run_after=None
[2024-08-22T00:40:51.468+0000] {logging_mixin.py:190} INFO - [2024-08-22T00:40:51.467+0000] {dag.py:4138} INFO - Setting next_dagrun for dataset_alias_example_alias_producer_with_no_taskflow to None, run_after=None
[2024-08-22T00:40:51.470+0000] {logging_mixin.py:190} INFO - [2024-08-22T00:40:51.469+0000] {dag.py:4138} INFO - Setting next_dagrun for dataset_s3_bucket_consumer_with_no_taskflow to None, run_after=None
[2024-08-22T00:40:51.472+0000] {logging_mixin.py:190} INFO - [2024-08-22T00:40:51.472+0000] {dag.py:4138} INFO - Setting next_dagrun for dataset_s3_bucket_producer_with_no_taskflow to None, run_after=None
[2024-08-22T00:40:51.525+0000] {processor.py:208} INFO - Processing /home/airflow/.local/lib/python3.12/site-packages/airflow/example_dags/example_dataset_alias_with_no_taskflow.py took 0.654 seconds
[2024-08-22T00:41:22.025+0000] {processor.py:186} INFO - Started process (PID=2571) to work on /home/airflow/.local/lib/python3.12/site-packages/airflow/example_dags/example_dataset_alias_with_no_taskflow.py
[2024-08-22T00:41:22.026+0000] {processor.py:914} INFO - Processing file /home/airflow/.local/lib/python3.12/site-packages/airflow/example_dags/example_dataset_alias_with_no_taskflow.py for tasks to queue
[2024-08-22T00:41:22.039+0000] {logging_mixin.py:190} INFO - [2024-08-22T00:41:22.038+0000] {dagbag.py:587} INFO - Filling up the DagBag from /home/airflow/.local/lib/python3.12/site-packages/airflow/example_dags/example_dataset_alias_with_no_taskflow.py
[2024-08-22T00:41:22.769+0000] {processor.py:925} INFO - DAG(s) 'dataset_alias_example_alias_consumer_with_no_taskflow', 'dataset_s3_bucket_producer_with_no_taskflow', 'dataset_alias_example_alias_producer_with_no_taskflow', 'dataset_s3_bucket_consumer_with_no_taskflow' retrieved from /home/airflow/.local/lib/python3.12/site-packages/airflow/example_dags/example_dataset_alias_with_no_taskflow.py
[2024-08-22T00:41:22.806+0000] {logging_mixin.py:190} INFO - [2024-08-22T00:41:22.805+0000] {dag.py:3211} INFO - Sync 4 DAGs
[2024-08-22T00:41:22.844+0000] {logging_mixin.py:190} INFO - [2024-08-22T00:41:22.844+0000] {dag.py:4138} INFO - Setting next_dagrun for dataset_alias_example_alias_consumer_with_no_taskflow to None, run_after=None
[2024-08-22T00:41:22.849+0000] {logging_mixin.py:190} INFO - [2024-08-22T00:41:22.848+0000] {dag.py:4138} INFO - Setting next_dagrun for dataset_alias_example_alias_producer_with_no_taskflow to None, run_after=None
[2024-08-22T00:41:22.852+0000] {logging_mixin.py:190} INFO - [2024-08-22T00:41:22.851+0000] {dag.py:4138} INFO - Setting next_dagrun for dataset_s3_bucket_consumer_with_no_taskflow to None, run_after=None
[2024-08-22T00:41:22.855+0000] {logging_mixin.py:190} INFO - [2024-08-22T00:41:22.854+0000] {dag.py:4138} INFO - Setting next_dagrun for dataset_s3_bucket_producer_with_no_taskflow to None, run_after=None
[2024-08-22T00:41:22.895+0000] {processor.py:208} INFO - Processing /home/airflow/.local/lib/python3.12/site-packages/airflow/example_dags/example_dataset_alias_with_no_taskflow.py took 0.880 seconds
[2024-08-22T00:41:53.535+0000] {processor.py:186} INFO - Started process (PID=2635) to work on /home/airflow/.local/lib/python3.12/site-packages/airflow/example_dags/example_dataset_alias_with_no_taskflow.py
[2024-08-22T00:41:53.537+0000] {processor.py:914} INFO - Processing file /home/airflow/.local/lib/python3.12/site-packages/airflow/example_dags/example_dataset_alias_with_no_taskflow.py for tasks to queue
[2024-08-22T00:41:53.541+0000] {logging_mixin.py:190} INFO - [2024-08-22T00:41:53.540+0000] {dagbag.py:587} INFO - Filling up the DagBag from /home/airflow/.local/lib/python3.12/site-packages/airflow/example_dags/example_dataset_alias_with_no_taskflow.py
[2024-08-22T00:41:54.161+0000] {processor.py:925} INFO - DAG(s) 'dataset_s3_bucket_producer_with_no_taskflow', 'dataset_s3_bucket_consumer_with_no_taskflow', 'dataset_alias_example_alias_producer_with_no_taskflow', 'dataset_alias_example_alias_consumer_with_no_taskflow' retrieved from /home/airflow/.local/lib/python3.12/site-packages/airflow/example_dags/example_dataset_alias_with_no_taskflow.py
[2024-08-22T00:41:54.213+0000] {logging_mixin.py:190} INFO - [2024-08-22T00:41:54.213+0000] {dag.py:3211} INFO - Sync 4 DAGs
[2024-08-22T00:41:54.270+0000] {logging_mixin.py:190} INFO - [2024-08-22T00:41:54.269+0000] {dag.py:4138} INFO - Setting next_dagrun for dataset_alias_example_alias_consumer_with_no_taskflow to None, run_after=None
[2024-08-22T00:41:54.275+0000] {logging_mixin.py:190} INFO - [2024-08-22T00:41:54.274+0000] {dag.py:4138} INFO - Setting next_dagrun for dataset_alias_example_alias_producer_with_no_taskflow to None, run_after=None
[2024-08-22T00:41:54.277+0000] {logging_mixin.py:190} INFO - [2024-08-22T00:41:54.277+0000] {dag.py:4138} INFO - Setting next_dagrun for dataset_s3_bucket_consumer_with_no_taskflow to None, run_after=None
[2024-08-22T00:41:54.282+0000] {logging_mixin.py:190} INFO - [2024-08-22T00:41:54.281+0000] {dag.py:4138} INFO - Setting next_dagrun for dataset_s3_bucket_producer_with_no_taskflow to None, run_after=None
[2024-08-22T00:41:54.350+0000] {processor.py:208} INFO - Processing /home/airflow/.local/lib/python3.12/site-packages/airflow/example_dags/example_dataset_alias_with_no_taskflow.py took 0.825 seconds
[2024-08-22T00:42:25.275+0000] {processor.py:186} INFO - Started process (PID=2699) to work on /home/airflow/.local/lib/python3.12/site-packages/airflow/example_dags/example_dataset_alias_with_no_taskflow.py
[2024-08-22T00:42:25.276+0000] {processor.py:914} INFO - Processing file /home/airflow/.local/lib/python3.12/site-packages/airflow/example_dags/example_dataset_alias_with_no_taskflow.py for tasks to queue
[2024-08-22T00:42:25.282+0000] {logging_mixin.py:190} INFO - [2024-08-22T00:42:25.281+0000] {dagbag.py:587} INFO - Filling up the DagBag from /home/airflow/.local/lib/python3.12/site-packages/airflow/example_dags/example_dataset_alias_with_no_taskflow.py
[2024-08-22T00:42:25.781+0000] {processor.py:925} INFO - DAG(s) 'dataset_alias_example_alias_producer_with_no_taskflow', 'dataset_s3_bucket_consumer_with_no_taskflow', 'dataset_alias_example_alias_consumer_with_no_taskflow', 'dataset_s3_bucket_producer_with_no_taskflow' retrieved from /home/airflow/.local/lib/python3.12/site-packages/airflow/example_dags/example_dataset_alias_with_no_taskflow.py
[2024-08-22T00:42:25.814+0000] {logging_mixin.py:190} INFO - [2024-08-22T00:42:25.814+0000] {dag.py:3211} INFO - Sync 4 DAGs
[2024-08-22T00:42:25.865+0000] {logging_mixin.py:190} INFO - [2024-08-22T00:42:25.864+0000] {dag.py:4138} INFO - Setting next_dagrun for dataset_alias_example_alias_consumer_with_no_taskflow to None, run_after=None
[2024-08-22T00:42:25.869+0000] {logging_mixin.py:190} INFO - [2024-08-22T00:42:25.869+0000] {dag.py:4138} INFO - Setting next_dagrun for dataset_alias_example_alias_producer_with_no_taskflow to None, run_after=None
[2024-08-22T00:42:25.872+0000] {logging_mixin.py:190} INFO - [2024-08-22T00:42:25.871+0000] {dag.py:4138} INFO - Setting next_dagrun for dataset_s3_bucket_consumer_with_no_taskflow to None, run_after=None
[2024-08-22T00:42:25.874+0000] {logging_mixin.py:190} INFO - [2024-08-22T00:42:25.874+0000] {dag.py:4138} INFO - Setting next_dagrun for dataset_s3_bucket_producer_with_no_taskflow to None, run_after=None
[2024-08-22T00:42:25.914+0000] {processor.py:208} INFO - Processing /home/airflow/.local/lib/python3.12/site-packages/airflow/example_dags/example_dataset_alias_with_no_taskflow.py took 0.650 seconds
[2024-08-22T03:42:55.142+0000] {processor.py:186} INFO - Started process (PID=2765) to work on /home/airflow/.local/lib/python3.12/site-packages/airflow/example_dags/example_dataset_alias_with_no_taskflow.py
[2024-08-22T03:42:55.144+0000] {processor.py:914} INFO - Processing file /home/airflow/.local/lib/python3.12/site-packages/airflow/example_dags/example_dataset_alias_with_no_taskflow.py for tasks to queue
[2024-08-22T03:42:55.147+0000] {logging_mixin.py:190} INFO - [2024-08-22T03:42:55.146+0000] {dagbag.py:587} INFO - Filling up the DagBag from /home/airflow/.local/lib/python3.12/site-packages/airflow/example_dags/example_dataset_alias_with_no_taskflow.py
[2024-08-22T03:42:56.928+0000] {processor.py:925} INFO - DAG(s) 'dataset_alias_example_alias_consumer_with_no_taskflow', 'dataset_alias_example_alias_producer_with_no_taskflow', 'dataset_s3_bucket_producer_with_no_taskflow', 'dataset_s3_bucket_consumer_with_no_taskflow' retrieved from /home/airflow/.local/lib/python3.12/site-packages/airflow/example_dags/example_dataset_alias_with_no_taskflow.py
[2024-08-22T03:42:56.986+0000] {logging_mixin.py:190} INFO - [2024-08-22T03:42:56.985+0000] {dag.py:3211} INFO - Sync 4 DAGs
[2024-08-22T03:42:57.030+0000] {logging_mixin.py:190} INFO - [2024-08-22T03:42:57.030+0000] {dag.py:4138} INFO - Setting next_dagrun for dataset_alias_example_alias_consumer_with_no_taskflow to None, run_after=None
[2024-08-22T03:42:57.035+0000] {logging_mixin.py:190} INFO - [2024-08-22T03:42:57.035+0000] {dag.py:4138} INFO - Setting next_dagrun for dataset_alias_example_alias_producer_with_no_taskflow to None, run_after=None
[2024-08-22T03:42:57.038+0000] {logging_mixin.py:190} INFO - [2024-08-22T03:42:57.038+0000] {dag.py:4138} INFO - Setting next_dagrun for dataset_s3_bucket_consumer_with_no_taskflow to None, run_after=None
[2024-08-22T03:42:57.041+0000] {logging_mixin.py:190} INFO - [2024-08-22T03:42:57.040+0000] {dag.py:4138} INFO - Setting next_dagrun for dataset_s3_bucket_producer_with_no_taskflow to None, run_after=None
[2024-08-22T03:42:57.128+0000] {processor.py:208} INFO - Processing /home/airflow/.local/lib/python3.12/site-packages/airflow/example_dags/example_dataset_alias_with_no_taskflow.py took 1.999 seconds
