[2024-08-22T00:20:09.099+0000] {processor.py:186} INFO - Started process (PID=87) to work on /home/airflow/.local/lib/python3.12/site-packages/airflow/example_dags/example_python_decorator.py
[2024-08-22T00:20:09.107+0000] {processor.py:914} INFO - Processing file /home/airflow/.local/lib/python3.12/site-packages/airflow/example_dags/example_python_decorator.py for tasks to queue
[2024-08-22T00:20:09.143+0000] {logging_mixin.py:190} INFO - [2024-08-22T00:20:09.126+0000] {dagbag.py:587} INFO - Filling up the DagBag from /home/airflow/.local/lib/python3.12/site-packages/airflow/example_dags/example_python_decorator.py
[2024-08-22T00:20:09.299+0000] {processor.py:925} INFO - DAG(s) 'example_python_decorator' retrieved from /home/airflow/.local/lib/python3.12/site-packages/airflow/example_dags/example_python_decorator.py
[2024-08-22T00:20:10.879+0000] {logging_mixin.py:190} INFO - [2024-08-22T00:20:10.877+0000] {override.py:1858} INFO - Created Permission View: can read on DAG:example_python_decorator
[2024-08-22T00:20:11.080+0000] {logging_mixin.py:190} INFO - [2024-08-22T00:20:11.080+0000] {override.py:1858} INFO - Created Permission View: can delete on DAG:example_python_decorator
[2024-08-22T00:20:11.162+0000] {logging_mixin.py:190} INFO - [2024-08-22T00:20:11.158+0000] {override.py:1858} INFO - Created Permission View: can edit on DAG:example_python_decorator
[2024-08-22T00:20:11.164+0000] {logging_mixin.py:190} INFO - [2024-08-22T00:20:11.164+0000] {dag.py:3211} INFO - Sync 1 DAGs
[2024-08-22T00:20:11.317+0000] {logging_mixin.py:190} INFO - [2024-08-22T00:20:11.316+0000] {dag.py:3234} INFO - Creating ORM DAG for example_python_decorator
[2024-08-22T00:20:11.335+0000] {logging_mixin.py:190} INFO - [2024-08-22T00:20:11.334+0000] {dag.py:4138} INFO - Setting next_dagrun for example_python_decorator to None, run_after=None
[2024-08-22T00:20:11.473+0000] {processor.py:208} INFO - Processing /home/airflow/.local/lib/python3.12/site-packages/airflow/example_dags/example_python_decorator.py took 2.496 seconds
[2024-08-22T00:20:45.716+0000] {processor.py:186} INFO - Started process (PID=150) to work on /home/airflow/.local/lib/python3.12/site-packages/airflow/example_dags/example_python_decorator.py
[2024-08-22T00:20:45.719+0000] {processor.py:914} INFO - Processing file /home/airflow/.local/lib/python3.12/site-packages/airflow/example_dags/example_python_decorator.py for tasks to queue
[2024-08-22T00:20:45.729+0000] {logging_mixin.py:190} INFO - [2024-08-22T00:20:45.729+0000] {dagbag.py:587} INFO - Filling up the DagBag from /home/airflow/.local/lib/python3.12/site-packages/airflow/example_dags/example_python_decorator.py
[2024-08-22T00:20:45.771+0000] {processor.py:925} INFO - DAG(s) 'example_python_decorator' retrieved from /home/airflow/.local/lib/python3.12/site-packages/airflow/example_dags/example_python_decorator.py
[2024-08-22T00:20:45.833+0000] {logging_mixin.py:190} INFO - [2024-08-22T00:20:45.832+0000] {dag.py:3211} INFO - Sync 1 DAGs
[2024-08-22T00:20:45.871+0000] {logging_mixin.py:190} INFO - [2024-08-22T00:20:45.871+0000] {dag.py:4138} INFO - Setting next_dagrun for example_python_decorator to None, run_after=None
[2024-08-22T00:20:45.915+0000] {processor.py:208} INFO - Processing /home/airflow/.local/lib/python3.12/site-packages/airflow/example_dags/example_python_decorator.py took 0.210 seconds
[2024-08-22T00:21:48.359+0000] {processor.py:186} INFO - Started process (PID=205) to work on /home/airflow/.local/lib/python3.12/site-packages/airflow/example_dags/example_python_decorator.py
[2024-08-22T00:21:48.362+0000] {processor.py:914} INFO - Processing file /home/airflow/.local/lib/python3.12/site-packages/airflow/example_dags/example_python_decorator.py for tasks to queue
[2024-08-22T00:21:48.367+0000] {logging_mixin.py:190} INFO - [2024-08-22T00:21:48.366+0000] {dagbag.py:587} INFO - Filling up the DagBag from /home/airflow/.local/lib/python3.12/site-packages/airflow/example_dags/example_python_decorator.py
[2024-08-22T00:21:48.448+0000] {processor.py:925} INFO - DAG(s) 'example_python_decorator' retrieved from /home/airflow/.local/lib/python3.12/site-packages/airflow/example_dags/example_python_decorator.py
[2024-08-22T00:21:48.504+0000] {logging_mixin.py:190} INFO - [2024-08-22T00:21:48.504+0000] {dag.py:3211} INFO - Sync 1 DAGs
[2024-08-22T00:21:48.530+0000] {logging_mixin.py:190} INFO - [2024-08-22T00:21:48.530+0000] {dag.py:4138} INFO - Setting next_dagrun for example_python_decorator to None, run_after=None
[2024-08-22T00:21:48.693+0000] {processor.py:208} INFO - Processing /home/airflow/.local/lib/python3.12/site-packages/airflow/example_dags/example_python_decorator.py took 0.352 seconds
[2024-08-22T00:22:19.762+0000] {processor.py:186} INFO - Started process (PID=272) to work on /home/airflow/.local/lib/python3.12/site-packages/airflow/example_dags/example_python_decorator.py
[2024-08-22T00:22:19.764+0000] {processor.py:914} INFO - Processing file /home/airflow/.local/lib/python3.12/site-packages/airflow/example_dags/example_python_decorator.py for tasks to queue
[2024-08-22T00:22:19.769+0000] {logging_mixin.py:190} INFO - [2024-08-22T00:22:19.768+0000] {dagbag.py:587} INFO - Filling up the DagBag from /home/airflow/.local/lib/python3.12/site-packages/airflow/example_dags/example_python_decorator.py
[2024-08-22T00:22:19.796+0000] {processor.py:925} INFO - DAG(s) 'example_python_decorator' retrieved from /home/airflow/.local/lib/python3.12/site-packages/airflow/example_dags/example_python_decorator.py
[2024-08-22T00:22:19.855+0000] {logging_mixin.py:190} INFO - [2024-08-22T00:22:19.854+0000] {dag.py:3211} INFO - Sync 1 DAGs
[2024-08-22T00:22:19.897+0000] {logging_mixin.py:190} INFO - [2024-08-22T00:22:19.897+0000] {dag.py:4138} INFO - Setting next_dagrun for example_python_decorator to None, run_after=None
[2024-08-22T00:22:19.947+0000] {processor.py:208} INFO - Processing /home/airflow/.local/lib/python3.12/site-packages/airflow/example_dags/example_python_decorator.py took 0.203 seconds
[2024-08-22T00:22:50.434+0000] {processor.py:186} INFO - Started process (PID=335) to work on /home/airflow/.local/lib/python3.12/site-packages/airflow/example_dags/example_python_decorator.py
[2024-08-22T00:22:50.453+0000] {processor.py:914} INFO - Processing file /home/airflow/.local/lib/python3.12/site-packages/airflow/example_dags/example_python_decorator.py for tasks to queue
[2024-08-22T00:22:50.467+0000] {logging_mixin.py:190} INFO - [2024-08-22T00:22:50.467+0000] {dagbag.py:587} INFO - Filling up the DagBag from /home/airflow/.local/lib/python3.12/site-packages/airflow/example_dags/example_python_decorator.py
[2024-08-22T00:22:50.555+0000] {processor.py:925} INFO - DAG(s) 'example_python_decorator' retrieved from /home/airflow/.local/lib/python3.12/site-packages/airflow/example_dags/example_python_decorator.py
[2024-08-22T00:22:50.697+0000] {logging_mixin.py:190} INFO - [2024-08-22T00:22:50.697+0000] {dag.py:3211} INFO - Sync 1 DAGs
[2024-08-22T00:22:50.757+0000] {logging_mixin.py:190} INFO - [2024-08-22T00:22:50.757+0000] {dag.py:4138} INFO - Setting next_dagrun for example_python_decorator to None, run_after=None
[2024-08-22T00:22:50.818+0000] {processor.py:208} INFO - Processing /home/airflow/.local/lib/python3.12/site-packages/airflow/example_dags/example_python_decorator.py took 0.407 seconds
[2024-08-22T00:23:21.088+0000] {processor.py:186} INFO - Started process (PID=398) to work on /home/airflow/.local/lib/python3.12/site-packages/airflow/example_dags/example_python_decorator.py
[2024-08-22T00:23:21.093+0000] {processor.py:914} INFO - Processing file /home/airflow/.local/lib/python3.12/site-packages/airflow/example_dags/example_python_decorator.py for tasks to queue
[2024-08-22T00:23:21.103+0000] {logging_mixin.py:190} INFO - [2024-08-22T00:23:21.102+0000] {dagbag.py:587} INFO - Filling up the DagBag from /home/airflow/.local/lib/python3.12/site-packages/airflow/example_dags/example_python_decorator.py
[2024-08-22T00:23:21.168+0000] {processor.py:925} INFO - DAG(s) 'example_python_decorator' retrieved from /home/airflow/.local/lib/python3.12/site-packages/airflow/example_dags/example_python_decorator.py
[2024-08-22T00:23:21.247+0000] {logging_mixin.py:190} INFO - [2024-08-22T00:23:21.246+0000] {dag.py:3211} INFO - Sync 1 DAGs
[2024-08-22T00:23:21.341+0000] {logging_mixin.py:190} INFO - [2024-08-22T00:23:21.341+0000] {dag.py:4138} INFO - Setting next_dagrun for example_python_decorator to None, run_after=None
[2024-08-22T00:23:21.453+0000] {processor.py:208} INFO - Processing /home/airflow/.local/lib/python3.12/site-packages/airflow/example_dags/example_python_decorator.py took 0.397 seconds
[2024-08-22T00:23:51.834+0000] {processor.py:186} INFO - Started process (PID=461) to work on /home/airflow/.local/lib/python3.12/site-packages/airflow/example_dags/example_python_decorator.py
[2024-08-22T00:23:51.835+0000] {processor.py:914} INFO - Processing file /home/airflow/.local/lib/python3.12/site-packages/airflow/example_dags/example_python_decorator.py for tasks to queue
[2024-08-22T00:23:51.839+0000] {logging_mixin.py:190} INFO - [2024-08-22T00:23:51.839+0000] {dagbag.py:587} INFO - Filling up the DagBag from /home/airflow/.local/lib/python3.12/site-packages/airflow/example_dags/example_python_decorator.py
[2024-08-22T00:23:51.870+0000] {processor.py:925} INFO - DAG(s) 'example_python_decorator' retrieved from /home/airflow/.local/lib/python3.12/site-packages/airflow/example_dags/example_python_decorator.py
[2024-08-22T00:23:51.912+0000] {logging_mixin.py:190} INFO - [2024-08-22T00:23:51.912+0000] {dag.py:3211} INFO - Sync 1 DAGs
[2024-08-22T00:23:51.938+0000] {logging_mixin.py:190} INFO - [2024-08-22T00:23:51.938+0000] {dag.py:4138} INFO - Setting next_dagrun for example_python_decorator to None, run_after=None
[2024-08-22T00:23:51.974+0000] {processor.py:208} INFO - Processing /home/airflow/.local/lib/python3.12/site-packages/airflow/example_dags/example_python_decorator.py took 0.150 seconds
[2024-08-22T00:24:22.912+0000] {processor.py:186} INFO - Started process (PID=524) to work on /home/airflow/.local/lib/python3.12/site-packages/airflow/example_dags/example_python_decorator.py
[2024-08-22T00:24:22.914+0000] {processor.py:914} INFO - Processing file /home/airflow/.local/lib/python3.12/site-packages/airflow/example_dags/example_python_decorator.py for tasks to queue
[2024-08-22T00:24:22.920+0000] {logging_mixin.py:190} INFO - [2024-08-22T00:24:22.919+0000] {dagbag.py:587} INFO - Filling up the DagBag from /home/airflow/.local/lib/python3.12/site-packages/airflow/example_dags/example_python_decorator.py
[2024-08-22T00:24:22.967+0000] {processor.py:925} INFO - DAG(s) 'example_python_decorator' retrieved from /home/airflow/.local/lib/python3.12/site-packages/airflow/example_dags/example_python_decorator.py
[2024-08-22T00:24:23.068+0000] {logging_mixin.py:190} INFO - [2024-08-22T00:24:23.068+0000] {dag.py:3211} INFO - Sync 1 DAGs
[2024-08-22T00:24:23.115+0000] {logging_mixin.py:190} INFO - [2024-08-22T00:24:23.114+0000] {dag.py:4138} INFO - Setting next_dagrun for example_python_decorator to None, run_after=None
[2024-08-22T00:24:23.166+0000] {processor.py:208} INFO - Processing /home/airflow/.local/lib/python3.12/site-packages/airflow/example_dags/example_python_decorator.py took 0.270 seconds
[2024-08-22T00:24:53.420+0000] {processor.py:186} INFO - Started process (PID=587) to work on /home/airflow/.local/lib/python3.12/site-packages/airflow/example_dags/example_python_decorator.py
[2024-08-22T00:24:53.422+0000] {processor.py:914} INFO - Processing file /home/airflow/.local/lib/python3.12/site-packages/airflow/example_dags/example_python_decorator.py for tasks to queue
[2024-08-22T00:24:53.432+0000] {logging_mixin.py:190} INFO - [2024-08-22T00:24:53.431+0000] {dagbag.py:587} INFO - Filling up the DagBag from /home/airflow/.local/lib/python3.12/site-packages/airflow/example_dags/example_python_decorator.py
[2024-08-22T00:24:53.473+0000] {processor.py:925} INFO - DAG(s) 'example_python_decorator' retrieved from /home/airflow/.local/lib/python3.12/site-packages/airflow/example_dags/example_python_decorator.py
[2024-08-22T00:24:53.526+0000] {logging_mixin.py:190} INFO - [2024-08-22T00:24:53.526+0000] {dag.py:3211} INFO - Sync 1 DAGs
[2024-08-22T00:24:53.560+0000] {logging_mixin.py:190} INFO - [2024-08-22T00:24:53.559+0000] {dag.py:4138} INFO - Setting next_dagrun for example_python_decorator to None, run_after=None
[2024-08-22T00:24:53.605+0000] {processor.py:208} INFO - Processing /home/airflow/.local/lib/python3.12/site-packages/airflow/example_dags/example_python_decorator.py took 0.199 seconds
[2024-08-22T00:25:24.297+0000] {processor.py:186} INFO - Started process (PID=650) to work on /home/airflow/.local/lib/python3.12/site-packages/airflow/example_dags/example_python_decorator.py
[2024-08-22T00:25:24.299+0000] {processor.py:914} INFO - Processing file /home/airflow/.local/lib/python3.12/site-packages/airflow/example_dags/example_python_decorator.py for tasks to queue
[2024-08-22T00:25:24.303+0000] {logging_mixin.py:190} INFO - [2024-08-22T00:25:24.302+0000] {dagbag.py:587} INFO - Filling up the DagBag from /home/airflow/.local/lib/python3.12/site-packages/airflow/example_dags/example_python_decorator.py
[2024-08-22T00:25:24.336+0000] {processor.py:925} INFO - DAG(s) 'example_python_decorator' retrieved from /home/airflow/.local/lib/python3.12/site-packages/airflow/example_dags/example_python_decorator.py
[2024-08-22T00:25:24.411+0000] {logging_mixin.py:190} INFO - [2024-08-22T00:25:24.411+0000] {dag.py:3211} INFO - Sync 1 DAGs
[2024-08-22T00:25:24.472+0000] {logging_mixin.py:190} INFO - [2024-08-22T00:25:24.471+0000] {dag.py:4138} INFO - Setting next_dagrun for example_python_decorator to None, run_after=None
[2024-08-22T00:25:24.538+0000] {processor.py:208} INFO - Processing /home/airflow/.local/lib/python3.12/site-packages/airflow/example_dags/example_python_decorator.py took 0.254 seconds
[2024-08-22T00:25:55.256+0000] {processor.py:186} INFO - Started process (PID=713) to work on /home/airflow/.local/lib/python3.12/site-packages/airflow/example_dags/example_python_decorator.py
[2024-08-22T00:25:55.258+0000] {processor.py:914} INFO - Processing file /home/airflow/.local/lib/python3.12/site-packages/airflow/example_dags/example_python_decorator.py for tasks to queue
[2024-08-22T00:25:55.264+0000] {logging_mixin.py:190} INFO - [2024-08-22T00:25:55.264+0000] {dagbag.py:587} INFO - Filling up the DagBag from /home/airflow/.local/lib/python3.12/site-packages/airflow/example_dags/example_python_decorator.py
[2024-08-22T00:25:55.300+0000] {processor.py:925} INFO - DAG(s) 'example_python_decorator' retrieved from /home/airflow/.local/lib/python3.12/site-packages/airflow/example_dags/example_python_decorator.py
[2024-08-22T00:25:55.353+0000] {logging_mixin.py:190} INFO - [2024-08-22T00:25:55.353+0000] {dag.py:3211} INFO - Sync 1 DAGs
[2024-08-22T00:25:55.401+0000] {logging_mixin.py:190} INFO - [2024-08-22T00:25:55.401+0000] {dag.py:4138} INFO - Setting next_dagrun for example_python_decorator to None, run_after=None
[2024-08-22T00:25:55.448+0000] {processor.py:208} INFO - Processing /home/airflow/.local/lib/python3.12/site-packages/airflow/example_dags/example_python_decorator.py took 0.225 seconds
[2024-08-22T00:26:28.665+0000] {processor.py:186} INFO - Started process (PID=776) to work on /home/airflow/.local/lib/python3.12/site-packages/airflow/example_dags/example_python_decorator.py
[2024-08-22T00:26:28.667+0000] {processor.py:914} INFO - Processing file /home/airflow/.local/lib/python3.12/site-packages/airflow/example_dags/example_python_decorator.py for tasks to queue
[2024-08-22T00:26:28.671+0000] {logging_mixin.py:190} INFO - [2024-08-22T00:26:28.670+0000] {dagbag.py:587} INFO - Filling up the DagBag from /home/airflow/.local/lib/python3.12/site-packages/airflow/example_dags/example_python_decorator.py
[2024-08-22T00:26:28.717+0000] {processor.py:925} INFO - DAG(s) 'example_python_decorator' retrieved from /home/airflow/.local/lib/python3.12/site-packages/airflow/example_dags/example_python_decorator.py
[2024-08-22T00:26:28.774+0000] {logging_mixin.py:190} INFO - [2024-08-22T00:26:28.773+0000] {dag.py:3211} INFO - Sync 1 DAGs
[2024-08-22T00:26:28.810+0000] {logging_mixin.py:190} INFO - [2024-08-22T00:26:28.809+0000] {dag.py:4138} INFO - Setting next_dagrun for example_python_decorator to None, run_after=None
[2024-08-22T00:26:28.867+0000] {processor.py:208} INFO - Processing /home/airflow/.local/lib/python3.12/site-packages/airflow/example_dags/example_python_decorator.py took 0.216 seconds
[2024-08-22T00:26:59.176+0000] {processor.py:186} INFO - Started process (PID=840) to work on /home/airflow/.local/lib/python3.12/site-packages/airflow/example_dags/example_python_decorator.py
[2024-08-22T00:26:59.180+0000] {processor.py:914} INFO - Processing file /home/airflow/.local/lib/python3.12/site-packages/airflow/example_dags/example_python_decorator.py for tasks to queue
[2024-08-22T00:26:59.187+0000] {logging_mixin.py:190} INFO - [2024-08-22T00:26:59.186+0000] {dagbag.py:587} INFO - Filling up the DagBag from /home/airflow/.local/lib/python3.12/site-packages/airflow/example_dags/example_python_decorator.py
[2024-08-22T00:26:59.257+0000] {processor.py:925} INFO - DAG(s) 'example_python_decorator' retrieved from /home/airflow/.local/lib/python3.12/site-packages/airflow/example_dags/example_python_decorator.py
[2024-08-22T00:26:59.401+0000] {logging_mixin.py:190} INFO - [2024-08-22T00:26:59.400+0000] {dag.py:3211} INFO - Sync 1 DAGs
[2024-08-22T00:26:59.474+0000] {logging_mixin.py:190} INFO - [2024-08-22T00:26:59.473+0000] {dag.py:4138} INFO - Setting next_dagrun for example_python_decorator to None, run_after=None
[2024-08-22T00:26:59.555+0000] {processor.py:208} INFO - Processing /home/airflow/.local/lib/python3.12/site-packages/airflow/example_dags/example_python_decorator.py took 0.406 seconds
[2024-08-22T00:27:30.183+0000] {processor.py:186} INFO - Started process (PID=903) to work on /home/airflow/.local/lib/python3.12/site-packages/airflow/example_dags/example_python_decorator.py
[2024-08-22T00:27:30.185+0000] {processor.py:914} INFO - Processing file /home/airflow/.local/lib/python3.12/site-packages/airflow/example_dags/example_python_decorator.py for tasks to queue
[2024-08-22T00:27:30.190+0000] {logging_mixin.py:190} INFO - [2024-08-22T00:27:30.189+0000] {dagbag.py:587} INFO - Filling up the DagBag from /home/airflow/.local/lib/python3.12/site-packages/airflow/example_dags/example_python_decorator.py
[2024-08-22T00:27:30.233+0000] {processor.py:925} INFO - DAG(s) 'example_python_decorator' retrieved from /home/airflow/.local/lib/python3.12/site-packages/airflow/example_dags/example_python_decorator.py
[2024-08-22T00:27:30.313+0000] {logging_mixin.py:190} INFO - [2024-08-22T00:27:30.312+0000] {dag.py:3211} INFO - Sync 1 DAGs
[2024-08-22T00:27:30.365+0000] {logging_mixin.py:190} INFO - [2024-08-22T00:27:30.363+0000] {dag.py:4138} INFO - Setting next_dagrun for example_python_decorator to None, run_after=None
[2024-08-22T00:27:30.408+0000] {processor.py:208} INFO - Processing /home/airflow/.local/lib/python3.12/site-packages/airflow/example_dags/example_python_decorator.py took 0.245 seconds
[2024-08-22T00:28:01.042+0000] {processor.py:186} INFO - Started process (PID=966) to work on /home/airflow/.local/lib/python3.12/site-packages/airflow/example_dags/example_python_decorator.py
[2024-08-22T00:28:01.062+0000] {processor.py:914} INFO - Processing file /home/airflow/.local/lib/python3.12/site-packages/airflow/example_dags/example_python_decorator.py for tasks to queue
[2024-08-22T00:28:01.069+0000] {logging_mixin.py:190} INFO - [2024-08-22T00:28:01.068+0000] {dagbag.py:587} INFO - Filling up the DagBag from /home/airflow/.local/lib/python3.12/site-packages/airflow/example_dags/example_python_decorator.py
[2024-08-22T00:28:01.104+0000] {processor.py:925} INFO - DAG(s) 'example_python_decorator' retrieved from /home/airflow/.local/lib/python3.12/site-packages/airflow/example_dags/example_python_decorator.py
[2024-08-22T00:28:01.172+0000] {logging_mixin.py:190} INFO - [2024-08-22T00:28:01.172+0000] {dag.py:3211} INFO - Sync 1 DAGs
[2024-08-22T00:28:01.218+0000] {logging_mixin.py:190} INFO - [2024-08-22T00:28:01.218+0000] {dag.py:4138} INFO - Setting next_dagrun for example_python_decorator to None, run_after=None
[2024-08-22T00:28:01.302+0000] {processor.py:208} INFO - Processing /home/airflow/.local/lib/python3.12/site-packages/airflow/example_dags/example_python_decorator.py took 0.273 seconds
[2024-08-22T00:28:32.270+0000] {processor.py:186} INFO - Started process (PID=1029) to work on /home/airflow/.local/lib/python3.12/site-packages/airflow/example_dags/example_python_decorator.py
[2024-08-22T00:28:32.272+0000] {processor.py:914} INFO - Processing file /home/airflow/.local/lib/python3.12/site-packages/airflow/example_dags/example_python_decorator.py for tasks to queue
[2024-08-22T00:28:32.277+0000] {logging_mixin.py:190} INFO - [2024-08-22T00:28:32.276+0000] {dagbag.py:587} INFO - Filling up the DagBag from /home/airflow/.local/lib/python3.12/site-packages/airflow/example_dags/example_python_decorator.py
[2024-08-22T00:28:32.329+0000] {processor.py:925} INFO - DAG(s) 'example_python_decorator' retrieved from /home/airflow/.local/lib/python3.12/site-packages/airflow/example_dags/example_python_decorator.py
[2024-08-22T00:28:32.368+0000] {logging_mixin.py:190} INFO - [2024-08-22T00:28:32.368+0000] {dag.py:3211} INFO - Sync 1 DAGs
[2024-08-22T00:28:32.396+0000] {logging_mixin.py:190} INFO - [2024-08-22T00:28:32.396+0000] {dag.py:4138} INFO - Setting next_dagrun for example_python_decorator to None, run_after=None
[2024-08-22T00:28:32.546+0000] {processor.py:208} INFO - Processing /home/airflow/.local/lib/python3.12/site-packages/airflow/example_dags/example_python_decorator.py took 0.292 seconds
[2024-08-22T00:29:02.841+0000] {processor.py:186} INFO - Started process (PID=1092) to work on /home/airflow/.local/lib/python3.12/site-packages/airflow/example_dags/example_python_decorator.py
[2024-08-22T00:29:02.843+0000] {processor.py:914} INFO - Processing file /home/airflow/.local/lib/python3.12/site-packages/airflow/example_dags/example_python_decorator.py for tasks to queue
[2024-08-22T00:29:02.848+0000] {logging_mixin.py:190} INFO - [2024-08-22T00:29:02.848+0000] {dagbag.py:587} INFO - Filling up the DagBag from /home/airflow/.local/lib/python3.12/site-packages/airflow/example_dags/example_python_decorator.py
[2024-08-22T00:29:02.880+0000] {processor.py:925} INFO - DAG(s) 'example_python_decorator' retrieved from /home/airflow/.local/lib/python3.12/site-packages/airflow/example_dags/example_python_decorator.py
[2024-08-22T00:29:02.923+0000] {logging_mixin.py:190} INFO - [2024-08-22T00:29:02.922+0000] {dag.py:3211} INFO - Sync 1 DAGs
[2024-08-22T00:29:02.953+0000] {logging_mixin.py:190} INFO - [2024-08-22T00:29:02.953+0000] {dag.py:4138} INFO - Setting next_dagrun for example_python_decorator to None, run_after=None
[2024-08-22T00:29:02.992+0000] {processor.py:208} INFO - Processing /home/airflow/.local/lib/python3.12/site-packages/airflow/example_dags/example_python_decorator.py took 0.160 seconds
[2024-08-22T00:29:33.131+0000] {processor.py:186} INFO - Started process (PID=1154) to work on /home/airflow/.local/lib/python3.12/site-packages/airflow/example_dags/example_python_decorator.py
[2024-08-22T00:29:33.133+0000] {processor.py:914} INFO - Processing file /home/airflow/.local/lib/python3.12/site-packages/airflow/example_dags/example_python_decorator.py for tasks to queue
[2024-08-22T00:29:33.137+0000] {logging_mixin.py:190} INFO - [2024-08-22T00:29:33.136+0000] {dagbag.py:587} INFO - Filling up the DagBag from /home/airflow/.local/lib/python3.12/site-packages/airflow/example_dags/example_python_decorator.py
[2024-08-22T00:29:33.162+0000] {processor.py:925} INFO - DAG(s) 'example_python_decorator' retrieved from /home/airflow/.local/lib/python3.12/site-packages/airflow/example_dags/example_python_decorator.py
[2024-08-22T00:29:33.251+0000] {logging_mixin.py:190} INFO - [2024-08-22T00:29:33.250+0000] {dag.py:3211} INFO - Sync 1 DAGs
[2024-08-22T00:29:33.280+0000] {logging_mixin.py:190} INFO - [2024-08-22T00:29:33.280+0000] {dag.py:4138} INFO - Setting next_dagrun for example_python_decorator to None, run_after=None
[2024-08-22T00:29:33.324+0000] {processor.py:208} INFO - Processing /home/airflow/.local/lib/python3.12/site-packages/airflow/example_dags/example_python_decorator.py took 0.202 seconds
[2024-08-22T00:30:03.553+0000] {processor.py:186} INFO - Started process (PID=1218) to work on /home/airflow/.local/lib/python3.12/site-packages/airflow/example_dags/example_python_decorator.py
[2024-08-22T00:30:03.554+0000] {processor.py:914} INFO - Processing file /home/airflow/.local/lib/python3.12/site-packages/airflow/example_dags/example_python_decorator.py for tasks to queue
[2024-08-22T00:30:03.558+0000] {logging_mixin.py:190} INFO - [2024-08-22T00:30:03.557+0000] {dagbag.py:587} INFO - Filling up the DagBag from /home/airflow/.local/lib/python3.12/site-packages/airflow/example_dags/example_python_decorator.py
[2024-08-22T00:30:03.580+0000] {processor.py:925} INFO - DAG(s) 'example_python_decorator' retrieved from /home/airflow/.local/lib/python3.12/site-packages/airflow/example_dags/example_python_decorator.py
[2024-08-22T00:30:03.615+0000] {logging_mixin.py:190} INFO - [2024-08-22T00:30:03.615+0000] {dag.py:3211} INFO - Sync 1 DAGs
[2024-08-22T00:30:03.638+0000] {logging_mixin.py:190} INFO - [2024-08-22T00:30:03.638+0000] {dag.py:4138} INFO - Setting next_dagrun for example_python_decorator to None, run_after=None
[2024-08-22T00:30:03.686+0000] {processor.py:208} INFO - Processing /home/airflow/.local/lib/python3.12/site-packages/airflow/example_dags/example_python_decorator.py took 0.142 seconds
[2024-08-22T00:30:34.419+0000] {processor.py:186} INFO - Started process (PID=1282) to work on /home/airflow/.local/lib/python3.12/site-packages/airflow/example_dags/example_python_decorator.py
[2024-08-22T00:30:34.421+0000] {processor.py:914} INFO - Processing file /home/airflow/.local/lib/python3.12/site-packages/airflow/example_dags/example_python_decorator.py for tasks to queue
[2024-08-22T00:30:34.425+0000] {logging_mixin.py:190} INFO - [2024-08-22T00:30:34.425+0000] {dagbag.py:587} INFO - Filling up the DagBag from /home/airflow/.local/lib/python3.12/site-packages/airflow/example_dags/example_python_decorator.py
[2024-08-22T00:30:34.481+0000] {processor.py:925} INFO - DAG(s) 'example_python_decorator' retrieved from /home/airflow/.local/lib/python3.12/site-packages/airflow/example_dags/example_python_decorator.py
[2024-08-22T00:30:34.544+0000] {logging_mixin.py:190} INFO - [2024-08-22T00:30:34.542+0000] {dag.py:3211} INFO - Sync 1 DAGs
[2024-08-22T00:30:34.570+0000] {logging_mixin.py:190} INFO - [2024-08-22T00:30:34.570+0000] {dag.py:4138} INFO - Setting next_dagrun for example_python_decorator to None, run_after=None
[2024-08-22T00:30:34.619+0000] {processor.py:208} INFO - Processing /home/airflow/.local/lib/python3.12/site-packages/airflow/example_dags/example_python_decorator.py took 0.243 seconds
[2024-08-22T00:31:05.274+0000] {processor.py:186} INFO - Started process (PID=1346) to work on /home/airflow/.local/lib/python3.12/site-packages/airflow/example_dags/example_python_decorator.py
[2024-08-22T00:31:05.277+0000] {processor.py:914} INFO - Processing file /home/airflow/.local/lib/python3.12/site-packages/airflow/example_dags/example_python_decorator.py for tasks to queue
[2024-08-22T00:31:05.284+0000] {logging_mixin.py:190} INFO - [2024-08-22T00:31:05.281+0000] {dagbag.py:587} INFO - Filling up the DagBag from /home/airflow/.local/lib/python3.12/site-packages/airflow/example_dags/example_python_decorator.py
[2024-08-22T00:31:05.322+0000] {processor.py:925} INFO - DAG(s) 'example_python_decorator' retrieved from /home/airflow/.local/lib/python3.12/site-packages/airflow/example_dags/example_python_decorator.py
[2024-08-22T00:31:05.388+0000] {logging_mixin.py:190} INFO - [2024-08-22T00:31:05.388+0000] {dag.py:3211} INFO - Sync 1 DAGs
[2024-08-22T00:31:05.428+0000] {logging_mixin.py:190} INFO - [2024-08-22T00:31:05.428+0000] {dag.py:4138} INFO - Setting next_dagrun for example_python_decorator to None, run_after=None
[2024-08-22T00:31:05.478+0000] {processor.py:208} INFO - Processing /home/airflow/.local/lib/python3.12/site-packages/airflow/example_dags/example_python_decorator.py took 0.221 seconds
[2024-08-22T00:31:36.441+0000] {processor.py:186} INFO - Started process (PID=1410) to work on /home/airflow/.local/lib/python3.12/site-packages/airflow/example_dags/example_python_decorator.py
[2024-08-22T00:31:36.444+0000] {processor.py:914} INFO - Processing file /home/airflow/.local/lib/python3.12/site-packages/airflow/example_dags/example_python_decorator.py for tasks to queue
[2024-08-22T00:31:36.450+0000] {logging_mixin.py:190} INFO - [2024-08-22T00:31:36.449+0000] {dagbag.py:587} INFO - Filling up the DagBag from /home/airflow/.local/lib/python3.12/site-packages/airflow/example_dags/example_python_decorator.py
[2024-08-22T00:31:36.474+0000] {processor.py:925} INFO - DAG(s) 'example_python_decorator' retrieved from /home/airflow/.local/lib/python3.12/site-packages/airflow/example_dags/example_python_decorator.py
[2024-08-22T00:31:36.516+0000] {logging_mixin.py:190} INFO - [2024-08-22T00:31:36.516+0000] {dag.py:3211} INFO - Sync 1 DAGs
[2024-08-22T00:31:36.546+0000] {logging_mixin.py:190} INFO - [2024-08-22T00:31:36.545+0000] {dag.py:4138} INFO - Setting next_dagrun for example_python_decorator to None, run_after=None
[2024-08-22T00:31:36.606+0000] {processor.py:208} INFO - Processing /home/airflow/.local/lib/python3.12/site-packages/airflow/example_dags/example_python_decorator.py took 0.176 seconds
[2024-08-22T00:32:06.923+0000] {processor.py:186} INFO - Started process (PID=1473) to work on /home/airflow/.local/lib/python3.12/site-packages/airflow/example_dags/example_python_decorator.py
[2024-08-22T00:32:06.924+0000] {processor.py:914} INFO - Processing file /home/airflow/.local/lib/python3.12/site-packages/airflow/example_dags/example_python_decorator.py for tasks to queue
[2024-08-22T00:32:06.929+0000] {logging_mixin.py:190} INFO - [2024-08-22T00:32:06.928+0000] {dagbag.py:587} INFO - Filling up the DagBag from /home/airflow/.local/lib/python3.12/site-packages/airflow/example_dags/example_python_decorator.py
[2024-08-22T00:32:06.950+0000] {processor.py:925} INFO - DAG(s) 'example_python_decorator' retrieved from /home/airflow/.local/lib/python3.12/site-packages/airflow/example_dags/example_python_decorator.py
[2024-08-22T00:32:06.982+0000] {logging_mixin.py:190} INFO - [2024-08-22T00:32:06.982+0000] {dag.py:3211} INFO - Sync 1 DAGs
[2024-08-22T00:32:07.003+0000] {logging_mixin.py:190} INFO - [2024-08-22T00:32:07.003+0000] {dag.py:4138} INFO - Setting next_dagrun for example_python_decorator to None, run_after=None
[2024-08-22T00:32:07.497+0000] {processor.py:208} INFO - Processing /home/airflow/.local/lib/python3.12/site-packages/airflow/example_dags/example_python_decorator.py took 0.583 seconds
[2024-08-22T00:32:37.990+0000] {processor.py:186} INFO - Started process (PID=1536) to work on /home/airflow/.local/lib/python3.12/site-packages/airflow/example_dags/example_python_decorator.py
[2024-08-22T00:32:37.992+0000] {processor.py:914} INFO - Processing file /home/airflow/.local/lib/python3.12/site-packages/airflow/example_dags/example_python_decorator.py for tasks to queue
[2024-08-22T00:32:37.997+0000] {logging_mixin.py:190} INFO - [2024-08-22T00:32:37.996+0000] {dagbag.py:587} INFO - Filling up the DagBag from /home/airflow/.local/lib/python3.12/site-packages/airflow/example_dags/example_python_decorator.py
[2024-08-22T00:32:38.023+0000] {processor.py:925} INFO - DAG(s) 'example_python_decorator' retrieved from /home/airflow/.local/lib/python3.12/site-packages/airflow/example_dags/example_python_decorator.py
[2024-08-22T00:32:38.067+0000] {logging_mixin.py:190} INFO - [2024-08-22T00:32:38.066+0000] {dag.py:3211} INFO - Sync 1 DAGs
[2024-08-22T00:32:38.098+0000] {logging_mixin.py:190} INFO - [2024-08-22T00:32:38.097+0000] {dag.py:4138} INFO - Setting next_dagrun for example_python_decorator to None, run_after=None
[2024-08-22T00:32:38.153+0000] {processor.py:208} INFO - Processing /home/airflow/.local/lib/python3.12/site-packages/airflow/example_dags/example_python_decorator.py took 0.174 seconds
[2024-08-22T00:33:08.949+0000] {processor.py:186} INFO - Started process (PID=1599) to work on /home/airflow/.local/lib/python3.12/site-packages/airflow/example_dags/example_python_decorator.py
[2024-08-22T00:33:08.950+0000] {processor.py:914} INFO - Processing file /home/airflow/.local/lib/python3.12/site-packages/airflow/example_dags/example_python_decorator.py for tasks to queue
[2024-08-22T00:33:08.955+0000] {logging_mixin.py:190} INFO - [2024-08-22T00:33:08.954+0000] {dagbag.py:587} INFO - Filling up the DagBag from /home/airflow/.local/lib/python3.12/site-packages/airflow/example_dags/example_python_decorator.py
[2024-08-22T00:33:08.976+0000] {processor.py:925} INFO - DAG(s) 'example_python_decorator' retrieved from /home/airflow/.local/lib/python3.12/site-packages/airflow/example_dags/example_python_decorator.py
[2024-08-22T00:33:09.011+0000] {logging_mixin.py:190} INFO - [2024-08-22T00:33:09.011+0000] {dag.py:3211} INFO - Sync 1 DAGs
[2024-08-22T00:33:09.039+0000] {logging_mixin.py:190} INFO - [2024-08-22T00:33:09.039+0000] {dag.py:4138} INFO - Setting next_dagrun for example_python_decorator to None, run_after=None
[2024-08-22T00:33:09.073+0000] {processor.py:208} INFO - Processing /home/airflow/.local/lib/python3.12/site-packages/airflow/example_dags/example_python_decorator.py took 0.137 seconds
[2024-08-22T00:33:39.188+0000] {processor.py:186} INFO - Started process (PID=1662) to work on /home/airflow/.local/lib/python3.12/site-packages/airflow/example_dags/example_python_decorator.py
[2024-08-22T00:33:39.190+0000] {processor.py:914} INFO - Processing file /home/airflow/.local/lib/python3.12/site-packages/airflow/example_dags/example_python_decorator.py for tasks to queue
[2024-08-22T00:33:39.193+0000] {logging_mixin.py:190} INFO - [2024-08-22T00:33:39.192+0000] {dagbag.py:587} INFO - Filling up the DagBag from /home/airflow/.local/lib/python3.12/site-packages/airflow/example_dags/example_python_decorator.py
[2024-08-22T00:33:39.217+0000] {processor.py:925} INFO - DAG(s) 'example_python_decorator' retrieved from /home/airflow/.local/lib/python3.12/site-packages/airflow/example_dags/example_python_decorator.py
[2024-08-22T00:33:39.254+0000] {logging_mixin.py:190} INFO - [2024-08-22T00:33:39.254+0000] {dag.py:3211} INFO - Sync 1 DAGs
[2024-08-22T00:33:39.276+0000] {logging_mixin.py:190} INFO - [2024-08-22T00:33:39.276+0000] {dag.py:4138} INFO - Setting next_dagrun for example_python_decorator to None, run_after=None
[2024-08-22T00:33:39.316+0000] {processor.py:208} INFO - Processing /home/airflow/.local/lib/python3.12/site-packages/airflow/example_dags/example_python_decorator.py took 0.139 seconds
[2024-08-22T00:34:10.109+0000] {processor.py:186} INFO - Started process (PID=1725) to work on /home/airflow/.local/lib/python3.12/site-packages/airflow/example_dags/example_python_decorator.py
[2024-08-22T00:34:10.110+0000] {processor.py:914} INFO - Processing file /home/airflow/.local/lib/python3.12/site-packages/airflow/example_dags/example_python_decorator.py for tasks to queue
[2024-08-22T00:34:10.116+0000] {logging_mixin.py:190} INFO - [2024-08-22T00:34:10.115+0000] {dagbag.py:587} INFO - Filling up the DagBag from /home/airflow/.local/lib/python3.12/site-packages/airflow/example_dags/example_python_decorator.py
[2024-08-22T00:34:10.139+0000] {processor.py:925} INFO - DAG(s) 'example_python_decorator' retrieved from /home/airflow/.local/lib/python3.12/site-packages/airflow/example_dags/example_python_decorator.py
[2024-08-22T00:34:10.180+0000] {logging_mixin.py:190} INFO - [2024-08-22T00:34:10.180+0000] {dag.py:3211} INFO - Sync 1 DAGs
[2024-08-22T00:34:10.199+0000] {logging_mixin.py:190} INFO - [2024-08-22T00:34:10.199+0000] {dag.py:4138} INFO - Setting next_dagrun for example_python_decorator to None, run_after=None
[2024-08-22T00:34:10.237+0000] {processor.py:208} INFO - Processing /home/airflow/.local/lib/python3.12/site-packages/airflow/example_dags/example_python_decorator.py took 0.138 seconds
[2024-08-22T00:34:40.945+0000] {processor.py:186} INFO - Started process (PID=1787) to work on /home/airflow/.local/lib/python3.12/site-packages/airflow/example_dags/example_python_decorator.py
[2024-08-22T00:34:40.946+0000] {processor.py:914} INFO - Processing file /home/airflow/.local/lib/python3.12/site-packages/airflow/example_dags/example_python_decorator.py for tasks to queue
[2024-08-22T00:34:40.950+0000] {logging_mixin.py:190} INFO - [2024-08-22T00:34:40.949+0000] {dagbag.py:587} INFO - Filling up the DagBag from /home/airflow/.local/lib/python3.12/site-packages/airflow/example_dags/example_python_decorator.py
[2024-08-22T00:34:40.973+0000] {processor.py:925} INFO - DAG(s) 'example_python_decorator' retrieved from /home/airflow/.local/lib/python3.12/site-packages/airflow/example_dags/example_python_decorator.py
[2024-08-22T00:34:41.043+0000] {logging_mixin.py:190} INFO - [2024-08-22T00:34:41.042+0000] {dag.py:3211} INFO - Sync 1 DAGs
[2024-08-22T00:34:41.124+0000] {logging_mixin.py:190} INFO - [2024-08-22T00:34:41.124+0000] {dag.py:4138} INFO - Setting next_dagrun for example_python_decorator to None, run_after=None
[2024-08-22T00:34:41.188+0000] {processor.py:208} INFO - Processing /home/airflow/.local/lib/python3.12/site-packages/airflow/example_dags/example_python_decorator.py took 0.258 seconds
[2024-08-22T00:35:12.338+0000] {processor.py:186} INFO - Started process (PID=1850) to work on /home/airflow/.local/lib/python3.12/site-packages/airflow/example_dags/example_python_decorator.py
[2024-08-22T00:35:12.340+0000] {processor.py:914} INFO - Processing file /home/airflow/.local/lib/python3.12/site-packages/airflow/example_dags/example_python_decorator.py for tasks to queue
[2024-08-22T00:35:12.343+0000] {logging_mixin.py:190} INFO - [2024-08-22T00:35:12.343+0000] {dagbag.py:587} INFO - Filling up the DagBag from /home/airflow/.local/lib/python3.12/site-packages/airflow/example_dags/example_python_decorator.py
[2024-08-22T00:35:12.375+0000] {processor.py:925} INFO - DAG(s) 'example_python_decorator' retrieved from /home/airflow/.local/lib/python3.12/site-packages/airflow/example_dags/example_python_decorator.py
[2024-08-22T00:35:12.442+0000] {logging_mixin.py:190} INFO - [2024-08-22T00:35:12.442+0000] {dag.py:3211} INFO - Sync 1 DAGs
[2024-08-22T00:35:12.476+0000] {logging_mixin.py:190} INFO - [2024-08-22T00:35:12.476+0000] {dag.py:4138} INFO - Setting next_dagrun for example_python_decorator to None, run_after=None
[2024-08-22T00:35:12.539+0000] {processor.py:208} INFO - Processing /home/airflow/.local/lib/python3.12/site-packages/airflow/example_dags/example_python_decorator.py took 0.215 seconds
[2024-08-22T00:35:43.054+0000] {processor.py:186} INFO - Started process (PID=1913) to work on /home/airflow/.local/lib/python3.12/site-packages/airflow/example_dags/example_python_decorator.py
[2024-08-22T00:35:43.055+0000] {processor.py:914} INFO - Processing file /home/airflow/.local/lib/python3.12/site-packages/airflow/example_dags/example_python_decorator.py for tasks to queue
[2024-08-22T00:35:43.058+0000] {logging_mixin.py:190} INFO - [2024-08-22T00:35:43.057+0000] {dagbag.py:587} INFO - Filling up the DagBag from /home/airflow/.local/lib/python3.12/site-packages/airflow/example_dags/example_python_decorator.py
[2024-08-22T00:35:43.082+0000] {processor.py:925} INFO - DAG(s) 'example_python_decorator' retrieved from /home/airflow/.local/lib/python3.12/site-packages/airflow/example_dags/example_python_decorator.py
[2024-08-22T00:35:43.116+0000] {logging_mixin.py:190} INFO - [2024-08-22T00:35:43.115+0000] {dag.py:3211} INFO - Sync 1 DAGs
[2024-08-22T00:35:43.140+0000] {logging_mixin.py:190} INFO - [2024-08-22T00:35:43.140+0000] {dag.py:4138} INFO - Setting next_dagrun for example_python_decorator to None, run_after=None
[2024-08-22T00:35:43.181+0000] {processor.py:208} INFO - Processing /home/airflow/.local/lib/python3.12/site-packages/airflow/example_dags/example_python_decorator.py took 0.138 seconds
[2024-08-22T00:36:13.650+0000] {processor.py:186} INFO - Started process (PID=1975) to work on /home/airflow/.local/lib/python3.12/site-packages/airflow/example_dags/example_python_decorator.py
[2024-08-22T00:36:13.653+0000] {processor.py:914} INFO - Processing file /home/airflow/.local/lib/python3.12/site-packages/airflow/example_dags/example_python_decorator.py for tasks to queue
[2024-08-22T00:36:13.657+0000] {logging_mixin.py:190} INFO - [2024-08-22T00:36:13.656+0000] {dagbag.py:587} INFO - Filling up the DagBag from /home/airflow/.local/lib/python3.12/site-packages/airflow/example_dags/example_python_decorator.py
[2024-08-22T00:36:13.680+0000] {processor.py:925} INFO - DAG(s) 'example_python_decorator' retrieved from /home/airflow/.local/lib/python3.12/site-packages/airflow/example_dags/example_python_decorator.py
[2024-08-22T00:36:13.734+0000] {logging_mixin.py:190} INFO - [2024-08-22T00:36:13.733+0000] {dag.py:3211} INFO - Sync 1 DAGs
[2024-08-22T00:36:13.771+0000] {logging_mixin.py:190} INFO - [2024-08-22T00:36:13.770+0000] {dag.py:4138} INFO - Setting next_dagrun for example_python_decorator to None, run_after=None
[2024-08-22T00:36:13.808+0000] {processor.py:208} INFO - Processing /home/airflow/.local/lib/python3.12/site-packages/airflow/example_dags/example_python_decorator.py took 0.170 seconds
[2024-08-22T00:36:44.338+0000] {processor.py:186} INFO - Started process (PID=2039) to work on /home/airflow/.local/lib/python3.12/site-packages/airflow/example_dags/example_python_decorator.py
[2024-08-22T00:36:44.339+0000] {processor.py:914} INFO - Processing file /home/airflow/.local/lib/python3.12/site-packages/airflow/example_dags/example_python_decorator.py for tasks to queue
[2024-08-22T00:36:44.343+0000] {logging_mixin.py:190} INFO - [2024-08-22T00:36:44.342+0000] {dagbag.py:587} INFO - Filling up the DagBag from /home/airflow/.local/lib/python3.12/site-packages/airflow/example_dags/example_python_decorator.py
[2024-08-22T00:36:44.370+0000] {processor.py:925} INFO - DAG(s) 'example_python_decorator' retrieved from /home/airflow/.local/lib/python3.12/site-packages/airflow/example_dags/example_python_decorator.py
[2024-08-22T00:36:44.413+0000] {logging_mixin.py:190} INFO - [2024-08-22T00:36:44.413+0000] {dag.py:3211} INFO - Sync 1 DAGs
[2024-08-22T00:36:44.444+0000] {logging_mixin.py:190} INFO - [2024-08-22T00:36:44.444+0000] {dag.py:4138} INFO - Setting next_dagrun for example_python_decorator to None, run_after=None
[2024-08-22T00:36:44.509+0000] {processor.py:208} INFO - Processing /home/airflow/.local/lib/python3.12/site-packages/airflow/example_dags/example_python_decorator.py took 0.181 seconds
[2024-08-22T00:37:14.950+0000] {processor.py:186} INFO - Started process (PID=2102) to work on /home/airflow/.local/lib/python3.12/site-packages/airflow/example_dags/example_python_decorator.py
[2024-08-22T00:37:14.951+0000] {processor.py:914} INFO - Processing file /home/airflow/.local/lib/python3.12/site-packages/airflow/example_dags/example_python_decorator.py for tasks to queue
[2024-08-22T00:37:14.955+0000] {logging_mixin.py:190} INFO - [2024-08-22T00:37:14.954+0000] {dagbag.py:587} INFO - Filling up the DagBag from /home/airflow/.local/lib/python3.12/site-packages/airflow/example_dags/example_python_decorator.py
[2024-08-22T00:37:14.986+0000] {processor.py:925} INFO - DAG(s) 'example_python_decorator' retrieved from /home/airflow/.local/lib/python3.12/site-packages/airflow/example_dags/example_python_decorator.py
[2024-08-22T00:37:15.025+0000] {logging_mixin.py:190} INFO - [2024-08-22T00:37:15.025+0000] {dag.py:3211} INFO - Sync 1 DAGs
[2024-08-22T00:37:15.051+0000] {logging_mixin.py:190} INFO - [2024-08-22T00:37:15.051+0000] {dag.py:4138} INFO - Setting next_dagrun for example_python_decorator to None, run_after=None
[2024-08-22T00:37:15.107+0000] {processor.py:208} INFO - Processing /home/airflow/.local/lib/python3.12/site-packages/airflow/example_dags/example_python_decorator.py took 0.171 seconds
[2024-08-22T00:37:46.703+0000] {processor.py:186} INFO - Started process (PID=2165) to work on /home/airflow/.local/lib/python3.12/site-packages/airflow/example_dags/example_python_decorator.py
[2024-08-22T00:37:46.704+0000] {processor.py:914} INFO - Processing file /home/airflow/.local/lib/python3.12/site-packages/airflow/example_dags/example_python_decorator.py for tasks to queue
[2024-08-22T00:37:46.708+0000] {logging_mixin.py:190} INFO - [2024-08-22T00:37:46.708+0000] {dagbag.py:587} INFO - Filling up the DagBag from /home/airflow/.local/lib/python3.12/site-packages/airflow/example_dags/example_python_decorator.py
[2024-08-22T00:37:46.735+0000] {processor.py:925} INFO - DAG(s) 'example_python_decorator' retrieved from /home/airflow/.local/lib/python3.12/site-packages/airflow/example_dags/example_python_decorator.py
[2024-08-22T00:37:46.773+0000] {logging_mixin.py:190} INFO - [2024-08-22T00:37:46.773+0000] {dag.py:3211} INFO - Sync 1 DAGs
[2024-08-22T00:37:46.800+0000] {logging_mixin.py:190} INFO - [2024-08-22T00:37:46.800+0000] {dag.py:4138} INFO - Setting next_dagrun for example_python_decorator to None, run_after=None
[2024-08-22T00:37:46.842+0000] {processor.py:208} INFO - Processing /home/airflow/.local/lib/python3.12/site-packages/airflow/example_dags/example_python_decorator.py took 0.148 seconds
[2024-08-22T00:38:17.499+0000] {processor.py:186} INFO - Started process (PID=2225) to work on /home/airflow/.local/lib/python3.12/site-packages/airflow/example_dags/example_python_decorator.py
[2024-08-22T00:38:17.501+0000] {processor.py:914} INFO - Processing file /home/airflow/.local/lib/python3.12/site-packages/airflow/example_dags/example_python_decorator.py for tasks to queue
[2024-08-22T00:38:17.504+0000] {logging_mixin.py:190} INFO - [2024-08-22T00:38:17.504+0000] {dagbag.py:587} INFO - Filling up the DagBag from /home/airflow/.local/lib/python3.12/site-packages/airflow/example_dags/example_python_decorator.py
[2024-08-22T00:38:17.539+0000] {processor.py:925} INFO - DAG(s) 'example_python_decorator' retrieved from /home/airflow/.local/lib/python3.12/site-packages/airflow/example_dags/example_python_decorator.py
[2024-08-22T00:38:17.608+0000] {logging_mixin.py:190} INFO - [2024-08-22T00:38:17.608+0000] {dag.py:3211} INFO - Sync 1 DAGs
[2024-08-22T00:38:17.642+0000] {logging_mixin.py:190} INFO - [2024-08-22T00:38:17.642+0000] {dag.py:4138} INFO - Setting next_dagrun for example_python_decorator to None, run_after=None
[2024-08-22T00:38:17.690+0000] {processor.py:208} INFO - Processing /home/airflow/.local/lib/python3.12/site-packages/airflow/example_dags/example_python_decorator.py took 0.204 seconds
[2024-08-22T00:38:49.576+0000] {processor.py:186} INFO - Started process (PID=2284) to work on /home/airflow/.local/lib/python3.12/site-packages/airflow/example_dags/example_python_decorator.py
[2024-08-22T00:38:49.577+0000] {processor.py:914} INFO - Processing file /home/airflow/.local/lib/python3.12/site-packages/airflow/example_dags/example_python_decorator.py for tasks to queue
[2024-08-22T00:38:49.582+0000] {logging_mixin.py:190} INFO - [2024-08-22T00:38:49.581+0000] {dagbag.py:587} INFO - Filling up the DagBag from /home/airflow/.local/lib/python3.12/site-packages/airflow/example_dags/example_python_decorator.py
[2024-08-22T00:38:49.607+0000] {processor.py:925} INFO - DAG(s) 'example_python_decorator' retrieved from /home/airflow/.local/lib/python3.12/site-packages/airflow/example_dags/example_python_decorator.py
[2024-08-22T00:38:49.650+0000] {logging_mixin.py:190} INFO - [2024-08-22T00:38:49.650+0000] {dag.py:3211} INFO - Sync 1 DAGs
[2024-08-22T00:38:49.682+0000] {logging_mixin.py:190} INFO - [2024-08-22T00:38:49.681+0000] {dag.py:4138} INFO - Setting next_dagrun for example_python_decorator to None, run_after=None
[2024-08-22T00:38:49.740+0000] {processor.py:208} INFO - Processing /home/airflow/.local/lib/python3.12/site-packages/airflow/example_dags/example_python_decorator.py took 0.174 seconds
[2024-08-22T00:39:20.901+0000] {processor.py:186} INFO - Started process (PID=2343) to work on /home/airflow/.local/lib/python3.12/site-packages/airflow/example_dags/example_python_decorator.py
[2024-08-22T00:39:20.903+0000] {processor.py:914} INFO - Processing file /home/airflow/.local/lib/python3.12/site-packages/airflow/example_dags/example_python_decorator.py for tasks to queue
[2024-08-22T00:39:20.910+0000] {logging_mixin.py:190} INFO - [2024-08-22T00:39:20.909+0000] {dagbag.py:587} INFO - Filling up the DagBag from /home/airflow/.local/lib/python3.12/site-packages/airflow/example_dags/example_python_decorator.py
[2024-08-22T00:39:20.950+0000] {processor.py:925} INFO - DAG(s) 'example_python_decorator' retrieved from /home/airflow/.local/lib/python3.12/site-packages/airflow/example_dags/example_python_decorator.py
[2024-08-22T00:39:21.011+0000] {logging_mixin.py:190} INFO - [2024-08-22T00:39:21.010+0000] {dag.py:3211} INFO - Sync 1 DAGs
[2024-08-22T00:39:21.042+0000] {logging_mixin.py:190} INFO - [2024-08-22T00:39:21.041+0000] {dag.py:4138} INFO - Setting next_dagrun for example_python_decorator to None, run_after=None
[2024-08-22T00:39:21.090+0000] {processor.py:208} INFO - Processing /home/airflow/.local/lib/python3.12/site-packages/airflow/example_dags/example_python_decorator.py took 0.218 seconds
[2024-08-22T00:39:52.019+0000] {processor.py:186} INFO - Started process (PID=2407) to work on /home/airflow/.local/lib/python3.12/site-packages/airflow/example_dags/example_python_decorator.py
[2024-08-22T00:39:52.020+0000] {processor.py:914} INFO - Processing file /home/airflow/.local/lib/python3.12/site-packages/airflow/example_dags/example_python_decorator.py for tasks to queue
[2024-08-22T00:39:52.025+0000] {logging_mixin.py:190} INFO - [2024-08-22T00:39:52.024+0000] {dagbag.py:587} INFO - Filling up the DagBag from /home/airflow/.local/lib/python3.12/site-packages/airflow/example_dags/example_python_decorator.py
[2024-08-22T00:39:52.073+0000] {processor.py:925} INFO - DAG(s) 'example_python_decorator' retrieved from /home/airflow/.local/lib/python3.12/site-packages/airflow/example_dags/example_python_decorator.py
[2024-08-22T00:39:52.145+0000] {logging_mixin.py:190} INFO - [2024-08-22T00:39:52.144+0000] {dag.py:3211} INFO - Sync 1 DAGs
[2024-08-22T00:39:52.189+0000] {logging_mixin.py:190} INFO - [2024-08-22T00:39:52.189+0000] {dag.py:4138} INFO - Setting next_dagrun for example_python_decorator to None, run_after=None
[2024-08-22T00:39:52.237+0000] {processor.py:208} INFO - Processing /home/airflow/.local/lib/python3.12/site-packages/airflow/example_dags/example_python_decorator.py took 0.233 seconds
[2024-08-22T00:40:23.587+0000] {processor.py:186} INFO - Started process (PID=2463) to work on /home/airflow/.local/lib/python3.12/site-packages/airflow/example_dags/example_python_decorator.py
[2024-08-22T00:40:23.589+0000] {processor.py:914} INFO - Processing file /home/airflow/.local/lib/python3.12/site-packages/airflow/example_dags/example_python_decorator.py for tasks to queue
[2024-08-22T00:40:23.592+0000] {logging_mixin.py:190} INFO - [2024-08-22T00:40:23.591+0000] {dagbag.py:587} INFO - Filling up the DagBag from /home/airflow/.local/lib/python3.12/site-packages/airflow/example_dags/example_python_decorator.py
[2024-08-22T00:40:23.621+0000] {processor.py:925} INFO - DAG(s) 'example_python_decorator' retrieved from /home/airflow/.local/lib/python3.12/site-packages/airflow/example_dags/example_python_decorator.py
[2024-08-22T00:40:23.668+0000] {logging_mixin.py:190} INFO - [2024-08-22T00:40:23.668+0000] {dag.py:3211} INFO - Sync 1 DAGs
[2024-08-22T00:40:23.693+0000] {logging_mixin.py:190} INFO - [2024-08-22T00:40:23.692+0000] {dag.py:4138} INFO - Setting next_dagrun for example_python_decorator to None, run_after=None
[2024-08-22T00:40:23.877+0000] {processor.py:208} INFO - Processing /home/airflow/.local/lib/python3.12/site-packages/airflow/example_dags/example_python_decorator.py took 0.301 seconds
[2024-08-22T00:40:54.278+0000] {processor.py:186} INFO - Started process (PID=2525) to work on /home/airflow/.local/lib/python3.12/site-packages/airflow/example_dags/example_python_decorator.py
[2024-08-22T00:40:54.279+0000] {processor.py:914} INFO - Processing file /home/airflow/.local/lib/python3.12/site-packages/airflow/example_dags/example_python_decorator.py for tasks to queue
[2024-08-22T00:40:54.283+0000] {logging_mixin.py:190} INFO - [2024-08-22T00:40:54.283+0000] {dagbag.py:587} INFO - Filling up the DagBag from /home/airflow/.local/lib/python3.12/site-packages/airflow/example_dags/example_python_decorator.py
[2024-08-22T00:40:54.308+0000] {processor.py:925} INFO - DAG(s) 'example_python_decorator' retrieved from /home/airflow/.local/lib/python3.12/site-packages/airflow/example_dags/example_python_decorator.py
[2024-08-22T00:40:54.344+0000] {logging_mixin.py:190} INFO - [2024-08-22T00:40:54.344+0000] {dag.py:3211} INFO - Sync 1 DAGs
[2024-08-22T00:40:54.369+0000] {logging_mixin.py:190} INFO - [2024-08-22T00:40:54.369+0000] {dag.py:4138} INFO - Setting next_dagrun for example_python_decorator to None, run_after=None
[2024-08-22T00:40:54.406+0000] {processor.py:208} INFO - Processing /home/airflow/.local/lib/python3.12/site-packages/airflow/example_dags/example_python_decorator.py took 0.138 seconds
[2024-08-22T00:41:24.873+0000] {processor.py:186} INFO - Started process (PID=2587) to work on /home/airflow/.local/lib/python3.12/site-packages/airflow/example_dags/example_python_decorator.py
[2024-08-22T00:41:24.874+0000] {processor.py:914} INFO - Processing file /home/airflow/.local/lib/python3.12/site-packages/airflow/example_dags/example_python_decorator.py for tasks to queue
[2024-08-22T00:41:24.887+0000] {logging_mixin.py:190} INFO - [2024-08-22T00:41:24.886+0000] {dagbag.py:587} INFO - Filling up the DagBag from /home/airflow/.local/lib/python3.12/site-packages/airflow/example_dags/example_python_decorator.py
[2024-08-22T00:41:24.921+0000] {processor.py:925} INFO - DAG(s) 'example_python_decorator' retrieved from /home/airflow/.local/lib/python3.12/site-packages/airflow/example_dags/example_python_decorator.py
[2024-08-22T00:41:24.958+0000] {logging_mixin.py:190} INFO - [2024-08-22T00:41:24.958+0000] {dag.py:3211} INFO - Sync 1 DAGs
[2024-08-22T00:41:24.981+0000] {logging_mixin.py:190} INFO - [2024-08-22T00:41:24.981+0000] {dag.py:4138} INFO - Setting next_dagrun for example_python_decorator to None, run_after=None
[2024-08-22T00:41:25.015+0000] {processor.py:208} INFO - Processing /home/airflow/.local/lib/python3.12/site-packages/airflow/example_dags/example_python_decorator.py took 0.158 seconds
[2024-08-22T00:41:56.257+0000] {processor.py:186} INFO - Started process (PID=2650) to work on /home/airflow/.local/lib/python3.12/site-packages/airflow/example_dags/example_python_decorator.py
[2024-08-22T00:41:56.259+0000] {processor.py:914} INFO - Processing file /home/airflow/.local/lib/python3.12/site-packages/airflow/example_dags/example_python_decorator.py for tasks to queue
[2024-08-22T00:41:56.263+0000] {logging_mixin.py:190} INFO - [2024-08-22T00:41:56.262+0000] {dagbag.py:587} INFO - Filling up the DagBag from /home/airflow/.local/lib/python3.12/site-packages/airflow/example_dags/example_python_decorator.py
[2024-08-22T00:41:56.291+0000] {processor.py:925} INFO - DAG(s) 'example_python_decorator' retrieved from /home/airflow/.local/lib/python3.12/site-packages/airflow/example_dags/example_python_decorator.py
[2024-08-22T00:41:56.348+0000] {logging_mixin.py:190} INFO - [2024-08-22T00:41:56.348+0000] {dag.py:3211} INFO - Sync 1 DAGs
[2024-08-22T00:41:56.379+0000] {logging_mixin.py:190} INFO - [2024-08-22T00:41:56.378+0000] {dag.py:4138} INFO - Setting next_dagrun for example_python_decorator to None, run_after=None
[2024-08-22T00:41:56.456+0000] {processor.py:208} INFO - Processing /home/airflow/.local/lib/python3.12/site-packages/airflow/example_dags/example_python_decorator.py took 0.211 seconds
[2024-08-22T00:42:27.923+0000] {processor.py:186} INFO - Started process (PID=2719) to work on /home/airflow/.local/lib/python3.12/site-packages/airflow/example_dags/example_python_decorator.py
[2024-08-22T00:42:27.925+0000] {processor.py:914} INFO - Processing file /home/airflow/.local/lib/python3.12/site-packages/airflow/example_dags/example_python_decorator.py for tasks to queue
[2024-08-22T00:42:27.930+0000] {logging_mixin.py:190} INFO - [2024-08-22T00:42:27.929+0000] {dagbag.py:587} INFO - Filling up the DagBag from /home/airflow/.local/lib/python3.12/site-packages/airflow/example_dags/example_python_decorator.py
[2024-08-22T00:42:27.973+0000] {processor.py:925} INFO - DAG(s) 'example_python_decorator' retrieved from /home/airflow/.local/lib/python3.12/site-packages/airflow/example_dags/example_python_decorator.py
[2024-08-22T00:42:28.026+0000] {logging_mixin.py:190} INFO - [2024-08-22T00:42:28.025+0000] {dag.py:3211} INFO - Sync 1 DAGs
[2024-08-22T00:42:28.113+0000] {logging_mixin.py:190} INFO - [2024-08-22T00:42:28.113+0000] {dag.py:4138} INFO - Setting next_dagrun for example_python_decorator to None, run_after=None
[2024-08-22T00:42:28.217+0000] {processor.py:208} INFO - Processing /home/airflow/.local/lib/python3.12/site-packages/airflow/example_dags/example_python_decorator.py took 0.305 seconds
[2024-08-22T03:42:54.874+0000] {processor.py:186} INFO - Started process (PID=2764) to work on /home/airflow/.local/lib/python3.12/site-packages/airflow/example_dags/example_python_decorator.py
[2024-08-22T03:42:54.878+0000] {processor.py:914} INFO - Processing file /home/airflow/.local/lib/python3.12/site-packages/airflow/example_dags/example_python_decorator.py for tasks to queue
[2024-08-22T03:42:54.883+0000] {logging_mixin.py:190} INFO - [2024-08-22T03:42:54.882+0000] {dagbag.py:587} INFO - Filling up the DagBag from /home/airflow/.local/lib/python3.12/site-packages/airflow/example_dags/example_python_decorator.py
[2024-08-22T03:42:54.920+0000] {processor.py:925} INFO - DAG(s) 'example_python_decorator' retrieved from /home/airflow/.local/lib/python3.12/site-packages/airflow/example_dags/example_python_decorator.py
[2024-08-22T03:42:54.985+0000] {logging_mixin.py:190} INFO - [2024-08-22T03:42:54.985+0000] {dag.py:3211} INFO - Sync 1 DAGs
[2024-08-22T03:42:55.043+0000] {logging_mixin.py:190} INFO - [2024-08-22T03:42:55.043+0000] {dag.py:4138} INFO - Setting next_dagrun for example_python_decorator to None, run_after=None
[2024-08-22T03:42:55.074+0000] {processor.py:208} INFO - Processing /home/airflow/.local/lib/python3.12/site-packages/airflow/example_dags/example_python_decorator.py took 0.211 seconds
