[2024-08-22T00:20:21.372+0000] {processor.py:186} INFO - Started process (PID=96) to work on /home/airflow/.local/lib/python3.12/site-packages/airflow/example_dags/example_inlet_event_extra.py
[2024-08-22T00:20:21.373+0000] {processor.py:914} INFO - Processing file /home/airflow/.local/lib/python3.12/site-packages/airflow/example_dags/example_inlet_event_extra.py for tasks to queue
[2024-08-22T00:20:21.383+0000] {logging_mixin.py:190} INFO - [2024-08-22T00:20:21.382+0000] {dagbag.py:587} INFO - Filling up the DagBag from /home/airflow/.local/lib/python3.12/site-packages/airflow/example_dags/example_inlet_event_extra.py
[2024-08-22T00:20:22.923+0000] {processor.py:925} INFO - DAG(s) 'read_dataset_event', 'read_dataset_event_from_classic' retrieved from /home/airflow/.local/lib/python3.12/site-packages/airflow/example_dags/example_inlet_event_extra.py
[2024-08-22T00:20:23.414+0000] {logging_mixin.py:190} INFO - [2024-08-22T00:20:23.412+0000] {override.py:1858} INFO - Created Permission View: can read on DAG:read_dataset_event
[2024-08-22T00:20:23.480+0000] {logging_mixin.py:190} INFO - [2024-08-22T00:20:23.479+0000] {override.py:1858} INFO - Created Permission View: can delete on DAG:read_dataset_event
[2024-08-22T00:20:23.524+0000] {logging_mixin.py:190} INFO - [2024-08-22T00:20:23.521+0000] {override.py:1858} INFO - Created Permission View: can edit on DAG:read_dataset_event
[2024-08-22T00:20:23.598+0000] {logging_mixin.py:190} INFO - [2024-08-22T00:20:23.597+0000] {override.py:1858} INFO - Created Permission View: can read on DAG:read_dataset_event_from_classic
[2024-08-22T00:20:23.658+0000] {logging_mixin.py:190} INFO - [2024-08-22T00:20:23.652+0000] {override.py:1858} INFO - Created Permission View: can delete on DAG:read_dataset_event_from_classic
[2024-08-22T00:20:23.739+0000] {logging_mixin.py:190} INFO - [2024-08-22T00:20:23.738+0000] {override.py:1858} INFO - Created Permission View: can edit on DAG:read_dataset_event_from_classic
[2024-08-22T00:20:23.742+0000] {logging_mixin.py:190} INFO - [2024-08-22T00:20:23.741+0000] {dag.py:3211} INFO - Sync 2 DAGs
[2024-08-22T00:20:23.812+0000] {logging_mixin.py:190} INFO - [2024-08-22T00:20:23.812+0000] {dag.py:3234} INFO - Creating ORM DAG for read_dataset_event_from_classic
[2024-08-22T00:20:23.815+0000] {logging_mixin.py:190} INFO - [2024-08-22T00:20:23.814+0000] {dag.py:3234} INFO - Creating ORM DAG for read_dataset_event
[2024-08-22T00:20:23.848+0000] {logging_mixin.py:190} INFO - [2024-08-22T00:20:23.848+0000] {dag.py:4138} INFO - Setting next_dagrun for read_dataset_event to 2024-08-21 00:00:00+00:00, run_after=2024-08-22 00:00:00+00:00
[2024-08-22T00:20:23.854+0000] {logging_mixin.py:190} INFO - [2024-08-22T00:20:23.853+0000] {dag.py:4138} INFO - Setting next_dagrun for read_dataset_event_from_classic to 2024-08-21 00:00:00+00:00, run_after=2024-08-22 00:00:00+00:00
[2024-08-22T00:20:23.890+0000] {processor.py:208} INFO - Processing /home/airflow/.local/lib/python3.12/site-packages/airflow/example_dags/example_inlet_event_extra.py took 2.537 seconds
[2024-08-22T00:20:54.176+0000] {processor.py:186} INFO - Started process (PID=161) to work on /home/airflow/.local/lib/python3.12/site-packages/airflow/example_dags/example_inlet_event_extra.py
[2024-08-22T00:20:54.178+0000] {processor.py:914} INFO - Processing file /home/airflow/.local/lib/python3.12/site-packages/airflow/example_dags/example_inlet_event_extra.py for tasks to queue
[2024-08-22T00:20:54.183+0000] {logging_mixin.py:190} INFO - [2024-08-22T00:20:54.183+0000] {dagbag.py:587} INFO - Filling up the DagBag from /home/airflow/.local/lib/python3.12/site-packages/airflow/example_dags/example_inlet_event_extra.py
[2024-08-22T00:20:54.906+0000] {processor.py:925} INFO - DAG(s) 'read_dataset_event', 'read_dataset_event_from_classic' retrieved from /home/airflow/.local/lib/python3.12/site-packages/airflow/example_dags/example_inlet_event_extra.py
[2024-08-22T00:20:54.990+0000] {logging_mixin.py:190} INFO - [2024-08-22T00:20:54.990+0000] {dag.py:3211} INFO - Sync 2 DAGs
[2024-08-22T00:20:55.287+0000] {logging_mixin.py:190} INFO - [2024-08-22T00:20:55.286+0000] {dag.py:4138} INFO - Setting next_dagrun for read_dataset_event to 2024-08-21 00:00:00+00:00, run_after=2024-08-22 00:00:00+00:00
[2024-08-22T00:20:55.296+0000] {logging_mixin.py:190} INFO - [2024-08-22T00:20:55.295+0000] {dag.py:4138} INFO - Setting next_dagrun for read_dataset_event_from_classic to 2024-08-21 00:00:00+00:00, run_after=2024-08-22 00:00:00+00:00
[2024-08-22T00:20:55.545+0000] {processor.py:208} INFO - Processing /home/airflow/.local/lib/python3.12/site-packages/airflow/example_dags/example_inlet_event_extra.py took 1.381 seconds
[2024-08-22T00:21:57.720+0000] {processor.py:186} INFO - Started process (PID=235) to work on /home/airflow/.local/lib/python3.12/site-packages/airflow/example_dags/example_inlet_event_extra.py
[2024-08-22T00:21:57.723+0000] {processor.py:914} INFO - Processing file /home/airflow/.local/lib/python3.12/site-packages/airflow/example_dags/example_inlet_event_extra.py for tasks to queue
[2024-08-22T00:21:57.731+0000] {logging_mixin.py:190} INFO - [2024-08-22T00:21:57.730+0000] {dagbag.py:587} INFO - Filling up the DagBag from /home/airflow/.local/lib/python3.12/site-packages/airflow/example_dags/example_inlet_event_extra.py
[2024-08-22T00:21:58.519+0000] {processor.py:925} INFO - DAG(s) 'read_dataset_event_from_classic', 'read_dataset_event' retrieved from /home/airflow/.local/lib/python3.12/site-packages/airflow/example_dags/example_inlet_event_extra.py
[2024-08-22T00:21:58.720+0000] {logging_mixin.py:190} INFO - [2024-08-22T00:21:58.719+0000] {dag.py:3211} INFO - Sync 2 DAGs
[2024-08-22T00:21:58.903+0000] {logging_mixin.py:190} INFO - [2024-08-22T00:21:58.903+0000] {dag.py:4138} INFO - Setting next_dagrun for read_dataset_event to 2024-08-21 00:00:00+00:00, run_after=2024-08-22 00:00:00+00:00
[2024-08-22T00:21:58.921+0000] {logging_mixin.py:190} INFO - [2024-08-22T00:21:58.920+0000] {dag.py:4138} INFO - Setting next_dagrun for read_dataset_event_from_classic to 2024-08-21 00:00:00+00:00, run_after=2024-08-22 00:00:00+00:00
[2024-08-22T00:21:59.107+0000] {processor.py:208} INFO - Processing /home/airflow/.local/lib/python3.12/site-packages/airflow/example_dags/example_inlet_event_extra.py took 1.408 seconds
[2024-08-22T00:22:29.468+0000] {processor.py:186} INFO - Started process (PID=298) to work on /home/airflow/.local/lib/python3.12/site-packages/airflow/example_dags/example_inlet_event_extra.py
[2024-08-22T00:22:29.471+0000] {processor.py:914} INFO - Processing file /home/airflow/.local/lib/python3.12/site-packages/airflow/example_dags/example_inlet_event_extra.py for tasks to queue
[2024-08-22T00:22:29.479+0000] {logging_mixin.py:190} INFO - [2024-08-22T00:22:29.479+0000] {dagbag.py:587} INFO - Filling up the DagBag from /home/airflow/.local/lib/python3.12/site-packages/airflow/example_dags/example_inlet_event_extra.py
[2024-08-22T00:22:29.965+0000] {processor.py:925} INFO - DAG(s) 'read_dataset_event_from_classic', 'read_dataset_event' retrieved from /home/airflow/.local/lib/python3.12/site-packages/airflow/example_dags/example_inlet_event_extra.py
[2024-08-22T00:22:30.036+0000] {logging_mixin.py:190} INFO - [2024-08-22T00:22:30.036+0000] {dag.py:3211} INFO - Sync 2 DAGs
[2024-08-22T00:22:30.112+0000] {logging_mixin.py:190} INFO - [2024-08-22T00:22:30.111+0000] {dag.py:4138} INFO - Setting next_dagrun for read_dataset_event to 2024-08-21 00:00:00+00:00, run_after=2024-08-22 00:00:00+00:00
[2024-08-22T00:22:30.130+0000] {logging_mixin.py:190} INFO - [2024-08-22T00:22:30.129+0000] {dag.py:4138} INFO - Setting next_dagrun for read_dataset_event_from_classic to 2024-08-21 00:00:00+00:00, run_after=2024-08-22 00:00:00+00:00
[2024-08-22T00:22:30.215+0000] {processor.py:208} INFO - Processing /home/airflow/.local/lib/python3.12/site-packages/airflow/example_dags/example_inlet_event_extra.py took 0.786 seconds
[2024-08-22T00:23:00.371+0000] {processor.py:186} INFO - Started process (PID=361) to work on /home/airflow/.local/lib/python3.12/site-packages/airflow/example_dags/example_inlet_event_extra.py
[2024-08-22T00:23:00.383+0000] {processor.py:914} INFO - Processing file /home/airflow/.local/lib/python3.12/site-packages/airflow/example_dags/example_inlet_event_extra.py for tasks to queue
[2024-08-22T00:23:00.390+0000] {logging_mixin.py:190} INFO - [2024-08-22T00:23:00.389+0000] {dagbag.py:587} INFO - Filling up the DagBag from /home/airflow/.local/lib/python3.12/site-packages/airflow/example_dags/example_inlet_event_extra.py
[2024-08-22T00:23:00.898+0000] {processor.py:925} INFO - DAG(s) 'read_dataset_event_from_classic', 'read_dataset_event' retrieved from /home/airflow/.local/lib/python3.12/site-packages/airflow/example_dags/example_inlet_event_extra.py
[2024-08-22T00:23:00.950+0000] {logging_mixin.py:190} INFO - [2024-08-22T00:23:00.950+0000] {dag.py:3211} INFO - Sync 2 DAGs
[2024-08-22T00:23:01.006+0000] {logging_mixin.py:190} INFO - [2024-08-22T00:23:01.006+0000] {dag.py:4138} INFO - Setting next_dagrun for read_dataset_event to 2024-08-21 00:00:00+00:00, run_after=2024-08-22 00:00:00+00:00
[2024-08-22T00:23:01.031+0000] {logging_mixin.py:190} INFO - [2024-08-22T00:23:01.030+0000] {dag.py:4138} INFO - Setting next_dagrun for read_dataset_event_from_classic to 2024-08-21 00:00:00+00:00, run_after=2024-08-22 00:00:00+00:00
[2024-08-22T00:23:01.120+0000] {processor.py:208} INFO - Processing /home/airflow/.local/lib/python3.12/site-packages/airflow/example_dags/example_inlet_event_extra.py took 0.772 seconds
[2024-08-22T00:23:31.307+0000] {processor.py:186} INFO - Started process (PID=424) to work on /home/airflow/.local/lib/python3.12/site-packages/airflow/example_dags/example_inlet_event_extra.py
[2024-08-22T00:23:31.311+0000] {processor.py:914} INFO - Processing file /home/airflow/.local/lib/python3.12/site-packages/airflow/example_dags/example_inlet_event_extra.py for tasks to queue
[2024-08-22T00:23:31.316+0000] {logging_mixin.py:190} INFO - [2024-08-22T00:23:31.315+0000] {dagbag.py:587} INFO - Filling up the DagBag from /home/airflow/.local/lib/python3.12/site-packages/airflow/example_dags/example_inlet_event_extra.py
[2024-08-22T00:23:31.640+0000] {processor.py:925} INFO - DAG(s) 'read_dataset_event_from_classic', 'read_dataset_event' retrieved from /home/airflow/.local/lib/python3.12/site-packages/airflow/example_dags/example_inlet_event_extra.py
[2024-08-22T00:23:31.690+0000] {logging_mixin.py:190} INFO - [2024-08-22T00:23:31.689+0000] {dag.py:3211} INFO - Sync 2 DAGs
[2024-08-22T00:23:31.743+0000] {logging_mixin.py:190} INFO - [2024-08-22T00:23:31.742+0000] {dag.py:4138} INFO - Setting next_dagrun for read_dataset_event to 2024-08-21 00:00:00+00:00, run_after=2024-08-22 00:00:00+00:00
[2024-08-22T00:23:31.751+0000] {logging_mixin.py:190} INFO - [2024-08-22T00:23:31.751+0000] {dag.py:4138} INFO - Setting next_dagrun for read_dataset_event_from_classic to 2024-08-21 00:00:00+00:00, run_after=2024-08-22 00:00:00+00:00
[2024-08-22T00:23:31.793+0000] {processor.py:208} INFO - Processing /home/airflow/.local/lib/python3.12/site-packages/airflow/example_dags/example_inlet_event_extra.py took 0.496 seconds
[2024-08-22T00:24:03.187+0000] {processor.py:186} INFO - Started process (PID=486) to work on /home/airflow/.local/lib/python3.12/site-packages/airflow/example_dags/example_inlet_event_extra.py
[2024-08-22T00:24:03.189+0000] {processor.py:914} INFO - Processing file /home/airflow/.local/lib/python3.12/site-packages/airflow/example_dags/example_inlet_event_extra.py for tasks to queue
[2024-08-22T00:24:03.199+0000] {logging_mixin.py:190} INFO - [2024-08-22T00:24:03.198+0000] {dagbag.py:587} INFO - Filling up the DagBag from /home/airflow/.local/lib/python3.12/site-packages/airflow/example_dags/example_inlet_event_extra.py
[2024-08-22T00:24:03.497+0000] {processor.py:925} INFO - DAG(s) 'read_dataset_event_from_classic', 'read_dataset_event' retrieved from /home/airflow/.local/lib/python3.12/site-packages/airflow/example_dags/example_inlet_event_extra.py
[2024-08-22T00:24:03.538+0000] {logging_mixin.py:190} INFO - [2024-08-22T00:24:03.538+0000] {dag.py:3211} INFO - Sync 2 DAGs
[2024-08-22T00:24:03.578+0000] {logging_mixin.py:190} INFO - [2024-08-22T00:24:03.578+0000] {dag.py:4138} INFO - Setting next_dagrun for read_dataset_event to 2024-08-21 00:00:00+00:00, run_after=2024-08-22 00:00:00+00:00
[2024-08-22T00:24:03.586+0000] {logging_mixin.py:190} INFO - [2024-08-22T00:24:03.585+0000] {dag.py:4138} INFO - Setting next_dagrun for read_dataset_event_from_classic to 2024-08-21 00:00:00+00:00, run_after=2024-08-22 00:00:00+00:00
[2024-08-22T00:24:03.632+0000] {processor.py:208} INFO - Processing /home/airflow/.local/lib/python3.12/site-packages/airflow/example_dags/example_inlet_event_extra.py took 0.460 seconds
[2024-08-22T00:24:35.450+0000] {processor.py:186} INFO - Started process (PID=549) to work on /home/airflow/.local/lib/python3.12/site-packages/airflow/example_dags/example_inlet_event_extra.py
[2024-08-22T00:24:35.469+0000] {processor.py:914} INFO - Processing file /home/airflow/.local/lib/python3.12/site-packages/airflow/example_dags/example_inlet_event_extra.py for tasks to queue
[2024-08-22T00:24:35.480+0000] {logging_mixin.py:190} INFO - [2024-08-22T00:24:35.479+0000] {dagbag.py:587} INFO - Filling up the DagBag from /home/airflow/.local/lib/python3.12/site-packages/airflow/example_dags/example_inlet_event_extra.py
[2024-08-22T00:24:35.804+0000] {processor.py:925} INFO - DAG(s) 'read_dataset_event_from_classic', 'read_dataset_event' retrieved from /home/airflow/.local/lib/python3.12/site-packages/airflow/example_dags/example_inlet_event_extra.py
[2024-08-22T00:24:35.883+0000] {logging_mixin.py:190} INFO - [2024-08-22T00:24:35.883+0000] {dag.py:3211} INFO - Sync 2 DAGs
[2024-08-22T00:24:36.021+0000] {logging_mixin.py:190} INFO - [2024-08-22T00:24:36.020+0000] {dag.py:4138} INFO - Setting next_dagrun for read_dataset_event to 2024-08-21 00:00:00+00:00, run_after=2024-08-22 00:00:00+00:00
[2024-08-22T00:24:36.048+0000] {logging_mixin.py:190} INFO - [2024-08-22T00:24:36.047+0000] {dag.py:4138} INFO - Setting next_dagrun for read_dataset_event_from_classic to 2024-08-21 00:00:00+00:00, run_after=2024-08-22 00:00:00+00:00
[2024-08-22T00:24:36.190+0000] {processor.py:208} INFO - Processing /home/airflow/.local/lib/python3.12/site-packages/airflow/example_dags/example_inlet_event_extra.py took 0.771 seconds
[2024-08-22T00:25:06.872+0000] {processor.py:186} INFO - Started process (PID=612) to work on /home/airflow/.local/lib/python3.12/site-packages/airflow/example_dags/example_inlet_event_extra.py
[2024-08-22T00:25:06.874+0000] {processor.py:914} INFO - Processing file /home/airflow/.local/lib/python3.12/site-packages/airflow/example_dags/example_inlet_event_extra.py for tasks to queue
[2024-08-22T00:25:06.885+0000] {logging_mixin.py:190} INFO - [2024-08-22T00:25:06.884+0000] {dagbag.py:587} INFO - Filling up the DagBag from /home/airflow/.local/lib/python3.12/site-packages/airflow/example_dags/example_inlet_event_extra.py
[2024-08-22T00:25:07.188+0000] {processor.py:925} INFO - DAG(s) 'read_dataset_event_from_classic', 'read_dataset_event' retrieved from /home/airflow/.local/lib/python3.12/site-packages/airflow/example_dags/example_inlet_event_extra.py
[2024-08-22T00:25:07.221+0000] {logging_mixin.py:190} INFO - [2024-08-22T00:25:07.221+0000] {dag.py:3211} INFO - Sync 2 DAGs
[2024-08-22T00:25:07.264+0000] {logging_mixin.py:190} INFO - [2024-08-22T00:25:07.264+0000] {dag.py:4138} INFO - Setting next_dagrun for read_dataset_event to 2024-08-21 00:00:00+00:00, run_after=2024-08-22 00:00:00+00:00
[2024-08-22T00:25:07.272+0000] {logging_mixin.py:190} INFO - [2024-08-22T00:25:07.271+0000] {dag.py:4138} INFO - Setting next_dagrun for read_dataset_event_from_classic to 2024-08-21 00:00:00+00:00, run_after=2024-08-22 00:00:00+00:00
[2024-08-22T00:25:08.267+0000] {processor.py:208} INFO - Processing /home/airflow/.local/lib/python3.12/site-packages/airflow/example_dags/example_inlet_event_extra.py took 1.411 seconds
[2024-08-22T00:25:38.711+0000] {processor.py:186} INFO - Started process (PID=676) to work on /home/airflow/.local/lib/python3.12/site-packages/airflow/example_dags/example_inlet_event_extra.py
[2024-08-22T00:25:38.712+0000] {processor.py:914} INFO - Processing file /home/airflow/.local/lib/python3.12/site-packages/airflow/example_dags/example_inlet_event_extra.py for tasks to queue
[2024-08-22T00:25:38.716+0000] {logging_mixin.py:190} INFO - [2024-08-22T00:25:38.716+0000] {dagbag.py:587} INFO - Filling up the DagBag from /home/airflow/.local/lib/python3.12/site-packages/airflow/example_dags/example_inlet_event_extra.py
[2024-08-22T00:25:39.099+0000] {processor.py:925} INFO - DAG(s) 'read_dataset_event_from_classic', 'read_dataset_event' retrieved from /home/airflow/.local/lib/python3.12/site-packages/airflow/example_dags/example_inlet_event_extra.py
[2024-08-22T00:25:39.145+0000] {logging_mixin.py:190} INFO - [2024-08-22T00:25:39.145+0000] {dag.py:3211} INFO - Sync 2 DAGs
[2024-08-22T00:25:39.190+0000] {logging_mixin.py:190} INFO - [2024-08-22T00:25:39.189+0000] {dag.py:4138} INFO - Setting next_dagrun for read_dataset_event to 2024-08-21 00:00:00+00:00, run_after=2024-08-22 00:00:00+00:00
[2024-08-22T00:25:39.200+0000] {logging_mixin.py:190} INFO - [2024-08-22T00:25:39.199+0000] {dag.py:4138} INFO - Setting next_dagrun for read_dataset_event_from_classic to 2024-08-21 00:00:00+00:00, run_after=2024-08-22 00:00:00+00:00
[2024-08-22T00:25:39.230+0000] {processor.py:208} INFO - Processing /home/airflow/.local/lib/python3.12/site-packages/airflow/example_dags/example_inlet_event_extra.py took 0.529 seconds
[2024-08-22T00:26:09.877+0000] {processor.py:186} INFO - Started process (PID=738) to work on /home/airflow/.local/lib/python3.12/site-packages/airflow/example_dags/example_inlet_event_extra.py
[2024-08-22T00:26:09.883+0000] {processor.py:914} INFO - Processing file /home/airflow/.local/lib/python3.12/site-packages/airflow/example_dags/example_inlet_event_extra.py for tasks to queue
[2024-08-22T00:26:09.888+0000] {logging_mixin.py:190} INFO - [2024-08-22T00:26:09.887+0000] {dagbag.py:587} INFO - Filling up the DagBag from /home/airflow/.local/lib/python3.12/site-packages/airflow/example_dags/example_inlet_event_extra.py
[2024-08-22T00:26:10.286+0000] {processor.py:925} INFO - DAG(s) 'read_dataset_event', 'read_dataset_event_from_classic' retrieved from /home/airflow/.local/lib/python3.12/site-packages/airflow/example_dags/example_inlet_event_extra.py
[2024-08-22T00:26:10.323+0000] {logging_mixin.py:190} INFO - [2024-08-22T00:26:10.323+0000] {dag.py:3211} INFO - Sync 2 DAGs
[2024-08-22T00:26:10.371+0000] {logging_mixin.py:190} INFO - [2024-08-22T00:26:10.370+0000] {dag.py:4138} INFO - Setting next_dagrun for read_dataset_event to 2024-08-21 00:00:00+00:00, run_after=2024-08-22 00:00:00+00:00
[2024-08-22T00:26:10.389+0000] {logging_mixin.py:190} INFO - [2024-08-22T00:26:10.388+0000] {dag.py:4138} INFO - Setting next_dagrun for read_dataset_event_from_classic to 2024-08-21 00:00:00+00:00, run_after=2024-08-22 00:00:00+00:00
[2024-08-22T00:26:10.417+0000] {processor.py:208} INFO - Processing /home/airflow/.local/lib/python3.12/site-packages/airflow/example_dags/example_inlet_event_extra.py took 0.561 seconds
[2024-08-22T00:26:40.620+0000] {processor.py:186} INFO - Started process (PID=802) to work on /home/airflow/.local/lib/python3.12/site-packages/airflow/example_dags/example_inlet_event_extra.py
[2024-08-22T00:26:40.630+0000] {processor.py:914} INFO - Processing file /home/airflow/.local/lib/python3.12/site-packages/airflow/example_dags/example_inlet_event_extra.py for tasks to queue
[2024-08-22T00:26:40.639+0000] {logging_mixin.py:190} INFO - [2024-08-22T00:26:40.638+0000] {dagbag.py:587} INFO - Filling up the DagBag from /home/airflow/.local/lib/python3.12/site-packages/airflow/example_dags/example_inlet_event_extra.py
[2024-08-22T00:26:41.089+0000] {processor.py:925} INFO - DAG(s) 'read_dataset_event_from_classic', 'read_dataset_event' retrieved from /home/airflow/.local/lib/python3.12/site-packages/airflow/example_dags/example_inlet_event_extra.py
[2024-08-22T00:26:41.162+0000] {logging_mixin.py:190} INFO - [2024-08-22T00:26:41.162+0000] {dag.py:3211} INFO - Sync 2 DAGs
[2024-08-22T00:26:41.244+0000] {logging_mixin.py:190} INFO - [2024-08-22T00:26:41.243+0000] {dag.py:4138} INFO - Setting next_dagrun for read_dataset_event to 2024-08-21 00:00:00+00:00, run_after=2024-08-22 00:00:00+00:00
[2024-08-22T00:26:41.263+0000] {logging_mixin.py:190} INFO - [2024-08-22T00:26:41.263+0000] {dag.py:4138} INFO - Setting next_dagrun for read_dataset_event_from_classic to 2024-08-21 00:00:00+00:00, run_after=2024-08-22 00:00:00+00:00
[2024-08-22T00:26:41.307+0000] {processor.py:208} INFO - Processing /home/airflow/.local/lib/python3.12/site-packages/airflow/example_dags/example_inlet_event_extra.py took 0.718 seconds
[2024-08-22T00:27:11.717+0000] {processor.py:186} INFO - Started process (PID=867) to work on /home/airflow/.local/lib/python3.12/site-packages/airflow/example_dags/example_inlet_event_extra.py
[2024-08-22T00:27:11.720+0000] {processor.py:914} INFO - Processing file /home/airflow/.local/lib/python3.12/site-packages/airflow/example_dags/example_inlet_event_extra.py for tasks to queue
[2024-08-22T00:27:11.729+0000] {logging_mixin.py:190} INFO - [2024-08-22T00:27:11.725+0000] {dagbag.py:587} INFO - Filling up the DagBag from /home/airflow/.local/lib/python3.12/site-packages/airflow/example_dags/example_inlet_event_extra.py
[2024-08-22T00:27:12.136+0000] {processor.py:925} INFO - DAG(s) 'read_dataset_event', 'read_dataset_event_from_classic' retrieved from /home/airflow/.local/lib/python3.12/site-packages/airflow/example_dags/example_inlet_event_extra.py
[2024-08-22T00:27:12.245+0000] {logging_mixin.py:190} INFO - [2024-08-22T00:27:12.243+0000] {dag.py:3211} INFO - Sync 2 DAGs
[2024-08-22T00:27:12.416+0000] {logging_mixin.py:190} INFO - [2024-08-22T00:27:12.415+0000] {dag.py:4138} INFO - Setting next_dagrun for read_dataset_event to 2024-08-21 00:00:00+00:00, run_after=2024-08-22 00:00:00+00:00
[2024-08-22T00:27:12.435+0000] {logging_mixin.py:190} INFO - [2024-08-22T00:27:12.433+0000] {dag.py:4138} INFO - Setting next_dagrun for read_dataset_event_from_classic to 2024-08-21 00:00:00+00:00, run_after=2024-08-22 00:00:00+00:00
[2024-08-22T00:27:12.560+0000] {processor.py:208} INFO - Processing /home/airflow/.local/lib/python3.12/site-packages/airflow/example_dags/example_inlet_event_extra.py took 0.858 seconds
[2024-08-22T00:27:45.204+0000] {processor.py:186} INFO - Started process (PID=924) to work on /home/airflow/.local/lib/python3.12/site-packages/airflow/example_dags/example_inlet_event_extra.py
[2024-08-22T00:27:45.206+0000] {processor.py:914} INFO - Processing file /home/airflow/.local/lib/python3.12/site-packages/airflow/example_dags/example_inlet_event_extra.py for tasks to queue
[2024-08-22T00:27:45.210+0000] {logging_mixin.py:190} INFO - [2024-08-22T00:27:45.210+0000] {dagbag.py:587} INFO - Filling up the DagBag from /home/airflow/.local/lib/python3.12/site-packages/airflow/example_dags/example_inlet_event_extra.py
[2024-08-22T00:27:45.533+0000] {processor.py:925} INFO - DAG(s) 'read_dataset_event_from_classic', 'read_dataset_event' retrieved from /home/airflow/.local/lib/python3.12/site-packages/airflow/example_dags/example_inlet_event_extra.py
[2024-08-22T00:27:45.574+0000] {logging_mixin.py:190} INFO - [2024-08-22T00:27:45.573+0000] {dag.py:3211} INFO - Sync 2 DAGs
[2024-08-22T00:27:45.640+0000] {logging_mixin.py:190} INFO - [2024-08-22T00:27:45.640+0000] {dag.py:4138} INFO - Setting next_dagrun for read_dataset_event to 2024-08-21 00:00:00+00:00, run_after=2024-08-22 00:00:00+00:00
[2024-08-22T00:27:45.651+0000] {logging_mixin.py:190} INFO - [2024-08-22T00:27:45.650+0000] {dag.py:4138} INFO - Setting next_dagrun for read_dataset_event_from_classic to 2024-08-21 00:00:00+00:00, run_after=2024-08-22 00:00:00+00:00
[2024-08-22T00:27:45.688+0000] {processor.py:208} INFO - Processing /home/airflow/.local/lib/python3.12/site-packages/airflow/example_dags/example_inlet_event_extra.py took 0.497 seconds
[2024-08-22T00:28:16.791+0000] {processor.py:186} INFO - Started process (PID=989) to work on /home/airflow/.local/lib/python3.12/site-packages/airflow/example_dags/example_inlet_event_extra.py
[2024-08-22T00:28:16.796+0000] {processor.py:914} INFO - Processing file /home/airflow/.local/lib/python3.12/site-packages/airflow/example_dags/example_inlet_event_extra.py for tasks to queue
[2024-08-22T00:28:16.801+0000] {logging_mixin.py:190} INFO - [2024-08-22T00:28:16.800+0000] {dagbag.py:587} INFO - Filling up the DagBag from /home/airflow/.local/lib/python3.12/site-packages/airflow/example_dags/example_inlet_event_extra.py
[2024-08-22T00:28:17.231+0000] {processor.py:925} INFO - DAG(s) 'read_dataset_event_from_classic', 'read_dataset_event' retrieved from /home/airflow/.local/lib/python3.12/site-packages/airflow/example_dags/example_inlet_event_extra.py
[2024-08-22T00:28:17.282+0000] {logging_mixin.py:190} INFO - [2024-08-22T00:28:17.282+0000] {dag.py:3211} INFO - Sync 2 DAGs
[2024-08-22T00:28:17.331+0000] {logging_mixin.py:190} INFO - [2024-08-22T00:28:17.331+0000] {dag.py:4138} INFO - Setting next_dagrun for read_dataset_event to 2024-08-21 00:00:00+00:00, run_after=2024-08-22 00:00:00+00:00
[2024-08-22T00:28:17.340+0000] {logging_mixin.py:190} INFO - [2024-08-22T00:28:17.340+0000] {dag.py:4138} INFO - Setting next_dagrun for read_dataset_event_from_classic to 2024-08-21 00:00:00+00:00, run_after=2024-08-22 00:00:00+00:00
[2024-08-22T00:28:17.557+0000] {processor.py:208} INFO - Processing /home/airflow/.local/lib/python3.12/site-packages/airflow/example_dags/example_inlet_event_extra.py took 0.779 seconds
[2024-08-22T00:28:49.571+0000] {processor.py:186} INFO - Started process (PID=1053) to work on /home/airflow/.local/lib/python3.12/site-packages/airflow/example_dags/example_inlet_event_extra.py
[2024-08-22T00:28:49.573+0000] {processor.py:914} INFO - Processing file /home/airflow/.local/lib/python3.12/site-packages/airflow/example_dags/example_inlet_event_extra.py for tasks to queue
[2024-08-22T00:28:49.578+0000] {logging_mixin.py:190} INFO - [2024-08-22T00:28:49.578+0000] {dagbag.py:587} INFO - Filling up the DagBag from /home/airflow/.local/lib/python3.12/site-packages/airflow/example_dags/example_inlet_event_extra.py
[2024-08-22T00:28:50.073+0000] {processor.py:925} INFO - DAG(s) 'read_dataset_event', 'read_dataset_event_from_classic' retrieved from /home/airflow/.local/lib/python3.12/site-packages/airflow/example_dags/example_inlet_event_extra.py
[2024-08-22T00:28:50.189+0000] {logging_mixin.py:190} INFO - [2024-08-22T00:28:50.187+0000] {dag.py:3211} INFO - Sync 2 DAGs
[2024-08-22T00:28:50.307+0000] {logging_mixin.py:190} INFO - [2024-08-22T00:28:50.307+0000] {dag.py:4138} INFO - Setting next_dagrun for read_dataset_event to 2024-08-21 00:00:00+00:00, run_after=2024-08-22 00:00:00+00:00
[2024-08-22T00:28:50.332+0000] {logging_mixin.py:190} INFO - [2024-08-22T00:28:50.332+0000] {dag.py:4138} INFO - Setting next_dagrun for read_dataset_event_from_classic to 2024-08-21 00:00:00+00:00, run_after=2024-08-22 00:00:00+00:00
[2024-08-22T00:28:50.398+0000] {processor.py:208} INFO - Processing /home/airflow/.local/lib/python3.12/site-packages/airflow/example_dags/example_inlet_event_extra.py took 0.841 seconds
[2024-08-22T00:29:20.820+0000] {processor.py:186} INFO - Started process (PID=1116) to work on /home/airflow/.local/lib/python3.12/site-packages/airflow/example_dags/example_inlet_event_extra.py
[2024-08-22T00:29:20.823+0000] {processor.py:914} INFO - Processing file /home/airflow/.local/lib/python3.12/site-packages/airflow/example_dags/example_inlet_event_extra.py for tasks to queue
[2024-08-22T00:29:20.832+0000] {logging_mixin.py:190} INFO - [2024-08-22T00:29:20.831+0000] {dagbag.py:587} INFO - Filling up the DagBag from /home/airflow/.local/lib/python3.12/site-packages/airflow/example_dags/example_inlet_event_extra.py
[2024-08-22T00:29:21.135+0000] {processor.py:925} INFO - DAG(s) 'read_dataset_event', 'read_dataset_event_from_classic' retrieved from /home/airflow/.local/lib/python3.12/site-packages/airflow/example_dags/example_inlet_event_extra.py
[2024-08-22T00:29:21.171+0000] {logging_mixin.py:190} INFO - [2024-08-22T00:29:21.171+0000] {dag.py:3211} INFO - Sync 2 DAGs
[2024-08-22T00:29:21.219+0000] {logging_mixin.py:190} INFO - [2024-08-22T00:29:21.218+0000] {dag.py:4138} INFO - Setting next_dagrun for read_dataset_event to 2024-08-21 00:00:00+00:00, run_after=2024-08-22 00:00:00+00:00
[2024-08-22T00:29:21.231+0000] {logging_mixin.py:190} INFO - [2024-08-22T00:29:21.230+0000] {dag.py:4138} INFO - Setting next_dagrun for read_dataset_event_from_classic to 2024-08-21 00:00:00+00:00, run_after=2024-08-22 00:00:00+00:00
[2024-08-22T00:29:21.283+0000] {processor.py:208} INFO - Processing /home/airflow/.local/lib/python3.12/site-packages/airflow/example_dags/example_inlet_event_extra.py took 0.492 seconds
[2024-08-22T00:29:51.620+0000] {processor.py:186} INFO - Started process (PID=1179) to work on /home/airflow/.local/lib/python3.12/site-packages/airflow/example_dags/example_inlet_event_extra.py
[2024-08-22T00:29:51.622+0000] {processor.py:914} INFO - Processing file /home/airflow/.local/lib/python3.12/site-packages/airflow/example_dags/example_inlet_event_extra.py for tasks to queue
[2024-08-22T00:29:51.637+0000] {logging_mixin.py:190} INFO - [2024-08-22T00:29:51.636+0000] {dagbag.py:587} INFO - Filling up the DagBag from /home/airflow/.local/lib/python3.12/site-packages/airflow/example_dags/example_inlet_event_extra.py
[2024-08-22T00:29:52.033+0000] {processor.py:925} INFO - DAG(s) 'read_dataset_event_from_classic', 'read_dataset_event' retrieved from /home/airflow/.local/lib/python3.12/site-packages/airflow/example_dags/example_inlet_event_extra.py
[2024-08-22T00:29:52.076+0000] {logging_mixin.py:190} INFO - [2024-08-22T00:29:52.076+0000] {dag.py:3211} INFO - Sync 2 DAGs
[2024-08-22T00:29:52.120+0000] {logging_mixin.py:190} INFO - [2024-08-22T00:29:52.120+0000] {dag.py:4138} INFO - Setting next_dagrun for read_dataset_event to 2024-08-21 00:00:00+00:00, run_after=2024-08-22 00:00:00+00:00
[2024-08-22T00:29:52.131+0000] {logging_mixin.py:190} INFO - [2024-08-22T00:29:52.131+0000] {dag.py:4138} INFO - Setting next_dagrun for read_dataset_event_from_classic to 2024-08-21 00:00:00+00:00, run_after=2024-08-22 00:00:00+00:00
[2024-08-22T00:29:52.167+0000] {processor.py:208} INFO - Processing /home/airflow/.local/lib/python3.12/site-packages/airflow/example_dags/example_inlet_event_extra.py took 0.568 seconds
[2024-08-22T00:30:22.898+0000] {processor.py:186} INFO - Started process (PID=1242) to work on /home/airflow/.local/lib/python3.12/site-packages/airflow/example_dags/example_inlet_event_extra.py
[2024-08-22T00:30:22.900+0000] {processor.py:914} INFO - Processing file /home/airflow/.local/lib/python3.12/site-packages/airflow/example_dags/example_inlet_event_extra.py for tasks to queue
[2024-08-22T00:30:22.904+0000] {logging_mixin.py:190} INFO - [2024-08-22T00:30:22.904+0000] {dagbag.py:587} INFO - Filling up the DagBag from /home/airflow/.local/lib/python3.12/site-packages/airflow/example_dags/example_inlet_event_extra.py
[2024-08-22T00:30:23.283+0000] {processor.py:925} INFO - DAG(s) 'read_dataset_event', 'read_dataset_event_from_classic' retrieved from /home/airflow/.local/lib/python3.12/site-packages/airflow/example_dags/example_inlet_event_extra.py
[2024-08-22T00:30:23.334+0000] {logging_mixin.py:190} INFO - [2024-08-22T00:30:23.334+0000] {dag.py:3211} INFO - Sync 2 DAGs
[2024-08-22T00:30:23.385+0000] {logging_mixin.py:190} INFO - [2024-08-22T00:30:23.385+0000] {dag.py:4138} INFO - Setting next_dagrun for read_dataset_event to 2024-08-21 00:00:00+00:00, run_after=2024-08-22 00:00:00+00:00
[2024-08-22T00:30:23.399+0000] {logging_mixin.py:190} INFO - [2024-08-22T00:30:23.398+0000] {dag.py:4138} INFO - Setting next_dagrun for read_dataset_event_from_classic to 2024-08-21 00:00:00+00:00, run_after=2024-08-22 00:00:00+00:00
[2024-08-22T00:30:23.459+0000] {processor.py:208} INFO - Processing /home/airflow/.local/lib/python3.12/site-packages/airflow/example_dags/example_inlet_event_extra.py took 0.573 seconds
[2024-08-22T00:30:54.129+0000] {processor.py:186} INFO - Started process (PID=1306) to work on /home/airflow/.local/lib/python3.12/site-packages/airflow/example_dags/example_inlet_event_extra.py
[2024-08-22T00:30:54.131+0000] {processor.py:914} INFO - Processing file /home/airflow/.local/lib/python3.12/site-packages/airflow/example_dags/example_inlet_event_extra.py for tasks to queue
[2024-08-22T00:30:54.135+0000] {logging_mixin.py:190} INFO - [2024-08-22T00:30:54.134+0000] {dagbag.py:587} INFO - Filling up the DagBag from /home/airflow/.local/lib/python3.12/site-packages/airflow/example_dags/example_inlet_event_extra.py
[2024-08-22T00:30:54.509+0000] {processor.py:925} INFO - DAG(s) 'read_dataset_event', 'read_dataset_event_from_classic' retrieved from /home/airflow/.local/lib/python3.12/site-packages/airflow/example_dags/example_inlet_event_extra.py
[2024-08-22T00:30:54.571+0000] {logging_mixin.py:190} INFO - [2024-08-22T00:30:54.570+0000] {dag.py:3211} INFO - Sync 2 DAGs
[2024-08-22T00:30:54.633+0000] {logging_mixin.py:190} INFO - [2024-08-22T00:30:54.633+0000] {dag.py:4138} INFO - Setting next_dagrun for read_dataset_event to 2024-08-21 00:00:00+00:00, run_after=2024-08-22 00:00:00+00:00
[2024-08-22T00:30:54.652+0000] {logging_mixin.py:190} INFO - [2024-08-22T00:30:54.651+0000] {dag.py:4138} INFO - Setting next_dagrun for read_dataset_event_from_classic to 2024-08-21 00:00:00+00:00, run_after=2024-08-22 00:00:00+00:00
[2024-08-22T00:30:54.682+0000] {processor.py:208} INFO - Processing /home/airflow/.local/lib/python3.12/site-packages/airflow/example_dags/example_inlet_event_extra.py took 0.566 seconds
[2024-08-22T00:31:25.466+0000] {processor.py:186} INFO - Started process (PID=1377) to work on /home/airflow/.local/lib/python3.12/site-packages/airflow/example_dags/example_inlet_event_extra.py
[2024-08-22T00:31:25.467+0000] {processor.py:914} INFO - Processing file /home/airflow/.local/lib/python3.12/site-packages/airflow/example_dags/example_inlet_event_extra.py for tasks to queue
[2024-08-22T00:31:25.470+0000] {logging_mixin.py:190} INFO - [2024-08-22T00:31:25.470+0000] {dagbag.py:587} INFO - Filling up the DagBag from /home/airflow/.local/lib/python3.12/site-packages/airflow/example_dags/example_inlet_event_extra.py
[2024-08-22T00:31:25.708+0000] {processor.py:925} INFO - DAG(s) 'read_dataset_event', 'read_dataset_event_from_classic' retrieved from /home/airflow/.local/lib/python3.12/site-packages/airflow/example_dags/example_inlet_event_extra.py
[2024-08-22T00:31:25.745+0000] {logging_mixin.py:190} INFO - [2024-08-22T00:31:25.745+0000] {dag.py:3211} INFO - Sync 2 DAGs
[2024-08-22T00:31:25.784+0000] {logging_mixin.py:190} INFO - [2024-08-22T00:31:25.784+0000] {dag.py:4138} INFO - Setting next_dagrun for read_dataset_event to 2024-08-21 00:00:00+00:00, run_after=2024-08-22 00:00:00+00:00
[2024-08-22T00:31:25.791+0000] {logging_mixin.py:190} INFO - [2024-08-22T00:31:25.791+0000] {dag.py:4138} INFO - Setting next_dagrun for read_dataset_event_from_classic to 2024-08-21 00:00:00+00:00, run_after=2024-08-22 00:00:00+00:00
[2024-08-22T00:31:25.834+0000] {processor.py:208} INFO - Processing /home/airflow/.local/lib/python3.12/site-packages/airflow/example_dags/example_inlet_event_extra.py took 0.377 seconds
[2024-08-22T00:31:55.980+0000] {processor.py:186} INFO - Started process (PID=1441) to work on /home/airflow/.local/lib/python3.12/site-packages/airflow/example_dags/example_inlet_event_extra.py
[2024-08-22T00:31:55.983+0000] {processor.py:914} INFO - Processing file /home/airflow/.local/lib/python3.12/site-packages/airflow/example_dags/example_inlet_event_extra.py for tasks to queue
[2024-08-22T00:31:55.986+0000] {logging_mixin.py:190} INFO - [2024-08-22T00:31:55.986+0000] {dagbag.py:587} INFO - Filling up the DagBag from /home/airflow/.local/lib/python3.12/site-packages/airflow/example_dags/example_inlet_event_extra.py
[2024-08-22T00:31:56.303+0000] {processor.py:925} INFO - DAG(s) 'read_dataset_event_from_classic', 'read_dataset_event' retrieved from /home/airflow/.local/lib/python3.12/site-packages/airflow/example_dags/example_inlet_event_extra.py
[2024-08-22T00:31:56.354+0000] {logging_mixin.py:190} INFO - [2024-08-22T00:31:56.354+0000] {dag.py:3211} INFO - Sync 2 DAGs
[2024-08-22T00:31:56.409+0000] {logging_mixin.py:190} INFO - [2024-08-22T00:31:56.409+0000] {dag.py:4138} INFO - Setting next_dagrun for read_dataset_event to 2024-08-21 00:00:00+00:00, run_after=2024-08-22 00:00:00+00:00
[2024-08-22T00:31:56.421+0000] {logging_mixin.py:190} INFO - [2024-08-22T00:31:56.420+0000] {dag.py:4138} INFO - Setting next_dagrun for read_dataset_event_from_classic to 2024-08-21 00:00:00+00:00, run_after=2024-08-22 00:00:00+00:00
[2024-08-22T00:31:56.482+0000] {processor.py:208} INFO - Processing /home/airflow/.local/lib/python3.12/site-packages/airflow/example_dags/example_inlet_event_extra.py took 0.514 seconds
[2024-08-22T00:32:27.031+0000] {processor.py:186} INFO - Started process (PID=1504) to work on /home/airflow/.local/lib/python3.12/site-packages/airflow/example_dags/example_inlet_event_extra.py
[2024-08-22T00:32:27.033+0000] {processor.py:914} INFO - Processing file /home/airflow/.local/lib/python3.12/site-packages/airflow/example_dags/example_inlet_event_extra.py for tasks to queue
[2024-08-22T00:32:27.038+0000] {logging_mixin.py:190} INFO - [2024-08-22T00:32:27.037+0000] {dagbag.py:587} INFO - Filling up the DagBag from /home/airflow/.local/lib/python3.12/site-packages/airflow/example_dags/example_inlet_event_extra.py
[2024-08-22T00:32:27.389+0000] {processor.py:925} INFO - DAG(s) 'read_dataset_event', 'read_dataset_event_from_classic' retrieved from /home/airflow/.local/lib/python3.12/site-packages/airflow/example_dags/example_inlet_event_extra.py
[2024-08-22T00:32:27.429+0000] {logging_mixin.py:190} INFO - [2024-08-22T00:32:27.427+0000] {dag.py:3211} INFO - Sync 2 DAGs
[2024-08-22T00:32:27.474+0000] {logging_mixin.py:190} INFO - [2024-08-22T00:32:27.474+0000] {dag.py:4138} INFO - Setting next_dagrun for read_dataset_event to 2024-08-21 00:00:00+00:00, run_after=2024-08-22 00:00:00+00:00
[2024-08-22T00:32:27.484+0000] {logging_mixin.py:190} INFO - [2024-08-22T00:32:27.483+0000] {dag.py:4138} INFO - Setting next_dagrun for read_dataset_event_from_classic to 2024-08-21 00:00:00+00:00, run_after=2024-08-22 00:00:00+00:00
[2024-08-22T00:32:27.513+0000] {processor.py:208} INFO - Processing /home/airflow/.local/lib/python3.12/site-packages/airflow/example_dags/example_inlet_event_extra.py took 0.501 seconds
[2024-08-22T00:32:57.858+0000] {processor.py:186} INFO - Started process (PID=1567) to work on /home/airflow/.local/lib/python3.12/site-packages/airflow/example_dags/example_inlet_event_extra.py
[2024-08-22T00:32:57.859+0000] {processor.py:914} INFO - Processing file /home/airflow/.local/lib/python3.12/site-packages/airflow/example_dags/example_inlet_event_extra.py for tasks to queue
[2024-08-22T00:32:57.866+0000] {logging_mixin.py:190} INFO - [2024-08-22T00:32:57.865+0000] {dagbag.py:587} INFO - Filling up the DagBag from /home/airflow/.local/lib/python3.12/site-packages/airflow/example_dags/example_inlet_event_extra.py
[2024-08-22T00:32:58.119+0000] {processor.py:925} INFO - DAG(s) 'read_dataset_event', 'read_dataset_event_from_classic' retrieved from /home/airflow/.local/lib/python3.12/site-packages/airflow/example_dags/example_inlet_event_extra.py
[2024-08-22T00:32:58.155+0000] {logging_mixin.py:190} INFO - [2024-08-22T00:32:58.155+0000] {dag.py:3211} INFO - Sync 2 DAGs
[2024-08-22T00:32:58.199+0000] {logging_mixin.py:190} INFO - [2024-08-22T00:32:58.198+0000] {dag.py:4138} INFO - Setting next_dagrun for read_dataset_event to 2024-08-21 00:00:00+00:00, run_after=2024-08-22 00:00:00+00:00
[2024-08-22T00:32:58.209+0000] {logging_mixin.py:190} INFO - [2024-08-22T00:32:58.209+0000] {dag.py:4138} INFO - Setting next_dagrun for read_dataset_event_from_classic to 2024-08-21 00:00:00+00:00, run_after=2024-08-22 00:00:00+00:00
[2024-08-22T00:32:58.235+0000] {processor.py:208} INFO - Processing /home/airflow/.local/lib/python3.12/site-packages/airflow/example_dags/example_inlet_event_extra.py took 0.388 seconds
[2024-08-22T00:33:30.885+0000] {processor.py:186} INFO - Started process (PID=1625) to work on /home/airflow/.local/lib/python3.12/site-packages/airflow/example_dags/example_inlet_event_extra.py
[2024-08-22T00:33:30.886+0000] {processor.py:914} INFO - Processing file /home/airflow/.local/lib/python3.12/site-packages/airflow/example_dags/example_inlet_event_extra.py for tasks to queue
[2024-08-22T00:33:30.890+0000] {logging_mixin.py:190} INFO - [2024-08-22T00:33:30.890+0000] {dagbag.py:587} INFO - Filling up the DagBag from /home/airflow/.local/lib/python3.12/site-packages/airflow/example_dags/example_inlet_event_extra.py
[2024-08-22T00:33:31.187+0000] {processor.py:925} INFO - DAG(s) 'read_dataset_event', 'read_dataset_event_from_classic' retrieved from /home/airflow/.local/lib/python3.12/site-packages/airflow/example_dags/example_inlet_event_extra.py
[2024-08-22T00:33:31.254+0000] {logging_mixin.py:190} INFO - [2024-08-22T00:33:31.254+0000] {dag.py:3211} INFO - Sync 2 DAGs
[2024-08-22T00:33:31.314+0000] {logging_mixin.py:190} INFO - [2024-08-22T00:33:31.313+0000] {dag.py:4138} INFO - Setting next_dagrun for read_dataset_event to 2024-08-21 00:00:00+00:00, run_after=2024-08-22 00:00:00+00:00
[2024-08-22T00:33:31.323+0000] {logging_mixin.py:190} INFO - [2024-08-22T00:33:31.323+0000] {dag.py:4138} INFO - Setting next_dagrun for read_dataset_event_from_classic to 2024-08-21 00:00:00+00:00, run_after=2024-08-22 00:00:00+00:00
[2024-08-22T00:33:31.364+0000] {processor.py:208} INFO - Processing /home/airflow/.local/lib/python3.12/site-packages/airflow/example_dags/example_inlet_event_extra.py took 0.490 seconds
[2024-08-22T00:34:02.183+0000] {processor.py:186} INFO - Started process (PID=1689) to work on /home/airflow/.local/lib/python3.12/site-packages/airflow/example_dags/example_inlet_event_extra.py
[2024-08-22T00:34:02.184+0000] {processor.py:914} INFO - Processing file /home/airflow/.local/lib/python3.12/site-packages/airflow/example_dags/example_inlet_event_extra.py for tasks to queue
[2024-08-22T00:34:02.188+0000] {logging_mixin.py:190} INFO - [2024-08-22T00:34:02.187+0000] {dagbag.py:587} INFO - Filling up the DagBag from /home/airflow/.local/lib/python3.12/site-packages/airflow/example_dags/example_inlet_event_extra.py
[2024-08-22T00:34:02.677+0000] {processor.py:925} INFO - DAG(s) 'read_dataset_event_from_classic', 'read_dataset_event' retrieved from /home/airflow/.local/lib/python3.12/site-packages/airflow/example_dags/example_inlet_event_extra.py
[2024-08-22T00:34:02.719+0000] {logging_mixin.py:190} INFO - [2024-08-22T00:34:02.719+0000] {dag.py:3211} INFO - Sync 2 DAGs
[2024-08-22T00:34:02.775+0000] {logging_mixin.py:190} INFO - [2024-08-22T00:34:02.775+0000] {dag.py:4138} INFO - Setting next_dagrun for read_dataset_event to 2024-08-21 00:00:00+00:00, run_after=2024-08-22 00:00:00+00:00
[2024-08-22T00:34:02.785+0000] {logging_mixin.py:190} INFO - [2024-08-22T00:34:02.785+0000] {dag.py:4138} INFO - Setting next_dagrun for read_dataset_event_from_classic to 2024-08-21 00:00:00+00:00, run_after=2024-08-22 00:00:00+00:00
[2024-08-22T00:34:02.836+0000] {processor.py:208} INFO - Processing /home/airflow/.local/lib/python3.12/site-packages/airflow/example_dags/example_inlet_event_extra.py took 0.670 seconds
[2024-08-22T00:34:33.860+0000] {processor.py:186} INFO - Started process (PID=1751) to work on /home/airflow/.local/lib/python3.12/site-packages/airflow/example_dags/example_inlet_event_extra.py
[2024-08-22T00:34:33.867+0000] {processor.py:914} INFO - Processing file /home/airflow/.local/lib/python3.12/site-packages/airflow/example_dags/example_inlet_event_extra.py for tasks to queue
[2024-08-22T00:34:33.871+0000] {logging_mixin.py:190} INFO - [2024-08-22T00:34:33.871+0000] {dagbag.py:587} INFO - Filling up the DagBag from /home/airflow/.local/lib/python3.12/site-packages/airflow/example_dags/example_inlet_event_extra.py
[2024-08-22T00:34:34.183+0000] {processor.py:925} INFO - DAG(s) 'read_dataset_event', 'read_dataset_event_from_classic' retrieved from /home/airflow/.local/lib/python3.12/site-packages/airflow/example_dags/example_inlet_event_extra.py
[2024-08-22T00:34:34.225+0000] {logging_mixin.py:190} INFO - [2024-08-22T00:34:34.225+0000] {dag.py:3211} INFO - Sync 2 DAGs
[2024-08-22T00:34:34.285+0000] {logging_mixin.py:190} INFO - [2024-08-22T00:34:34.285+0000] {dag.py:4138} INFO - Setting next_dagrun for read_dataset_event to 2024-08-21 00:00:00+00:00, run_after=2024-08-22 00:00:00+00:00
[2024-08-22T00:34:34.296+0000] {logging_mixin.py:190} INFO - [2024-08-22T00:34:34.296+0000] {dag.py:4138} INFO - Setting next_dagrun for read_dataset_event_from_classic to 2024-08-21 00:00:00+00:00, run_after=2024-08-22 00:00:00+00:00
[2024-08-22T00:34:34.324+0000] {processor.py:208} INFO - Processing /home/airflow/.local/lib/python3.12/site-packages/airflow/example_dags/example_inlet_event_extra.py took 0.482 seconds
[2024-08-22T00:35:04.918+0000] {processor.py:186} INFO - Started process (PID=1814) to work on /home/airflow/.local/lib/python3.12/site-packages/airflow/example_dags/example_inlet_event_extra.py
[2024-08-22T00:35:04.919+0000] {processor.py:914} INFO - Processing file /home/airflow/.local/lib/python3.12/site-packages/airflow/example_dags/example_inlet_event_extra.py for tasks to queue
[2024-08-22T00:35:04.923+0000] {logging_mixin.py:190} INFO - [2024-08-22T00:35:04.922+0000] {dagbag.py:587} INFO - Filling up the DagBag from /home/airflow/.local/lib/python3.12/site-packages/airflow/example_dags/example_inlet_event_extra.py
[2024-08-22T00:35:05.204+0000] {processor.py:925} INFO - DAG(s) 'read_dataset_event_from_classic', 'read_dataset_event' retrieved from /home/airflow/.local/lib/python3.12/site-packages/airflow/example_dags/example_inlet_event_extra.py
[2024-08-22T00:35:05.249+0000] {logging_mixin.py:190} INFO - [2024-08-22T00:35:05.249+0000] {dag.py:3211} INFO - Sync 2 DAGs
[2024-08-22T00:35:05.324+0000] {logging_mixin.py:190} INFO - [2024-08-22T00:35:05.323+0000] {dag.py:4138} INFO - Setting next_dagrun for read_dataset_event to 2024-08-21 00:00:00+00:00, run_after=2024-08-22 00:00:00+00:00
[2024-08-22T00:35:05.334+0000] {logging_mixin.py:190} INFO - [2024-08-22T00:35:05.334+0000] {dag.py:4138} INFO - Setting next_dagrun for read_dataset_event_from_classic to 2024-08-21 00:00:00+00:00, run_after=2024-08-22 00:00:00+00:00
[2024-08-22T00:35:05.377+0000] {processor.py:208} INFO - Processing /home/airflow/.local/lib/python3.12/site-packages/airflow/example_dags/example_inlet_event_extra.py took 0.471 seconds
[2024-08-22T00:35:35.832+0000] {processor.py:186} INFO - Started process (PID=1877) to work on /home/airflow/.local/lib/python3.12/site-packages/airflow/example_dags/example_inlet_event_extra.py
[2024-08-22T00:35:35.834+0000] {processor.py:914} INFO - Processing file /home/airflow/.local/lib/python3.12/site-packages/airflow/example_dags/example_inlet_event_extra.py for tasks to queue
[2024-08-22T00:35:35.837+0000] {logging_mixin.py:190} INFO - [2024-08-22T00:35:35.837+0000] {dagbag.py:587} INFO - Filling up the DagBag from /home/airflow/.local/lib/python3.12/site-packages/airflow/example_dags/example_inlet_event_extra.py
[2024-08-22T00:35:36.220+0000] {processor.py:925} INFO - DAG(s) 'read_dataset_event', 'read_dataset_event_from_classic' retrieved from /home/airflow/.local/lib/python3.12/site-packages/airflow/example_dags/example_inlet_event_extra.py
[2024-08-22T00:35:36.257+0000] {logging_mixin.py:190} INFO - [2024-08-22T00:35:36.256+0000] {dag.py:3211} INFO - Sync 2 DAGs
[2024-08-22T00:35:36.309+0000] {logging_mixin.py:190} INFO - [2024-08-22T00:35:36.309+0000] {dag.py:4138} INFO - Setting next_dagrun for read_dataset_event to 2024-08-21 00:00:00+00:00, run_after=2024-08-22 00:00:00+00:00
[2024-08-22T00:35:36.319+0000] {logging_mixin.py:190} INFO - [2024-08-22T00:35:36.319+0000] {dag.py:4138} INFO - Setting next_dagrun for read_dataset_event_from_classic to 2024-08-21 00:00:00+00:00, run_after=2024-08-22 00:00:00+00:00
[2024-08-22T00:35:36.349+0000] {processor.py:208} INFO - Processing /home/airflow/.local/lib/python3.12/site-packages/airflow/example_dags/example_inlet_event_extra.py took 0.527 seconds
[2024-08-22T00:36:06.764+0000] {processor.py:186} INFO - Started process (PID=1939) to work on /home/airflow/.local/lib/python3.12/site-packages/airflow/example_dags/example_inlet_event_extra.py
[2024-08-22T00:36:06.765+0000] {processor.py:914} INFO - Processing file /home/airflow/.local/lib/python3.12/site-packages/airflow/example_dags/example_inlet_event_extra.py for tasks to queue
[2024-08-22T00:36:06.769+0000] {logging_mixin.py:190} INFO - [2024-08-22T00:36:06.769+0000] {dagbag.py:587} INFO - Filling up the DagBag from /home/airflow/.local/lib/python3.12/site-packages/airflow/example_dags/example_inlet_event_extra.py
[2024-08-22T00:36:07.076+0000] {processor.py:925} INFO - DAG(s) 'read_dataset_event_from_classic', 'read_dataset_event' retrieved from /home/airflow/.local/lib/python3.12/site-packages/airflow/example_dags/example_inlet_event_extra.py
[2024-08-22T00:36:07.125+0000] {logging_mixin.py:190} INFO - [2024-08-22T00:36:07.125+0000] {dag.py:3211} INFO - Sync 2 DAGs
[2024-08-22T00:36:07.466+0000] {logging_mixin.py:190} INFO - [2024-08-22T00:36:07.466+0000] {dag.py:4138} INFO - Setting next_dagrun for read_dataset_event to 2024-08-21 00:00:00+00:00, run_after=2024-08-22 00:00:00+00:00
[2024-08-22T00:36:07.477+0000] {logging_mixin.py:190} INFO - [2024-08-22T00:36:07.477+0000] {dag.py:4138} INFO - Setting next_dagrun for read_dataset_event_from_classic to 2024-08-21 00:00:00+00:00, run_after=2024-08-22 00:00:00+00:00
[2024-08-22T00:36:07.508+0000] {processor.py:208} INFO - Processing /home/airflow/.local/lib/python3.12/site-packages/airflow/example_dags/example_inlet_event_extra.py took 0.756 seconds
[2024-08-22T00:36:37.906+0000] {processor.py:186} INFO - Started process (PID=2005) to work on /home/airflow/.local/lib/python3.12/site-packages/airflow/example_dags/example_inlet_event_extra.py
[2024-08-22T00:36:37.907+0000] {processor.py:914} INFO - Processing file /home/airflow/.local/lib/python3.12/site-packages/airflow/example_dags/example_inlet_event_extra.py for tasks to queue
[2024-08-22T00:36:37.911+0000] {logging_mixin.py:190} INFO - [2024-08-22T00:36:37.910+0000] {dagbag.py:587} INFO - Filling up the DagBag from /home/airflow/.local/lib/python3.12/site-packages/airflow/example_dags/example_inlet_event_extra.py
[2024-08-22T00:36:38.185+0000] {processor.py:925} INFO - DAG(s) 'read_dataset_event', 'read_dataset_event_from_classic' retrieved from /home/airflow/.local/lib/python3.12/site-packages/airflow/example_dags/example_inlet_event_extra.py
[2024-08-22T00:36:38.223+0000] {logging_mixin.py:190} INFO - [2024-08-22T00:36:38.223+0000] {dag.py:3211} INFO - Sync 2 DAGs
[2024-08-22T00:36:38.689+0000] {logging_mixin.py:190} INFO - [2024-08-22T00:36:38.688+0000] {dag.py:4138} INFO - Setting next_dagrun for read_dataset_event to 2024-08-21 00:00:00+00:00, run_after=2024-08-22 00:00:00+00:00
[2024-08-22T00:36:38.699+0000] {logging_mixin.py:190} INFO - [2024-08-22T00:36:38.698+0000] {dag.py:4138} INFO - Setting next_dagrun for read_dataset_event_from_classic to 2024-08-21 00:00:00+00:00, run_after=2024-08-22 00:00:00+00:00
[2024-08-22T00:36:38.727+0000] {processor.py:208} INFO - Processing /home/airflow/.local/lib/python3.12/site-packages/airflow/example_dags/example_inlet_event_extra.py took 0.837 seconds
[2024-08-22T00:37:09.391+0000] {processor.py:186} INFO - Started process (PID=2068) to work on /home/airflow/.local/lib/python3.12/site-packages/airflow/example_dags/example_inlet_event_extra.py
[2024-08-22T00:37:09.392+0000] {processor.py:914} INFO - Processing file /home/airflow/.local/lib/python3.12/site-packages/airflow/example_dags/example_inlet_event_extra.py for tasks to queue
[2024-08-22T00:37:09.400+0000] {logging_mixin.py:190} INFO - [2024-08-22T00:37:09.399+0000] {dagbag.py:587} INFO - Filling up the DagBag from /home/airflow/.local/lib/python3.12/site-packages/airflow/example_dags/example_inlet_event_extra.py
[2024-08-22T00:37:09.707+0000] {processor.py:925} INFO - DAG(s) 'read_dataset_event_from_classic', 'read_dataset_event' retrieved from /home/airflow/.local/lib/python3.12/site-packages/airflow/example_dags/example_inlet_event_extra.py
[2024-08-22T00:37:09.758+0000] {logging_mixin.py:190} INFO - [2024-08-22T00:37:09.757+0000] {dag.py:3211} INFO - Sync 2 DAGs
[2024-08-22T00:37:09.810+0000] {logging_mixin.py:190} INFO - [2024-08-22T00:37:09.810+0000] {dag.py:4138} INFO - Setting next_dagrun for read_dataset_event to 2024-08-21 00:00:00+00:00, run_after=2024-08-22 00:00:00+00:00
[2024-08-22T00:37:09.820+0000] {logging_mixin.py:190} INFO - [2024-08-22T00:37:09.820+0000] {dag.py:4138} INFO - Setting next_dagrun for read_dataset_event_from_classic to 2024-08-21 00:00:00+00:00, run_after=2024-08-22 00:00:00+00:00
[2024-08-22T00:37:09.866+0000] {processor.py:208} INFO - Processing /home/airflow/.local/lib/python3.12/site-packages/airflow/example_dags/example_inlet_event_extra.py took 0.485 seconds
[2024-08-22T00:37:41.339+0000] {processor.py:186} INFO - Started process (PID=2131) to work on /home/airflow/.local/lib/python3.12/site-packages/airflow/example_dags/example_inlet_event_extra.py
[2024-08-22T00:37:41.341+0000] {processor.py:914} INFO - Processing file /home/airflow/.local/lib/python3.12/site-packages/airflow/example_dags/example_inlet_event_extra.py for tasks to queue
[2024-08-22T00:37:41.358+0000] {logging_mixin.py:190} INFO - [2024-08-22T00:37:41.348+0000] {dagbag.py:587} INFO - Filling up the DagBag from /home/airflow/.local/lib/python3.12/site-packages/airflow/example_dags/example_inlet_event_extra.py
[2024-08-22T00:37:41.726+0000] {processor.py:925} INFO - DAG(s) 'read_dataset_event', 'read_dataset_event_from_classic' retrieved from /home/airflow/.local/lib/python3.12/site-packages/airflow/example_dags/example_inlet_event_extra.py
[2024-08-22T00:37:42.192+0000] {logging_mixin.py:190} INFO - [2024-08-22T00:37:42.192+0000] {dag.py:3211} INFO - Sync 2 DAGs
[2024-08-22T00:37:42.245+0000] {logging_mixin.py:190} INFO - [2024-08-22T00:37:42.244+0000] {dag.py:4138} INFO - Setting next_dagrun for read_dataset_event to 2024-08-21 00:00:00+00:00, run_after=2024-08-22 00:00:00+00:00
[2024-08-22T00:37:42.257+0000] {logging_mixin.py:190} INFO - [2024-08-22T00:37:42.256+0000] {dag.py:4138} INFO - Setting next_dagrun for read_dataset_event_from_classic to 2024-08-21 00:00:00+00:00, run_after=2024-08-22 00:00:00+00:00
[2024-08-22T00:37:42.293+0000] {processor.py:208} INFO - Processing /home/airflow/.local/lib/python3.12/site-packages/airflow/example_dags/example_inlet_event_extra.py took 0.985 seconds
[2024-08-22T00:38:12.536+0000] {processor.py:186} INFO - Started process (PID=2196) to work on /home/airflow/.local/lib/python3.12/site-packages/airflow/example_dags/example_inlet_event_extra.py
[2024-08-22T00:38:12.538+0000] {processor.py:914} INFO - Processing file /home/airflow/.local/lib/python3.12/site-packages/airflow/example_dags/example_inlet_event_extra.py for tasks to queue
[2024-08-22T00:38:12.541+0000] {logging_mixin.py:190} INFO - [2024-08-22T00:38:12.540+0000] {dagbag.py:587} INFO - Filling up the DagBag from /home/airflow/.local/lib/python3.12/site-packages/airflow/example_dags/example_inlet_event_extra.py
[2024-08-22T00:38:12.802+0000] {processor.py:925} INFO - DAG(s) 'read_dataset_event', 'read_dataset_event_from_classic' retrieved from /home/airflow/.local/lib/python3.12/site-packages/airflow/example_dags/example_inlet_event_extra.py
[2024-08-22T00:38:12.847+0000] {logging_mixin.py:190} INFO - [2024-08-22T00:38:12.847+0000] {dag.py:3211} INFO - Sync 2 DAGs
[2024-08-22T00:38:13.189+0000] {logging_mixin.py:190} INFO - [2024-08-22T00:38:13.188+0000] {dag.py:4138} INFO - Setting next_dagrun for read_dataset_event to 2024-08-21 00:00:00+00:00, run_after=2024-08-22 00:00:00+00:00
[2024-08-22T00:38:13.196+0000] {logging_mixin.py:190} INFO - [2024-08-22T00:38:13.195+0000] {dag.py:4138} INFO - Setting next_dagrun for read_dataset_event_from_classic to 2024-08-21 00:00:00+00:00, run_after=2024-08-22 00:00:00+00:00
[2024-08-22T00:38:13.225+0000] {processor.py:208} INFO - Processing /home/airflow/.local/lib/python3.12/site-packages/airflow/example_dags/example_inlet_event_extra.py took 0.702 seconds
[2024-08-22T00:38:44.250+0000] {processor.py:186} INFO - Started process (PID=2261) to work on /home/airflow/.local/lib/python3.12/site-packages/airflow/example_dags/example_inlet_event_extra.py
[2024-08-22T00:38:44.253+0000] {processor.py:914} INFO - Processing file /home/airflow/.local/lib/python3.12/site-packages/airflow/example_dags/example_inlet_event_extra.py for tasks to queue
[2024-08-22T00:38:44.258+0000] {logging_mixin.py:190} INFO - [2024-08-22T00:38:44.257+0000] {dagbag.py:587} INFO - Filling up the DagBag from /home/airflow/.local/lib/python3.12/site-packages/airflow/example_dags/example_inlet_event_extra.py
[2024-08-22T00:38:44.618+0000] {processor.py:925} INFO - DAG(s) 'read_dataset_event', 'read_dataset_event_from_classic' retrieved from /home/airflow/.local/lib/python3.12/site-packages/airflow/example_dags/example_inlet_event_extra.py
[2024-08-22T00:38:44.736+0000] {logging_mixin.py:190} INFO - [2024-08-22T00:38:44.735+0000] {dag.py:3211} INFO - Sync 2 DAGs
[2024-08-22T00:38:45.512+0000] {logging_mixin.py:190} INFO - [2024-08-22T00:38:45.512+0000] {dag.py:4138} INFO - Setting next_dagrun for read_dataset_event to 2024-08-21 00:00:00+00:00, run_after=2024-08-22 00:00:00+00:00
[2024-08-22T00:38:45.527+0000] {logging_mixin.py:190} INFO - [2024-08-22T00:38:45.526+0000] {dag.py:4138} INFO - Setting next_dagrun for read_dataset_event_from_classic to 2024-08-21 00:00:00+00:00, run_after=2024-08-22 00:00:00+00:00
[2024-08-22T00:38:45.575+0000] {processor.py:208} INFO - Processing /home/airflow/.local/lib/python3.12/site-packages/airflow/example_dags/example_inlet_event_extra.py took 1.337 seconds
[2024-08-22T00:39:16.419+0000] {processor.py:186} INFO - Started process (PID=2317) to work on /home/airflow/.local/lib/python3.12/site-packages/airflow/example_dags/example_inlet_event_extra.py
[2024-08-22T00:39:16.421+0000] {processor.py:914} INFO - Processing file /home/airflow/.local/lib/python3.12/site-packages/airflow/example_dags/example_inlet_event_extra.py for tasks to queue
[2024-08-22T00:39:16.426+0000] {logging_mixin.py:190} INFO - [2024-08-22T00:39:16.425+0000] {dagbag.py:587} INFO - Filling up the DagBag from /home/airflow/.local/lib/python3.12/site-packages/airflow/example_dags/example_inlet_event_extra.py
[2024-08-22T00:39:16.959+0000] {processor.py:925} INFO - DAG(s) 'read_dataset_event', 'read_dataset_event_from_classic' retrieved from /home/airflow/.local/lib/python3.12/site-packages/airflow/example_dags/example_inlet_event_extra.py
[2024-08-22T00:39:16.992+0000] {logging_mixin.py:190} INFO - [2024-08-22T00:39:16.991+0000] {dag.py:3211} INFO - Sync 2 DAGs
[2024-08-22T00:39:17.036+0000] {logging_mixin.py:190} INFO - [2024-08-22T00:39:17.036+0000] {dag.py:4138} INFO - Setting next_dagrun for read_dataset_event to 2024-08-21 00:00:00+00:00, run_after=2024-08-22 00:00:00+00:00
[2024-08-22T00:39:17.043+0000] {logging_mixin.py:190} INFO - [2024-08-22T00:39:17.042+0000] {dag.py:4138} INFO - Setting next_dagrun for read_dataset_event_from_classic to 2024-08-21 00:00:00+00:00, run_after=2024-08-22 00:00:00+00:00
[2024-08-22T00:39:17.074+0000] {processor.py:208} INFO - Processing /home/airflow/.local/lib/python3.12/site-packages/airflow/example_dags/example_inlet_event_extra.py took 0.668 seconds
[2024-08-22T00:39:48.044+0000] {processor.py:186} INFO - Started process (PID=2382) to work on /home/airflow/.local/lib/python3.12/site-packages/airflow/example_dags/example_inlet_event_extra.py
[2024-08-22T00:39:48.046+0000] {processor.py:914} INFO - Processing file /home/airflow/.local/lib/python3.12/site-packages/airflow/example_dags/example_inlet_event_extra.py for tasks to queue
[2024-08-22T00:39:48.051+0000] {logging_mixin.py:190} INFO - [2024-08-22T00:39:48.050+0000] {dagbag.py:587} INFO - Filling up the DagBag from /home/airflow/.local/lib/python3.12/site-packages/airflow/example_dags/example_inlet_event_extra.py
[2024-08-22T00:39:48.523+0000] {processor.py:925} INFO - DAG(s) 'read_dataset_event_from_classic', 'read_dataset_event' retrieved from /home/airflow/.local/lib/python3.12/site-packages/airflow/example_dags/example_inlet_event_extra.py
[2024-08-22T00:39:48.552+0000] {logging_mixin.py:190} INFO - [2024-08-22T00:39:48.552+0000] {dag.py:3211} INFO - Sync 2 DAGs
[2024-08-22T00:39:48.591+0000] {logging_mixin.py:190} INFO - [2024-08-22T00:39:48.590+0000] {dag.py:4138} INFO - Setting next_dagrun for read_dataset_event to 2024-08-21 00:00:00+00:00, run_after=2024-08-22 00:00:00+00:00
[2024-08-22T00:39:48.599+0000] {logging_mixin.py:190} INFO - [2024-08-22T00:39:48.599+0000] {dag.py:4138} INFO - Setting next_dagrun for read_dataset_event_from_classic to 2024-08-21 00:00:00+00:00, run_after=2024-08-22 00:00:00+00:00
[2024-08-22T00:39:48.632+0000] {processor.py:208} INFO - Processing /home/airflow/.local/lib/python3.12/site-packages/airflow/example_dags/example_inlet_event_extra.py took 0.598 seconds
[2024-08-22T00:40:19.377+0000] {processor.py:186} INFO - Started process (PID=2445) to work on /home/airflow/.local/lib/python3.12/site-packages/airflow/example_dags/example_inlet_event_extra.py
[2024-08-22T00:40:19.379+0000] {processor.py:914} INFO - Processing file /home/airflow/.local/lib/python3.12/site-packages/airflow/example_dags/example_inlet_event_extra.py for tasks to queue
[2024-08-22T00:40:19.384+0000] {logging_mixin.py:190} INFO - [2024-08-22T00:40:19.384+0000] {dagbag.py:587} INFO - Filling up the DagBag from /home/airflow/.local/lib/python3.12/site-packages/airflow/example_dags/example_inlet_event_extra.py
[2024-08-22T00:40:19.642+0000] {processor.py:925} INFO - DAG(s) 'read_dataset_event', 'read_dataset_event_from_classic' retrieved from /home/airflow/.local/lib/python3.12/site-packages/airflow/example_dags/example_inlet_event_extra.py
[2024-08-22T00:40:19.998+0000] {logging_mixin.py:190} INFO - [2024-08-22T00:40:19.997+0000] {dag.py:3211} INFO - Sync 2 DAGs
[2024-08-22T00:40:20.033+0000] {logging_mixin.py:190} INFO - [2024-08-22T00:40:20.032+0000] {dag.py:4138} INFO - Setting next_dagrun for read_dataset_event to 2024-08-21 00:00:00+00:00, run_after=2024-08-22 00:00:00+00:00
[2024-08-22T00:40:20.042+0000] {logging_mixin.py:190} INFO - [2024-08-22T00:40:20.042+0000] {dag.py:4138} INFO - Setting next_dagrun for read_dataset_event_from_classic to 2024-08-21 00:00:00+00:00, run_after=2024-08-22 00:00:00+00:00
[2024-08-22T00:40:20.226+0000] {processor.py:208} INFO - Processing /home/airflow/.local/lib/python3.12/site-packages/airflow/example_dags/example_inlet_event_extra.py took 0.856 seconds
[2024-08-22T00:40:50.889+0000] {processor.py:186} INFO - Started process (PID=2508) to work on /home/airflow/.local/lib/python3.12/site-packages/airflow/example_dags/example_inlet_event_extra.py
[2024-08-22T00:40:50.891+0000] {processor.py:914} INFO - Processing file /home/airflow/.local/lib/python3.12/site-packages/airflow/example_dags/example_inlet_event_extra.py for tasks to queue
[2024-08-22T00:40:50.895+0000] {logging_mixin.py:190} INFO - [2024-08-22T00:40:50.895+0000] {dagbag.py:587} INFO - Filling up the DagBag from /home/airflow/.local/lib/python3.12/site-packages/airflow/example_dags/example_inlet_event_extra.py
[2024-08-22T00:40:51.372+0000] {processor.py:925} INFO - DAG(s) 'read_dataset_event_from_classic', 'read_dataset_event' retrieved from /home/airflow/.local/lib/python3.12/site-packages/airflow/example_dags/example_inlet_event_extra.py
[2024-08-22T00:40:51.407+0000] {logging_mixin.py:190} INFO - [2024-08-22T00:40:51.406+0000] {dag.py:3211} INFO - Sync 2 DAGs
[2024-08-22T00:40:51.445+0000] {logging_mixin.py:190} INFO - [2024-08-22T00:40:51.445+0000] {dag.py:4138} INFO - Setting next_dagrun for read_dataset_event to 2024-08-21 00:00:00+00:00, run_after=2024-08-22 00:00:00+00:00
[2024-08-22T00:40:51.453+0000] {logging_mixin.py:190} INFO - [2024-08-22T00:40:51.453+0000] {dag.py:4138} INFO - Setting next_dagrun for read_dataset_event_from_classic to 2024-08-21 00:00:00+00:00, run_after=2024-08-22 00:00:00+00:00
[2024-08-22T00:40:51.487+0000] {processor.py:208} INFO - Processing /home/airflow/.local/lib/python3.12/site-packages/airflow/example_dags/example_inlet_event_extra.py took 0.615 seconds
[2024-08-22T00:41:22.405+0000] {processor.py:186} INFO - Started process (PID=2572) to work on /home/airflow/.local/lib/python3.12/site-packages/airflow/example_dags/example_inlet_event_extra.py
[2024-08-22T00:41:22.407+0000] {processor.py:914} INFO - Processing file /home/airflow/.local/lib/python3.12/site-packages/airflow/example_dags/example_inlet_event_extra.py for tasks to queue
[2024-08-22T00:41:22.411+0000] {logging_mixin.py:190} INFO - [2024-08-22T00:41:22.410+0000] {dagbag.py:587} INFO - Filling up the DagBag from /home/airflow/.local/lib/python3.12/site-packages/airflow/example_dags/example_inlet_event_extra.py
[2024-08-22T00:41:22.931+0000] {processor.py:925} INFO - DAG(s) 'read_dataset_event', 'read_dataset_event_from_classic' retrieved from /home/airflow/.local/lib/python3.12/site-packages/airflow/example_dags/example_inlet_event_extra.py
[2024-08-22T00:41:22.978+0000] {logging_mixin.py:190} INFO - [2024-08-22T00:41:22.978+0000] {dag.py:3211} INFO - Sync 2 DAGs
[2024-08-22T00:41:23.021+0000] {logging_mixin.py:190} INFO - [2024-08-22T00:41:23.021+0000] {dag.py:4138} INFO - Setting next_dagrun for read_dataset_event to 2024-08-21 00:00:00+00:00, run_after=2024-08-22 00:00:00+00:00
[2024-08-22T00:41:23.028+0000] {logging_mixin.py:190} INFO - [2024-08-22T00:41:23.028+0000] {dag.py:4138} INFO - Setting next_dagrun for read_dataset_event_from_classic to 2024-08-21 00:00:00+00:00, run_after=2024-08-22 00:00:00+00:00
[2024-08-22T00:41:23.062+0000] {processor.py:208} INFO - Processing /home/airflow/.local/lib/python3.12/site-packages/airflow/example_dags/example_inlet_event_extra.py took 0.683 seconds
[2024-08-22T00:41:53.741+0000] {processor.py:186} INFO - Started process (PID=2636) to work on /home/airflow/.local/lib/python3.12/site-packages/airflow/example_dags/example_inlet_event_extra.py
[2024-08-22T00:41:53.743+0000] {processor.py:914} INFO - Processing file /home/airflow/.local/lib/python3.12/site-packages/airflow/example_dags/example_inlet_event_extra.py for tasks to queue
[2024-08-22T00:41:53.749+0000] {logging_mixin.py:190} INFO - [2024-08-22T00:41:53.748+0000] {dagbag.py:587} INFO - Filling up the DagBag from /home/airflow/.local/lib/python3.12/site-packages/airflow/example_dags/example_inlet_event_extra.py
[2024-08-22T00:41:54.446+0000] {processor.py:925} INFO - DAG(s) 'read_dataset_event_from_classic', 'read_dataset_event' retrieved from /home/airflow/.local/lib/python3.12/site-packages/airflow/example_dags/example_inlet_event_extra.py
[2024-08-22T00:41:54.486+0000] {logging_mixin.py:190} INFO - [2024-08-22T00:41:54.486+0000] {dag.py:3211} INFO - Sync 2 DAGs
[2024-08-22T00:41:54.526+0000] {logging_mixin.py:190} INFO - [2024-08-22T00:41:54.525+0000] {dag.py:4138} INFO - Setting next_dagrun for read_dataset_event to 2024-08-21 00:00:00+00:00, run_after=2024-08-22 00:00:00+00:00
[2024-08-22T00:41:54.535+0000] {logging_mixin.py:190} INFO - [2024-08-22T00:41:54.534+0000] {dag.py:4138} INFO - Setting next_dagrun for read_dataset_event_from_classic to 2024-08-21 00:00:00+00:00, run_after=2024-08-22 00:00:00+00:00
[2024-08-22T00:41:54.607+0000] {processor.py:208} INFO - Processing /home/airflow/.local/lib/python3.12/site-packages/airflow/example_dags/example_inlet_event_extra.py took 0.874 seconds
[2024-08-22T00:42:25.460+0000] {processor.py:186} INFO - Started process (PID=2700) to work on /home/airflow/.local/lib/python3.12/site-packages/airflow/example_dags/example_inlet_event_extra.py
[2024-08-22T00:42:25.461+0000] {processor.py:914} INFO - Processing file /home/airflow/.local/lib/python3.12/site-packages/airflow/example_dags/example_inlet_event_extra.py for tasks to queue
[2024-08-22T00:42:25.464+0000] {logging_mixin.py:190} INFO - [2024-08-22T00:42:25.464+0000] {dagbag.py:587} INFO - Filling up the DagBag from /home/airflow/.local/lib/python3.12/site-packages/airflow/example_dags/example_inlet_event_extra.py
[2024-08-22T00:42:25.987+0000] {processor.py:925} INFO - DAG(s) 'read_dataset_event_from_classic', 'read_dataset_event' retrieved from /home/airflow/.local/lib/python3.12/site-packages/airflow/example_dags/example_inlet_event_extra.py
[2024-08-22T00:42:26.027+0000] {logging_mixin.py:190} INFO - [2024-08-22T00:42:26.027+0000] {dag.py:3211} INFO - Sync 2 DAGs
[2024-08-22T00:42:26.147+0000] {logging_mixin.py:190} INFO - [2024-08-22T00:42:26.147+0000] {dag.py:4138} INFO - Setting next_dagrun for read_dataset_event to 2024-08-21 00:00:00+00:00, run_after=2024-08-22 00:00:00+00:00
[2024-08-22T00:42:26.173+0000] {logging_mixin.py:190} INFO - [2024-08-22T00:42:26.173+0000] {dag.py:4138} INFO - Setting next_dagrun for read_dataset_event_from_classic to 2024-08-21 00:00:00+00:00, run_after=2024-08-22 00:00:00+00:00
[2024-08-22T00:42:26.228+0000] {processor.py:208} INFO - Processing /home/airflow/.local/lib/python3.12/site-packages/airflow/example_dags/example_inlet_event_extra.py took 0.778 seconds
[2024-08-22T03:42:57.830+0000] {processor.py:186} INFO - Started process (PID=2771) to work on /home/airflow/.local/lib/python3.12/site-packages/airflow/example_dags/example_inlet_event_extra.py
[2024-08-22T03:42:57.844+0000] {processor.py:914} INFO - Processing file /home/airflow/.local/lib/python3.12/site-packages/airflow/example_dags/example_inlet_event_extra.py for tasks to queue
[2024-08-22T03:42:57.850+0000] {logging_mixin.py:190} INFO - [2024-08-22T03:42:57.850+0000] {dagbag.py:587} INFO - Filling up the DagBag from /home/airflow/.local/lib/python3.12/site-packages/airflow/example_dags/example_inlet_event_extra.py
[2024-08-24T11:08:05.994+0000] {processor.py:925} INFO - DAG(s) 'read_dataset_event', 'read_dataset_event_from_classic' retrieved from /home/airflow/.local/lib/python3.12/site-packages/airflow/example_dags/example_inlet_event_extra.py
[2024-08-24T11:08:06.537+0000] {logging_mixin.py:190} INFO - [2024-08-24T11:08:06.536+0000] {dag.py:3211} INFO - Sync 2 DAGs
[2024-08-24T11:08:06.923+0000] {logging_mixin.py:190} INFO - [2024-08-24T11:08:06.922+0000] {dag.py:4138} INFO - Setting next_dagrun for read_dataset_event to 2024-08-23 00:00:00+00:00, run_after=2024-08-24 00:00:00+00:00
[2024-08-24T11:08:06.966+0000] {logging_mixin.py:190} INFO - [2024-08-24T11:08:06.966+0000] {dag.py:4138} INFO - Setting next_dagrun for read_dataset_event_from_classic to 2024-08-23 00:00:00+00:00, run_after=2024-08-24 00:00:00+00:00
[2024-08-24T11:08:07.176+0000] {processor.py:208} INFO - Processing /home/airflow/.local/lib/python3.12/site-packages/airflow/example_dags/example_inlet_event_extra.py took 18.892 seconds
