[2024-08-22T00:20:40.247+0000] {processor.py:186} INFO - Started process (PID=126) to work on /home/airflow/.local/lib/python3.12/site-packages/airflow/example_dags/example_xcomargs.py
[2024-08-22T00:20:40.249+0000] {processor.py:914} INFO - Processing file /home/airflow/.local/lib/python3.12/site-packages/airflow/example_dags/example_xcomargs.py for tasks to queue
[2024-08-22T00:20:40.255+0000] {logging_mixin.py:190} INFO - [2024-08-22T00:20:40.254+0000] {dagbag.py:587} INFO - Filling up the DagBag from /home/airflow/.local/lib/python3.12/site-packages/airflow/example_dags/example_xcomargs.py
[2024-08-22T00:20:40.293+0000] {processor.py:925} INFO - DAG(s) 'example_xcom_args_with_operators', 'example_xcom_args' retrieved from /home/airflow/.local/lib/python3.12/site-packages/airflow/example_dags/example_xcomargs.py
[2024-08-22T00:20:40.531+0000] {logging_mixin.py:190} INFO - [2024-08-22T00:20:40.530+0000] {override.py:1858} INFO - Created Permission View: can read on DAG:example_xcom_args_with_operators
[2024-08-22T00:20:40.559+0000] {logging_mixin.py:190} INFO - [2024-08-22T00:20:40.559+0000] {override.py:1858} INFO - Created Permission View: can delete on DAG:example_xcom_args_with_operators
[2024-08-22T00:20:40.580+0000] {logging_mixin.py:190} INFO - [2024-08-22T00:20:40.579+0000] {override.py:1858} INFO - Created Permission View: can edit on DAG:example_xcom_args_with_operators
[2024-08-22T00:20:40.626+0000] {logging_mixin.py:190} INFO - [2024-08-22T00:20:40.626+0000] {override.py:1858} INFO - Created Permission View: can read on DAG:example_xcom_args
[2024-08-22T00:20:40.640+0000] {logging_mixin.py:190} INFO - [2024-08-22T00:20:40.640+0000] {override.py:1858} INFO - Created Permission View: can delete on DAG:example_xcom_args
[2024-08-22T00:20:40.656+0000] {logging_mixin.py:190} INFO - [2024-08-22T00:20:40.656+0000] {override.py:1858} INFO - Created Permission View: can edit on DAG:example_xcom_args
[2024-08-22T00:20:40.658+0000] {logging_mixin.py:190} INFO - [2024-08-22T00:20:40.657+0000] {dag.py:3211} INFO - Sync 2 DAGs
[2024-08-22T00:20:40.696+0000] {logging_mixin.py:190} INFO - [2024-08-22T00:20:40.695+0000] {dag.py:3234} INFO - Creating ORM DAG for example_xcom_args_with_operators
[2024-08-22T00:20:40.698+0000] {logging_mixin.py:190} INFO - [2024-08-22T00:20:40.697+0000] {dag.py:3234} INFO - Creating ORM DAG for example_xcom_args
[2024-08-22T00:20:40.700+0000] {logging_mixin.py:190} INFO - [2024-08-22T00:20:40.699+0000] {dag.py:4138} INFO - Setting next_dagrun for example_xcom_args to None, run_after=None
[2024-08-22T00:20:40.702+0000] {logging_mixin.py:190} INFO - [2024-08-22T00:20:40.701+0000] {dag.py:4138} INFO - Setting next_dagrun for example_xcom_args_with_operators to None, run_after=None
[2024-08-22T00:20:40.755+0000] {processor.py:208} INFO - Processing /home/airflow/.local/lib/python3.12/site-packages/airflow/example_dags/example_xcomargs.py took 0.522 seconds
[2024-08-22T00:21:11.035+0000] {processor.py:186} INFO - Started process (PID=189) to work on /home/airflow/.local/lib/python3.12/site-packages/airflow/example_dags/example_xcomargs.py
[2024-08-22T00:21:11.038+0000] {processor.py:914} INFO - Processing file /home/airflow/.local/lib/python3.12/site-packages/airflow/example_dags/example_xcomargs.py for tasks to queue
[2024-08-22T00:21:11.049+0000] {logging_mixin.py:190} INFO - [2024-08-22T00:21:11.048+0000] {dagbag.py:587} INFO - Filling up the DagBag from /home/airflow/.local/lib/python3.12/site-packages/airflow/example_dags/example_xcomargs.py
[2024-08-22T00:21:11.077+0000] {processor.py:925} INFO - DAG(s) 'example_xcom_args_with_operators', 'example_xcom_args' retrieved from /home/airflow/.local/lib/python3.12/site-packages/airflow/example_dags/example_xcomargs.py
[2024-08-22T00:21:11.214+0000] {logging_mixin.py:190} INFO - [2024-08-22T00:21:11.211+0000] {dag.py:3211} INFO - Sync 2 DAGs
[2024-08-22T00:21:11.321+0000] {logging_mixin.py:190} INFO - [2024-08-22T00:21:11.320+0000] {dag.py:4138} INFO - Setting next_dagrun for example_xcom_args to None, run_after=None
[2024-08-22T00:21:11.336+0000] {logging_mixin.py:190} INFO - [2024-08-22T00:21:11.334+0000] {dag.py:4138} INFO - Setting next_dagrun for example_xcom_args_with_operators to None, run_after=None
[2024-08-22T00:21:11.451+0000] {processor.py:208} INFO - Processing /home/airflow/.local/lib/python3.12/site-packages/airflow/example_dags/example_xcomargs.py took 0.429 seconds
[2024-08-22T00:22:13.640+0000] {processor.py:186} INFO - Started process (PID=258) to work on /home/airflow/.local/lib/python3.12/site-packages/airflow/example_dags/example_xcomargs.py
[2024-08-22T00:22:13.643+0000] {processor.py:914} INFO - Processing file /home/airflow/.local/lib/python3.12/site-packages/airflow/example_dags/example_xcomargs.py for tasks to queue
[2024-08-22T00:22:13.650+0000] {logging_mixin.py:190} INFO - [2024-08-22T00:22:13.649+0000] {dagbag.py:587} INFO - Filling up the DagBag from /home/airflow/.local/lib/python3.12/site-packages/airflow/example_dags/example_xcomargs.py
[2024-08-22T00:22:13.686+0000] {processor.py:925} INFO - DAG(s) 'example_xcom_args_with_operators', 'example_xcom_args' retrieved from /home/airflow/.local/lib/python3.12/site-packages/airflow/example_dags/example_xcomargs.py
[2024-08-22T00:22:13.774+0000] {logging_mixin.py:190} INFO - [2024-08-22T00:22:13.773+0000] {dag.py:3211} INFO - Sync 2 DAGs
[2024-08-22T00:22:13.820+0000] {logging_mixin.py:190} INFO - [2024-08-22T00:22:13.820+0000] {dag.py:4138} INFO - Setting next_dagrun for example_xcom_args to None, run_after=None
[2024-08-22T00:22:13.835+0000] {logging_mixin.py:190} INFO - [2024-08-22T00:22:13.834+0000] {dag.py:4138} INFO - Setting next_dagrun for example_xcom_args_with_operators to None, run_after=None
[2024-08-22T00:22:13.879+0000] {processor.py:208} INFO - Processing /home/airflow/.local/lib/python3.12/site-packages/airflow/example_dags/example_xcomargs.py took 0.259 seconds
[2024-08-22T00:22:44.714+0000] {processor.py:186} INFO - Started process (PID=320) to work on /home/airflow/.local/lib/python3.12/site-packages/airflow/example_dags/example_xcomargs.py
[2024-08-22T00:22:44.716+0000] {processor.py:914} INFO - Processing file /home/airflow/.local/lib/python3.12/site-packages/airflow/example_dags/example_xcomargs.py for tasks to queue
[2024-08-22T00:22:44.720+0000] {logging_mixin.py:190} INFO - [2024-08-22T00:22:44.719+0000] {dagbag.py:587} INFO - Filling up the DagBag from /home/airflow/.local/lib/python3.12/site-packages/airflow/example_dags/example_xcomargs.py
[2024-08-22T00:22:44.739+0000] {processor.py:925} INFO - DAG(s) 'example_xcom_args_with_operators', 'example_xcom_args' retrieved from /home/airflow/.local/lib/python3.12/site-packages/airflow/example_dags/example_xcomargs.py
[2024-08-22T00:22:44.775+0000] {logging_mixin.py:190} INFO - [2024-08-22T00:22:44.774+0000] {dag.py:3211} INFO - Sync 2 DAGs
[2024-08-22T00:22:44.802+0000] {logging_mixin.py:190} INFO - [2024-08-22T00:22:44.801+0000] {dag.py:4138} INFO - Setting next_dagrun for example_xcom_args to None, run_after=None
[2024-08-22T00:22:44.816+0000] {logging_mixin.py:190} INFO - [2024-08-22T00:22:44.816+0000] {dag.py:4138} INFO - Setting next_dagrun for example_xcom_args_with_operators to None, run_after=None
[2024-08-22T00:22:44.883+0000] {processor.py:208} INFO - Processing /home/airflow/.local/lib/python3.12/site-packages/airflow/example_dags/example_xcomargs.py took 0.180 seconds
[2024-08-22T00:23:15.343+0000] {processor.py:186} INFO - Started process (PID=383) to work on /home/airflow/.local/lib/python3.12/site-packages/airflow/example_dags/example_xcomargs.py
[2024-08-22T00:23:15.345+0000] {processor.py:914} INFO - Processing file /home/airflow/.local/lib/python3.12/site-packages/airflow/example_dags/example_xcomargs.py for tasks to queue
[2024-08-22T00:23:15.352+0000] {logging_mixin.py:190} INFO - [2024-08-22T00:23:15.351+0000] {dagbag.py:587} INFO - Filling up the DagBag from /home/airflow/.local/lib/python3.12/site-packages/airflow/example_dags/example_xcomargs.py
[2024-08-22T00:23:15.388+0000] {processor.py:925} INFO - DAG(s) 'example_xcom_args', 'example_xcom_args_with_operators' retrieved from /home/airflow/.local/lib/python3.12/site-packages/airflow/example_dags/example_xcomargs.py
[2024-08-22T00:23:15.537+0000] {logging_mixin.py:190} INFO - [2024-08-22T00:23:15.536+0000] {dag.py:3211} INFO - Sync 2 DAGs
[2024-08-22T00:23:15.612+0000] {logging_mixin.py:190} INFO - [2024-08-22T00:23:15.611+0000] {dag.py:4138} INFO - Setting next_dagrun for example_xcom_args to None, run_after=None
[2024-08-22T00:23:15.629+0000] {logging_mixin.py:190} INFO - [2024-08-22T00:23:15.628+0000] {dag.py:4138} INFO - Setting next_dagrun for example_xcom_args_with_operators to None, run_after=None
[2024-08-22T00:23:15.680+0000] {processor.py:208} INFO - Processing /home/airflow/.local/lib/python3.12/site-packages/airflow/example_dags/example_xcomargs.py took 0.351 seconds
[2024-08-22T00:23:45.834+0000] {processor.py:186} INFO - Started process (PID=446) to work on /home/airflow/.local/lib/python3.12/site-packages/airflow/example_dags/example_xcomargs.py
[2024-08-22T00:23:45.836+0000] {processor.py:914} INFO - Processing file /home/airflow/.local/lib/python3.12/site-packages/airflow/example_dags/example_xcomargs.py for tasks to queue
[2024-08-22T00:23:45.842+0000] {logging_mixin.py:190} INFO - [2024-08-22T00:23:45.842+0000] {dagbag.py:587} INFO - Filling up the DagBag from /home/airflow/.local/lib/python3.12/site-packages/airflow/example_dags/example_xcomargs.py
[2024-08-22T00:23:45.886+0000] {processor.py:925} INFO - DAG(s) 'example_xcom_args', 'example_xcom_args_with_operators' retrieved from /home/airflow/.local/lib/python3.12/site-packages/airflow/example_dags/example_xcomargs.py
[2024-08-22T00:23:45.952+0000] {logging_mixin.py:190} INFO - [2024-08-22T00:23:45.951+0000] {dag.py:3211} INFO - Sync 2 DAGs
[2024-08-22T00:23:45.984+0000] {logging_mixin.py:190} INFO - [2024-08-22T00:23:45.984+0000] {dag.py:4138} INFO - Setting next_dagrun for example_xcom_args to None, run_after=None
[2024-08-22T00:23:45.991+0000] {logging_mixin.py:190} INFO - [2024-08-22T00:23:45.991+0000] {dag.py:4138} INFO - Setting next_dagrun for example_xcom_args_with_operators to None, run_after=None
[2024-08-22T00:23:46.228+0000] {processor.py:208} INFO - Processing /home/airflow/.local/lib/python3.12/site-packages/airflow/example_dags/example_xcomargs.py took 0.425 seconds
[2024-08-22T00:24:16.828+0000] {processor.py:186} INFO - Started process (PID=509) to work on /home/airflow/.local/lib/python3.12/site-packages/airflow/example_dags/example_xcomargs.py
[2024-08-22T00:24:16.831+0000] {processor.py:914} INFO - Processing file /home/airflow/.local/lib/python3.12/site-packages/airflow/example_dags/example_xcomargs.py for tasks to queue
[2024-08-22T00:24:16.836+0000] {logging_mixin.py:190} INFO - [2024-08-22T00:24:16.836+0000] {dagbag.py:587} INFO - Filling up the DagBag from /home/airflow/.local/lib/python3.12/site-packages/airflow/example_dags/example_xcomargs.py
[2024-08-22T00:24:16.869+0000] {processor.py:925} INFO - DAG(s) 'example_xcom_args_with_operators', 'example_xcom_args' retrieved from /home/airflow/.local/lib/python3.12/site-packages/airflow/example_dags/example_xcomargs.py
[2024-08-22T00:24:16.936+0000] {logging_mixin.py:190} INFO - [2024-08-22T00:24:16.936+0000] {dag.py:3211} INFO - Sync 2 DAGs
[2024-08-22T00:24:16.997+0000] {logging_mixin.py:190} INFO - [2024-08-22T00:24:16.994+0000] {dag.py:4138} INFO - Setting next_dagrun for example_xcom_args to None, run_after=None
[2024-08-22T00:24:17.016+0000] {logging_mixin.py:190} INFO - [2024-08-22T00:24:17.013+0000] {dag.py:4138} INFO - Setting next_dagrun for example_xcom_args_with_operators to None, run_after=None
[2024-08-22T00:24:17.077+0000] {processor.py:208} INFO - Processing /home/airflow/.local/lib/python3.12/site-packages/airflow/example_dags/example_xcomargs.py took 0.266 seconds
[2024-08-22T00:24:47.782+0000] {processor.py:186} INFO - Started process (PID=572) to work on /home/airflow/.local/lib/python3.12/site-packages/airflow/example_dags/example_xcomargs.py
[2024-08-22T00:24:47.784+0000] {processor.py:914} INFO - Processing file /home/airflow/.local/lib/python3.12/site-packages/airflow/example_dags/example_xcomargs.py for tasks to queue
[2024-08-22T00:24:47.790+0000] {logging_mixin.py:190} INFO - [2024-08-22T00:24:47.789+0000] {dagbag.py:587} INFO - Filling up the DagBag from /home/airflow/.local/lib/python3.12/site-packages/airflow/example_dags/example_xcomargs.py
[2024-08-22T00:24:47.821+0000] {processor.py:925} INFO - DAG(s) 'example_xcom_args_with_operators', 'example_xcom_args' retrieved from /home/airflow/.local/lib/python3.12/site-packages/airflow/example_dags/example_xcomargs.py
[2024-08-22T00:24:47.890+0000] {logging_mixin.py:190} INFO - [2024-08-22T00:24:47.890+0000] {dag.py:3211} INFO - Sync 2 DAGs
[2024-08-22T00:24:47.938+0000] {logging_mixin.py:190} INFO - [2024-08-22T00:24:47.937+0000] {dag.py:4138} INFO - Setting next_dagrun for example_xcom_args to None, run_after=None
[2024-08-22T00:24:47.948+0000] {logging_mixin.py:190} INFO - [2024-08-22T00:24:47.948+0000] {dag.py:4138} INFO - Setting next_dagrun for example_xcom_args_with_operators to None, run_after=None
[2024-08-22T00:24:48.220+0000] {processor.py:208} INFO - Processing /home/airflow/.local/lib/python3.12/site-packages/airflow/example_dags/example_xcomargs.py took 0.463 seconds
[2024-08-22T00:25:18.785+0000] {processor.py:186} INFO - Started process (PID=635) to work on /home/airflow/.local/lib/python3.12/site-packages/airflow/example_dags/example_xcomargs.py
[2024-08-22T00:25:18.788+0000] {processor.py:914} INFO - Processing file /home/airflow/.local/lib/python3.12/site-packages/airflow/example_dags/example_xcomargs.py for tasks to queue
[2024-08-22T00:25:18.799+0000] {logging_mixin.py:190} INFO - [2024-08-22T00:25:18.799+0000] {dagbag.py:587} INFO - Filling up the DagBag from /home/airflow/.local/lib/python3.12/site-packages/airflow/example_dags/example_xcomargs.py
[2024-08-22T00:25:18.865+0000] {processor.py:925} INFO - DAG(s) 'example_xcom_args', 'example_xcom_args_with_operators' retrieved from /home/airflow/.local/lib/python3.12/site-packages/airflow/example_dags/example_xcomargs.py
[2024-08-22T00:25:18.936+0000] {logging_mixin.py:190} INFO - [2024-08-22T00:25:18.935+0000] {dag.py:3211} INFO - Sync 2 DAGs
[2024-08-22T00:25:18.980+0000] {logging_mixin.py:190} INFO - [2024-08-22T00:25:18.980+0000] {dag.py:4138} INFO - Setting next_dagrun for example_xcom_args to None, run_after=None
[2024-08-22T00:25:18.989+0000] {logging_mixin.py:190} INFO - [2024-08-22T00:25:18.989+0000] {dag.py:4138} INFO - Setting next_dagrun for example_xcom_args_with_operators to None, run_after=None
[2024-08-22T00:25:19.035+0000] {processor.py:208} INFO - Processing /home/airflow/.local/lib/python3.12/site-packages/airflow/example_dags/example_xcomargs.py took 0.271 seconds
[2024-08-22T00:25:50.344+0000] {processor.py:186} INFO - Started process (PID=698) to work on /home/airflow/.local/lib/python3.12/site-packages/airflow/example_dags/example_xcomargs.py
[2024-08-22T00:25:50.353+0000] {processor.py:914} INFO - Processing file /home/airflow/.local/lib/python3.12/site-packages/airflow/example_dags/example_xcomargs.py for tasks to queue
[2024-08-22T00:25:50.359+0000] {logging_mixin.py:190} INFO - [2024-08-22T00:25:50.358+0000] {dagbag.py:587} INFO - Filling up the DagBag from /home/airflow/.local/lib/python3.12/site-packages/airflow/example_dags/example_xcomargs.py
[2024-08-22T00:25:50.436+0000] {processor.py:925} INFO - DAG(s) 'example_xcom_args_with_operators', 'example_xcom_args' retrieved from /home/airflow/.local/lib/python3.12/site-packages/airflow/example_dags/example_xcomargs.py
[2024-08-22T00:25:50.538+0000] {logging_mixin.py:190} INFO - [2024-08-22T00:25:50.537+0000] {dag.py:3211} INFO - Sync 2 DAGs
[2024-08-22T00:25:50.593+0000] {logging_mixin.py:190} INFO - [2024-08-22T00:25:50.593+0000] {dag.py:4138} INFO - Setting next_dagrun for example_xcom_args to None, run_after=None
[2024-08-22T00:25:50.620+0000] {logging_mixin.py:190} INFO - [2024-08-22T00:25:50.620+0000] {dag.py:4138} INFO - Setting next_dagrun for example_xcom_args_with_operators to None, run_after=None
[2024-08-22T00:25:50.693+0000] {processor.py:208} INFO - Processing /home/airflow/.local/lib/python3.12/site-packages/airflow/example_dags/example_xcomargs.py took 0.387 seconds
[2024-08-22T00:26:20.957+0000] {processor.py:186} INFO - Started process (PID=761) to work on /home/airflow/.local/lib/python3.12/site-packages/airflow/example_dags/example_xcomargs.py
[2024-08-22T00:26:20.962+0000] {processor.py:914} INFO - Processing file /home/airflow/.local/lib/python3.12/site-packages/airflow/example_dags/example_xcomargs.py for tasks to queue
[2024-08-22T00:26:20.973+0000] {logging_mixin.py:190} INFO - [2024-08-22T00:26:20.972+0000] {dagbag.py:587} INFO - Filling up the DagBag from /home/airflow/.local/lib/python3.12/site-packages/airflow/example_dags/example_xcomargs.py
[2024-08-22T00:26:21.012+0000] {processor.py:925} INFO - DAG(s) 'example_xcom_args_with_operators', 'example_xcom_args' retrieved from /home/airflow/.local/lib/python3.12/site-packages/airflow/example_dags/example_xcomargs.py
[2024-08-22T00:26:21.089+0000] {logging_mixin.py:190} INFO - [2024-08-22T00:26:21.089+0000] {dag.py:3211} INFO - Sync 2 DAGs
[2024-08-22T00:26:21.132+0000] {logging_mixin.py:190} INFO - [2024-08-22T00:26:21.131+0000] {dag.py:4138} INFO - Setting next_dagrun for example_xcom_args to None, run_after=None
[2024-08-22T00:26:21.139+0000] {logging_mixin.py:190} INFO - [2024-08-22T00:26:21.138+0000] {dag.py:4138} INFO - Setting next_dagrun for example_xcom_args_with_operators to None, run_after=None
[2024-08-22T00:26:21.188+0000] {processor.py:208} INFO - Processing /home/airflow/.local/lib/python3.12/site-packages/airflow/example_dags/example_xcomargs.py took 0.252 seconds
[2024-08-22T00:26:51.412+0000] {processor.py:186} INFO - Started process (PID=825) to work on /home/airflow/.local/lib/python3.12/site-packages/airflow/example_dags/example_xcomargs.py
[2024-08-22T00:26:51.416+0000] {processor.py:914} INFO - Processing file /home/airflow/.local/lib/python3.12/site-packages/airflow/example_dags/example_xcomargs.py for tasks to queue
[2024-08-22T00:26:51.435+0000] {logging_mixin.py:190} INFO - [2024-08-22T00:26:51.434+0000] {dagbag.py:587} INFO - Filling up the DagBag from /home/airflow/.local/lib/python3.12/site-packages/airflow/example_dags/example_xcomargs.py
[2024-08-22T00:26:51.504+0000] {processor.py:925} INFO - DAG(s) 'example_xcom_args_with_operators', 'example_xcom_args' retrieved from /home/airflow/.local/lib/python3.12/site-packages/airflow/example_dags/example_xcomargs.py
[2024-08-22T00:26:51.603+0000] {logging_mixin.py:190} INFO - [2024-08-22T00:26:51.602+0000] {dag.py:3211} INFO - Sync 2 DAGs
[2024-08-22T00:26:51.669+0000] {logging_mixin.py:190} INFO - [2024-08-22T00:26:51.669+0000] {dag.py:4138} INFO - Setting next_dagrun for example_xcom_args to None, run_after=None
[2024-08-22T00:26:51.680+0000] {logging_mixin.py:190} INFO - [2024-08-22T00:26:51.680+0000] {dag.py:4138} INFO - Setting next_dagrun for example_xcom_args_with_operators to None, run_after=None
[2024-08-22T00:26:51.717+0000] {processor.py:208} INFO - Processing /home/airflow/.local/lib/python3.12/site-packages/airflow/example_dags/example_xcomargs.py took 0.321 seconds
[2024-08-22T00:27:22.552+0000] {processor.py:186} INFO - Started process (PID=894) to work on /home/airflow/.local/lib/python3.12/site-packages/airflow/example_dags/example_xcomargs.py
[2024-08-22T00:27:22.554+0000] {processor.py:914} INFO - Processing file /home/airflow/.local/lib/python3.12/site-packages/airflow/example_dags/example_xcomargs.py for tasks to queue
[2024-08-22T00:27:22.570+0000] {logging_mixin.py:190} INFO - [2024-08-22T00:27:22.568+0000] {dagbag.py:587} INFO - Filling up the DagBag from /home/airflow/.local/lib/python3.12/site-packages/airflow/example_dags/example_xcomargs.py
[2024-08-22T00:27:22.620+0000] {processor.py:925} INFO - DAG(s) 'example_xcom_args', 'example_xcom_args_with_operators' retrieved from /home/airflow/.local/lib/python3.12/site-packages/airflow/example_dags/example_xcomargs.py
[2024-08-22T00:27:22.686+0000] {logging_mixin.py:190} INFO - [2024-08-22T00:27:22.686+0000] {dag.py:3211} INFO - Sync 2 DAGs
[2024-08-22T00:27:22.779+0000] {logging_mixin.py:190} INFO - [2024-08-22T00:27:22.778+0000] {dag.py:4138} INFO - Setting next_dagrun for example_xcom_args to None, run_after=None
[2024-08-22T00:27:22.801+0000] {logging_mixin.py:190} INFO - [2024-08-22T00:27:22.801+0000] {dag.py:4138} INFO - Setting next_dagrun for example_xcom_args_with_operators to None, run_after=None
[2024-08-22T00:27:22.853+0000] {processor.py:208} INFO - Processing /home/airflow/.local/lib/python3.12/site-packages/airflow/example_dags/example_xcomargs.py took 0.333 seconds
[2024-08-22T00:27:53.683+0000] {processor.py:186} INFO - Started process (PID=957) to work on /home/airflow/.local/lib/python3.12/site-packages/airflow/example_dags/example_xcomargs.py
[2024-08-22T00:27:53.685+0000] {processor.py:914} INFO - Processing file /home/airflow/.local/lib/python3.12/site-packages/airflow/example_dags/example_xcomargs.py for tasks to queue
[2024-08-22T00:27:53.690+0000] {logging_mixin.py:190} INFO - [2024-08-22T00:27:53.689+0000] {dagbag.py:587} INFO - Filling up the DagBag from /home/airflow/.local/lib/python3.12/site-packages/airflow/example_dags/example_xcomargs.py
[2024-08-22T00:27:53.727+0000] {processor.py:925} INFO - DAG(s) 'example_xcom_args_with_operators', 'example_xcom_args' retrieved from /home/airflow/.local/lib/python3.12/site-packages/airflow/example_dags/example_xcomargs.py
[2024-08-22T00:27:53.823+0000] {logging_mixin.py:190} INFO - [2024-08-22T00:27:53.823+0000] {dag.py:3211} INFO - Sync 2 DAGs
[2024-08-22T00:27:53.873+0000] {logging_mixin.py:190} INFO - [2024-08-22T00:27:53.872+0000] {dag.py:4138} INFO - Setting next_dagrun for example_xcom_args to None, run_after=None
[2024-08-22T00:27:53.884+0000] {logging_mixin.py:190} INFO - [2024-08-22T00:27:53.884+0000] {dag.py:4138} INFO - Setting next_dagrun for example_xcom_args_with_operators to None, run_after=None
[2024-08-22T00:27:53.948+0000] {processor.py:208} INFO - Processing /home/airflow/.local/lib/python3.12/site-packages/airflow/example_dags/example_xcomargs.py took 0.280 seconds
[2024-08-22T00:28:24.621+0000] {processor.py:186} INFO - Started process (PID=1020) to work on /home/airflow/.local/lib/python3.12/site-packages/airflow/example_dags/example_xcomargs.py
[2024-08-22T00:28:24.624+0000] {processor.py:914} INFO - Processing file /home/airflow/.local/lib/python3.12/site-packages/airflow/example_dags/example_xcomargs.py for tasks to queue
[2024-08-22T00:28:24.631+0000] {logging_mixin.py:190} INFO - [2024-08-22T00:28:24.630+0000] {dagbag.py:587} INFO - Filling up the DagBag from /home/airflow/.local/lib/python3.12/site-packages/airflow/example_dags/example_xcomargs.py
[2024-08-22T00:28:24.655+0000] {processor.py:925} INFO - DAG(s) 'example_xcom_args', 'example_xcom_args_with_operators' retrieved from /home/airflow/.local/lib/python3.12/site-packages/airflow/example_dags/example_xcomargs.py
[2024-08-22T00:28:24.738+0000] {logging_mixin.py:190} INFO - [2024-08-22T00:28:24.737+0000] {dag.py:3211} INFO - Sync 2 DAGs
[2024-08-22T00:28:24.806+0000] {logging_mixin.py:190} INFO - [2024-08-22T00:28:24.806+0000] {dag.py:4138} INFO - Setting next_dagrun for example_xcom_args to None, run_after=None
[2024-08-22T00:28:24.827+0000] {logging_mixin.py:190} INFO - [2024-08-22T00:28:24.826+0000] {dag.py:4138} INFO - Setting next_dagrun for example_xcom_args_with_operators to None, run_after=None
[2024-08-22T00:28:24.882+0000] {processor.py:208} INFO - Processing /home/airflow/.local/lib/python3.12/site-packages/airflow/example_dags/example_xcomargs.py took 0.277 seconds
[2024-08-22T00:28:55.450+0000] {processor.py:186} INFO - Started process (PID=1083) to work on /home/airflow/.local/lib/python3.12/site-packages/airflow/example_dags/example_xcomargs.py
[2024-08-22T00:28:55.452+0000] {processor.py:914} INFO - Processing file /home/airflow/.local/lib/python3.12/site-packages/airflow/example_dags/example_xcomargs.py for tasks to queue
[2024-08-22T00:28:55.463+0000] {logging_mixin.py:190} INFO - [2024-08-22T00:28:55.462+0000] {dagbag.py:587} INFO - Filling up the DagBag from /home/airflow/.local/lib/python3.12/site-packages/airflow/example_dags/example_xcomargs.py
[2024-08-22T00:28:55.496+0000] {processor.py:925} INFO - DAG(s) 'example_xcom_args', 'example_xcom_args_with_operators' retrieved from /home/airflow/.local/lib/python3.12/site-packages/airflow/example_dags/example_xcomargs.py
[2024-08-22T00:28:55.572+0000] {logging_mixin.py:190} INFO - [2024-08-22T00:28:55.571+0000] {dag.py:3211} INFO - Sync 2 DAGs
[2024-08-22T00:28:55.617+0000] {logging_mixin.py:190} INFO - [2024-08-22T00:28:55.616+0000] {dag.py:4138} INFO - Setting next_dagrun for example_xcom_args to None, run_after=None
[2024-08-22T00:28:55.626+0000] {logging_mixin.py:190} INFO - [2024-08-22T00:28:55.625+0000] {dag.py:4138} INFO - Setting next_dagrun for example_xcom_args_with_operators to None, run_after=None
[2024-08-22T00:28:55.665+0000] {processor.py:208} INFO - Processing /home/airflow/.local/lib/python3.12/site-packages/airflow/example_dags/example_xcomargs.py took 0.228 seconds
[2024-08-22T00:29:25.880+0000] {processor.py:186} INFO - Started process (PID=1145) to work on /home/airflow/.local/lib/python3.12/site-packages/airflow/example_dags/example_xcomargs.py
[2024-08-22T00:29:25.882+0000] {processor.py:914} INFO - Processing file /home/airflow/.local/lib/python3.12/site-packages/airflow/example_dags/example_xcomargs.py for tasks to queue
[2024-08-22T00:29:25.885+0000] {logging_mixin.py:190} INFO - [2024-08-22T00:29:25.885+0000] {dagbag.py:587} INFO - Filling up the DagBag from /home/airflow/.local/lib/python3.12/site-packages/airflow/example_dags/example_xcomargs.py
[2024-08-22T00:29:25.905+0000] {processor.py:925} INFO - DAG(s) 'example_xcom_args_with_operators', 'example_xcom_args' retrieved from /home/airflow/.local/lib/python3.12/site-packages/airflow/example_dags/example_xcomargs.py
[2024-08-22T00:29:25.953+0000] {logging_mixin.py:190} INFO - [2024-08-22T00:29:25.952+0000] {dag.py:3211} INFO - Sync 2 DAGs
[2024-08-22T00:29:25.980+0000] {logging_mixin.py:190} INFO - [2024-08-22T00:29:25.980+0000] {dag.py:4138} INFO - Setting next_dagrun for example_xcom_args to None, run_after=None
[2024-08-22T00:29:25.988+0000] {logging_mixin.py:190} INFO - [2024-08-22T00:29:25.987+0000] {dag.py:4138} INFO - Setting next_dagrun for example_xcom_args_with_operators to None, run_after=None
[2024-08-22T00:29:26.021+0000] {processor.py:208} INFO - Processing /home/airflow/.local/lib/python3.12/site-packages/airflow/example_dags/example_xcomargs.py took 0.151 seconds
[2024-08-22T00:29:56.349+0000] {processor.py:186} INFO - Started process (PID=1209) to work on /home/airflow/.local/lib/python3.12/site-packages/airflow/example_dags/example_xcomargs.py
[2024-08-22T00:29:56.351+0000] {processor.py:914} INFO - Processing file /home/airflow/.local/lib/python3.12/site-packages/airflow/example_dags/example_xcomargs.py for tasks to queue
[2024-08-22T00:29:56.355+0000] {logging_mixin.py:190} INFO - [2024-08-22T00:29:56.354+0000] {dagbag.py:587} INFO - Filling up the DagBag from /home/airflow/.local/lib/python3.12/site-packages/airflow/example_dags/example_xcomargs.py
[2024-08-22T00:29:56.373+0000] {processor.py:925} INFO - DAG(s) 'example_xcom_args_with_operators', 'example_xcom_args' retrieved from /home/airflow/.local/lib/python3.12/site-packages/airflow/example_dags/example_xcomargs.py
[2024-08-22T00:29:56.430+0000] {logging_mixin.py:190} INFO - [2024-08-22T00:29:56.429+0000] {dag.py:3211} INFO - Sync 2 DAGs
[2024-08-22T00:29:56.467+0000] {logging_mixin.py:190} INFO - [2024-08-22T00:29:56.467+0000] {dag.py:4138} INFO - Setting next_dagrun for example_xcom_args to None, run_after=None
[2024-08-22T00:29:56.476+0000] {logging_mixin.py:190} INFO - [2024-08-22T00:29:56.476+0000] {dag.py:4138} INFO - Setting next_dagrun for example_xcom_args_with_operators to None, run_after=None
[2024-08-22T00:29:56.516+0000] {processor.py:208} INFO - Processing /home/airflow/.local/lib/python3.12/site-packages/airflow/example_dags/example_xcomargs.py took 0.177 seconds
[2024-08-22T00:30:27.081+0000] {processor.py:186} INFO - Started process (PID=1273) to work on /home/airflow/.local/lib/python3.12/site-packages/airflow/example_dags/example_xcomargs.py
[2024-08-22T00:30:27.083+0000] {processor.py:914} INFO - Processing file /home/airflow/.local/lib/python3.12/site-packages/airflow/example_dags/example_xcomargs.py for tasks to queue
[2024-08-22T00:30:27.087+0000] {logging_mixin.py:190} INFO - [2024-08-22T00:30:27.087+0000] {dagbag.py:587} INFO - Filling up the DagBag from /home/airflow/.local/lib/python3.12/site-packages/airflow/example_dags/example_xcomargs.py
[2024-08-22T00:30:27.108+0000] {processor.py:925} INFO - DAG(s) 'example_xcom_args_with_operators', 'example_xcom_args' retrieved from /home/airflow/.local/lib/python3.12/site-packages/airflow/example_dags/example_xcomargs.py
[2024-08-22T00:30:27.168+0000] {logging_mixin.py:190} INFO - [2024-08-22T00:30:27.167+0000] {dag.py:3211} INFO - Sync 2 DAGs
[2024-08-22T00:30:27.208+0000] {logging_mixin.py:190} INFO - [2024-08-22T00:30:27.208+0000] {dag.py:4138} INFO - Setting next_dagrun for example_xcom_args to None, run_after=None
[2024-08-22T00:30:27.224+0000] {logging_mixin.py:190} INFO - [2024-08-22T00:30:27.223+0000] {dag.py:4138} INFO - Setting next_dagrun for example_xcom_args_with_operators to None, run_after=None
[2024-08-22T00:30:27.273+0000] {processor.py:208} INFO - Processing /home/airflow/.local/lib/python3.12/site-packages/airflow/example_dags/example_xcomargs.py took 0.207 seconds
[2024-08-22T00:30:58.145+0000] {processor.py:186} INFO - Started process (PID=1336) to work on /home/airflow/.local/lib/python3.12/site-packages/airflow/example_dags/example_xcomargs.py
[2024-08-22T00:30:58.147+0000] {processor.py:914} INFO - Processing file /home/airflow/.local/lib/python3.12/site-packages/airflow/example_dags/example_xcomargs.py for tasks to queue
[2024-08-22T00:30:58.151+0000] {logging_mixin.py:190} INFO - [2024-08-22T00:30:58.151+0000] {dagbag.py:587} INFO - Filling up the DagBag from /home/airflow/.local/lib/python3.12/site-packages/airflow/example_dags/example_xcomargs.py
[2024-08-22T00:30:58.167+0000] {processor.py:925} INFO - DAG(s) 'example_xcom_args', 'example_xcom_args_with_operators' retrieved from /home/airflow/.local/lib/python3.12/site-packages/airflow/example_dags/example_xcomargs.py
[2024-08-22T00:30:58.211+0000] {logging_mixin.py:190} INFO - [2024-08-22T00:30:58.210+0000] {dag.py:3211} INFO - Sync 2 DAGs
[2024-08-22T00:30:58.245+0000] {logging_mixin.py:190} INFO - [2024-08-22T00:30:58.244+0000] {dag.py:4138} INFO - Setting next_dagrun for example_xcom_args to None, run_after=None
[2024-08-22T00:30:58.269+0000] {logging_mixin.py:190} INFO - [2024-08-22T00:30:58.268+0000] {dag.py:4138} INFO - Setting next_dagrun for example_xcom_args_with_operators to None, run_after=None
[2024-08-22T00:30:58.359+0000] {processor.py:208} INFO - Processing /home/airflow/.local/lib/python3.12/site-packages/airflow/example_dags/example_xcomargs.py took 0.224 seconds
[2024-08-22T00:31:28.995+0000] {processor.py:186} INFO - Started process (PID=1400) to work on /home/airflow/.local/lib/python3.12/site-packages/airflow/example_dags/example_xcomargs.py
[2024-08-22T00:31:28.997+0000] {processor.py:914} INFO - Processing file /home/airflow/.local/lib/python3.12/site-packages/airflow/example_dags/example_xcomargs.py for tasks to queue
[2024-08-22T00:31:29.000+0000] {logging_mixin.py:190} INFO - [2024-08-22T00:31:29.000+0000] {dagbag.py:587} INFO - Filling up the DagBag from /home/airflow/.local/lib/python3.12/site-packages/airflow/example_dags/example_xcomargs.py
[2024-08-22T00:31:29.016+0000] {processor.py:925} INFO - DAG(s) 'example_xcom_args', 'example_xcom_args_with_operators' retrieved from /home/airflow/.local/lib/python3.12/site-packages/airflow/example_dags/example_xcomargs.py
[2024-08-22T00:31:29.057+0000] {logging_mixin.py:190} INFO - [2024-08-22T00:31:29.057+0000] {dag.py:3211} INFO - Sync 2 DAGs
[2024-08-22T00:31:29.084+0000] {logging_mixin.py:190} INFO - [2024-08-22T00:31:29.084+0000] {dag.py:4138} INFO - Setting next_dagrun for example_xcom_args to None, run_after=None
[2024-08-22T00:31:29.090+0000] {logging_mixin.py:190} INFO - [2024-08-22T00:31:29.089+0000] {dag.py:4138} INFO - Setting next_dagrun for example_xcom_args_with_operators to None, run_after=None
[2024-08-22T00:31:29.126+0000] {processor.py:208} INFO - Processing /home/airflow/.local/lib/python3.12/site-packages/airflow/example_dags/example_xcomargs.py took 0.140 seconds
[2024-08-22T00:31:59.625+0000] {processor.py:186} INFO - Started process (PID=1463) to work on /home/airflow/.local/lib/python3.12/site-packages/airflow/example_dags/example_xcomargs.py
[2024-08-22T00:31:59.627+0000] {processor.py:914} INFO - Processing file /home/airflow/.local/lib/python3.12/site-packages/airflow/example_dags/example_xcomargs.py for tasks to queue
[2024-08-22T00:31:59.631+0000] {logging_mixin.py:190} INFO - [2024-08-22T00:31:59.631+0000] {dagbag.py:587} INFO - Filling up the DagBag from /home/airflow/.local/lib/python3.12/site-packages/airflow/example_dags/example_xcomargs.py
[2024-08-22T00:31:59.651+0000] {processor.py:925} INFO - DAG(s) 'example_xcom_args_with_operators', 'example_xcom_args' retrieved from /home/airflow/.local/lib/python3.12/site-packages/airflow/example_dags/example_xcomargs.py
[2024-08-22T00:31:59.692+0000] {logging_mixin.py:190} INFO - [2024-08-22T00:31:59.692+0000] {dag.py:3211} INFO - Sync 2 DAGs
[2024-08-22T00:31:59.717+0000] {logging_mixin.py:190} INFO - [2024-08-22T00:31:59.717+0000] {dag.py:4138} INFO - Setting next_dagrun for example_xcom_args to None, run_after=None
[2024-08-22T00:31:59.724+0000] {logging_mixin.py:190} INFO - [2024-08-22T00:31:59.723+0000] {dag.py:4138} INFO - Setting next_dagrun for example_xcom_args_with_operators to None, run_after=None
[2024-08-22T00:31:59.751+0000] {processor.py:208} INFO - Processing /home/airflow/.local/lib/python3.12/site-packages/airflow/example_dags/example_xcomargs.py took 0.136 seconds
[2024-08-22T00:32:30.552+0000] {processor.py:186} INFO - Started process (PID=1526) to work on /home/airflow/.local/lib/python3.12/site-packages/airflow/example_dags/example_xcomargs.py
[2024-08-22T00:32:30.553+0000] {processor.py:914} INFO - Processing file /home/airflow/.local/lib/python3.12/site-packages/airflow/example_dags/example_xcomargs.py for tasks to queue
[2024-08-22T00:32:30.557+0000] {logging_mixin.py:190} INFO - [2024-08-22T00:32:30.556+0000] {dagbag.py:587} INFO - Filling up the DagBag from /home/airflow/.local/lib/python3.12/site-packages/airflow/example_dags/example_xcomargs.py
[2024-08-22T00:32:30.579+0000] {processor.py:925} INFO - DAG(s) 'example_xcom_args', 'example_xcom_args_with_operators' retrieved from /home/airflow/.local/lib/python3.12/site-packages/airflow/example_dags/example_xcomargs.py
[2024-08-22T00:32:30.621+0000] {logging_mixin.py:190} INFO - [2024-08-22T00:32:30.620+0000] {dag.py:3211} INFO - Sync 2 DAGs
[2024-08-22T00:32:30.659+0000] {logging_mixin.py:190} INFO - [2024-08-22T00:32:30.658+0000] {dag.py:4138} INFO - Setting next_dagrun for example_xcom_args to None, run_after=None
[2024-08-22T00:32:30.673+0000] {logging_mixin.py:190} INFO - [2024-08-22T00:32:30.673+0000] {dag.py:4138} INFO - Setting next_dagrun for example_xcom_args_with_operators to None, run_after=None
[2024-08-22T00:32:30.708+0000] {processor.py:208} INFO - Processing /home/airflow/.local/lib/python3.12/site-packages/airflow/example_dags/example_xcomargs.py took 0.167 seconds
[2024-08-22T00:33:01.411+0000] {processor.py:186} INFO - Started process (PID=1589) to work on /home/airflow/.local/lib/python3.12/site-packages/airflow/example_dags/example_xcomargs.py
[2024-08-22T00:33:01.412+0000] {processor.py:914} INFO - Processing file /home/airflow/.local/lib/python3.12/site-packages/airflow/example_dags/example_xcomargs.py for tasks to queue
[2024-08-22T00:33:01.417+0000] {logging_mixin.py:190} INFO - [2024-08-22T00:33:01.416+0000] {dagbag.py:587} INFO - Filling up the DagBag from /home/airflow/.local/lib/python3.12/site-packages/airflow/example_dags/example_xcomargs.py
[2024-08-22T00:33:01.446+0000] {processor.py:925} INFO - DAG(s) 'example_xcom_args_with_operators', 'example_xcom_args' retrieved from /home/airflow/.local/lib/python3.12/site-packages/airflow/example_dags/example_xcomargs.py
[2024-08-22T00:33:01.506+0000] {logging_mixin.py:190} INFO - [2024-08-22T00:33:01.506+0000] {dag.py:3211} INFO - Sync 2 DAGs
[2024-08-22T00:33:01.538+0000] {logging_mixin.py:190} INFO - [2024-08-22T00:33:01.538+0000] {dag.py:4138} INFO - Setting next_dagrun for example_xcom_args to None, run_after=None
[2024-08-22T00:33:01.545+0000] {logging_mixin.py:190} INFO - [2024-08-22T00:33:01.545+0000] {dag.py:4138} INFO - Setting next_dagrun for example_xcom_args_with_operators to None, run_after=None
[2024-08-22T00:33:01.580+0000] {processor.py:208} INFO - Processing /home/airflow/.local/lib/python3.12/site-packages/airflow/example_dags/example_xcomargs.py took 0.181 seconds
[2024-08-22T00:33:34.816+0000] {processor.py:186} INFO - Started process (PID=1649) to work on /home/airflow/.local/lib/python3.12/site-packages/airflow/example_dags/example_xcomargs.py
[2024-08-22T00:33:34.817+0000] {processor.py:914} INFO - Processing file /home/airflow/.local/lib/python3.12/site-packages/airflow/example_dags/example_xcomargs.py for tasks to queue
[2024-08-22T00:33:34.822+0000] {logging_mixin.py:190} INFO - [2024-08-22T00:33:34.821+0000] {dagbag.py:587} INFO - Filling up the DagBag from /home/airflow/.local/lib/python3.12/site-packages/airflow/example_dags/example_xcomargs.py
[2024-08-22T00:33:34.841+0000] {processor.py:925} INFO - DAG(s) 'example_xcom_args', 'example_xcom_args_with_operators' retrieved from /home/airflow/.local/lib/python3.12/site-packages/airflow/example_dags/example_xcomargs.py
[2024-08-22T00:33:34.884+0000] {logging_mixin.py:190} INFO - [2024-08-22T00:33:34.884+0000] {dag.py:3211} INFO - Sync 2 DAGs
[2024-08-22T00:33:34.910+0000] {logging_mixin.py:190} INFO - [2024-08-22T00:33:34.910+0000] {dag.py:4138} INFO - Setting next_dagrun for example_xcom_args to None, run_after=None
[2024-08-22T00:33:34.918+0000] {logging_mixin.py:190} INFO - [2024-08-22T00:33:34.918+0000] {dag.py:4138} INFO - Setting next_dagrun for example_xcom_args_with_operators to None, run_after=None
[2024-08-22T00:33:34.968+0000] {processor.py:208} INFO - Processing /home/airflow/.local/lib/python3.12/site-packages/airflow/example_dags/example_xcomargs.py took 0.164 seconds
[2024-08-22T00:34:06.330+0000] {processor.py:186} INFO - Started process (PID=1713) to work on /home/airflow/.local/lib/python3.12/site-packages/airflow/example_dags/example_xcomargs.py
[2024-08-22T00:34:06.333+0000] {processor.py:914} INFO - Processing file /home/airflow/.local/lib/python3.12/site-packages/airflow/example_dags/example_xcomargs.py for tasks to queue
[2024-08-22T00:34:06.337+0000] {logging_mixin.py:190} INFO - [2024-08-22T00:34:06.336+0000] {dagbag.py:587} INFO - Filling up the DagBag from /home/airflow/.local/lib/python3.12/site-packages/airflow/example_dags/example_xcomargs.py
[2024-08-22T00:34:06.372+0000] {processor.py:925} INFO - DAG(s) 'example_xcom_args_with_operators', 'example_xcom_args' retrieved from /home/airflow/.local/lib/python3.12/site-packages/airflow/example_dags/example_xcomargs.py
[2024-08-22T00:34:06.453+0000] {logging_mixin.py:190} INFO - [2024-08-22T00:34:06.453+0000] {dag.py:3211} INFO - Sync 2 DAGs
[2024-08-22T00:34:06.503+0000] {logging_mixin.py:190} INFO - [2024-08-22T00:34:06.502+0000] {dag.py:4138} INFO - Setting next_dagrun for example_xcom_args to None, run_after=None
[2024-08-22T00:34:06.510+0000] {logging_mixin.py:190} INFO - [2024-08-22T00:34:06.510+0000] {dag.py:4138} INFO - Setting next_dagrun for example_xcom_args_with_operators to None, run_after=None
[2024-08-22T00:34:06.581+0000] {processor.py:208} INFO - Processing /home/airflow/.local/lib/python3.12/site-packages/airflow/example_dags/example_xcomargs.py took 0.264 seconds
[2024-08-22T00:34:37.736+0000] {processor.py:186} INFO - Started process (PID=1775) to work on /home/airflow/.local/lib/python3.12/site-packages/airflow/example_dags/example_xcomargs.py
[2024-08-22T00:34:37.737+0000] {processor.py:914} INFO - Processing file /home/airflow/.local/lib/python3.12/site-packages/airflow/example_dags/example_xcomargs.py for tasks to queue
[2024-08-22T00:34:37.748+0000] {logging_mixin.py:190} INFO - [2024-08-22T00:34:37.748+0000] {dagbag.py:587} INFO - Filling up the DagBag from /home/airflow/.local/lib/python3.12/site-packages/airflow/example_dags/example_xcomargs.py
[2024-08-22T00:34:37.784+0000] {processor.py:925} INFO - DAG(s) 'example_xcom_args', 'example_xcom_args_with_operators' retrieved from /home/airflow/.local/lib/python3.12/site-packages/airflow/example_dags/example_xcomargs.py
[2024-08-22T00:34:37.849+0000] {logging_mixin.py:190} INFO - [2024-08-22T00:34:37.849+0000] {dag.py:3211} INFO - Sync 2 DAGs
[2024-08-22T00:34:37.874+0000] {logging_mixin.py:190} INFO - [2024-08-22T00:34:37.873+0000] {dag.py:4138} INFO - Setting next_dagrun for example_xcom_args to None, run_after=None
[2024-08-22T00:34:37.883+0000] {logging_mixin.py:190} INFO - [2024-08-22T00:34:37.883+0000] {dag.py:4138} INFO - Setting next_dagrun for example_xcom_args_with_operators to None, run_after=None
[2024-08-22T00:34:37.920+0000] {processor.py:208} INFO - Processing /home/airflow/.local/lib/python3.12/site-packages/airflow/example_dags/example_xcomargs.py took 0.195 seconds
[2024-08-22T00:35:08.449+0000] {processor.py:186} INFO - Started process (PID=1838) to work on /home/airflow/.local/lib/python3.12/site-packages/airflow/example_dags/example_xcomargs.py
[2024-08-22T00:35:08.450+0000] {processor.py:914} INFO - Processing file /home/airflow/.local/lib/python3.12/site-packages/airflow/example_dags/example_xcomargs.py for tasks to queue
[2024-08-22T00:35:08.454+0000] {logging_mixin.py:190} INFO - [2024-08-22T00:35:08.454+0000] {dagbag.py:587} INFO - Filling up the DagBag from /home/airflow/.local/lib/python3.12/site-packages/airflow/example_dags/example_xcomargs.py
[2024-08-22T00:35:08.475+0000] {processor.py:925} INFO - DAG(s) 'example_xcom_args_with_operators', 'example_xcom_args' retrieved from /home/airflow/.local/lib/python3.12/site-packages/airflow/example_dags/example_xcomargs.py
[2024-08-22T00:35:08.518+0000] {logging_mixin.py:190} INFO - [2024-08-22T00:35:08.518+0000] {dag.py:3211} INFO - Sync 2 DAGs
[2024-08-22T00:35:08.541+0000] {logging_mixin.py:190} INFO - [2024-08-22T00:35:08.541+0000] {dag.py:4138} INFO - Setting next_dagrun for example_xcom_args to None, run_after=None
[2024-08-22T00:35:08.548+0000] {logging_mixin.py:190} INFO - [2024-08-22T00:35:08.548+0000] {dag.py:4138} INFO - Setting next_dagrun for example_xcom_args_with_operators to None, run_after=None
[2024-08-22T00:35:08.592+0000] {processor.py:208} INFO - Processing /home/airflow/.local/lib/python3.12/site-packages/airflow/example_dags/example_xcomargs.py took 0.152 seconds
[2024-08-22T00:35:38.965+0000] {processor.py:186} INFO - Started process (PID=1901) to work on /home/airflow/.local/lib/python3.12/site-packages/airflow/example_dags/example_xcomargs.py
[2024-08-22T00:35:38.968+0000] {processor.py:914} INFO - Processing file /home/airflow/.local/lib/python3.12/site-packages/airflow/example_dags/example_xcomargs.py for tasks to queue
[2024-08-22T00:35:38.971+0000] {logging_mixin.py:190} INFO - [2024-08-22T00:35:38.971+0000] {dagbag.py:587} INFO - Filling up the DagBag from /home/airflow/.local/lib/python3.12/site-packages/airflow/example_dags/example_xcomargs.py
[2024-08-22T00:35:38.991+0000] {processor.py:925} INFO - DAG(s) 'example_xcom_args', 'example_xcom_args_with_operators' retrieved from /home/airflow/.local/lib/python3.12/site-packages/airflow/example_dags/example_xcomargs.py
[2024-08-22T00:35:39.033+0000] {logging_mixin.py:190} INFO - [2024-08-22T00:35:39.033+0000] {dag.py:3211} INFO - Sync 2 DAGs
[2024-08-22T00:35:39.065+0000] {logging_mixin.py:190} INFO - [2024-08-22T00:35:39.065+0000] {dag.py:4138} INFO - Setting next_dagrun for example_xcom_args to None, run_after=None
[2024-08-22T00:35:39.072+0000] {logging_mixin.py:190} INFO - [2024-08-22T00:35:39.071+0000] {dag.py:4138} INFO - Setting next_dagrun for example_xcom_args_with_operators to None, run_after=None
[2024-08-22T00:35:39.104+0000] {processor.py:208} INFO - Processing /home/airflow/.local/lib/python3.12/site-packages/airflow/example_dags/example_xcomargs.py took 0.152 seconds
[2024-08-22T00:36:10.208+0000] {processor.py:186} INFO - Started process (PID=1964) to work on /home/airflow/.local/lib/python3.12/site-packages/airflow/example_dags/example_xcomargs.py
[2024-08-22T00:36:10.213+0000] {processor.py:914} INFO - Processing file /home/airflow/.local/lib/python3.12/site-packages/airflow/example_dags/example_xcomargs.py for tasks to queue
[2024-08-22T00:36:10.222+0000] {logging_mixin.py:190} INFO - [2024-08-22T00:36:10.221+0000] {dagbag.py:587} INFO - Filling up the DagBag from /home/airflow/.local/lib/python3.12/site-packages/airflow/example_dags/example_xcomargs.py
[2024-08-22T00:36:10.255+0000] {processor.py:925} INFO - DAG(s) 'example_xcom_args', 'example_xcom_args_with_operators' retrieved from /home/airflow/.local/lib/python3.12/site-packages/airflow/example_dags/example_xcomargs.py
[2024-08-22T00:36:10.325+0000] {logging_mixin.py:190} INFO - [2024-08-22T00:36:10.324+0000] {dag.py:3211} INFO - Sync 2 DAGs
[2024-08-22T00:36:10.395+0000] {logging_mixin.py:190} INFO - [2024-08-22T00:36:10.395+0000] {dag.py:4138} INFO - Setting next_dagrun for example_xcom_args to None, run_after=None
[2024-08-22T00:36:10.437+0000] {logging_mixin.py:190} INFO - [2024-08-22T00:36:10.437+0000] {dag.py:4138} INFO - Setting next_dagrun for example_xcom_args_with_operators to None, run_after=None
[2024-08-22T00:36:10.537+0000] {processor.py:208} INFO - Processing /home/airflow/.local/lib/python3.12/site-packages/airflow/example_dags/example_xcomargs.py took 0.344 seconds
[2024-08-22T00:36:40.932+0000] {processor.py:186} INFO - Started process (PID=2027) to work on /home/airflow/.local/lib/python3.12/site-packages/airflow/example_dags/example_xcomargs.py
[2024-08-22T00:36:40.934+0000] {processor.py:914} INFO - Processing file /home/airflow/.local/lib/python3.12/site-packages/airflow/example_dags/example_xcomargs.py for tasks to queue
[2024-08-22T00:36:40.938+0000] {logging_mixin.py:190} INFO - [2024-08-22T00:36:40.937+0000] {dagbag.py:587} INFO - Filling up the DagBag from /home/airflow/.local/lib/python3.12/site-packages/airflow/example_dags/example_xcomargs.py
[2024-08-22T00:36:40.954+0000] {processor.py:925} INFO - DAG(s) 'example_xcom_args_with_operators', 'example_xcom_args' retrieved from /home/airflow/.local/lib/python3.12/site-packages/airflow/example_dags/example_xcomargs.py
[2024-08-22T00:36:40.997+0000] {logging_mixin.py:190} INFO - [2024-08-22T00:36:40.996+0000] {dag.py:3211} INFO - Sync 2 DAGs
[2024-08-22T00:36:41.024+0000] {logging_mixin.py:190} INFO - [2024-08-22T00:36:41.023+0000] {dag.py:4138} INFO - Setting next_dagrun for example_xcom_args to None, run_after=None
[2024-08-22T00:36:41.032+0000] {logging_mixin.py:190} INFO - [2024-08-22T00:36:41.032+0000] {dag.py:4138} INFO - Setting next_dagrun for example_xcom_args_with_operators to None, run_after=None
[2024-08-22T00:36:41.064+0000] {processor.py:208} INFO - Processing /home/airflow/.local/lib/python3.12/site-packages/airflow/example_dags/example_xcomargs.py took 0.142 seconds
[2024-08-22T00:37:12.284+0000] {processor.py:186} INFO - Started process (PID=2089) to work on /home/airflow/.local/lib/python3.12/site-packages/airflow/example_dags/example_xcomargs.py
[2024-08-22T00:37:12.285+0000] {processor.py:914} INFO - Processing file /home/airflow/.local/lib/python3.12/site-packages/airflow/example_dags/example_xcomargs.py for tasks to queue
[2024-08-22T00:37:12.289+0000] {logging_mixin.py:190} INFO - [2024-08-22T00:37:12.289+0000] {dagbag.py:587} INFO - Filling up the DagBag from /home/airflow/.local/lib/python3.12/site-packages/airflow/example_dags/example_xcomargs.py
[2024-08-22T00:37:12.307+0000] {processor.py:925} INFO - DAG(s) 'example_xcom_args_with_operators', 'example_xcom_args' retrieved from /home/airflow/.local/lib/python3.12/site-packages/airflow/example_dags/example_xcomargs.py
[2024-08-22T00:37:12.347+0000] {logging_mixin.py:190} INFO - [2024-08-22T00:37:12.346+0000] {dag.py:3211} INFO - Sync 2 DAGs
[2024-08-22T00:37:12.383+0000] {logging_mixin.py:190} INFO - [2024-08-22T00:37:12.383+0000] {dag.py:4138} INFO - Setting next_dagrun for example_xcom_args to None, run_after=None
[2024-08-22T00:37:12.389+0000] {logging_mixin.py:190} INFO - [2024-08-22T00:37:12.389+0000] {dag.py:4138} INFO - Setting next_dagrun for example_xcom_args_with_operators to None, run_after=None
[2024-08-22T00:37:12.450+0000] {processor.py:208} INFO - Processing /home/airflow/.local/lib/python3.12/site-packages/airflow/example_dags/example_xcomargs.py took 0.178 seconds
[2024-08-22T00:37:45.272+0000] {processor.py:186} INFO - Started process (PID=2152) to work on /home/airflow/.local/lib/python3.12/site-packages/airflow/example_dags/example_xcomargs.py
[2024-08-22T00:37:45.274+0000] {processor.py:914} INFO - Processing file /home/airflow/.local/lib/python3.12/site-packages/airflow/example_dags/example_xcomargs.py for tasks to queue
[2024-08-22T00:37:45.277+0000] {logging_mixin.py:190} INFO - [2024-08-22T00:37:45.277+0000] {dagbag.py:587} INFO - Filling up the DagBag from /home/airflow/.local/lib/python3.12/site-packages/airflow/example_dags/example_xcomargs.py
[2024-08-22T00:37:45.300+0000] {processor.py:925} INFO - DAG(s) 'example_xcom_args_with_operators', 'example_xcom_args' retrieved from /home/airflow/.local/lib/python3.12/site-packages/airflow/example_dags/example_xcomargs.py
[2024-08-22T00:37:45.339+0000] {logging_mixin.py:190} INFO - [2024-08-22T00:37:45.339+0000] {dag.py:3211} INFO - Sync 2 DAGs
[2024-08-22T00:37:45.367+0000] {logging_mixin.py:190} INFO - [2024-08-22T00:37:45.367+0000] {dag.py:4138} INFO - Setting next_dagrun for example_xcom_args to None, run_after=None
[2024-08-22T00:37:45.374+0000] {logging_mixin.py:190} INFO - [2024-08-22T00:37:45.374+0000] {dag.py:4138} INFO - Setting next_dagrun for example_xcom_args_with_operators to None, run_after=None
[2024-08-22T00:37:45.418+0000] {processor.py:208} INFO - Processing /home/airflow/.local/lib/python3.12/site-packages/airflow/example_dags/example_xcomargs.py took 0.158 seconds
[2024-08-22T00:38:15.887+0000] {processor.py:186} INFO - Started process (PID=2215) to work on /home/airflow/.local/lib/python3.12/site-packages/airflow/example_dags/example_xcomargs.py
[2024-08-22T00:38:15.889+0000] {processor.py:914} INFO - Processing file /home/airflow/.local/lib/python3.12/site-packages/airflow/example_dags/example_xcomargs.py for tasks to queue
[2024-08-22T00:38:15.893+0000] {logging_mixin.py:190} INFO - [2024-08-22T00:38:15.892+0000] {dagbag.py:587} INFO - Filling up the DagBag from /home/airflow/.local/lib/python3.12/site-packages/airflow/example_dags/example_xcomargs.py
[2024-08-22T00:38:15.910+0000] {processor.py:925} INFO - DAG(s) 'example_xcom_args', 'example_xcom_args_with_operators' retrieved from /home/airflow/.local/lib/python3.12/site-packages/airflow/example_dags/example_xcomargs.py
[2024-08-22T00:38:15.983+0000] {logging_mixin.py:190} INFO - [2024-08-22T00:38:15.982+0000] {dag.py:3211} INFO - Sync 2 DAGs
[2024-08-22T00:38:16.011+0000] {logging_mixin.py:190} INFO - [2024-08-22T00:38:16.011+0000] {dag.py:4138} INFO - Setting next_dagrun for example_xcom_args to None, run_after=None
[2024-08-22T00:38:16.019+0000] {logging_mixin.py:190} INFO - [2024-08-22T00:38:16.019+0000] {dag.py:4138} INFO - Setting next_dagrun for example_xcom_args_with_operators to None, run_after=None
[2024-08-22T00:38:16.054+0000] {processor.py:208} INFO - Processing /home/airflow/.local/lib/python3.12/site-packages/airflow/example_dags/example_xcomargs.py took 0.178 seconds
[2024-08-22T00:38:48.473+0000] {processor.py:186} INFO - Started process (PID=2278) to work on /home/airflow/.local/lib/python3.12/site-packages/airflow/example_dags/example_xcomargs.py
[2024-08-22T00:38:48.474+0000] {processor.py:914} INFO - Processing file /home/airflow/.local/lib/python3.12/site-packages/airflow/example_dags/example_xcomargs.py for tasks to queue
[2024-08-22T00:38:48.486+0000] {logging_mixin.py:190} INFO - [2024-08-22T00:38:48.485+0000] {dagbag.py:587} INFO - Filling up the DagBag from /home/airflow/.local/lib/python3.12/site-packages/airflow/example_dags/example_xcomargs.py
[2024-08-22T00:38:48.537+0000] {processor.py:925} INFO - DAG(s) 'example_xcom_args', 'example_xcom_args_with_operators' retrieved from /home/airflow/.local/lib/python3.12/site-packages/airflow/example_dags/example_xcomargs.py
[2024-08-22T00:38:48.610+0000] {logging_mixin.py:190} INFO - [2024-08-22T00:38:48.609+0000] {dag.py:3211} INFO - Sync 2 DAGs
[2024-08-22T00:38:48.662+0000] {logging_mixin.py:190} INFO - [2024-08-22T00:38:48.661+0000] {dag.py:4138} INFO - Setting next_dagrun for example_xcom_args to None, run_after=None
[2024-08-22T00:38:48.675+0000] {logging_mixin.py:190} INFO - [2024-08-22T00:38:48.675+0000] {dag.py:4138} INFO - Setting next_dagrun for example_xcom_args_with_operators to None, run_after=None
[2024-08-22T00:38:48.719+0000] {processor.py:208} INFO - Processing /home/airflow/.local/lib/python3.12/site-packages/airflow/example_dags/example_xcomargs.py took 0.262 seconds
[2024-08-22T00:39:21.438+0000] {processor.py:186} INFO - Started process (PID=2347) to work on /home/airflow/.local/lib/python3.12/site-packages/airflow/example_dags/example_xcomargs.py
[2024-08-22T00:39:21.447+0000] {processor.py:914} INFO - Processing file /home/airflow/.local/lib/python3.12/site-packages/airflow/example_dags/example_xcomargs.py for tasks to queue
[2024-08-22T00:39:21.453+0000] {logging_mixin.py:190} INFO - [2024-08-22T00:39:21.453+0000] {dagbag.py:587} INFO - Filling up the DagBag from /home/airflow/.local/lib/python3.12/site-packages/airflow/example_dags/example_xcomargs.py
[2024-08-22T00:39:21.489+0000] {processor.py:925} INFO - DAG(s) 'example_xcom_args_with_operators', 'example_xcom_args' retrieved from /home/airflow/.local/lib/python3.12/site-packages/airflow/example_dags/example_xcomargs.py
[2024-08-22T00:39:21.563+0000] {logging_mixin.py:190} INFO - [2024-08-22T00:39:21.563+0000] {dag.py:3211} INFO - Sync 2 DAGs
[2024-08-22T00:39:21.602+0000] {logging_mixin.py:190} INFO - [2024-08-22T00:39:21.602+0000] {dag.py:4138} INFO - Setting next_dagrun for example_xcom_args to None, run_after=None
[2024-08-22T00:39:21.611+0000] {logging_mixin.py:190} INFO - [2024-08-22T00:39:21.610+0000] {dag.py:4138} INFO - Setting next_dagrun for example_xcom_args_with_operators to None, run_after=None
[2024-08-22T00:39:21.646+0000] {processor.py:208} INFO - Processing /home/airflow/.local/lib/python3.12/site-packages/airflow/example_dags/example_xcomargs.py took 0.228 seconds
[2024-08-22T00:39:52.491+0000] {processor.py:186} INFO - Started process (PID=2411) to work on /home/airflow/.local/lib/python3.12/site-packages/airflow/example_dags/example_xcomargs.py
[2024-08-22T00:39:52.492+0000] {processor.py:914} INFO - Processing file /home/airflow/.local/lib/python3.12/site-packages/airflow/example_dags/example_xcomargs.py for tasks to queue
[2024-08-22T00:39:52.497+0000] {logging_mixin.py:190} INFO - [2024-08-22T00:39:52.496+0000] {dagbag.py:587} INFO - Filling up the DagBag from /home/airflow/.local/lib/python3.12/site-packages/airflow/example_dags/example_xcomargs.py
[2024-08-22T00:39:52.513+0000] {processor.py:925} INFO - DAG(s) 'example_xcom_args_with_operators', 'example_xcom_args' retrieved from /home/airflow/.local/lib/python3.12/site-packages/airflow/example_dags/example_xcomargs.py
[2024-08-22T00:39:52.553+0000] {logging_mixin.py:190} INFO - [2024-08-22T00:39:52.553+0000] {dag.py:3211} INFO - Sync 2 DAGs
[2024-08-22T00:39:52.585+0000] {logging_mixin.py:190} INFO - [2024-08-22T00:39:52.585+0000] {dag.py:4138} INFO - Setting next_dagrun for example_xcom_args to None, run_after=None
[2024-08-22T00:39:52.593+0000] {logging_mixin.py:190} INFO - [2024-08-22T00:39:52.593+0000] {dag.py:4138} INFO - Setting next_dagrun for example_xcom_args_with_operators to None, run_after=None
[2024-08-22T00:39:52.629+0000] {processor.py:208} INFO - Processing /home/airflow/.local/lib/python3.12/site-packages/airflow/example_dags/example_xcomargs.py took 0.147 seconds
[2024-08-22T00:40:25.827+0000] {processor.py:186} INFO - Started process (PID=2474) to work on /home/airflow/.local/lib/python3.12/site-packages/airflow/example_dags/example_xcomargs.py
[2024-08-22T00:40:25.830+0000] {processor.py:914} INFO - Processing file /home/airflow/.local/lib/python3.12/site-packages/airflow/example_dags/example_xcomargs.py for tasks to queue
[2024-08-22T00:40:25.833+0000] {logging_mixin.py:190} INFO - [2024-08-22T00:40:25.832+0000] {dagbag.py:587} INFO - Filling up the DagBag from /home/airflow/.local/lib/python3.12/site-packages/airflow/example_dags/example_xcomargs.py
[2024-08-22T00:40:25.847+0000] {processor.py:925} INFO - DAG(s) 'example_xcom_args_with_operators', 'example_xcom_args' retrieved from /home/airflow/.local/lib/python3.12/site-packages/airflow/example_dags/example_xcomargs.py
[2024-08-22T00:40:25.887+0000] {logging_mixin.py:190} INFO - [2024-08-22T00:40:25.887+0000] {dag.py:3211} INFO - Sync 2 DAGs
[2024-08-22T00:40:25.914+0000] {logging_mixin.py:190} INFO - [2024-08-22T00:40:25.913+0000] {dag.py:4138} INFO - Setting next_dagrun for example_xcom_args to None, run_after=None
[2024-08-22T00:40:25.920+0000] {logging_mixin.py:190} INFO - [2024-08-22T00:40:25.920+0000] {dag.py:4138} INFO - Setting next_dagrun for example_xcom_args_with_operators to None, run_after=None
[2024-08-22T00:40:26.156+0000] {processor.py:208} INFO - Processing /home/airflow/.local/lib/python3.12/site-packages/airflow/example_dags/example_xcomargs.py took 0.337 seconds
[2024-08-22T00:40:56.940+0000] {processor.py:186} INFO - Started process (PID=2543) to work on /home/airflow/.local/lib/python3.12/site-packages/airflow/example_dags/example_xcomargs.py
[2024-08-22T00:40:56.942+0000] {processor.py:914} INFO - Processing file /home/airflow/.local/lib/python3.12/site-packages/airflow/example_dags/example_xcomargs.py for tasks to queue
[2024-08-22T00:40:56.945+0000] {logging_mixin.py:190} INFO - [2024-08-22T00:40:56.945+0000] {dagbag.py:587} INFO - Filling up the DagBag from /home/airflow/.local/lib/python3.12/site-packages/airflow/example_dags/example_xcomargs.py
[2024-08-22T00:40:56.959+0000] {processor.py:925} INFO - DAG(s) 'example_xcom_args', 'example_xcom_args_with_operators' retrieved from /home/airflow/.local/lib/python3.12/site-packages/airflow/example_dags/example_xcomargs.py
[2024-08-22T00:40:56.998+0000] {logging_mixin.py:190} INFO - [2024-08-22T00:40:56.998+0000] {dag.py:3211} INFO - Sync 2 DAGs
[2024-08-22T00:40:57.018+0000] {logging_mixin.py:190} INFO - [2024-08-22T00:40:57.018+0000] {dag.py:4138} INFO - Setting next_dagrun for example_xcom_args to None, run_after=None
[2024-08-22T00:40:57.025+0000] {logging_mixin.py:190} INFO - [2024-08-22T00:40:57.024+0000] {dag.py:4138} INFO - Setting next_dagrun for example_xcom_args_with_operators to None, run_after=None
[2024-08-22T00:40:57.060+0000] {processor.py:208} INFO - Processing /home/airflow/.local/lib/python3.12/site-packages/airflow/example_dags/example_xcomargs.py took 0.131 seconds
[2024-08-22T00:41:27.859+0000] {processor.py:186} INFO - Started process (PID=2606) to work on /home/airflow/.local/lib/python3.12/site-packages/airflow/example_dags/example_xcomargs.py
[2024-08-22T00:41:27.860+0000] {processor.py:914} INFO - Processing file /home/airflow/.local/lib/python3.12/site-packages/airflow/example_dags/example_xcomargs.py for tasks to queue
[2024-08-22T00:41:27.864+0000] {logging_mixin.py:190} INFO - [2024-08-22T00:41:27.864+0000] {dagbag.py:587} INFO - Filling up the DagBag from /home/airflow/.local/lib/python3.12/site-packages/airflow/example_dags/example_xcomargs.py
[2024-08-22T00:41:27.881+0000] {processor.py:925} INFO - DAG(s) 'example_xcom_args_with_operators', 'example_xcom_args' retrieved from /home/airflow/.local/lib/python3.12/site-packages/airflow/example_dags/example_xcomargs.py
[2024-08-22T00:41:27.919+0000] {logging_mixin.py:190} INFO - [2024-08-22T00:41:27.918+0000] {dag.py:3211} INFO - Sync 2 DAGs
[2024-08-22T00:41:27.942+0000] {logging_mixin.py:190} INFO - [2024-08-22T00:41:27.941+0000] {dag.py:4138} INFO - Setting next_dagrun for example_xcom_args to None, run_after=None
[2024-08-22T00:41:27.947+0000] {logging_mixin.py:190} INFO - [2024-08-22T00:41:27.947+0000] {dag.py:4138} INFO - Setting next_dagrun for example_xcom_args_with_operators to None, run_after=None
[2024-08-22T00:41:27.981+0000] {processor.py:208} INFO - Processing /home/airflow/.local/lib/python3.12/site-packages/airflow/example_dags/example_xcomargs.py took 0.130 seconds
[2024-08-22T00:41:59.237+0000] {processor.py:186} INFO - Started process (PID=2669) to work on /home/airflow/.local/lib/python3.12/site-packages/airflow/example_dags/example_xcomargs.py
[2024-08-22T00:41:59.238+0000] {processor.py:914} INFO - Processing file /home/airflow/.local/lib/python3.12/site-packages/airflow/example_dags/example_xcomargs.py for tasks to queue
[2024-08-22T00:41:59.242+0000] {logging_mixin.py:190} INFO - [2024-08-22T00:41:59.241+0000] {dagbag.py:587} INFO - Filling up the DagBag from /home/airflow/.local/lib/python3.12/site-packages/airflow/example_dags/example_xcomargs.py
[2024-08-22T00:41:59.263+0000] {processor.py:925} INFO - DAG(s) 'example_xcom_args', 'example_xcom_args_with_operators' retrieved from /home/airflow/.local/lib/python3.12/site-packages/airflow/example_dags/example_xcomargs.py
[2024-08-22T00:41:59.322+0000] {logging_mixin.py:190} INFO - [2024-08-22T00:41:59.322+0000] {dag.py:3211} INFO - Sync 2 DAGs
[2024-08-22T00:41:59.356+0000] {logging_mixin.py:190} INFO - [2024-08-22T00:41:59.355+0000] {dag.py:4138} INFO - Setting next_dagrun for example_xcom_args to None, run_after=None
[2024-08-22T00:41:59.364+0000] {logging_mixin.py:190} INFO - [2024-08-22T00:41:59.364+0000] {dag.py:4138} INFO - Setting next_dagrun for example_xcom_args_with_operators to None, run_after=None
[2024-08-22T00:41:59.409+0000] {processor.py:208} INFO - Processing /home/airflow/.local/lib/python3.12/site-packages/airflow/example_dags/example_xcomargs.py took 0.183 seconds
[2024-08-22T00:42:29.963+0000] {processor.py:186} INFO - Started process (PID=2731) to work on /home/airflow/.local/lib/python3.12/site-packages/airflow/example_dags/example_xcomargs.py
[2024-08-22T00:42:29.964+0000] {processor.py:914} INFO - Processing file /home/airflow/.local/lib/python3.12/site-packages/airflow/example_dags/example_xcomargs.py for tasks to queue
[2024-08-22T00:42:29.967+0000] {logging_mixin.py:190} INFO - [2024-08-22T00:42:29.967+0000] {dagbag.py:587} INFO - Filling up the DagBag from /home/airflow/.local/lib/python3.12/site-packages/airflow/example_dags/example_xcomargs.py
[2024-08-22T00:42:29.986+0000] {processor.py:925} INFO - DAG(s) 'example_xcom_args_with_operators', 'example_xcom_args' retrieved from /home/airflow/.local/lib/python3.12/site-packages/airflow/example_dags/example_xcomargs.py
[2024-08-22T00:42:30.047+0000] {logging_mixin.py:190} INFO - [2024-08-22T00:42:30.046+0000] {dag.py:3211} INFO - Sync 2 DAGs
[2024-08-22T00:42:30.077+0000] {logging_mixin.py:190} INFO - [2024-08-22T00:42:30.077+0000] {dag.py:4138} INFO - Setting next_dagrun for example_xcom_args to None, run_after=None
[2024-08-22T00:42:30.086+0000] {logging_mixin.py:190} INFO - [2024-08-22T00:42:30.086+0000] {dag.py:4138} INFO - Setting next_dagrun for example_xcom_args_with_operators to None, run_after=None
[2024-08-22T00:42:30.117+0000] {processor.py:208} INFO - Processing /home/airflow/.local/lib/python3.12/site-packages/airflow/example_dags/example_xcomargs.py took 0.165 seconds
