[2024-08-22T00:20:38.437+0000] {processor.py:186} INFO - Started process (PID=122) to work on /home/airflow/.local/lib/python3.12/site-packages/airflow/example_dags/tutorial_dag.py
[2024-08-22T00:20:38.447+0000] {processor.py:914} INFO - Processing file /home/airflow/.local/lib/python3.12/site-packages/airflow/example_dags/tutorial_dag.py for tasks to queue
[2024-08-22T00:20:38.461+0000] {logging_mixin.py:190} INFO - [2024-08-22T00:20:38.460+0000] {dagbag.py:587} INFO - Filling up the DagBag from /home/airflow/.local/lib/python3.12/site-packages/airflow/example_dags/tutorial_dag.py
[2024-08-22T00:20:38.502+0000] {processor.py:925} INFO - DAG(s) 'tutorial_dag' retrieved from /home/airflow/.local/lib/python3.12/site-packages/airflow/example_dags/tutorial_dag.py
[2024-08-22T00:20:39.252+0000] {logging_mixin.py:190} INFO - [2024-08-22T00:20:39.251+0000] {override.py:1858} INFO - Created Permission View: can read on DAG:tutorial_dag
[2024-08-22T00:20:39.280+0000] {logging_mixin.py:190} INFO - [2024-08-22T00:20:39.280+0000] {override.py:1858} INFO - Created Permission View: can delete on DAG:tutorial_dag
[2024-08-22T00:20:39.303+0000] {logging_mixin.py:190} INFO - [2024-08-22T00:20:39.302+0000] {override.py:1858} INFO - Created Permission View: can edit on DAG:tutorial_dag
[2024-08-22T00:20:39.304+0000] {logging_mixin.py:190} INFO - [2024-08-22T00:20:39.304+0000] {dag.py:3211} INFO - Sync 1 DAGs
[2024-08-22T00:20:39.344+0000] {logging_mixin.py:190} INFO - [2024-08-22T00:20:39.343+0000] {dag.py:3234} INFO - Creating ORM DAG for tutorial_dag
[2024-08-22T00:20:39.346+0000] {logging_mixin.py:190} INFO - [2024-08-22T00:20:39.345+0000] {dag.py:4138} INFO - Setting next_dagrun for tutorial_dag to None, run_after=None
[2024-08-22T00:20:39.387+0000] {processor.py:208} INFO - Processing /home/airflow/.local/lib/python3.12/site-packages/airflow/example_dags/tutorial_dag.py took 0.961 seconds
[2024-08-22T00:21:10.103+0000] {processor.py:186} INFO - Started process (PID=185) to work on /home/airflow/.local/lib/python3.12/site-packages/airflow/example_dags/tutorial_dag.py
[2024-08-22T00:21:10.111+0000] {processor.py:914} INFO - Processing file /home/airflow/.local/lib/python3.12/site-packages/airflow/example_dags/tutorial_dag.py for tasks to queue
[2024-08-22T00:21:10.118+0000] {logging_mixin.py:190} INFO - [2024-08-22T00:21:10.117+0000] {dagbag.py:587} INFO - Filling up the DagBag from /home/airflow/.local/lib/python3.12/site-packages/airflow/example_dags/tutorial_dag.py
[2024-08-22T00:21:10.172+0000] {processor.py:925} INFO - DAG(s) 'tutorial_dag' retrieved from /home/airflow/.local/lib/python3.12/site-packages/airflow/example_dags/tutorial_dag.py
[2024-08-22T00:21:10.254+0000] {logging_mixin.py:190} INFO - [2024-08-22T00:21:10.253+0000] {dag.py:3211} INFO - Sync 1 DAGs
[2024-08-22T00:21:10.319+0000] {logging_mixin.py:190} INFO - [2024-08-22T00:21:10.319+0000] {dag.py:4138} INFO - Setting next_dagrun for tutorial_dag to None, run_after=None
[2024-08-22T00:21:10.374+0000] {processor.py:208} INFO - Processing /home/airflow/.local/lib/python3.12/site-packages/airflow/example_dags/tutorial_dag.py took 0.282 seconds
[2024-08-22T00:22:12.702+0000] {processor.py:186} INFO - Started process (PID=254) to work on /home/airflow/.local/lib/python3.12/site-packages/airflow/example_dags/tutorial_dag.py
[2024-08-22T00:22:12.708+0000] {processor.py:914} INFO - Processing file /home/airflow/.local/lib/python3.12/site-packages/airflow/example_dags/tutorial_dag.py for tasks to queue
[2024-08-22T00:22:12.720+0000] {logging_mixin.py:190} INFO - [2024-08-22T00:22:12.719+0000] {dagbag.py:587} INFO - Filling up the DagBag from /home/airflow/.local/lib/python3.12/site-packages/airflow/example_dags/tutorial_dag.py
[2024-08-22T00:22:12.754+0000] {processor.py:925} INFO - DAG(s) 'tutorial_dag' retrieved from /home/airflow/.local/lib/python3.12/site-packages/airflow/example_dags/tutorial_dag.py
[2024-08-22T00:22:12.834+0000] {logging_mixin.py:190} INFO - [2024-08-22T00:22:12.834+0000] {dag.py:3211} INFO - Sync 1 DAGs
[2024-08-22T00:22:12.885+0000] {logging_mixin.py:190} INFO - [2024-08-22T00:22:12.884+0000] {dag.py:4138} INFO - Setting next_dagrun for tutorial_dag to None, run_after=None
[2024-08-22T00:22:12.956+0000] {processor.py:208} INFO - Processing /home/airflow/.local/lib/python3.12/site-packages/airflow/example_dags/tutorial_dag.py took 0.299 seconds
[2024-08-22T00:22:43.136+0000] {processor.py:186} INFO - Started process (PID=316) to work on /home/airflow/.local/lib/python3.12/site-packages/airflow/example_dags/tutorial_dag.py
[2024-08-22T00:22:43.137+0000] {processor.py:914} INFO - Processing file /home/airflow/.local/lib/python3.12/site-packages/airflow/example_dags/tutorial_dag.py for tasks to queue
[2024-08-22T00:22:43.143+0000] {logging_mixin.py:190} INFO - [2024-08-22T00:22:43.142+0000] {dagbag.py:587} INFO - Filling up the DagBag from /home/airflow/.local/lib/python3.12/site-packages/airflow/example_dags/tutorial_dag.py
[2024-08-22T00:22:43.156+0000] {processor.py:925} INFO - DAG(s) 'tutorial_dag' retrieved from /home/airflow/.local/lib/python3.12/site-packages/airflow/example_dags/tutorial_dag.py
[2024-08-22T00:22:43.200+0000] {logging_mixin.py:190} INFO - [2024-08-22T00:22:43.200+0000] {dag.py:3211} INFO - Sync 1 DAGs
[2024-08-22T00:22:43.232+0000] {logging_mixin.py:190} INFO - [2024-08-22T00:22:43.232+0000] {dag.py:4138} INFO - Setting next_dagrun for tutorial_dag to None, run_after=None
[2024-08-22T00:22:43.273+0000] {processor.py:208} INFO - Processing /home/airflow/.local/lib/python3.12/site-packages/airflow/example_dags/tutorial_dag.py took 0.147 seconds
[2024-08-22T00:23:13.773+0000] {processor.py:186} INFO - Started process (PID=379) to work on /home/airflow/.local/lib/python3.12/site-packages/airflow/example_dags/tutorial_dag.py
[2024-08-22T00:23:13.809+0000] {processor.py:914} INFO - Processing file /home/airflow/.local/lib/python3.12/site-packages/airflow/example_dags/tutorial_dag.py for tasks to queue
[2024-08-22T00:23:13.832+0000] {logging_mixin.py:190} INFO - [2024-08-22T00:23:13.830+0000] {dagbag.py:587} INFO - Filling up the DagBag from /home/airflow/.local/lib/python3.12/site-packages/airflow/example_dags/tutorial_dag.py
[2024-08-22T00:23:13.903+0000] {processor.py:925} INFO - DAG(s) 'tutorial_dag' retrieved from /home/airflow/.local/lib/python3.12/site-packages/airflow/example_dags/tutorial_dag.py
[2024-08-22T00:23:13.958+0000] {logging_mixin.py:190} INFO - [2024-08-22T00:23:13.957+0000] {dag.py:3211} INFO - Sync 1 DAGs
[2024-08-22T00:23:13.991+0000] {logging_mixin.py:190} INFO - [2024-08-22T00:23:13.991+0000] {dag.py:4138} INFO - Setting next_dagrun for tutorial_dag to None, run_after=None
[2024-08-22T00:23:14.139+0000] {processor.py:208} INFO - Processing /home/airflow/.local/lib/python3.12/site-packages/airflow/example_dags/tutorial_dag.py took 0.402 seconds
[2024-08-22T00:23:44.342+0000] {processor.py:186} INFO - Started process (PID=441) to work on /home/airflow/.local/lib/python3.12/site-packages/airflow/example_dags/tutorial_dag.py
[2024-08-22T00:23:44.343+0000] {processor.py:914} INFO - Processing file /home/airflow/.local/lib/python3.12/site-packages/airflow/example_dags/tutorial_dag.py for tasks to queue
[2024-08-22T00:23:44.348+0000] {logging_mixin.py:190} INFO - [2024-08-22T00:23:44.347+0000] {dagbag.py:587} INFO - Filling up the DagBag from /home/airflow/.local/lib/python3.12/site-packages/airflow/example_dags/tutorial_dag.py
[2024-08-22T00:23:44.359+0000] {processor.py:925} INFO - DAG(s) 'tutorial_dag' retrieved from /home/airflow/.local/lib/python3.12/site-packages/airflow/example_dags/tutorial_dag.py
[2024-08-22T00:23:44.386+0000] {logging_mixin.py:190} INFO - [2024-08-22T00:23:44.385+0000] {dag.py:3211} INFO - Sync 1 DAGs
[2024-08-22T00:23:44.408+0000] {logging_mixin.py:190} INFO - [2024-08-22T00:23:44.408+0000] {dag.py:4138} INFO - Setting next_dagrun for tutorial_dag to None, run_after=None
[2024-08-22T00:23:44.560+0000] {processor.py:208} INFO - Processing /home/airflow/.local/lib/python3.12/site-packages/airflow/example_dags/tutorial_dag.py took 0.228 seconds
[2024-08-22T00:24:15.740+0000] {processor.py:186} INFO - Started process (PID=504) to work on /home/airflow/.local/lib/python3.12/site-packages/airflow/example_dags/tutorial_dag.py
[2024-08-22T00:24:15.748+0000] {processor.py:914} INFO - Processing file /home/airflow/.local/lib/python3.12/site-packages/airflow/example_dags/tutorial_dag.py for tasks to queue
[2024-08-22T00:24:15.760+0000] {logging_mixin.py:190} INFO - [2024-08-22T00:24:15.759+0000] {dagbag.py:587} INFO - Filling up the DagBag from /home/airflow/.local/lib/python3.12/site-packages/airflow/example_dags/tutorial_dag.py
[2024-08-22T00:24:15.790+0000] {processor.py:925} INFO - DAG(s) 'tutorial_dag' retrieved from /home/airflow/.local/lib/python3.12/site-packages/airflow/example_dags/tutorial_dag.py
[2024-08-22T00:24:15.845+0000] {logging_mixin.py:190} INFO - [2024-08-22T00:24:15.845+0000] {dag.py:3211} INFO - Sync 1 DAGs
[2024-08-22T00:24:15.889+0000] {logging_mixin.py:190} INFO - [2024-08-22T00:24:15.889+0000] {dag.py:4138} INFO - Setting next_dagrun for tutorial_dag to None, run_after=None
[2024-08-22T00:24:15.952+0000] {processor.py:208} INFO - Processing /home/airflow/.local/lib/python3.12/site-packages/airflow/example_dags/tutorial_dag.py took 0.231 seconds
[2024-08-22T00:24:46.034+0000] {processor.py:186} INFO - Started process (PID=567) to work on /home/airflow/.local/lib/python3.12/site-packages/airflow/example_dags/tutorial_dag.py
[2024-08-22T00:24:46.035+0000] {processor.py:914} INFO - Processing file /home/airflow/.local/lib/python3.12/site-packages/airflow/example_dags/tutorial_dag.py for tasks to queue
[2024-08-22T00:24:46.039+0000] {logging_mixin.py:190} INFO - [2024-08-22T00:24:46.038+0000] {dagbag.py:587} INFO - Filling up the DagBag from /home/airflow/.local/lib/python3.12/site-packages/airflow/example_dags/tutorial_dag.py
[2024-08-22T00:24:46.051+0000] {processor.py:925} INFO - DAG(s) 'tutorial_dag' retrieved from /home/airflow/.local/lib/python3.12/site-packages/airflow/example_dags/tutorial_dag.py
[2024-08-22T00:24:46.084+0000] {logging_mixin.py:190} INFO - [2024-08-22T00:24:46.084+0000] {dag.py:3211} INFO - Sync 1 DAGs
[2024-08-22T00:24:46.110+0000] {logging_mixin.py:190} INFO - [2024-08-22T00:24:46.110+0000] {dag.py:4138} INFO - Setting next_dagrun for tutorial_dag to None, run_after=None
[2024-08-22T00:24:46.143+0000] {processor.py:208} INFO - Processing /home/airflow/.local/lib/python3.12/site-packages/airflow/example_dags/tutorial_dag.py took 0.121 seconds
[2024-08-22T00:25:16.573+0000] {processor.py:186} INFO - Started process (PID=630) to work on /home/airflow/.local/lib/python3.12/site-packages/airflow/example_dags/tutorial_dag.py
[2024-08-22T00:25:16.575+0000] {processor.py:914} INFO - Processing file /home/airflow/.local/lib/python3.12/site-packages/airflow/example_dags/tutorial_dag.py for tasks to queue
[2024-08-22T00:25:16.581+0000] {logging_mixin.py:190} INFO - [2024-08-22T00:25:16.580+0000] {dagbag.py:587} INFO - Filling up the DagBag from /home/airflow/.local/lib/python3.12/site-packages/airflow/example_dags/tutorial_dag.py
[2024-08-22T00:25:16.596+0000] {processor.py:925} INFO - DAG(s) 'tutorial_dag' retrieved from /home/airflow/.local/lib/python3.12/site-packages/airflow/example_dags/tutorial_dag.py
[2024-08-22T00:25:16.636+0000] {logging_mixin.py:190} INFO - [2024-08-22T00:25:16.636+0000] {dag.py:3211} INFO - Sync 1 DAGs
[2024-08-22T00:25:16.666+0000] {logging_mixin.py:190} INFO - [2024-08-22T00:25:16.666+0000] {dag.py:4138} INFO - Setting next_dagrun for tutorial_dag to None, run_after=None
[2024-08-22T00:25:16.701+0000] {processor.py:208} INFO - Processing /home/airflow/.local/lib/python3.12/site-packages/airflow/example_dags/tutorial_dag.py took 0.142 seconds
[2024-08-22T00:25:46.997+0000] {processor.py:186} INFO - Started process (PID=693) to work on /home/airflow/.local/lib/python3.12/site-packages/airflow/example_dags/tutorial_dag.py
[2024-08-22T00:25:46.999+0000] {processor.py:914} INFO - Processing file /home/airflow/.local/lib/python3.12/site-packages/airflow/example_dags/tutorial_dag.py for tasks to queue
[2024-08-22T00:25:47.003+0000] {logging_mixin.py:190} INFO - [2024-08-22T00:25:47.002+0000] {dagbag.py:587} INFO - Filling up the DagBag from /home/airflow/.local/lib/python3.12/site-packages/airflow/example_dags/tutorial_dag.py
[2024-08-22T00:25:47.582+0000] {processor.py:925} INFO - DAG(s) 'tutorial_dag' retrieved from /home/airflow/.local/lib/python3.12/site-packages/airflow/example_dags/tutorial_dag.py
[2024-08-22T00:25:47.626+0000] {logging_mixin.py:190} INFO - [2024-08-22T00:25:47.625+0000] {dag.py:3211} INFO - Sync 1 DAGs
[2024-08-22T00:25:47.665+0000] {logging_mixin.py:190} INFO - [2024-08-22T00:25:47.665+0000] {dag.py:4138} INFO - Setting next_dagrun for tutorial_dag to None, run_after=None
[2024-08-22T00:25:47.803+0000] {processor.py:208} INFO - Processing /home/airflow/.local/lib/python3.12/site-packages/airflow/example_dags/tutorial_dag.py took 0.830 seconds
[2024-08-22T00:26:18.053+0000] {processor.py:186} INFO - Started process (PID=756) to work on /home/airflow/.local/lib/python3.12/site-packages/airflow/example_dags/tutorial_dag.py
[2024-08-22T00:26:18.055+0000] {processor.py:914} INFO - Processing file /home/airflow/.local/lib/python3.12/site-packages/airflow/example_dags/tutorial_dag.py for tasks to queue
[2024-08-22T00:26:18.061+0000] {logging_mixin.py:190} INFO - [2024-08-22T00:26:18.061+0000] {dagbag.py:587} INFO - Filling up the DagBag from /home/airflow/.local/lib/python3.12/site-packages/airflow/example_dags/tutorial_dag.py
[2024-08-22T00:26:18.075+0000] {processor.py:925} INFO - DAG(s) 'tutorial_dag' retrieved from /home/airflow/.local/lib/python3.12/site-packages/airflow/example_dags/tutorial_dag.py
[2024-08-22T00:26:18.119+0000] {logging_mixin.py:190} INFO - [2024-08-22T00:26:18.118+0000] {dag.py:3211} INFO - Sync 1 DAGs
[2024-08-22T00:26:18.147+0000] {logging_mixin.py:190} INFO - [2024-08-22T00:26:18.147+0000] {dag.py:4138} INFO - Setting next_dagrun for tutorial_dag to None, run_after=None
[2024-08-22T00:26:18.186+0000] {processor.py:208} INFO - Processing /home/airflow/.local/lib/python3.12/site-packages/airflow/example_dags/tutorial_dag.py took 0.151 seconds
[2024-08-22T00:26:48.650+0000] {processor.py:186} INFO - Started process (PID=820) to work on /home/airflow/.local/lib/python3.12/site-packages/airflow/example_dags/tutorial_dag.py
[2024-08-22T00:26:48.652+0000] {processor.py:914} INFO - Processing file /home/airflow/.local/lib/python3.12/site-packages/airflow/example_dags/tutorial_dag.py for tasks to queue
[2024-08-22T00:26:48.664+0000] {logging_mixin.py:190} INFO - [2024-08-22T00:26:48.659+0000] {dagbag.py:587} INFO - Filling up the DagBag from /home/airflow/.local/lib/python3.12/site-packages/airflow/example_dags/tutorial_dag.py
[2024-08-22T00:26:48.682+0000] {processor.py:925} INFO - DAG(s) 'tutorial_dag' retrieved from /home/airflow/.local/lib/python3.12/site-packages/airflow/example_dags/tutorial_dag.py
[2024-08-22T00:26:48.750+0000] {logging_mixin.py:190} INFO - [2024-08-22T00:26:48.749+0000] {dag.py:3211} INFO - Sync 1 DAGs
[2024-08-22T00:26:48.786+0000] {logging_mixin.py:190} INFO - [2024-08-22T00:26:48.786+0000] {dag.py:4138} INFO - Setting next_dagrun for tutorial_dag to None, run_after=None
[2024-08-22T00:26:48.833+0000] {processor.py:208} INFO - Processing /home/airflow/.local/lib/python3.12/site-packages/airflow/example_dags/tutorial_dag.py took 0.200 seconds
[2024-08-22T00:27:19.156+0000] {processor.py:186} INFO - Started process (PID=884) to work on /home/airflow/.local/lib/python3.12/site-packages/airflow/example_dags/tutorial_dag.py
[2024-08-22T00:27:19.158+0000] {processor.py:914} INFO - Processing file /home/airflow/.local/lib/python3.12/site-packages/airflow/example_dags/tutorial_dag.py for tasks to queue
[2024-08-22T00:27:19.162+0000] {logging_mixin.py:190} INFO - [2024-08-22T00:27:19.162+0000] {dagbag.py:587} INFO - Filling up the DagBag from /home/airflow/.local/lib/python3.12/site-packages/airflow/example_dags/tutorial_dag.py
[2024-08-22T00:27:19.172+0000] {processor.py:925} INFO - DAG(s) 'tutorial_dag' retrieved from /home/airflow/.local/lib/python3.12/site-packages/airflow/example_dags/tutorial_dag.py
[2024-08-22T00:27:19.205+0000] {logging_mixin.py:190} INFO - [2024-08-22T00:27:19.204+0000] {dag.py:3211} INFO - Sync 1 DAGs
[2024-08-22T00:27:19.229+0000] {logging_mixin.py:190} INFO - [2024-08-22T00:27:19.228+0000] {dag.py:4138} INFO - Setting next_dagrun for tutorial_dag to None, run_after=None
[2024-08-22T00:27:19.333+0000] {processor.py:208} INFO - Processing /home/airflow/.local/lib/python3.12/site-packages/airflow/example_dags/tutorial_dag.py took 0.187 seconds
[2024-08-22T00:27:49.977+0000] {processor.py:186} INFO - Started process (PID=946) to work on /home/airflow/.local/lib/python3.12/site-packages/airflow/example_dags/tutorial_dag.py
[2024-08-22T00:27:49.978+0000] {processor.py:914} INFO - Processing file /home/airflow/.local/lib/python3.12/site-packages/airflow/example_dags/tutorial_dag.py for tasks to queue
[2024-08-22T00:27:49.983+0000] {logging_mixin.py:190} INFO - [2024-08-22T00:27:49.982+0000] {dagbag.py:587} INFO - Filling up the DagBag from /home/airflow/.local/lib/python3.12/site-packages/airflow/example_dags/tutorial_dag.py
[2024-08-22T00:27:50.000+0000] {processor.py:925} INFO - DAG(s) 'tutorial_dag' retrieved from /home/airflow/.local/lib/python3.12/site-packages/airflow/example_dags/tutorial_dag.py
[2024-08-22T00:27:50.038+0000] {logging_mixin.py:190} INFO - [2024-08-22T00:27:50.038+0000] {dag.py:3211} INFO - Sync 1 DAGs
[2024-08-22T00:27:50.081+0000] {logging_mixin.py:190} INFO - [2024-08-22T00:27:50.080+0000] {dag.py:4138} INFO - Setting next_dagrun for tutorial_dag to None, run_after=None
[2024-08-22T00:27:50.137+0000] {processor.py:208} INFO - Processing /home/airflow/.local/lib/python3.12/site-packages/airflow/example_dags/tutorial_dag.py took 0.173 seconds
[2024-08-22T00:28:21.151+0000] {processor.py:186} INFO - Started process (PID=1009) to work on /home/airflow/.local/lib/python3.12/site-packages/airflow/example_dags/tutorial_dag.py
[2024-08-22T00:28:21.154+0000] {processor.py:914} INFO - Processing file /home/airflow/.local/lib/python3.12/site-packages/airflow/example_dags/tutorial_dag.py for tasks to queue
[2024-08-22T00:28:21.160+0000] {logging_mixin.py:190} INFO - [2024-08-22T00:28:21.158+0000] {dagbag.py:587} INFO - Filling up the DagBag from /home/airflow/.local/lib/python3.12/site-packages/airflow/example_dags/tutorial_dag.py
[2024-08-22T00:28:21.174+0000] {processor.py:925} INFO - DAG(s) 'tutorial_dag' retrieved from /home/airflow/.local/lib/python3.12/site-packages/airflow/example_dags/tutorial_dag.py
[2024-08-22T00:28:21.222+0000] {logging_mixin.py:190} INFO - [2024-08-22T00:28:21.222+0000] {dag.py:3211} INFO - Sync 1 DAGs
[2024-08-22T00:28:21.258+0000] {logging_mixin.py:190} INFO - [2024-08-22T00:28:21.257+0000] {dag.py:4138} INFO - Setting next_dagrun for tutorial_dag to None, run_after=None
[2024-08-22T00:28:21.320+0000] {processor.py:208} INFO - Processing /home/airflow/.local/lib/python3.12/site-packages/airflow/example_dags/tutorial_dag.py took 0.192 seconds
[2024-08-22T00:28:53.280+0000] {processor.py:186} INFO - Started process (PID=1072) to work on /home/airflow/.local/lib/python3.12/site-packages/airflow/example_dags/tutorial_dag.py
[2024-08-22T00:28:53.282+0000] {processor.py:914} INFO - Processing file /home/airflow/.local/lib/python3.12/site-packages/airflow/example_dags/tutorial_dag.py for tasks to queue
[2024-08-22T00:28:53.287+0000] {logging_mixin.py:190} INFO - [2024-08-22T00:28:53.287+0000] {dagbag.py:587} INFO - Filling up the DagBag from /home/airflow/.local/lib/python3.12/site-packages/airflow/example_dags/tutorial_dag.py
[2024-08-22T00:28:53.302+0000] {processor.py:925} INFO - DAG(s) 'tutorial_dag' retrieved from /home/airflow/.local/lib/python3.12/site-packages/airflow/example_dags/tutorial_dag.py
[2024-08-22T00:28:53.333+0000] {logging_mixin.py:190} INFO - [2024-08-22T00:28:53.333+0000] {dag.py:3211} INFO - Sync 1 DAGs
[2024-08-22T00:28:53.355+0000] {logging_mixin.py:190} INFO - [2024-08-22T00:28:53.355+0000] {dag.py:4138} INFO - Setting next_dagrun for tutorial_dag to None, run_after=None
[2024-08-22T00:28:53.685+0000] {processor.py:208} INFO - Processing /home/airflow/.local/lib/python3.12/site-packages/airflow/example_dags/tutorial_dag.py took 0.418 seconds
[2024-08-22T00:29:24.336+0000] {processor.py:186} INFO - Started process (PID=1140) to work on /home/airflow/.local/lib/python3.12/site-packages/airflow/example_dags/tutorial_dag.py
[2024-08-22T00:29:24.338+0000] {processor.py:914} INFO - Processing file /home/airflow/.local/lib/python3.12/site-packages/airflow/example_dags/tutorial_dag.py for tasks to queue
[2024-08-22T00:29:24.342+0000] {logging_mixin.py:190} INFO - [2024-08-22T00:29:24.341+0000] {dagbag.py:587} INFO - Filling up the DagBag from /home/airflow/.local/lib/python3.12/site-packages/airflow/example_dags/tutorial_dag.py
[2024-08-22T00:29:24.358+0000] {processor.py:925} INFO - DAG(s) 'tutorial_dag' retrieved from /home/airflow/.local/lib/python3.12/site-packages/airflow/example_dags/tutorial_dag.py
[2024-08-22T00:29:24.399+0000] {logging_mixin.py:190} INFO - [2024-08-22T00:29:24.399+0000] {dag.py:3211} INFO - Sync 1 DAGs
[2024-08-22T00:29:24.423+0000] {logging_mixin.py:190} INFO - [2024-08-22T00:29:24.423+0000] {dag.py:4138} INFO - Setting next_dagrun for tutorial_dag to None, run_after=None
[2024-08-22T00:29:24.466+0000] {processor.py:208} INFO - Processing /home/airflow/.local/lib/python3.12/site-packages/airflow/example_dags/tutorial_dag.py took 0.144 seconds
[2024-08-22T00:29:54.814+0000] {processor.py:186} INFO - Started process (PID=1204) to work on /home/airflow/.local/lib/python3.12/site-packages/airflow/example_dags/tutorial_dag.py
[2024-08-22T00:29:54.816+0000] {processor.py:914} INFO - Processing file /home/airflow/.local/lib/python3.12/site-packages/airflow/example_dags/tutorial_dag.py for tasks to queue
[2024-08-22T00:29:54.820+0000] {logging_mixin.py:190} INFO - [2024-08-22T00:29:54.819+0000] {dagbag.py:587} INFO - Filling up the DagBag from /home/airflow/.local/lib/python3.12/site-packages/airflow/example_dags/tutorial_dag.py
[2024-08-22T00:29:54.834+0000] {processor.py:925} INFO - DAG(s) 'tutorial_dag' retrieved from /home/airflow/.local/lib/python3.12/site-packages/airflow/example_dags/tutorial_dag.py
[2024-08-22T00:29:54.884+0000] {logging_mixin.py:190} INFO - [2024-08-22T00:29:54.883+0000] {dag.py:3211} INFO - Sync 1 DAGs
[2024-08-22T00:29:54.923+0000] {logging_mixin.py:190} INFO - [2024-08-22T00:29:54.923+0000] {dag.py:4138} INFO - Setting next_dagrun for tutorial_dag to None, run_after=None
[2024-08-22T00:29:54.970+0000] {processor.py:208} INFO - Processing /home/airflow/.local/lib/python3.12/site-packages/airflow/example_dags/tutorial_dag.py took 0.166 seconds
[2024-08-22T00:30:26.265+0000] {processor.py:186} INFO - Started process (PID=1268) to work on /home/airflow/.local/lib/python3.12/site-packages/airflow/example_dags/tutorial_dag.py
[2024-08-22T00:30:26.267+0000] {processor.py:914} INFO - Processing file /home/airflow/.local/lib/python3.12/site-packages/airflow/example_dags/tutorial_dag.py for tasks to queue
[2024-08-22T00:30:26.271+0000] {logging_mixin.py:190} INFO - [2024-08-22T00:30:26.271+0000] {dagbag.py:587} INFO - Filling up the DagBag from /home/airflow/.local/lib/python3.12/site-packages/airflow/example_dags/tutorial_dag.py
[2024-08-22T00:30:26.285+0000] {processor.py:925} INFO - DAG(s) 'tutorial_dag' retrieved from /home/airflow/.local/lib/python3.12/site-packages/airflow/example_dags/tutorial_dag.py
[2024-08-22T00:30:26.327+0000] {logging_mixin.py:190} INFO - [2024-08-22T00:30:26.326+0000] {dag.py:3211} INFO - Sync 1 DAGs
[2024-08-22T00:30:26.356+0000] {logging_mixin.py:190} INFO - [2024-08-22T00:30:26.356+0000] {dag.py:4138} INFO - Setting next_dagrun for tutorial_dag to None, run_after=None
[2024-08-22T00:30:26.422+0000] {processor.py:208} INFO - Processing /home/airflow/.local/lib/python3.12/site-packages/airflow/example_dags/tutorial_dag.py took 0.169 seconds
[2024-08-22T00:30:56.698+0000] {processor.py:186} INFO - Started process (PID=1332) to work on /home/airflow/.local/lib/python3.12/site-packages/airflow/example_dags/tutorial_dag.py
[2024-08-22T00:30:56.699+0000] {processor.py:914} INFO - Processing file /home/airflow/.local/lib/python3.12/site-packages/airflow/example_dags/tutorial_dag.py for tasks to queue
[2024-08-22T00:30:56.702+0000] {logging_mixin.py:190} INFO - [2024-08-22T00:30:56.702+0000] {dagbag.py:587} INFO - Filling up the DagBag from /home/airflow/.local/lib/python3.12/site-packages/airflow/example_dags/tutorial_dag.py
[2024-08-22T00:30:56.714+0000] {processor.py:925} INFO - DAG(s) 'tutorial_dag' retrieved from /home/airflow/.local/lib/python3.12/site-packages/airflow/example_dags/tutorial_dag.py
[2024-08-22T00:30:56.742+0000] {logging_mixin.py:190} INFO - [2024-08-22T00:30:56.741+0000] {dag.py:3211} INFO - Sync 1 DAGs
[2024-08-22T00:30:56.763+0000] {logging_mixin.py:190} INFO - [2024-08-22T00:30:56.762+0000] {dag.py:4138} INFO - Setting next_dagrun for tutorial_dag to None, run_after=None
[2024-08-22T00:30:56.800+0000] {processor.py:208} INFO - Processing /home/airflow/.local/lib/python3.12/site-packages/airflow/example_dags/tutorial_dag.py took 0.111 seconds
[2024-08-22T00:31:27.773+0000] {processor.py:186} INFO - Started process (PID=1397) to work on /home/airflow/.local/lib/python3.12/site-packages/airflow/example_dags/tutorial_dag.py
[2024-08-22T00:31:27.774+0000] {processor.py:914} INFO - Processing file /home/airflow/.local/lib/python3.12/site-packages/airflow/example_dags/tutorial_dag.py for tasks to queue
[2024-08-22T00:31:27.778+0000] {logging_mixin.py:190} INFO - [2024-08-22T00:31:27.777+0000] {dagbag.py:587} INFO - Filling up the DagBag from /home/airflow/.local/lib/python3.12/site-packages/airflow/example_dags/tutorial_dag.py
[2024-08-22T00:31:27.789+0000] {processor.py:925} INFO - DAG(s) 'tutorial_dag' retrieved from /home/airflow/.local/lib/python3.12/site-packages/airflow/example_dags/tutorial_dag.py
[2024-08-22T00:31:27.825+0000] {logging_mixin.py:190} INFO - [2024-08-22T00:31:27.824+0000] {dag.py:3211} INFO - Sync 1 DAGs
[2024-08-22T00:31:27.847+0000] {logging_mixin.py:190} INFO - [2024-08-22T00:31:27.847+0000] {dag.py:4138} INFO - Setting next_dagrun for tutorial_dag to None, run_after=None
[2024-08-22T00:31:27.882+0000] {processor.py:208} INFO - Processing /home/airflow/.local/lib/python3.12/site-packages/airflow/example_dags/tutorial_dag.py took 0.118 seconds
[2024-08-22T00:31:57.947+0000] {processor.py:186} INFO - Started process (PID=1455) to work on /home/airflow/.local/lib/python3.12/site-packages/airflow/example_dags/tutorial_dag.py
[2024-08-22T00:31:57.949+0000] {processor.py:914} INFO - Processing file /home/airflow/.local/lib/python3.12/site-packages/airflow/example_dags/tutorial_dag.py for tasks to queue
[2024-08-22T00:31:57.951+0000] {logging_mixin.py:190} INFO - [2024-08-22T00:31:57.951+0000] {dagbag.py:587} INFO - Filling up the DagBag from /home/airflow/.local/lib/python3.12/site-packages/airflow/example_dags/tutorial_dag.py
[2024-08-22T00:31:57.962+0000] {processor.py:925} INFO - DAG(s) 'tutorial_dag' retrieved from /home/airflow/.local/lib/python3.12/site-packages/airflow/example_dags/tutorial_dag.py
[2024-08-22T00:31:57.989+0000] {logging_mixin.py:190} INFO - [2024-08-22T00:31:57.988+0000] {dag.py:3211} INFO - Sync 1 DAGs
[2024-08-22T00:31:58.010+0000] {logging_mixin.py:190} INFO - [2024-08-22T00:31:58.010+0000] {dag.py:4138} INFO - Setting next_dagrun for tutorial_dag to None, run_after=None
[2024-08-22T00:31:58.036+0000] {processor.py:208} INFO - Processing /home/airflow/.local/lib/python3.12/site-packages/airflow/example_dags/tutorial_dag.py took 0.098 seconds
[2024-08-22T00:32:28.686+0000] {processor.py:186} INFO - Started process (PID=1518) to work on /home/airflow/.local/lib/python3.12/site-packages/airflow/example_dags/tutorial_dag.py
[2024-08-22T00:32:28.688+0000] {processor.py:914} INFO - Processing file /home/airflow/.local/lib/python3.12/site-packages/airflow/example_dags/tutorial_dag.py for tasks to queue
[2024-08-22T00:32:28.691+0000] {logging_mixin.py:190} INFO - [2024-08-22T00:32:28.690+0000] {dagbag.py:587} INFO - Filling up the DagBag from /home/airflow/.local/lib/python3.12/site-packages/airflow/example_dags/tutorial_dag.py
[2024-08-22T00:32:28.704+0000] {processor.py:925} INFO - DAG(s) 'tutorial_dag' retrieved from /home/airflow/.local/lib/python3.12/site-packages/airflow/example_dags/tutorial_dag.py
[2024-08-22T00:32:28.740+0000] {logging_mixin.py:190} INFO - [2024-08-22T00:32:28.739+0000] {dag.py:3211} INFO - Sync 1 DAGs
[2024-08-22T00:32:28.771+0000] {logging_mixin.py:190} INFO - [2024-08-22T00:32:28.771+0000] {dag.py:4138} INFO - Setting next_dagrun for tutorial_dag to None, run_after=None
[2024-08-22T00:32:28.814+0000] {processor.py:208} INFO - Processing /home/airflow/.local/lib/python3.12/site-packages/airflow/example_dags/tutorial_dag.py took 0.140 seconds
[2024-08-22T00:32:59.788+0000] {processor.py:186} INFO - Started process (PID=1581) to work on /home/airflow/.local/lib/python3.12/site-packages/airflow/example_dags/tutorial_dag.py
[2024-08-22T00:32:59.789+0000] {processor.py:914} INFO - Processing file /home/airflow/.local/lib/python3.12/site-packages/airflow/example_dags/tutorial_dag.py for tasks to queue
[2024-08-22T00:32:59.792+0000] {logging_mixin.py:190} INFO - [2024-08-22T00:32:59.792+0000] {dagbag.py:587} INFO - Filling up the DagBag from /home/airflow/.local/lib/python3.12/site-packages/airflow/example_dags/tutorial_dag.py
[2024-08-22T00:32:59.803+0000] {processor.py:925} INFO - DAG(s) 'tutorial_dag' retrieved from /home/airflow/.local/lib/python3.12/site-packages/airflow/example_dags/tutorial_dag.py
[2024-08-22T00:32:59.835+0000] {logging_mixin.py:190} INFO - [2024-08-22T00:32:59.835+0000] {dag.py:3211} INFO - Sync 1 DAGs
[2024-08-22T00:32:59.869+0000] {logging_mixin.py:190} INFO - [2024-08-22T00:32:59.868+0000] {dag.py:4138} INFO - Setting next_dagrun for tutorial_dag to None, run_after=None
[2024-08-22T00:32:59.905+0000] {processor.py:208} INFO - Processing /home/airflow/.local/lib/python3.12/site-packages/airflow/example_dags/tutorial_dag.py took 0.127 seconds
[2024-08-22T00:33:33.910+0000] {processor.py:186} INFO - Started process (PID=1645) to work on /home/airflow/.local/lib/python3.12/site-packages/airflow/example_dags/tutorial_dag.py
[2024-08-22T00:33:33.913+0000] {processor.py:914} INFO - Processing file /home/airflow/.local/lib/python3.12/site-packages/airflow/example_dags/tutorial_dag.py for tasks to queue
[2024-08-22T00:33:33.917+0000] {logging_mixin.py:190} INFO - [2024-08-22T00:33:33.917+0000] {dagbag.py:587} INFO - Filling up the DagBag from /home/airflow/.local/lib/python3.12/site-packages/airflow/example_dags/tutorial_dag.py
[2024-08-22T00:33:33.929+0000] {processor.py:925} INFO - DAG(s) 'tutorial_dag' retrieved from /home/airflow/.local/lib/python3.12/site-packages/airflow/example_dags/tutorial_dag.py
[2024-08-22T00:33:33.969+0000] {logging_mixin.py:190} INFO - [2024-08-22T00:33:33.969+0000] {dag.py:3211} INFO - Sync 1 DAGs
[2024-08-22T00:33:33.996+0000] {logging_mixin.py:190} INFO - [2024-08-22T00:33:33.996+0000] {dag.py:4138} INFO - Setting next_dagrun for tutorial_dag to None, run_after=None
[2024-08-22T00:33:34.034+0000] {processor.py:208} INFO - Processing /home/airflow/.local/lib/python3.12/site-packages/airflow/example_dags/tutorial_dag.py took 0.133 seconds
[2024-08-22T00:34:05.806+0000] {processor.py:186} INFO - Started process (PID=1708) to work on /home/airflow/.local/lib/python3.12/site-packages/airflow/example_dags/tutorial_dag.py
[2024-08-22T00:34:05.808+0000] {processor.py:914} INFO - Processing file /home/airflow/.local/lib/python3.12/site-packages/airflow/example_dags/tutorial_dag.py for tasks to queue
[2024-08-22T00:34:05.815+0000] {logging_mixin.py:190} INFO - [2024-08-22T00:34:05.814+0000] {dagbag.py:587} INFO - Filling up the DagBag from /home/airflow/.local/lib/python3.12/site-packages/airflow/example_dags/tutorial_dag.py
[2024-08-22T00:34:05.832+0000] {processor.py:925} INFO - DAG(s) 'tutorial_dag' retrieved from /home/airflow/.local/lib/python3.12/site-packages/airflow/example_dags/tutorial_dag.py
[2024-08-22T00:34:05.881+0000] {logging_mixin.py:190} INFO - [2024-08-22T00:34:05.881+0000] {dag.py:3211} INFO - Sync 1 DAGs
[2024-08-22T00:34:05.913+0000] {logging_mixin.py:190} INFO - [2024-08-22T00:34:05.913+0000] {dag.py:4138} INFO - Setting next_dagrun for tutorial_dag to None, run_after=None
[2024-08-22T00:34:05.972+0000] {processor.py:208} INFO - Processing /home/airflow/.local/lib/python3.12/site-packages/airflow/example_dags/tutorial_dag.py took 0.180 seconds
[2024-08-22T00:34:37.040+0000] {processor.py:186} INFO - Started process (PID=1771) to work on /home/airflow/.local/lib/python3.12/site-packages/airflow/example_dags/tutorial_dag.py
[2024-08-22T00:34:37.045+0000] {processor.py:914} INFO - Processing file /home/airflow/.local/lib/python3.12/site-packages/airflow/example_dags/tutorial_dag.py for tasks to queue
[2024-08-22T00:34:37.054+0000] {logging_mixin.py:190} INFO - [2024-08-22T00:34:37.053+0000] {dagbag.py:587} INFO - Filling up the DagBag from /home/airflow/.local/lib/python3.12/site-packages/airflow/example_dags/tutorial_dag.py
[2024-08-22T00:34:37.072+0000] {processor.py:925} INFO - DAG(s) 'tutorial_dag' retrieved from /home/airflow/.local/lib/python3.12/site-packages/airflow/example_dags/tutorial_dag.py
[2024-08-22T00:34:37.120+0000] {logging_mixin.py:190} INFO - [2024-08-22T00:34:37.119+0000] {dag.py:3211} INFO - Sync 1 DAGs
[2024-08-22T00:34:37.208+0000] {logging_mixin.py:190} INFO - [2024-08-22T00:34:37.207+0000] {dag.py:4138} INFO - Setting next_dagrun for tutorial_dag to None, run_after=None
[2024-08-22T00:34:37.385+0000] {processor.py:208} INFO - Processing /home/airflow/.local/lib/python3.12/site-packages/airflow/example_dags/tutorial_dag.py took 0.365 seconds
[2024-08-22T00:35:07.627+0000] {processor.py:186} INFO - Started process (PID=1834) to work on /home/airflow/.local/lib/python3.12/site-packages/airflow/example_dags/tutorial_dag.py
[2024-08-22T00:35:07.640+0000] {processor.py:914} INFO - Processing file /home/airflow/.local/lib/python3.12/site-packages/airflow/example_dags/tutorial_dag.py for tasks to queue
[2024-08-22T00:35:07.658+0000] {logging_mixin.py:190} INFO - [2024-08-22T00:35:07.657+0000] {dagbag.py:587} INFO - Filling up the DagBag from /home/airflow/.local/lib/python3.12/site-packages/airflow/example_dags/tutorial_dag.py
[2024-08-22T00:35:07.711+0000] {processor.py:925} INFO - DAG(s) 'tutorial_dag' retrieved from /home/airflow/.local/lib/python3.12/site-packages/airflow/example_dags/tutorial_dag.py
[2024-08-22T00:35:07.854+0000] {logging_mixin.py:190} INFO - [2024-08-22T00:35:07.854+0000] {dag.py:3211} INFO - Sync 1 DAGs
[2024-08-22T00:35:07.903+0000] {logging_mixin.py:190} INFO - [2024-08-22T00:35:07.903+0000] {dag.py:4138} INFO - Setting next_dagrun for tutorial_dag to None, run_after=None
[2024-08-22T00:35:07.967+0000] {processor.py:208} INFO - Processing /home/airflow/.local/lib/python3.12/site-packages/airflow/example_dags/tutorial_dag.py took 0.364 seconds
[2024-08-22T00:35:38.345+0000] {processor.py:186} INFO - Started process (PID=1897) to work on /home/airflow/.local/lib/python3.12/site-packages/airflow/example_dags/tutorial_dag.py
[2024-08-22T00:35:38.347+0000] {processor.py:914} INFO - Processing file /home/airflow/.local/lib/python3.12/site-packages/airflow/example_dags/tutorial_dag.py for tasks to queue
[2024-08-22T00:35:38.352+0000] {logging_mixin.py:190} INFO - [2024-08-22T00:35:38.351+0000] {dagbag.py:587} INFO - Filling up the DagBag from /home/airflow/.local/lib/python3.12/site-packages/airflow/example_dags/tutorial_dag.py
[2024-08-22T00:35:38.365+0000] {processor.py:925} INFO - DAG(s) 'tutorial_dag' retrieved from /home/airflow/.local/lib/python3.12/site-packages/airflow/example_dags/tutorial_dag.py
[2024-08-22T00:35:38.402+0000] {logging_mixin.py:190} INFO - [2024-08-22T00:35:38.402+0000] {dag.py:3211} INFO - Sync 1 DAGs
[2024-08-22T00:35:38.431+0000] {logging_mixin.py:190} INFO - [2024-08-22T00:35:38.431+0000] {dag.py:4138} INFO - Setting next_dagrun for tutorial_dag to None, run_after=None
[2024-08-22T00:35:38.480+0000] {processor.py:208} INFO - Processing /home/airflow/.local/lib/python3.12/site-packages/airflow/example_dags/tutorial_dag.py took 0.146 seconds
[2024-08-22T00:36:09.696+0000] {processor.py:186} INFO - Started process (PID=1958) to work on /home/airflow/.local/lib/python3.12/site-packages/airflow/example_dags/tutorial_dag.py
[2024-08-22T00:36:09.699+0000] {processor.py:914} INFO - Processing file /home/airflow/.local/lib/python3.12/site-packages/airflow/example_dags/tutorial_dag.py for tasks to queue
[2024-08-22T00:36:09.703+0000] {logging_mixin.py:190} INFO - [2024-08-22T00:36:09.702+0000] {dagbag.py:587} INFO - Filling up the DagBag from /home/airflow/.local/lib/python3.12/site-packages/airflow/example_dags/tutorial_dag.py
[2024-08-22T00:36:09.714+0000] {processor.py:925} INFO - DAG(s) 'tutorial_dag' retrieved from /home/airflow/.local/lib/python3.12/site-packages/airflow/example_dags/tutorial_dag.py
[2024-08-22T00:36:09.746+0000] {logging_mixin.py:190} INFO - [2024-08-22T00:36:09.745+0000] {dag.py:3211} INFO - Sync 1 DAGs
[2024-08-22T00:36:09.774+0000] {logging_mixin.py:190} INFO - [2024-08-22T00:36:09.774+0000] {dag.py:4138} INFO - Setting next_dagrun for tutorial_dag to None, run_after=None
[2024-08-22T00:36:09.811+0000] {processor.py:208} INFO - Processing /home/airflow/.local/lib/python3.12/site-packages/airflow/example_dags/tutorial_dag.py took 0.125 seconds
[2024-08-22T00:36:40.084+0000] {processor.py:186} INFO - Started process (PID=2021) to work on /home/airflow/.local/lib/python3.12/site-packages/airflow/example_dags/tutorial_dag.py
[2024-08-22T00:36:40.085+0000] {processor.py:914} INFO - Processing file /home/airflow/.local/lib/python3.12/site-packages/airflow/example_dags/tutorial_dag.py for tasks to queue
[2024-08-22T00:36:40.089+0000] {logging_mixin.py:190} INFO - [2024-08-22T00:36:40.088+0000] {dagbag.py:587} INFO - Filling up the DagBag from /home/airflow/.local/lib/python3.12/site-packages/airflow/example_dags/tutorial_dag.py
[2024-08-22T00:36:40.104+0000] {processor.py:925} INFO - DAG(s) 'tutorial_dag' retrieved from /home/airflow/.local/lib/python3.12/site-packages/airflow/example_dags/tutorial_dag.py
[2024-08-22T00:36:40.138+0000] {logging_mixin.py:190} INFO - [2024-08-22T00:36:40.138+0000] {dag.py:3211} INFO - Sync 1 DAGs
[2024-08-22T00:36:40.161+0000] {logging_mixin.py:190} INFO - [2024-08-22T00:36:40.161+0000] {dag.py:4138} INFO - Setting next_dagrun for tutorial_dag to None, run_after=None
[2024-08-22T00:36:40.194+0000] {processor.py:208} INFO - Processing /home/airflow/.local/lib/python3.12/site-packages/airflow/example_dags/tutorial_dag.py took 0.123 seconds
[2024-08-22T00:37:11.820+0000] {processor.py:186} INFO - Started process (PID=2085) to work on /home/airflow/.local/lib/python3.12/site-packages/airflow/example_dags/tutorial_dag.py
[2024-08-22T00:37:11.821+0000] {processor.py:914} INFO - Processing file /home/airflow/.local/lib/python3.12/site-packages/airflow/example_dags/tutorial_dag.py for tasks to queue
[2024-08-22T00:37:11.825+0000] {logging_mixin.py:190} INFO - [2024-08-22T00:37:11.824+0000] {dagbag.py:587} INFO - Filling up the DagBag from /home/airflow/.local/lib/python3.12/site-packages/airflow/example_dags/tutorial_dag.py
[2024-08-22T00:37:11.839+0000] {processor.py:925} INFO - DAG(s) 'tutorial_dag' retrieved from /home/airflow/.local/lib/python3.12/site-packages/airflow/example_dags/tutorial_dag.py
[2024-08-22T00:37:11.873+0000] {logging_mixin.py:190} INFO - [2024-08-22T00:37:11.872+0000] {dag.py:3211} INFO - Sync 1 DAGs
[2024-08-22T00:37:11.910+0000] {logging_mixin.py:190} INFO - [2024-08-22T00:37:11.910+0000] {dag.py:4138} INFO - Setting next_dagrun for tutorial_dag to None, run_after=None
[2024-08-22T00:37:11.973+0000] {processor.py:208} INFO - Processing /home/airflow/.local/lib/python3.12/site-packages/airflow/example_dags/tutorial_dag.py took 0.165 seconds
[2024-08-22T00:37:44.811+0000] {processor.py:186} INFO - Started process (PID=2148) to work on /home/airflow/.local/lib/python3.12/site-packages/airflow/example_dags/tutorial_dag.py
[2024-08-22T00:37:44.818+0000] {processor.py:914} INFO - Processing file /home/airflow/.local/lib/python3.12/site-packages/airflow/example_dags/tutorial_dag.py for tasks to queue
[2024-08-22T00:37:44.823+0000] {logging_mixin.py:190} INFO - [2024-08-22T00:37:44.822+0000] {dagbag.py:587} INFO - Filling up the DagBag from /home/airflow/.local/lib/python3.12/site-packages/airflow/example_dags/tutorial_dag.py
[2024-08-22T00:37:44.838+0000] {processor.py:925} INFO - DAG(s) 'tutorial_dag' retrieved from /home/airflow/.local/lib/python3.12/site-packages/airflow/example_dags/tutorial_dag.py
[2024-08-22T00:37:44.886+0000] {logging_mixin.py:190} INFO - [2024-08-22T00:37:44.886+0000] {dag.py:3211} INFO - Sync 1 DAGs
[2024-08-22T00:37:44.924+0000] {logging_mixin.py:190} INFO - [2024-08-22T00:37:44.924+0000] {dag.py:4138} INFO - Setting next_dagrun for tutorial_dag to None, run_after=None
[2024-08-22T00:37:44.963+0000] {processor.py:208} INFO - Processing /home/airflow/.local/lib/python3.12/site-packages/airflow/example_dags/tutorial_dag.py took 0.162 seconds
[2024-08-22T00:38:15.106+0000] {processor.py:186} INFO - Started process (PID=2211) to work on /home/airflow/.local/lib/python3.12/site-packages/airflow/example_dags/tutorial_dag.py
[2024-08-22T00:38:15.107+0000] {processor.py:914} INFO - Processing file /home/airflow/.local/lib/python3.12/site-packages/airflow/example_dags/tutorial_dag.py for tasks to queue
[2024-08-22T00:38:15.111+0000] {logging_mixin.py:190} INFO - [2024-08-22T00:38:15.110+0000] {dagbag.py:587} INFO - Filling up the DagBag from /home/airflow/.local/lib/python3.12/site-packages/airflow/example_dags/tutorial_dag.py
[2024-08-22T00:38:15.123+0000] {processor.py:925} INFO - DAG(s) 'tutorial_dag' retrieved from /home/airflow/.local/lib/python3.12/site-packages/airflow/example_dags/tutorial_dag.py
[2024-08-22T00:38:15.186+0000] {logging_mixin.py:190} INFO - [2024-08-22T00:38:15.186+0000] {dag.py:3211} INFO - Sync 1 DAGs
[2024-08-22T00:38:15.236+0000] {logging_mixin.py:190} INFO - [2024-08-22T00:38:15.235+0000] {dag.py:4138} INFO - Setting next_dagrun for tutorial_dag to None, run_after=None
[2024-08-22T00:38:15.294+0000] {processor.py:208} INFO - Processing /home/airflow/.local/lib/python3.12/site-packages/airflow/example_dags/tutorial_dag.py took 0.201 seconds
[2024-08-22T00:38:47.720+0000] {processor.py:186} INFO - Started process (PID=2274) to work on /home/airflow/.local/lib/python3.12/site-packages/airflow/example_dags/tutorial_dag.py
[2024-08-22T00:38:47.722+0000] {processor.py:914} INFO - Processing file /home/airflow/.local/lib/python3.12/site-packages/airflow/example_dags/tutorial_dag.py for tasks to queue
[2024-08-22T00:38:47.725+0000] {logging_mixin.py:190} INFO - [2024-08-22T00:38:47.725+0000] {dagbag.py:587} INFO - Filling up the DagBag from /home/airflow/.local/lib/python3.12/site-packages/airflow/example_dags/tutorial_dag.py
[2024-08-22T00:38:47.740+0000] {processor.py:925} INFO - DAG(s) 'tutorial_dag' retrieved from /home/airflow/.local/lib/python3.12/site-packages/airflow/example_dags/tutorial_dag.py
[2024-08-22T00:38:47.789+0000] {logging_mixin.py:190} INFO - [2024-08-22T00:38:47.788+0000] {dag.py:3211} INFO - Sync 1 DAGs
[2024-08-22T00:38:47.828+0000] {logging_mixin.py:190} INFO - [2024-08-22T00:38:47.827+0000] {dag.py:4138} INFO - Setting next_dagrun for tutorial_dag to None, run_after=None
[2024-08-22T00:38:47.870+0000] {processor.py:208} INFO - Processing /home/airflow/.local/lib/python3.12/site-packages/airflow/example_dags/tutorial_dag.py took 0.165 seconds
[2024-08-22T00:39:20.091+0000] {processor.py:186} INFO - Started process (PID=2337) to work on /home/airflow/.local/lib/python3.12/site-packages/airflow/example_dags/tutorial_dag.py
[2024-08-22T00:39:20.093+0000] {processor.py:914} INFO - Processing file /home/airflow/.local/lib/python3.12/site-packages/airflow/example_dags/tutorial_dag.py for tasks to queue
[2024-08-22T00:39:20.100+0000] {logging_mixin.py:190} INFO - [2024-08-22T00:39:20.099+0000] {dagbag.py:587} INFO - Filling up the DagBag from /home/airflow/.local/lib/python3.12/site-packages/airflow/example_dags/tutorial_dag.py
[2024-08-22T00:39:20.116+0000] {processor.py:925} INFO - DAG(s) 'tutorial_dag' retrieved from /home/airflow/.local/lib/python3.12/site-packages/airflow/example_dags/tutorial_dag.py
[2024-08-22T00:39:20.160+0000] {logging_mixin.py:190} INFO - [2024-08-22T00:39:20.160+0000] {dag.py:3211} INFO - Sync 1 DAGs
[2024-08-22T00:39:20.205+0000] {logging_mixin.py:190} INFO - [2024-08-22T00:39:20.205+0000] {dag.py:4138} INFO - Setting next_dagrun for tutorial_dag to None, run_after=None
[2024-08-22T00:39:20.258+0000] {processor.py:208} INFO - Processing /home/airflow/.local/lib/python3.12/site-packages/airflow/example_dags/tutorial_dag.py took 0.179 seconds
[2024-08-22T00:39:51.769+0000] {processor.py:186} INFO - Started process (PID=2405) to work on /home/airflow/.local/lib/python3.12/site-packages/airflow/example_dags/tutorial_dag.py
[2024-08-22T00:39:51.770+0000] {processor.py:914} INFO - Processing file /home/airflow/.local/lib/python3.12/site-packages/airflow/example_dags/tutorial_dag.py for tasks to queue
[2024-08-22T00:39:51.774+0000] {logging_mixin.py:190} INFO - [2024-08-22T00:39:51.773+0000] {dagbag.py:587} INFO - Filling up the DagBag from /home/airflow/.local/lib/python3.12/site-packages/airflow/example_dags/tutorial_dag.py
[2024-08-22T00:39:51.784+0000] {processor.py:925} INFO - DAG(s) 'tutorial_dag' retrieved from /home/airflow/.local/lib/python3.12/site-packages/airflow/example_dags/tutorial_dag.py
[2024-08-22T00:39:51.817+0000] {logging_mixin.py:190} INFO - [2024-08-22T00:39:51.816+0000] {dag.py:3211} INFO - Sync 1 DAGs
[2024-08-22T00:39:51.851+0000] {logging_mixin.py:190} INFO - [2024-08-22T00:39:51.851+0000] {dag.py:4138} INFO - Setting next_dagrun for tutorial_dag to None, run_after=None
[2024-08-22T00:39:51.917+0000] {processor.py:208} INFO - Processing /home/airflow/.local/lib/python3.12/site-packages/airflow/example_dags/tutorial_dag.py took 0.158 seconds
[2024-08-22T00:40:25.196+0000] {processor.py:186} INFO - Started process (PID=2470) to work on /home/airflow/.local/lib/python3.12/site-packages/airflow/example_dags/tutorial_dag.py
[2024-08-22T00:40:25.198+0000] {processor.py:914} INFO - Processing file /home/airflow/.local/lib/python3.12/site-packages/airflow/example_dags/tutorial_dag.py for tasks to queue
[2024-08-22T00:40:25.202+0000] {logging_mixin.py:190} INFO - [2024-08-22T00:40:25.201+0000] {dagbag.py:587} INFO - Filling up the DagBag from /home/airflow/.local/lib/python3.12/site-packages/airflow/example_dags/tutorial_dag.py
[2024-08-22T00:40:25.216+0000] {processor.py:925} INFO - DAG(s) 'tutorial_dag' retrieved from /home/airflow/.local/lib/python3.12/site-packages/airflow/example_dags/tutorial_dag.py
[2024-08-22T00:40:25.245+0000] {logging_mixin.py:190} INFO - [2024-08-22T00:40:25.244+0000] {dag.py:3211} INFO - Sync 1 DAGs
[2024-08-22T00:40:25.267+0000] {logging_mixin.py:190} INFO - [2024-08-22T00:40:25.267+0000] {dag.py:4138} INFO - Setting next_dagrun for tutorial_dag to None, run_after=None
[2024-08-22T00:40:25.426+0000] {processor.py:208} INFO - Processing /home/airflow/.local/lib/python3.12/site-packages/airflow/example_dags/tutorial_dag.py took 0.242 seconds
[2024-08-22T00:40:55.653+0000] {processor.py:186} INFO - Started process (PID=2533) to work on /home/airflow/.local/lib/python3.12/site-packages/airflow/example_dags/tutorial_dag.py
[2024-08-22T00:40:55.655+0000] {processor.py:914} INFO - Processing file /home/airflow/.local/lib/python3.12/site-packages/airflow/example_dags/tutorial_dag.py for tasks to queue
[2024-08-22T00:40:55.659+0000] {logging_mixin.py:190} INFO - [2024-08-22T00:40:55.658+0000] {dagbag.py:587} INFO - Filling up the DagBag from /home/airflow/.local/lib/python3.12/site-packages/airflow/example_dags/tutorial_dag.py
[2024-08-22T00:40:55.670+0000] {processor.py:925} INFO - DAG(s) 'tutorial_dag' retrieved from /home/airflow/.local/lib/python3.12/site-packages/airflow/example_dags/tutorial_dag.py
[2024-08-22T00:40:55.701+0000] {logging_mixin.py:190} INFO - [2024-08-22T00:40:55.701+0000] {dag.py:3211} INFO - Sync 1 DAGs
[2024-08-22T00:40:55.726+0000] {logging_mixin.py:190} INFO - [2024-08-22T00:40:55.725+0000] {dag.py:4138} INFO - Setting next_dagrun for tutorial_dag to None, run_after=None
[2024-08-22T00:40:55.762+0000] {processor.py:208} INFO - Processing /home/airflow/.local/lib/python3.12/site-packages/airflow/example_dags/tutorial_dag.py took 0.120 seconds
[2024-08-22T00:41:26.070+0000] {processor.py:186} INFO - Started process (PID=2596) to work on /home/airflow/.local/lib/python3.12/site-packages/airflow/example_dags/tutorial_dag.py
[2024-08-22T00:41:26.074+0000] {processor.py:914} INFO - Processing file /home/airflow/.local/lib/python3.12/site-packages/airflow/example_dags/tutorial_dag.py for tasks to queue
[2024-08-22T00:41:26.084+0000] {logging_mixin.py:190} INFO - [2024-08-22T00:41:26.084+0000] {dagbag.py:587} INFO - Filling up the DagBag from /home/airflow/.local/lib/python3.12/site-packages/airflow/example_dags/tutorial_dag.py
[2024-08-22T00:41:26.111+0000] {processor.py:925} INFO - DAG(s) 'tutorial_dag' retrieved from /home/airflow/.local/lib/python3.12/site-packages/airflow/example_dags/tutorial_dag.py
[2024-08-22T00:41:26.186+0000] {logging_mixin.py:190} INFO - [2024-08-22T00:41:26.184+0000] {dag.py:3211} INFO - Sync 1 DAGs
[2024-08-22T00:41:26.270+0000] {logging_mixin.py:190} INFO - [2024-08-22T00:41:26.270+0000] {dag.py:4138} INFO - Setting next_dagrun for tutorial_dag to None, run_after=None
[2024-08-22T00:41:26.399+0000] {processor.py:208} INFO - Processing /home/airflow/.local/lib/python3.12/site-packages/airflow/example_dags/tutorial_dag.py took 0.353 seconds
[2024-08-22T00:41:57.975+0000] {processor.py:186} INFO - Started process (PID=2664) to work on /home/airflow/.local/lib/python3.12/site-packages/airflow/example_dags/tutorial_dag.py
[2024-08-22T00:41:57.977+0000] {processor.py:914} INFO - Processing file /home/airflow/.local/lib/python3.12/site-packages/airflow/example_dags/tutorial_dag.py for tasks to queue
[2024-08-22T00:41:57.986+0000] {logging_mixin.py:190} INFO - [2024-08-22T00:41:57.986+0000] {dagbag.py:587} INFO - Filling up the DagBag from /home/airflow/.local/lib/python3.12/site-packages/airflow/example_dags/tutorial_dag.py
[2024-08-22T00:41:57.996+0000] {processor.py:925} INFO - DAG(s) 'tutorial_dag' retrieved from /home/airflow/.local/lib/python3.12/site-packages/airflow/example_dags/tutorial_dag.py
[2024-08-22T00:41:58.028+0000] {logging_mixin.py:190} INFO - [2024-08-22T00:41:58.027+0000] {dag.py:3211} INFO - Sync 1 DAGs
[2024-08-22T00:41:58.049+0000] {logging_mixin.py:190} INFO - [2024-08-22T00:41:58.049+0000] {dag.py:4138} INFO - Setting next_dagrun for tutorial_dag to None, run_after=None
[2024-08-22T00:41:58.101+0000] {processor.py:208} INFO - Processing /home/airflow/.local/lib/python3.12/site-packages/airflow/example_dags/tutorial_dag.py took 0.136 seconds
[2024-08-22T00:42:29.182+0000] {processor.py:186} INFO - Started process (PID=2727) to work on /home/airflow/.local/lib/python3.12/site-packages/airflow/example_dags/tutorial_dag.py
[2024-08-22T00:42:29.192+0000] {processor.py:914} INFO - Processing file /home/airflow/.local/lib/python3.12/site-packages/airflow/example_dags/tutorial_dag.py for tasks to queue
[2024-08-22T00:42:29.210+0000] {logging_mixin.py:190} INFO - [2024-08-22T00:42:29.210+0000] {dagbag.py:587} INFO - Filling up the DagBag from /home/airflow/.local/lib/python3.12/site-packages/airflow/example_dags/tutorial_dag.py
[2024-08-22T00:42:29.236+0000] {processor.py:925} INFO - DAG(s) 'tutorial_dag' retrieved from /home/airflow/.local/lib/python3.12/site-packages/airflow/example_dags/tutorial_dag.py
[2024-08-22T00:42:29.313+0000] {logging_mixin.py:190} INFO - [2024-08-22T00:42:29.312+0000] {dag.py:3211} INFO - Sync 1 DAGs
[2024-08-22T00:42:29.377+0000] {logging_mixin.py:190} INFO - [2024-08-22T00:42:29.376+0000] {dag.py:4138} INFO - Setting next_dagrun for tutorial_dag to None, run_after=None
[2024-08-22T00:42:29.450+0000] {processor.py:208} INFO - Processing /home/airflow/.local/lib/python3.12/site-packages/airflow/example_dags/tutorial_dag.py took 0.308 seconds
