[2024-08-22T00:20:31.506+0000] {processor.py:186} INFO - Started process (PID=111) to work on /home/airflow/.local/lib/python3.12/site-packages/airflow/example_dags/tutorial.py
[2024-08-22T00:20:31.516+0000] {processor.py:914} INFO - Processing file /home/airflow/.local/lib/python3.12/site-packages/airflow/example_dags/tutorial.py for tasks to queue
[2024-08-22T00:20:31.524+0000] {logging_mixin.py:190} INFO - [2024-08-22T00:20:31.522+0000] {dagbag.py:587} INFO - Filling up the DagBag from /home/airflow/.local/lib/python3.12/site-packages/airflow/example_dags/tutorial.py
[2024-08-22T00:20:31.552+0000] {processor.py:925} INFO - DAG(s) 'tutorial' retrieved from /home/airflow/.local/lib/python3.12/site-packages/airflow/example_dags/tutorial.py
[2024-08-22T00:20:32.566+0000] {logging_mixin.py:190} INFO - [2024-08-22T00:20:32.564+0000] {override.py:1858} INFO - Created Permission View: can read on DAG:tutorial
[2024-08-22T00:20:33.540+0000] {logging_mixin.py:190} INFO - [2024-08-22T00:20:33.531+0000] {override.py:1858} INFO - Created Permission View: can delete on DAG:tutorial
[2024-08-22T00:20:33.652+0000] {logging_mixin.py:190} INFO - [2024-08-22T00:20:33.651+0000] {override.py:1858} INFO - Created Permission View: can edit on DAG:tutorial
[2024-08-22T00:20:33.655+0000] {logging_mixin.py:190} INFO - [2024-08-22T00:20:33.655+0000] {dag.py:3211} INFO - Sync 1 DAGs
[2024-08-22T00:20:33.706+0000] {logging_mixin.py:190} INFO - [2024-08-22T00:20:33.705+0000] {dag.py:3234} INFO - Creating ORM DAG for tutorial
[2024-08-22T00:20:33.739+0000] {logging_mixin.py:190} INFO - [2024-08-22T00:20:33.739+0000] {dag.py:4138} INFO - Setting next_dagrun for tutorial to 2024-08-21 00:00:00+00:00, run_after=2024-08-22 00:00:00+00:00
[2024-08-22T00:20:33.866+0000] {processor.py:208} INFO - Processing /home/airflow/.local/lib/python3.12/site-packages/airflow/example_dags/tutorial.py took 2.377 seconds
[2024-08-22T00:21:06.493+0000] {processor.py:186} INFO - Started process (PID=174) to work on /home/airflow/.local/lib/python3.12/site-packages/airflow/example_dags/tutorial.py
[2024-08-22T00:21:06.494+0000] {processor.py:914} INFO - Processing file /home/airflow/.local/lib/python3.12/site-packages/airflow/example_dags/tutorial.py for tasks to queue
[2024-08-22T00:21:06.498+0000] {logging_mixin.py:190} INFO - [2024-08-22T00:21:06.497+0000] {dagbag.py:587} INFO - Filling up the DagBag from /home/airflow/.local/lib/python3.12/site-packages/airflow/example_dags/tutorial.py
[2024-08-22T00:21:06.515+0000] {processor.py:925} INFO - DAG(s) 'tutorial' retrieved from /home/airflow/.local/lib/python3.12/site-packages/airflow/example_dags/tutorial.py
[2024-08-22T00:21:06.579+0000] {logging_mixin.py:190} INFO - [2024-08-22T00:21:06.577+0000] {dag.py:3211} INFO - Sync 1 DAGs
[2024-08-22T00:21:06.637+0000] {logging_mixin.py:190} INFO - [2024-08-22T00:21:06.636+0000] {dag.py:4138} INFO - Setting next_dagrun for tutorial to 2024-08-21 00:00:00+00:00, run_after=2024-08-22 00:00:00+00:00
[2024-08-22T00:21:06.693+0000] {processor.py:208} INFO - Processing /home/airflow/.local/lib/python3.12/site-packages/airflow/example_dags/tutorial.py took 0.213 seconds
[2024-08-22T00:22:01.624+0000] {processor.py:186} INFO - Started process (PID=243) to work on /home/airflow/.local/lib/python3.12/site-packages/airflow/example_dags/tutorial.py
[2024-08-22T00:22:01.628+0000] {processor.py:914} INFO - Processing file /home/airflow/.local/lib/python3.12/site-packages/airflow/example_dags/tutorial.py for tasks to queue
[2024-08-22T00:22:01.639+0000] {logging_mixin.py:190} INFO - [2024-08-22T00:22:01.633+0000] {dagbag.py:587} INFO - Filling up the DagBag from /home/airflow/.local/lib/python3.12/site-packages/airflow/example_dags/tutorial.py
[2024-08-22T00:22:01.685+0000] {processor.py:925} INFO - DAG(s) 'tutorial' retrieved from /home/airflow/.local/lib/python3.12/site-packages/airflow/example_dags/tutorial.py
[2024-08-22T00:22:01.822+0000] {logging_mixin.py:190} INFO - [2024-08-22T00:22:01.819+0000] {dag.py:3211} INFO - Sync 1 DAGs
[2024-08-22T00:22:01.965+0000] {logging_mixin.py:190} INFO - [2024-08-22T00:22:01.964+0000] {dag.py:4138} INFO - Setting next_dagrun for tutorial to 2024-08-21 00:00:00+00:00, run_after=2024-08-22 00:00:00+00:00
[2024-08-22T00:22:02.048+0000] {processor.py:208} INFO - Processing /home/airflow/.local/lib/python3.12/site-packages/airflow/example_dags/tutorial.py took 0.444 seconds
[2024-08-22T00:22:33.945+0000] {processor.py:186} INFO - Started process (PID=305) to work on /home/airflow/.local/lib/python3.12/site-packages/airflow/example_dags/tutorial.py
[2024-08-22T00:22:33.946+0000] {processor.py:914} INFO - Processing file /home/airflow/.local/lib/python3.12/site-packages/airflow/example_dags/tutorial.py for tasks to queue
[2024-08-22T00:22:33.950+0000] {logging_mixin.py:190} INFO - [2024-08-22T00:22:33.950+0000] {dagbag.py:587} INFO - Filling up the DagBag from /home/airflow/.local/lib/python3.12/site-packages/airflow/example_dags/tutorial.py
[2024-08-22T00:22:33.965+0000] {processor.py:925} INFO - DAG(s) 'tutorial' retrieved from /home/airflow/.local/lib/python3.12/site-packages/airflow/example_dags/tutorial.py
[2024-08-22T00:22:34.120+0000] {logging_mixin.py:190} INFO - [2024-08-22T00:22:34.120+0000] {dag.py:3211} INFO - Sync 1 DAGs
[2024-08-22T00:22:34.289+0000] {logging_mixin.py:190} INFO - [2024-08-22T00:22:34.288+0000] {dag.py:4138} INFO - Setting next_dagrun for tutorial to 2024-08-21 00:00:00+00:00, run_after=2024-08-22 00:00:00+00:00
[2024-08-22T00:22:34.462+0000] {processor.py:208} INFO - Processing /home/airflow/.local/lib/python3.12/site-packages/airflow/example_dags/tutorial.py took 0.528 seconds
[2024-08-22T00:23:05.413+0000] {processor.py:186} INFO - Started process (PID=368) to work on /home/airflow/.local/lib/python3.12/site-packages/airflow/example_dags/tutorial.py
[2024-08-22T00:23:05.419+0000] {processor.py:914} INFO - Processing file /home/airflow/.local/lib/python3.12/site-packages/airflow/example_dags/tutorial.py for tasks to queue
[2024-08-22T00:23:05.430+0000] {logging_mixin.py:190} INFO - [2024-08-22T00:23:05.429+0000] {dagbag.py:587} INFO - Filling up the DagBag from /home/airflow/.local/lib/python3.12/site-packages/airflow/example_dags/tutorial.py
[2024-08-22T00:23:05.451+0000] {processor.py:925} INFO - DAG(s) 'tutorial' retrieved from /home/airflow/.local/lib/python3.12/site-packages/airflow/example_dags/tutorial.py
[2024-08-22T00:23:05.526+0000] {logging_mixin.py:190} INFO - [2024-08-22T00:23:05.523+0000] {dag.py:3211} INFO - Sync 1 DAGs
[2024-08-22T00:23:05.603+0000] {logging_mixin.py:190} INFO - [2024-08-22T00:23:05.602+0000] {dag.py:4138} INFO - Setting next_dagrun for tutorial to 2024-08-21 00:00:00+00:00, run_after=2024-08-22 00:00:00+00:00
[2024-08-22T00:23:05.682+0000] {processor.py:208} INFO - Processing /home/airflow/.local/lib/python3.12/site-packages/airflow/example_dags/tutorial.py took 0.289 seconds
[2024-08-22T00:23:35.779+0000] {processor.py:186} INFO - Started process (PID=431) to work on /home/airflow/.local/lib/python3.12/site-packages/airflow/example_dags/tutorial.py
[2024-08-22T00:23:35.782+0000] {processor.py:914} INFO - Processing file /home/airflow/.local/lib/python3.12/site-packages/airflow/example_dags/tutorial.py for tasks to queue
[2024-08-22T00:23:35.786+0000] {logging_mixin.py:190} INFO - [2024-08-22T00:23:35.785+0000] {dagbag.py:587} INFO - Filling up the DagBag from /home/airflow/.local/lib/python3.12/site-packages/airflow/example_dags/tutorial.py
[2024-08-22T00:23:35.807+0000] {processor.py:925} INFO - DAG(s) 'tutorial' retrieved from /home/airflow/.local/lib/python3.12/site-packages/airflow/example_dags/tutorial.py
[2024-08-22T00:23:35.847+0000] {logging_mixin.py:190} INFO - [2024-08-22T00:23:35.847+0000] {dag.py:3211} INFO - Sync 1 DAGs
[2024-08-22T00:23:35.896+0000] {logging_mixin.py:190} INFO - [2024-08-22T00:23:35.895+0000] {dag.py:4138} INFO - Setting next_dagrun for tutorial to 2024-08-21 00:00:00+00:00, run_after=2024-08-22 00:00:00+00:00
[2024-08-22T00:23:35.935+0000] {processor.py:208} INFO - Processing /home/airflow/.local/lib/python3.12/site-packages/airflow/example_dags/tutorial.py took 0.167 seconds
[2024-08-22T00:24:07.613+0000] {processor.py:186} INFO - Started process (PID=494) to work on /home/airflow/.local/lib/python3.12/site-packages/airflow/example_dags/tutorial.py
[2024-08-22T00:24:07.615+0000] {processor.py:914} INFO - Processing file /home/airflow/.local/lib/python3.12/site-packages/airflow/example_dags/tutorial.py for tasks to queue
[2024-08-22T00:24:07.619+0000] {logging_mixin.py:190} INFO - [2024-08-22T00:24:07.619+0000] {dagbag.py:587} INFO - Filling up the DagBag from /home/airflow/.local/lib/python3.12/site-packages/airflow/example_dags/tutorial.py
[2024-08-22T00:24:07.649+0000] {processor.py:925} INFO - DAG(s) 'tutorial' retrieved from /home/airflow/.local/lib/python3.12/site-packages/airflow/example_dags/tutorial.py
[2024-08-22T00:24:07.729+0000] {logging_mixin.py:190} INFO - [2024-08-22T00:24:07.729+0000] {dag.py:3211} INFO - Sync 1 DAGs
[2024-08-22T00:24:07.821+0000] {logging_mixin.py:190} INFO - [2024-08-22T00:24:07.820+0000] {dag.py:4138} INFO - Setting next_dagrun for tutorial to 2024-08-21 00:00:00+00:00, run_after=2024-08-22 00:00:00+00:00
[2024-08-22T00:24:07.877+0000] {processor.py:208} INFO - Processing /home/airflow/.local/lib/python3.12/site-packages/airflow/example_dags/tutorial.py took 0.277 seconds
[2024-08-22T00:24:38.668+0000] {processor.py:186} INFO - Started process (PID=557) to work on /home/airflow/.local/lib/python3.12/site-packages/airflow/example_dags/tutorial.py
[2024-08-22T00:24:38.669+0000] {processor.py:914} INFO - Processing file /home/airflow/.local/lib/python3.12/site-packages/airflow/example_dags/tutorial.py for tasks to queue
[2024-08-22T00:24:38.674+0000] {logging_mixin.py:190} INFO - [2024-08-22T00:24:38.673+0000] {dagbag.py:587} INFO - Filling up the DagBag from /home/airflow/.local/lib/python3.12/site-packages/airflow/example_dags/tutorial.py
[2024-08-22T00:24:38.689+0000] {processor.py:925} INFO - DAG(s) 'tutorial' retrieved from /home/airflow/.local/lib/python3.12/site-packages/airflow/example_dags/tutorial.py
[2024-08-22T00:24:38.748+0000] {logging_mixin.py:190} INFO - [2024-08-22T00:24:38.746+0000] {dag.py:3211} INFO - Sync 1 DAGs
[2024-08-22T00:24:38.821+0000] {logging_mixin.py:190} INFO - [2024-08-22T00:24:38.821+0000] {dag.py:4138} INFO - Setting next_dagrun for tutorial to 2024-08-21 00:00:00+00:00, run_after=2024-08-22 00:00:00+00:00
[2024-08-22T00:24:38.875+0000] {processor.py:208} INFO - Processing /home/airflow/.local/lib/python3.12/site-packages/airflow/example_dags/tutorial.py took 0.219 seconds
[2024-08-22T00:25:12.601+0000] {processor.py:186} INFO - Started process (PID=620) to work on /home/airflow/.local/lib/python3.12/site-packages/airflow/example_dags/tutorial.py
[2024-08-22T00:25:12.603+0000] {processor.py:914} INFO - Processing file /home/airflow/.local/lib/python3.12/site-packages/airflow/example_dags/tutorial.py for tasks to queue
[2024-08-22T00:25:12.606+0000] {logging_mixin.py:190} INFO - [2024-08-22T00:25:12.605+0000] {dagbag.py:587} INFO - Filling up the DagBag from /home/airflow/.local/lib/python3.12/site-packages/airflow/example_dags/tutorial.py
[2024-08-22T00:25:12.620+0000] {processor.py:925} INFO - DAG(s) 'tutorial' retrieved from /home/airflow/.local/lib/python3.12/site-packages/airflow/example_dags/tutorial.py
[2024-08-22T00:25:12.666+0000] {logging_mixin.py:190} INFO - [2024-08-22T00:25:12.666+0000] {dag.py:3211} INFO - Sync 1 DAGs
[2024-08-22T00:25:12.732+0000] {logging_mixin.py:190} INFO - [2024-08-22T00:25:12.731+0000] {dag.py:4138} INFO - Setting next_dagrun for tutorial to 2024-08-21 00:00:00+00:00, run_after=2024-08-22 00:00:00+00:00
[2024-08-22T00:25:12.838+0000] {processor.py:208} INFO - Processing /home/airflow/.local/lib/python3.12/site-packages/airflow/example_dags/tutorial.py took 0.252 seconds
[2024-08-22T00:25:42.986+0000] {processor.py:186} INFO - Started process (PID=683) to work on /home/airflow/.local/lib/python3.12/site-packages/airflow/example_dags/tutorial.py
[2024-08-22T00:25:42.988+0000] {processor.py:914} INFO - Processing file /home/airflow/.local/lib/python3.12/site-packages/airflow/example_dags/tutorial.py for tasks to queue
[2024-08-22T00:25:42.995+0000] {logging_mixin.py:190} INFO - [2024-08-22T00:25:42.991+0000] {dagbag.py:587} INFO - Filling up the DagBag from /home/airflow/.local/lib/python3.12/site-packages/airflow/example_dags/tutorial.py
[2024-08-22T00:25:43.011+0000] {processor.py:925} INFO - DAG(s) 'tutorial' retrieved from /home/airflow/.local/lib/python3.12/site-packages/airflow/example_dags/tutorial.py
[2024-08-22T00:25:43.057+0000] {logging_mixin.py:190} INFO - [2024-08-22T00:25:43.057+0000] {dag.py:3211} INFO - Sync 1 DAGs
[2024-08-22T00:25:43.114+0000] {logging_mixin.py:190} INFO - [2024-08-22T00:25:43.113+0000] {dag.py:4138} INFO - Setting next_dagrun for tutorial to 2024-08-21 00:00:00+00:00, run_after=2024-08-22 00:00:00+00:00
[2024-08-22T00:25:43.157+0000] {processor.py:208} INFO - Processing /home/airflow/.local/lib/python3.12/site-packages/airflow/example_dags/tutorial.py took 0.188 seconds
[2024-08-22T00:26:14.330+0000] {processor.py:186} INFO - Started process (PID=746) to work on /home/airflow/.local/lib/python3.12/site-packages/airflow/example_dags/tutorial.py
[2024-08-22T00:26:14.332+0000] {processor.py:914} INFO - Processing file /home/airflow/.local/lib/python3.12/site-packages/airflow/example_dags/tutorial.py for tasks to queue
[2024-08-22T00:26:14.338+0000] {logging_mixin.py:190} INFO - [2024-08-22T00:26:14.337+0000] {dagbag.py:587} INFO - Filling up the DagBag from /home/airflow/.local/lib/python3.12/site-packages/airflow/example_dags/tutorial.py
[2024-08-22T00:26:14.358+0000] {processor.py:925} INFO - DAG(s) 'tutorial' retrieved from /home/airflow/.local/lib/python3.12/site-packages/airflow/example_dags/tutorial.py
[2024-08-22T00:26:14.418+0000] {logging_mixin.py:190} INFO - [2024-08-22T00:26:14.417+0000] {dag.py:3211} INFO - Sync 1 DAGs
[2024-08-22T00:26:14.527+0000] {logging_mixin.py:190} INFO - [2024-08-22T00:26:14.526+0000] {dag.py:4138} INFO - Setting next_dagrun for tutorial to 2024-08-21 00:00:00+00:00, run_after=2024-08-22 00:00:00+00:00
[2024-08-22T00:26:15.041+0000] {processor.py:208} INFO - Processing /home/airflow/.local/lib/python3.12/site-packages/airflow/example_dags/tutorial.py took 0.732 seconds
[2024-08-22T00:26:45.324+0000] {processor.py:186} INFO - Started process (PID=810) to work on /home/airflow/.local/lib/python3.12/site-packages/airflow/example_dags/tutorial.py
[2024-08-22T00:26:45.330+0000] {processor.py:914} INFO - Processing file /home/airflow/.local/lib/python3.12/site-packages/airflow/example_dags/tutorial.py for tasks to queue
[2024-08-22T00:26:45.339+0000] {logging_mixin.py:190} INFO - [2024-08-22T00:26:45.338+0000] {dagbag.py:587} INFO - Filling up the DagBag from /home/airflow/.local/lib/python3.12/site-packages/airflow/example_dags/tutorial.py
[2024-08-22T00:26:45.384+0000] {processor.py:925} INFO - DAG(s) 'tutorial' retrieved from /home/airflow/.local/lib/python3.12/site-packages/airflow/example_dags/tutorial.py
[2024-08-22T00:26:45.491+0000] {logging_mixin.py:190} INFO - [2024-08-22T00:26:45.490+0000] {dag.py:3211} INFO - Sync 1 DAGs
[2024-08-22T00:26:45.580+0000] {logging_mixin.py:190} INFO - [2024-08-22T00:26:45.579+0000] {dag.py:4138} INFO - Setting next_dagrun for tutorial to 2024-08-21 00:00:00+00:00, run_after=2024-08-22 00:00:00+00:00
[2024-08-22T00:26:45.633+0000] {processor.py:208} INFO - Processing /home/airflow/.local/lib/python3.12/site-packages/airflow/example_dags/tutorial.py took 0.348 seconds
[2024-08-22T00:27:16.688+0000] {processor.py:186} INFO - Started process (PID=874) to work on /home/airflow/.local/lib/python3.12/site-packages/airflow/example_dags/tutorial.py
[2024-08-22T00:27:16.693+0000] {processor.py:914} INFO - Processing file /home/airflow/.local/lib/python3.12/site-packages/airflow/example_dags/tutorial.py for tasks to queue
[2024-08-22T00:27:16.700+0000] {logging_mixin.py:190} INFO - [2024-08-22T00:27:16.699+0000] {dagbag.py:587} INFO - Filling up the DagBag from /home/airflow/.local/lib/python3.12/site-packages/airflow/example_dags/tutorial.py
[2024-08-22T00:27:16.717+0000] {processor.py:925} INFO - DAG(s) 'tutorial' retrieved from /home/airflow/.local/lib/python3.12/site-packages/airflow/example_dags/tutorial.py
[2024-08-22T00:27:16.832+0000] {logging_mixin.py:190} INFO - [2024-08-22T00:27:16.826+0000] {dag.py:3211} INFO - Sync 1 DAGs
[2024-08-22T00:27:16.911+0000] {logging_mixin.py:190} INFO - [2024-08-22T00:27:16.910+0000] {dag.py:4138} INFO - Setting next_dagrun for tutorial to 2024-08-21 00:00:00+00:00, run_after=2024-08-22 00:00:00+00:00
[2024-08-22T00:27:17.054+0000] {processor.py:208} INFO - Processing /home/airflow/.local/lib/python3.12/site-packages/airflow/example_dags/tutorial.py took 0.384 seconds
[2024-08-22T00:27:47.796+0000] {processor.py:186} INFO - Started process (PID=936) to work on /home/airflow/.local/lib/python3.12/site-packages/airflow/example_dags/tutorial.py
[2024-08-22T00:27:47.797+0000] {processor.py:914} INFO - Processing file /home/airflow/.local/lib/python3.12/site-packages/airflow/example_dags/tutorial.py for tasks to queue
[2024-08-22T00:27:47.801+0000] {logging_mixin.py:190} INFO - [2024-08-22T00:27:47.801+0000] {dagbag.py:587} INFO - Filling up the DagBag from /home/airflow/.local/lib/python3.12/site-packages/airflow/example_dags/tutorial.py
[2024-08-22T00:27:47.816+0000] {processor.py:925} INFO - DAG(s) 'tutorial' retrieved from /home/airflow/.local/lib/python3.12/site-packages/airflow/example_dags/tutorial.py
[2024-08-22T00:27:47.856+0000] {logging_mixin.py:190} INFO - [2024-08-22T00:27:47.856+0000] {dag.py:3211} INFO - Sync 1 DAGs
[2024-08-22T00:27:47.911+0000] {logging_mixin.py:190} INFO - [2024-08-22T00:27:47.911+0000] {dag.py:4138} INFO - Setting next_dagrun for tutorial to 2024-08-21 00:00:00+00:00, run_after=2024-08-22 00:00:00+00:00
[2024-08-22T00:27:47.947+0000] {processor.py:208} INFO - Processing /home/airflow/.local/lib/python3.12/site-packages/airflow/example_dags/tutorial.py took 0.162 seconds
[2024-08-22T00:28:18.739+0000] {processor.py:186} INFO - Started process (PID=999) to work on /home/airflow/.local/lib/python3.12/site-packages/airflow/example_dags/tutorial.py
[2024-08-22T00:28:18.741+0000] {processor.py:914} INFO - Processing file /home/airflow/.local/lib/python3.12/site-packages/airflow/example_dags/tutorial.py for tasks to queue
[2024-08-22T00:28:18.750+0000] {logging_mixin.py:190} INFO - [2024-08-22T00:28:18.750+0000] {dagbag.py:587} INFO - Filling up the DagBag from /home/airflow/.local/lib/python3.12/site-packages/airflow/example_dags/tutorial.py
[2024-08-22T00:28:18.786+0000] {processor.py:925} INFO - DAG(s) 'tutorial' retrieved from /home/airflow/.local/lib/python3.12/site-packages/airflow/example_dags/tutorial.py
[2024-08-22T00:28:18.856+0000] {logging_mixin.py:190} INFO - [2024-08-22T00:28:18.856+0000] {dag.py:3211} INFO - Sync 1 DAGs
[2024-08-22T00:28:18.949+0000] {logging_mixin.py:190} INFO - [2024-08-22T00:28:18.945+0000] {dag.py:4138} INFO - Setting next_dagrun for tutorial to 2024-08-21 00:00:00+00:00, run_after=2024-08-22 00:00:00+00:00
[2024-08-22T00:28:19.143+0000] {processor.py:208} INFO - Processing /home/airflow/.local/lib/python3.12/site-packages/airflow/example_dags/tutorial.py took 0.423 seconds
[2024-08-22T00:28:50.952+0000] {processor.py:186} INFO - Started process (PID=1059) to work on /home/airflow/.local/lib/python3.12/site-packages/airflow/example_dags/tutorial.py
[2024-08-22T00:28:50.954+0000] {processor.py:914} INFO - Processing file /home/airflow/.local/lib/python3.12/site-packages/airflow/example_dags/tutorial.py for tasks to queue
[2024-08-22T00:28:50.959+0000] {logging_mixin.py:190} INFO - [2024-08-22T00:28:50.958+0000] {dagbag.py:587} INFO - Filling up the DagBag from /home/airflow/.local/lib/python3.12/site-packages/airflow/example_dags/tutorial.py
[2024-08-22T00:28:50.976+0000] {processor.py:925} INFO - DAG(s) 'tutorial' retrieved from /home/airflow/.local/lib/python3.12/site-packages/airflow/example_dags/tutorial.py
[2024-08-22T00:28:51.020+0000] {logging_mixin.py:190} INFO - [2024-08-22T00:28:51.019+0000] {dag.py:3211} INFO - Sync 1 DAGs
[2024-08-22T00:28:51.089+0000] {logging_mixin.py:190} INFO - [2024-08-22T00:28:51.089+0000] {dag.py:4138} INFO - Setting next_dagrun for tutorial to 2024-08-21 00:00:00+00:00, run_after=2024-08-22 00:00:00+00:00
[2024-08-22T00:28:51.138+0000] {processor.py:208} INFO - Processing /home/airflow/.local/lib/python3.12/site-packages/airflow/example_dags/tutorial.py took 0.199 seconds
[2024-08-22T00:29:21.819+0000] {processor.py:186} INFO - Started process (PID=1122) to work on /home/airflow/.local/lib/python3.12/site-packages/airflow/example_dags/tutorial.py
[2024-08-22T00:29:21.827+0000] {processor.py:914} INFO - Processing file /home/airflow/.local/lib/python3.12/site-packages/airflow/example_dags/tutorial.py for tasks to queue
[2024-08-22T00:29:21.837+0000] {logging_mixin.py:190} INFO - [2024-08-22T00:29:21.836+0000] {dagbag.py:587} INFO - Filling up the DagBag from /home/airflow/.local/lib/python3.12/site-packages/airflow/example_dags/tutorial.py
[2024-08-22T00:29:21.854+0000] {processor.py:925} INFO - DAG(s) 'tutorial' retrieved from /home/airflow/.local/lib/python3.12/site-packages/airflow/example_dags/tutorial.py
[2024-08-22T00:29:21.890+0000] {logging_mixin.py:190} INFO - [2024-08-22T00:29:21.889+0000] {dag.py:3211} INFO - Sync 1 DAGs
[2024-08-22T00:29:21.928+0000] {logging_mixin.py:190} INFO - [2024-08-22T00:29:21.927+0000] {dag.py:4138} INFO - Setting next_dagrun for tutorial to 2024-08-21 00:00:00+00:00, run_after=2024-08-22 00:00:00+00:00
[2024-08-22T00:29:21.965+0000] {processor.py:208} INFO - Processing /home/airflow/.local/lib/python3.12/site-packages/airflow/example_dags/tutorial.py took 0.164 seconds
[2024-08-22T00:29:52.516+0000] {processor.py:186} INFO - Started process (PID=1185) to work on /home/airflow/.local/lib/python3.12/site-packages/airflow/example_dags/tutorial.py
[2024-08-22T00:29:52.518+0000] {processor.py:914} INFO - Processing file /home/airflow/.local/lib/python3.12/site-packages/airflow/example_dags/tutorial.py for tasks to queue
[2024-08-22T00:29:52.522+0000] {logging_mixin.py:190} INFO - [2024-08-22T00:29:52.521+0000] {dagbag.py:587} INFO - Filling up the DagBag from /home/airflow/.local/lib/python3.12/site-packages/airflow/example_dags/tutorial.py
[2024-08-22T00:29:52.538+0000] {processor.py:925} INFO - DAG(s) 'tutorial' retrieved from /home/airflow/.local/lib/python3.12/site-packages/airflow/example_dags/tutorial.py
[2024-08-22T00:29:52.575+0000] {logging_mixin.py:190} INFO - [2024-08-22T00:29:52.574+0000] {dag.py:3211} INFO - Sync 1 DAGs
[2024-08-22T00:29:52.624+0000] {logging_mixin.py:190} INFO - [2024-08-22T00:29:52.623+0000] {dag.py:4138} INFO - Setting next_dagrun for tutorial to 2024-08-21 00:00:00+00:00, run_after=2024-08-22 00:00:00+00:00
[2024-08-22T00:29:52.674+0000] {processor.py:208} INFO - Processing /home/airflow/.local/lib/python3.12/site-packages/airflow/example_dags/tutorial.py took 0.170 seconds
[2024-08-22T00:30:24.450+0000] {processor.py:186} INFO - Started process (PID=1248) to work on /home/airflow/.local/lib/python3.12/site-packages/airflow/example_dags/tutorial.py
[2024-08-22T00:30:24.454+0000] {processor.py:914} INFO - Processing file /home/airflow/.local/lib/python3.12/site-packages/airflow/example_dags/tutorial.py for tasks to queue
[2024-08-22T00:30:24.459+0000] {logging_mixin.py:190} INFO - [2024-08-22T00:30:24.458+0000] {dagbag.py:587} INFO - Filling up the DagBag from /home/airflow/.local/lib/python3.12/site-packages/airflow/example_dags/tutorial.py
[2024-08-22T00:30:24.510+0000] {processor.py:925} INFO - DAG(s) 'tutorial' retrieved from /home/airflow/.local/lib/python3.12/site-packages/airflow/example_dags/tutorial.py
[2024-08-22T00:30:24.579+0000] {logging_mixin.py:190} INFO - [2024-08-22T00:30:24.579+0000] {dag.py:3211} INFO - Sync 1 DAGs
[2024-08-22T00:30:24.645+0000] {logging_mixin.py:190} INFO - [2024-08-22T00:30:24.642+0000] {dag.py:4138} INFO - Setting next_dagrun for tutorial to 2024-08-21 00:00:00+00:00, run_after=2024-08-22 00:00:00+00:00
[2024-08-22T00:30:24.678+0000] {processor.py:208} INFO - Processing /home/airflow/.local/lib/python3.12/site-packages/airflow/example_dags/tutorial.py took 0.244 seconds
[2024-08-22T00:30:54.965+0000] {processor.py:186} INFO - Started process (PID=1318) to work on /home/airflow/.local/lib/python3.12/site-packages/airflow/example_dags/tutorial.py
[2024-08-22T00:30:54.966+0000] {processor.py:914} INFO - Processing file /home/airflow/.local/lib/python3.12/site-packages/airflow/example_dags/tutorial.py for tasks to queue
[2024-08-22T00:30:54.970+0000] {logging_mixin.py:190} INFO - [2024-08-22T00:30:54.969+0000] {dagbag.py:587} INFO - Filling up the DagBag from /home/airflow/.local/lib/python3.12/site-packages/airflow/example_dags/tutorial.py
[2024-08-22T00:30:54.981+0000] {processor.py:925} INFO - DAG(s) 'tutorial' retrieved from /home/airflow/.local/lib/python3.12/site-packages/airflow/example_dags/tutorial.py
[2024-08-22T00:30:55.018+0000] {logging_mixin.py:190} INFO - [2024-08-22T00:30:55.018+0000] {dag.py:3211} INFO - Sync 1 DAGs
[2024-08-22T00:30:55.059+0000] {logging_mixin.py:190} INFO - [2024-08-22T00:30:55.059+0000] {dag.py:4138} INFO - Setting next_dagrun for tutorial to 2024-08-21 00:00:00+00:00, run_after=2024-08-22 00:00:00+00:00
[2024-08-22T00:30:55.101+0000] {processor.py:208} INFO - Processing /home/airflow/.local/lib/python3.12/site-packages/airflow/example_dags/tutorial.py took 0.151 seconds
[2024-08-22T00:31:26.106+0000] {processor.py:186} INFO - Started process (PID=1382) to work on /home/airflow/.local/lib/python3.12/site-packages/airflow/example_dags/tutorial.py
[2024-08-22T00:31:26.108+0000] {processor.py:914} INFO - Processing file /home/airflow/.local/lib/python3.12/site-packages/airflow/example_dags/tutorial.py for tasks to queue
[2024-08-22T00:31:26.113+0000] {logging_mixin.py:190} INFO - [2024-08-22T00:31:26.112+0000] {dagbag.py:587} INFO - Filling up the DagBag from /home/airflow/.local/lib/python3.12/site-packages/airflow/example_dags/tutorial.py
[2024-08-22T00:31:26.124+0000] {processor.py:925} INFO - DAG(s) 'tutorial' retrieved from /home/airflow/.local/lib/python3.12/site-packages/airflow/example_dags/tutorial.py
[2024-08-22T00:31:26.168+0000] {logging_mixin.py:190} INFO - [2024-08-22T00:31:26.167+0000] {dag.py:3211} INFO - Sync 1 DAGs
[2024-08-22T00:31:26.215+0000] {logging_mixin.py:190} INFO - [2024-08-22T00:31:26.215+0000] {dag.py:4138} INFO - Setting next_dagrun for tutorial to 2024-08-21 00:00:00+00:00, run_after=2024-08-22 00:00:00+00:00
[2024-08-22T00:31:26.254+0000] {processor.py:208} INFO - Processing /home/airflow/.local/lib/python3.12/site-packages/airflow/example_dags/tutorial.py took 0.159 seconds
[2024-08-22T00:31:56.792+0000] {processor.py:186} INFO - Started process (PID=1445) to work on /home/airflow/.local/lib/python3.12/site-packages/airflow/example_dags/tutorial.py
[2024-08-22T00:31:56.794+0000] {processor.py:914} INFO - Processing file /home/airflow/.local/lib/python3.12/site-packages/airflow/example_dags/tutorial.py for tasks to queue
[2024-08-22T00:31:56.797+0000] {logging_mixin.py:190} INFO - [2024-08-22T00:31:56.796+0000] {dagbag.py:587} INFO - Filling up the DagBag from /home/airflow/.local/lib/python3.12/site-packages/airflow/example_dags/tutorial.py
[2024-08-22T00:31:56.807+0000] {processor.py:925} INFO - DAG(s) 'tutorial' retrieved from /home/airflow/.local/lib/python3.12/site-packages/airflow/example_dags/tutorial.py
[2024-08-22T00:31:56.835+0000] {logging_mixin.py:190} INFO - [2024-08-22T00:31:56.835+0000] {dag.py:3211} INFO - Sync 1 DAGs
[2024-08-22T00:31:56.869+0000] {logging_mixin.py:190} INFO - [2024-08-22T00:31:56.868+0000] {dag.py:4138} INFO - Setting next_dagrun for tutorial to 2024-08-21 00:00:00+00:00, run_after=2024-08-22 00:00:00+00:00
[2024-08-22T00:31:56.909+0000] {processor.py:208} INFO - Processing /home/airflow/.local/lib/python3.12/site-packages/airflow/example_dags/tutorial.py took 0.125 seconds
[2024-08-22T00:32:27.579+0000] {processor.py:186} INFO - Started process (PID=1508) to work on /home/airflow/.local/lib/python3.12/site-packages/airflow/example_dags/tutorial.py
[2024-08-22T00:32:27.582+0000] {processor.py:914} INFO - Processing file /home/airflow/.local/lib/python3.12/site-packages/airflow/example_dags/tutorial.py for tasks to queue
[2024-08-22T00:32:27.585+0000] {logging_mixin.py:190} INFO - [2024-08-22T00:32:27.585+0000] {dagbag.py:587} INFO - Filling up the DagBag from /home/airflow/.local/lib/python3.12/site-packages/airflow/example_dags/tutorial.py
[2024-08-22T00:32:27.600+0000] {processor.py:925} INFO - DAG(s) 'tutorial' retrieved from /home/airflow/.local/lib/python3.12/site-packages/airflow/example_dags/tutorial.py
[2024-08-22T00:32:27.647+0000] {logging_mixin.py:190} INFO - [2024-08-22T00:32:27.646+0000] {dag.py:3211} INFO - Sync 1 DAGs
[2024-08-22T00:32:27.697+0000] {logging_mixin.py:190} INFO - [2024-08-22T00:32:27.696+0000] {dag.py:4138} INFO - Setting next_dagrun for tutorial to 2024-08-21 00:00:00+00:00, run_after=2024-08-22 00:00:00+00:00
[2024-08-22T00:32:27.733+0000] {processor.py:208} INFO - Processing /home/airflow/.local/lib/python3.12/site-packages/airflow/example_dags/tutorial.py took 0.166 seconds
[2024-08-22T00:32:58.455+0000] {processor.py:186} INFO - Started process (PID=1571) to work on /home/airflow/.local/lib/python3.12/site-packages/airflow/example_dags/tutorial.py
[2024-08-22T00:32:58.456+0000] {processor.py:914} INFO - Processing file /home/airflow/.local/lib/python3.12/site-packages/airflow/example_dags/tutorial.py for tasks to queue
[2024-08-22T00:32:58.460+0000] {logging_mixin.py:190} INFO - [2024-08-22T00:32:58.459+0000] {dagbag.py:587} INFO - Filling up the DagBag from /home/airflow/.local/lib/python3.12/site-packages/airflow/example_dags/tutorial.py
[2024-08-22T00:32:58.472+0000] {processor.py:925} INFO - DAG(s) 'tutorial' retrieved from /home/airflow/.local/lib/python3.12/site-packages/airflow/example_dags/tutorial.py
[2024-08-22T00:32:58.502+0000] {logging_mixin.py:190} INFO - [2024-08-22T00:32:58.501+0000] {dag.py:3211} INFO - Sync 1 DAGs
[2024-08-22T00:32:58.535+0000] {logging_mixin.py:190} INFO - [2024-08-22T00:32:58.535+0000] {dag.py:4138} INFO - Setting next_dagrun for tutorial to 2024-08-21 00:00:00+00:00, run_after=2024-08-22 00:00:00+00:00
[2024-08-22T00:32:58.574+0000] {processor.py:208} INFO - Processing /home/airflow/.local/lib/python3.12/site-packages/airflow/example_dags/tutorial.py took 0.131 seconds
[2024-08-22T00:33:32.475+0000] {processor.py:186} INFO - Started process (PID=1633) to work on /home/airflow/.local/lib/python3.12/site-packages/airflow/example_dags/tutorial.py
[2024-08-22T00:33:32.479+0000] {processor.py:914} INFO - Processing file /home/airflow/.local/lib/python3.12/site-packages/airflow/example_dags/tutorial.py for tasks to queue
[2024-08-22T00:33:32.483+0000] {logging_mixin.py:190} INFO - [2024-08-22T00:33:32.482+0000] {dagbag.py:587} INFO - Filling up the DagBag from /home/airflow/.local/lib/python3.12/site-packages/airflow/example_dags/tutorial.py
[2024-08-22T00:33:32.506+0000] {processor.py:925} INFO - DAG(s) 'tutorial' retrieved from /home/airflow/.local/lib/python3.12/site-packages/airflow/example_dags/tutorial.py
[2024-08-22T00:33:32.565+0000] {logging_mixin.py:190} INFO - [2024-08-22T00:33:32.564+0000] {dag.py:3211} INFO - Sync 1 DAGs
[2024-08-22T00:33:32.637+0000] {logging_mixin.py:190} INFO - [2024-08-22T00:33:32.635+0000] {dag.py:4138} INFO - Setting next_dagrun for tutorial to 2024-08-21 00:00:00+00:00, run_after=2024-08-22 00:00:00+00:00
[2024-08-22T00:33:32.679+0000] {processor.py:208} INFO - Processing /home/airflow/.local/lib/python3.12/site-packages/airflow/example_dags/tutorial.py took 0.220 seconds
[2024-08-22T00:34:03.756+0000] {processor.py:186} INFO - Started process (PID=1697) to work on /home/airflow/.local/lib/python3.12/site-packages/airflow/example_dags/tutorial.py
[2024-08-22T00:34:03.758+0000] {processor.py:914} INFO - Processing file /home/airflow/.local/lib/python3.12/site-packages/airflow/example_dags/tutorial.py for tasks to queue
[2024-08-22T00:34:03.762+0000] {logging_mixin.py:190} INFO - [2024-08-22T00:34:03.761+0000] {dagbag.py:587} INFO - Filling up the DagBag from /home/airflow/.local/lib/python3.12/site-packages/airflow/example_dags/tutorial.py
[2024-08-22T00:34:03.780+0000] {processor.py:925} INFO - DAG(s) 'tutorial' retrieved from /home/airflow/.local/lib/python3.12/site-packages/airflow/example_dags/tutorial.py
[2024-08-22T00:34:03.826+0000] {logging_mixin.py:190} INFO - [2024-08-22T00:34:03.825+0000] {dag.py:3211} INFO - Sync 1 DAGs
[2024-08-22T00:34:03.884+0000] {logging_mixin.py:190} INFO - [2024-08-22T00:34:03.884+0000] {dag.py:4138} INFO - Setting next_dagrun for tutorial to 2024-08-21 00:00:00+00:00, run_after=2024-08-22 00:00:00+00:00
[2024-08-22T00:34:03.934+0000] {processor.py:208} INFO - Processing /home/airflow/.local/lib/python3.12/site-packages/airflow/example_dags/tutorial.py took 0.192 seconds
[2024-08-22T00:34:35.437+0000] {processor.py:186} INFO - Started process (PID=1759) to work on /home/airflow/.local/lib/python3.12/site-packages/airflow/example_dags/tutorial.py
[2024-08-22T00:34:35.448+0000] {processor.py:914} INFO - Processing file /home/airflow/.local/lib/python3.12/site-packages/airflow/example_dags/tutorial.py for tasks to queue
[2024-08-22T00:34:35.452+0000] {logging_mixin.py:190} INFO - [2024-08-22T00:34:35.452+0000] {dagbag.py:587} INFO - Filling up the DagBag from /home/airflow/.local/lib/python3.12/site-packages/airflow/example_dags/tutorial.py
[2024-08-22T00:34:35.477+0000] {processor.py:925} INFO - DAG(s) 'tutorial' retrieved from /home/airflow/.local/lib/python3.12/site-packages/airflow/example_dags/tutorial.py
[2024-08-22T00:34:35.525+0000] {logging_mixin.py:190} INFO - [2024-08-22T00:34:35.524+0000] {dag.py:3211} INFO - Sync 1 DAGs
[2024-08-22T00:34:35.580+0000] {logging_mixin.py:190} INFO - [2024-08-22T00:34:35.577+0000] {dag.py:4138} INFO - Setting next_dagrun for tutorial to 2024-08-21 00:00:00+00:00, run_after=2024-08-22 00:00:00+00:00
[2024-08-22T00:34:35.622+0000] {processor.py:208} INFO - Processing /home/airflow/.local/lib/python3.12/site-packages/airflow/example_dags/tutorial.py took 0.200 seconds
[2024-08-22T00:35:06.031+0000] {processor.py:186} INFO - Started process (PID=1822) to work on /home/airflow/.local/lib/python3.12/site-packages/airflow/example_dags/tutorial.py
[2024-08-22T00:35:06.034+0000] {processor.py:914} INFO - Processing file /home/airflow/.local/lib/python3.12/site-packages/airflow/example_dags/tutorial.py for tasks to queue
[2024-08-22T00:35:06.038+0000] {logging_mixin.py:190} INFO - [2024-08-22T00:35:06.037+0000] {dagbag.py:587} INFO - Filling up the DagBag from /home/airflow/.local/lib/python3.12/site-packages/airflow/example_dags/tutorial.py
[2024-08-22T00:35:06.054+0000] {processor.py:925} INFO - DAG(s) 'tutorial' retrieved from /home/airflow/.local/lib/python3.12/site-packages/airflow/example_dags/tutorial.py
[2024-08-22T00:35:06.086+0000] {logging_mixin.py:190} INFO - [2024-08-22T00:35:06.086+0000] {dag.py:3211} INFO - Sync 1 DAGs
[2024-08-22T00:35:06.172+0000] {logging_mixin.py:190} INFO - [2024-08-22T00:35:06.172+0000] {dag.py:4138} INFO - Setting next_dagrun for tutorial to 2024-08-21 00:00:00+00:00, run_after=2024-08-22 00:00:00+00:00
[2024-08-22T00:35:06.289+0000] {processor.py:208} INFO - Processing /home/airflow/.local/lib/python3.12/site-packages/airflow/example_dags/tutorial.py took 0.269 seconds
[2024-08-22T00:35:36.859+0000] {processor.py:186} INFO - Started process (PID=1885) to work on /home/airflow/.local/lib/python3.12/site-packages/airflow/example_dags/tutorial.py
[2024-08-22T00:35:36.860+0000] {processor.py:914} INFO - Processing file /home/airflow/.local/lib/python3.12/site-packages/airflow/example_dags/tutorial.py for tasks to queue
[2024-08-22T00:35:36.866+0000] {logging_mixin.py:190} INFO - [2024-08-22T00:35:36.865+0000] {dagbag.py:587} INFO - Filling up the DagBag from /home/airflow/.local/lib/python3.12/site-packages/airflow/example_dags/tutorial.py
[2024-08-22T00:35:36.881+0000] {processor.py:925} INFO - DAG(s) 'tutorial' retrieved from /home/airflow/.local/lib/python3.12/site-packages/airflow/example_dags/tutorial.py
[2024-08-22T00:35:36.914+0000] {logging_mixin.py:190} INFO - [2024-08-22T00:35:36.914+0000] {dag.py:3211} INFO - Sync 1 DAGs
[2024-08-22T00:35:36.956+0000] {logging_mixin.py:190} INFO - [2024-08-22T00:35:36.956+0000] {dag.py:4138} INFO - Setting next_dagrun for tutorial to 2024-08-21 00:00:00+00:00, run_after=2024-08-22 00:00:00+00:00
[2024-08-22T00:35:37.001+0000] {processor.py:208} INFO - Processing /home/airflow/.local/lib/python3.12/site-packages/airflow/example_dags/tutorial.py took 0.152 seconds
[2024-08-22T00:36:08.003+0000] {processor.py:186} INFO - Started process (PID=1947) to work on /home/airflow/.local/lib/python3.12/site-packages/airflow/example_dags/tutorial.py
[2024-08-22T00:36:08.004+0000] {processor.py:914} INFO - Processing file /home/airflow/.local/lib/python3.12/site-packages/airflow/example_dags/tutorial.py for tasks to queue
[2024-08-22T00:36:08.007+0000] {logging_mixin.py:190} INFO - [2024-08-22T00:36:08.007+0000] {dagbag.py:587} INFO - Filling up the DagBag from /home/airflow/.local/lib/python3.12/site-packages/airflow/example_dags/tutorial.py
[2024-08-22T00:36:08.021+0000] {processor.py:925} INFO - DAG(s) 'tutorial' retrieved from /home/airflow/.local/lib/python3.12/site-packages/airflow/example_dags/tutorial.py
[2024-08-22T00:36:08.050+0000] {logging_mixin.py:190} INFO - [2024-08-22T00:36:08.050+0000] {dag.py:3211} INFO - Sync 1 DAGs
[2024-08-22T00:36:08.085+0000] {logging_mixin.py:190} INFO - [2024-08-22T00:36:08.085+0000] {dag.py:4138} INFO - Setting next_dagrun for tutorial to 2024-08-21 00:00:00+00:00, run_after=2024-08-22 00:00:00+00:00
[2024-08-22T00:36:08.127+0000] {processor.py:208} INFO - Processing /home/airflow/.local/lib/python3.12/site-packages/airflow/example_dags/tutorial.py took 0.134 seconds
[2024-08-22T00:36:38.804+0000] {processor.py:186} INFO - Started process (PID=2010) to work on /home/airflow/.local/lib/python3.12/site-packages/airflow/example_dags/tutorial.py
[2024-08-22T00:36:38.805+0000] {processor.py:914} INFO - Processing file /home/airflow/.local/lib/python3.12/site-packages/airflow/example_dags/tutorial.py for tasks to queue
[2024-08-22T00:36:38.809+0000] {logging_mixin.py:190} INFO - [2024-08-22T00:36:38.808+0000] {dagbag.py:587} INFO - Filling up the DagBag from /home/airflow/.local/lib/python3.12/site-packages/airflow/example_dags/tutorial.py
[2024-08-22T00:36:38.824+0000] {processor.py:925} INFO - DAG(s) 'tutorial' retrieved from /home/airflow/.local/lib/python3.12/site-packages/airflow/example_dags/tutorial.py
[2024-08-22T00:36:38.879+0000] {logging_mixin.py:190} INFO - [2024-08-22T00:36:38.878+0000] {dag.py:3211} INFO - Sync 1 DAGs
[2024-08-22T00:36:38.939+0000] {logging_mixin.py:190} INFO - [2024-08-22T00:36:38.939+0000] {dag.py:4138} INFO - Setting next_dagrun for tutorial to 2024-08-21 00:00:00+00:00, run_after=2024-08-22 00:00:00+00:00
[2024-08-22T00:36:38.991+0000] {processor.py:208} INFO - Processing /home/airflow/.local/lib/python3.12/site-packages/airflow/example_dags/tutorial.py took 0.200 seconds
[2024-08-22T00:37:10.168+0000] {processor.py:186} INFO - Started process (PID=2073) to work on /home/airflow/.local/lib/python3.12/site-packages/airflow/example_dags/tutorial.py
[2024-08-22T00:37:10.170+0000] {processor.py:914} INFO - Processing file /home/airflow/.local/lib/python3.12/site-packages/airflow/example_dags/tutorial.py for tasks to queue
[2024-08-22T00:37:10.173+0000] {logging_mixin.py:190} INFO - [2024-08-22T00:37:10.173+0000] {dagbag.py:587} INFO - Filling up the DagBag from /home/airflow/.local/lib/python3.12/site-packages/airflow/example_dags/tutorial.py
[2024-08-22T00:37:10.186+0000] {processor.py:925} INFO - DAG(s) 'tutorial' retrieved from /home/airflow/.local/lib/python3.12/site-packages/airflow/example_dags/tutorial.py
[2024-08-22T00:37:10.226+0000] {logging_mixin.py:190} INFO - [2024-08-22T00:37:10.226+0000] {dag.py:3211} INFO - Sync 1 DAGs
[2024-08-22T00:37:10.271+0000] {logging_mixin.py:190} INFO - [2024-08-22T00:37:10.271+0000] {dag.py:4138} INFO - Setting next_dagrun for tutorial to 2024-08-21 00:00:00+00:00, run_after=2024-08-22 00:00:00+00:00
[2024-08-22T00:37:10.322+0000] {processor.py:208} INFO - Processing /home/airflow/.local/lib/python3.12/site-packages/airflow/example_dags/tutorial.py took 0.165 seconds
[2024-08-22T00:37:42.671+0000] {processor.py:186} INFO - Started process (PID=2137) to work on /home/airflow/.local/lib/python3.12/site-packages/airflow/example_dags/tutorial.py
[2024-08-22T00:37:42.672+0000] {processor.py:914} INFO - Processing file /home/airflow/.local/lib/python3.12/site-packages/airflow/example_dags/tutorial.py for tasks to queue
[2024-08-22T00:37:42.676+0000] {logging_mixin.py:190} INFO - [2024-08-22T00:37:42.676+0000] {dagbag.py:587} INFO - Filling up the DagBag from /home/airflow/.local/lib/python3.12/site-packages/airflow/example_dags/tutorial.py
[2024-08-22T00:37:42.692+0000] {processor.py:925} INFO - DAG(s) 'tutorial' retrieved from /home/airflow/.local/lib/python3.12/site-packages/airflow/example_dags/tutorial.py
[2024-08-22T00:37:42.727+0000] {logging_mixin.py:190} INFO - [2024-08-22T00:37:42.727+0000] {dag.py:3211} INFO - Sync 1 DAGs
[2024-08-22T00:37:42.773+0000] {logging_mixin.py:190} INFO - [2024-08-22T00:37:42.773+0000] {dag.py:4138} INFO - Setting next_dagrun for tutorial to 2024-08-21 00:00:00+00:00, run_after=2024-08-22 00:00:00+00:00
[2024-08-22T00:37:42.948+0000] {processor.py:208} INFO - Processing /home/airflow/.local/lib/python3.12/site-packages/airflow/example_dags/tutorial.py took 0.290 seconds
[2024-08-22T00:38:13.307+0000] {processor.py:186} INFO - Started process (PID=2200) to work on /home/airflow/.local/lib/python3.12/site-packages/airflow/example_dags/tutorial.py
[2024-08-22T00:38:13.308+0000] {processor.py:914} INFO - Processing file /home/airflow/.local/lib/python3.12/site-packages/airflow/example_dags/tutorial.py for tasks to queue
[2024-08-22T00:38:13.311+0000] {logging_mixin.py:190} INFO - [2024-08-22T00:38:13.311+0000] {dagbag.py:587} INFO - Filling up the DagBag from /home/airflow/.local/lib/python3.12/site-packages/airflow/example_dags/tutorial.py
[2024-08-22T00:38:13.323+0000] {processor.py:925} INFO - DAG(s) 'tutorial' retrieved from /home/airflow/.local/lib/python3.12/site-packages/airflow/example_dags/tutorial.py
[2024-08-22T00:38:13.351+0000] {logging_mixin.py:190} INFO - [2024-08-22T00:38:13.351+0000] {dag.py:3211} INFO - Sync 1 DAGs
[2024-08-22T00:38:13.387+0000] {logging_mixin.py:190} INFO - [2024-08-22T00:38:13.387+0000] {dag.py:4138} INFO - Setting next_dagrun for tutorial to 2024-08-21 00:00:00+00:00, run_after=2024-08-22 00:00:00+00:00
[2024-08-22T00:38:13.449+0000] {processor.py:208} INFO - Processing /home/airflow/.local/lib/python3.12/site-packages/airflow/example_dags/tutorial.py took 0.151 seconds
[2024-08-22T00:38:45.940+0000] {processor.py:186} INFO - Started process (PID=2263) to work on /home/airflow/.local/lib/python3.12/site-packages/airflow/example_dags/tutorial.py
[2024-08-22T00:38:45.942+0000] {processor.py:914} INFO - Processing file /home/airflow/.local/lib/python3.12/site-packages/airflow/example_dags/tutorial.py for tasks to queue
[2024-08-22T00:38:45.946+0000] {logging_mixin.py:190} INFO - [2024-08-22T00:38:45.945+0000] {dagbag.py:587} INFO - Filling up the DagBag from /home/airflow/.local/lib/python3.12/site-packages/airflow/example_dags/tutorial.py
[2024-08-22T00:38:45.981+0000] {processor.py:925} INFO - DAG(s) 'tutorial' retrieved from /home/airflow/.local/lib/python3.12/site-packages/airflow/example_dags/tutorial.py
[2024-08-22T00:38:46.094+0000] {logging_mixin.py:190} INFO - [2024-08-22T00:38:46.093+0000] {dag.py:3211} INFO - Sync 1 DAGs
[2024-08-22T00:38:46.142+0000] {logging_mixin.py:190} INFO - [2024-08-22T00:38:46.141+0000] {dag.py:4138} INFO - Setting next_dagrun for tutorial to 2024-08-21 00:00:00+00:00, run_after=2024-08-22 00:00:00+00:00
[2024-08-22T00:38:46.182+0000] {processor.py:208} INFO - Processing /home/airflow/.local/lib/python3.12/site-packages/airflow/example_dags/tutorial.py took 0.259 seconds
[2024-08-22T00:39:18.064+0000] {processor.py:186} INFO - Started process (PID=2326) to work on /home/airflow/.local/lib/python3.12/site-packages/airflow/example_dags/tutorial.py
[2024-08-22T00:39:18.066+0000] {processor.py:914} INFO - Processing file /home/airflow/.local/lib/python3.12/site-packages/airflow/example_dags/tutorial.py for tasks to queue
[2024-08-22T00:39:18.071+0000] {logging_mixin.py:190} INFO - [2024-08-22T00:39:18.070+0000] {dagbag.py:587} INFO - Filling up the DagBag from /home/airflow/.local/lib/python3.12/site-packages/airflow/example_dags/tutorial.py
[2024-08-22T00:39:18.084+0000] {processor.py:925} INFO - DAG(s) 'tutorial' retrieved from /home/airflow/.local/lib/python3.12/site-packages/airflow/example_dags/tutorial.py
[2024-08-22T00:39:18.118+0000] {logging_mixin.py:190} INFO - [2024-08-22T00:39:18.118+0000] {dag.py:3211} INFO - Sync 1 DAGs
[2024-08-22T00:39:18.158+0000] {logging_mixin.py:190} INFO - [2024-08-22T00:39:18.157+0000] {dag.py:4138} INFO - Setting next_dagrun for tutorial to 2024-08-21 00:00:00+00:00, run_after=2024-08-22 00:00:00+00:00
[2024-08-22T00:39:18.239+0000] {processor.py:208} INFO - Processing /home/airflow/.local/lib/python3.12/site-packages/airflow/example_dags/tutorial.py took 0.185 seconds
[2024-08-22T00:39:49.593+0000] {processor.py:186} INFO - Started process (PID=2390) to work on /home/airflow/.local/lib/python3.12/site-packages/airflow/example_dags/tutorial.py
[2024-08-22T00:39:49.594+0000] {processor.py:914} INFO - Processing file /home/airflow/.local/lib/python3.12/site-packages/airflow/example_dags/tutorial.py for tasks to queue
[2024-08-22T00:39:49.602+0000] {logging_mixin.py:190} INFO - [2024-08-22T00:39:49.601+0000] {dagbag.py:587} INFO - Filling up the DagBag from /home/airflow/.local/lib/python3.12/site-packages/airflow/example_dags/tutorial.py
[2024-08-22T00:39:49.617+0000] {processor.py:925} INFO - DAG(s) 'tutorial' retrieved from /home/airflow/.local/lib/python3.12/site-packages/airflow/example_dags/tutorial.py
[2024-08-22T00:39:49.651+0000] {logging_mixin.py:190} INFO - [2024-08-22T00:39:49.650+0000] {dag.py:3211} INFO - Sync 1 DAGs
[2024-08-22T00:39:49.692+0000] {logging_mixin.py:190} INFO - [2024-08-22T00:39:49.691+0000] {dag.py:4138} INFO - Setting next_dagrun for tutorial to 2024-08-21 00:00:00+00:00, run_after=2024-08-22 00:00:00+00:00
[2024-08-22T00:39:49.758+0000] {processor.py:208} INFO - Processing /home/airflow/.local/lib/python3.12/site-packages/airflow/example_dags/tutorial.py took 0.174 seconds
[2024-08-22T00:40:22.253+0000] {processor.py:186} INFO - Started process (PID=2455) to work on /home/airflow/.local/lib/python3.12/site-packages/airflow/example_dags/tutorial.py
[2024-08-22T00:40:22.255+0000] {processor.py:914} INFO - Processing file /home/airflow/.local/lib/python3.12/site-packages/airflow/example_dags/tutorial.py for tasks to queue
[2024-08-22T00:40:22.259+0000] {logging_mixin.py:190} INFO - [2024-08-22T00:40:22.258+0000] {dagbag.py:587} INFO - Filling up the DagBag from /home/airflow/.local/lib/python3.12/site-packages/airflow/example_dags/tutorial.py
[2024-08-22T00:40:22.272+0000] {processor.py:925} INFO - DAG(s) 'tutorial' retrieved from /home/airflow/.local/lib/python3.12/site-packages/airflow/example_dags/tutorial.py
[2024-08-22T00:40:22.304+0000] {logging_mixin.py:190} INFO - [2024-08-22T00:40:22.304+0000] {dag.py:3211} INFO - Sync 1 DAGs
[2024-08-22T00:40:22.352+0000] {logging_mixin.py:190} INFO - [2024-08-22T00:40:22.352+0000] {dag.py:4138} INFO - Setting next_dagrun for tutorial to 2024-08-21 00:00:00+00:00, run_after=2024-08-22 00:00:00+00:00
[2024-08-22T00:40:22.558+0000] {processor.py:208} INFO - Processing /home/airflow/.local/lib/python3.12/site-packages/airflow/example_dags/tutorial.py took 0.316 seconds
[2024-08-22T00:40:53.666+0000] {processor.py:186} INFO - Started process (PID=2519) to work on /home/airflow/.local/lib/python3.12/site-packages/airflow/example_dags/tutorial.py
[2024-08-22T00:40:53.667+0000] {processor.py:914} INFO - Processing file /home/airflow/.local/lib/python3.12/site-packages/airflow/example_dags/tutorial.py for tasks to queue
[2024-08-22T00:40:53.670+0000] {logging_mixin.py:190} INFO - [2024-08-22T00:40:53.669+0000] {dagbag.py:587} INFO - Filling up the DagBag from /home/airflow/.local/lib/python3.12/site-packages/airflow/example_dags/tutorial.py
[2024-08-22T00:40:53.680+0000] {processor.py:925} INFO - DAG(s) 'tutorial' retrieved from /home/airflow/.local/lib/python3.12/site-packages/airflow/example_dags/tutorial.py
[2024-08-22T00:40:53.707+0000] {logging_mixin.py:190} INFO - [2024-08-22T00:40:53.707+0000] {dag.py:3211} INFO - Sync 1 DAGs
[2024-08-22T00:40:53.740+0000] {logging_mixin.py:190} INFO - [2024-08-22T00:40:53.740+0000] {dag.py:4138} INFO - Setting next_dagrun for tutorial to 2024-08-21 00:00:00+00:00, run_after=2024-08-22 00:00:00+00:00
[2024-08-22T00:40:53.786+0000] {processor.py:208} INFO - Processing /home/airflow/.local/lib/python3.12/site-packages/airflow/example_dags/tutorial.py took 0.129 seconds
[2024-08-22T00:41:24.070+0000] {processor.py:186} INFO - Started process (PID=2582) to work on /home/airflow/.local/lib/python3.12/site-packages/airflow/example_dags/tutorial.py
[2024-08-22T00:41:24.072+0000] {processor.py:914} INFO - Processing file /home/airflow/.local/lib/python3.12/site-packages/airflow/example_dags/tutorial.py for tasks to queue
[2024-08-22T00:41:24.076+0000] {logging_mixin.py:190} INFO - [2024-08-22T00:41:24.076+0000] {dagbag.py:587} INFO - Filling up the DagBag from /home/airflow/.local/lib/python3.12/site-packages/airflow/example_dags/tutorial.py
[2024-08-22T00:41:24.098+0000] {processor.py:925} INFO - DAG(s) 'tutorial' retrieved from /home/airflow/.local/lib/python3.12/site-packages/airflow/example_dags/tutorial.py
[2024-08-22T00:41:24.144+0000] {logging_mixin.py:190} INFO - [2024-08-22T00:41:24.143+0000] {dag.py:3211} INFO - Sync 1 DAGs
[2024-08-22T00:41:24.189+0000] {logging_mixin.py:190} INFO - [2024-08-22T00:41:24.188+0000] {dag.py:4138} INFO - Setting next_dagrun for tutorial to 2024-08-21 00:00:00+00:00, run_after=2024-08-22 00:00:00+00:00
[2024-08-22T00:41:24.224+0000] {processor.py:208} INFO - Processing /home/airflow/.local/lib/python3.12/site-packages/airflow/example_dags/tutorial.py took 0.173 seconds
[2024-08-22T00:41:55.757+0000] {processor.py:186} INFO - Started process (PID=2645) to work on /home/airflow/.local/lib/python3.12/site-packages/airflow/example_dags/tutorial.py
[2024-08-22T00:41:55.759+0000] {processor.py:914} INFO - Processing file /home/airflow/.local/lib/python3.12/site-packages/airflow/example_dags/tutorial.py for tasks to queue
[2024-08-22T00:41:55.763+0000] {logging_mixin.py:190} INFO - [2024-08-22T00:41:55.763+0000] {dagbag.py:587} INFO - Filling up the DagBag from /home/airflow/.local/lib/python3.12/site-packages/airflow/example_dags/tutorial.py
[2024-08-22T00:41:55.778+0000] {processor.py:925} INFO - DAG(s) 'tutorial' retrieved from /home/airflow/.local/lib/python3.12/site-packages/airflow/example_dags/tutorial.py
[2024-08-22T00:41:55.811+0000] {logging_mixin.py:190} INFO - [2024-08-22T00:41:55.811+0000] {dag.py:3211} INFO - Sync 1 DAGs
[2024-08-22T00:41:55.849+0000] {logging_mixin.py:190} INFO - [2024-08-22T00:41:55.849+0000] {dag.py:4138} INFO - Setting next_dagrun for tutorial to 2024-08-21 00:00:00+00:00, run_after=2024-08-22 00:00:00+00:00
[2024-08-22T00:41:55.884+0000] {processor.py:208} INFO - Processing /home/airflow/.local/lib/python3.12/site-packages/airflow/example_dags/tutorial.py took 0.139 seconds
[2024-08-22T00:42:27.213+0000] {processor.py:186} INFO - Started process (PID=2714) to work on /home/airflow/.local/lib/python3.12/site-packages/airflow/example_dags/tutorial.py
[2024-08-22T00:42:27.214+0000] {processor.py:914} INFO - Processing file /home/airflow/.local/lib/python3.12/site-packages/airflow/example_dags/tutorial.py for tasks to queue
[2024-08-22T00:42:27.218+0000] {logging_mixin.py:190} INFO - [2024-08-22T00:42:27.218+0000] {dagbag.py:587} INFO - Filling up the DagBag from /home/airflow/.local/lib/python3.12/site-packages/airflow/example_dags/tutorial.py
[2024-08-22T00:42:27.233+0000] {processor.py:925} INFO - DAG(s) 'tutorial' retrieved from /home/airflow/.local/lib/python3.12/site-packages/airflow/example_dags/tutorial.py
[2024-08-22T00:42:27.264+0000] {logging_mixin.py:190} INFO - [2024-08-22T00:42:27.264+0000] {dag.py:3211} INFO - Sync 1 DAGs
[2024-08-22T00:42:27.327+0000] {logging_mixin.py:190} INFO - [2024-08-22T00:42:27.326+0000] {dag.py:4138} INFO - Setting next_dagrun for tutorial to 2024-08-21 00:00:00+00:00, run_after=2024-08-22 00:00:00+00:00
[2024-08-22T00:42:27.397+0000] {processor.py:208} INFO - Processing /home/airflow/.local/lib/python3.12/site-packages/airflow/example_dags/tutorial.py took 0.194 seconds
