[2024-08-29T00:01:28.235+0000] {processor.py:186} INFO - Started process (PID=115) to work on /home/airflow/.local/lib/python3.12/site-packages/airflow/example_dags/example_kubernetes_executor.py
[2024-08-29T00:01:28.237+0000] {processor.py:914} INFO - Processing file /home/airflow/.local/lib/python3.12/site-packages/airflow/example_dags/example_kubernetes_executor.py for tasks to queue
[2024-08-29T00:01:28.240+0000] {logging_mixin.py:190} INFO - [2024-08-29T00:01:28.240+0000] {dagbag.py:587} INFO - Filling up the DagBag from /home/airflow/.local/lib/python3.12/site-packages/airflow/example_dags/example_kubernetes_executor.py
[2024-08-29T00:01:28.272+0000] {processor.py:925} INFO - DAG(s) 'example_kubernetes_executor' retrieved from /home/airflow/.local/lib/python3.12/site-packages/airflow/example_dags/example_kubernetes_executor.py
[2024-08-29T00:01:28.347+0000] {logging_mixin.py:190} INFO - [2024-08-29T00:01:28.347+0000] {dag.py:3211} INFO - Sync 1 DAGs
[2024-08-29T00:01:28.379+0000] {logging_mixin.py:190} INFO - [2024-08-29T00:01:28.379+0000] {dag.py:4138} INFO - Setting next_dagrun for example_kubernetes_executor to None, run_after=None
[2024-08-29T00:01:28.415+0000] {processor.py:208} INFO - Processing /home/airflow/.local/lib/python3.12/site-packages/airflow/example_dags/example_kubernetes_executor.py took 0.191 seconds
[2024-08-29T00:01:58.983+0000] {processor.py:186} INFO - Started process (PID=178) to work on /home/airflow/.local/lib/python3.12/site-packages/airflow/example_dags/example_kubernetes_executor.py
[2024-08-29T00:01:58.984+0000] {processor.py:914} INFO - Processing file /home/airflow/.local/lib/python3.12/site-packages/airflow/example_dags/example_kubernetes_executor.py for tasks to queue
[2024-08-29T00:01:58.987+0000] {logging_mixin.py:190} INFO - [2024-08-29T00:01:58.987+0000] {dagbag.py:587} INFO - Filling up the DagBag from /home/airflow/.local/lib/python3.12/site-packages/airflow/example_dags/example_kubernetes_executor.py
[2024-08-29T00:01:59.004+0000] {processor.py:925} INFO - DAG(s) 'example_kubernetes_executor' retrieved from /home/airflow/.local/lib/python3.12/site-packages/airflow/example_dags/example_kubernetes_executor.py
[2024-08-29T00:01:59.055+0000] {logging_mixin.py:190} INFO - [2024-08-29T00:01:59.054+0000] {dag.py:3211} INFO - Sync 1 DAGs
[2024-08-29T00:01:59.072+0000] {logging_mixin.py:190} INFO - [2024-08-29T00:01:59.072+0000] {dag.py:4138} INFO - Setting next_dagrun for example_kubernetes_executor to None, run_after=None
[2024-08-29T00:01:59.128+0000] {processor.py:208} INFO - Processing /home/airflow/.local/lib/python3.12/site-packages/airflow/example_dags/example_kubernetes_executor.py took 0.153 seconds
[2024-08-29T00:02:29.999+0000] {processor.py:186} INFO - Started process (PID=240) to work on /home/airflow/.local/lib/python3.12/site-packages/airflow/example_dags/example_kubernetes_executor.py
[2024-08-29T00:02:30.001+0000] {processor.py:914} INFO - Processing file /home/airflow/.local/lib/python3.12/site-packages/airflow/example_dags/example_kubernetes_executor.py for tasks to queue
[2024-08-29T00:02:30.005+0000] {logging_mixin.py:190} INFO - [2024-08-29T00:02:30.004+0000] {dagbag.py:587} INFO - Filling up the DagBag from /home/airflow/.local/lib/python3.12/site-packages/airflow/example_dags/example_kubernetes_executor.py
[2024-08-29T00:02:30.029+0000] {processor.py:925} INFO - DAG(s) 'example_kubernetes_executor' retrieved from /home/airflow/.local/lib/python3.12/site-packages/airflow/example_dags/example_kubernetes_executor.py
[2024-08-29T00:02:30.107+0000] {logging_mixin.py:190} INFO - [2024-08-29T00:02:30.106+0000] {dag.py:3211} INFO - Sync 1 DAGs
[2024-08-29T00:02:30.126+0000] {logging_mixin.py:190} INFO - [2024-08-29T00:02:30.126+0000] {dag.py:4138} INFO - Setting next_dagrun for example_kubernetes_executor to None, run_after=None
[2024-08-29T00:02:30.304+0000] {processor.py:208} INFO - Processing /home/airflow/.local/lib/python3.12/site-packages/airflow/example_dags/example_kubernetes_executor.py took 0.313 seconds
[2024-08-29T00:03:00.957+0000] {processor.py:186} INFO - Started process (PID=303) to work on /home/airflow/.local/lib/python3.12/site-packages/airflow/example_dags/example_kubernetes_executor.py
[2024-08-29T00:03:00.959+0000] {processor.py:914} INFO - Processing file /home/airflow/.local/lib/python3.12/site-packages/airflow/example_dags/example_kubernetes_executor.py for tasks to queue
[2024-08-29T00:03:00.963+0000] {logging_mixin.py:190} INFO - [2024-08-29T00:03:00.962+0000] {dagbag.py:587} INFO - Filling up the DagBag from /home/airflow/.local/lib/python3.12/site-packages/airflow/example_dags/example_kubernetes_executor.py
[2024-08-29T00:03:00.986+0000] {processor.py:925} INFO - DAG(s) 'example_kubernetes_executor' retrieved from /home/airflow/.local/lib/python3.12/site-packages/airflow/example_dags/example_kubernetes_executor.py
[2024-08-29T00:03:01.487+0000] {logging_mixin.py:190} INFO - [2024-08-29T00:03:01.487+0000] {dag.py:3211} INFO - Sync 1 DAGs
[2024-08-29T00:03:01.508+0000] {logging_mixin.py:190} INFO - [2024-08-29T00:03:01.507+0000] {dag.py:4138} INFO - Setting next_dagrun for example_kubernetes_executor to None, run_after=None
[2024-08-29T00:03:02.194+0000] {processor.py:208} INFO - Processing /home/airflow/.local/lib/python3.12/site-packages/airflow/example_dags/example_kubernetes_executor.py took 1.245 seconds
[2024-08-29T00:03:32.345+0000] {processor.py:186} INFO - Started process (PID=365) to work on /home/airflow/.local/lib/python3.12/site-packages/airflow/example_dags/example_kubernetes_executor.py
[2024-08-29T00:03:32.346+0000] {processor.py:914} INFO - Processing file /home/airflow/.local/lib/python3.12/site-packages/airflow/example_dags/example_kubernetes_executor.py for tasks to queue
[2024-08-29T00:03:32.350+0000] {logging_mixin.py:190} INFO - [2024-08-29T00:03:32.349+0000] {dagbag.py:587} INFO - Filling up the DagBag from /home/airflow/.local/lib/python3.12/site-packages/airflow/example_dags/example_kubernetes_executor.py
[2024-08-29T00:03:32.397+0000] {processor.py:925} INFO - DAG(s) 'example_kubernetes_executor' retrieved from /home/airflow/.local/lib/python3.12/site-packages/airflow/example_dags/example_kubernetes_executor.py
[2024-08-29T00:03:32.458+0000] {logging_mixin.py:190} INFO - [2024-08-29T00:03:32.457+0000] {dag.py:3211} INFO - Sync 1 DAGs
[2024-08-29T00:03:32.483+0000] {logging_mixin.py:190} INFO - [2024-08-29T00:03:32.483+0000] {dag.py:4138} INFO - Setting next_dagrun for example_kubernetes_executor to None, run_after=None
[2024-08-29T00:03:32.511+0000] {processor.py:208} INFO - Processing /home/airflow/.local/lib/python3.12/site-packages/airflow/example_dags/example_kubernetes_executor.py took 0.174 seconds
[2024-08-29T00:04:02.747+0000] {processor.py:186} INFO - Started process (PID=427) to work on /home/airflow/.local/lib/python3.12/site-packages/airflow/example_dags/example_kubernetes_executor.py
[2024-08-29T00:04:02.748+0000] {processor.py:914} INFO - Processing file /home/airflow/.local/lib/python3.12/site-packages/airflow/example_dags/example_kubernetes_executor.py for tasks to queue
[2024-08-29T00:04:02.752+0000] {logging_mixin.py:190} INFO - [2024-08-29T00:04:02.751+0000] {dagbag.py:587} INFO - Filling up the DagBag from /home/airflow/.local/lib/python3.12/site-packages/airflow/example_dags/example_kubernetes_executor.py
[2024-08-29T00:04:02.774+0000] {processor.py:925} INFO - DAG(s) 'example_kubernetes_executor' retrieved from /home/airflow/.local/lib/python3.12/site-packages/airflow/example_dags/example_kubernetes_executor.py
[2024-08-29T00:04:02.830+0000] {logging_mixin.py:190} INFO - [2024-08-29T00:04:02.829+0000] {dag.py:3211} INFO - Sync 1 DAGs
[2024-08-29T00:04:02.850+0000] {logging_mixin.py:190} INFO - [2024-08-29T00:04:02.849+0000] {dag.py:4138} INFO - Setting next_dagrun for example_kubernetes_executor to None, run_after=None
[2024-08-29T00:04:02.895+0000] {processor.py:208} INFO - Processing /home/airflow/.local/lib/python3.12/site-packages/airflow/example_dags/example_kubernetes_executor.py took 0.157 seconds
[2024-08-29T00:04:33.427+0000] {processor.py:186} INFO - Started process (PID=491) to work on /home/airflow/.local/lib/python3.12/site-packages/airflow/example_dags/example_kubernetes_executor.py
[2024-08-29T00:04:33.428+0000] {processor.py:914} INFO - Processing file /home/airflow/.local/lib/python3.12/site-packages/airflow/example_dags/example_kubernetes_executor.py for tasks to queue
[2024-08-29T00:04:33.433+0000] {logging_mixin.py:190} INFO - [2024-08-29T00:04:33.433+0000] {dagbag.py:587} INFO - Filling up the DagBag from /home/airflow/.local/lib/python3.12/site-packages/airflow/example_dags/example_kubernetes_executor.py
[2024-08-29T00:04:33.489+0000] {processor.py:925} INFO - DAG(s) 'example_kubernetes_executor' retrieved from /home/airflow/.local/lib/python3.12/site-packages/airflow/example_dags/example_kubernetes_executor.py
[2024-08-29T00:04:33.771+0000] {logging_mixin.py:190} INFO - [2024-08-29T00:04:33.771+0000] {dag.py:3211} INFO - Sync 1 DAGs
[2024-08-29T00:04:33.805+0000] {logging_mixin.py:190} INFO - [2024-08-29T00:04:33.805+0000] {dag.py:4138} INFO - Setting next_dagrun for example_kubernetes_executor to None, run_after=None
[2024-08-29T00:04:33.842+0000] {processor.py:208} INFO - Processing /home/airflow/.local/lib/python3.12/site-packages/airflow/example_dags/example_kubernetes_executor.py took 0.428 seconds
[2024-08-29T00:05:04.009+0000] {processor.py:186} INFO - Started process (PID=553) to work on /home/airflow/.local/lib/python3.12/site-packages/airflow/example_dags/example_kubernetes_executor.py
[2024-08-29T00:05:04.014+0000] {processor.py:914} INFO - Processing file /home/airflow/.local/lib/python3.12/site-packages/airflow/example_dags/example_kubernetes_executor.py for tasks to queue
[2024-08-29T00:05:04.017+0000] {logging_mixin.py:190} INFO - [2024-08-29T00:05:04.016+0000] {dagbag.py:587} INFO - Filling up the DagBag from /home/airflow/.local/lib/python3.12/site-packages/airflow/example_dags/example_kubernetes_executor.py
[2024-08-29T00:05:04.056+0000] {processor.py:925} INFO - DAG(s) 'example_kubernetes_executor' retrieved from /home/airflow/.local/lib/python3.12/site-packages/airflow/example_dags/example_kubernetes_executor.py
[2024-08-29T00:05:04.166+0000] {logging_mixin.py:190} INFO - [2024-08-29T00:05:04.165+0000] {dag.py:3211} INFO - Sync 1 DAGs
[2024-08-29T00:05:04.232+0000] {logging_mixin.py:190} INFO - [2024-08-29T00:05:04.231+0000] {dag.py:4138} INFO - Setting next_dagrun for example_kubernetes_executor to None, run_after=None
[2024-08-29T00:05:04.278+0000] {processor.py:208} INFO - Processing /home/airflow/.local/lib/python3.12/site-packages/airflow/example_dags/example_kubernetes_executor.py took 0.287 seconds
[2024-08-29T00:05:35.053+0000] {processor.py:186} INFO - Started process (PID=615) to work on /home/airflow/.local/lib/python3.12/site-packages/airflow/example_dags/example_kubernetes_executor.py
[2024-08-29T00:05:35.054+0000] {processor.py:914} INFO - Processing file /home/airflow/.local/lib/python3.12/site-packages/airflow/example_dags/example_kubernetes_executor.py for tasks to queue
[2024-08-29T00:05:35.059+0000] {logging_mixin.py:190} INFO - [2024-08-29T00:05:35.058+0000] {dagbag.py:587} INFO - Filling up the DagBag from /home/airflow/.local/lib/python3.12/site-packages/airflow/example_dags/example_kubernetes_executor.py
[2024-08-29T00:05:38.127+0000] {processor.py:925} INFO - DAG(s) 'example_kubernetes_executor' retrieved from /home/airflow/.local/lib/python3.12/site-packages/airflow/example_dags/example_kubernetes_executor.py
[2024-08-29T00:05:38.211+0000] {logging_mixin.py:190} INFO - [2024-08-29T00:05:38.210+0000] {dag.py:3211} INFO - Sync 1 DAGs
[2024-08-29T00:05:38.235+0000] {logging_mixin.py:190} INFO - [2024-08-29T00:05:38.234+0000] {dag.py:4138} INFO - Setting next_dagrun for example_kubernetes_executor to None, run_after=None
[2024-08-29T00:05:38.464+0000] {processor.py:208} INFO - Processing /home/airflow/.local/lib/python3.12/site-packages/airflow/example_dags/example_kubernetes_executor.py took 3.424 seconds
[2024-08-29T00:06:08.697+0000] {processor.py:186} INFO - Started process (PID=681) to work on /home/airflow/.local/lib/python3.12/site-packages/airflow/example_dags/example_kubernetes_executor.py
[2024-08-29T00:06:08.698+0000] {processor.py:914} INFO - Processing file /home/airflow/.local/lib/python3.12/site-packages/airflow/example_dags/example_kubernetes_executor.py for tasks to queue
[2024-08-29T00:06:08.702+0000] {logging_mixin.py:190} INFO - [2024-08-29T00:06:08.701+0000] {dagbag.py:587} INFO - Filling up the DagBag from /home/airflow/.local/lib/python3.12/site-packages/airflow/example_dags/example_kubernetes_executor.py
[2024-08-29T00:06:08.720+0000] {processor.py:925} INFO - DAG(s) 'example_kubernetes_executor' retrieved from /home/airflow/.local/lib/python3.12/site-packages/airflow/example_dags/example_kubernetes_executor.py
[2024-08-29T00:06:08.769+0000] {logging_mixin.py:190} INFO - [2024-08-29T00:06:08.769+0000] {dag.py:3211} INFO - Sync 1 DAGs
[2024-08-29T00:06:08.788+0000] {logging_mixin.py:190} INFO - [2024-08-29T00:06:08.788+0000] {dag.py:4138} INFO - Setting next_dagrun for example_kubernetes_executor to None, run_after=None
[2024-08-29T00:06:08.834+0000] {processor.py:208} INFO - Processing /home/airflow/.local/lib/python3.12/site-packages/airflow/example_dags/example_kubernetes_executor.py took 0.148 seconds
[2024-08-29T00:06:39.042+0000] {processor.py:186} INFO - Started process (PID=744) to work on /home/airflow/.local/lib/python3.12/site-packages/airflow/example_dags/example_kubernetes_executor.py
[2024-08-29T00:06:39.043+0000] {processor.py:914} INFO - Processing file /home/airflow/.local/lib/python3.12/site-packages/airflow/example_dags/example_kubernetes_executor.py for tasks to queue
[2024-08-29T00:06:39.046+0000] {logging_mixin.py:190} INFO - [2024-08-29T00:06:39.045+0000] {dagbag.py:587} INFO - Filling up the DagBag from /home/airflow/.local/lib/python3.12/site-packages/airflow/example_dags/example_kubernetes_executor.py
[2024-08-29T00:06:39.064+0000] {processor.py:925} INFO - DAG(s) 'example_kubernetes_executor' retrieved from /home/airflow/.local/lib/python3.12/site-packages/airflow/example_dags/example_kubernetes_executor.py
[2024-08-29T00:06:39.113+0000] {logging_mixin.py:190} INFO - [2024-08-29T00:06:39.113+0000] {dag.py:3211} INFO - Sync 1 DAGs
[2024-08-29T00:06:39.133+0000] {logging_mixin.py:190} INFO - [2024-08-29T00:06:39.133+0000] {dag.py:4138} INFO - Setting next_dagrun for example_kubernetes_executor to None, run_after=None
[2024-08-29T00:06:39.171+0000] {processor.py:208} INFO - Processing /home/airflow/.local/lib/python3.12/site-packages/airflow/example_dags/example_kubernetes_executor.py took 0.137 seconds
[2024-08-29T00:07:09.426+0000] {processor.py:186} INFO - Started process (PID=807) to work on /home/airflow/.local/lib/python3.12/site-packages/airflow/example_dags/example_kubernetes_executor.py
[2024-08-29T00:07:09.427+0000] {processor.py:914} INFO - Processing file /home/airflow/.local/lib/python3.12/site-packages/airflow/example_dags/example_kubernetes_executor.py for tasks to queue
[2024-08-29T00:07:09.430+0000] {logging_mixin.py:190} INFO - [2024-08-29T00:07:09.430+0000] {dagbag.py:587} INFO - Filling up the DagBag from /home/airflow/.local/lib/python3.12/site-packages/airflow/example_dags/example_kubernetes_executor.py
[2024-08-29T00:07:09.448+0000] {processor.py:925} INFO - DAG(s) 'example_kubernetes_executor' retrieved from /home/airflow/.local/lib/python3.12/site-packages/airflow/example_dags/example_kubernetes_executor.py
[2024-08-29T00:07:09.500+0000] {logging_mixin.py:190} INFO - [2024-08-29T00:07:09.500+0000] {dag.py:3211} INFO - Sync 1 DAGs
[2024-08-29T00:07:09.519+0000] {logging_mixin.py:190} INFO - [2024-08-29T00:07:09.519+0000] {dag.py:4138} INFO - Setting next_dagrun for example_kubernetes_executor to None, run_after=None
[2024-08-29T00:07:09.546+0000] {processor.py:208} INFO - Processing /home/airflow/.local/lib/python3.12/site-packages/airflow/example_dags/example_kubernetes_executor.py took 0.128 seconds
[2024-08-29T00:07:40.133+0000] {processor.py:186} INFO - Started process (PID=870) to work on /home/airflow/.local/lib/python3.12/site-packages/airflow/example_dags/example_kubernetes_executor.py
[2024-08-29T00:07:40.135+0000] {processor.py:914} INFO - Processing file /home/airflow/.local/lib/python3.12/site-packages/airflow/example_dags/example_kubernetes_executor.py for tasks to queue
[2024-08-29T00:07:40.140+0000] {logging_mixin.py:190} INFO - [2024-08-29T00:07:40.139+0000] {dagbag.py:587} INFO - Filling up the DagBag from /home/airflow/.local/lib/python3.12/site-packages/airflow/example_dags/example_kubernetes_executor.py
[2024-08-29T00:07:40.184+0000] {processor.py:925} INFO - DAG(s) 'example_kubernetes_executor' retrieved from /home/airflow/.local/lib/python3.12/site-packages/airflow/example_dags/example_kubernetes_executor.py
[2024-08-29T00:07:40.292+0000] {logging_mixin.py:190} INFO - [2024-08-29T00:07:40.291+0000] {dag.py:3211} INFO - Sync 1 DAGs
[2024-08-29T00:07:40.341+0000] {logging_mixin.py:190} INFO - [2024-08-29T00:07:40.340+0000] {dag.py:4138} INFO - Setting next_dagrun for example_kubernetes_executor to None, run_after=None
[2024-08-29T00:07:40.404+0000] {processor.py:208} INFO - Processing /home/airflow/.local/lib/python3.12/site-packages/airflow/example_dags/example_kubernetes_executor.py took 0.284 seconds
[2024-08-29T00:08:10.902+0000] {processor.py:186} INFO - Started process (PID=933) to work on /home/airflow/.local/lib/python3.12/site-packages/airflow/example_dags/example_kubernetes_executor.py
[2024-08-29T00:08:10.904+0000] {processor.py:914} INFO - Processing file /home/airflow/.local/lib/python3.12/site-packages/airflow/example_dags/example_kubernetes_executor.py for tasks to queue
[2024-08-29T00:08:10.909+0000] {logging_mixin.py:190} INFO - [2024-08-29T00:08:10.908+0000] {dagbag.py:587} INFO - Filling up the DagBag from /home/airflow/.local/lib/python3.12/site-packages/airflow/example_dags/example_kubernetes_executor.py
[2024-08-29T00:08:10.942+0000] {processor.py:925} INFO - DAG(s) 'example_kubernetes_executor' retrieved from /home/airflow/.local/lib/python3.12/site-packages/airflow/example_dags/example_kubernetes_executor.py
[2024-08-29T00:08:11.002+0000] {logging_mixin.py:190} INFO - [2024-08-29T00:08:11.002+0000] {dag.py:3211} INFO - Sync 1 DAGs
[2024-08-29T00:08:11.026+0000] {logging_mixin.py:190} INFO - [2024-08-29T00:08:11.026+0000] {dag.py:4138} INFO - Setting next_dagrun for example_kubernetes_executor to None, run_after=None
[2024-08-29T00:08:11.065+0000] {processor.py:208} INFO - Processing /home/airflow/.local/lib/python3.12/site-packages/airflow/example_dags/example_kubernetes_executor.py took 0.178 seconds
[2024-08-29T00:08:41.519+0000] {processor.py:186} INFO - Started process (PID=996) to work on /home/airflow/.local/lib/python3.12/site-packages/airflow/example_dags/example_kubernetes_executor.py
[2024-08-29T00:08:41.520+0000] {processor.py:914} INFO - Processing file /home/airflow/.local/lib/python3.12/site-packages/airflow/example_dags/example_kubernetes_executor.py for tasks to queue
[2024-08-29T00:08:41.523+0000] {logging_mixin.py:190} INFO - [2024-08-29T00:08:41.523+0000] {dagbag.py:587} INFO - Filling up the DagBag from /home/airflow/.local/lib/python3.12/site-packages/airflow/example_dags/example_kubernetes_executor.py
[2024-08-29T00:08:41.543+0000] {processor.py:925} INFO - DAG(s) 'example_kubernetes_executor' retrieved from /home/airflow/.local/lib/python3.12/site-packages/airflow/example_dags/example_kubernetes_executor.py
[2024-08-29T00:08:41.614+0000] {logging_mixin.py:190} INFO - [2024-08-29T00:08:41.613+0000] {dag.py:3211} INFO - Sync 1 DAGs
[2024-08-29T00:08:41.644+0000] {logging_mixin.py:190} INFO - [2024-08-29T00:08:41.644+0000] {dag.py:4138} INFO - Setting next_dagrun for example_kubernetes_executor to None, run_after=None
[2024-08-29T00:08:41.685+0000] {processor.py:208} INFO - Processing /home/airflow/.local/lib/python3.12/site-packages/airflow/example_dags/example_kubernetes_executor.py took 0.177 seconds
[2024-08-29T00:09:12.388+0000] {processor.py:186} INFO - Started process (PID=1059) to work on /home/airflow/.local/lib/python3.12/site-packages/airflow/example_dags/example_kubernetes_executor.py
[2024-08-29T00:09:12.389+0000] {processor.py:914} INFO - Processing file /home/airflow/.local/lib/python3.12/site-packages/airflow/example_dags/example_kubernetes_executor.py for tasks to queue
[2024-08-29T00:09:12.394+0000] {logging_mixin.py:190} INFO - [2024-08-29T00:09:12.393+0000] {dagbag.py:587} INFO - Filling up the DagBag from /home/airflow/.local/lib/python3.12/site-packages/airflow/example_dags/example_kubernetes_executor.py
[2024-08-29T00:09:12.417+0000] {processor.py:925} INFO - DAG(s) 'example_kubernetes_executor' retrieved from /home/airflow/.local/lib/python3.12/site-packages/airflow/example_dags/example_kubernetes_executor.py
[2024-08-29T00:09:12.481+0000] {logging_mixin.py:190} INFO - [2024-08-29T00:09:12.481+0000] {dag.py:3211} INFO - Sync 1 DAGs
[2024-08-29T00:09:12.506+0000] {logging_mixin.py:190} INFO - [2024-08-29T00:09:12.506+0000] {dag.py:4138} INFO - Setting next_dagrun for example_kubernetes_executor to None, run_after=None
[2024-08-29T00:09:12.536+0000] {processor.py:208} INFO - Processing /home/airflow/.local/lib/python3.12/site-packages/airflow/example_dags/example_kubernetes_executor.py took 0.159 seconds
[2024-08-29T00:09:44.651+0000] {processor.py:186} INFO - Started process (PID=1127) to work on /home/airflow/.local/lib/python3.12/site-packages/airflow/example_dags/example_kubernetes_executor.py
[2024-08-29T00:09:44.655+0000] {processor.py:914} INFO - Processing file /home/airflow/.local/lib/python3.12/site-packages/airflow/example_dags/example_kubernetes_executor.py for tasks to queue
[2024-08-29T00:09:44.665+0000] {logging_mixin.py:190} INFO - [2024-08-29T00:09:44.665+0000] {dagbag.py:587} INFO - Filling up the DagBag from /home/airflow/.local/lib/python3.12/site-packages/airflow/example_dags/example_kubernetes_executor.py
[2024-08-29T00:09:45.761+0000] {processor.py:925} INFO - DAG(s) 'example_kubernetes_executor' retrieved from /home/airflow/.local/lib/python3.12/site-packages/airflow/example_dags/example_kubernetes_executor.py
[2024-08-29T00:09:51.990+0000] {logging_mixin.py:190} INFO - [2024-08-29T00:09:51.990+0000] {dag.py:3211} INFO - Sync 1 DAGs
[2024-08-29T00:09:52.113+0000] {logging_mixin.py:190} INFO - [2024-08-29T00:09:52.113+0000] {dag.py:4138} INFO - Setting next_dagrun for example_kubernetes_executor to None, run_after=None
[2024-08-29T00:09:52.468+0000] {processor.py:208} INFO - Processing /home/airflow/.local/lib/python3.12/site-packages/airflow/example_dags/example_kubernetes_executor.py took 7.839 seconds
[2024-08-29T00:11:53.532+0000] {processor.py:186} INFO - Started process (PID=1224) to work on /home/airflow/.local/lib/python3.12/site-packages/airflow/example_dags/example_kubernetes_executor.py
[2024-08-29T00:11:53.535+0000] {processor.py:914} INFO - Processing file /home/airflow/.local/lib/python3.12/site-packages/airflow/example_dags/example_kubernetes_executor.py for tasks to queue
[2024-08-29T00:11:53.539+0000] {logging_mixin.py:190} INFO - [2024-08-29T00:11:53.539+0000] {dagbag.py:587} INFO - Filling up the DagBag from /home/airflow/.local/lib/python3.12/site-packages/airflow/example_dags/example_kubernetes_executor.py
[2024-08-29T00:11:53.581+0000] {processor.py:925} INFO - DAG(s) 'example_kubernetes_executor' retrieved from /home/airflow/.local/lib/python3.12/site-packages/airflow/example_dags/example_kubernetes_executor.py
[2024-08-29T00:11:53.710+0000] {logging_mixin.py:190} INFO - [2024-08-29T00:11:53.709+0000] {dag.py:3211} INFO - Sync 1 DAGs
[2024-08-29T00:11:53.750+0000] {logging_mixin.py:190} INFO - [2024-08-29T00:11:53.750+0000] {dag.py:4138} INFO - Setting next_dagrun for example_kubernetes_executor to None, run_after=None
[2024-08-29T00:11:53.803+0000] {processor.py:208} INFO - Processing /home/airflow/.local/lib/python3.12/site-packages/airflow/example_dags/example_kubernetes_executor.py took 0.285 seconds
[2024-08-29T00:13:55.885+0000] {processor.py:186} INFO - Started process (PID=1286) to work on /home/airflow/.local/lib/python3.12/site-packages/airflow/example_dags/example_kubernetes_executor.py
[2024-08-29T00:13:55.887+0000] {processor.py:914} INFO - Processing file /home/airflow/.local/lib/python3.12/site-packages/airflow/example_dags/example_kubernetes_executor.py for tasks to queue
[2024-08-29T00:13:55.892+0000] {logging_mixin.py:190} INFO - [2024-08-29T00:13:55.891+0000] {dagbag.py:587} INFO - Filling up the DagBag from /home/airflow/.local/lib/python3.12/site-packages/airflow/example_dags/example_kubernetes_executor.py
[2024-08-29T00:13:58.458+0000] {processor.py:925} INFO - DAG(s) 'example_kubernetes_executor' retrieved from /home/airflow/.local/lib/python3.12/site-packages/airflow/example_dags/example_kubernetes_executor.py
[2024-08-29T00:13:58.933+0000] {logging_mixin.py:190} INFO - [2024-08-29T00:13:58.920+0000] {dag.py:3211} INFO - Sync 1 DAGs
[2024-08-29T00:13:59.039+0000] {logging_mixin.py:190} INFO - [2024-08-29T00:13:59.037+0000] {dag.py:4138} INFO - Setting next_dagrun for example_kubernetes_executor to None, run_after=None
[2024-08-29T00:13:59.174+0000] {processor.py:208} INFO - Processing /home/airflow/.local/lib/python3.12/site-packages/airflow/example_dags/example_kubernetes_executor.py took 3.304 seconds
[2024-08-29T00:18:05.033+0000] {processor.py:186} INFO - Started process (PID=116) to work on /home/airflow/.local/lib/python3.12/site-packages/airflow/example_dags/example_kubernetes_executor.py
[2024-08-29T00:18:05.047+0000] {processor.py:914} INFO - Processing file /home/airflow/.local/lib/python3.12/site-packages/airflow/example_dags/example_kubernetes_executor.py for tasks to queue
[2024-08-29T00:18:05.059+0000] {logging_mixin.py:190} INFO - [2024-08-29T00:18:05.058+0000] {dagbag.py:587} INFO - Filling up the DagBag from /home/airflow/.local/lib/python3.12/site-packages/airflow/example_dags/example_kubernetes_executor.py
[2024-08-29T00:18:05.132+0000] {processor.py:925} INFO - DAG(s) 'example_kubernetes_executor' retrieved from /home/airflow/.local/lib/python3.12/site-packages/airflow/example_dags/example_kubernetes_executor.py
[2024-08-29T00:18:05.232+0000] {logging_mixin.py:190} INFO - [2024-08-29T00:18:05.231+0000] {dag.py:3211} INFO - Sync 1 DAGs
[2024-08-29T00:18:05.267+0000] {logging_mixin.py:190} INFO - [2024-08-29T00:18:05.266+0000] {dag.py:4138} INFO - Setting next_dagrun for example_kubernetes_executor to None, run_after=None
[2024-08-29T00:18:05.410+0000] {processor.py:208} INFO - Processing /home/airflow/.local/lib/python3.12/site-packages/airflow/example_dags/example_kubernetes_executor.py took 0.395 seconds
[2024-08-29T00:18:38.035+0000] {processor.py:186} INFO - Started process (PID=179) to work on /home/airflow/.local/lib/python3.12/site-packages/airflow/example_dags/example_kubernetes_executor.py
[2024-08-29T00:18:38.055+0000] {processor.py:914} INFO - Processing file /home/airflow/.local/lib/python3.12/site-packages/airflow/example_dags/example_kubernetes_executor.py for tasks to queue
[2024-08-29T00:18:38.117+0000] {logging_mixin.py:190} INFO - [2024-08-29T00:18:38.116+0000] {dagbag.py:587} INFO - Filling up the DagBag from /home/airflow/.local/lib/python3.12/site-packages/airflow/example_dags/example_kubernetes_executor.py
[2024-08-29T00:18:38.274+0000] {processor.py:925} INFO - DAG(s) 'example_kubernetes_executor' retrieved from /home/airflow/.local/lib/python3.12/site-packages/airflow/example_dags/example_kubernetes_executor.py
[2024-08-29T00:18:38.904+0000] {logging_mixin.py:190} INFO - [2024-08-29T00:18:38.903+0000] {dag.py:3211} INFO - Sync 1 DAGs
[2024-08-29T00:18:39.022+0000] {logging_mixin.py:190} INFO - [2024-08-29T00:18:39.010+0000] {dag.py:4138} INFO - Setting next_dagrun for example_kubernetes_executor to None, run_after=None
[2024-08-29T00:18:39.203+0000] {processor.py:208} INFO - Processing /home/airflow/.local/lib/python3.12/site-packages/airflow/example_dags/example_kubernetes_executor.py took 1.227 seconds
[2024-08-29T00:19:09.475+0000] {processor.py:186} INFO - Started process (PID=246) to work on /home/airflow/.local/lib/python3.12/site-packages/airflow/example_dags/example_kubernetes_executor.py
[2024-08-29T00:19:09.477+0000] {processor.py:914} INFO - Processing file /home/airflow/.local/lib/python3.12/site-packages/airflow/example_dags/example_kubernetes_executor.py for tasks to queue
[2024-08-29T00:19:09.480+0000] {logging_mixin.py:190} INFO - [2024-08-29T00:19:09.479+0000] {dagbag.py:587} INFO - Filling up the DagBag from /home/airflow/.local/lib/python3.12/site-packages/airflow/example_dags/example_kubernetes_executor.py
[2024-08-29T00:19:09.616+0000] {processor.py:925} INFO - DAG(s) 'example_kubernetes_executor' retrieved from /home/airflow/.local/lib/python3.12/site-packages/airflow/example_dags/example_kubernetes_executor.py
[2024-08-29T00:19:09.733+0000] {logging_mixin.py:190} INFO - [2024-08-29T00:19:09.733+0000] {dag.py:3211} INFO - Sync 1 DAGs
[2024-08-29T00:19:09.776+0000] {logging_mixin.py:190} INFO - [2024-08-29T00:19:09.776+0000] {dag.py:4138} INFO - Setting next_dagrun for example_kubernetes_executor to None, run_after=None
[2024-08-29T00:19:09.816+0000] {processor.py:208} INFO - Processing /home/airflow/.local/lib/python3.12/site-packages/airflow/example_dags/example_kubernetes_executor.py took 0.349 seconds
[2024-08-29T00:19:40.058+0000] {processor.py:186} INFO - Started process (PID=309) to work on /home/airflow/.local/lib/python3.12/site-packages/airflow/example_dags/example_kubernetes_executor.py
[2024-08-29T00:19:40.060+0000] {processor.py:914} INFO - Processing file /home/airflow/.local/lib/python3.12/site-packages/airflow/example_dags/example_kubernetes_executor.py for tasks to queue
[2024-08-29T00:19:40.064+0000] {logging_mixin.py:190} INFO - [2024-08-29T00:19:40.063+0000] {dagbag.py:587} INFO - Filling up the DagBag from /home/airflow/.local/lib/python3.12/site-packages/airflow/example_dags/example_kubernetes_executor.py
[2024-08-29T00:19:40.088+0000] {processor.py:925} INFO - DAG(s) 'example_kubernetes_executor' retrieved from /home/airflow/.local/lib/python3.12/site-packages/airflow/example_dags/example_kubernetes_executor.py
[2024-08-29T00:19:40.160+0000] {logging_mixin.py:190} INFO - [2024-08-29T00:19:40.159+0000] {dag.py:3211} INFO - Sync 1 DAGs
[2024-08-29T00:19:40.188+0000] {logging_mixin.py:190} INFO - [2024-08-29T00:19:40.188+0000] {dag.py:4138} INFO - Setting next_dagrun for example_kubernetes_executor to None, run_after=None
[2024-08-29T00:19:40.221+0000] {processor.py:208} INFO - Processing /home/airflow/.local/lib/python3.12/site-packages/airflow/example_dags/example_kubernetes_executor.py took 0.172 seconds
[2024-08-29T00:20:11.166+0000] {processor.py:186} INFO - Started process (PID=371) to work on /home/airflow/.local/lib/python3.12/site-packages/airflow/example_dags/example_kubernetes_executor.py
[2024-08-29T00:20:11.168+0000] {processor.py:914} INFO - Processing file /home/airflow/.local/lib/python3.12/site-packages/airflow/example_dags/example_kubernetes_executor.py for tasks to queue
[2024-08-29T00:20:11.171+0000] {logging_mixin.py:190} INFO - [2024-08-29T00:20:11.171+0000] {dagbag.py:587} INFO - Filling up the DagBag from /home/airflow/.local/lib/python3.12/site-packages/airflow/example_dags/example_kubernetes_executor.py
[2024-08-29T00:20:11.192+0000] {processor.py:925} INFO - DAG(s) 'example_kubernetes_executor' retrieved from /home/airflow/.local/lib/python3.12/site-packages/airflow/example_dags/example_kubernetes_executor.py
[2024-08-29T00:20:11.260+0000] {logging_mixin.py:190} INFO - [2024-08-29T00:20:11.259+0000] {dag.py:3211} INFO - Sync 1 DAGs
[2024-08-29T00:20:11.289+0000] {logging_mixin.py:190} INFO - [2024-08-29T00:20:11.288+0000] {dag.py:4138} INFO - Setting next_dagrun for example_kubernetes_executor to None, run_after=None
[2024-08-29T00:20:11.330+0000] {processor.py:208} INFO - Processing /home/airflow/.local/lib/python3.12/site-packages/airflow/example_dags/example_kubernetes_executor.py took 0.174 seconds
[2024-08-29T00:20:41.659+0000] {processor.py:186} INFO - Started process (PID=433) to work on /home/airflow/.local/lib/python3.12/site-packages/airflow/example_dags/example_kubernetes_executor.py
[2024-08-29T00:20:41.661+0000] {processor.py:914} INFO - Processing file /home/airflow/.local/lib/python3.12/site-packages/airflow/example_dags/example_kubernetes_executor.py for tasks to queue
[2024-08-29T00:20:41.666+0000] {logging_mixin.py:190} INFO - [2024-08-29T00:20:41.665+0000] {dagbag.py:587} INFO - Filling up the DagBag from /home/airflow/.local/lib/python3.12/site-packages/airflow/example_dags/example_kubernetes_executor.py
[2024-08-29T00:20:41.850+0000] {processor.py:925} INFO - DAG(s) 'example_kubernetes_executor' retrieved from /home/airflow/.local/lib/python3.12/site-packages/airflow/example_dags/example_kubernetes_executor.py
[2024-08-29T00:20:42.028+0000] {logging_mixin.py:190} INFO - [2024-08-29T00:20:42.028+0000] {dag.py:3211} INFO - Sync 1 DAGs
[2024-08-29T00:20:42.072+0000] {logging_mixin.py:190} INFO - [2024-08-29T00:20:42.071+0000] {dag.py:4138} INFO - Setting next_dagrun for example_kubernetes_executor to None, run_after=None
[2024-08-29T00:20:42.121+0000] {processor.py:208} INFO - Processing /home/airflow/.local/lib/python3.12/site-packages/airflow/example_dags/example_kubernetes_executor.py took 0.496 seconds
[2024-08-29T00:21:12.673+0000] {processor.py:186} INFO - Started process (PID=496) to work on /home/airflow/.local/lib/python3.12/site-packages/airflow/example_dags/example_kubernetes_executor.py
[2024-08-29T00:21:12.674+0000] {processor.py:914} INFO - Processing file /home/airflow/.local/lib/python3.12/site-packages/airflow/example_dags/example_kubernetes_executor.py for tasks to queue
[2024-08-29T00:21:12.678+0000] {logging_mixin.py:190} INFO - [2024-08-29T00:21:12.677+0000] {dagbag.py:587} INFO - Filling up the DagBag from /home/airflow/.local/lib/python3.12/site-packages/airflow/example_dags/example_kubernetes_executor.py
[2024-08-29T00:21:12.705+0000] {processor.py:925} INFO - DAG(s) 'example_kubernetes_executor' retrieved from /home/airflow/.local/lib/python3.12/site-packages/airflow/example_dags/example_kubernetes_executor.py
[2024-08-29T00:21:12.775+0000] {logging_mixin.py:190} INFO - [2024-08-29T00:21:12.775+0000] {dag.py:3211} INFO - Sync 1 DAGs
[2024-08-29T00:21:12.795+0000] {logging_mixin.py:190} INFO - [2024-08-29T00:21:12.795+0000] {dag.py:4138} INFO - Setting next_dagrun for example_kubernetes_executor to None, run_after=None
[2024-08-29T00:21:12.828+0000] {processor.py:208} INFO - Processing /home/airflow/.local/lib/python3.12/site-packages/airflow/example_dags/example_kubernetes_executor.py took 0.163 seconds
[2024-08-29T00:21:43.031+0000] {processor.py:186} INFO - Started process (PID=559) to work on /home/airflow/.local/lib/python3.12/site-packages/airflow/example_dags/example_kubernetes_executor.py
[2024-08-29T00:21:43.033+0000] {processor.py:914} INFO - Processing file /home/airflow/.local/lib/python3.12/site-packages/airflow/example_dags/example_kubernetes_executor.py for tasks to queue
[2024-08-29T00:21:43.036+0000] {logging_mixin.py:190} INFO - [2024-08-29T00:21:43.036+0000] {dagbag.py:587} INFO - Filling up the DagBag from /home/airflow/.local/lib/python3.12/site-packages/airflow/example_dags/example_kubernetes_executor.py
[2024-08-29T00:21:43.058+0000] {processor.py:925} INFO - DAG(s) 'example_kubernetes_executor' retrieved from /home/airflow/.local/lib/python3.12/site-packages/airflow/example_dags/example_kubernetes_executor.py
[2024-08-29T00:21:43.114+0000] {logging_mixin.py:190} INFO - [2024-08-29T00:21:43.114+0000] {dag.py:3211} INFO - Sync 1 DAGs
[2024-08-29T00:21:43.134+0000] {logging_mixin.py:190} INFO - [2024-08-29T00:21:43.134+0000] {dag.py:4138} INFO - Setting next_dagrun for example_kubernetes_executor to None, run_after=None
[2024-08-29T00:21:43.179+0000] {processor.py:208} INFO - Processing /home/airflow/.local/lib/python3.12/site-packages/airflow/example_dags/example_kubernetes_executor.py took 0.156 seconds
[2024-08-29T00:22:13.772+0000] {processor.py:186} INFO - Started process (PID=622) to work on /home/airflow/.local/lib/python3.12/site-packages/airflow/example_dags/example_kubernetes_executor.py
[2024-08-29T00:22:13.773+0000] {processor.py:914} INFO - Processing file /home/airflow/.local/lib/python3.12/site-packages/airflow/example_dags/example_kubernetes_executor.py for tasks to queue
[2024-08-29T00:22:13.777+0000] {logging_mixin.py:190} INFO - [2024-08-29T00:22:13.776+0000] {dagbag.py:587} INFO - Filling up the DagBag from /home/airflow/.local/lib/python3.12/site-packages/airflow/example_dags/example_kubernetes_executor.py
[2024-08-29T00:22:13.799+0000] {processor.py:925} INFO - DAG(s) 'example_kubernetes_executor' retrieved from /home/airflow/.local/lib/python3.12/site-packages/airflow/example_dags/example_kubernetes_executor.py
[2024-08-29T00:22:13.862+0000] {logging_mixin.py:190} INFO - [2024-08-29T00:22:13.861+0000] {dag.py:3211} INFO - Sync 1 DAGs
[2024-08-29T00:22:13.884+0000] {logging_mixin.py:190} INFO - [2024-08-29T00:22:13.884+0000] {dag.py:4138} INFO - Setting next_dagrun for example_kubernetes_executor to None, run_after=None
[2024-08-29T00:22:13.914+0000] {processor.py:208} INFO - Processing /home/airflow/.local/lib/python3.12/site-packages/airflow/example_dags/example_kubernetes_executor.py took 0.151 seconds
[2024-08-29T00:22:44.057+0000] {processor.py:186} INFO - Started process (PID=686) to work on /home/airflow/.local/lib/python3.12/site-packages/airflow/example_dags/example_kubernetes_executor.py
[2024-08-29T00:22:44.059+0000] {processor.py:914} INFO - Processing file /home/airflow/.local/lib/python3.12/site-packages/airflow/example_dags/example_kubernetes_executor.py for tasks to queue
[2024-08-29T00:22:44.063+0000] {logging_mixin.py:190} INFO - [2024-08-29T00:22:44.062+0000] {dagbag.py:587} INFO - Filling up the DagBag from /home/airflow/.local/lib/python3.12/site-packages/airflow/example_dags/example_kubernetes_executor.py
[2024-08-29T00:22:44.085+0000] {processor.py:925} INFO - DAG(s) 'example_kubernetes_executor' retrieved from /home/airflow/.local/lib/python3.12/site-packages/airflow/example_dags/example_kubernetes_executor.py
[2024-08-29T00:22:44.134+0000] {logging_mixin.py:190} INFO - [2024-08-29T00:22:44.134+0000] {dag.py:3211} INFO - Sync 1 DAGs
[2024-08-29T00:22:44.156+0000] {logging_mixin.py:190} INFO - [2024-08-29T00:22:44.155+0000] {dag.py:4138} INFO - Setting next_dagrun for example_kubernetes_executor to None, run_after=None
[2024-08-29T00:22:44.222+0000] {processor.py:208} INFO - Processing /home/airflow/.local/lib/python3.12/site-packages/airflow/example_dags/example_kubernetes_executor.py took 0.176 seconds
[2024-08-29T00:23:14.826+0000] {processor.py:186} INFO - Started process (PID=748) to work on /home/airflow/.local/lib/python3.12/site-packages/airflow/example_dags/example_kubernetes_executor.py
[2024-08-29T00:23:14.828+0000] {processor.py:914} INFO - Processing file /home/airflow/.local/lib/python3.12/site-packages/airflow/example_dags/example_kubernetes_executor.py for tasks to queue
[2024-08-29T00:23:14.831+0000] {logging_mixin.py:190} INFO - [2024-08-29T00:23:14.831+0000] {dagbag.py:587} INFO - Filling up the DagBag from /home/airflow/.local/lib/python3.12/site-packages/airflow/example_dags/example_kubernetes_executor.py
[2024-08-29T00:23:14.851+0000] {processor.py:925} INFO - DAG(s) 'example_kubernetes_executor' retrieved from /home/airflow/.local/lib/python3.12/site-packages/airflow/example_dags/example_kubernetes_executor.py
[2024-08-29T00:23:14.907+0000] {logging_mixin.py:190} INFO - [2024-08-29T00:23:14.907+0000] {dag.py:3211} INFO - Sync 1 DAGs
[2024-08-29T00:23:14.928+0000] {logging_mixin.py:190} INFO - [2024-08-29T00:23:14.928+0000] {dag.py:4138} INFO - Setting next_dagrun for example_kubernetes_executor to None, run_after=None
[2024-08-29T00:23:14.966+0000] {processor.py:208} INFO - Processing /home/airflow/.local/lib/python3.12/site-packages/airflow/example_dags/example_kubernetes_executor.py took 0.147 seconds
[2024-08-29T00:23:47.384+0000] {processor.py:186} INFO - Started process (PID=811) to work on /home/airflow/.local/lib/python3.12/site-packages/airflow/example_dags/example_kubernetes_executor.py
[2024-08-29T00:23:47.386+0000] {processor.py:914} INFO - Processing file /home/airflow/.local/lib/python3.12/site-packages/airflow/example_dags/example_kubernetes_executor.py for tasks to queue
[2024-08-29T00:23:47.390+0000] {logging_mixin.py:190} INFO - [2024-08-29T00:23:47.390+0000] {dagbag.py:587} INFO - Filling up the DagBag from /home/airflow/.local/lib/python3.12/site-packages/airflow/example_dags/example_kubernetes_executor.py
[2024-08-29T00:23:47.422+0000] {processor.py:925} INFO - DAG(s) 'example_kubernetes_executor' retrieved from /home/airflow/.local/lib/python3.12/site-packages/airflow/example_dags/example_kubernetes_executor.py
[2024-08-29T00:23:47.510+0000] {logging_mixin.py:190} INFO - [2024-08-29T00:23:47.509+0000] {dag.py:3211} INFO - Sync 1 DAGs
[2024-08-29T00:23:47.554+0000] {logging_mixin.py:190} INFO - [2024-08-29T00:23:47.553+0000] {dag.py:4138} INFO - Setting next_dagrun for example_kubernetes_executor to None, run_after=None
[2024-08-29T00:23:47.594+0000] {processor.py:208} INFO - Processing /home/airflow/.local/lib/python3.12/site-packages/airflow/example_dags/example_kubernetes_executor.py took 0.220 seconds
[2024-08-29T00:24:18.363+0000] {processor.py:186} INFO - Started process (PID=874) to work on /home/airflow/.local/lib/python3.12/site-packages/airflow/example_dags/example_kubernetes_executor.py
[2024-08-29T00:24:18.364+0000] {processor.py:914} INFO - Processing file /home/airflow/.local/lib/python3.12/site-packages/airflow/example_dags/example_kubernetes_executor.py for tasks to queue
[2024-08-29T00:24:18.369+0000] {logging_mixin.py:190} INFO - [2024-08-29T00:24:18.368+0000] {dagbag.py:587} INFO - Filling up the DagBag from /home/airflow/.local/lib/python3.12/site-packages/airflow/example_dags/example_kubernetes_executor.py
[2024-08-29T00:24:18.405+0000] {processor.py:925} INFO - DAG(s) 'example_kubernetes_executor' retrieved from /home/airflow/.local/lib/python3.12/site-packages/airflow/example_dags/example_kubernetes_executor.py
[2024-08-29T00:24:18.481+0000] {logging_mixin.py:190} INFO - [2024-08-29T00:24:18.480+0000] {dag.py:3211} INFO - Sync 1 DAGs
[2024-08-29T00:24:18.511+0000] {logging_mixin.py:190} INFO - [2024-08-29T00:24:18.511+0000] {dag.py:4138} INFO - Setting next_dagrun for example_kubernetes_executor to None, run_after=None
[2024-08-29T00:24:18.548+0000] {processor.py:208} INFO - Processing /home/airflow/.local/lib/python3.12/site-packages/airflow/example_dags/example_kubernetes_executor.py took 0.198 seconds
[2024-08-29T00:24:49.121+0000] {processor.py:186} INFO - Started process (PID=937) to work on /home/airflow/.local/lib/python3.12/site-packages/airflow/example_dags/example_kubernetes_executor.py
[2024-08-29T00:24:49.122+0000] {processor.py:914} INFO - Processing file /home/airflow/.local/lib/python3.12/site-packages/airflow/example_dags/example_kubernetes_executor.py for tasks to queue
[2024-08-29T00:24:49.126+0000] {logging_mixin.py:190} INFO - [2024-08-29T00:24:49.125+0000] {dagbag.py:587} INFO - Filling up the DagBag from /home/airflow/.local/lib/python3.12/site-packages/airflow/example_dags/example_kubernetes_executor.py
[2024-08-29T00:24:49.151+0000] {processor.py:925} INFO - DAG(s) 'example_kubernetes_executor' retrieved from /home/airflow/.local/lib/python3.12/site-packages/airflow/example_dags/example_kubernetes_executor.py
[2024-08-29T00:24:49.213+0000] {logging_mixin.py:190} INFO - [2024-08-29T00:24:49.213+0000] {dag.py:3211} INFO - Sync 1 DAGs
[2024-08-29T00:24:49.244+0000] {logging_mixin.py:190} INFO - [2024-08-29T00:24:49.244+0000] {dag.py:4138} INFO - Setting next_dagrun for example_kubernetes_executor to None, run_after=None
[2024-08-29T00:24:49.289+0000] {processor.py:208} INFO - Processing /home/airflow/.local/lib/python3.12/site-packages/airflow/example_dags/example_kubernetes_executor.py took 0.179 seconds
[2024-08-29T00:25:20.513+0000] {processor.py:186} INFO - Started process (PID=1001) to work on /home/airflow/.local/lib/python3.12/site-packages/airflow/example_dags/example_kubernetes_executor.py
[2024-08-29T00:25:20.517+0000] {processor.py:914} INFO - Processing file /home/airflow/.local/lib/python3.12/site-packages/airflow/example_dags/example_kubernetes_executor.py for tasks to queue
[2024-08-29T00:25:20.526+0000] {logging_mixin.py:190} INFO - [2024-08-29T00:25:20.522+0000] {dagbag.py:587} INFO - Filling up the DagBag from /home/airflow/.local/lib/python3.12/site-packages/airflow/example_dags/example_kubernetes_executor.py
[2024-08-29T00:25:20.584+0000] {processor.py:925} INFO - DAG(s) 'example_kubernetes_executor' retrieved from /home/airflow/.local/lib/python3.12/site-packages/airflow/example_dags/example_kubernetes_executor.py
[2024-08-29T00:25:20.685+0000] {logging_mixin.py:190} INFO - [2024-08-29T00:25:20.684+0000] {dag.py:3211} INFO - Sync 1 DAGs
[2024-08-29T00:25:20.739+0000] {logging_mixin.py:190} INFO - [2024-08-29T00:25:20.739+0000] {dag.py:4138} INFO - Setting next_dagrun for example_kubernetes_executor to None, run_after=None
[2024-08-29T00:25:20.841+0000] {processor.py:208} INFO - Processing /home/airflow/.local/lib/python3.12/site-packages/airflow/example_dags/example_kubernetes_executor.py took 0.346 seconds
[2024-08-29T00:25:53.735+0000] {processor.py:186} INFO - Started process (PID=1064) to work on /home/airflow/.local/lib/python3.12/site-packages/airflow/example_dags/example_kubernetes_executor.py
[2024-08-29T00:25:53.740+0000] {processor.py:914} INFO - Processing file /home/airflow/.local/lib/python3.12/site-packages/airflow/example_dags/example_kubernetes_executor.py for tasks to queue
[2024-08-29T00:25:53.745+0000] {logging_mixin.py:190} INFO - [2024-08-29T00:25:53.744+0000] {dagbag.py:587} INFO - Filling up the DagBag from /home/airflow/.local/lib/python3.12/site-packages/airflow/example_dags/example_kubernetes_executor.py
[2024-08-29T00:25:53.778+0000] {processor.py:925} INFO - DAG(s) 'example_kubernetes_executor' retrieved from /home/airflow/.local/lib/python3.12/site-packages/airflow/example_dags/example_kubernetes_executor.py
[2024-08-29T00:25:53.877+0000] {logging_mixin.py:190} INFO - [2024-08-29T00:25:53.877+0000] {dag.py:3211} INFO - Sync 1 DAGs
[2024-08-29T00:25:53.913+0000] {logging_mixin.py:190} INFO - [2024-08-29T00:25:53.912+0000] {dag.py:4138} INFO - Setting next_dagrun for example_kubernetes_executor to None, run_after=None
[2024-08-29T00:25:53.949+0000] {processor.py:208} INFO - Processing /home/airflow/.local/lib/python3.12/site-packages/airflow/example_dags/example_kubernetes_executor.py took 0.224 seconds
[2024-08-29T00:26:24.506+0000] {processor.py:186} INFO - Started process (PID=1127) to work on /home/airflow/.local/lib/python3.12/site-packages/airflow/example_dags/example_kubernetes_executor.py
[2024-08-29T00:26:24.508+0000] {processor.py:914} INFO - Processing file /home/airflow/.local/lib/python3.12/site-packages/airflow/example_dags/example_kubernetes_executor.py for tasks to queue
[2024-08-29T00:26:24.511+0000] {logging_mixin.py:190} INFO - [2024-08-29T00:26:24.511+0000] {dagbag.py:587} INFO - Filling up the DagBag from /home/airflow/.local/lib/python3.12/site-packages/airflow/example_dags/example_kubernetes_executor.py
[2024-08-29T00:26:24.544+0000] {processor.py:925} INFO - DAG(s) 'example_kubernetes_executor' retrieved from /home/airflow/.local/lib/python3.12/site-packages/airflow/example_dags/example_kubernetes_executor.py
[2024-08-29T00:26:24.641+0000] {logging_mixin.py:190} INFO - [2024-08-29T00:26:24.641+0000] {dag.py:3211} INFO - Sync 1 DAGs
[2024-08-29T00:26:24.666+0000] {logging_mixin.py:190} INFO - [2024-08-29T00:26:24.666+0000] {dag.py:4138} INFO - Setting next_dagrun for example_kubernetes_executor to None, run_after=None
[2024-08-29T00:26:24.696+0000] {processor.py:208} INFO - Processing /home/airflow/.local/lib/python3.12/site-packages/airflow/example_dags/example_kubernetes_executor.py took 0.198 seconds
[2024-08-29T00:26:55.731+0000] {processor.py:186} INFO - Started process (PID=1191) to work on /home/airflow/.local/lib/python3.12/site-packages/airflow/example_dags/example_kubernetes_executor.py
[2024-08-29T00:26:55.733+0000] {processor.py:914} INFO - Processing file /home/airflow/.local/lib/python3.12/site-packages/airflow/example_dags/example_kubernetes_executor.py for tasks to queue
[2024-08-29T00:26:55.737+0000] {logging_mixin.py:190} INFO - [2024-08-29T00:26:55.737+0000] {dagbag.py:587} INFO - Filling up the DagBag from /home/airflow/.local/lib/python3.12/site-packages/airflow/example_dags/example_kubernetes_executor.py
[2024-08-29T00:26:55.762+0000] {processor.py:925} INFO - DAG(s) 'example_kubernetes_executor' retrieved from /home/airflow/.local/lib/python3.12/site-packages/airflow/example_dags/example_kubernetes_executor.py
[2024-08-29T00:26:55.818+0000] {logging_mixin.py:190} INFO - [2024-08-29T00:26:55.818+0000] {dag.py:3211} INFO - Sync 1 DAGs
[2024-08-29T00:26:55.844+0000] {logging_mixin.py:190} INFO - [2024-08-29T00:26:55.844+0000] {dag.py:4138} INFO - Setting next_dagrun for example_kubernetes_executor to None, run_after=None
[2024-08-29T00:26:55.887+0000] {processor.py:208} INFO - Processing /home/airflow/.local/lib/python3.12/site-packages/airflow/example_dags/example_kubernetes_executor.py took 0.165 seconds
[2024-08-29T00:27:26.180+0000] {processor.py:186} INFO - Started process (PID=1254) to work on /home/airflow/.local/lib/python3.12/site-packages/airflow/example_dags/example_kubernetes_executor.py
[2024-08-29T00:27:26.181+0000] {processor.py:914} INFO - Processing file /home/airflow/.local/lib/python3.12/site-packages/airflow/example_dags/example_kubernetes_executor.py for tasks to queue
[2024-08-29T00:27:26.186+0000] {logging_mixin.py:190} INFO - [2024-08-29T00:27:26.185+0000] {dagbag.py:587} INFO - Filling up the DagBag from /home/airflow/.local/lib/python3.12/site-packages/airflow/example_dags/example_kubernetes_executor.py
[2024-08-29T00:27:26.217+0000] {processor.py:925} INFO - DAG(s) 'example_kubernetes_executor' retrieved from /home/airflow/.local/lib/python3.12/site-packages/airflow/example_dags/example_kubernetes_executor.py
[2024-08-29T00:27:26.444+0000] {logging_mixin.py:190} INFO - [2024-08-29T00:27:26.443+0000] {dag.py:3211} INFO - Sync 1 DAGs
[2024-08-29T00:27:26.681+0000] {logging_mixin.py:190} INFO - [2024-08-29T00:27:26.680+0000] {dag.py:4138} INFO - Setting next_dagrun for example_kubernetes_executor to None, run_after=None
[2024-08-29T00:27:26.820+0000] {processor.py:208} INFO - Processing /home/airflow/.local/lib/python3.12/site-packages/airflow/example_dags/example_kubernetes_executor.py took 0.652 seconds
[2024-08-29T00:27:57.338+0000] {processor.py:186} INFO - Started process (PID=1317) to work on /home/airflow/.local/lib/python3.12/site-packages/airflow/example_dags/example_kubernetes_executor.py
[2024-08-29T00:27:57.340+0000] {processor.py:914} INFO - Processing file /home/airflow/.local/lib/python3.12/site-packages/airflow/example_dags/example_kubernetes_executor.py for tasks to queue
[2024-08-29T00:27:57.344+0000] {logging_mixin.py:190} INFO - [2024-08-29T00:27:57.344+0000] {dagbag.py:587} INFO - Filling up the DagBag from /home/airflow/.local/lib/python3.12/site-packages/airflow/example_dags/example_kubernetes_executor.py
[2024-08-29T00:27:57.376+0000] {processor.py:925} INFO - DAG(s) 'example_kubernetes_executor' retrieved from /home/airflow/.local/lib/python3.12/site-packages/airflow/example_dags/example_kubernetes_executor.py
[2024-08-29T00:27:57.455+0000] {logging_mixin.py:190} INFO - [2024-08-29T00:27:57.454+0000] {dag.py:3211} INFO - Sync 1 DAGs
[2024-08-29T00:27:57.488+0000] {logging_mixin.py:190} INFO - [2024-08-29T00:27:57.488+0000] {dag.py:4138} INFO - Setting next_dagrun for example_kubernetes_executor to None, run_after=None
[2024-08-29T00:27:57.530+0000] {processor.py:208} INFO - Processing /home/airflow/.local/lib/python3.12/site-packages/airflow/example_dags/example_kubernetes_executor.py took 0.209 seconds
[2024-08-29T00:28:27.951+0000] {processor.py:186} INFO - Started process (PID=1379) to work on /home/airflow/.local/lib/python3.12/site-packages/airflow/example_dags/example_kubernetes_executor.py
[2024-08-29T00:28:27.953+0000] {processor.py:914} INFO - Processing file /home/airflow/.local/lib/python3.12/site-packages/airflow/example_dags/example_kubernetes_executor.py for tasks to queue
[2024-08-29T00:28:27.957+0000] {logging_mixin.py:190} INFO - [2024-08-29T00:28:27.957+0000] {dagbag.py:587} INFO - Filling up the DagBag from /home/airflow/.local/lib/python3.12/site-packages/airflow/example_dags/example_kubernetes_executor.py
[2024-08-29T00:28:27.983+0000] {processor.py:925} INFO - DAG(s) 'example_kubernetes_executor' retrieved from /home/airflow/.local/lib/python3.12/site-packages/airflow/example_dags/example_kubernetes_executor.py
[2024-08-29T00:28:28.042+0000] {logging_mixin.py:190} INFO - [2024-08-29T00:28:28.041+0000] {dag.py:3211} INFO - Sync 1 DAGs
[2024-08-29T00:28:28.070+0000] {logging_mixin.py:190} INFO - [2024-08-29T00:28:28.070+0000] {dag.py:4138} INFO - Setting next_dagrun for example_kubernetes_executor to None, run_after=None
[2024-08-29T00:28:28.102+0000] {processor.py:208} INFO - Processing /home/airflow/.local/lib/python3.12/site-packages/airflow/example_dags/example_kubernetes_executor.py took 0.162 seconds
[2024-08-29T00:28:58.779+0000] {processor.py:186} INFO - Started process (PID=1449) to work on /home/airflow/.local/lib/python3.12/site-packages/airflow/example_dags/example_kubernetes_executor.py
[2024-08-29T00:28:58.781+0000] {processor.py:914} INFO - Processing file /home/airflow/.local/lib/python3.12/site-packages/airflow/example_dags/example_kubernetes_executor.py for tasks to queue
[2024-08-29T00:28:58.785+0000] {logging_mixin.py:190} INFO - [2024-08-29T00:28:58.785+0000] {dagbag.py:587} INFO - Filling up the DagBag from /home/airflow/.local/lib/python3.12/site-packages/airflow/example_dags/example_kubernetes_executor.py
[2024-08-29T00:28:58.807+0000] {processor.py:925} INFO - DAG(s) 'example_kubernetes_executor' retrieved from /home/airflow/.local/lib/python3.12/site-packages/airflow/example_dags/example_kubernetes_executor.py
[2024-08-29T00:28:58.893+0000] {logging_mixin.py:190} INFO - [2024-08-29T00:28:58.892+0000] {dag.py:3211} INFO - Sync 1 DAGs
[2024-08-29T00:28:58.915+0000] {logging_mixin.py:190} INFO - [2024-08-29T00:28:58.914+0000] {dag.py:4138} INFO - Setting next_dagrun for example_kubernetes_executor to None, run_after=None
[2024-08-29T00:28:58.943+0000] {processor.py:208} INFO - Processing /home/airflow/.local/lib/python3.12/site-packages/airflow/example_dags/example_kubernetes_executor.py took 0.172 seconds
[2024-08-29T00:33:09.032+0000] {processor.py:186} INFO - Started process (PID=114) to work on /home/airflow/.local/lib/python3.12/site-packages/airflow/example_dags/example_kubernetes_executor.py
[2024-08-29T00:33:09.036+0000] {processor.py:914} INFO - Processing file /home/airflow/.local/lib/python3.12/site-packages/airflow/example_dags/example_kubernetes_executor.py for tasks to queue
[2024-08-29T00:33:09.055+0000] {logging_mixin.py:190} INFO - [2024-08-29T00:33:09.046+0000] {dagbag.py:587} INFO - Filling up the DagBag from /home/airflow/.local/lib/python3.12/site-packages/airflow/example_dags/example_kubernetes_executor.py
[2024-08-29T00:33:09.280+0000] {processor.py:925} INFO - DAG(s) 'example_kubernetes_executor' retrieved from /home/airflow/.local/lib/python3.12/site-packages/airflow/example_dags/example_kubernetes_executor.py
[2024-08-29T00:33:09.579+0000] {logging_mixin.py:190} INFO - [2024-08-29T00:33:09.579+0000] {dag.py:3211} INFO - Sync 1 DAGs
[2024-08-29T00:33:09.752+0000] {logging_mixin.py:190} INFO - [2024-08-29T00:33:09.752+0000] {dag.py:4138} INFO - Setting next_dagrun for example_kubernetes_executor to None, run_after=None
[2024-08-29T00:33:09.946+0000] {processor.py:208} INFO - Processing /home/airflow/.local/lib/python3.12/site-packages/airflow/example_dags/example_kubernetes_executor.py took 0.930 seconds
[2024-08-29T00:33:44.196+0000] {processor.py:186} INFO - Started process (PID=177) to work on /home/airflow/.local/lib/python3.12/site-packages/airflow/example_dags/example_kubernetes_executor.py
[2024-08-29T00:33:44.204+0000] {processor.py:914} INFO - Processing file /home/airflow/.local/lib/python3.12/site-packages/airflow/example_dags/example_kubernetes_executor.py for tasks to queue
[2024-08-29T00:33:44.212+0000] {logging_mixin.py:190} INFO - [2024-08-29T00:33:44.211+0000] {dagbag.py:587} INFO - Filling up the DagBag from /home/airflow/.local/lib/python3.12/site-packages/airflow/example_dags/example_kubernetes_executor.py
[2024-08-29T00:33:44.318+0000] {processor.py:925} INFO - DAG(s) 'example_kubernetes_executor' retrieved from /home/airflow/.local/lib/python3.12/site-packages/airflow/example_dags/example_kubernetes_executor.py
[2024-08-29T00:33:44.501+0000] {logging_mixin.py:190} INFO - [2024-08-29T00:33:44.498+0000] {dag.py:3211} INFO - Sync 1 DAGs
[2024-08-29T00:33:44.534+0000] {logging_mixin.py:190} INFO - [2024-08-29T00:33:44.533+0000] {dag.py:4138} INFO - Setting next_dagrun for example_kubernetes_executor to None, run_after=None
[2024-08-29T00:33:44.630+0000] {processor.py:208} INFO - Processing /home/airflow/.local/lib/python3.12/site-packages/airflow/example_dags/example_kubernetes_executor.py took 0.486 seconds
[2024-08-29T00:34:15.276+0000] {processor.py:186} INFO - Started process (PID=246) to work on /home/airflow/.local/lib/python3.12/site-packages/airflow/example_dags/example_kubernetes_executor.py
[2024-08-29T00:34:15.279+0000] {processor.py:914} INFO - Processing file /home/airflow/.local/lib/python3.12/site-packages/airflow/example_dags/example_kubernetes_executor.py for tasks to queue
[2024-08-29T00:34:15.283+0000] {logging_mixin.py:190} INFO - [2024-08-29T00:34:15.283+0000] {dagbag.py:587} INFO - Filling up the DagBag from /home/airflow/.local/lib/python3.12/site-packages/airflow/example_dags/example_kubernetes_executor.py
[2024-08-29T00:34:15.340+0000] {processor.py:925} INFO - DAG(s) 'example_kubernetes_executor' retrieved from /home/airflow/.local/lib/python3.12/site-packages/airflow/example_dags/example_kubernetes_executor.py
[2024-08-29T00:34:15.436+0000] {logging_mixin.py:190} INFO - [2024-08-29T00:34:15.436+0000] {dag.py:3211} INFO - Sync 1 DAGs
[2024-08-29T00:34:15.467+0000] {logging_mixin.py:190} INFO - [2024-08-29T00:34:15.467+0000] {dag.py:4138} INFO - Setting next_dagrun for example_kubernetes_executor to None, run_after=None
[2024-08-29T00:34:15.518+0000] {processor.py:208} INFO - Processing /home/airflow/.local/lib/python3.12/site-packages/airflow/example_dags/example_kubernetes_executor.py took 0.280 seconds
[2024-08-29T00:34:45.681+0000] {processor.py:186} INFO - Started process (PID=308) to work on /home/airflow/.local/lib/python3.12/site-packages/airflow/example_dags/example_kubernetes_executor.py
[2024-08-29T00:34:45.682+0000] {processor.py:914} INFO - Processing file /home/airflow/.local/lib/python3.12/site-packages/airflow/example_dags/example_kubernetes_executor.py for tasks to queue
[2024-08-29T00:34:45.685+0000] {logging_mixin.py:190} INFO - [2024-08-29T00:34:45.685+0000] {dagbag.py:587} INFO - Filling up the DagBag from /home/airflow/.local/lib/python3.12/site-packages/airflow/example_dags/example_kubernetes_executor.py
[2024-08-29T00:34:45.706+0000] {processor.py:925} INFO - DAG(s) 'example_kubernetes_executor' retrieved from /home/airflow/.local/lib/python3.12/site-packages/airflow/example_dags/example_kubernetes_executor.py
[2024-08-29T00:34:45.756+0000] {logging_mixin.py:190} INFO - [2024-08-29T00:34:45.756+0000] {dag.py:3211} INFO - Sync 1 DAGs
[2024-08-29T00:34:45.774+0000] {logging_mixin.py:190} INFO - [2024-08-29T00:34:45.774+0000] {dag.py:4138} INFO - Setting next_dagrun for example_kubernetes_executor to None, run_after=None
[2024-08-29T00:34:45.804+0000] {processor.py:208} INFO - Processing /home/airflow/.local/lib/python3.12/site-packages/airflow/example_dags/example_kubernetes_executor.py took 0.131 seconds
[2024-08-29T00:35:16.211+0000] {processor.py:186} INFO - Started process (PID=371) to work on /home/airflow/.local/lib/python3.12/site-packages/airflow/example_dags/example_kubernetes_executor.py
[2024-08-29T00:35:16.212+0000] {processor.py:914} INFO - Processing file /home/airflow/.local/lib/python3.12/site-packages/airflow/example_dags/example_kubernetes_executor.py for tasks to queue
[2024-08-29T00:35:16.215+0000] {logging_mixin.py:190} INFO - [2024-08-29T00:35:16.215+0000] {dagbag.py:587} INFO - Filling up the DagBag from /home/airflow/.local/lib/python3.12/site-packages/airflow/example_dags/example_kubernetes_executor.py
[2024-08-29T00:35:16.233+0000] {processor.py:925} INFO - DAG(s) 'example_kubernetes_executor' retrieved from /home/airflow/.local/lib/python3.12/site-packages/airflow/example_dags/example_kubernetes_executor.py
[2024-08-29T00:35:16.293+0000] {logging_mixin.py:190} INFO - [2024-08-29T00:35:16.293+0000] {dag.py:3211} INFO - Sync 1 DAGs
[2024-08-29T00:35:16.322+0000] {logging_mixin.py:190} INFO - [2024-08-29T00:35:16.321+0000] {dag.py:4138} INFO - Setting next_dagrun for example_kubernetes_executor to None, run_after=None
[2024-08-29T00:35:16.362+0000] {processor.py:208} INFO - Processing /home/airflow/.local/lib/python3.12/site-packages/airflow/example_dags/example_kubernetes_executor.py took 0.159 seconds
[2024-08-29T00:35:47.222+0000] {processor.py:186} INFO - Started process (PID=434) to work on /home/airflow/.local/lib/python3.12/site-packages/airflow/example_dags/example_kubernetes_executor.py
[2024-08-29T00:35:47.223+0000] {processor.py:914} INFO - Processing file /home/airflow/.local/lib/python3.12/site-packages/airflow/example_dags/example_kubernetes_executor.py for tasks to queue
[2024-08-29T00:35:47.226+0000] {logging_mixin.py:190} INFO - [2024-08-29T00:35:47.226+0000] {dagbag.py:587} INFO - Filling up the DagBag from /home/airflow/.local/lib/python3.12/site-packages/airflow/example_dags/example_kubernetes_executor.py
[2024-08-29T00:35:47.245+0000] {processor.py:925} INFO - DAG(s) 'example_kubernetes_executor' retrieved from /home/airflow/.local/lib/python3.12/site-packages/airflow/example_dags/example_kubernetes_executor.py
[2024-08-29T00:35:47.299+0000] {logging_mixin.py:190} INFO - [2024-08-29T00:35:47.299+0000] {dag.py:3211} INFO - Sync 1 DAGs
[2024-08-29T00:35:47.319+0000] {logging_mixin.py:190} INFO - [2024-08-29T00:35:47.318+0000] {dag.py:4138} INFO - Setting next_dagrun for example_kubernetes_executor to None, run_after=None
[2024-08-29T00:35:47.364+0000] {processor.py:208} INFO - Processing /home/airflow/.local/lib/python3.12/site-packages/airflow/example_dags/example_kubernetes_executor.py took 0.151 seconds
[2024-08-29T00:36:18.047+0000] {processor.py:186} INFO - Started process (PID=497) to work on /home/airflow/.local/lib/python3.12/site-packages/airflow/example_dags/example_kubernetes_executor.py
[2024-08-29T00:36:18.049+0000] {processor.py:914} INFO - Processing file /home/airflow/.local/lib/python3.12/site-packages/airflow/example_dags/example_kubernetes_executor.py for tasks to queue
[2024-08-29T00:36:18.052+0000] {logging_mixin.py:190} INFO - [2024-08-29T00:36:18.052+0000] {dagbag.py:587} INFO - Filling up the DagBag from /home/airflow/.local/lib/python3.12/site-packages/airflow/example_dags/example_kubernetes_executor.py
[2024-08-29T00:36:18.127+0000] {processor.py:925} INFO - DAG(s) 'example_kubernetes_executor' retrieved from /home/airflow/.local/lib/python3.12/site-packages/airflow/example_dags/example_kubernetes_executor.py
[2024-08-29T00:36:18.203+0000] {logging_mixin.py:190} INFO - [2024-08-29T00:36:18.203+0000] {dag.py:3211} INFO - Sync 1 DAGs
[2024-08-29T00:36:18.236+0000] {logging_mixin.py:190} INFO - [2024-08-29T00:36:18.235+0000] {dag.py:4138} INFO - Setting next_dagrun for example_kubernetes_executor to None, run_after=None
[2024-08-29T00:36:18.292+0000] {processor.py:208} INFO - Processing /home/airflow/.local/lib/python3.12/site-packages/airflow/example_dags/example_kubernetes_executor.py took 0.254 seconds
[2024-08-29T00:36:48.367+0000] {processor.py:186} INFO - Started process (PID=559) to work on /home/airflow/.local/lib/python3.12/site-packages/airflow/example_dags/example_kubernetes_executor.py
[2024-08-29T00:36:48.369+0000] {processor.py:914} INFO - Processing file /home/airflow/.local/lib/python3.12/site-packages/airflow/example_dags/example_kubernetes_executor.py for tasks to queue
[2024-08-29T00:36:48.372+0000] {logging_mixin.py:190} INFO - [2024-08-29T00:36:48.372+0000] {dagbag.py:587} INFO - Filling up the DagBag from /home/airflow/.local/lib/python3.12/site-packages/airflow/example_dags/example_kubernetes_executor.py
[2024-08-29T00:36:48.400+0000] {processor.py:925} INFO - DAG(s) 'example_kubernetes_executor' retrieved from /home/airflow/.local/lib/python3.12/site-packages/airflow/example_dags/example_kubernetes_executor.py
[2024-08-29T00:36:48.468+0000] {logging_mixin.py:190} INFO - [2024-08-29T00:36:48.467+0000] {dag.py:3211} INFO - Sync 1 DAGs
[2024-08-29T00:36:48.490+0000] {logging_mixin.py:190} INFO - [2024-08-29T00:36:48.490+0000] {dag.py:4138} INFO - Setting next_dagrun for example_kubernetes_executor to None, run_after=None
[2024-08-29T00:36:48.521+0000] {processor.py:208} INFO - Processing /home/airflow/.local/lib/python3.12/site-packages/airflow/example_dags/example_kubernetes_executor.py took 0.163 seconds
[2024-08-29T00:37:19.109+0000] {processor.py:186} INFO - Started process (PID=623) to work on /home/airflow/.local/lib/python3.12/site-packages/airflow/example_dags/example_kubernetes_executor.py
[2024-08-29T00:37:19.111+0000] {processor.py:914} INFO - Processing file /home/airflow/.local/lib/python3.12/site-packages/airflow/example_dags/example_kubernetes_executor.py for tasks to queue
[2024-08-29T00:37:19.116+0000] {logging_mixin.py:190} INFO - [2024-08-29T00:37:19.115+0000] {dagbag.py:587} INFO - Filling up the DagBag from /home/airflow/.local/lib/python3.12/site-packages/airflow/example_dags/example_kubernetes_executor.py
[2024-08-29T00:37:19.156+0000] {processor.py:925} INFO - DAG(s) 'example_kubernetes_executor' retrieved from /home/airflow/.local/lib/python3.12/site-packages/airflow/example_dags/example_kubernetes_executor.py
[2024-08-29T00:37:19.231+0000] {logging_mixin.py:190} INFO - [2024-08-29T00:37:19.231+0000] {dag.py:3211} INFO - Sync 1 DAGs
[2024-08-29T00:37:19.258+0000] {logging_mixin.py:190} INFO - [2024-08-29T00:37:19.258+0000] {dag.py:4138} INFO - Setting next_dagrun for example_kubernetes_executor to None, run_after=None
[2024-08-29T00:37:19.311+0000] {processor.py:208} INFO - Processing /home/airflow/.local/lib/python3.12/site-packages/airflow/example_dags/example_kubernetes_executor.py took 0.216 seconds
[2024-08-29T00:37:49.470+0000] {processor.py:186} INFO - Started process (PID=686) to work on /home/airflow/.local/lib/python3.12/site-packages/airflow/example_dags/example_kubernetes_executor.py
[2024-08-29T00:37:49.471+0000] {processor.py:914} INFO - Processing file /home/airflow/.local/lib/python3.12/site-packages/airflow/example_dags/example_kubernetes_executor.py for tasks to queue
[2024-08-29T00:37:49.475+0000] {logging_mixin.py:190} INFO - [2024-08-29T00:37:49.474+0000] {dagbag.py:587} INFO - Filling up the DagBag from /home/airflow/.local/lib/python3.12/site-packages/airflow/example_dags/example_kubernetes_executor.py
[2024-08-29T00:37:49.496+0000] {processor.py:925} INFO - DAG(s) 'example_kubernetes_executor' retrieved from /home/airflow/.local/lib/python3.12/site-packages/airflow/example_dags/example_kubernetes_executor.py
[2024-08-29T00:37:49.548+0000] {logging_mixin.py:190} INFO - [2024-08-29T00:37:49.548+0000] {dag.py:3211} INFO - Sync 1 DAGs
[2024-08-29T00:37:49.569+0000] {logging_mixin.py:190} INFO - [2024-08-29T00:37:49.568+0000] {dag.py:4138} INFO - Setting next_dagrun for example_kubernetes_executor to None, run_after=None
[2024-08-29T00:37:49.603+0000] {processor.py:208} INFO - Processing /home/airflow/.local/lib/python3.12/site-packages/airflow/example_dags/example_kubernetes_executor.py took 0.141 seconds
[2024-08-29T00:38:20.330+0000] {processor.py:186} INFO - Started process (PID=749) to work on /home/airflow/.local/lib/python3.12/site-packages/airflow/example_dags/example_kubernetes_executor.py
[2024-08-29T00:38:20.332+0000] {processor.py:914} INFO - Processing file /home/airflow/.local/lib/python3.12/site-packages/airflow/example_dags/example_kubernetes_executor.py for tasks to queue
[2024-08-29T00:38:20.339+0000] {logging_mixin.py:190} INFO - [2024-08-29T00:38:20.339+0000] {dagbag.py:587} INFO - Filling up the DagBag from /home/airflow/.local/lib/python3.12/site-packages/airflow/example_dags/example_kubernetes_executor.py
[2024-08-29T00:38:20.397+0000] {processor.py:925} INFO - DAG(s) 'example_kubernetes_executor' retrieved from /home/airflow/.local/lib/python3.12/site-packages/airflow/example_dags/example_kubernetes_executor.py
[2024-08-29T00:38:20.461+0000] {logging_mixin.py:190} INFO - [2024-08-29T00:38:20.461+0000] {dag.py:3211} INFO - Sync 1 DAGs
[2024-08-29T00:38:20.481+0000] {logging_mixin.py:190} INFO - [2024-08-29T00:38:20.481+0000] {dag.py:4138} INFO - Setting next_dagrun for example_kubernetes_executor to None, run_after=None
[2024-08-29T00:38:20.522+0000] {processor.py:208} INFO - Processing /home/airflow/.local/lib/python3.12/site-packages/airflow/example_dags/example_kubernetes_executor.py took 0.202 seconds
[2024-08-29T00:38:51.048+0000] {processor.py:186} INFO - Started process (PID=812) to work on /home/airflow/.local/lib/python3.12/site-packages/airflow/example_dags/example_kubernetes_executor.py
[2024-08-29T00:38:51.050+0000] {processor.py:914} INFO - Processing file /home/airflow/.local/lib/python3.12/site-packages/airflow/example_dags/example_kubernetes_executor.py for tasks to queue
[2024-08-29T00:38:51.054+0000] {logging_mixin.py:190} INFO - [2024-08-29T00:38:51.054+0000] {dagbag.py:587} INFO - Filling up the DagBag from /home/airflow/.local/lib/python3.12/site-packages/airflow/example_dags/example_kubernetes_executor.py
[2024-08-29T00:38:51.078+0000] {processor.py:925} INFO - DAG(s) 'example_kubernetes_executor' retrieved from /home/airflow/.local/lib/python3.12/site-packages/airflow/example_dags/example_kubernetes_executor.py
[2024-08-29T00:38:51.132+0000] {logging_mixin.py:190} INFO - [2024-08-29T00:38:51.132+0000] {dag.py:3211} INFO - Sync 1 DAGs
[2024-08-29T00:38:51.156+0000] {logging_mixin.py:190} INFO - [2024-08-29T00:38:51.155+0000] {dag.py:4138} INFO - Setting next_dagrun for example_kubernetes_executor to None, run_after=None
[2024-08-29T00:38:51.184+0000] {processor.py:208} INFO - Processing /home/airflow/.local/lib/python3.12/site-packages/airflow/example_dags/example_kubernetes_executor.py took 0.148 seconds
[2024-08-29T00:39:21.640+0000] {processor.py:186} INFO - Started process (PID=875) to work on /home/airflow/.local/lib/python3.12/site-packages/airflow/example_dags/example_kubernetes_executor.py
[2024-08-29T00:39:21.642+0000] {processor.py:914} INFO - Processing file /home/airflow/.local/lib/python3.12/site-packages/airflow/example_dags/example_kubernetes_executor.py for tasks to queue
[2024-08-29T00:39:21.645+0000] {logging_mixin.py:190} INFO - [2024-08-29T00:39:21.644+0000] {dagbag.py:587} INFO - Filling up the DagBag from /home/airflow/.local/lib/python3.12/site-packages/airflow/example_dags/example_kubernetes_executor.py
[2024-08-29T00:39:21.672+0000] {processor.py:925} INFO - DAG(s) 'example_kubernetes_executor' retrieved from /home/airflow/.local/lib/python3.12/site-packages/airflow/example_dags/example_kubernetes_executor.py
[2024-08-29T00:39:21.727+0000] {logging_mixin.py:190} INFO - [2024-08-29T00:39:21.727+0000] {dag.py:3211} INFO - Sync 1 DAGs
[2024-08-29T00:39:21.749+0000] {logging_mixin.py:190} INFO - [2024-08-29T00:39:21.749+0000] {dag.py:4138} INFO - Setting next_dagrun for example_kubernetes_executor to None, run_after=None
[2024-08-29T00:39:21.777+0000] {processor.py:208} INFO - Processing /home/airflow/.local/lib/python3.12/site-packages/airflow/example_dags/example_kubernetes_executor.py took 0.144 seconds
[2024-08-29T00:39:52.630+0000] {processor.py:186} INFO - Started process (PID=939) to work on /home/airflow/.local/lib/python3.12/site-packages/airflow/example_dags/example_kubernetes_executor.py
[2024-08-29T00:39:52.632+0000] {processor.py:914} INFO - Processing file /home/airflow/.local/lib/python3.12/site-packages/airflow/example_dags/example_kubernetes_executor.py for tasks to queue
[2024-08-29T00:39:52.637+0000] {logging_mixin.py:190} INFO - [2024-08-29T00:39:52.636+0000] {dagbag.py:587} INFO - Filling up the DagBag from /home/airflow/.local/lib/python3.12/site-packages/airflow/example_dags/example_kubernetes_executor.py
[2024-08-29T00:39:52.662+0000] {processor.py:925} INFO - DAG(s) 'example_kubernetes_executor' retrieved from /home/airflow/.local/lib/python3.12/site-packages/airflow/example_dags/example_kubernetes_executor.py
[2024-08-29T00:39:52.723+0000] {logging_mixin.py:190} INFO - [2024-08-29T00:39:52.722+0000] {dag.py:3211} INFO - Sync 1 DAGs
[2024-08-29T00:39:52.743+0000] {logging_mixin.py:190} INFO - [2024-08-29T00:39:52.743+0000] {dag.py:4138} INFO - Setting next_dagrun for example_kubernetes_executor to None, run_after=None
[2024-08-29T00:39:52.794+0000] {processor.py:208} INFO - Processing /home/airflow/.local/lib/python3.12/site-packages/airflow/example_dags/example_kubernetes_executor.py took 0.173 seconds
[2024-08-29T00:40:23.743+0000] {processor.py:186} INFO - Started process (PID=1002) to work on /home/airflow/.local/lib/python3.12/site-packages/airflow/example_dags/example_kubernetes_executor.py
[2024-08-29T00:40:23.744+0000] {processor.py:914} INFO - Processing file /home/airflow/.local/lib/python3.12/site-packages/airflow/example_dags/example_kubernetes_executor.py for tasks to queue
[2024-08-29T00:40:23.748+0000] {logging_mixin.py:190} INFO - [2024-08-29T00:40:23.747+0000] {dagbag.py:587} INFO - Filling up the DagBag from /home/airflow/.local/lib/python3.12/site-packages/airflow/example_dags/example_kubernetes_executor.py
[2024-08-29T00:40:23.777+0000] {processor.py:925} INFO - DAG(s) 'example_kubernetes_executor' retrieved from /home/airflow/.local/lib/python3.12/site-packages/airflow/example_dags/example_kubernetes_executor.py
[2024-08-29T00:40:23.844+0000] {logging_mixin.py:190} INFO - [2024-08-29T00:40:23.843+0000] {dag.py:3211} INFO - Sync 1 DAGs
[2024-08-29T00:40:23.863+0000] {logging_mixin.py:190} INFO - [2024-08-29T00:40:23.863+0000] {dag.py:4138} INFO - Setting next_dagrun for example_kubernetes_executor to None, run_after=None
[2024-08-29T00:40:23.912+0000] {processor.py:208} INFO - Processing /home/airflow/.local/lib/python3.12/site-packages/airflow/example_dags/example_kubernetes_executor.py took 0.179 seconds
[2024-08-29T00:40:57.299+0000] {processor.py:186} INFO - Started process (PID=1066) to work on /home/airflow/.local/lib/python3.12/site-packages/airflow/example_dags/example_kubernetes_executor.py
[2024-08-29T00:40:57.301+0000] {processor.py:914} INFO - Processing file /home/airflow/.local/lib/python3.12/site-packages/airflow/example_dags/example_kubernetes_executor.py for tasks to queue
[2024-08-29T00:40:57.323+0000] {logging_mixin.py:190} INFO - [2024-08-29T00:40:57.322+0000] {dagbag.py:587} INFO - Filling up the DagBag from /home/airflow/.local/lib/python3.12/site-packages/airflow/example_dags/example_kubernetes_executor.py
[2024-08-29T00:40:57.429+0000] {processor.py:925} INFO - DAG(s) 'example_kubernetes_executor' retrieved from /home/airflow/.local/lib/python3.12/site-packages/airflow/example_dags/example_kubernetes_executor.py
[2024-08-29T00:40:57.588+0000] {logging_mixin.py:190} INFO - [2024-08-29T00:40:57.588+0000] {dag.py:3211} INFO - Sync 1 DAGs
[2024-08-29T00:40:57.679+0000] {logging_mixin.py:190} INFO - [2024-08-29T00:40:57.679+0000] {dag.py:4138} INFO - Setting next_dagrun for example_kubernetes_executor to None, run_after=None
[2024-08-29T00:40:57.806+0000] {processor.py:208} INFO - Processing /home/airflow/.local/lib/python3.12/site-packages/airflow/example_dags/example_kubernetes_executor.py took 0.543 seconds
[2024-08-29T00:41:28.337+0000] {processor.py:186} INFO - Started process (PID=1129) to work on /home/airflow/.local/lib/python3.12/site-packages/airflow/example_dags/example_kubernetes_executor.py
[2024-08-29T00:41:28.338+0000] {processor.py:914} INFO - Processing file /home/airflow/.local/lib/python3.12/site-packages/airflow/example_dags/example_kubernetes_executor.py for tasks to queue
[2024-08-29T00:41:28.341+0000] {logging_mixin.py:190} INFO - [2024-08-29T00:41:28.340+0000] {dagbag.py:587} INFO - Filling up the DagBag from /home/airflow/.local/lib/python3.12/site-packages/airflow/example_dags/example_kubernetes_executor.py
[2024-08-29T00:41:28.367+0000] {processor.py:925} INFO - DAG(s) 'example_kubernetes_executor' retrieved from /home/airflow/.local/lib/python3.12/site-packages/airflow/example_dags/example_kubernetes_executor.py
[2024-08-29T00:41:28.425+0000] {logging_mixin.py:190} INFO - [2024-08-29T00:41:28.425+0000] {dag.py:3211} INFO - Sync 1 DAGs
[2024-08-29T00:41:28.451+0000] {logging_mixin.py:190} INFO - [2024-08-29T00:41:28.450+0000] {dag.py:4138} INFO - Setting next_dagrun for example_kubernetes_executor to None, run_after=None
[2024-08-29T00:41:28.483+0000] {processor.py:208} INFO - Processing /home/airflow/.local/lib/python3.12/site-packages/airflow/example_dags/example_kubernetes_executor.py took 0.157 seconds
[2024-08-29T00:41:58.977+0000] {processor.py:186} INFO - Started process (PID=1193) to work on /home/airflow/.local/lib/python3.12/site-packages/airflow/example_dags/example_kubernetes_executor.py
[2024-08-29T00:41:58.978+0000] {processor.py:914} INFO - Processing file /home/airflow/.local/lib/python3.12/site-packages/airflow/example_dags/example_kubernetes_executor.py for tasks to queue
[2024-08-29T00:41:58.992+0000] {logging_mixin.py:190} INFO - [2024-08-29T00:41:58.982+0000] {dagbag.py:587} INFO - Filling up the DagBag from /home/airflow/.local/lib/python3.12/site-packages/airflow/example_dags/example_kubernetes_executor.py
[2024-08-29T00:41:59.051+0000] {processor.py:925} INFO - DAG(s) 'example_kubernetes_executor' retrieved from /home/airflow/.local/lib/python3.12/site-packages/airflow/example_dags/example_kubernetes_executor.py
[2024-08-29T00:41:59.128+0000] {logging_mixin.py:190} INFO - [2024-08-29T00:41:59.127+0000] {dag.py:3211} INFO - Sync 1 DAGs
[2024-08-29T00:41:59.153+0000] {logging_mixin.py:190} INFO - [2024-08-29T00:41:59.152+0000] {dag.py:4138} INFO - Setting next_dagrun for example_kubernetes_executor to None, run_after=None
[2024-08-29T00:41:59.195+0000] {processor.py:208} INFO - Processing /home/airflow/.local/lib/python3.12/site-packages/airflow/example_dags/example_kubernetes_executor.py took 0.228 seconds
[2024-08-29T00:42:29.513+0000] {processor.py:186} INFO - Started process (PID=1256) to work on /home/airflow/.local/lib/python3.12/site-packages/airflow/example_dags/example_kubernetes_executor.py
[2024-08-29T00:42:29.515+0000] {processor.py:914} INFO - Processing file /home/airflow/.local/lib/python3.12/site-packages/airflow/example_dags/example_kubernetes_executor.py for tasks to queue
[2024-08-29T00:42:29.519+0000] {logging_mixin.py:190} INFO - [2024-08-29T00:42:29.519+0000] {dagbag.py:587} INFO - Filling up the DagBag from /home/airflow/.local/lib/python3.12/site-packages/airflow/example_dags/example_kubernetes_executor.py
[2024-08-29T00:42:29.544+0000] {processor.py:925} INFO - DAG(s) 'example_kubernetes_executor' retrieved from /home/airflow/.local/lib/python3.12/site-packages/airflow/example_dags/example_kubernetes_executor.py
[2024-08-29T00:42:29.603+0000] {logging_mixin.py:190} INFO - [2024-08-29T00:42:29.603+0000] {dag.py:3211} INFO - Sync 1 DAGs
[2024-08-29T00:42:29.627+0000] {logging_mixin.py:190} INFO - [2024-08-29T00:42:29.627+0000] {dag.py:4138} INFO - Setting next_dagrun for example_kubernetes_executor to None, run_after=None
[2024-08-29T00:42:29.662+0000] {processor.py:208} INFO - Processing /home/airflow/.local/lib/python3.12/site-packages/airflow/example_dags/example_kubernetes_executor.py took 0.158 seconds
[2024-08-29T00:43:00.175+0000] {processor.py:186} INFO - Started process (PID=1319) to work on /home/airflow/.local/lib/python3.12/site-packages/airflow/example_dags/example_kubernetes_executor.py
[2024-08-29T00:43:00.177+0000] {processor.py:914} INFO - Processing file /home/airflow/.local/lib/python3.12/site-packages/airflow/example_dags/example_kubernetes_executor.py for tasks to queue
[2024-08-29T00:43:00.180+0000] {logging_mixin.py:190} INFO - [2024-08-29T00:43:00.180+0000] {dagbag.py:587} INFO - Filling up the DagBag from /home/airflow/.local/lib/python3.12/site-packages/airflow/example_dags/example_kubernetes_executor.py
[2024-08-29T00:43:00.203+0000] {processor.py:925} INFO - DAG(s) 'example_kubernetes_executor' retrieved from /home/airflow/.local/lib/python3.12/site-packages/airflow/example_dags/example_kubernetes_executor.py
[2024-08-29T00:43:00.263+0000] {logging_mixin.py:190} INFO - [2024-08-29T00:43:00.263+0000] {dag.py:3211} INFO - Sync 1 DAGs
[2024-08-29T00:43:00.291+0000] {logging_mixin.py:190} INFO - [2024-08-29T00:43:00.291+0000] {dag.py:4138} INFO - Setting next_dagrun for example_kubernetes_executor to None, run_after=None
[2024-08-29T00:43:00.340+0000] {processor.py:208} INFO - Processing /home/airflow/.local/lib/python3.12/site-packages/airflow/example_dags/example_kubernetes_executor.py took 0.174 seconds
[2024-08-29T00:43:30.859+0000] {processor.py:186} INFO - Started process (PID=1381) to work on /home/airflow/.local/lib/python3.12/site-packages/airflow/example_dags/example_kubernetes_executor.py
[2024-08-29T00:43:30.861+0000] {processor.py:914} INFO - Processing file /home/airflow/.local/lib/python3.12/site-packages/airflow/example_dags/example_kubernetes_executor.py for tasks to queue
[2024-08-29T00:43:30.864+0000] {logging_mixin.py:190} INFO - [2024-08-29T00:43:30.864+0000] {dagbag.py:587} INFO - Filling up the DagBag from /home/airflow/.local/lib/python3.12/site-packages/airflow/example_dags/example_kubernetes_executor.py
[2024-08-29T00:43:30.897+0000] {processor.py:925} INFO - DAG(s) 'example_kubernetes_executor' retrieved from /home/airflow/.local/lib/python3.12/site-packages/airflow/example_dags/example_kubernetes_executor.py
[2024-08-29T00:43:30.959+0000] {logging_mixin.py:190} INFO - [2024-08-29T00:43:30.959+0000] {dag.py:3211} INFO - Sync 1 DAGs
[2024-08-29T00:43:30.981+0000] {logging_mixin.py:190} INFO - [2024-08-29T00:43:30.980+0000] {dag.py:4138} INFO - Setting next_dagrun for example_kubernetes_executor to None, run_after=None
[2024-08-29T00:43:31.012+0000] {processor.py:208} INFO - Processing /home/airflow/.local/lib/python3.12/site-packages/airflow/example_dags/example_kubernetes_executor.py took 0.162 seconds
[2024-08-29T00:44:01.459+0000] {processor.py:186} INFO - Started process (PID=1444) to work on /home/airflow/.local/lib/python3.12/site-packages/airflow/example_dags/example_kubernetes_executor.py
[2024-08-29T00:44:01.460+0000] {processor.py:914} INFO - Processing file /home/airflow/.local/lib/python3.12/site-packages/airflow/example_dags/example_kubernetes_executor.py for tasks to queue
[2024-08-29T00:44:01.464+0000] {logging_mixin.py:190} INFO - [2024-08-29T00:44:01.464+0000] {dagbag.py:587} INFO - Filling up the DagBag from /home/airflow/.local/lib/python3.12/site-packages/airflow/example_dags/example_kubernetes_executor.py
[2024-08-29T00:44:01.493+0000] {processor.py:925} INFO - DAG(s) 'example_kubernetes_executor' retrieved from /home/airflow/.local/lib/python3.12/site-packages/airflow/example_dags/example_kubernetes_executor.py
[2024-08-29T00:44:01.554+0000] {logging_mixin.py:190} INFO - [2024-08-29T00:44:01.553+0000] {dag.py:3211} INFO - Sync 1 DAGs
[2024-08-29T00:44:01.575+0000] {logging_mixin.py:190} INFO - [2024-08-29T00:44:01.574+0000] {dag.py:4138} INFO - Setting next_dagrun for example_kubernetes_executor to None, run_after=None
[2024-08-29T00:44:01.610+0000] {processor.py:208} INFO - Processing /home/airflow/.local/lib/python3.12/site-packages/airflow/example_dags/example_kubernetes_executor.py took 0.161 seconds
[2024-08-29T00:44:32.158+0000] {processor.py:186} INFO - Started process (PID=1507) to work on /home/airflow/.local/lib/python3.12/site-packages/airflow/example_dags/example_kubernetes_executor.py
[2024-08-29T00:44:32.160+0000] {processor.py:914} INFO - Processing file /home/airflow/.local/lib/python3.12/site-packages/airflow/example_dags/example_kubernetes_executor.py for tasks to queue
[2024-08-29T00:44:32.164+0000] {logging_mixin.py:190} INFO - [2024-08-29T00:44:32.163+0000] {dagbag.py:587} INFO - Filling up the DagBag from /home/airflow/.local/lib/python3.12/site-packages/airflow/example_dags/example_kubernetes_executor.py
[2024-08-29T00:44:32.192+0000] {processor.py:925} INFO - DAG(s) 'example_kubernetes_executor' retrieved from /home/airflow/.local/lib/python3.12/site-packages/airflow/example_dags/example_kubernetes_executor.py
[2024-08-29T00:44:32.254+0000] {logging_mixin.py:190} INFO - [2024-08-29T00:44:32.254+0000] {dag.py:3211} INFO - Sync 1 DAGs
[2024-08-29T00:44:32.282+0000] {logging_mixin.py:190} INFO - [2024-08-29T00:44:32.282+0000] {dag.py:4138} INFO - Setting next_dagrun for example_kubernetes_executor to None, run_after=None
[2024-08-29T00:44:32.328+0000] {processor.py:208} INFO - Processing /home/airflow/.local/lib/python3.12/site-packages/airflow/example_dags/example_kubernetes_executor.py took 0.179 seconds
[2024-08-29T00:45:02.805+0000] {processor.py:186} INFO - Started process (PID=1570) to work on /home/airflow/.local/lib/python3.12/site-packages/airflow/example_dags/example_kubernetes_executor.py
[2024-08-29T00:45:02.806+0000] {processor.py:914} INFO - Processing file /home/airflow/.local/lib/python3.12/site-packages/airflow/example_dags/example_kubernetes_executor.py for tasks to queue
[2024-08-29T00:45:02.811+0000] {logging_mixin.py:190} INFO - [2024-08-29T00:45:02.810+0000] {dagbag.py:587} INFO - Filling up the DagBag from /home/airflow/.local/lib/python3.12/site-packages/airflow/example_dags/example_kubernetes_executor.py
[2024-08-29T00:45:02.859+0000] {processor.py:925} INFO - DAG(s) 'example_kubernetes_executor' retrieved from /home/airflow/.local/lib/python3.12/site-packages/airflow/example_dags/example_kubernetes_executor.py
[2024-08-29T00:45:02.930+0000] {logging_mixin.py:190} INFO - [2024-08-29T00:45:02.930+0000] {dag.py:3211} INFO - Sync 1 DAGs
[2024-08-29T00:45:02.954+0000] {logging_mixin.py:190} INFO - [2024-08-29T00:45:02.954+0000] {dag.py:4138} INFO - Setting next_dagrun for example_kubernetes_executor to None, run_after=None
[2024-08-29T00:45:02.982+0000] {processor.py:208} INFO - Processing /home/airflow/.local/lib/python3.12/site-packages/airflow/example_dags/example_kubernetes_executor.py took 0.190 seconds
[2024-08-29T00:45:33.622+0000] {processor.py:186} INFO - Started process (PID=1634) to work on /home/airflow/.local/lib/python3.12/site-packages/airflow/example_dags/example_kubernetes_executor.py
[2024-08-29T00:45:33.624+0000] {processor.py:914} INFO - Processing file /home/airflow/.local/lib/python3.12/site-packages/airflow/example_dags/example_kubernetes_executor.py for tasks to queue
[2024-08-29T00:45:33.628+0000] {logging_mixin.py:190} INFO - [2024-08-29T00:45:33.627+0000] {dagbag.py:587} INFO - Filling up the DagBag from /home/airflow/.local/lib/python3.12/site-packages/airflow/example_dags/example_kubernetes_executor.py
[2024-08-29T00:45:33.650+0000] {processor.py:925} INFO - DAG(s) 'example_kubernetes_executor' retrieved from /home/airflow/.local/lib/python3.12/site-packages/airflow/example_dags/example_kubernetes_executor.py
[2024-08-29T00:45:33.714+0000] {logging_mixin.py:190} INFO - [2024-08-29T00:45:33.714+0000] {dag.py:3211} INFO - Sync 1 DAGs
[2024-08-29T00:45:33.742+0000] {logging_mixin.py:190} INFO - [2024-08-29T00:45:33.741+0000] {dag.py:4138} INFO - Setting next_dagrun for example_kubernetes_executor to None, run_after=None
[2024-08-29T00:45:33.778+0000] {processor.py:208} INFO - Processing /home/airflow/.local/lib/python3.12/site-packages/airflow/example_dags/example_kubernetes_executor.py took 0.166 seconds
[2024-08-29T00:46:04.307+0000] {processor.py:186} INFO - Started process (PID=1697) to work on /home/airflow/.local/lib/python3.12/site-packages/airflow/example_dags/example_kubernetes_executor.py
[2024-08-29T00:46:04.310+0000] {processor.py:914} INFO - Processing file /home/airflow/.local/lib/python3.12/site-packages/airflow/example_dags/example_kubernetes_executor.py for tasks to queue
[2024-08-29T00:46:04.314+0000] {logging_mixin.py:190} INFO - [2024-08-29T00:46:04.313+0000] {dagbag.py:587} INFO - Filling up the DagBag from /home/airflow/.local/lib/python3.12/site-packages/airflow/example_dags/example_kubernetes_executor.py
[2024-08-29T00:46:04.349+0000] {processor.py:925} INFO - DAG(s) 'example_kubernetes_executor' retrieved from /home/airflow/.local/lib/python3.12/site-packages/airflow/example_dags/example_kubernetes_executor.py
[2024-08-29T00:46:04.413+0000] {logging_mixin.py:190} INFO - [2024-08-29T00:46:04.412+0000] {dag.py:3211} INFO - Sync 1 DAGs
[2024-08-29T00:46:04.443+0000] {logging_mixin.py:190} INFO - [2024-08-29T00:46:04.442+0000] {dag.py:4138} INFO - Setting next_dagrun for example_kubernetes_executor to None, run_after=None
[2024-08-29T00:46:04.503+0000] {processor.py:208} INFO - Processing /home/airflow/.local/lib/python3.12/site-packages/airflow/example_dags/example_kubernetes_executor.py took 0.210 seconds
[2024-08-29T00:46:34.861+0000] {processor.py:186} INFO - Started process (PID=1760) to work on /home/airflow/.local/lib/python3.12/site-packages/airflow/example_dags/example_kubernetes_executor.py
[2024-08-29T00:46:34.863+0000] {processor.py:914} INFO - Processing file /home/airflow/.local/lib/python3.12/site-packages/airflow/example_dags/example_kubernetes_executor.py for tasks to queue
[2024-08-29T00:46:34.869+0000] {logging_mixin.py:190} INFO - [2024-08-29T00:46:34.868+0000] {dagbag.py:587} INFO - Filling up the DagBag from /home/airflow/.local/lib/python3.12/site-packages/airflow/example_dags/example_kubernetes_executor.py
[2024-08-29T00:46:34.959+0000] {processor.py:925} INFO - DAG(s) 'example_kubernetes_executor' retrieved from /home/airflow/.local/lib/python3.12/site-packages/airflow/example_dags/example_kubernetes_executor.py
[2024-08-29T00:46:35.230+0000] {logging_mixin.py:190} INFO - [2024-08-29T00:46:35.229+0000] {dag.py:3211} INFO - Sync 1 DAGs
[2024-08-29T00:46:35.321+0000] {logging_mixin.py:190} INFO - [2024-08-29T00:46:35.321+0000] {dag.py:4138} INFO - Setting next_dagrun for example_kubernetes_executor to None, run_after=None
[2024-08-29T00:46:35.449+0000] {processor.py:208} INFO - Processing /home/airflow/.local/lib/python3.12/site-packages/airflow/example_dags/example_kubernetes_executor.py took 0.600 seconds
