[2024-08-29T00:01:28.799+0000] {processor.py:186} INFO - Started process (PID=117) to work on /home/airflow/.local/lib/python3.12/site-packages/airflow/example_dags/example_task_group_decorator.py
[2024-08-29T00:01:28.800+0000] {processor.py:914} INFO - Processing file /home/airflow/.local/lib/python3.12/site-packages/airflow/example_dags/example_task_group_decorator.py for tasks to queue
[2024-08-29T00:01:28.805+0000] {logging_mixin.py:190} INFO - [2024-08-29T00:01:28.805+0000] {dagbag.py:587} INFO - Filling up the DagBag from /home/airflow/.local/lib/python3.12/site-packages/airflow/example_dags/example_task_group_decorator.py
[2024-08-29T00:01:29.508+0000] {processor.py:925} INFO - DAG(s) 'example_task_group_decorator' retrieved from /home/airflow/.local/lib/python3.12/site-packages/airflow/example_dags/example_task_group_decorator.py
[2024-08-29T00:01:29.623+0000] {logging_mixin.py:190} INFO - [2024-08-29T00:01:29.622+0000] {dag.py:3211} INFO - Sync 1 DAGs
[2024-08-29T00:01:29.678+0000] {logging_mixin.py:190} INFO - [2024-08-29T00:01:29.678+0000] {dag.py:4138} INFO - Setting next_dagrun for example_task_group_decorator to 2024-08-28 00:00:00+00:00, run_after=2024-08-29 00:00:00+00:00
[2024-08-29T00:01:29.778+0000] {processor.py:208} INFO - Processing /home/airflow/.local/lib/python3.12/site-packages/airflow/example_dags/example_task_group_decorator.py took 0.998 seconds
[2024-08-29T00:02:00.058+0000] {processor.py:186} INFO - Started process (PID=180) to work on /home/airflow/.local/lib/python3.12/site-packages/airflow/example_dags/example_task_group_decorator.py
[2024-08-29T00:02:00.059+0000] {processor.py:914} INFO - Processing file /home/airflow/.local/lib/python3.12/site-packages/airflow/example_dags/example_task_group_decorator.py for tasks to queue
[2024-08-29T00:02:00.063+0000] {logging_mixin.py:190} INFO - [2024-08-29T00:02:00.063+0000] {dagbag.py:587} INFO - Filling up the DagBag from /home/airflow/.local/lib/python3.12/site-packages/airflow/example_dags/example_task_group_decorator.py
[2024-08-29T00:02:00.108+0000] {processor.py:925} INFO - DAG(s) 'example_task_group_decorator' retrieved from /home/airflow/.local/lib/python3.12/site-packages/airflow/example_dags/example_task_group_decorator.py
[2024-08-29T00:02:00.156+0000] {logging_mixin.py:190} INFO - [2024-08-29T00:02:00.155+0000] {dag.py:3211} INFO - Sync 1 DAGs
[2024-08-29T00:02:00.190+0000] {logging_mixin.py:190} INFO - [2024-08-29T00:02:00.190+0000] {dag.py:4138} INFO - Setting next_dagrun for example_task_group_decorator to 2024-08-28 00:00:00+00:00, run_after=2024-08-29 00:00:00+00:00
[2024-08-29T00:02:00.218+0000] {processor.py:208} INFO - Processing /home/airflow/.local/lib/python3.12/site-packages/airflow/example_dags/example_task_group_decorator.py took 0.173 seconds
[2024-08-29T00:02:30.761+0000] {processor.py:186} INFO - Started process (PID=242) to work on /home/airflow/.local/lib/python3.12/site-packages/airflow/example_dags/example_task_group_decorator.py
[2024-08-29T00:02:30.763+0000] {processor.py:914} INFO - Processing file /home/airflow/.local/lib/python3.12/site-packages/airflow/example_dags/example_task_group_decorator.py for tasks to queue
[2024-08-29T00:02:30.766+0000] {logging_mixin.py:190} INFO - [2024-08-29T00:02:30.765+0000] {dagbag.py:587} INFO - Filling up the DagBag from /home/airflow/.local/lib/python3.12/site-packages/airflow/example_dags/example_task_group_decorator.py
[2024-08-29T00:02:30.786+0000] {processor.py:925} INFO - DAG(s) 'example_task_group_decorator' retrieved from /home/airflow/.local/lib/python3.12/site-packages/airflow/example_dags/example_task_group_decorator.py
[2024-08-29T00:02:30.820+0000] {logging_mixin.py:190} INFO - [2024-08-29T00:02:30.819+0000] {dag.py:3211} INFO - Sync 1 DAGs
[2024-08-29T00:02:30.851+0000] {logging_mixin.py:190} INFO - [2024-08-29T00:02:30.851+0000] {dag.py:4138} INFO - Setting next_dagrun for example_task_group_decorator to 2024-08-28 00:00:00+00:00, run_after=2024-08-29 00:00:00+00:00
[2024-08-29T00:02:30.878+0000] {processor.py:208} INFO - Processing /home/airflow/.local/lib/python3.12/site-packages/airflow/example_dags/example_task_group_decorator.py took 0.124 seconds
[2024-08-29T00:03:02.262+0000] {processor.py:186} INFO - Started process (PID=305) to work on /home/airflow/.local/lib/python3.12/site-packages/airflow/example_dags/example_task_group_decorator.py
[2024-08-29T00:03:02.264+0000] {processor.py:914} INFO - Processing file /home/airflow/.local/lib/python3.12/site-packages/airflow/example_dags/example_task_group_decorator.py for tasks to queue
[2024-08-29T00:03:02.270+0000] {logging_mixin.py:190} INFO - [2024-08-29T00:03:02.269+0000] {dagbag.py:587} INFO - Filling up the DagBag from /home/airflow/.local/lib/python3.12/site-packages/airflow/example_dags/example_task_group_decorator.py
[2024-08-29T00:03:02.304+0000] {processor.py:925} INFO - DAG(s) 'example_task_group_decorator' retrieved from /home/airflow/.local/lib/python3.12/site-packages/airflow/example_dags/example_task_group_decorator.py
[2024-08-29T00:03:02.355+0000] {logging_mixin.py:190} INFO - [2024-08-29T00:03:02.355+0000] {dag.py:3211} INFO - Sync 1 DAGs
[2024-08-29T00:03:02.410+0000] {logging_mixin.py:190} INFO - [2024-08-29T00:03:02.410+0000] {dag.py:4138} INFO - Setting next_dagrun for example_task_group_decorator to 2024-08-28 00:00:00+00:00, run_after=2024-08-29 00:00:00+00:00
[2024-08-29T00:03:02.466+0000] {processor.py:208} INFO - Processing /home/airflow/.local/lib/python3.12/site-packages/airflow/example_dags/example_task_group_decorator.py took 0.222 seconds
[2024-08-29T00:03:32.753+0000] {processor.py:186} INFO - Started process (PID=367) to work on /home/airflow/.local/lib/python3.12/site-packages/airflow/example_dags/example_task_group_decorator.py
[2024-08-29T00:03:32.755+0000] {processor.py:914} INFO - Processing file /home/airflow/.local/lib/python3.12/site-packages/airflow/example_dags/example_task_group_decorator.py for tasks to queue
[2024-08-29T00:03:32.760+0000] {logging_mixin.py:190} INFO - [2024-08-29T00:03:32.759+0000] {dagbag.py:587} INFO - Filling up the DagBag from /home/airflow/.local/lib/python3.12/site-packages/airflow/example_dags/example_task_group_decorator.py
[2024-08-29T00:03:32.790+0000] {processor.py:925} INFO - DAG(s) 'example_task_group_decorator' retrieved from /home/airflow/.local/lib/python3.12/site-packages/airflow/example_dags/example_task_group_decorator.py
[2024-08-29T00:03:32.840+0000] {logging_mixin.py:190} INFO - [2024-08-29T00:03:32.839+0000] {dag.py:3211} INFO - Sync 1 DAGs
[2024-08-29T00:03:32.877+0000] {logging_mixin.py:190} INFO - [2024-08-29T00:03:32.877+0000] {dag.py:4138} INFO - Setting next_dagrun for example_task_group_decorator to 2024-08-28 00:00:00+00:00, run_after=2024-08-29 00:00:00+00:00
[2024-08-29T00:03:32.904+0000] {processor.py:208} INFO - Processing /home/airflow/.local/lib/python3.12/site-packages/airflow/example_dags/example_task_group_decorator.py took 0.163 seconds
[2024-08-29T00:04:03.102+0000] {processor.py:186} INFO - Started process (PID=430) to work on /home/airflow/.local/lib/python3.12/site-packages/airflow/example_dags/example_task_group_decorator.py
[2024-08-29T00:04:03.103+0000] {processor.py:914} INFO - Processing file /home/airflow/.local/lib/python3.12/site-packages/airflow/example_dags/example_task_group_decorator.py for tasks to queue
[2024-08-29T00:04:03.107+0000] {logging_mixin.py:190} INFO - [2024-08-29T00:04:03.107+0000] {dagbag.py:587} INFO - Filling up the DagBag from /home/airflow/.local/lib/python3.12/site-packages/airflow/example_dags/example_task_group_decorator.py
[2024-08-29T00:04:03.131+0000] {processor.py:925} INFO - DAG(s) 'example_task_group_decorator' retrieved from /home/airflow/.local/lib/python3.12/site-packages/airflow/example_dags/example_task_group_decorator.py
[2024-08-29T00:04:03.171+0000] {logging_mixin.py:190} INFO - [2024-08-29T00:04:03.171+0000] {dag.py:3211} INFO - Sync 1 DAGs
[2024-08-29T00:04:03.212+0000] {logging_mixin.py:190} INFO - [2024-08-29T00:04:03.212+0000] {dag.py:4138} INFO - Setting next_dagrun for example_task_group_decorator to 2024-08-28 00:00:00+00:00, run_after=2024-08-29 00:00:00+00:00
[2024-08-29T00:04:03.254+0000] {processor.py:208} INFO - Processing /home/airflow/.local/lib/python3.12/site-packages/airflow/example_dags/example_task_group_decorator.py took 0.162 seconds
[2024-08-29T00:04:34.201+0000] {processor.py:186} INFO - Started process (PID=493) to work on /home/airflow/.local/lib/python3.12/site-packages/airflow/example_dags/example_task_group_decorator.py
[2024-08-29T00:04:34.203+0000] {processor.py:914} INFO - Processing file /home/airflow/.local/lib/python3.12/site-packages/airflow/example_dags/example_task_group_decorator.py for tasks to queue
[2024-08-29T00:04:34.207+0000] {logging_mixin.py:190} INFO - [2024-08-29T00:04:34.207+0000] {dagbag.py:587} INFO - Filling up the DagBag from /home/airflow/.local/lib/python3.12/site-packages/airflow/example_dags/example_task_group_decorator.py
[2024-08-29T00:04:34.246+0000] {processor.py:925} INFO - DAG(s) 'example_task_group_decorator' retrieved from /home/airflow/.local/lib/python3.12/site-packages/airflow/example_dags/example_task_group_decorator.py
[2024-08-29T00:04:34.298+0000] {logging_mixin.py:190} INFO - [2024-08-29T00:04:34.298+0000] {dag.py:3211} INFO - Sync 1 DAGs
[2024-08-29T00:04:34.331+0000] {logging_mixin.py:190} INFO - [2024-08-29T00:04:34.330+0000] {dag.py:4138} INFO - Setting next_dagrun for example_task_group_decorator to 2024-08-28 00:00:00+00:00, run_after=2024-08-29 00:00:00+00:00
[2024-08-29T00:04:34.360+0000] {processor.py:208} INFO - Processing /home/airflow/.local/lib/python3.12/site-packages/airflow/example_dags/example_task_group_decorator.py took 0.170 seconds
[2024-08-29T00:05:04.759+0000] {processor.py:186} INFO - Started process (PID=556) to work on /home/airflow/.local/lib/python3.12/site-packages/airflow/example_dags/example_task_group_decorator.py
[2024-08-29T00:05:04.762+0000] {processor.py:914} INFO - Processing file /home/airflow/.local/lib/python3.12/site-packages/airflow/example_dags/example_task_group_decorator.py for tasks to queue
[2024-08-29T00:05:04.766+0000] {logging_mixin.py:190} INFO - [2024-08-29T00:05:04.765+0000] {dagbag.py:587} INFO - Filling up the DagBag from /home/airflow/.local/lib/python3.12/site-packages/airflow/example_dags/example_task_group_decorator.py
[2024-08-29T00:05:04.805+0000] {processor.py:925} INFO - DAG(s) 'example_task_group_decorator' retrieved from /home/airflow/.local/lib/python3.12/site-packages/airflow/example_dags/example_task_group_decorator.py
[2024-08-29T00:05:04.865+0000] {logging_mixin.py:190} INFO - [2024-08-29T00:05:04.865+0000] {dag.py:3211} INFO - Sync 1 DAGs
[2024-08-29T00:05:05.024+0000] {logging_mixin.py:190} INFO - [2024-08-29T00:05:05.023+0000] {dag.py:4138} INFO - Setting next_dagrun for example_task_group_decorator to 2024-08-28 00:00:00+00:00, run_after=2024-08-29 00:00:00+00:00
[2024-08-29T00:05:05.190+0000] {processor.py:208} INFO - Processing /home/airflow/.local/lib/python3.12/site-packages/airflow/example_dags/example_task_group_decorator.py took 0.446 seconds
[2024-08-29T00:05:36.614+0000] {processor.py:186} INFO - Started process (PID=618) to work on /home/airflow/.local/lib/python3.12/site-packages/airflow/example_dags/example_task_group_decorator.py
[2024-08-29T00:05:36.616+0000] {processor.py:914} INFO - Processing file /home/airflow/.local/lib/python3.12/site-packages/airflow/example_dags/example_task_group_decorator.py for tasks to queue
[2024-08-29T00:05:36.619+0000] {logging_mixin.py:190} INFO - [2024-08-29T00:05:36.618+0000] {dagbag.py:587} INFO - Filling up the DagBag from /home/airflow/.local/lib/python3.12/site-packages/airflow/example_dags/example_task_group_decorator.py
[2024-08-29T00:05:36.643+0000] {processor.py:925} INFO - DAG(s) 'example_task_group_decorator' retrieved from /home/airflow/.local/lib/python3.12/site-packages/airflow/example_dags/example_task_group_decorator.py
[2024-08-29T00:05:36.680+0000] {logging_mixin.py:190} INFO - [2024-08-29T00:05:36.679+0000] {dag.py:3211} INFO - Sync 1 DAGs
[2024-08-29T00:05:36.709+0000] {logging_mixin.py:190} INFO - [2024-08-29T00:05:36.709+0000] {dag.py:4138} INFO - Setting next_dagrun for example_task_group_decorator to 2024-08-28 00:00:00+00:00, run_after=2024-08-29 00:00:00+00:00
[2024-08-29T00:05:37.287+0000] {processor.py:208} INFO - Processing /home/airflow/.local/lib/python3.12/site-packages/airflow/example_dags/example_task_group_decorator.py took 0.681 seconds
[2024-08-29T00:06:07.529+0000] {processor.py:186} INFO - Started process (PID=680) to work on /home/airflow/.local/lib/python3.12/site-packages/airflow/example_dags/example_task_group_decorator.py
[2024-08-29T00:06:07.531+0000] {processor.py:914} INFO - Processing file /home/airflow/.local/lib/python3.12/site-packages/airflow/example_dags/example_task_group_decorator.py for tasks to queue
[2024-08-29T00:06:07.536+0000] {logging_mixin.py:190} INFO - [2024-08-29T00:06:07.535+0000] {dagbag.py:587} INFO - Filling up the DagBag from /home/airflow/.local/lib/python3.12/site-packages/airflow/example_dags/example_task_group_decorator.py
[2024-08-29T00:06:07.564+0000] {processor.py:925} INFO - DAG(s) 'example_task_group_decorator' retrieved from /home/airflow/.local/lib/python3.12/site-packages/airflow/example_dags/example_task_group_decorator.py
[2024-08-29T00:06:07.605+0000] {logging_mixin.py:190} INFO - [2024-08-29T00:06:07.604+0000] {dag.py:3211} INFO - Sync 1 DAGs
[2024-08-29T00:06:07.648+0000] {logging_mixin.py:190} INFO - [2024-08-29T00:06:07.647+0000] {dag.py:4138} INFO - Setting next_dagrun for example_task_group_decorator to 2024-08-28 00:00:00+00:00, run_after=2024-08-29 00:00:00+00:00
[2024-08-29T00:06:07.675+0000] {processor.py:208} INFO - Processing /home/airflow/.local/lib/python3.12/site-packages/airflow/example_dags/example_task_group_decorator.py took 0.156 seconds
[2024-08-29T00:06:38.019+0000] {processor.py:186} INFO - Started process (PID=743) to work on /home/airflow/.local/lib/python3.12/site-packages/airflow/example_dags/example_task_group_decorator.py
[2024-08-29T00:06:38.021+0000] {processor.py:914} INFO - Processing file /home/airflow/.local/lib/python3.12/site-packages/airflow/example_dags/example_task_group_decorator.py for tasks to queue
[2024-08-29T00:06:38.024+0000] {logging_mixin.py:190} INFO - [2024-08-29T00:06:38.023+0000] {dagbag.py:587} INFO - Filling up the DagBag from /home/airflow/.local/lib/python3.12/site-packages/airflow/example_dags/example_task_group_decorator.py
[2024-08-29T00:06:38.044+0000] {processor.py:925} INFO - DAG(s) 'example_task_group_decorator' retrieved from /home/airflow/.local/lib/python3.12/site-packages/airflow/example_dags/example_task_group_decorator.py
[2024-08-29T00:06:38.079+0000] {logging_mixin.py:190} INFO - [2024-08-29T00:06:38.079+0000] {dag.py:3211} INFO - Sync 1 DAGs
[2024-08-29T00:06:38.109+0000] {logging_mixin.py:190} INFO - [2024-08-29T00:06:38.108+0000] {dag.py:4138} INFO - Setting next_dagrun for example_task_group_decorator to 2024-08-28 00:00:00+00:00, run_after=2024-08-29 00:00:00+00:00
[2024-08-29T00:06:38.136+0000] {processor.py:208} INFO - Processing /home/airflow/.local/lib/python3.12/site-packages/airflow/example_dags/example_task_group_decorator.py took 0.125 seconds
[2024-08-29T00:07:08.199+0000] {processor.py:186} INFO - Started process (PID=806) to work on /home/airflow/.local/lib/python3.12/site-packages/airflow/example_dags/example_task_group_decorator.py
[2024-08-29T00:07:08.201+0000] {processor.py:914} INFO - Processing file /home/airflow/.local/lib/python3.12/site-packages/airflow/example_dags/example_task_group_decorator.py for tasks to queue
[2024-08-29T00:07:08.204+0000] {logging_mixin.py:190} INFO - [2024-08-29T00:07:08.204+0000] {dagbag.py:587} INFO - Filling up the DagBag from /home/airflow/.local/lib/python3.12/site-packages/airflow/example_dags/example_task_group_decorator.py
[2024-08-29T00:07:08.234+0000] {processor.py:925} INFO - DAG(s) 'example_task_group_decorator' retrieved from /home/airflow/.local/lib/python3.12/site-packages/airflow/example_dags/example_task_group_decorator.py
[2024-08-29T00:07:08.275+0000] {logging_mixin.py:190} INFO - [2024-08-29T00:07:08.275+0000] {dag.py:3211} INFO - Sync 1 DAGs
[2024-08-29T00:07:08.330+0000] {logging_mixin.py:190} INFO - [2024-08-29T00:07:08.330+0000] {dag.py:4138} INFO - Setting next_dagrun for example_task_group_decorator to 2024-08-28 00:00:00+00:00, run_after=2024-08-29 00:00:00+00:00
[2024-08-29T00:07:08.362+0000] {processor.py:208} INFO - Processing /home/airflow/.local/lib/python3.12/site-packages/airflow/example_dags/example_task_group_decorator.py took 0.173 seconds
[2024-08-29T00:07:38.571+0000] {processor.py:186} INFO - Started process (PID=868) to work on /home/airflow/.local/lib/python3.12/site-packages/airflow/example_dags/example_task_group_decorator.py
[2024-08-29T00:07:38.573+0000] {processor.py:914} INFO - Processing file /home/airflow/.local/lib/python3.12/site-packages/airflow/example_dags/example_task_group_decorator.py for tasks to queue
[2024-08-29T00:07:38.578+0000] {logging_mixin.py:190} INFO - [2024-08-29T00:07:38.578+0000] {dagbag.py:587} INFO - Filling up the DagBag from /home/airflow/.local/lib/python3.12/site-packages/airflow/example_dags/example_task_group_decorator.py
[2024-08-29T00:07:38.612+0000] {processor.py:925} INFO - DAG(s) 'example_task_group_decorator' retrieved from /home/airflow/.local/lib/python3.12/site-packages/airflow/example_dags/example_task_group_decorator.py
[2024-08-29T00:07:38.705+0000] {logging_mixin.py:190} INFO - [2024-08-29T00:07:38.705+0000] {dag.py:3211} INFO - Sync 1 DAGs
[2024-08-29T00:07:38.766+0000] {logging_mixin.py:190} INFO - [2024-08-29T00:07:38.765+0000] {dag.py:4138} INFO - Setting next_dagrun for example_task_group_decorator to 2024-08-28 00:00:00+00:00, run_after=2024-08-29 00:00:00+00:00
[2024-08-29T00:07:38.818+0000] {processor.py:208} INFO - Processing /home/airflow/.local/lib/python3.12/site-packages/airflow/example_dags/example_task_group_decorator.py took 0.260 seconds
[2024-08-29T00:08:09.701+0000] {processor.py:186} INFO - Started process (PID=931) to work on /home/airflow/.local/lib/python3.12/site-packages/airflow/example_dags/example_task_group_decorator.py
[2024-08-29T00:08:09.702+0000] {processor.py:914} INFO - Processing file /home/airflow/.local/lib/python3.12/site-packages/airflow/example_dags/example_task_group_decorator.py for tasks to queue
[2024-08-29T00:08:09.706+0000] {logging_mixin.py:190} INFO - [2024-08-29T00:08:09.706+0000] {dagbag.py:587} INFO - Filling up the DagBag from /home/airflow/.local/lib/python3.12/site-packages/airflow/example_dags/example_task_group_decorator.py
[2024-08-29T00:08:09.731+0000] {processor.py:925} INFO - DAG(s) 'example_task_group_decorator' retrieved from /home/airflow/.local/lib/python3.12/site-packages/airflow/example_dags/example_task_group_decorator.py
[2024-08-29T00:08:09.770+0000] {logging_mixin.py:190} INFO - [2024-08-29T00:08:09.770+0000] {dag.py:3211} INFO - Sync 1 DAGs
[2024-08-29T00:08:09.803+0000] {logging_mixin.py:190} INFO - [2024-08-29T00:08:09.803+0000] {dag.py:4138} INFO - Setting next_dagrun for example_task_group_decorator to 2024-08-28 00:00:00+00:00, run_after=2024-08-29 00:00:00+00:00
[2024-08-29T00:08:10.002+0000] {processor.py:208} INFO - Processing /home/airflow/.local/lib/python3.12/site-packages/airflow/example_dags/example_task_group_decorator.py took 0.310 seconds
[2024-08-29T00:08:40.374+0000] {processor.py:186} INFO - Started process (PID=994) to work on /home/airflow/.local/lib/python3.12/site-packages/airflow/example_dags/example_task_group_decorator.py
[2024-08-29T00:08:40.375+0000] {processor.py:914} INFO - Processing file /home/airflow/.local/lib/python3.12/site-packages/airflow/example_dags/example_task_group_decorator.py for tasks to queue
[2024-08-29T00:08:40.380+0000] {logging_mixin.py:190} INFO - [2024-08-29T00:08:40.379+0000] {dagbag.py:587} INFO - Filling up the DagBag from /home/airflow/.local/lib/python3.12/site-packages/airflow/example_dags/example_task_group_decorator.py
[2024-08-29T00:08:40.403+0000] {processor.py:925} INFO - DAG(s) 'example_task_group_decorator' retrieved from /home/airflow/.local/lib/python3.12/site-packages/airflow/example_dags/example_task_group_decorator.py
[2024-08-29T00:08:40.438+0000] {logging_mixin.py:190} INFO - [2024-08-29T00:08:40.437+0000] {dag.py:3211} INFO - Sync 1 DAGs
[2024-08-29T00:08:40.468+0000] {logging_mixin.py:190} INFO - [2024-08-29T00:08:40.468+0000] {dag.py:4138} INFO - Setting next_dagrun for example_task_group_decorator to 2024-08-28 00:00:00+00:00, run_after=2024-08-29 00:00:00+00:00
[2024-08-29T00:08:40.506+0000] {processor.py:208} INFO - Processing /home/airflow/.local/lib/python3.12/site-packages/airflow/example_dags/example_task_group_decorator.py took 0.140 seconds
[2024-08-29T00:09:11.242+0000] {processor.py:186} INFO - Started process (PID=1057) to work on /home/airflow/.local/lib/python3.12/site-packages/airflow/example_dags/example_task_group_decorator.py
[2024-08-29T00:09:11.243+0000] {processor.py:914} INFO - Processing file /home/airflow/.local/lib/python3.12/site-packages/airflow/example_dags/example_task_group_decorator.py for tasks to queue
[2024-08-29T00:09:11.249+0000] {logging_mixin.py:190} INFO - [2024-08-29T00:09:11.248+0000] {dagbag.py:587} INFO - Filling up the DagBag from /home/airflow/.local/lib/python3.12/site-packages/airflow/example_dags/example_task_group_decorator.py
[2024-08-29T00:09:11.274+0000] {processor.py:925} INFO - DAG(s) 'example_task_group_decorator' retrieved from /home/airflow/.local/lib/python3.12/site-packages/airflow/example_dags/example_task_group_decorator.py
[2024-08-29T00:09:11.317+0000] {logging_mixin.py:190} INFO - [2024-08-29T00:09:11.317+0000] {dag.py:3211} INFO - Sync 1 DAGs
[2024-08-29T00:09:11.351+0000] {logging_mixin.py:190} INFO - [2024-08-29T00:09:11.350+0000] {dag.py:4138} INFO - Setting next_dagrun for example_task_group_decorator to 2024-08-28 00:00:00+00:00, run_after=2024-08-29 00:00:00+00:00
[2024-08-29T00:09:11.376+0000] {processor.py:208} INFO - Processing /home/airflow/.local/lib/python3.12/site-packages/airflow/example_dags/example_task_group_decorator.py took 0.143 seconds
[2024-08-29T00:09:42.327+0000] {processor.py:186} INFO - Started process (PID=1125) to work on /home/airflow/.local/lib/python3.12/site-packages/airflow/example_dags/example_task_group_decorator.py
[2024-08-29T00:09:42.335+0000] {processor.py:914} INFO - Processing file /home/airflow/.local/lib/python3.12/site-packages/airflow/example_dags/example_task_group_decorator.py for tasks to queue
[2024-08-29T00:09:42.390+0000] {logging_mixin.py:190} INFO - [2024-08-29T00:09:42.349+0000] {dagbag.py:587} INFO - Filling up the DagBag from /home/airflow/.local/lib/python3.12/site-packages/airflow/example_dags/example_task_group_decorator.py
[2024-08-29T00:09:43.007+0000] {processor.py:925} INFO - DAG(s) 'example_task_group_decorator' retrieved from /home/airflow/.local/lib/python3.12/site-packages/airflow/example_dags/example_task_group_decorator.py
[2024-08-29T00:09:44.231+0000] {logging_mixin.py:190} INFO - [2024-08-29T00:09:44.231+0000] {dag.py:3211} INFO - Sync 1 DAGs
[2024-08-29T00:09:44.445+0000] {logging_mixin.py:190} INFO - [2024-08-29T00:09:44.445+0000] {dag.py:4138} INFO - Setting next_dagrun for example_task_group_decorator to 2024-08-28 00:00:00+00:00, run_after=2024-08-29 00:00:00+00:00
[2024-08-29T00:09:44.535+0000] {processor.py:208} INFO - Processing /home/airflow/.local/lib/python3.12/site-packages/airflow/example_dags/example_task_group_decorator.py took 2.300 seconds
[2024-08-29T00:11:53.887+0000] {processor.py:186} INFO - Started process (PID=1226) to work on /home/airflow/.local/lib/python3.12/site-packages/airflow/example_dags/example_task_group_decorator.py
[2024-08-29T00:11:53.889+0000] {processor.py:914} INFO - Processing file /home/airflow/.local/lib/python3.12/site-packages/airflow/example_dags/example_task_group_decorator.py for tasks to queue
[2024-08-29T00:11:53.895+0000] {logging_mixin.py:190} INFO - [2024-08-29T00:11:53.894+0000] {dagbag.py:587} INFO - Filling up the DagBag from /home/airflow/.local/lib/python3.12/site-packages/airflow/example_dags/example_task_group_decorator.py
[2024-08-29T00:11:53.936+0000] {processor.py:925} INFO - DAG(s) 'example_task_group_decorator' retrieved from /home/airflow/.local/lib/python3.12/site-packages/airflow/example_dags/example_task_group_decorator.py
[2024-08-29T00:11:54.005+0000] {logging_mixin.py:190} INFO - [2024-08-29T00:11:54.005+0000] {dag.py:3211} INFO - Sync 1 DAGs
[2024-08-29T00:11:54.057+0000] {logging_mixin.py:190} INFO - [2024-08-29T00:11:54.056+0000] {dag.py:4138} INFO - Setting next_dagrun for example_task_group_decorator to 2024-08-28 00:00:00+00:00, run_after=2024-08-29 00:00:00+00:00
[2024-08-29T00:11:54.103+0000] {processor.py:208} INFO - Processing /home/airflow/.local/lib/python3.12/site-packages/airflow/example_dags/example_task_group_decorator.py took 0.225 seconds
[2024-08-29T00:18:05.559+0000] {processor.py:186} INFO - Started process (PID=118) to work on /home/airflow/.local/lib/python3.12/site-packages/airflow/example_dags/example_task_group_decorator.py
[2024-08-29T00:18:05.561+0000] {processor.py:914} INFO - Processing file /home/airflow/.local/lib/python3.12/site-packages/airflow/example_dags/example_task_group_decorator.py for tasks to queue
[2024-08-29T00:18:05.567+0000] {logging_mixin.py:190} INFO - [2024-08-29T00:18:05.567+0000] {dagbag.py:587} INFO - Filling up the DagBag from /home/airflow/.local/lib/python3.12/site-packages/airflow/example_dags/example_task_group_decorator.py
[2024-08-29T00:18:05.884+0000] {processor.py:925} INFO - DAG(s) 'example_task_group_decorator' retrieved from /home/airflow/.local/lib/python3.12/site-packages/airflow/example_dags/example_task_group_decorator.py
[2024-08-29T00:18:05.993+0000] {logging_mixin.py:190} INFO - [2024-08-29T00:18:05.993+0000] {dag.py:3211} INFO - Sync 1 DAGs
[2024-08-29T00:18:06.043+0000] {logging_mixin.py:190} INFO - [2024-08-29T00:18:06.042+0000] {dag.py:4138} INFO - Setting next_dagrun for example_task_group_decorator to 2024-08-28 00:00:00+00:00, run_after=2024-08-29 00:00:00+00:00
[2024-08-29T00:18:06.084+0000] {processor.py:208} INFO - Processing /home/airflow/.local/lib/python3.12/site-packages/airflow/example_dags/example_task_group_decorator.py took 0.531 seconds
[2024-08-29T00:18:39.510+0000] {processor.py:186} INFO - Started process (PID=185) to work on /home/airflow/.local/lib/python3.12/site-packages/airflow/example_dags/example_task_group_decorator.py
[2024-08-29T00:18:39.516+0000] {processor.py:914} INFO - Processing file /home/airflow/.local/lib/python3.12/site-packages/airflow/example_dags/example_task_group_decorator.py for tasks to queue
[2024-08-29T00:18:39.531+0000] {logging_mixin.py:190} INFO - [2024-08-29T00:18:39.528+0000] {dagbag.py:587} INFO - Filling up the DagBag from /home/airflow/.local/lib/python3.12/site-packages/airflow/example_dags/example_task_group_decorator.py
[2024-08-29T00:18:39.641+0000] {processor.py:925} INFO - DAG(s) 'example_task_group_decorator' retrieved from /home/airflow/.local/lib/python3.12/site-packages/airflow/example_dags/example_task_group_decorator.py
[2024-08-29T00:18:39.812+0000] {logging_mixin.py:190} INFO - [2024-08-29T00:18:39.811+0000] {dag.py:3211} INFO - Sync 1 DAGs
[2024-08-29T00:18:40.022+0000] {logging_mixin.py:190} INFO - [2024-08-29T00:18:40.021+0000] {dag.py:4138} INFO - Setting next_dagrun for example_task_group_decorator to 2024-08-28 00:00:00+00:00, run_after=2024-08-29 00:00:00+00:00
[2024-08-29T00:18:40.179+0000] {processor.py:208} INFO - Processing /home/airflow/.local/lib/python3.12/site-packages/airflow/example_dags/example_task_group_decorator.py took 0.688 seconds
[2024-08-29T00:19:10.502+0000] {processor.py:186} INFO - Started process (PID=248) to work on /home/airflow/.local/lib/python3.12/site-packages/airflow/example_dags/example_task_group_decorator.py
[2024-08-29T00:19:10.503+0000] {processor.py:914} INFO - Processing file /home/airflow/.local/lib/python3.12/site-packages/airflow/example_dags/example_task_group_decorator.py for tasks to queue
[2024-08-29T00:19:10.507+0000] {logging_mixin.py:190} INFO - [2024-08-29T00:19:10.506+0000] {dagbag.py:587} INFO - Filling up the DagBag from /home/airflow/.local/lib/python3.12/site-packages/airflow/example_dags/example_task_group_decorator.py
[2024-08-29T00:19:10.542+0000] {processor.py:925} INFO - DAG(s) 'example_task_group_decorator' retrieved from /home/airflow/.local/lib/python3.12/site-packages/airflow/example_dags/example_task_group_decorator.py
[2024-08-29T00:19:10.600+0000] {logging_mixin.py:190} INFO - [2024-08-29T00:19:10.600+0000] {dag.py:3211} INFO - Sync 1 DAGs
[2024-08-29T00:19:10.654+0000] {logging_mixin.py:190} INFO - [2024-08-29T00:19:10.654+0000] {dag.py:4138} INFO - Setting next_dagrun for example_task_group_decorator to 2024-08-28 00:00:00+00:00, run_after=2024-08-29 00:00:00+00:00
[2024-08-29T00:19:10.703+0000] {processor.py:208} INFO - Processing /home/airflow/.local/lib/python3.12/site-packages/airflow/example_dags/example_task_group_decorator.py took 0.211 seconds
[2024-08-29T00:19:41.317+0000] {processor.py:186} INFO - Started process (PID=311) to work on /home/airflow/.local/lib/python3.12/site-packages/airflow/example_dags/example_task_group_decorator.py
[2024-08-29T00:19:41.320+0000] {processor.py:914} INFO - Processing file /home/airflow/.local/lib/python3.12/site-packages/airflow/example_dags/example_task_group_decorator.py for tasks to queue
[2024-08-29T00:19:41.329+0000] {logging_mixin.py:190} INFO - [2024-08-29T00:19:41.328+0000] {dagbag.py:587} INFO - Filling up the DagBag from /home/airflow/.local/lib/python3.12/site-packages/airflow/example_dags/example_task_group_decorator.py
[2024-08-29T00:19:41.385+0000] {processor.py:925} INFO - DAG(s) 'example_task_group_decorator' retrieved from /home/airflow/.local/lib/python3.12/site-packages/airflow/example_dags/example_task_group_decorator.py
[2024-08-29T00:19:41.497+0000] {logging_mixin.py:190} INFO - [2024-08-29T00:19:41.496+0000] {dag.py:3211} INFO - Sync 1 DAGs
[2024-08-29T00:19:41.590+0000] {logging_mixin.py:190} INFO - [2024-08-29T00:19:41.590+0000] {dag.py:4138} INFO - Setting next_dagrun for example_task_group_decorator to 2024-08-28 00:00:00+00:00, run_after=2024-08-29 00:00:00+00:00
[2024-08-29T00:19:41.676+0000] {processor.py:208} INFO - Processing /home/airflow/.local/lib/python3.12/site-packages/airflow/example_dags/example_task_group_decorator.py took 0.371 seconds
[2024-08-29T00:20:12.444+0000] {processor.py:186} INFO - Started process (PID=373) to work on /home/airflow/.local/lib/python3.12/site-packages/airflow/example_dags/example_task_group_decorator.py
[2024-08-29T00:20:12.446+0000] {processor.py:914} INFO - Processing file /home/airflow/.local/lib/python3.12/site-packages/airflow/example_dags/example_task_group_decorator.py for tasks to queue
[2024-08-29T00:20:12.454+0000] {logging_mixin.py:190} INFO - [2024-08-29T00:20:12.453+0000] {dagbag.py:587} INFO - Filling up the DagBag from /home/airflow/.local/lib/python3.12/site-packages/airflow/example_dags/example_task_group_decorator.py
[2024-08-29T00:20:12.548+0000] {processor.py:925} INFO - DAG(s) 'example_task_group_decorator' retrieved from /home/airflow/.local/lib/python3.12/site-packages/airflow/example_dags/example_task_group_decorator.py
[2024-08-29T00:20:12.647+0000] {logging_mixin.py:190} INFO - [2024-08-29T00:20:12.647+0000] {dag.py:3211} INFO - Sync 1 DAGs
[2024-08-29T00:20:12.693+0000] {logging_mixin.py:190} INFO - [2024-08-29T00:20:12.693+0000] {dag.py:4138} INFO - Setting next_dagrun for example_task_group_decorator to 2024-08-28 00:00:00+00:00, run_after=2024-08-29 00:00:00+00:00
[2024-08-29T00:20:12.721+0000] {processor.py:208} INFO - Processing /home/airflow/.local/lib/python3.12/site-packages/airflow/example_dags/example_task_group_decorator.py took 0.295 seconds
[2024-08-29T00:20:43.054+0000] {processor.py:186} INFO - Started process (PID=436) to work on /home/airflow/.local/lib/python3.12/site-packages/airflow/example_dags/example_task_group_decorator.py
[2024-08-29T00:20:43.055+0000] {processor.py:914} INFO - Processing file /home/airflow/.local/lib/python3.12/site-packages/airflow/example_dags/example_task_group_decorator.py for tasks to queue
[2024-08-29T00:20:43.060+0000] {logging_mixin.py:190} INFO - [2024-08-29T00:20:43.059+0000] {dagbag.py:587} INFO - Filling up the DagBag from /home/airflow/.local/lib/python3.12/site-packages/airflow/example_dags/example_task_group_decorator.py
[2024-08-29T00:20:43.092+0000] {processor.py:925} INFO - DAG(s) 'example_task_group_decorator' retrieved from /home/airflow/.local/lib/python3.12/site-packages/airflow/example_dags/example_task_group_decorator.py
[2024-08-29T00:20:43.141+0000] {logging_mixin.py:190} INFO - [2024-08-29T00:20:43.140+0000] {dag.py:3211} INFO - Sync 1 DAGs
[2024-08-29T00:20:43.185+0000] {logging_mixin.py:190} INFO - [2024-08-29T00:20:43.184+0000] {dag.py:4138} INFO - Setting next_dagrun for example_task_group_decorator to 2024-08-28 00:00:00+00:00, run_after=2024-08-29 00:00:00+00:00
[2024-08-29T00:20:44.015+0000] {processor.py:208} INFO - Processing /home/airflow/.local/lib/python3.12/site-packages/airflow/example_dags/example_task_group_decorator.py took 0.973 seconds
[2024-08-29T00:21:14.257+0000] {processor.py:186} INFO - Started process (PID=499) to work on /home/airflow/.local/lib/python3.12/site-packages/airflow/example_dags/example_task_group_decorator.py
[2024-08-29T00:21:14.259+0000] {processor.py:914} INFO - Processing file /home/airflow/.local/lib/python3.12/site-packages/airflow/example_dags/example_task_group_decorator.py for tasks to queue
[2024-08-29T00:21:14.262+0000] {logging_mixin.py:190} INFO - [2024-08-29T00:21:14.262+0000] {dagbag.py:587} INFO - Filling up the DagBag from /home/airflow/.local/lib/python3.12/site-packages/airflow/example_dags/example_task_group_decorator.py
[2024-08-29T00:21:14.292+0000] {processor.py:925} INFO - DAG(s) 'example_task_group_decorator' retrieved from /home/airflow/.local/lib/python3.12/site-packages/airflow/example_dags/example_task_group_decorator.py
[2024-08-29T00:21:14.331+0000] {logging_mixin.py:190} INFO - [2024-08-29T00:21:14.331+0000] {dag.py:3211} INFO - Sync 1 DAGs
[2024-08-29T00:21:14.374+0000] {logging_mixin.py:190} INFO - [2024-08-29T00:21:14.373+0000] {dag.py:4138} INFO - Setting next_dagrun for example_task_group_decorator to 2024-08-28 00:00:00+00:00, run_after=2024-08-29 00:00:00+00:00
[2024-08-29T00:21:14.428+0000] {processor.py:208} INFO - Processing /home/airflow/.local/lib/python3.12/site-packages/airflow/example_dags/example_task_group_decorator.py took 0.181 seconds
[2024-08-29T00:21:45.064+0000] {processor.py:186} INFO - Started process (PID=562) to work on /home/airflow/.local/lib/python3.12/site-packages/airflow/example_dags/example_task_group_decorator.py
[2024-08-29T00:21:45.065+0000] {processor.py:914} INFO - Processing file /home/airflow/.local/lib/python3.12/site-packages/airflow/example_dags/example_task_group_decorator.py for tasks to queue
[2024-08-29T00:21:45.069+0000] {logging_mixin.py:190} INFO - [2024-08-29T00:21:45.068+0000] {dagbag.py:587} INFO - Filling up the DagBag from /home/airflow/.local/lib/python3.12/site-packages/airflow/example_dags/example_task_group_decorator.py
[2024-08-29T00:21:45.091+0000] {processor.py:925} INFO - DAG(s) 'example_task_group_decorator' retrieved from /home/airflow/.local/lib/python3.12/site-packages/airflow/example_dags/example_task_group_decorator.py
[2024-08-29T00:21:45.134+0000] {logging_mixin.py:190} INFO - [2024-08-29T00:21:45.134+0000] {dag.py:3211} INFO - Sync 1 DAGs
[2024-08-29T00:21:45.174+0000] {logging_mixin.py:190} INFO - [2024-08-29T00:21:45.174+0000] {dag.py:4138} INFO - Setting next_dagrun for example_task_group_decorator to 2024-08-28 00:00:00+00:00, run_after=2024-08-29 00:00:00+00:00
[2024-08-29T00:21:45.256+0000] {processor.py:208} INFO - Processing /home/airflow/.local/lib/python3.12/site-packages/airflow/example_dags/example_task_group_decorator.py took 0.200 seconds
[2024-08-29T00:22:15.834+0000] {processor.py:186} INFO - Started process (PID=625) to work on /home/airflow/.local/lib/python3.12/site-packages/airflow/example_dags/example_task_group_decorator.py
[2024-08-29T00:22:15.836+0000] {processor.py:914} INFO - Processing file /home/airflow/.local/lib/python3.12/site-packages/airflow/example_dags/example_task_group_decorator.py for tasks to queue
[2024-08-29T00:22:15.851+0000] {logging_mixin.py:190} INFO - [2024-08-29T00:22:15.850+0000] {dagbag.py:587} INFO - Filling up the DagBag from /home/airflow/.local/lib/python3.12/site-packages/airflow/example_dags/example_task_group_decorator.py
[2024-08-29T00:22:15.912+0000] {processor.py:925} INFO - DAG(s) 'example_task_group_decorator' retrieved from /home/airflow/.local/lib/python3.12/site-packages/airflow/example_dags/example_task_group_decorator.py
[2024-08-29T00:22:15.971+0000] {logging_mixin.py:190} INFO - [2024-08-29T00:22:15.970+0000] {dag.py:3211} INFO - Sync 1 DAGs
[2024-08-29T00:22:16.015+0000] {logging_mixin.py:190} INFO - [2024-08-29T00:22:16.014+0000] {dag.py:4138} INFO - Setting next_dagrun for example_task_group_decorator to 2024-08-28 00:00:00+00:00, run_after=2024-08-29 00:00:00+00:00
[2024-08-29T00:22:16.051+0000] {processor.py:208} INFO - Processing /home/airflow/.local/lib/python3.12/site-packages/airflow/example_dags/example_task_group_decorator.py took 0.240 seconds
[2024-08-29T00:22:46.350+0000] {processor.py:186} INFO - Started process (PID=689) to work on /home/airflow/.local/lib/python3.12/site-packages/airflow/example_dags/example_task_group_decorator.py
[2024-08-29T00:22:46.352+0000] {processor.py:914} INFO - Processing file /home/airflow/.local/lib/python3.12/site-packages/airflow/example_dags/example_task_group_decorator.py for tasks to queue
[2024-08-29T00:22:46.357+0000] {logging_mixin.py:190} INFO - [2024-08-29T00:22:46.356+0000] {dagbag.py:587} INFO - Filling up the DagBag from /home/airflow/.local/lib/python3.12/site-packages/airflow/example_dags/example_task_group_decorator.py
[2024-08-29T00:22:46.392+0000] {processor.py:925} INFO - DAG(s) 'example_task_group_decorator' retrieved from /home/airflow/.local/lib/python3.12/site-packages/airflow/example_dags/example_task_group_decorator.py
[2024-08-29T00:22:46.438+0000] {logging_mixin.py:190} INFO - [2024-08-29T00:22:46.438+0000] {dag.py:3211} INFO - Sync 1 DAGs
[2024-08-29T00:22:46.518+0000] {logging_mixin.py:190} INFO - [2024-08-29T00:22:46.518+0000] {dag.py:4138} INFO - Setting next_dagrun for example_task_group_decorator to 2024-08-28 00:00:00+00:00, run_after=2024-08-29 00:00:00+00:00
[2024-08-29T00:22:46.571+0000] {processor.py:208} INFO - Processing /home/airflow/.local/lib/python3.12/site-packages/airflow/example_dags/example_task_group_decorator.py took 0.232 seconds
[2024-08-29T00:23:17.045+0000] {processor.py:186} INFO - Started process (PID=751) to work on /home/airflow/.local/lib/python3.12/site-packages/airflow/example_dags/example_task_group_decorator.py
[2024-08-29T00:23:17.046+0000] {processor.py:914} INFO - Processing file /home/airflow/.local/lib/python3.12/site-packages/airflow/example_dags/example_task_group_decorator.py for tasks to queue
[2024-08-29T00:23:17.051+0000] {logging_mixin.py:190} INFO - [2024-08-29T00:23:17.050+0000] {dagbag.py:587} INFO - Filling up the DagBag from /home/airflow/.local/lib/python3.12/site-packages/airflow/example_dags/example_task_group_decorator.py
[2024-08-29T00:23:17.078+0000] {processor.py:925} INFO - DAG(s) 'example_task_group_decorator' retrieved from /home/airflow/.local/lib/python3.12/site-packages/airflow/example_dags/example_task_group_decorator.py
[2024-08-29T00:23:17.121+0000] {logging_mixin.py:190} INFO - [2024-08-29T00:23:17.121+0000] {dag.py:3211} INFO - Sync 1 DAGs
[2024-08-29T00:23:17.154+0000] {logging_mixin.py:190} INFO - [2024-08-29T00:23:17.154+0000] {dag.py:4138} INFO - Setting next_dagrun for example_task_group_decorator to 2024-08-28 00:00:00+00:00, run_after=2024-08-29 00:00:00+00:00
[2024-08-29T00:23:17.190+0000] {processor.py:208} INFO - Processing /home/airflow/.local/lib/python3.12/site-packages/airflow/example_dags/example_task_group_decorator.py took 0.153 seconds
[2024-08-29T00:23:47.778+0000] {processor.py:186} INFO - Started process (PID=814) to work on /home/airflow/.local/lib/python3.12/site-packages/airflow/example_dags/example_task_group_decorator.py
[2024-08-29T00:23:47.788+0000] {processor.py:914} INFO - Processing file /home/airflow/.local/lib/python3.12/site-packages/airflow/example_dags/example_task_group_decorator.py for tasks to queue
[2024-08-29T00:23:47.793+0000] {logging_mixin.py:190} INFO - [2024-08-29T00:23:47.792+0000] {dagbag.py:587} INFO - Filling up the DagBag from /home/airflow/.local/lib/python3.12/site-packages/airflow/example_dags/example_task_group_decorator.py
[2024-08-29T00:23:47.864+0000] {processor.py:925} INFO - DAG(s) 'example_task_group_decorator' retrieved from /home/airflow/.local/lib/python3.12/site-packages/airflow/example_dags/example_task_group_decorator.py
[2024-08-29T00:23:47.917+0000] {logging_mixin.py:190} INFO - [2024-08-29T00:23:47.917+0000] {dag.py:3211} INFO - Sync 1 DAGs
[2024-08-29T00:23:47.951+0000] {logging_mixin.py:190} INFO - [2024-08-29T00:23:47.951+0000] {dag.py:4138} INFO - Setting next_dagrun for example_task_group_decorator to 2024-08-28 00:00:00+00:00, run_after=2024-08-29 00:00:00+00:00
[2024-08-29T00:23:47.992+0000] {processor.py:208} INFO - Processing /home/airflow/.local/lib/python3.12/site-packages/airflow/example_dags/example_task_group_decorator.py took 0.236 seconds
[2024-08-29T00:24:18.605+0000] {processor.py:186} INFO - Started process (PID=876) to work on /home/airflow/.local/lib/python3.12/site-packages/airflow/example_dags/example_task_group_decorator.py
[2024-08-29T00:24:18.607+0000] {processor.py:914} INFO - Processing file /home/airflow/.local/lib/python3.12/site-packages/airflow/example_dags/example_task_group_decorator.py for tasks to queue
[2024-08-29T00:24:18.611+0000] {logging_mixin.py:190} INFO - [2024-08-29T00:24:18.610+0000] {dagbag.py:587} INFO - Filling up the DagBag from /home/airflow/.local/lib/python3.12/site-packages/airflow/example_dags/example_task_group_decorator.py
[2024-08-29T00:24:18.646+0000] {processor.py:925} INFO - DAG(s) 'example_task_group_decorator' retrieved from /home/airflow/.local/lib/python3.12/site-packages/airflow/example_dags/example_task_group_decorator.py
[2024-08-29T00:24:18.695+0000] {logging_mixin.py:190} INFO - [2024-08-29T00:24:18.694+0000] {dag.py:3211} INFO - Sync 1 DAGs
[2024-08-29T00:24:18.744+0000] {logging_mixin.py:190} INFO - [2024-08-29T00:24:18.744+0000] {dag.py:4138} INFO - Setting next_dagrun for example_task_group_decorator to 2024-08-28 00:00:00+00:00, run_after=2024-08-29 00:00:00+00:00
[2024-08-29T00:24:18.786+0000] {processor.py:208} INFO - Processing /home/airflow/.local/lib/python3.12/site-packages/airflow/example_dags/example_task_group_decorator.py took 0.194 seconds
[2024-08-29T00:24:49.738+0000] {processor.py:186} INFO - Started process (PID=940) to work on /home/airflow/.local/lib/python3.12/site-packages/airflow/example_dags/example_task_group_decorator.py
[2024-08-29T00:24:49.739+0000] {processor.py:914} INFO - Processing file /home/airflow/.local/lib/python3.12/site-packages/airflow/example_dags/example_task_group_decorator.py for tasks to queue
[2024-08-29T00:24:49.742+0000] {logging_mixin.py:190} INFO - [2024-08-29T00:24:49.742+0000] {dagbag.py:587} INFO - Filling up the DagBag from /home/airflow/.local/lib/python3.12/site-packages/airflow/example_dags/example_task_group_decorator.py
[2024-08-29T00:24:49.764+0000] {processor.py:925} INFO - DAG(s) 'example_task_group_decorator' retrieved from /home/airflow/.local/lib/python3.12/site-packages/airflow/example_dags/example_task_group_decorator.py
[2024-08-29T00:24:49.803+0000] {logging_mixin.py:190} INFO - [2024-08-29T00:24:49.802+0000] {dag.py:3211} INFO - Sync 1 DAGs
[2024-08-29T00:24:49.837+0000] {logging_mixin.py:190} INFO - [2024-08-29T00:24:49.837+0000] {dag.py:4138} INFO - Setting next_dagrun for example_task_group_decorator to 2024-08-28 00:00:00+00:00, run_after=2024-08-29 00:00:00+00:00
[2024-08-29T00:24:49.889+0000] {processor.py:208} INFO - Processing /home/airflow/.local/lib/python3.12/site-packages/airflow/example_dags/example_task_group_decorator.py took 0.160 seconds
[2024-08-29T00:25:21.189+0000] {processor.py:186} INFO - Started process (PID=1003) to work on /home/airflow/.local/lib/python3.12/site-packages/airflow/example_dags/example_task_group_decorator.py
[2024-08-29T00:25:21.190+0000] {processor.py:914} INFO - Processing file /home/airflow/.local/lib/python3.12/site-packages/airflow/example_dags/example_task_group_decorator.py for tasks to queue
[2024-08-29T00:25:21.195+0000] {logging_mixin.py:190} INFO - [2024-08-29T00:25:21.194+0000] {dagbag.py:587} INFO - Filling up the DagBag from /home/airflow/.local/lib/python3.12/site-packages/airflow/example_dags/example_task_group_decorator.py
[2024-08-29T00:25:21.259+0000] {processor.py:925} INFO - DAG(s) 'example_task_group_decorator' retrieved from /home/airflow/.local/lib/python3.12/site-packages/airflow/example_dags/example_task_group_decorator.py
[2024-08-29T00:25:21.328+0000] {logging_mixin.py:190} INFO - [2024-08-29T00:25:21.328+0000] {dag.py:3211} INFO - Sync 1 DAGs
[2024-08-29T00:25:21.369+0000] {logging_mixin.py:190} INFO - [2024-08-29T00:25:21.369+0000] {dag.py:4138} INFO - Setting next_dagrun for example_task_group_decorator to 2024-08-28 00:00:00+00:00, run_after=2024-08-29 00:00:00+00:00
[2024-08-29T00:25:21.424+0000] {processor.py:208} INFO - Processing /home/airflow/.local/lib/python3.12/site-packages/airflow/example_dags/example_task_group_decorator.py took 0.245 seconds
[2024-08-29T00:25:54.064+0000] {processor.py:186} INFO - Started process (PID=1066) to work on /home/airflow/.local/lib/python3.12/site-packages/airflow/example_dags/example_task_group_decorator.py
[2024-08-29T00:25:54.068+0000] {processor.py:914} INFO - Processing file /home/airflow/.local/lib/python3.12/site-packages/airflow/example_dags/example_task_group_decorator.py for tasks to queue
[2024-08-29T00:25:54.074+0000] {logging_mixin.py:190} INFO - [2024-08-29T00:25:54.073+0000] {dagbag.py:587} INFO - Filling up the DagBag from /home/airflow/.local/lib/python3.12/site-packages/airflow/example_dags/example_task_group_decorator.py
[2024-08-29T00:25:54.116+0000] {processor.py:925} INFO - DAG(s) 'example_task_group_decorator' retrieved from /home/airflow/.local/lib/python3.12/site-packages/airflow/example_dags/example_task_group_decorator.py
[2024-08-29T00:25:54.206+0000] {logging_mixin.py:190} INFO - [2024-08-29T00:25:54.206+0000] {dag.py:3211} INFO - Sync 1 DAGs
[2024-08-29T00:25:54.280+0000] {logging_mixin.py:190} INFO - [2024-08-29T00:25:54.280+0000] {dag.py:4138} INFO - Setting next_dagrun for example_task_group_decorator to 2024-08-28 00:00:00+00:00, run_after=2024-08-29 00:00:00+00:00
[2024-08-29T00:25:54.332+0000] {processor.py:208} INFO - Processing /home/airflow/.local/lib/python3.12/site-packages/airflow/example_dags/example_task_group_decorator.py took 0.284 seconds
[2024-08-29T00:26:24.752+0000] {processor.py:186} INFO - Started process (PID=1129) to work on /home/airflow/.local/lib/python3.12/site-packages/airflow/example_dags/example_task_group_decorator.py
[2024-08-29T00:26:24.753+0000] {processor.py:914} INFO - Processing file /home/airflow/.local/lib/python3.12/site-packages/airflow/example_dags/example_task_group_decorator.py for tasks to queue
[2024-08-29T00:26:24.757+0000] {logging_mixin.py:190} INFO - [2024-08-29T00:26:24.757+0000] {dagbag.py:587} INFO - Filling up the DagBag from /home/airflow/.local/lib/python3.12/site-packages/airflow/example_dags/example_task_group_decorator.py
[2024-08-29T00:26:24.801+0000] {processor.py:925} INFO - DAG(s) 'example_task_group_decorator' retrieved from /home/airflow/.local/lib/python3.12/site-packages/airflow/example_dags/example_task_group_decorator.py
[2024-08-29T00:26:24.857+0000] {logging_mixin.py:190} INFO - [2024-08-29T00:26:24.857+0000] {dag.py:3211} INFO - Sync 1 DAGs
[2024-08-29T00:26:24.898+0000] {logging_mixin.py:190} INFO - [2024-08-29T00:26:24.897+0000] {dag.py:4138} INFO - Setting next_dagrun for example_task_group_decorator to 2024-08-28 00:00:00+00:00, run_after=2024-08-29 00:00:00+00:00
[2024-08-29T00:26:24.928+0000] {processor.py:208} INFO - Processing /home/airflow/.local/lib/python3.12/site-packages/airflow/example_dags/example_task_group_decorator.py took 0.187 seconds
[2024-08-29T00:26:55.938+0000] {processor.py:186} INFO - Started process (PID=1193) to work on /home/airflow/.local/lib/python3.12/site-packages/airflow/example_dags/example_task_group_decorator.py
[2024-08-29T00:26:55.940+0000] {processor.py:914} INFO - Processing file /home/airflow/.local/lib/python3.12/site-packages/airflow/example_dags/example_task_group_decorator.py for tasks to queue
[2024-08-29T00:26:55.943+0000] {logging_mixin.py:190} INFO - [2024-08-29T00:26:55.942+0000] {dagbag.py:587} INFO - Filling up the DagBag from /home/airflow/.local/lib/python3.12/site-packages/airflow/example_dags/example_task_group_decorator.py
[2024-08-29T00:26:55.965+0000] {processor.py:925} INFO - DAG(s) 'example_task_group_decorator' retrieved from /home/airflow/.local/lib/python3.12/site-packages/airflow/example_dags/example_task_group_decorator.py
[2024-08-29T00:26:55.999+0000] {logging_mixin.py:190} INFO - [2024-08-29T00:26:55.999+0000] {dag.py:3211} INFO - Sync 1 DAGs
[2024-08-29T00:26:56.030+0000] {logging_mixin.py:190} INFO - [2024-08-29T00:26:56.030+0000] {dag.py:4138} INFO - Setting next_dagrun for example_task_group_decorator to 2024-08-28 00:00:00+00:00, run_after=2024-08-29 00:00:00+00:00
[2024-08-29T00:26:56.074+0000] {processor.py:208} INFO - Processing /home/airflow/.local/lib/python3.12/site-packages/airflow/example_dags/example_task_group_decorator.py took 0.145 seconds
[2024-08-29T00:27:26.929+0000] {processor.py:186} INFO - Started process (PID=1256) to work on /home/airflow/.local/lib/python3.12/site-packages/airflow/example_dags/example_task_group_decorator.py
[2024-08-29T00:27:26.930+0000] {processor.py:914} INFO - Processing file /home/airflow/.local/lib/python3.12/site-packages/airflow/example_dags/example_task_group_decorator.py for tasks to queue
[2024-08-29T00:27:26.935+0000] {logging_mixin.py:190} INFO - [2024-08-29T00:27:26.935+0000] {dagbag.py:587} INFO - Filling up the DagBag from /home/airflow/.local/lib/python3.12/site-packages/airflow/example_dags/example_task_group_decorator.py
[2024-08-29T00:27:26.976+0000] {processor.py:925} INFO - DAG(s) 'example_task_group_decorator' retrieved from /home/airflow/.local/lib/python3.12/site-packages/airflow/example_dags/example_task_group_decorator.py
[2024-08-29T00:27:27.015+0000] {logging_mixin.py:190} INFO - [2024-08-29T00:27:27.015+0000] {dag.py:3211} INFO - Sync 1 DAGs
[2024-08-29T00:27:27.059+0000] {logging_mixin.py:190} INFO - [2024-08-29T00:27:27.059+0000] {dag.py:4138} INFO - Setting next_dagrun for example_task_group_decorator to 2024-08-28 00:00:00+00:00, run_after=2024-08-29 00:00:00+00:00
[2024-08-29T00:27:27.085+0000] {processor.py:208} INFO - Processing /home/airflow/.local/lib/python3.12/site-packages/airflow/example_dags/example_task_group_decorator.py took 0.165 seconds
[2024-08-29T00:27:58.075+0000] {processor.py:186} INFO - Started process (PID=1325) to work on /home/airflow/.local/lib/python3.12/site-packages/airflow/example_dags/example_task_group_decorator.py
[2024-08-29T00:27:58.077+0000] {processor.py:914} INFO - Processing file /home/airflow/.local/lib/python3.12/site-packages/airflow/example_dags/example_task_group_decorator.py for tasks to queue
[2024-08-29T00:27:58.083+0000] {logging_mixin.py:190} INFO - [2024-08-29T00:27:58.082+0000] {dagbag.py:587} INFO - Filling up the DagBag from /home/airflow/.local/lib/python3.12/site-packages/airflow/example_dags/example_task_group_decorator.py
[2024-08-29T00:27:58.125+0000] {processor.py:925} INFO - DAG(s) 'example_task_group_decorator' retrieved from /home/airflow/.local/lib/python3.12/site-packages/airflow/example_dags/example_task_group_decorator.py
[2024-08-29T00:27:58.210+0000] {logging_mixin.py:190} INFO - [2024-08-29T00:27:58.210+0000] {dag.py:3211} INFO - Sync 1 DAGs
[2024-08-29T00:27:58.271+0000] {logging_mixin.py:190} INFO - [2024-08-29T00:27:58.270+0000] {dag.py:4138} INFO - Setting next_dagrun for example_task_group_decorator to 2024-08-28 00:00:00+00:00, run_after=2024-08-29 00:00:00+00:00
[2024-08-29T00:27:58.329+0000] {processor.py:208} INFO - Processing /home/airflow/.local/lib/python3.12/site-packages/airflow/example_dags/example_task_group_decorator.py took 0.266 seconds
[2024-08-29T00:28:28.461+0000] {processor.py:186} INFO - Started process (PID=1388) to work on /home/airflow/.local/lib/python3.12/site-packages/airflow/example_dags/example_task_group_decorator.py
[2024-08-29T00:28:28.463+0000] {processor.py:914} INFO - Processing file /home/airflow/.local/lib/python3.12/site-packages/airflow/example_dags/example_task_group_decorator.py for tasks to queue
[2024-08-29T00:28:28.471+0000] {logging_mixin.py:190} INFO - [2024-08-29T00:28:28.470+0000] {dagbag.py:587} INFO - Filling up the DagBag from /home/airflow/.local/lib/python3.12/site-packages/airflow/example_dags/example_task_group_decorator.py
[2024-08-29T00:28:28.508+0000] {processor.py:925} INFO - DAG(s) 'example_task_group_decorator' retrieved from /home/airflow/.local/lib/python3.12/site-packages/airflow/example_dags/example_task_group_decorator.py
[2024-08-29T00:28:28.565+0000] {logging_mixin.py:190} INFO - [2024-08-29T00:28:28.565+0000] {dag.py:3211} INFO - Sync 1 DAGs
[2024-08-29T00:28:28.604+0000] {logging_mixin.py:190} INFO - [2024-08-29T00:28:28.604+0000] {dag.py:4138} INFO - Setting next_dagrun for example_task_group_decorator to 2024-08-28 00:00:00+00:00, run_after=2024-08-29 00:00:00+00:00
[2024-08-29T00:28:28.633+0000] {processor.py:208} INFO - Processing /home/airflow/.local/lib/python3.12/site-packages/airflow/example_dags/example_task_group_decorator.py took 0.187 seconds
[2024-08-29T00:28:59.148+0000] {processor.py:186} INFO - Started process (PID=1451) to work on /home/airflow/.local/lib/python3.12/site-packages/airflow/example_dags/example_task_group_decorator.py
[2024-08-29T00:28:59.150+0000] {processor.py:914} INFO - Processing file /home/airflow/.local/lib/python3.12/site-packages/airflow/example_dags/example_task_group_decorator.py for tasks to queue
[2024-08-29T00:28:59.154+0000] {logging_mixin.py:190} INFO - [2024-08-29T00:28:59.153+0000] {dagbag.py:587} INFO - Filling up the DagBag from /home/airflow/.local/lib/python3.12/site-packages/airflow/example_dags/example_task_group_decorator.py
[2024-08-29T00:28:59.203+0000] {processor.py:925} INFO - DAG(s) 'example_task_group_decorator' retrieved from /home/airflow/.local/lib/python3.12/site-packages/airflow/example_dags/example_task_group_decorator.py
[2024-08-29T00:28:59.243+0000] {logging_mixin.py:190} INFO - [2024-08-29T00:28:59.243+0000] {dag.py:3211} INFO - Sync 1 DAGs
[2024-08-29T00:28:59.282+0000] {logging_mixin.py:190} INFO - [2024-08-29T00:28:59.282+0000] {dag.py:4138} INFO - Setting next_dagrun for example_task_group_decorator to 2024-08-28 00:00:00+00:00, run_after=2024-08-29 00:00:00+00:00
[2024-08-29T00:28:59.310+0000] {processor.py:208} INFO - Processing /home/airflow/.local/lib/python3.12/site-packages/airflow/example_dags/example_task_group_decorator.py took 0.173 seconds
[2024-08-29T00:33:11.126+0000] {processor.py:186} INFO - Started process (PID=116) to work on /home/airflow/.local/lib/python3.12/site-packages/airflow/example_dags/example_task_group_decorator.py
[2024-08-29T00:33:11.136+0000] {processor.py:914} INFO - Processing file /home/airflow/.local/lib/python3.12/site-packages/airflow/example_dags/example_task_group_decorator.py for tasks to queue
[2024-08-29T00:33:11.268+0000] {logging_mixin.py:190} INFO - [2024-08-29T00:33:11.264+0000] {dagbag.py:587} INFO - Filling up the DagBag from /home/airflow/.local/lib/python3.12/site-packages/airflow/example_dags/example_task_group_decorator.py
[2024-08-29T00:33:11.342+0000] {processor.py:925} INFO - DAG(s) 'example_task_group_decorator' retrieved from /home/airflow/.local/lib/python3.12/site-packages/airflow/example_dags/example_task_group_decorator.py
[2024-08-29T00:33:11.553+0000] {logging_mixin.py:190} INFO - [2024-08-29T00:33:11.552+0000] {dag.py:3211} INFO - Sync 1 DAGs
[2024-08-29T00:33:12.792+0000] {logging_mixin.py:190} INFO - [2024-08-29T00:33:12.789+0000] {dag.py:4138} INFO - Setting next_dagrun for example_task_group_decorator to 2024-08-28 00:00:00+00:00, run_after=2024-08-29 00:00:00+00:00
[2024-08-29T00:33:13.082+0000] {processor.py:208} INFO - Processing /home/airflow/.local/lib/python3.12/site-packages/airflow/example_dags/example_task_group_decorator.py took 2.870 seconds
[2024-08-29T00:33:44.911+0000] {processor.py:186} INFO - Started process (PID=179) to work on /home/airflow/.local/lib/python3.12/site-packages/airflow/example_dags/example_task_group_decorator.py
[2024-08-29T00:33:44.914+0000] {processor.py:914} INFO - Processing file /home/airflow/.local/lib/python3.12/site-packages/airflow/example_dags/example_task_group_decorator.py for tasks to queue
[2024-08-29T00:33:44.928+0000] {logging_mixin.py:190} INFO - [2024-08-29T00:33:44.927+0000] {dagbag.py:587} INFO - Filling up the DagBag from /home/airflow/.local/lib/python3.12/site-packages/airflow/example_dags/example_task_group_decorator.py
[2024-08-29T00:33:45.025+0000] {processor.py:925} INFO - DAG(s) 'example_task_group_decorator' retrieved from /home/airflow/.local/lib/python3.12/site-packages/airflow/example_dags/example_task_group_decorator.py
[2024-08-29T00:33:45.104+0000] {logging_mixin.py:190} INFO - [2024-08-29T00:33:45.102+0000] {dag.py:3211} INFO - Sync 1 DAGs
[2024-08-29T00:33:45.247+0000] {logging_mixin.py:190} INFO - [2024-08-29T00:33:45.246+0000] {dag.py:4138} INFO - Setting next_dagrun for example_task_group_decorator to 2024-08-28 00:00:00+00:00, run_after=2024-08-29 00:00:00+00:00
[2024-08-29T00:33:45.373+0000] {processor.py:208} INFO - Processing /home/airflow/.local/lib/python3.12/site-packages/airflow/example_dags/example_task_group_decorator.py took 0.500 seconds
[2024-08-29T00:34:15.688+0000] {processor.py:186} INFO - Started process (PID=247) to work on /home/airflow/.local/lib/python3.12/site-packages/airflow/example_dags/example_task_group_decorator.py
[2024-08-29T00:34:15.694+0000] {processor.py:914} INFO - Processing file /home/airflow/.local/lib/python3.12/site-packages/airflow/example_dags/example_task_group_decorator.py for tasks to queue
[2024-08-29T00:34:15.700+0000] {logging_mixin.py:190} INFO - [2024-08-29T00:34:15.699+0000] {dagbag.py:587} INFO - Filling up the DagBag from /home/airflow/.local/lib/python3.12/site-packages/airflow/example_dags/example_task_group_decorator.py
[2024-08-29T00:34:15.751+0000] {processor.py:925} INFO - DAG(s) 'example_task_group_decorator' retrieved from /home/airflow/.local/lib/python3.12/site-packages/airflow/example_dags/example_task_group_decorator.py
[2024-08-29T00:34:15.807+0000] {logging_mixin.py:190} INFO - [2024-08-29T00:34:15.806+0000] {dag.py:3211} INFO - Sync 1 DAGs
[2024-08-29T00:34:15.870+0000] {logging_mixin.py:190} INFO - [2024-08-29T00:34:15.869+0000] {dag.py:4138} INFO - Setting next_dagrun for example_task_group_decorator to 2024-08-28 00:00:00+00:00, run_after=2024-08-29 00:00:00+00:00
[2024-08-29T00:34:15.914+0000] {processor.py:208} INFO - Processing /home/airflow/.local/lib/python3.12/site-packages/airflow/example_dags/example_task_group_decorator.py took 0.253 seconds
[2024-08-29T00:34:47.066+0000] {processor.py:186} INFO - Started process (PID=311) to work on /home/airflow/.local/lib/python3.12/site-packages/airflow/example_dags/example_task_group_decorator.py
[2024-08-29T00:34:47.067+0000] {processor.py:914} INFO - Processing file /home/airflow/.local/lib/python3.12/site-packages/airflow/example_dags/example_task_group_decorator.py for tasks to queue
[2024-08-29T00:34:47.071+0000] {logging_mixin.py:190} INFO - [2024-08-29T00:34:47.070+0000] {dagbag.py:587} INFO - Filling up the DagBag from /home/airflow/.local/lib/python3.12/site-packages/airflow/example_dags/example_task_group_decorator.py
[2024-08-29T00:34:47.101+0000] {processor.py:925} INFO - DAG(s) 'example_task_group_decorator' retrieved from /home/airflow/.local/lib/python3.12/site-packages/airflow/example_dags/example_task_group_decorator.py
[2024-08-29T00:34:47.142+0000] {logging_mixin.py:190} INFO - [2024-08-29T00:34:47.142+0000] {dag.py:3211} INFO - Sync 1 DAGs
[2024-08-29T00:34:47.182+0000] {logging_mixin.py:190} INFO - [2024-08-29T00:34:47.182+0000] {dag.py:4138} INFO - Setting next_dagrun for example_task_group_decorator to 2024-08-28 00:00:00+00:00, run_after=2024-08-29 00:00:00+00:00
[2024-08-29T00:34:47.211+0000] {processor.py:208} INFO - Processing /home/airflow/.local/lib/python3.12/site-packages/airflow/example_dags/example_task_group_decorator.py took 0.154 seconds
[2024-08-29T00:35:17.576+0000] {processor.py:186} INFO - Started process (PID=374) to work on /home/airflow/.local/lib/python3.12/site-packages/airflow/example_dags/example_task_group_decorator.py
[2024-08-29T00:35:17.577+0000] {processor.py:914} INFO - Processing file /home/airflow/.local/lib/python3.12/site-packages/airflow/example_dags/example_task_group_decorator.py for tasks to queue
[2024-08-29T00:35:17.581+0000] {logging_mixin.py:190} INFO - [2024-08-29T00:35:17.581+0000] {dagbag.py:587} INFO - Filling up the DagBag from /home/airflow/.local/lib/python3.12/site-packages/airflow/example_dags/example_task_group_decorator.py
[2024-08-29T00:35:17.611+0000] {processor.py:925} INFO - DAG(s) 'example_task_group_decorator' retrieved from /home/airflow/.local/lib/python3.12/site-packages/airflow/example_dags/example_task_group_decorator.py
[2024-08-29T00:35:17.651+0000] {logging_mixin.py:190} INFO - [2024-08-29T00:35:17.651+0000] {dag.py:3211} INFO - Sync 1 DAGs
[2024-08-29T00:35:17.688+0000] {logging_mixin.py:190} INFO - [2024-08-29T00:35:17.688+0000] {dag.py:4138} INFO - Setting next_dagrun for example_task_group_decorator to 2024-08-28 00:00:00+00:00, run_after=2024-08-29 00:00:00+00:00
[2024-08-29T00:35:17.727+0000] {processor.py:208} INFO - Processing /home/airflow/.local/lib/python3.12/site-packages/airflow/example_dags/example_task_group_decorator.py took 0.161 seconds
[2024-08-29T00:35:48.649+0000] {processor.py:186} INFO - Started process (PID=437) to work on /home/airflow/.local/lib/python3.12/site-packages/airflow/example_dags/example_task_group_decorator.py
[2024-08-29T00:35:48.651+0000] {processor.py:914} INFO - Processing file /home/airflow/.local/lib/python3.12/site-packages/airflow/example_dags/example_task_group_decorator.py for tasks to queue
[2024-08-29T00:35:48.656+0000] {logging_mixin.py:190} INFO - [2024-08-29T00:35:48.655+0000] {dagbag.py:587} INFO - Filling up the DagBag from /home/airflow/.local/lib/python3.12/site-packages/airflow/example_dags/example_task_group_decorator.py
[2024-08-29T00:35:48.691+0000] {processor.py:925} INFO - DAG(s) 'example_task_group_decorator' retrieved from /home/airflow/.local/lib/python3.12/site-packages/airflow/example_dags/example_task_group_decorator.py
[2024-08-29T00:35:48.742+0000] {logging_mixin.py:190} INFO - [2024-08-29T00:35:48.742+0000] {dag.py:3211} INFO - Sync 1 DAGs
[2024-08-29T00:35:48.795+0000] {logging_mixin.py:190} INFO - [2024-08-29T00:35:48.794+0000] {dag.py:4138} INFO - Setting next_dagrun for example_task_group_decorator to 2024-08-28 00:00:00+00:00, run_after=2024-08-29 00:00:00+00:00
[2024-08-29T00:35:48.835+0000] {processor.py:208} INFO - Processing /home/airflow/.local/lib/python3.12/site-packages/airflow/example_dags/example_task_group_decorator.py took 0.200 seconds
[2024-08-29T00:36:19.348+0000] {processor.py:186} INFO - Started process (PID=500) to work on /home/airflow/.local/lib/python3.12/site-packages/airflow/example_dags/example_task_group_decorator.py
[2024-08-29T00:36:19.349+0000] {processor.py:914} INFO - Processing file /home/airflow/.local/lib/python3.12/site-packages/airflow/example_dags/example_task_group_decorator.py for tasks to queue
[2024-08-29T00:36:19.353+0000] {logging_mixin.py:190} INFO - [2024-08-29T00:36:19.352+0000] {dagbag.py:587} INFO - Filling up the DagBag from /home/airflow/.local/lib/python3.12/site-packages/airflow/example_dags/example_task_group_decorator.py
[2024-08-29T00:36:19.384+0000] {processor.py:925} INFO - DAG(s) 'example_task_group_decorator' retrieved from /home/airflow/.local/lib/python3.12/site-packages/airflow/example_dags/example_task_group_decorator.py
[2024-08-29T00:36:19.428+0000] {logging_mixin.py:190} INFO - [2024-08-29T00:36:19.428+0000] {dag.py:3211} INFO - Sync 1 DAGs
[2024-08-29T00:36:19.465+0000] {logging_mixin.py:190} INFO - [2024-08-29T00:36:19.464+0000] {dag.py:4138} INFO - Setting next_dagrun for example_task_group_decorator to 2024-08-28 00:00:00+00:00, run_after=2024-08-29 00:00:00+00:00
[2024-08-29T00:36:19.500+0000] {processor.py:208} INFO - Processing /home/airflow/.local/lib/python3.12/site-packages/airflow/example_dags/example_task_group_decorator.py took 0.162 seconds
[2024-08-29T00:36:49.630+0000] {processor.py:186} INFO - Started process (PID=562) to work on /home/airflow/.local/lib/python3.12/site-packages/airflow/example_dags/example_task_group_decorator.py
[2024-08-29T00:36:49.632+0000] {processor.py:914} INFO - Processing file /home/airflow/.local/lib/python3.12/site-packages/airflow/example_dags/example_task_group_decorator.py for tasks to queue
[2024-08-29T00:36:49.635+0000] {logging_mixin.py:190} INFO - [2024-08-29T00:36:49.634+0000] {dagbag.py:587} INFO - Filling up the DagBag from /home/airflow/.local/lib/python3.12/site-packages/airflow/example_dags/example_task_group_decorator.py
[2024-08-29T00:36:49.662+0000] {processor.py:925} INFO - DAG(s) 'example_task_group_decorator' retrieved from /home/airflow/.local/lib/python3.12/site-packages/airflow/example_dags/example_task_group_decorator.py
[2024-08-29T00:36:49.701+0000] {logging_mixin.py:190} INFO - [2024-08-29T00:36:49.701+0000] {dag.py:3211} INFO - Sync 1 DAGs
[2024-08-29T00:36:49.738+0000] {logging_mixin.py:190} INFO - [2024-08-29T00:36:49.737+0000] {dag.py:4138} INFO - Setting next_dagrun for example_task_group_decorator to 2024-08-28 00:00:00+00:00, run_after=2024-08-29 00:00:00+00:00
[2024-08-29T00:36:49.769+0000] {processor.py:208} INFO - Processing /home/airflow/.local/lib/python3.12/site-packages/airflow/example_dags/example_task_group_decorator.py took 0.147 seconds
[2024-08-29T00:37:20.847+0000] {processor.py:186} INFO - Started process (PID=626) to work on /home/airflow/.local/lib/python3.12/site-packages/airflow/example_dags/example_task_group_decorator.py
[2024-08-29T00:37:20.848+0000] {processor.py:914} INFO - Processing file /home/airflow/.local/lib/python3.12/site-packages/airflow/example_dags/example_task_group_decorator.py for tasks to queue
[2024-08-29T00:37:20.856+0000] {logging_mixin.py:190} INFO - [2024-08-29T00:37:20.855+0000] {dagbag.py:587} INFO - Filling up the DagBag from /home/airflow/.local/lib/python3.12/site-packages/airflow/example_dags/example_task_group_decorator.py
[2024-08-29T00:37:20.896+0000] {processor.py:925} INFO - DAG(s) 'example_task_group_decorator' retrieved from /home/airflow/.local/lib/python3.12/site-packages/airflow/example_dags/example_task_group_decorator.py
[2024-08-29T00:37:21.025+0000] {logging_mixin.py:190} INFO - [2024-08-29T00:37:21.013+0000] {dag.py:3211} INFO - Sync 1 DAGs
[2024-08-29T00:37:21.119+0000] {logging_mixin.py:190} INFO - [2024-08-29T00:37:21.119+0000] {dag.py:4138} INFO - Setting next_dagrun for example_task_group_decorator to 2024-08-28 00:00:00+00:00, run_after=2024-08-29 00:00:00+00:00
[2024-08-29T00:37:21.158+0000] {processor.py:208} INFO - Processing /home/airflow/.local/lib/python3.12/site-packages/airflow/example_dags/example_task_group_decorator.py took 0.324 seconds
[2024-08-29T00:37:51.686+0000] {processor.py:186} INFO - Started process (PID=689) to work on /home/airflow/.local/lib/python3.12/site-packages/airflow/example_dags/example_task_group_decorator.py
[2024-08-29T00:37:51.687+0000] {processor.py:914} INFO - Processing file /home/airflow/.local/lib/python3.12/site-packages/airflow/example_dags/example_task_group_decorator.py for tasks to queue
[2024-08-29T00:37:51.690+0000] {logging_mixin.py:190} INFO - [2024-08-29T00:37:51.689+0000] {dagbag.py:587} INFO - Filling up the DagBag from /home/airflow/.local/lib/python3.12/site-packages/airflow/example_dags/example_task_group_decorator.py
[2024-08-29T00:37:51.714+0000] {processor.py:925} INFO - DAG(s) 'example_task_group_decorator' retrieved from /home/airflow/.local/lib/python3.12/site-packages/airflow/example_dags/example_task_group_decorator.py
[2024-08-29T00:37:51.763+0000] {logging_mixin.py:190} INFO - [2024-08-29T00:37:51.763+0000] {dag.py:3211} INFO - Sync 1 DAGs
[2024-08-29T00:37:51.809+0000] {logging_mixin.py:190} INFO - [2024-08-29T00:37:51.808+0000] {dag.py:4138} INFO - Setting next_dagrun for example_task_group_decorator to 2024-08-28 00:00:00+00:00, run_after=2024-08-29 00:00:00+00:00
[2024-08-29T00:37:51.849+0000] {processor.py:208} INFO - Processing /home/airflow/.local/lib/python3.12/site-packages/airflow/example_dags/example_task_group_decorator.py took 0.172 seconds
[2024-08-29T00:38:22.665+0000] {processor.py:186} INFO - Started process (PID=752) to work on /home/airflow/.local/lib/python3.12/site-packages/airflow/example_dags/example_task_group_decorator.py
[2024-08-29T00:38:22.666+0000] {processor.py:914} INFO - Processing file /home/airflow/.local/lib/python3.12/site-packages/airflow/example_dags/example_task_group_decorator.py for tasks to queue
[2024-08-29T00:38:22.669+0000] {logging_mixin.py:190} INFO - [2024-08-29T00:38:22.669+0000] {dagbag.py:587} INFO - Filling up the DagBag from /home/airflow/.local/lib/python3.12/site-packages/airflow/example_dags/example_task_group_decorator.py
[2024-08-29T00:38:22.697+0000] {processor.py:925} INFO - DAG(s) 'example_task_group_decorator' retrieved from /home/airflow/.local/lib/python3.12/site-packages/airflow/example_dags/example_task_group_decorator.py
[2024-08-29T00:38:22.738+0000] {logging_mixin.py:190} INFO - [2024-08-29T00:38:22.738+0000] {dag.py:3211} INFO - Sync 1 DAGs
[2024-08-29T00:38:22.779+0000] {logging_mixin.py:190} INFO - [2024-08-29T00:38:22.778+0000] {dag.py:4138} INFO - Setting next_dagrun for example_task_group_decorator to 2024-08-28 00:00:00+00:00, run_after=2024-08-29 00:00:00+00:00
[2024-08-29T00:38:22.836+0000] {processor.py:208} INFO - Processing /home/airflow/.local/lib/python3.12/site-packages/airflow/example_dags/example_task_group_decorator.py took 0.179 seconds
[2024-08-29T00:38:53.417+0000] {processor.py:186} INFO - Started process (PID=815) to work on /home/airflow/.local/lib/python3.12/site-packages/airflow/example_dags/example_task_group_decorator.py
[2024-08-29T00:38:53.418+0000] {processor.py:914} INFO - Processing file /home/airflow/.local/lib/python3.12/site-packages/airflow/example_dags/example_task_group_decorator.py for tasks to queue
[2024-08-29T00:38:53.422+0000] {logging_mixin.py:190} INFO - [2024-08-29T00:38:53.422+0000] {dagbag.py:587} INFO - Filling up the DagBag from /home/airflow/.local/lib/python3.12/site-packages/airflow/example_dags/example_task_group_decorator.py
[2024-08-29T00:38:53.446+0000] {processor.py:925} INFO - DAG(s) 'example_task_group_decorator' retrieved from /home/airflow/.local/lib/python3.12/site-packages/airflow/example_dags/example_task_group_decorator.py
[2024-08-29T00:38:53.492+0000] {logging_mixin.py:190} INFO - [2024-08-29T00:38:53.491+0000] {dag.py:3211} INFO - Sync 1 DAGs
[2024-08-29T00:38:53.538+0000] {logging_mixin.py:190} INFO - [2024-08-29T00:38:53.538+0000] {dag.py:4138} INFO - Setting next_dagrun for example_task_group_decorator to 2024-08-28 00:00:00+00:00, run_after=2024-08-29 00:00:00+00:00
[2024-08-29T00:38:53.584+0000] {processor.py:208} INFO - Processing /home/airflow/.local/lib/python3.12/site-packages/airflow/example_dags/example_task_group_decorator.py took 0.179 seconds
[2024-08-29T00:39:23.671+0000] {processor.py:186} INFO - Started process (PID=877) to work on /home/airflow/.local/lib/python3.12/site-packages/airflow/example_dags/example_task_group_decorator.py
[2024-08-29T00:39:23.672+0000] {processor.py:914} INFO - Processing file /home/airflow/.local/lib/python3.12/site-packages/airflow/example_dags/example_task_group_decorator.py for tasks to queue
[2024-08-29T00:39:23.676+0000] {logging_mixin.py:190} INFO - [2024-08-29T00:39:23.675+0000] {dagbag.py:587} INFO - Filling up the DagBag from /home/airflow/.local/lib/python3.12/site-packages/airflow/example_dags/example_task_group_decorator.py
[2024-08-29T00:39:23.701+0000] {processor.py:925} INFO - DAG(s) 'example_task_group_decorator' retrieved from /home/airflow/.local/lib/python3.12/site-packages/airflow/example_dags/example_task_group_decorator.py
[2024-08-29T00:39:23.740+0000] {logging_mixin.py:190} INFO - [2024-08-29T00:39:23.740+0000] {dag.py:3211} INFO - Sync 1 DAGs
[2024-08-29T00:39:23.776+0000] {logging_mixin.py:190} INFO - [2024-08-29T00:39:23.776+0000] {dag.py:4138} INFO - Setting next_dagrun for example_task_group_decorator to 2024-08-28 00:00:00+00:00, run_after=2024-08-29 00:00:00+00:00
[2024-08-29T00:39:23.807+0000] {processor.py:208} INFO - Processing /home/airflow/.local/lib/python3.12/site-packages/airflow/example_dags/example_task_group_decorator.py took 0.147 seconds
[2024-08-29T00:39:54.057+0000] {processor.py:186} INFO - Started process (PID=941) to work on /home/airflow/.local/lib/python3.12/site-packages/airflow/example_dags/example_task_group_decorator.py
[2024-08-29T00:39:54.058+0000] {processor.py:914} INFO - Processing file /home/airflow/.local/lib/python3.12/site-packages/airflow/example_dags/example_task_group_decorator.py for tasks to queue
[2024-08-29T00:39:54.061+0000] {logging_mixin.py:190} INFO - [2024-08-29T00:39:54.061+0000] {dagbag.py:587} INFO - Filling up the DagBag from /home/airflow/.local/lib/python3.12/site-packages/airflow/example_dags/example_task_group_decorator.py
[2024-08-29T00:39:54.085+0000] {processor.py:925} INFO - DAG(s) 'example_task_group_decorator' retrieved from /home/airflow/.local/lib/python3.12/site-packages/airflow/example_dags/example_task_group_decorator.py
[2024-08-29T00:39:54.129+0000] {logging_mixin.py:190} INFO - [2024-08-29T00:39:54.129+0000] {dag.py:3211} INFO - Sync 1 DAGs
[2024-08-29T00:39:54.174+0000] {logging_mixin.py:190} INFO - [2024-08-29T00:39:54.174+0000] {dag.py:4138} INFO - Setting next_dagrun for example_task_group_decorator to 2024-08-28 00:00:00+00:00, run_after=2024-08-29 00:00:00+00:00
[2024-08-29T00:39:54.229+0000] {processor.py:208} INFO - Processing /home/airflow/.local/lib/python3.12/site-packages/airflow/example_dags/example_task_group_decorator.py took 0.181 seconds
[2024-08-29T00:40:25.024+0000] {processor.py:186} INFO - Started process (PID=1005) to work on /home/airflow/.local/lib/python3.12/site-packages/airflow/example_dags/example_task_group_decorator.py
[2024-08-29T00:40:25.025+0000] {processor.py:914} INFO - Processing file /home/airflow/.local/lib/python3.12/site-packages/airflow/example_dags/example_task_group_decorator.py for tasks to queue
[2024-08-29T00:40:25.029+0000] {logging_mixin.py:190} INFO - [2024-08-29T00:40:25.029+0000] {dagbag.py:587} INFO - Filling up the DagBag from /home/airflow/.local/lib/python3.12/site-packages/airflow/example_dags/example_task_group_decorator.py
[2024-08-29T00:40:25.054+0000] {processor.py:925} INFO - DAG(s) 'example_task_group_decorator' retrieved from /home/airflow/.local/lib/python3.12/site-packages/airflow/example_dags/example_task_group_decorator.py
[2024-08-29T00:40:25.089+0000] {logging_mixin.py:190} INFO - [2024-08-29T00:40:25.089+0000] {dag.py:3211} INFO - Sync 1 DAGs
[2024-08-29T00:40:25.128+0000] {logging_mixin.py:190} INFO - [2024-08-29T00:40:25.128+0000] {dag.py:4138} INFO - Setting next_dagrun for example_task_group_decorator to 2024-08-28 00:00:00+00:00, run_after=2024-08-29 00:00:00+00:00
[2024-08-29T00:40:25.166+0000] {processor.py:208} INFO - Processing /home/airflow/.local/lib/python3.12/site-packages/airflow/example_dags/example_task_group_decorator.py took 0.150 seconds
[2024-08-29T00:40:58.968+0000] {processor.py:186} INFO - Started process (PID=1069) to work on /home/airflow/.local/lib/python3.12/site-packages/airflow/example_dags/example_task_group_decorator.py
[2024-08-29T00:40:58.979+0000] {processor.py:914} INFO - Processing file /home/airflow/.local/lib/python3.12/site-packages/airflow/example_dags/example_task_group_decorator.py for tasks to queue
[2024-08-29T00:40:58.986+0000] {logging_mixin.py:190} INFO - [2024-08-29T00:40:58.985+0000] {dagbag.py:587} INFO - Filling up the DagBag from /home/airflow/.local/lib/python3.12/site-packages/airflow/example_dags/example_task_group_decorator.py
[2024-08-29T00:40:59.111+0000] {processor.py:925} INFO - DAG(s) 'example_task_group_decorator' retrieved from /home/airflow/.local/lib/python3.12/site-packages/airflow/example_dags/example_task_group_decorator.py
[2024-08-29T00:40:59.296+0000] {logging_mixin.py:190} INFO - [2024-08-29T00:40:59.296+0000] {dag.py:3211} INFO - Sync 1 DAGs
[2024-08-29T00:40:59.524+0000] {logging_mixin.py:190} INFO - [2024-08-29T00:40:59.519+0000] {dag.py:4138} INFO - Setting next_dagrun for example_task_group_decorator to 2024-08-28 00:00:00+00:00, run_after=2024-08-29 00:00:00+00:00
[2024-08-29T00:41:01.878+0000] {processor.py:208} INFO - Processing /home/airflow/.local/lib/python3.12/site-packages/airflow/example_dags/example_task_group_decorator.py took 2.932 seconds
[2024-08-29T00:41:32.593+0000] {processor.py:186} INFO - Started process (PID=1132) to work on /home/airflow/.local/lib/python3.12/site-packages/airflow/example_dags/example_task_group_decorator.py
[2024-08-29T00:41:32.595+0000] {processor.py:914} INFO - Processing file /home/airflow/.local/lib/python3.12/site-packages/airflow/example_dags/example_task_group_decorator.py for tasks to queue
[2024-08-29T00:41:32.599+0000] {logging_mixin.py:190} INFO - [2024-08-29T00:41:32.599+0000] {dagbag.py:587} INFO - Filling up the DagBag from /home/airflow/.local/lib/python3.12/site-packages/airflow/example_dags/example_task_group_decorator.py
[2024-08-29T00:41:32.638+0000] {processor.py:925} INFO - DAG(s) 'example_task_group_decorator' retrieved from /home/airflow/.local/lib/python3.12/site-packages/airflow/example_dags/example_task_group_decorator.py
[2024-08-29T00:41:32.692+0000] {logging_mixin.py:190} INFO - [2024-08-29T00:41:32.691+0000] {dag.py:3211} INFO - Sync 1 DAGs
[2024-08-29T00:41:32.748+0000] {logging_mixin.py:190} INFO - [2024-08-29T00:41:32.748+0000] {dag.py:4138} INFO - Setting next_dagrun for example_task_group_decorator to 2024-08-28 00:00:00+00:00, run_after=2024-08-29 00:00:00+00:00
[2024-08-29T00:41:32.797+0000] {processor.py:208} INFO - Processing /home/airflow/.local/lib/python3.12/site-packages/airflow/example_dags/example_task_group_decorator.py took 0.218 seconds
[2024-08-29T00:42:03.287+0000] {processor.py:186} INFO - Started process (PID=1196) to work on /home/airflow/.local/lib/python3.12/site-packages/airflow/example_dags/example_task_group_decorator.py
[2024-08-29T00:42:03.288+0000] {processor.py:914} INFO - Processing file /home/airflow/.local/lib/python3.12/site-packages/airflow/example_dags/example_task_group_decorator.py for tasks to queue
[2024-08-29T00:42:03.297+0000] {logging_mixin.py:190} INFO - [2024-08-29T00:42:03.292+0000] {dagbag.py:587} INFO - Filling up the DagBag from /home/airflow/.local/lib/python3.12/site-packages/airflow/example_dags/example_task_group_decorator.py
[2024-08-29T00:42:03.326+0000] {processor.py:925} INFO - DAG(s) 'example_task_group_decorator' retrieved from /home/airflow/.local/lib/python3.12/site-packages/airflow/example_dags/example_task_group_decorator.py
[2024-08-29T00:42:03.372+0000] {logging_mixin.py:190} INFO - [2024-08-29T00:42:03.372+0000] {dag.py:3211} INFO - Sync 1 DAGs
[2024-08-29T00:42:03.410+0000] {logging_mixin.py:190} INFO - [2024-08-29T00:42:03.410+0000] {dag.py:4138} INFO - Setting next_dagrun for example_task_group_decorator to 2024-08-28 00:00:00+00:00, run_after=2024-08-29 00:00:00+00:00
[2024-08-29T00:42:03.464+0000] {processor.py:208} INFO - Processing /home/airflow/.local/lib/python3.12/site-packages/airflow/example_dags/example_task_group_decorator.py took 0.186 seconds
[2024-08-29T00:42:33.762+0000] {processor.py:186} INFO - Started process (PID=1259) to work on /home/airflow/.local/lib/python3.12/site-packages/airflow/example_dags/example_task_group_decorator.py
[2024-08-29T00:42:33.763+0000] {processor.py:914} INFO - Processing file /home/airflow/.local/lib/python3.12/site-packages/airflow/example_dags/example_task_group_decorator.py for tasks to queue
[2024-08-29T00:42:33.767+0000] {logging_mixin.py:190} INFO - [2024-08-29T00:42:33.766+0000] {dagbag.py:587} INFO - Filling up the DagBag from /home/airflow/.local/lib/python3.12/site-packages/airflow/example_dags/example_task_group_decorator.py
[2024-08-29T00:42:33.799+0000] {processor.py:925} INFO - DAG(s) 'example_task_group_decorator' retrieved from /home/airflow/.local/lib/python3.12/site-packages/airflow/example_dags/example_task_group_decorator.py
[2024-08-29T00:42:33.840+0000] {logging_mixin.py:190} INFO - [2024-08-29T00:42:33.840+0000] {dag.py:3211} INFO - Sync 1 DAGs
[2024-08-29T00:42:33.887+0000] {logging_mixin.py:190} INFO - [2024-08-29T00:42:33.886+0000] {dag.py:4138} INFO - Setting next_dagrun for example_task_group_decorator to 2024-08-28 00:00:00+00:00, run_after=2024-08-29 00:00:00+00:00
[2024-08-29T00:42:33.914+0000] {processor.py:208} INFO - Processing /home/airflow/.local/lib/python3.12/site-packages/airflow/example_dags/example_task_group_decorator.py took 0.160 seconds
[2024-08-29T00:43:04.432+0000] {processor.py:186} INFO - Started process (PID=1322) to work on /home/airflow/.local/lib/python3.12/site-packages/airflow/example_dags/example_task_group_decorator.py
[2024-08-29T00:43:04.433+0000] {processor.py:914} INFO - Processing file /home/airflow/.local/lib/python3.12/site-packages/airflow/example_dags/example_task_group_decorator.py for tasks to queue
[2024-08-29T00:43:04.437+0000] {logging_mixin.py:190} INFO - [2024-08-29T00:43:04.436+0000] {dagbag.py:587} INFO - Filling up the DagBag from /home/airflow/.local/lib/python3.12/site-packages/airflow/example_dags/example_task_group_decorator.py
[2024-08-29T00:43:04.463+0000] {processor.py:925} INFO - DAG(s) 'example_task_group_decorator' retrieved from /home/airflow/.local/lib/python3.12/site-packages/airflow/example_dags/example_task_group_decorator.py
[2024-08-29T00:43:04.504+0000] {logging_mixin.py:190} INFO - [2024-08-29T00:43:04.503+0000] {dag.py:3211} INFO - Sync 1 DAGs
[2024-08-29T00:43:04.545+0000] {logging_mixin.py:190} INFO - [2024-08-29T00:43:04.544+0000] {dag.py:4138} INFO - Setting next_dagrun for example_task_group_decorator to 2024-08-28 00:00:00+00:00, run_after=2024-08-29 00:00:00+00:00
[2024-08-29T00:43:04.594+0000] {processor.py:208} INFO - Processing /home/airflow/.local/lib/python3.12/site-packages/airflow/example_dags/example_task_group_decorator.py took 0.170 seconds
[2024-08-29T00:43:35.104+0000] {processor.py:186} INFO - Started process (PID=1384) to work on /home/airflow/.local/lib/python3.12/site-packages/airflow/example_dags/example_task_group_decorator.py
[2024-08-29T00:43:35.106+0000] {processor.py:914} INFO - Processing file /home/airflow/.local/lib/python3.12/site-packages/airflow/example_dags/example_task_group_decorator.py for tasks to queue
[2024-08-29T00:43:35.109+0000] {logging_mixin.py:190} INFO - [2024-08-29T00:43:35.109+0000] {dagbag.py:587} INFO - Filling up the DagBag from /home/airflow/.local/lib/python3.12/site-packages/airflow/example_dags/example_task_group_decorator.py
[2024-08-29T00:43:35.132+0000] {processor.py:925} INFO - DAG(s) 'example_task_group_decorator' retrieved from /home/airflow/.local/lib/python3.12/site-packages/airflow/example_dags/example_task_group_decorator.py
[2024-08-29T00:43:35.170+0000] {logging_mixin.py:190} INFO - [2024-08-29T00:43:35.170+0000] {dag.py:3211} INFO - Sync 1 DAGs
[2024-08-29T00:43:35.213+0000] {logging_mixin.py:190} INFO - [2024-08-29T00:43:35.213+0000] {dag.py:4138} INFO - Setting next_dagrun for example_task_group_decorator to 2024-08-28 00:00:00+00:00, run_after=2024-08-29 00:00:00+00:00
[2024-08-29T00:43:35.261+0000] {processor.py:208} INFO - Processing /home/airflow/.local/lib/python3.12/site-packages/airflow/example_dags/example_task_group_decorator.py took 0.165 seconds
[2024-08-29T00:44:05.705+0000] {processor.py:186} INFO - Started process (PID=1447) to work on /home/airflow/.local/lib/python3.12/site-packages/airflow/example_dags/example_task_group_decorator.py
[2024-08-29T00:44:05.706+0000] {processor.py:914} INFO - Processing file /home/airflow/.local/lib/python3.12/site-packages/airflow/example_dags/example_task_group_decorator.py for tasks to queue
[2024-08-29T00:44:05.710+0000] {logging_mixin.py:190} INFO - [2024-08-29T00:44:05.709+0000] {dagbag.py:587} INFO - Filling up the DagBag from /home/airflow/.local/lib/python3.12/site-packages/airflow/example_dags/example_task_group_decorator.py
[2024-08-29T00:44:05.737+0000] {processor.py:925} INFO - DAG(s) 'example_task_group_decorator' retrieved from /home/airflow/.local/lib/python3.12/site-packages/airflow/example_dags/example_task_group_decorator.py
[2024-08-29T00:44:05.780+0000] {logging_mixin.py:190} INFO - [2024-08-29T00:44:05.779+0000] {dag.py:3211} INFO - Sync 1 DAGs
[2024-08-29T00:44:05.817+0000] {logging_mixin.py:190} INFO - [2024-08-29T00:44:05.817+0000] {dag.py:4138} INFO - Setting next_dagrun for example_task_group_decorator to 2024-08-28 00:00:00+00:00, run_after=2024-08-29 00:00:00+00:00
[2024-08-29T00:44:05.858+0000] {processor.py:208} INFO - Processing /home/airflow/.local/lib/python3.12/site-packages/airflow/example_dags/example_task_group_decorator.py took 0.162 seconds
[2024-08-29T00:44:36.427+0000] {processor.py:186} INFO - Started process (PID=1510) to work on /home/airflow/.local/lib/python3.12/site-packages/airflow/example_dags/example_task_group_decorator.py
[2024-08-29T00:44:36.428+0000] {processor.py:914} INFO - Processing file /home/airflow/.local/lib/python3.12/site-packages/airflow/example_dags/example_task_group_decorator.py for tasks to queue
[2024-08-29T00:44:36.431+0000] {logging_mixin.py:190} INFO - [2024-08-29T00:44:36.431+0000] {dagbag.py:587} INFO - Filling up the DagBag from /home/airflow/.local/lib/python3.12/site-packages/airflow/example_dags/example_task_group_decorator.py
[2024-08-29T00:44:36.454+0000] {processor.py:925} INFO - DAG(s) 'example_task_group_decorator' retrieved from /home/airflow/.local/lib/python3.12/site-packages/airflow/example_dags/example_task_group_decorator.py
[2024-08-29T00:44:36.490+0000] {logging_mixin.py:190} INFO - [2024-08-29T00:44:36.489+0000] {dag.py:3211} INFO - Sync 1 DAGs
[2024-08-29T00:44:36.524+0000] {logging_mixin.py:190} INFO - [2024-08-29T00:44:36.524+0000] {dag.py:4138} INFO - Setting next_dagrun for example_task_group_decorator to 2024-08-28 00:00:00+00:00, run_after=2024-08-29 00:00:00+00:00
[2024-08-29T00:44:36.553+0000] {processor.py:208} INFO - Processing /home/airflow/.local/lib/python3.12/site-packages/airflow/example_dags/example_task_group_decorator.py took 0.135 seconds
[2024-08-29T00:45:06.913+0000] {processor.py:186} INFO - Started process (PID=1573) to work on /home/airflow/.local/lib/python3.12/site-packages/airflow/example_dags/example_task_group_decorator.py
[2024-08-29T00:45:06.915+0000] {processor.py:914} INFO - Processing file /home/airflow/.local/lib/python3.12/site-packages/airflow/example_dags/example_task_group_decorator.py for tasks to queue
[2024-08-29T00:45:06.919+0000] {logging_mixin.py:190} INFO - [2024-08-29T00:45:06.919+0000] {dagbag.py:587} INFO - Filling up the DagBag from /home/airflow/.local/lib/python3.12/site-packages/airflow/example_dags/example_task_group_decorator.py
[2024-08-29T00:45:06.947+0000] {processor.py:925} INFO - DAG(s) 'example_task_group_decorator' retrieved from /home/airflow/.local/lib/python3.12/site-packages/airflow/example_dags/example_task_group_decorator.py
[2024-08-29T00:45:06.990+0000] {logging_mixin.py:190} INFO - [2024-08-29T00:45:06.990+0000] {dag.py:3211} INFO - Sync 1 DAGs
[2024-08-29T00:45:07.031+0000] {logging_mixin.py:190} INFO - [2024-08-29T00:45:07.031+0000] {dag.py:4138} INFO - Setting next_dagrun for example_task_group_decorator to 2024-08-28 00:00:00+00:00, run_after=2024-08-29 00:00:00+00:00
[2024-08-29T00:45:07.072+0000] {processor.py:208} INFO - Processing /home/airflow/.local/lib/python3.12/site-packages/airflow/example_dags/example_task_group_decorator.py took 0.169 seconds
[2024-08-29T00:45:37.367+0000] {processor.py:186} INFO - Started process (PID=1636) to work on /home/airflow/.local/lib/python3.12/site-packages/airflow/example_dags/example_task_group_decorator.py
[2024-08-29T00:45:37.368+0000] {processor.py:914} INFO - Processing file /home/airflow/.local/lib/python3.12/site-packages/airflow/example_dags/example_task_group_decorator.py for tasks to queue
[2024-08-29T00:45:37.372+0000] {logging_mixin.py:190} INFO - [2024-08-29T00:45:37.372+0000] {dagbag.py:587} INFO - Filling up the DagBag from /home/airflow/.local/lib/python3.12/site-packages/airflow/example_dags/example_task_group_decorator.py
[2024-08-29T00:45:37.395+0000] {processor.py:925} INFO - DAG(s) 'example_task_group_decorator' retrieved from /home/airflow/.local/lib/python3.12/site-packages/airflow/example_dags/example_task_group_decorator.py
[2024-08-29T00:45:37.446+0000] {logging_mixin.py:190} INFO - [2024-08-29T00:45:37.445+0000] {dag.py:3211} INFO - Sync 1 DAGs
[2024-08-29T00:45:37.481+0000] {logging_mixin.py:190} INFO - [2024-08-29T00:45:37.481+0000] {dag.py:4138} INFO - Setting next_dagrun for example_task_group_decorator to 2024-08-28 00:00:00+00:00, run_after=2024-08-29 00:00:00+00:00
[2024-08-29T00:45:37.531+0000] {processor.py:208} INFO - Processing /home/airflow/.local/lib/python3.12/site-packages/airflow/example_dags/example_task_group_decorator.py took 0.175 seconds
[2024-08-29T00:46:07.863+0000] {processor.py:186} INFO - Started process (PID=1700) to work on /home/airflow/.local/lib/python3.12/site-packages/airflow/example_dags/example_task_group_decorator.py
[2024-08-29T00:46:07.865+0000] {processor.py:914} INFO - Processing file /home/airflow/.local/lib/python3.12/site-packages/airflow/example_dags/example_task_group_decorator.py for tasks to queue
[2024-08-29T00:46:07.870+0000] {logging_mixin.py:190} INFO - [2024-08-29T00:46:07.869+0000] {dagbag.py:587} INFO - Filling up the DagBag from /home/airflow/.local/lib/python3.12/site-packages/airflow/example_dags/example_task_group_decorator.py
[2024-08-29T00:46:07.932+0000] {processor.py:925} INFO - DAG(s) 'example_task_group_decorator' retrieved from /home/airflow/.local/lib/python3.12/site-packages/airflow/example_dags/example_task_group_decorator.py
[2024-08-29T00:46:07.999+0000] {logging_mixin.py:190} INFO - [2024-08-29T00:46:07.999+0000] {dag.py:3211} INFO - Sync 1 DAGs
[2024-08-29T00:46:08.061+0000] {logging_mixin.py:190} INFO - [2024-08-29T00:46:08.061+0000] {dag.py:4138} INFO - Setting next_dagrun for example_task_group_decorator to 2024-08-28 00:00:00+00:00, run_after=2024-08-29 00:00:00+00:00
[2024-08-29T00:46:08.142+0000] {processor.py:208} INFO - Processing /home/airflow/.local/lib/python3.12/site-packages/airflow/example_dags/example_task_group_decorator.py took 0.293 seconds
