[2024-08-29T00:01:29.911+0000] {processor.py:186} INFO - Started process (PID=118) to work on /home/airflow/.local/lib/python3.12/site-packages/airflow/example_dags/example_branch_operator.py
[2024-08-29T00:01:29.913+0000] {processor.py:914} INFO - Processing file /home/airflow/.local/lib/python3.12/site-packages/airflow/example_dags/example_branch_operator.py for tasks to queue
[2024-08-29T00:01:29.916+0000] {logging_mixin.py:190} INFO - [2024-08-29T00:01:29.916+0000] {dagbag.py:587} INFO - Filling up the DagBag from /home/airflow/.local/lib/python3.12/site-packages/airflow/example_dags/example_branch_operator.py
[2024-08-29T00:01:29.988+0000] {processor.py:925} INFO - DAG(s) 'example_branch_operator' retrieved from /home/airflow/.local/lib/python3.12/site-packages/airflow/example_dags/example_branch_operator.py
[2024-08-29T00:01:30.212+0000] {logging_mixin.py:190} INFO - [2024-08-29T00:01:30.212+0000] {dag.py:3211} INFO - Sync 1 DAGs
[2024-08-29T00:01:30.245+0000] {logging_mixin.py:190} INFO - [2024-08-29T00:01:30.244+0000] {dag.py:4138} INFO - Setting next_dagrun for example_branch_operator to 2024-08-28 00:00:00+00:00, run_after=2024-08-29 00:00:00+00:00
[2024-08-29T00:01:30.330+0000] {processor.py:208} INFO - Processing /home/airflow/.local/lib/python3.12/site-packages/airflow/example_dags/example_branch_operator.py took 0.430 seconds
[2024-08-29T00:02:01.280+0000] {processor.py:186} INFO - Started process (PID=181) to work on /home/airflow/.local/lib/python3.12/site-packages/airflow/example_dags/example_branch_operator.py
[2024-08-29T00:02:01.281+0000] {processor.py:914} INFO - Processing file /home/airflow/.local/lib/python3.12/site-packages/airflow/example_dags/example_branch_operator.py for tasks to queue
[2024-08-29T00:02:01.284+0000] {logging_mixin.py:190} INFO - [2024-08-29T00:02:01.284+0000] {dagbag.py:587} INFO - Filling up the DagBag from /home/airflow/.local/lib/python3.12/site-packages/airflow/example_dags/example_branch_operator.py
[2024-08-29T00:02:01.306+0000] {processor.py:925} INFO - DAG(s) 'example_branch_operator' retrieved from /home/airflow/.local/lib/python3.12/site-packages/airflow/example_dags/example_branch_operator.py
[2024-08-29T00:02:01.346+0000] {logging_mixin.py:190} INFO - [2024-08-29T00:02:01.346+0000] {dag.py:3211} INFO - Sync 1 DAGs
[2024-08-29T00:02:01.379+0000] {logging_mixin.py:190} INFO - [2024-08-29T00:02:01.379+0000] {dag.py:4138} INFO - Setting next_dagrun for example_branch_operator to 2024-08-28 00:00:00+00:00, run_after=2024-08-29 00:00:00+00:00
[2024-08-29T00:02:01.499+0000] {processor.py:208} INFO - Processing /home/airflow/.local/lib/python3.12/site-packages/airflow/example_dags/example_branch_operator.py took 0.227 seconds
[2024-08-29T00:02:31.812+0000] {processor.py:186} INFO - Started process (PID=243) to work on /home/airflow/.local/lib/python3.12/site-packages/airflow/example_dags/example_branch_operator.py
[2024-08-29T00:02:31.814+0000] {processor.py:914} INFO - Processing file /home/airflow/.local/lib/python3.12/site-packages/airflow/example_dags/example_branch_operator.py for tasks to queue
[2024-08-29T00:02:31.817+0000] {logging_mixin.py:190} INFO - [2024-08-29T00:02:31.816+0000] {dagbag.py:587} INFO - Filling up the DagBag from /home/airflow/.local/lib/python3.12/site-packages/airflow/example_dags/example_branch_operator.py
[2024-08-29T00:02:31.841+0000] {processor.py:925} INFO - DAG(s) 'example_branch_operator' retrieved from /home/airflow/.local/lib/python3.12/site-packages/airflow/example_dags/example_branch_operator.py
[2024-08-29T00:02:31.884+0000] {logging_mixin.py:190} INFO - [2024-08-29T00:02:31.884+0000] {dag.py:3211} INFO - Sync 1 DAGs
[2024-08-29T00:02:31.918+0000] {logging_mixin.py:190} INFO - [2024-08-29T00:02:31.917+0000] {dag.py:4138} INFO - Setting next_dagrun for example_branch_operator to 2024-08-28 00:00:00+00:00, run_after=2024-08-29 00:00:00+00:00
[2024-08-29T00:02:32.119+0000] {processor.py:208} INFO - Processing /home/airflow/.local/lib/python3.12/site-packages/airflow/example_dags/example_branch_operator.py took 0.314 seconds
[2024-08-29T00:03:02.404+0000] {processor.py:186} INFO - Started process (PID=306) to work on /home/airflow/.local/lib/python3.12/site-packages/airflow/example_dags/example_branch_operator.py
[2024-08-29T00:03:02.408+0000] {processor.py:914} INFO - Processing file /home/airflow/.local/lib/python3.12/site-packages/airflow/example_dags/example_branch_operator.py for tasks to queue
[2024-08-29T00:03:02.413+0000] {logging_mixin.py:190} INFO - [2024-08-29T00:03:02.412+0000] {dagbag.py:587} INFO - Filling up the DagBag from /home/airflow/.local/lib/python3.12/site-packages/airflow/example_dags/example_branch_operator.py
[2024-08-29T00:03:02.473+0000] {processor.py:925} INFO - DAG(s) 'example_branch_operator' retrieved from /home/airflow/.local/lib/python3.12/site-packages/airflow/example_dags/example_branch_operator.py
[2024-08-29T00:03:02.588+0000] {logging_mixin.py:190} INFO - [2024-08-29T00:03:02.587+0000] {dag.py:3211} INFO - Sync 1 DAGs
[2024-08-29T00:03:02.655+0000] {logging_mixin.py:190} INFO - [2024-08-29T00:03:02.655+0000] {dag.py:4138} INFO - Setting next_dagrun for example_branch_operator to 2024-08-28 00:00:00+00:00, run_after=2024-08-29 00:00:00+00:00
[2024-08-29T00:03:02.706+0000] {processor.py:208} INFO - Processing /home/airflow/.local/lib/python3.12/site-packages/airflow/example_dags/example_branch_operator.py took 0.317 seconds
[2024-08-29T00:03:32.788+0000] {processor.py:186} INFO - Started process (PID=368) to work on /home/airflow/.local/lib/python3.12/site-packages/airflow/example_dags/example_branch_operator.py
[2024-08-29T00:03:32.789+0000] {processor.py:914} INFO - Processing file /home/airflow/.local/lib/python3.12/site-packages/airflow/example_dags/example_branch_operator.py for tasks to queue
[2024-08-29T00:03:32.793+0000] {logging_mixin.py:190} INFO - [2024-08-29T00:03:32.792+0000] {dagbag.py:587} INFO - Filling up the DagBag from /home/airflow/.local/lib/python3.12/site-packages/airflow/example_dags/example_branch_operator.py
[2024-08-29T00:03:32.829+0000] {processor.py:925} INFO - DAG(s) 'example_branch_operator' retrieved from /home/airflow/.local/lib/python3.12/site-packages/airflow/example_dags/example_branch_operator.py
[2024-08-29T00:03:32.882+0000] {logging_mixin.py:190} INFO - [2024-08-29T00:03:32.882+0000] {dag.py:3211} INFO - Sync 1 DAGs
[2024-08-29T00:03:32.923+0000] {logging_mixin.py:190} INFO - [2024-08-29T00:03:32.923+0000] {dag.py:4138} INFO - Setting next_dagrun for example_branch_operator to 2024-08-28 00:00:00+00:00, run_after=2024-08-29 00:00:00+00:00
[2024-08-29T00:03:32.952+0000] {processor.py:208} INFO - Processing /home/airflow/.local/lib/python3.12/site-packages/airflow/example_dags/example_branch_operator.py took 0.172 seconds
[2024-08-29T00:04:03.173+0000] {processor.py:186} INFO - Started process (PID=431) to work on /home/airflow/.local/lib/python3.12/site-packages/airflow/example_dags/example_branch_operator.py
[2024-08-29T00:04:03.174+0000] {processor.py:914} INFO - Processing file /home/airflow/.local/lib/python3.12/site-packages/airflow/example_dags/example_branch_operator.py for tasks to queue
[2024-08-29T00:04:03.178+0000] {logging_mixin.py:190} INFO - [2024-08-29T00:04:03.178+0000] {dagbag.py:587} INFO - Filling up the DagBag from /home/airflow/.local/lib/python3.12/site-packages/airflow/example_dags/example_branch_operator.py
[2024-08-29T00:04:03.210+0000] {processor.py:925} INFO - DAG(s) 'example_branch_operator' retrieved from /home/airflow/.local/lib/python3.12/site-packages/airflow/example_dags/example_branch_operator.py
[2024-08-29T00:04:03.259+0000] {logging_mixin.py:190} INFO - [2024-08-29T00:04:03.258+0000] {dag.py:3211} INFO - Sync 1 DAGs
[2024-08-29T00:04:03.294+0000] {logging_mixin.py:190} INFO - [2024-08-29T00:04:03.294+0000] {dag.py:4138} INFO - Setting next_dagrun for example_branch_operator to 2024-08-28 00:00:00+00:00, run_after=2024-08-29 00:00:00+00:00
[2024-08-29T00:04:03.330+0000] {processor.py:208} INFO - Processing /home/airflow/.local/lib/python3.12/site-packages/airflow/example_dags/example_branch_operator.py took 0.166 seconds
[2024-08-29T00:04:34.281+0000] {processor.py:186} INFO - Started process (PID=494) to work on /home/airflow/.local/lib/python3.12/site-packages/airflow/example_dags/example_branch_operator.py
[2024-08-29T00:04:34.283+0000] {processor.py:914} INFO - Processing file /home/airflow/.local/lib/python3.12/site-packages/airflow/example_dags/example_branch_operator.py for tasks to queue
[2024-08-29T00:04:34.289+0000] {logging_mixin.py:190} INFO - [2024-08-29T00:04:34.288+0000] {dagbag.py:587} INFO - Filling up the DagBag from /home/airflow/.local/lib/python3.12/site-packages/airflow/example_dags/example_branch_operator.py
[2024-08-29T00:04:34.323+0000] {processor.py:925} INFO - DAG(s) 'example_branch_operator' retrieved from /home/airflow/.local/lib/python3.12/site-packages/airflow/example_dags/example_branch_operator.py
[2024-08-29T00:04:34.372+0000] {logging_mixin.py:190} INFO - [2024-08-29T00:04:34.372+0000] {dag.py:3211} INFO - Sync 1 DAGs
[2024-08-29T00:04:34.406+0000] {logging_mixin.py:190} INFO - [2024-08-29T00:04:34.405+0000] {dag.py:4138} INFO - Setting next_dagrun for example_branch_operator to 2024-08-28 00:00:00+00:00, run_after=2024-08-29 00:00:00+00:00
[2024-08-29T00:04:34.471+0000] {processor.py:208} INFO - Processing /home/airflow/.local/lib/python3.12/site-packages/airflow/example_dags/example_branch_operator.py took 0.200 seconds
[2024-08-29T00:05:09.686+0000] {processor.py:186} INFO - Started process (PID=557) to work on /home/airflow/.local/lib/python3.12/site-packages/airflow/example_dags/example_branch_operator.py
[2024-08-29T00:05:09.805+0000] {processor.py:914} INFO - Processing file /home/airflow/.local/lib/python3.12/site-packages/airflow/example_dags/example_branch_operator.py for tasks to queue
[2024-08-29T00:05:09.853+0000] {logging_mixin.py:190} INFO - [2024-08-29T00:05:09.852+0000] {dagbag.py:587} INFO - Filling up the DagBag from /home/airflow/.local/lib/python3.12/site-packages/airflow/example_dags/example_branch_operator.py
[2024-08-29T00:05:09.978+0000] {processor.py:925} INFO - DAG(s) 'example_branch_operator' retrieved from /home/airflow/.local/lib/python3.12/site-packages/airflow/example_dags/example_branch_operator.py
[2024-08-29T00:05:10.334+0000] {logging_mixin.py:190} INFO - [2024-08-29T00:05:10.334+0000] {dag.py:3211} INFO - Sync 1 DAGs
[2024-08-29T00:05:10.464+0000] {logging_mixin.py:190} INFO - [2024-08-29T00:05:10.463+0000] {dag.py:4138} INFO - Setting next_dagrun for example_branch_operator to 2024-08-28 00:00:00+00:00, run_after=2024-08-29 00:00:00+00:00
[2024-08-29T00:05:10.533+0000] {processor.py:208} INFO - Processing /home/airflow/.local/lib/python3.12/site-packages/airflow/example_dags/example_branch_operator.py took 0.871 seconds
[2024-08-29T00:05:40.847+0000] {processor.py:186} INFO - Started process (PID=620) to work on /home/airflow/.local/lib/python3.12/site-packages/airflow/example_dags/example_branch_operator.py
[2024-08-29T00:05:40.849+0000] {processor.py:914} INFO - Processing file /home/airflow/.local/lib/python3.12/site-packages/airflow/example_dags/example_branch_operator.py for tasks to queue
[2024-08-29T00:05:40.852+0000] {logging_mixin.py:190} INFO - [2024-08-29T00:05:40.851+0000] {dagbag.py:587} INFO - Filling up the DagBag from /home/airflow/.local/lib/python3.12/site-packages/airflow/example_dags/example_branch_operator.py
[2024-08-29T00:05:40.874+0000] {processor.py:925} INFO - DAG(s) 'example_branch_operator' retrieved from /home/airflow/.local/lib/python3.12/site-packages/airflow/example_dags/example_branch_operator.py
[2024-08-29T00:05:40.915+0000] {logging_mixin.py:190} INFO - [2024-08-29T00:05:40.915+0000] {dag.py:3211} INFO - Sync 1 DAGs
[2024-08-29T00:05:40.946+0000] {logging_mixin.py:190} INFO - [2024-08-29T00:05:40.946+0000] {dag.py:4138} INFO - Setting next_dagrun for example_branch_operator to 2024-08-28 00:00:00+00:00, run_after=2024-08-29 00:00:00+00:00
[2024-08-29T00:05:41.244+0000] {processor.py:208} INFO - Processing /home/airflow/.local/lib/python3.12/site-packages/airflow/example_dags/example_branch_operator.py took 0.404 seconds
[2024-08-29T00:06:11.920+0000] {processor.py:186} INFO - Started process (PID=683) to work on /home/airflow/.local/lib/python3.12/site-packages/airflow/example_dags/example_branch_operator.py
[2024-08-29T00:06:11.922+0000] {processor.py:914} INFO - Processing file /home/airflow/.local/lib/python3.12/site-packages/airflow/example_dags/example_branch_operator.py for tasks to queue
[2024-08-29T00:06:11.926+0000] {logging_mixin.py:190} INFO - [2024-08-29T00:06:11.926+0000] {dagbag.py:587} INFO - Filling up the DagBag from /home/airflow/.local/lib/python3.12/site-packages/airflow/example_dags/example_branch_operator.py
[2024-08-29T00:06:11.957+0000] {processor.py:925} INFO - DAG(s) 'example_branch_operator' retrieved from /home/airflow/.local/lib/python3.12/site-packages/airflow/example_dags/example_branch_operator.py
[2024-08-29T00:06:12.001+0000] {logging_mixin.py:190} INFO - [2024-08-29T00:06:12.000+0000] {dag.py:3211} INFO - Sync 1 DAGs
[2024-08-29T00:06:12.035+0000] {logging_mixin.py:190} INFO - [2024-08-29T00:06:12.034+0000] {dag.py:4138} INFO - Setting next_dagrun for example_branch_operator to 2024-08-28 00:00:00+00:00, run_after=2024-08-29 00:00:00+00:00
[2024-08-29T00:06:12.067+0000] {processor.py:208} INFO - Processing /home/airflow/.local/lib/python3.12/site-packages/airflow/example_dags/example_branch_operator.py took 0.154 seconds
[2024-08-29T00:06:42.253+0000] {processor.py:186} INFO - Started process (PID=746) to work on /home/airflow/.local/lib/python3.12/site-packages/airflow/example_dags/example_branch_operator.py
[2024-08-29T00:06:42.254+0000] {processor.py:914} INFO - Processing file /home/airflow/.local/lib/python3.12/site-packages/airflow/example_dags/example_branch_operator.py for tasks to queue
[2024-08-29T00:06:42.258+0000] {logging_mixin.py:190} INFO - [2024-08-29T00:06:42.257+0000] {dagbag.py:587} INFO - Filling up the DagBag from /home/airflow/.local/lib/python3.12/site-packages/airflow/example_dags/example_branch_operator.py
[2024-08-29T00:06:42.285+0000] {processor.py:925} INFO - DAG(s) 'example_branch_operator' retrieved from /home/airflow/.local/lib/python3.12/site-packages/airflow/example_dags/example_branch_operator.py
[2024-08-29T00:06:42.331+0000] {logging_mixin.py:190} INFO - [2024-08-29T00:06:42.331+0000] {dag.py:3211} INFO - Sync 1 DAGs
[2024-08-29T00:06:42.372+0000] {logging_mixin.py:190} INFO - [2024-08-29T00:06:42.371+0000] {dag.py:4138} INFO - Setting next_dagrun for example_branch_operator to 2024-08-28 00:00:00+00:00, run_after=2024-08-29 00:00:00+00:00
[2024-08-29T00:06:42.405+0000] {processor.py:208} INFO - Processing /home/airflow/.local/lib/python3.12/site-packages/airflow/example_dags/example_branch_operator.py took 0.160 seconds
[2024-08-29T00:07:12.498+0000] {processor.py:186} INFO - Started process (PID=809) to work on /home/airflow/.local/lib/python3.12/site-packages/airflow/example_dags/example_branch_operator.py
[2024-08-29T00:07:12.499+0000] {processor.py:914} INFO - Processing file /home/airflow/.local/lib/python3.12/site-packages/airflow/example_dags/example_branch_operator.py for tasks to queue
[2024-08-29T00:07:12.505+0000] {logging_mixin.py:190} INFO - [2024-08-29T00:07:12.504+0000] {dagbag.py:587} INFO - Filling up the DagBag from /home/airflow/.local/lib/python3.12/site-packages/airflow/example_dags/example_branch_operator.py
[2024-08-29T00:07:12.546+0000] {processor.py:925} INFO - DAG(s) 'example_branch_operator' retrieved from /home/airflow/.local/lib/python3.12/site-packages/airflow/example_dags/example_branch_operator.py
[2024-08-29T00:07:12.598+0000] {logging_mixin.py:190} INFO - [2024-08-29T00:07:12.598+0000] {dag.py:3211} INFO - Sync 1 DAGs
[2024-08-29T00:07:12.647+0000] {logging_mixin.py:190} INFO - [2024-08-29T00:07:12.646+0000] {dag.py:4138} INFO - Setting next_dagrun for example_branch_operator to 2024-08-28 00:00:00+00:00, run_after=2024-08-29 00:00:00+00:00
[2024-08-29T00:07:12.680+0000] {processor.py:208} INFO - Processing /home/airflow/.local/lib/python3.12/site-packages/airflow/example_dags/example_branch_operator.py took 0.193 seconds
[2024-08-29T00:07:43.137+0000] {processor.py:186} INFO - Started process (PID=872) to work on /home/airflow/.local/lib/python3.12/site-packages/airflow/example_dags/example_branch_operator.py
[2024-08-29T00:07:43.139+0000] {processor.py:914} INFO - Processing file /home/airflow/.local/lib/python3.12/site-packages/airflow/example_dags/example_branch_operator.py for tasks to queue
[2024-08-29T00:07:43.143+0000] {logging_mixin.py:190} INFO - [2024-08-29T00:07:43.143+0000] {dagbag.py:587} INFO - Filling up the DagBag from /home/airflow/.local/lib/python3.12/site-packages/airflow/example_dags/example_branch_operator.py
[2024-08-29T00:07:43.175+0000] {processor.py:925} INFO - DAG(s) 'example_branch_operator' retrieved from /home/airflow/.local/lib/python3.12/site-packages/airflow/example_dags/example_branch_operator.py
[2024-08-29T00:07:43.225+0000] {logging_mixin.py:190} INFO - [2024-08-29T00:07:43.225+0000] {dag.py:3211} INFO - Sync 1 DAGs
[2024-08-29T00:07:43.278+0000] {logging_mixin.py:190} INFO - [2024-08-29T00:07:43.277+0000] {dag.py:4138} INFO - Setting next_dagrun for example_branch_operator to 2024-08-28 00:00:00+00:00, run_after=2024-08-29 00:00:00+00:00
[2024-08-29T00:07:43.410+0000] {processor.py:208} INFO - Processing /home/airflow/.local/lib/python3.12/site-packages/airflow/example_dags/example_branch_operator.py took 0.285 seconds
[2024-08-29T00:08:14.338+0000] {processor.py:186} INFO - Started process (PID=935) to work on /home/airflow/.local/lib/python3.12/site-packages/airflow/example_dags/example_branch_operator.py
[2024-08-29T00:08:14.339+0000] {processor.py:914} INFO - Processing file /home/airflow/.local/lib/python3.12/site-packages/airflow/example_dags/example_branch_operator.py for tasks to queue
[2024-08-29T00:08:14.343+0000] {logging_mixin.py:190} INFO - [2024-08-29T00:08:14.343+0000] {dagbag.py:587} INFO - Filling up the DagBag from /home/airflow/.local/lib/python3.12/site-packages/airflow/example_dags/example_branch_operator.py
[2024-08-29T00:08:14.389+0000] {processor.py:925} INFO - DAG(s) 'example_branch_operator' retrieved from /home/airflow/.local/lib/python3.12/site-packages/airflow/example_dags/example_branch_operator.py
[2024-08-29T00:08:14.456+0000] {logging_mixin.py:190} INFO - [2024-08-29T00:08:14.455+0000] {dag.py:3211} INFO - Sync 1 DAGs
[2024-08-29T00:08:14.504+0000] {logging_mixin.py:190} INFO - [2024-08-29T00:08:14.503+0000] {dag.py:4138} INFO - Setting next_dagrun for example_branch_operator to 2024-08-28 00:00:00+00:00, run_after=2024-08-29 00:00:00+00:00
[2024-08-29T00:08:14.618+0000] {processor.py:208} INFO - Processing /home/airflow/.local/lib/python3.12/site-packages/airflow/example_dags/example_branch_operator.py took 0.295 seconds
[2024-08-29T00:08:44.955+0000] {processor.py:186} INFO - Started process (PID=998) to work on /home/airflow/.local/lib/python3.12/site-packages/airflow/example_dags/example_branch_operator.py
[2024-08-29T00:08:44.957+0000] {processor.py:914} INFO - Processing file /home/airflow/.local/lib/python3.12/site-packages/airflow/example_dags/example_branch_operator.py for tasks to queue
[2024-08-29T00:08:44.960+0000] {logging_mixin.py:190} INFO - [2024-08-29T00:08:44.959+0000] {dagbag.py:587} INFO - Filling up the DagBag from /home/airflow/.local/lib/python3.12/site-packages/airflow/example_dags/example_branch_operator.py
[2024-08-29T00:08:44.989+0000] {processor.py:925} INFO - DAG(s) 'example_branch_operator' retrieved from /home/airflow/.local/lib/python3.12/site-packages/airflow/example_dags/example_branch_operator.py
[2024-08-29T00:08:45.034+0000] {logging_mixin.py:190} INFO - [2024-08-29T00:08:45.033+0000] {dag.py:3211} INFO - Sync 1 DAGs
[2024-08-29T00:08:45.074+0000] {logging_mixin.py:190} INFO - [2024-08-29T00:08:45.073+0000] {dag.py:4138} INFO - Setting next_dagrun for example_branch_operator to 2024-08-28 00:00:00+00:00, run_after=2024-08-29 00:00:00+00:00
[2024-08-29T00:08:45.112+0000] {processor.py:208} INFO - Processing /home/airflow/.local/lib/python3.12/site-packages/airflow/example_dags/example_branch_operator.py took 0.173 seconds
[2024-08-29T00:09:15.668+0000] {processor.py:186} INFO - Started process (PID=1061) to work on /home/airflow/.local/lib/python3.12/site-packages/airflow/example_dags/example_branch_operator.py
[2024-08-29T00:09:15.671+0000] {processor.py:914} INFO - Processing file /home/airflow/.local/lib/python3.12/site-packages/airflow/example_dags/example_branch_operator.py for tasks to queue
[2024-08-29T00:09:15.685+0000] {logging_mixin.py:190} INFO - [2024-08-29T00:09:15.678+0000] {dagbag.py:587} INFO - Filling up the DagBag from /home/airflow/.local/lib/python3.12/site-packages/airflow/example_dags/example_branch_operator.py
[2024-08-29T00:09:15.766+0000] {processor.py:925} INFO - DAG(s) 'example_branch_operator' retrieved from /home/airflow/.local/lib/python3.12/site-packages/airflow/example_dags/example_branch_operator.py
[2024-08-29T00:09:15.884+0000] {logging_mixin.py:190} INFO - [2024-08-29T00:09:15.883+0000] {dag.py:3211} INFO - Sync 1 DAGs
[2024-08-29T00:09:15.961+0000] {logging_mixin.py:190} INFO - [2024-08-29T00:09:15.961+0000] {dag.py:4138} INFO - Setting next_dagrun for example_branch_operator to 2024-08-28 00:00:00+00:00, run_after=2024-08-29 00:00:00+00:00
[2024-08-29T00:09:16.026+0000] {processor.py:208} INFO - Processing /home/airflow/.local/lib/python3.12/site-packages/airflow/example_dags/example_branch_operator.py took 0.380 seconds
[2024-08-29T00:09:53.748+0000] {processor.py:186} INFO - Started process (PID=1130) to work on /home/airflow/.local/lib/python3.12/site-packages/airflow/example_dags/example_branch_operator.py
[2024-08-29T00:09:53.753+0000] {processor.py:914} INFO - Processing file /home/airflow/.local/lib/python3.12/site-packages/airflow/example_dags/example_branch_operator.py for tasks to queue
[2024-08-29T00:09:53.765+0000] {logging_mixin.py:190} INFO - [2024-08-29T00:09:53.765+0000] {dagbag.py:587} INFO - Filling up the DagBag from /home/airflow/.local/lib/python3.12/site-packages/airflow/example_dags/example_branch_operator.py
[2024-08-29T00:09:53.923+0000] {processor.py:925} INFO - DAG(s) 'example_branch_operator' retrieved from /home/airflow/.local/lib/python3.12/site-packages/airflow/example_dags/example_branch_operator.py
[2024-08-29T00:09:54.049+0000] {logging_mixin.py:190} INFO - [2024-08-29T00:09:54.044+0000] {dag.py:3211} INFO - Sync 1 DAGs
[2024-08-29T00:09:54.160+0000] {logging_mixin.py:190} INFO - [2024-08-29T00:09:54.160+0000] {dag.py:4138} INFO - Setting next_dagrun for example_branch_operator to 2024-08-28 00:00:00+00:00, run_after=2024-08-29 00:00:00+00:00
[2024-08-29T00:09:54.239+0000] {processor.py:208} INFO - Processing /home/airflow/.local/lib/python3.12/site-packages/airflow/example_dags/example_branch_operator.py took 0.539 seconds
[2024-08-29T00:11:54.023+0000] {processor.py:186} INFO - Started process (PID=1227) to work on /home/airflow/.local/lib/python3.12/site-packages/airflow/example_dags/example_branch_operator.py
[2024-08-29T00:11:54.025+0000] {processor.py:914} INFO - Processing file /home/airflow/.local/lib/python3.12/site-packages/airflow/example_dags/example_branch_operator.py for tasks to queue
[2024-08-29T00:11:54.030+0000] {logging_mixin.py:190} INFO - [2024-08-29T00:11:54.029+0000] {dagbag.py:587} INFO - Filling up the DagBag from /home/airflow/.local/lib/python3.12/site-packages/airflow/example_dags/example_branch_operator.py
[2024-08-29T00:11:54.086+0000] {processor.py:925} INFO - DAG(s) 'example_branch_operator' retrieved from /home/airflow/.local/lib/python3.12/site-packages/airflow/example_dags/example_branch_operator.py
[2024-08-29T00:11:54.158+0000] {logging_mixin.py:190} INFO - [2024-08-29T00:11:54.157+0000] {dag.py:3211} INFO - Sync 1 DAGs
[2024-08-29T00:11:54.222+0000] {logging_mixin.py:190} INFO - [2024-08-29T00:11:54.222+0000] {dag.py:4138} INFO - Setting next_dagrun for example_branch_operator to 2024-08-28 00:00:00+00:00, run_after=2024-08-29 00:00:00+00:00
[2024-08-29T00:11:54.271+0000] {processor.py:208} INFO - Processing /home/airflow/.local/lib/python3.12/site-packages/airflow/example_dags/example_branch_operator.py took 0.259 seconds
[2024-08-29T00:18:06.004+0000] {processor.py:186} INFO - Started process (PID=119) to work on /home/airflow/.local/lib/python3.12/site-packages/airflow/example_dags/example_branch_operator.py
[2024-08-29T00:18:06.008+0000] {processor.py:914} INFO - Processing file /home/airflow/.local/lib/python3.12/site-packages/airflow/example_dags/example_branch_operator.py for tasks to queue
[2024-08-29T00:18:06.014+0000] {logging_mixin.py:190} INFO - [2024-08-29T00:18:06.013+0000] {dagbag.py:587} INFO - Filling up the DagBag from /home/airflow/.local/lib/python3.12/site-packages/airflow/example_dags/example_branch_operator.py
[2024-08-29T00:18:06.099+0000] {processor.py:925} INFO - DAG(s) 'example_branch_operator' retrieved from /home/airflow/.local/lib/python3.12/site-packages/airflow/example_dags/example_branch_operator.py
[2024-08-29T00:18:06.528+0000] {logging_mixin.py:190} INFO - [2024-08-29T00:18:06.527+0000] {dag.py:3211} INFO - Sync 1 DAGs
[2024-08-29T00:18:06.583+0000] {logging_mixin.py:190} INFO - [2024-08-29T00:18:06.582+0000] {dag.py:4138} INFO - Setting next_dagrun for example_branch_operator to 2024-08-28 00:00:00+00:00, run_after=2024-08-29 00:00:00+00:00
[2024-08-29T00:18:06.655+0000] {processor.py:208} INFO - Processing /home/airflow/.local/lib/python3.12/site-packages/airflow/example_dags/example_branch_operator.py took 0.680 seconds
[2024-08-29T00:18:40.249+0000] {processor.py:186} INFO - Started process (PID=186) to work on /home/airflow/.local/lib/python3.12/site-packages/airflow/example_dags/example_branch_operator.py
[2024-08-29T00:18:40.251+0000] {processor.py:914} INFO - Processing file /home/airflow/.local/lib/python3.12/site-packages/airflow/example_dags/example_branch_operator.py for tasks to queue
[2024-08-29T00:18:40.270+0000] {logging_mixin.py:190} INFO - [2024-08-29T00:18:40.269+0000] {dagbag.py:587} INFO - Filling up the DagBag from /home/airflow/.local/lib/python3.12/site-packages/airflow/example_dags/example_branch_operator.py
[2024-08-29T00:18:40.528+0000] {processor.py:925} INFO - DAG(s) 'example_branch_operator' retrieved from /home/airflow/.local/lib/python3.12/site-packages/airflow/example_dags/example_branch_operator.py
[2024-08-29T00:18:40.627+0000] {logging_mixin.py:190} INFO - [2024-08-29T00:18:40.627+0000] {dag.py:3211} INFO - Sync 1 DAGs
[2024-08-29T00:18:40.736+0000] {logging_mixin.py:190} INFO - [2024-08-29T00:18:40.735+0000] {dag.py:4138} INFO - Setting next_dagrun for example_branch_operator to 2024-08-28 00:00:00+00:00, run_after=2024-08-29 00:00:00+00:00
[2024-08-29T00:18:40.803+0000] {processor.py:208} INFO - Processing /home/airflow/.local/lib/python3.12/site-packages/airflow/example_dags/example_branch_operator.py took 0.697 seconds
[2024-08-29T00:19:11.760+0000] {processor.py:186} INFO - Started process (PID=249) to work on /home/airflow/.local/lib/python3.12/site-packages/airflow/example_dags/example_branch_operator.py
[2024-08-29T00:19:11.779+0000] {processor.py:914} INFO - Processing file /home/airflow/.local/lib/python3.12/site-packages/airflow/example_dags/example_branch_operator.py for tasks to queue
[2024-08-29T00:19:11.783+0000] {logging_mixin.py:190} INFO - [2024-08-29T00:19:11.783+0000] {dagbag.py:587} INFO - Filling up the DagBag from /home/airflow/.local/lib/python3.12/site-packages/airflow/example_dags/example_branch_operator.py
[2024-08-29T00:19:11.891+0000] {processor.py:925} INFO - DAG(s) 'example_branch_operator' retrieved from /home/airflow/.local/lib/python3.12/site-packages/airflow/example_dags/example_branch_operator.py
[2024-08-29T00:19:12.024+0000] {logging_mixin.py:190} INFO - [2024-08-29T00:19:12.023+0000] {dag.py:3211} INFO - Sync 1 DAGs
[2024-08-29T00:19:12.088+0000] {logging_mixin.py:190} INFO - [2024-08-29T00:19:12.087+0000] {dag.py:4138} INFO - Setting next_dagrun for example_branch_operator to 2024-08-28 00:00:00+00:00, run_after=2024-08-29 00:00:00+00:00
[2024-08-29T00:19:12.125+0000] {processor.py:208} INFO - Processing /home/airflow/.local/lib/python3.12/site-packages/airflow/example_dags/example_branch_operator.py took 0.380 seconds
[2024-08-29T00:19:42.915+0000] {processor.py:186} INFO - Started process (PID=312) to work on /home/airflow/.local/lib/python3.12/site-packages/airflow/example_dags/example_branch_operator.py
[2024-08-29T00:19:42.924+0000] {processor.py:914} INFO - Processing file /home/airflow/.local/lib/python3.12/site-packages/airflow/example_dags/example_branch_operator.py for tasks to queue
[2024-08-29T00:19:42.935+0000] {logging_mixin.py:190} INFO - [2024-08-29T00:19:42.934+0000] {dagbag.py:587} INFO - Filling up the DagBag from /home/airflow/.local/lib/python3.12/site-packages/airflow/example_dags/example_branch_operator.py
[2024-08-29T00:19:43.078+0000] {processor.py:925} INFO - DAG(s) 'example_branch_operator' retrieved from /home/airflow/.local/lib/python3.12/site-packages/airflow/example_dags/example_branch_operator.py
[2024-08-29T00:19:43.289+0000] {logging_mixin.py:190} INFO - [2024-08-29T00:19:43.289+0000] {dag.py:3211} INFO - Sync 1 DAGs
[2024-08-29T00:19:43.509+0000] {logging_mixin.py:190} INFO - [2024-08-29T00:19:43.509+0000] {dag.py:4138} INFO - Setting next_dagrun for example_branch_operator to 2024-08-28 00:00:00+00:00, run_after=2024-08-29 00:00:00+00:00
[2024-08-29T00:19:43.662+0000] {processor.py:208} INFO - Processing /home/airflow/.local/lib/python3.12/site-packages/airflow/example_dags/example_branch_operator.py took 0.782 seconds
[2024-08-29T00:20:13.790+0000] {processor.py:186} INFO - Started process (PID=374) to work on /home/airflow/.local/lib/python3.12/site-packages/airflow/example_dags/example_branch_operator.py
[2024-08-29T00:20:13.792+0000] {processor.py:914} INFO - Processing file /home/airflow/.local/lib/python3.12/site-packages/airflow/example_dags/example_branch_operator.py for tasks to queue
[2024-08-29T00:20:13.796+0000] {logging_mixin.py:190} INFO - [2024-08-29T00:20:13.795+0000] {dagbag.py:587} INFO - Filling up the DagBag from /home/airflow/.local/lib/python3.12/site-packages/airflow/example_dags/example_branch_operator.py
[2024-08-29T00:20:13.829+0000] {processor.py:925} INFO - DAG(s) 'example_branch_operator' retrieved from /home/airflow/.local/lib/python3.12/site-packages/airflow/example_dags/example_branch_operator.py
[2024-08-29T00:20:13.876+0000] {logging_mixin.py:190} INFO - [2024-08-29T00:20:13.876+0000] {dag.py:3211} INFO - Sync 1 DAGs
[2024-08-29T00:20:13.920+0000] {logging_mixin.py:190} INFO - [2024-08-29T00:20:13.919+0000] {dag.py:4138} INFO - Setting next_dagrun for example_branch_operator to 2024-08-28 00:00:00+00:00, run_after=2024-08-29 00:00:00+00:00
[2024-08-29T00:20:13.959+0000] {processor.py:208} INFO - Processing /home/airflow/.local/lib/python3.12/site-packages/airflow/example_dags/example_branch_operator.py took 0.179 seconds
[2024-08-29T00:20:44.138+0000] {processor.py:186} INFO - Started process (PID=437) to work on /home/airflow/.local/lib/python3.12/site-packages/airflow/example_dags/example_branch_operator.py
[2024-08-29T00:20:44.140+0000] {processor.py:914} INFO - Processing file /home/airflow/.local/lib/python3.12/site-packages/airflow/example_dags/example_branch_operator.py for tasks to queue
[2024-08-29T00:20:44.153+0000] {logging_mixin.py:190} INFO - [2024-08-29T00:20:44.152+0000] {dagbag.py:587} INFO - Filling up the DagBag from /home/airflow/.local/lib/python3.12/site-packages/airflow/example_dags/example_branch_operator.py
[2024-08-29T00:20:44.243+0000] {processor.py:925} INFO - DAG(s) 'example_branch_operator' retrieved from /home/airflow/.local/lib/python3.12/site-packages/airflow/example_dags/example_branch_operator.py
[2024-08-29T00:20:44.356+0000] {logging_mixin.py:190} INFO - [2024-08-29T00:20:44.355+0000] {dag.py:3211} INFO - Sync 1 DAGs
[2024-08-29T00:20:44.407+0000] {logging_mixin.py:190} INFO - [2024-08-29T00:20:44.407+0000] {dag.py:4138} INFO - Setting next_dagrun for example_branch_operator to 2024-08-28 00:00:00+00:00, run_after=2024-08-29 00:00:00+00:00
[2024-08-29T00:20:44.581+0000] {processor.py:208} INFO - Processing /home/airflow/.local/lib/python3.12/site-packages/airflow/example_dags/example_branch_operator.py took 0.460 seconds
[2024-08-29T00:21:15.513+0000] {processor.py:186} INFO - Started process (PID=500) to work on /home/airflow/.local/lib/python3.12/site-packages/airflow/example_dags/example_branch_operator.py
[2024-08-29T00:21:15.525+0000] {processor.py:914} INFO - Processing file /home/airflow/.local/lib/python3.12/site-packages/airflow/example_dags/example_branch_operator.py for tasks to queue
[2024-08-29T00:21:15.532+0000] {logging_mixin.py:190} INFO - [2024-08-29T00:21:15.531+0000] {dagbag.py:587} INFO - Filling up the DagBag from /home/airflow/.local/lib/python3.12/site-packages/airflow/example_dags/example_branch_operator.py
[2024-08-29T00:21:15.579+0000] {processor.py:925} INFO - DAG(s) 'example_branch_operator' retrieved from /home/airflow/.local/lib/python3.12/site-packages/airflow/example_dags/example_branch_operator.py
[2024-08-29T00:21:15.651+0000] {logging_mixin.py:190} INFO - [2024-08-29T00:21:15.651+0000] {dag.py:3211} INFO - Sync 1 DAGs
[2024-08-29T00:21:15.769+0000] {logging_mixin.py:190} INFO - [2024-08-29T00:21:15.768+0000] {dag.py:4138} INFO - Setting next_dagrun for example_branch_operator to 2024-08-28 00:00:00+00:00, run_after=2024-08-29 00:00:00+00:00
[2024-08-29T00:21:15.857+0000] {processor.py:208} INFO - Processing /home/airflow/.local/lib/python3.12/site-packages/airflow/example_dags/example_branch_operator.py took 0.366 seconds
[2024-08-29T00:21:46.328+0000] {processor.py:186} INFO - Started process (PID=563) to work on /home/airflow/.local/lib/python3.12/site-packages/airflow/example_dags/example_branch_operator.py
[2024-08-29T00:21:46.330+0000] {processor.py:914} INFO - Processing file /home/airflow/.local/lib/python3.12/site-packages/airflow/example_dags/example_branch_operator.py for tasks to queue
[2024-08-29T00:21:46.334+0000] {logging_mixin.py:190} INFO - [2024-08-29T00:21:46.334+0000] {dagbag.py:587} INFO - Filling up the DagBag from /home/airflow/.local/lib/python3.12/site-packages/airflow/example_dags/example_branch_operator.py
[2024-08-29T00:21:46.376+0000] {processor.py:925} INFO - DAG(s) 'example_branch_operator' retrieved from /home/airflow/.local/lib/python3.12/site-packages/airflow/example_dags/example_branch_operator.py
[2024-08-29T00:21:46.445+0000] {logging_mixin.py:190} INFO - [2024-08-29T00:21:46.442+0000] {dag.py:3211} INFO - Sync 1 DAGs
[2024-08-29T00:21:46.500+0000] {logging_mixin.py:190} INFO - [2024-08-29T00:21:46.500+0000] {dag.py:4138} INFO - Setting next_dagrun for example_branch_operator to 2024-08-28 00:00:00+00:00, run_after=2024-08-29 00:00:00+00:00
[2024-08-29T00:21:46.536+0000] {processor.py:208} INFO - Processing /home/airflow/.local/lib/python3.12/site-packages/airflow/example_dags/example_branch_operator.py took 0.219 seconds
[2024-08-29T00:22:17.116+0000] {processor.py:186} INFO - Started process (PID=626) to work on /home/airflow/.local/lib/python3.12/site-packages/airflow/example_dags/example_branch_operator.py
[2024-08-29T00:22:17.117+0000] {processor.py:914} INFO - Processing file /home/airflow/.local/lib/python3.12/site-packages/airflow/example_dags/example_branch_operator.py for tasks to queue
[2024-08-29T00:22:17.122+0000] {logging_mixin.py:190} INFO - [2024-08-29T00:22:17.121+0000] {dagbag.py:587} INFO - Filling up the DagBag from /home/airflow/.local/lib/python3.12/site-packages/airflow/example_dags/example_branch_operator.py
[2024-08-29T00:22:17.153+0000] {processor.py:925} INFO - DAG(s) 'example_branch_operator' retrieved from /home/airflow/.local/lib/python3.12/site-packages/airflow/example_dags/example_branch_operator.py
[2024-08-29T00:22:17.197+0000] {logging_mixin.py:190} INFO - [2024-08-29T00:22:17.196+0000] {dag.py:3211} INFO - Sync 1 DAGs
[2024-08-29T00:22:17.238+0000] {logging_mixin.py:190} INFO - [2024-08-29T00:22:17.237+0000] {dag.py:4138} INFO - Setting next_dagrun for example_branch_operator to 2024-08-28 00:00:00+00:00, run_after=2024-08-29 00:00:00+00:00
[2024-08-29T00:22:17.311+0000] {processor.py:208} INFO - Processing /home/airflow/.local/lib/python3.12/site-packages/airflow/example_dags/example_branch_operator.py took 0.205 seconds
[2024-08-29T00:22:47.643+0000] {processor.py:186} INFO - Started process (PID=690) to work on /home/airflow/.local/lib/python3.12/site-packages/airflow/example_dags/example_branch_operator.py
[2024-08-29T00:22:47.644+0000] {processor.py:914} INFO - Processing file /home/airflow/.local/lib/python3.12/site-packages/airflow/example_dags/example_branch_operator.py for tasks to queue
[2024-08-29T00:22:47.648+0000] {logging_mixin.py:190} INFO - [2024-08-29T00:22:47.647+0000] {dagbag.py:587} INFO - Filling up the DagBag from /home/airflow/.local/lib/python3.12/site-packages/airflow/example_dags/example_branch_operator.py
[2024-08-29T00:22:47.680+0000] {processor.py:925} INFO - DAG(s) 'example_branch_operator' retrieved from /home/airflow/.local/lib/python3.12/site-packages/airflow/example_dags/example_branch_operator.py
[2024-08-29T00:22:47.745+0000] {logging_mixin.py:190} INFO - [2024-08-29T00:22:47.744+0000] {dag.py:3211} INFO - Sync 1 DAGs
[2024-08-29T00:22:47.794+0000] {logging_mixin.py:190} INFO - [2024-08-29T00:22:47.794+0000] {dag.py:4138} INFO - Setting next_dagrun for example_branch_operator to 2024-08-28 00:00:00+00:00, run_after=2024-08-29 00:00:00+00:00
[2024-08-29T00:22:47.840+0000] {processor.py:208} INFO - Processing /home/airflow/.local/lib/python3.12/site-packages/airflow/example_dags/example_branch_operator.py took 0.206 seconds
[2024-08-29T00:23:18.254+0000] {processor.py:186} INFO - Started process (PID=752) to work on /home/airflow/.local/lib/python3.12/site-packages/airflow/example_dags/example_branch_operator.py
[2024-08-29T00:23:18.256+0000] {processor.py:914} INFO - Processing file /home/airflow/.local/lib/python3.12/site-packages/airflow/example_dags/example_branch_operator.py for tasks to queue
[2024-08-29T00:23:18.260+0000] {logging_mixin.py:190} INFO - [2024-08-29T00:23:18.259+0000] {dagbag.py:587} INFO - Filling up the DagBag from /home/airflow/.local/lib/python3.12/site-packages/airflow/example_dags/example_branch_operator.py
[2024-08-29T00:23:18.289+0000] {processor.py:925} INFO - DAG(s) 'example_branch_operator' retrieved from /home/airflow/.local/lib/python3.12/site-packages/airflow/example_dags/example_branch_operator.py
[2024-08-29T00:23:18.336+0000] {logging_mixin.py:190} INFO - [2024-08-29T00:23:18.336+0000] {dag.py:3211} INFO - Sync 1 DAGs
[2024-08-29T00:23:18.378+0000] {logging_mixin.py:190} INFO - [2024-08-29T00:23:18.377+0000] {dag.py:4138} INFO - Setting next_dagrun for example_branch_operator to 2024-08-28 00:00:00+00:00, run_after=2024-08-29 00:00:00+00:00
[2024-08-29T00:23:18.413+0000] {processor.py:208} INFO - Processing /home/airflow/.local/lib/python3.12/site-packages/airflow/example_dags/example_branch_operator.py took 0.170 seconds
[2024-08-29T00:23:49.078+0000] {processor.py:186} INFO - Started process (PID=815) to work on /home/airflow/.local/lib/python3.12/site-packages/airflow/example_dags/example_branch_operator.py
[2024-08-29T00:23:49.080+0000] {processor.py:914} INFO - Processing file /home/airflow/.local/lib/python3.12/site-packages/airflow/example_dags/example_branch_operator.py for tasks to queue
[2024-08-29T00:23:49.083+0000] {logging_mixin.py:190} INFO - [2024-08-29T00:23:49.082+0000] {dagbag.py:587} INFO - Filling up the DagBag from /home/airflow/.local/lib/python3.12/site-packages/airflow/example_dags/example_branch_operator.py
[2024-08-29T00:23:49.108+0000] {processor.py:925} INFO - DAG(s) 'example_branch_operator' retrieved from /home/airflow/.local/lib/python3.12/site-packages/airflow/example_dags/example_branch_operator.py
[2024-08-29T00:23:49.156+0000] {logging_mixin.py:190} INFO - [2024-08-29T00:23:49.156+0000] {dag.py:3211} INFO - Sync 1 DAGs
[2024-08-29T00:23:49.196+0000] {logging_mixin.py:190} INFO - [2024-08-29T00:23:49.196+0000] {dag.py:4138} INFO - Setting next_dagrun for example_branch_operator to 2024-08-28 00:00:00+00:00, run_after=2024-08-29 00:00:00+00:00
[2024-08-29T00:23:49.230+0000] {processor.py:208} INFO - Processing /home/airflow/.local/lib/python3.12/site-packages/airflow/example_dags/example_branch_operator.py took 0.163 seconds
[2024-08-29T00:24:19.885+0000] {processor.py:186} INFO - Started process (PID=878) to work on /home/airflow/.local/lib/python3.12/site-packages/airflow/example_dags/example_branch_operator.py
[2024-08-29T00:24:19.886+0000] {processor.py:914} INFO - Processing file /home/airflow/.local/lib/python3.12/site-packages/airflow/example_dags/example_branch_operator.py for tasks to queue
[2024-08-29T00:24:19.891+0000] {logging_mixin.py:190} INFO - [2024-08-29T00:24:19.890+0000] {dagbag.py:587} INFO - Filling up the DagBag from /home/airflow/.local/lib/python3.12/site-packages/airflow/example_dags/example_branch_operator.py
[2024-08-29T00:24:19.938+0000] {processor.py:925} INFO - DAG(s) 'example_branch_operator' retrieved from /home/airflow/.local/lib/python3.12/site-packages/airflow/example_dags/example_branch_operator.py
[2024-08-29T00:24:20.019+0000] {logging_mixin.py:190} INFO - [2024-08-29T00:24:20.019+0000] {dag.py:3211} INFO - Sync 1 DAGs
[2024-08-29T00:24:20.171+0000] {logging_mixin.py:190} INFO - [2024-08-29T00:24:20.171+0000] {dag.py:4138} INFO - Setting next_dagrun for example_branch_operator to 2024-08-28 00:00:00+00:00, run_after=2024-08-29 00:00:00+00:00
[2024-08-29T00:24:20.249+0000] {processor.py:208} INFO - Processing /home/airflow/.local/lib/python3.12/site-packages/airflow/example_dags/example_branch_operator.py took 0.379 seconds
[2024-08-29T00:24:50.760+0000] {processor.py:186} INFO - Started process (PID=941) to work on /home/airflow/.local/lib/python3.12/site-packages/airflow/example_dags/example_branch_operator.py
[2024-08-29T00:24:50.762+0000] {processor.py:914} INFO - Processing file /home/airflow/.local/lib/python3.12/site-packages/airflow/example_dags/example_branch_operator.py for tasks to queue
[2024-08-29T00:24:50.766+0000] {logging_mixin.py:190} INFO - [2024-08-29T00:24:50.765+0000] {dagbag.py:587} INFO - Filling up the DagBag from /home/airflow/.local/lib/python3.12/site-packages/airflow/example_dags/example_branch_operator.py
[2024-08-29T00:24:50.796+0000] {processor.py:925} INFO - DAG(s) 'example_branch_operator' retrieved from /home/airflow/.local/lib/python3.12/site-packages/airflow/example_dags/example_branch_operator.py
[2024-08-29T00:24:50.856+0000] {logging_mixin.py:190} INFO - [2024-08-29T00:24:50.856+0000] {dag.py:3211} INFO - Sync 1 DAGs
[2024-08-29T00:24:50.894+0000] {logging_mixin.py:190} INFO - [2024-08-29T00:24:50.893+0000] {dag.py:4138} INFO - Setting next_dagrun for example_branch_operator to 2024-08-28 00:00:00+00:00, run_after=2024-08-29 00:00:00+00:00
[2024-08-29T00:24:50.929+0000] {processor.py:208} INFO - Processing /home/airflow/.local/lib/python3.12/site-packages/airflow/example_dags/example_branch_operator.py took 0.177 seconds
[2024-08-29T00:25:21.189+0000] {processor.py:186} INFO - Started process (PID=1004) to work on /home/airflow/.local/lib/python3.12/site-packages/airflow/example_dags/example_branch_operator.py
[2024-08-29T00:25:21.191+0000] {processor.py:914} INFO - Processing file /home/airflow/.local/lib/python3.12/site-packages/airflow/example_dags/example_branch_operator.py for tasks to queue
[2024-08-29T00:25:21.195+0000] {logging_mixin.py:190} INFO - [2024-08-29T00:25:21.194+0000] {dagbag.py:587} INFO - Filling up the DagBag from /home/airflow/.local/lib/python3.12/site-packages/airflow/example_dags/example_branch_operator.py
[2024-08-29T00:25:21.257+0000] {processor.py:925} INFO - DAG(s) 'example_branch_operator' retrieved from /home/airflow/.local/lib/python3.12/site-packages/airflow/example_dags/example_branch_operator.py
[2024-08-29T00:25:21.340+0000] {logging_mixin.py:190} INFO - [2024-08-29T00:25:21.339+0000] {dag.py:3211} INFO - Sync 1 DAGs
[2024-08-29T00:25:21.397+0000] {logging_mixin.py:190} INFO - [2024-08-29T00:25:21.397+0000] {dag.py:4138} INFO - Setting next_dagrun for example_branch_operator to 2024-08-28 00:00:00+00:00, run_after=2024-08-29 00:00:00+00:00
[2024-08-29T00:25:21.458+0000] {processor.py:208} INFO - Processing /home/airflow/.local/lib/python3.12/site-packages/airflow/example_dags/example_branch_operator.py took 0.277 seconds
[2024-08-29T00:25:54.095+0000] {processor.py:186} INFO - Started process (PID=1067) to work on /home/airflow/.local/lib/python3.12/site-packages/airflow/example_dags/example_branch_operator.py
[2024-08-29T00:25:54.097+0000] {processor.py:914} INFO - Processing file /home/airflow/.local/lib/python3.12/site-packages/airflow/example_dags/example_branch_operator.py for tasks to queue
[2024-08-29T00:25:54.101+0000] {logging_mixin.py:190} INFO - [2024-08-29T00:25:54.100+0000] {dagbag.py:587} INFO - Filling up the DagBag from /home/airflow/.local/lib/python3.12/site-packages/airflow/example_dags/example_branch_operator.py
[2024-08-29T00:25:54.160+0000] {processor.py:925} INFO - DAG(s) 'example_branch_operator' retrieved from /home/airflow/.local/lib/python3.12/site-packages/airflow/example_dags/example_branch_operator.py
[2024-08-29T00:25:54.239+0000] {logging_mixin.py:190} INFO - [2024-08-29T00:25:54.235+0000] {dag.py:3211} INFO - Sync 1 DAGs
[2024-08-29T00:25:54.302+0000] {logging_mixin.py:190} INFO - [2024-08-29T00:25:54.302+0000] {dag.py:4138} INFO - Setting next_dagrun for example_branch_operator to 2024-08-28 00:00:00+00:00, run_after=2024-08-29 00:00:00+00:00
[2024-08-29T00:25:54.354+0000] {processor.py:208} INFO - Processing /home/airflow/.local/lib/python3.12/site-packages/airflow/example_dags/example_branch_operator.py took 0.272 seconds
[2024-08-29T00:26:24.828+0000] {processor.py:186} INFO - Started process (PID=1130) to work on /home/airflow/.local/lib/python3.12/site-packages/airflow/example_dags/example_branch_operator.py
[2024-08-29T00:26:24.829+0000] {processor.py:914} INFO - Processing file /home/airflow/.local/lib/python3.12/site-packages/airflow/example_dags/example_branch_operator.py for tasks to queue
[2024-08-29T00:26:24.834+0000] {logging_mixin.py:190} INFO - [2024-08-29T00:26:24.833+0000] {dagbag.py:587} INFO - Filling up the DagBag from /home/airflow/.local/lib/python3.12/site-packages/airflow/example_dags/example_branch_operator.py
[2024-08-29T00:26:24.875+0000] {processor.py:925} INFO - DAG(s) 'example_branch_operator' retrieved from /home/airflow/.local/lib/python3.12/site-packages/airflow/example_dags/example_branch_operator.py
[2024-08-29T00:26:24.926+0000] {logging_mixin.py:190} INFO - [2024-08-29T00:26:24.926+0000] {dag.py:3211} INFO - Sync 1 DAGs
[2024-08-29T00:26:24.978+0000] {logging_mixin.py:190} INFO - [2024-08-29T00:26:24.978+0000] {dag.py:4138} INFO - Setting next_dagrun for example_branch_operator to 2024-08-28 00:00:00+00:00, run_after=2024-08-29 00:00:00+00:00
[2024-08-29T00:26:25.009+0000] {processor.py:208} INFO - Processing /home/airflow/.local/lib/python3.12/site-packages/airflow/example_dags/example_branch_operator.py took 0.192 seconds
[2024-08-29T00:26:56.128+0000] {processor.py:186} INFO - Started process (PID=1194) to work on /home/airflow/.local/lib/python3.12/site-packages/airflow/example_dags/example_branch_operator.py
[2024-08-29T00:26:56.129+0000] {processor.py:914} INFO - Processing file /home/airflow/.local/lib/python3.12/site-packages/airflow/example_dags/example_branch_operator.py for tasks to queue
[2024-08-29T00:26:56.132+0000] {logging_mixin.py:190} INFO - [2024-08-29T00:26:56.132+0000] {dagbag.py:587} INFO - Filling up the DagBag from /home/airflow/.local/lib/python3.12/site-packages/airflow/example_dags/example_branch_operator.py
[2024-08-29T00:26:56.170+0000] {processor.py:925} INFO - DAG(s) 'example_branch_operator' retrieved from /home/airflow/.local/lib/python3.12/site-packages/airflow/example_dags/example_branch_operator.py
[2024-08-29T00:26:56.215+0000] {logging_mixin.py:190} INFO - [2024-08-29T00:26:56.215+0000] {dag.py:3211} INFO - Sync 1 DAGs
[2024-08-29T00:26:56.248+0000] {logging_mixin.py:190} INFO - [2024-08-29T00:26:56.248+0000] {dag.py:4138} INFO - Setting next_dagrun for example_branch_operator to 2024-08-28 00:00:00+00:00, run_after=2024-08-29 00:00:00+00:00
[2024-08-29T00:26:56.278+0000] {processor.py:208} INFO - Processing /home/airflow/.local/lib/python3.12/site-packages/airflow/example_dags/example_branch_operator.py took 0.159 seconds
[2024-08-29T00:27:27.063+0000] {processor.py:186} INFO - Started process (PID=1257) to work on /home/airflow/.local/lib/python3.12/site-packages/airflow/example_dags/example_branch_operator.py
[2024-08-29T00:27:27.064+0000] {processor.py:914} INFO - Processing file /home/airflow/.local/lib/python3.12/site-packages/airflow/example_dags/example_branch_operator.py for tasks to queue
[2024-08-29T00:27:27.068+0000] {logging_mixin.py:190} INFO - [2024-08-29T00:27:27.067+0000] {dagbag.py:587} INFO - Filling up the DagBag from /home/airflow/.local/lib/python3.12/site-packages/airflow/example_dags/example_branch_operator.py
[2024-08-29T00:27:27.099+0000] {processor.py:925} INFO - DAG(s) 'example_branch_operator' retrieved from /home/airflow/.local/lib/python3.12/site-packages/airflow/example_dags/example_branch_operator.py
[2024-08-29T00:27:27.148+0000] {logging_mixin.py:190} INFO - [2024-08-29T00:27:27.148+0000] {dag.py:3211} INFO - Sync 1 DAGs
[2024-08-29T00:27:27.187+0000] {logging_mixin.py:190} INFO - [2024-08-29T00:27:27.187+0000] {dag.py:4138} INFO - Setting next_dagrun for example_branch_operator to 2024-08-28 00:00:00+00:00, run_after=2024-08-29 00:00:00+00:00
[2024-08-29T00:27:27.218+0000] {processor.py:208} INFO - Processing /home/airflow/.local/lib/python3.12/site-packages/airflow/example_dags/example_branch_operator.py took 0.164 seconds
[2024-08-29T00:27:58.085+0000] {processor.py:186} INFO - Started process (PID=1326) to work on /home/airflow/.local/lib/python3.12/site-packages/airflow/example_dags/example_branch_operator.py
[2024-08-29T00:27:58.087+0000] {processor.py:914} INFO - Processing file /home/airflow/.local/lib/python3.12/site-packages/airflow/example_dags/example_branch_operator.py for tasks to queue
[2024-08-29T00:27:58.093+0000] {logging_mixin.py:190} INFO - [2024-08-29T00:27:58.092+0000] {dagbag.py:587} INFO - Filling up the DagBag from /home/airflow/.local/lib/python3.12/site-packages/airflow/example_dags/example_branch_operator.py
[2024-08-29T00:27:58.142+0000] {processor.py:925} INFO - DAG(s) 'example_branch_operator' retrieved from /home/airflow/.local/lib/python3.12/site-packages/airflow/example_dags/example_branch_operator.py
[2024-08-29T00:27:58.237+0000] {logging_mixin.py:190} INFO - [2024-08-29T00:27:58.237+0000] {dag.py:3211} INFO - Sync 1 DAGs
[2024-08-29T00:27:58.310+0000] {logging_mixin.py:190} INFO - [2024-08-29T00:27:58.310+0000] {dag.py:4138} INFO - Setting next_dagrun for example_branch_operator to 2024-08-28 00:00:00+00:00, run_after=2024-08-29 00:00:00+00:00
[2024-08-29T00:27:58.373+0000] {processor.py:208} INFO - Processing /home/airflow/.local/lib/python3.12/site-packages/airflow/example_dags/example_branch_operator.py took 0.299 seconds
[2024-08-29T00:28:28.473+0000] {processor.py:186} INFO - Started process (PID=1389) to work on /home/airflow/.local/lib/python3.12/site-packages/airflow/example_dags/example_branch_operator.py
[2024-08-29T00:28:28.474+0000] {processor.py:914} INFO - Processing file /home/airflow/.local/lib/python3.12/site-packages/airflow/example_dags/example_branch_operator.py for tasks to queue
[2024-08-29T00:28:28.480+0000] {logging_mixin.py:190} INFO - [2024-08-29T00:28:28.478+0000] {dagbag.py:587} INFO - Filling up the DagBag from /home/airflow/.local/lib/python3.12/site-packages/airflow/example_dags/example_branch_operator.py
[2024-08-29T00:28:28.526+0000] {processor.py:925} INFO - DAG(s) 'example_branch_operator' retrieved from /home/airflow/.local/lib/python3.12/site-packages/airflow/example_dags/example_branch_operator.py
[2024-08-29T00:28:28.578+0000] {logging_mixin.py:190} INFO - [2024-08-29T00:28:28.578+0000] {dag.py:3211} INFO - Sync 1 DAGs
[2024-08-29T00:28:28.618+0000] {logging_mixin.py:190} INFO - [2024-08-29T00:28:28.618+0000] {dag.py:4138} INFO - Setting next_dagrun for example_branch_operator to 2024-08-28 00:00:00+00:00, run_after=2024-08-29 00:00:00+00:00
[2024-08-29T00:28:28.652+0000] {processor.py:208} INFO - Processing /home/airflow/.local/lib/python3.12/site-packages/airflow/example_dags/example_branch_operator.py took 0.193 seconds
[2024-08-29T00:28:59.222+0000] {processor.py:186} INFO - Started process (PID=1452) to work on /home/airflow/.local/lib/python3.12/site-packages/airflow/example_dags/example_branch_operator.py
[2024-08-29T00:28:59.224+0000] {processor.py:914} INFO - Processing file /home/airflow/.local/lib/python3.12/site-packages/airflow/example_dags/example_branch_operator.py for tasks to queue
[2024-08-29T00:28:59.227+0000] {logging_mixin.py:190} INFO - [2024-08-29T00:28:59.227+0000] {dagbag.py:587} INFO - Filling up the DagBag from /home/airflow/.local/lib/python3.12/site-packages/airflow/example_dags/example_branch_operator.py
[2024-08-29T00:28:59.255+0000] {processor.py:925} INFO - DAG(s) 'example_branch_operator' retrieved from /home/airflow/.local/lib/python3.12/site-packages/airflow/example_dags/example_branch_operator.py
[2024-08-29T00:28:59.307+0000] {logging_mixin.py:190} INFO - [2024-08-29T00:28:59.306+0000] {dag.py:3211} INFO - Sync 1 DAGs
[2024-08-29T00:28:59.347+0000] {logging_mixin.py:190} INFO - [2024-08-29T00:28:59.347+0000] {dag.py:4138} INFO - Setting next_dagrun for example_branch_operator to 2024-08-28 00:00:00+00:00, run_after=2024-08-29 00:00:00+00:00
[2024-08-29T00:28:59.373+0000] {processor.py:208} INFO - Processing /home/airflow/.local/lib/python3.12/site-packages/airflow/example_dags/example_branch_operator.py took 0.160 seconds
[2024-08-29T00:33:11.420+0000] {processor.py:186} INFO - Started process (PID=117) to work on /home/airflow/.local/lib/python3.12/site-packages/airflow/example_dags/example_branch_operator.py
[2024-08-29T00:33:11.505+0000] {processor.py:914} INFO - Processing file /home/airflow/.local/lib/python3.12/site-packages/airflow/example_dags/example_branch_operator.py for tasks to queue
[2024-08-29T00:33:11.529+0000] {logging_mixin.py:190} INFO - [2024-08-29T00:33:11.528+0000] {dagbag.py:587} INFO - Filling up the DagBag from /home/airflow/.local/lib/python3.12/site-packages/airflow/example_dags/example_branch_operator.py
[2024-08-29T00:33:11.688+0000] {processor.py:925} INFO - DAG(s) 'example_branch_operator' retrieved from /home/airflow/.local/lib/python3.12/site-packages/airflow/example_dags/example_branch_operator.py
[2024-08-29T00:33:13.234+0000] {logging_mixin.py:190} INFO - [2024-08-29T00:33:13.233+0000] {dag.py:3211} INFO - Sync 1 DAGs
[2024-08-29T00:33:13.873+0000] {logging_mixin.py:190} INFO - [2024-08-29T00:33:13.872+0000] {dag.py:4138} INFO - Setting next_dagrun for example_branch_operator to 2024-08-28 00:00:00+00:00, run_after=2024-08-29 00:00:00+00:00
[2024-08-29T00:33:14.154+0000] {processor.py:208} INFO - Processing /home/airflow/.local/lib/python3.12/site-packages/airflow/example_dags/example_branch_operator.py took 2.808 seconds
[2024-08-29T00:33:45.692+0000] {processor.py:186} INFO - Started process (PID=186) to work on /home/airflow/.local/lib/python3.12/site-packages/airflow/example_dags/example_branch_operator.py
[2024-08-29T00:33:45.698+0000] {processor.py:914} INFO - Processing file /home/airflow/.local/lib/python3.12/site-packages/airflow/example_dags/example_branch_operator.py for tasks to queue
[2024-08-29T00:33:45.703+0000] {logging_mixin.py:190} INFO - [2024-08-29T00:33:45.702+0000] {dagbag.py:587} INFO - Filling up the DagBag from /home/airflow/.local/lib/python3.12/site-packages/airflow/example_dags/example_branch_operator.py
[2024-08-29T00:33:45.781+0000] {processor.py:925} INFO - DAG(s) 'example_branch_operator' retrieved from /home/airflow/.local/lib/python3.12/site-packages/airflow/example_dags/example_branch_operator.py
[2024-08-29T00:33:45.892+0000] {logging_mixin.py:190} INFO - [2024-08-29T00:33:45.891+0000] {dag.py:3211} INFO - Sync 1 DAGs
[2024-08-29T00:33:45.965+0000] {logging_mixin.py:190} INFO - [2024-08-29T00:33:45.964+0000] {dag.py:4138} INFO - Setting next_dagrun for example_branch_operator to 2024-08-28 00:00:00+00:00, run_after=2024-08-29 00:00:00+00:00
[2024-08-29T00:33:46.025+0000] {processor.py:208} INFO - Processing /home/airflow/.local/lib/python3.12/site-packages/airflow/example_dags/example_branch_operator.py took 0.358 seconds
[2024-08-29T00:34:16.106+0000] {processor.py:186} INFO - Started process (PID=249) to work on /home/airflow/.local/lib/python3.12/site-packages/airflow/example_dags/example_branch_operator.py
[2024-08-29T00:34:16.108+0000] {processor.py:914} INFO - Processing file /home/airflow/.local/lib/python3.12/site-packages/airflow/example_dags/example_branch_operator.py for tasks to queue
[2024-08-29T00:34:16.111+0000] {logging_mixin.py:190} INFO - [2024-08-29T00:34:16.110+0000] {dagbag.py:587} INFO - Filling up the DagBag from /home/airflow/.local/lib/python3.12/site-packages/airflow/example_dags/example_branch_operator.py
[2024-08-29T00:34:16.138+0000] {processor.py:925} INFO - DAG(s) 'example_branch_operator' retrieved from /home/airflow/.local/lib/python3.12/site-packages/airflow/example_dags/example_branch_operator.py
[2024-08-29T00:34:16.181+0000] {logging_mixin.py:190} INFO - [2024-08-29T00:34:16.180+0000] {dag.py:3211} INFO - Sync 1 DAGs
[2024-08-29T00:34:16.224+0000] {logging_mixin.py:190} INFO - [2024-08-29T00:34:16.223+0000] {dag.py:4138} INFO - Setting next_dagrun for example_branch_operator to 2024-08-28 00:00:00+00:00, run_after=2024-08-29 00:00:00+00:00
[2024-08-29T00:34:16.269+0000] {processor.py:208} INFO - Processing /home/airflow/.local/lib/python3.12/site-packages/airflow/example_dags/example_branch_operator.py took 0.172 seconds
[2024-08-29T00:34:47.067+0000] {processor.py:186} INFO - Started process (PID=312) to work on /home/airflow/.local/lib/python3.12/site-packages/airflow/example_dags/example_branch_operator.py
[2024-08-29T00:34:47.068+0000] {processor.py:914} INFO - Processing file /home/airflow/.local/lib/python3.12/site-packages/airflow/example_dags/example_branch_operator.py for tasks to queue
[2024-08-29T00:34:47.072+0000] {logging_mixin.py:190} INFO - [2024-08-29T00:34:47.072+0000] {dagbag.py:587} INFO - Filling up the DagBag from /home/airflow/.local/lib/python3.12/site-packages/airflow/example_dags/example_branch_operator.py
[2024-08-29T00:34:47.104+0000] {processor.py:925} INFO - DAG(s) 'example_branch_operator' retrieved from /home/airflow/.local/lib/python3.12/site-packages/airflow/example_dags/example_branch_operator.py
[2024-08-29T00:34:47.153+0000] {logging_mixin.py:190} INFO - [2024-08-29T00:34:47.153+0000] {dag.py:3211} INFO - Sync 1 DAGs
[2024-08-29T00:34:47.195+0000] {logging_mixin.py:190} INFO - [2024-08-29T00:34:47.195+0000] {dag.py:4138} INFO - Setting next_dagrun for example_branch_operator to 2024-08-28 00:00:00+00:00, run_after=2024-08-29 00:00:00+00:00
[2024-08-29T00:34:47.225+0000] {processor.py:208} INFO - Processing /home/airflow/.local/lib/python3.12/site-packages/airflow/example_dags/example_branch_operator.py took 0.166 seconds
[2024-08-29T00:35:17.777+0000] {processor.py:186} INFO - Started process (PID=375) to work on /home/airflow/.local/lib/python3.12/site-packages/airflow/example_dags/example_branch_operator.py
[2024-08-29T00:35:17.779+0000] {processor.py:914} INFO - Processing file /home/airflow/.local/lib/python3.12/site-packages/airflow/example_dags/example_branch_operator.py for tasks to queue
[2024-08-29T00:35:17.783+0000] {logging_mixin.py:190} INFO - [2024-08-29T00:35:17.782+0000] {dagbag.py:587} INFO - Filling up the DagBag from /home/airflow/.local/lib/python3.12/site-packages/airflow/example_dags/example_branch_operator.py
[2024-08-29T00:35:17.806+0000] {processor.py:925} INFO - DAG(s) 'example_branch_operator' retrieved from /home/airflow/.local/lib/python3.12/site-packages/airflow/example_dags/example_branch_operator.py
[2024-08-29T00:35:17.849+0000] {logging_mixin.py:190} INFO - [2024-08-29T00:35:17.848+0000] {dag.py:3211} INFO - Sync 1 DAGs
[2024-08-29T00:35:17.884+0000] {logging_mixin.py:190} INFO - [2024-08-29T00:35:17.883+0000] {dag.py:4138} INFO - Setting next_dagrun for example_branch_operator to 2024-08-28 00:00:00+00:00, run_after=2024-08-29 00:00:00+00:00
[2024-08-29T00:35:17.919+0000] {processor.py:208} INFO - Processing /home/airflow/.local/lib/python3.12/site-packages/airflow/example_dags/example_branch_operator.py took 0.154 seconds
[2024-08-29T00:35:48.902+0000] {processor.py:186} INFO - Started process (PID=438) to work on /home/airflow/.local/lib/python3.12/site-packages/airflow/example_dags/example_branch_operator.py
[2024-08-29T00:35:48.903+0000] {processor.py:914} INFO - Processing file /home/airflow/.local/lib/python3.12/site-packages/airflow/example_dags/example_branch_operator.py for tasks to queue
[2024-08-29T00:35:48.910+0000] {logging_mixin.py:190} INFO - [2024-08-29T00:35:48.909+0000] {dagbag.py:587} INFO - Filling up the DagBag from /home/airflow/.local/lib/python3.12/site-packages/airflow/example_dags/example_branch_operator.py
[2024-08-29T00:35:48.960+0000] {processor.py:925} INFO - DAG(s) 'example_branch_operator' retrieved from /home/airflow/.local/lib/python3.12/site-packages/airflow/example_dags/example_branch_operator.py
[2024-08-29T00:35:49.043+0000] {logging_mixin.py:190} INFO - [2024-08-29T00:35:49.043+0000] {dag.py:3211} INFO - Sync 1 DAGs
[2024-08-29T00:35:49.137+0000] {logging_mixin.py:190} INFO - [2024-08-29T00:35:49.136+0000] {dag.py:4138} INFO - Setting next_dagrun for example_branch_operator to 2024-08-28 00:00:00+00:00, run_after=2024-08-29 00:00:00+00:00
[2024-08-29T00:35:49.367+0000] {processor.py:208} INFO - Processing /home/airflow/.local/lib/python3.12/site-packages/airflow/example_dags/example_branch_operator.py took 0.480 seconds
[2024-08-29T00:36:19.552+0000] {processor.py:186} INFO - Started process (PID=501) to work on /home/airflow/.local/lib/python3.12/site-packages/airflow/example_dags/example_branch_operator.py
[2024-08-29T00:36:19.553+0000] {processor.py:914} INFO - Processing file /home/airflow/.local/lib/python3.12/site-packages/airflow/example_dags/example_branch_operator.py for tasks to queue
[2024-08-29T00:36:19.557+0000] {logging_mixin.py:190} INFO - [2024-08-29T00:36:19.556+0000] {dagbag.py:587} INFO - Filling up the DagBag from /home/airflow/.local/lib/python3.12/site-packages/airflow/example_dags/example_branch_operator.py
[2024-08-29T00:36:19.582+0000] {processor.py:925} INFO - DAG(s) 'example_branch_operator' retrieved from /home/airflow/.local/lib/python3.12/site-packages/airflow/example_dags/example_branch_operator.py
[2024-08-29T00:36:19.620+0000] {logging_mixin.py:190} INFO - [2024-08-29T00:36:19.620+0000] {dag.py:3211} INFO - Sync 1 DAGs
[2024-08-29T00:36:19.654+0000] {logging_mixin.py:190} INFO - [2024-08-29T00:36:19.653+0000] {dag.py:4138} INFO - Setting next_dagrun for example_branch_operator to 2024-08-28 00:00:00+00:00, run_after=2024-08-29 00:00:00+00:00
[2024-08-29T00:36:19.698+0000] {processor.py:208} INFO - Processing /home/airflow/.local/lib/python3.12/site-packages/airflow/example_dags/example_branch_operator.py took 0.156 seconds
[2024-08-29T00:36:49.820+0000] {processor.py:186} INFO - Started process (PID=563) to work on /home/airflow/.local/lib/python3.12/site-packages/airflow/example_dags/example_branch_operator.py
[2024-08-29T00:36:49.822+0000] {processor.py:914} INFO - Processing file /home/airflow/.local/lib/python3.12/site-packages/airflow/example_dags/example_branch_operator.py for tasks to queue
[2024-08-29T00:36:49.825+0000] {logging_mixin.py:190} INFO - [2024-08-29T00:36:49.825+0000] {dagbag.py:587} INFO - Filling up the DagBag from /home/airflow/.local/lib/python3.12/site-packages/airflow/example_dags/example_branch_operator.py
[2024-08-29T00:36:49.851+0000] {processor.py:925} INFO - DAG(s) 'example_branch_operator' retrieved from /home/airflow/.local/lib/python3.12/site-packages/airflow/example_dags/example_branch_operator.py
[2024-08-29T00:36:49.902+0000] {logging_mixin.py:190} INFO - [2024-08-29T00:36:49.902+0000] {dag.py:3211} INFO - Sync 1 DAGs
[2024-08-29T00:36:49.941+0000] {logging_mixin.py:190} INFO - [2024-08-29T00:36:49.940+0000] {dag.py:4138} INFO - Setting next_dagrun for example_branch_operator to 2024-08-28 00:00:00+00:00, run_after=2024-08-29 00:00:00+00:00
[2024-08-29T00:36:49.977+0000] {processor.py:208} INFO - Processing /home/airflow/.local/lib/python3.12/site-packages/airflow/example_dags/example_branch_operator.py took 0.168 seconds
[2024-08-29T00:37:21.155+0000] {processor.py:186} INFO - Started process (PID=627) to work on /home/airflow/.local/lib/python3.12/site-packages/airflow/example_dags/example_branch_operator.py
[2024-08-29T00:37:21.157+0000] {processor.py:914} INFO - Processing file /home/airflow/.local/lib/python3.12/site-packages/airflow/example_dags/example_branch_operator.py for tasks to queue
[2024-08-29T00:37:21.162+0000] {logging_mixin.py:190} INFO - [2024-08-29T00:37:21.161+0000] {dagbag.py:587} INFO - Filling up the DagBag from /home/airflow/.local/lib/python3.12/site-packages/airflow/example_dags/example_branch_operator.py
[2024-08-29T00:37:21.209+0000] {processor.py:925} INFO - DAG(s) 'example_branch_operator' retrieved from /home/airflow/.local/lib/python3.12/site-packages/airflow/example_dags/example_branch_operator.py
[2024-08-29T00:37:21.262+0000] {logging_mixin.py:190} INFO - [2024-08-29T00:37:21.262+0000] {dag.py:3211} INFO - Sync 1 DAGs
[2024-08-29T00:37:21.311+0000] {logging_mixin.py:190} INFO - [2024-08-29T00:37:21.310+0000] {dag.py:4138} INFO - Setting next_dagrun for example_branch_operator to 2024-08-28 00:00:00+00:00, run_after=2024-08-29 00:00:00+00:00
[2024-08-29T00:37:21.364+0000] {processor.py:208} INFO - Processing /home/airflow/.local/lib/python3.12/site-packages/airflow/example_dags/example_branch_operator.py took 0.220 seconds
[2024-08-29T00:37:51.900+0000] {processor.py:186} INFO - Started process (PID=690) to work on /home/airflow/.local/lib/python3.12/site-packages/airflow/example_dags/example_branch_operator.py
[2024-08-29T00:37:51.902+0000] {processor.py:914} INFO - Processing file /home/airflow/.local/lib/python3.12/site-packages/airflow/example_dags/example_branch_operator.py for tasks to queue
[2024-08-29T00:37:51.906+0000] {logging_mixin.py:190} INFO - [2024-08-29T00:37:51.906+0000] {dagbag.py:587} INFO - Filling up the DagBag from /home/airflow/.local/lib/python3.12/site-packages/airflow/example_dags/example_branch_operator.py
[2024-08-29T00:37:51.934+0000] {processor.py:925} INFO - DAG(s) 'example_branch_operator' retrieved from /home/airflow/.local/lib/python3.12/site-packages/airflow/example_dags/example_branch_operator.py
[2024-08-29T00:37:51.975+0000] {logging_mixin.py:190} INFO - [2024-08-29T00:37:51.974+0000] {dag.py:3211} INFO - Sync 1 DAGs
[2024-08-29T00:37:52.007+0000] {logging_mixin.py:190} INFO - [2024-08-29T00:37:52.007+0000] {dag.py:4138} INFO - Setting next_dagrun for example_branch_operator to 2024-08-28 00:00:00+00:00, run_after=2024-08-29 00:00:00+00:00
[2024-08-29T00:37:52.039+0000] {processor.py:208} INFO - Processing /home/airflow/.local/lib/python3.12/site-packages/airflow/example_dags/example_branch_operator.py took 0.151 seconds
[2024-08-29T00:38:22.911+0000] {processor.py:186} INFO - Started process (PID=753) to work on /home/airflow/.local/lib/python3.12/site-packages/airflow/example_dags/example_branch_operator.py
[2024-08-29T00:38:22.913+0000] {processor.py:914} INFO - Processing file /home/airflow/.local/lib/python3.12/site-packages/airflow/example_dags/example_branch_operator.py for tasks to queue
[2024-08-29T00:38:22.917+0000] {logging_mixin.py:190} INFO - [2024-08-29T00:38:22.917+0000] {dagbag.py:587} INFO - Filling up the DagBag from /home/airflow/.local/lib/python3.12/site-packages/airflow/example_dags/example_branch_operator.py
[2024-08-29T00:38:22.942+0000] {processor.py:925} INFO - DAG(s) 'example_branch_operator' retrieved from /home/airflow/.local/lib/python3.12/site-packages/airflow/example_dags/example_branch_operator.py
[2024-08-29T00:38:22.980+0000] {logging_mixin.py:190} INFO - [2024-08-29T00:38:22.979+0000] {dag.py:3211} INFO - Sync 1 DAGs
[2024-08-29T00:38:23.011+0000] {logging_mixin.py:190} INFO - [2024-08-29T00:38:23.011+0000] {dag.py:4138} INFO - Setting next_dagrun for example_branch_operator to 2024-08-28 00:00:00+00:00, run_after=2024-08-29 00:00:00+00:00
[2024-08-29T00:38:23.047+0000] {processor.py:208} INFO - Processing /home/airflow/.local/lib/python3.12/site-packages/airflow/example_dags/example_branch_operator.py took 0.145 seconds
[2024-08-29T00:38:53.646+0000] {processor.py:186} INFO - Started process (PID=816) to work on /home/airflow/.local/lib/python3.12/site-packages/airflow/example_dags/example_branch_operator.py
[2024-08-29T00:38:53.647+0000] {processor.py:914} INFO - Processing file /home/airflow/.local/lib/python3.12/site-packages/airflow/example_dags/example_branch_operator.py for tasks to queue
[2024-08-29T00:38:53.651+0000] {logging_mixin.py:190} INFO - [2024-08-29T00:38:53.651+0000] {dagbag.py:587} INFO - Filling up the DagBag from /home/airflow/.local/lib/python3.12/site-packages/airflow/example_dags/example_branch_operator.py
[2024-08-29T00:38:53.678+0000] {processor.py:925} INFO - DAG(s) 'example_branch_operator' retrieved from /home/airflow/.local/lib/python3.12/site-packages/airflow/example_dags/example_branch_operator.py
[2024-08-29T00:38:53.722+0000] {logging_mixin.py:190} INFO - [2024-08-29T00:38:53.721+0000] {dag.py:3211} INFO - Sync 1 DAGs
[2024-08-29T00:38:53.752+0000] {logging_mixin.py:190} INFO - [2024-08-29T00:38:53.751+0000] {dag.py:4138} INFO - Setting next_dagrun for example_branch_operator to 2024-08-28 00:00:00+00:00, run_after=2024-08-29 00:00:00+00:00
[2024-08-29T00:38:53.778+0000] {processor.py:208} INFO - Processing /home/airflow/.local/lib/python3.12/site-packages/airflow/example_dags/example_branch_operator.py took 0.147 seconds
[2024-08-29T00:39:23.860+0000] {processor.py:186} INFO - Started process (PID=879) to work on /home/airflow/.local/lib/python3.12/site-packages/airflow/example_dags/example_branch_operator.py
[2024-08-29T00:39:23.862+0000] {processor.py:914} INFO - Processing file /home/airflow/.local/lib/python3.12/site-packages/airflow/example_dags/example_branch_operator.py for tasks to queue
[2024-08-29T00:39:23.865+0000] {logging_mixin.py:190} INFO - [2024-08-29T00:39:23.864+0000] {dagbag.py:587} INFO - Filling up the DagBag from /home/airflow/.local/lib/python3.12/site-packages/airflow/example_dags/example_branch_operator.py
[2024-08-29T00:39:23.890+0000] {processor.py:925} INFO - DAG(s) 'example_branch_operator' retrieved from /home/airflow/.local/lib/python3.12/site-packages/airflow/example_dags/example_branch_operator.py
[2024-08-29T00:39:23.930+0000] {logging_mixin.py:190} INFO - [2024-08-29T00:39:23.930+0000] {dag.py:3211} INFO - Sync 1 DAGs
[2024-08-29T00:39:23.966+0000] {logging_mixin.py:190} INFO - [2024-08-29T00:39:23.965+0000] {dag.py:4138} INFO - Setting next_dagrun for example_branch_operator to 2024-08-28 00:00:00+00:00, run_after=2024-08-29 00:00:00+00:00
[2024-08-29T00:39:24.000+0000] {processor.py:208} INFO - Processing /home/airflow/.local/lib/python3.12/site-packages/airflow/example_dags/example_branch_operator.py took 0.150 seconds
[2024-08-29T00:39:54.059+0000] {processor.py:186} INFO - Started process (PID=942) to work on /home/airflow/.local/lib/python3.12/site-packages/airflow/example_dags/example_branch_operator.py
[2024-08-29T00:39:54.061+0000] {processor.py:914} INFO - Processing file /home/airflow/.local/lib/python3.12/site-packages/airflow/example_dags/example_branch_operator.py for tasks to queue
[2024-08-29T00:39:54.064+0000] {logging_mixin.py:190} INFO - [2024-08-29T00:39:54.063+0000] {dagbag.py:587} INFO - Filling up the DagBag from /home/airflow/.local/lib/python3.12/site-packages/airflow/example_dags/example_branch_operator.py
[2024-08-29T00:39:54.090+0000] {processor.py:925} INFO - DAG(s) 'example_branch_operator' retrieved from /home/airflow/.local/lib/python3.12/site-packages/airflow/example_dags/example_branch_operator.py
[2024-08-29T00:39:54.146+0000] {logging_mixin.py:190} INFO - [2024-08-29T00:39:54.146+0000] {dag.py:3211} INFO - Sync 1 DAGs
[2024-08-29T00:39:54.189+0000] {logging_mixin.py:190} INFO - [2024-08-29T00:39:54.189+0000] {dag.py:4138} INFO - Setting next_dagrun for example_branch_operator to 2024-08-28 00:00:00+00:00, run_after=2024-08-29 00:00:00+00:00
[2024-08-29T00:39:54.235+0000] {processor.py:208} INFO - Processing /home/airflow/.local/lib/python3.12/site-packages/airflow/example_dags/example_branch_operator.py took 0.184 seconds
[2024-08-29T00:40:25.212+0000] {processor.py:186} INFO - Started process (PID=1006) to work on /home/airflow/.local/lib/python3.12/site-packages/airflow/example_dags/example_branch_operator.py
[2024-08-29T00:40:25.213+0000] {processor.py:914} INFO - Processing file /home/airflow/.local/lib/python3.12/site-packages/airflow/example_dags/example_branch_operator.py for tasks to queue
[2024-08-29T00:40:25.217+0000] {logging_mixin.py:190} INFO - [2024-08-29T00:40:25.217+0000] {dagbag.py:587} INFO - Filling up the DagBag from /home/airflow/.local/lib/python3.12/site-packages/airflow/example_dags/example_branch_operator.py
[2024-08-29T00:40:25.243+0000] {processor.py:925} INFO - DAG(s) 'example_branch_operator' retrieved from /home/airflow/.local/lib/python3.12/site-packages/airflow/example_dags/example_branch_operator.py
[2024-08-29T00:40:25.280+0000] {logging_mixin.py:190} INFO - [2024-08-29T00:40:25.280+0000] {dag.py:3211} INFO - Sync 1 DAGs
[2024-08-29T00:40:25.311+0000] {logging_mixin.py:190} INFO - [2024-08-29T00:40:25.310+0000] {dag.py:4138} INFO - Setting next_dagrun for example_branch_operator to 2024-08-28 00:00:00+00:00, run_after=2024-08-29 00:00:00+00:00
[2024-08-29T00:40:25.343+0000] {processor.py:208} INFO - Processing /home/airflow/.local/lib/python3.12/site-packages/airflow/example_dags/example_branch_operator.py took 0.143 seconds
[2024-08-29T00:41:02.280+0000] {processor.py:186} INFO - Started process (PID=1070) to work on /home/airflow/.local/lib/python3.12/site-packages/airflow/example_dags/example_branch_operator.py
[2024-08-29T00:41:02.296+0000] {processor.py:914} INFO - Processing file /home/airflow/.local/lib/python3.12/site-packages/airflow/example_dags/example_branch_operator.py for tasks to queue
[2024-08-29T00:41:02.324+0000] {logging_mixin.py:190} INFO - [2024-08-29T00:41:02.323+0000] {dagbag.py:587} INFO - Filling up the DagBag from /home/airflow/.local/lib/python3.12/site-packages/airflow/example_dags/example_branch_operator.py
[2024-08-29T00:41:02.423+0000] {processor.py:925} INFO - DAG(s) 'example_branch_operator' retrieved from /home/airflow/.local/lib/python3.12/site-packages/airflow/example_dags/example_branch_operator.py
[2024-08-29T00:41:02.551+0000] {logging_mixin.py:190} INFO - [2024-08-29T00:41:02.551+0000] {dag.py:3211} INFO - Sync 1 DAGs
[2024-08-29T00:41:02.650+0000] {logging_mixin.py:190} INFO - [2024-08-29T00:41:02.649+0000] {dag.py:4138} INFO - Setting next_dagrun for example_branch_operator to 2024-08-28 00:00:00+00:00, run_after=2024-08-29 00:00:00+00:00
[2024-08-29T00:41:02.786+0000] {processor.py:208} INFO - Processing /home/airflow/.local/lib/python3.12/site-packages/airflow/example_dags/example_branch_operator.py took 0.525 seconds
[2024-08-29T00:41:32.879+0000] {processor.py:186} INFO - Started process (PID=1133) to work on /home/airflow/.local/lib/python3.12/site-packages/airflow/example_dags/example_branch_operator.py
[2024-08-29T00:41:32.882+0000] {processor.py:914} INFO - Processing file /home/airflow/.local/lib/python3.12/site-packages/airflow/example_dags/example_branch_operator.py for tasks to queue
[2024-08-29T00:41:32.886+0000] {logging_mixin.py:190} INFO - [2024-08-29T00:41:32.885+0000] {dagbag.py:587} INFO - Filling up the DagBag from /home/airflow/.local/lib/python3.12/site-packages/airflow/example_dags/example_branch_operator.py
[2024-08-29T00:41:32.925+0000] {processor.py:925} INFO - DAG(s) 'example_branch_operator' retrieved from /home/airflow/.local/lib/python3.12/site-packages/airflow/example_dags/example_branch_operator.py
[2024-08-29T00:41:33.011+0000] {logging_mixin.py:190} INFO - [2024-08-29T00:41:33.011+0000] {dag.py:3211} INFO - Sync 1 DAGs
[2024-08-29T00:41:33.083+0000] {logging_mixin.py:190} INFO - [2024-08-29T00:41:33.082+0000] {dag.py:4138} INFO - Setting next_dagrun for example_branch_operator to 2024-08-28 00:00:00+00:00, run_after=2024-08-29 00:00:00+00:00
[2024-08-29T00:41:33.121+0000] {processor.py:208} INFO - Processing /home/airflow/.local/lib/python3.12/site-packages/airflow/example_dags/example_branch_operator.py took 0.255 seconds
[2024-08-29T00:42:03.512+0000] {processor.py:186} INFO - Started process (PID=1197) to work on /home/airflow/.local/lib/python3.12/site-packages/airflow/example_dags/example_branch_operator.py
[2024-08-29T00:42:03.513+0000] {processor.py:914} INFO - Processing file /home/airflow/.local/lib/python3.12/site-packages/airflow/example_dags/example_branch_operator.py for tasks to queue
[2024-08-29T00:42:03.516+0000] {logging_mixin.py:190} INFO - [2024-08-29T00:42:03.516+0000] {dagbag.py:587} INFO - Filling up the DagBag from /home/airflow/.local/lib/python3.12/site-packages/airflow/example_dags/example_branch_operator.py
[2024-08-29T00:42:03.541+0000] {processor.py:925} INFO - DAG(s) 'example_branch_operator' retrieved from /home/airflow/.local/lib/python3.12/site-packages/airflow/example_dags/example_branch_operator.py
[2024-08-29T00:42:03.590+0000] {logging_mixin.py:190} INFO - [2024-08-29T00:42:03.590+0000] {dag.py:3211} INFO - Sync 1 DAGs
[2024-08-29T00:42:03.625+0000] {logging_mixin.py:190} INFO - [2024-08-29T00:42:03.625+0000] {dag.py:4138} INFO - Setting next_dagrun for example_branch_operator to 2024-08-28 00:00:00+00:00, run_after=2024-08-29 00:00:00+00:00
[2024-08-29T00:42:03.657+0000] {processor.py:208} INFO - Processing /home/airflow/.local/lib/python3.12/site-packages/airflow/example_dags/example_branch_operator.py took 0.153 seconds
[2024-08-29T00:42:34.078+0000] {processor.py:186} INFO - Started process (PID=1260) to work on /home/airflow/.local/lib/python3.12/site-packages/airflow/example_dags/example_branch_operator.py
[2024-08-29T00:42:34.080+0000] {processor.py:914} INFO - Processing file /home/airflow/.local/lib/python3.12/site-packages/airflow/example_dags/example_branch_operator.py for tasks to queue
[2024-08-29T00:42:34.084+0000] {logging_mixin.py:190} INFO - [2024-08-29T00:42:34.083+0000] {dagbag.py:587} INFO - Filling up the DagBag from /home/airflow/.local/lib/python3.12/site-packages/airflow/example_dags/example_branch_operator.py
[2024-08-29T00:42:34.115+0000] {processor.py:925} INFO - DAG(s) 'example_branch_operator' retrieved from /home/airflow/.local/lib/python3.12/site-packages/airflow/example_dags/example_branch_operator.py
[2024-08-29T00:42:34.168+0000] {logging_mixin.py:190} INFO - [2024-08-29T00:42:34.168+0000] {dag.py:3211} INFO - Sync 1 DAGs
[2024-08-29T00:42:34.211+0000] {logging_mixin.py:190} INFO - [2024-08-29T00:42:34.210+0000] {dag.py:4138} INFO - Setting next_dagrun for example_branch_operator to 2024-08-28 00:00:00+00:00, run_after=2024-08-29 00:00:00+00:00
[2024-08-29T00:42:34.247+0000] {processor.py:208} INFO - Processing /home/airflow/.local/lib/python3.12/site-packages/airflow/example_dags/example_branch_operator.py took 0.183 seconds
[2024-08-29T00:43:04.681+0000] {processor.py:186} INFO - Started process (PID=1323) to work on /home/airflow/.local/lib/python3.12/site-packages/airflow/example_dags/example_branch_operator.py
[2024-08-29T00:43:04.682+0000] {processor.py:914} INFO - Processing file /home/airflow/.local/lib/python3.12/site-packages/airflow/example_dags/example_branch_operator.py for tasks to queue
[2024-08-29T00:43:04.698+0000] {logging_mixin.py:190} INFO - [2024-08-29T00:43:04.697+0000] {dagbag.py:587} INFO - Filling up the DagBag from /home/airflow/.local/lib/python3.12/site-packages/airflow/example_dags/example_branch_operator.py
[2024-08-29T00:43:04.745+0000] {processor.py:925} INFO - DAG(s) 'example_branch_operator' retrieved from /home/airflow/.local/lib/python3.12/site-packages/airflow/example_dags/example_branch_operator.py
[2024-08-29T00:43:04.794+0000] {logging_mixin.py:190} INFO - [2024-08-29T00:43:04.794+0000] {dag.py:3211} INFO - Sync 1 DAGs
[2024-08-29T00:43:04.838+0000] {logging_mixin.py:190} INFO - [2024-08-29T00:43:04.838+0000] {dag.py:4138} INFO - Setting next_dagrun for example_branch_operator to 2024-08-28 00:00:00+00:00, run_after=2024-08-29 00:00:00+00:00
[2024-08-29T00:43:04.873+0000] {processor.py:208} INFO - Processing /home/airflow/.local/lib/python3.12/site-packages/airflow/example_dags/example_branch_operator.py took 0.205 seconds
[2024-08-29T00:43:35.311+0000] {processor.py:186} INFO - Started process (PID=1385) to work on /home/airflow/.local/lib/python3.12/site-packages/airflow/example_dags/example_branch_operator.py
[2024-08-29T00:43:35.313+0000] {processor.py:914} INFO - Processing file /home/airflow/.local/lib/python3.12/site-packages/airflow/example_dags/example_branch_operator.py for tasks to queue
[2024-08-29T00:43:35.317+0000] {logging_mixin.py:190} INFO - [2024-08-29T00:43:35.316+0000] {dagbag.py:587} INFO - Filling up the DagBag from /home/airflow/.local/lib/python3.12/site-packages/airflow/example_dags/example_branch_operator.py
[2024-08-29T00:43:35.348+0000] {processor.py:925} INFO - DAG(s) 'example_branch_operator' retrieved from /home/airflow/.local/lib/python3.12/site-packages/airflow/example_dags/example_branch_operator.py
[2024-08-29T00:43:35.401+0000] {logging_mixin.py:190} INFO - [2024-08-29T00:43:35.401+0000] {dag.py:3211} INFO - Sync 1 DAGs
[2024-08-29T00:43:35.477+0000] {logging_mixin.py:190} INFO - [2024-08-29T00:43:35.476+0000] {dag.py:4138} INFO - Setting next_dagrun for example_branch_operator to 2024-08-28 00:00:00+00:00, run_after=2024-08-29 00:00:00+00:00
[2024-08-29T00:43:35.522+0000] {processor.py:208} INFO - Processing /home/airflow/.local/lib/python3.12/site-packages/airflow/example_dags/example_branch_operator.py took 0.220 seconds
[2024-08-29T00:44:05.900+0000] {processor.py:186} INFO - Started process (PID=1448) to work on /home/airflow/.local/lib/python3.12/site-packages/airflow/example_dags/example_branch_operator.py
[2024-08-29T00:44:05.902+0000] {processor.py:914} INFO - Processing file /home/airflow/.local/lib/python3.12/site-packages/airflow/example_dags/example_branch_operator.py for tasks to queue
[2024-08-29T00:44:05.906+0000] {logging_mixin.py:190} INFO - [2024-08-29T00:44:05.905+0000] {dagbag.py:587} INFO - Filling up the DagBag from /home/airflow/.local/lib/python3.12/site-packages/airflow/example_dags/example_branch_operator.py
[2024-08-29T00:44:05.934+0000] {processor.py:925} INFO - DAG(s) 'example_branch_operator' retrieved from /home/airflow/.local/lib/python3.12/site-packages/airflow/example_dags/example_branch_operator.py
[2024-08-29T00:44:05.979+0000] {logging_mixin.py:190} INFO - [2024-08-29T00:44:05.978+0000] {dag.py:3211} INFO - Sync 1 DAGs
[2024-08-29T00:44:06.014+0000] {logging_mixin.py:190} INFO - [2024-08-29T00:44:06.013+0000] {dag.py:4138} INFO - Setting next_dagrun for example_branch_operator to 2024-08-28 00:00:00+00:00, run_after=2024-08-29 00:00:00+00:00
[2024-08-29T00:44:06.063+0000] {processor.py:208} INFO - Processing /home/airflow/.local/lib/python3.12/site-packages/airflow/example_dags/example_branch_operator.py took 0.171 seconds
[2024-08-29T00:44:36.596+0000] {processor.py:186} INFO - Started process (PID=1511) to work on /home/airflow/.local/lib/python3.12/site-packages/airflow/example_dags/example_branch_operator.py
[2024-08-29T00:44:36.598+0000] {processor.py:914} INFO - Processing file /home/airflow/.local/lib/python3.12/site-packages/airflow/example_dags/example_branch_operator.py for tasks to queue
[2024-08-29T00:44:36.601+0000] {logging_mixin.py:190} INFO - [2024-08-29T00:44:36.600+0000] {dagbag.py:587} INFO - Filling up the DagBag from /home/airflow/.local/lib/python3.12/site-packages/airflow/example_dags/example_branch_operator.py
[2024-08-29T00:44:36.630+0000] {processor.py:925} INFO - DAG(s) 'example_branch_operator' retrieved from /home/airflow/.local/lib/python3.12/site-packages/airflow/example_dags/example_branch_operator.py
[2024-08-29T00:44:36.685+0000] {logging_mixin.py:190} INFO - [2024-08-29T00:44:36.684+0000] {dag.py:3211} INFO - Sync 1 DAGs
[2024-08-29T00:44:36.720+0000] {logging_mixin.py:190} INFO - [2024-08-29T00:44:36.720+0000] {dag.py:4138} INFO - Setting next_dagrun for example_branch_operator to 2024-08-28 00:00:00+00:00, run_after=2024-08-29 00:00:00+00:00
[2024-08-29T00:44:36.752+0000] {processor.py:208} INFO - Processing /home/airflow/.local/lib/python3.12/site-packages/airflow/example_dags/example_branch_operator.py took 0.164 seconds
[2024-08-29T00:45:07.119+0000] {processor.py:186} INFO - Started process (PID=1574) to work on /home/airflow/.local/lib/python3.12/site-packages/airflow/example_dags/example_branch_operator.py
[2024-08-29T00:45:07.121+0000] {processor.py:914} INFO - Processing file /home/airflow/.local/lib/python3.12/site-packages/airflow/example_dags/example_branch_operator.py for tasks to queue
[2024-08-29T00:45:07.125+0000] {logging_mixin.py:190} INFO - [2024-08-29T00:45:07.124+0000] {dagbag.py:587} INFO - Filling up the DagBag from /home/airflow/.local/lib/python3.12/site-packages/airflow/example_dags/example_branch_operator.py
[2024-08-29T00:45:07.157+0000] {processor.py:925} INFO - DAG(s) 'example_branch_operator' retrieved from /home/airflow/.local/lib/python3.12/site-packages/airflow/example_dags/example_branch_operator.py
[2024-08-29T00:45:07.214+0000] {logging_mixin.py:190} INFO - [2024-08-29T00:45:07.213+0000] {dag.py:3211} INFO - Sync 1 DAGs
[2024-08-29T00:45:07.258+0000] {logging_mixin.py:190} INFO - [2024-08-29T00:45:07.257+0000] {dag.py:4138} INFO - Setting next_dagrun for example_branch_operator to 2024-08-28 00:00:00+00:00, run_after=2024-08-29 00:00:00+00:00
[2024-08-29T00:45:07.297+0000] {processor.py:208} INFO - Processing /home/airflow/.local/lib/python3.12/site-packages/airflow/example_dags/example_branch_operator.py took 0.186 seconds
[2024-08-29T00:45:37.372+0000] {processor.py:186} INFO - Started process (PID=1637) to work on /home/airflow/.local/lib/python3.12/site-packages/airflow/example_dags/example_branch_operator.py
[2024-08-29T00:45:37.373+0000] {processor.py:914} INFO - Processing file /home/airflow/.local/lib/python3.12/site-packages/airflow/example_dags/example_branch_operator.py for tasks to queue
[2024-08-29T00:45:37.377+0000] {logging_mixin.py:190} INFO - [2024-08-29T00:45:37.377+0000] {dagbag.py:587} INFO - Filling up the DagBag from /home/airflow/.local/lib/python3.12/site-packages/airflow/example_dags/example_branch_operator.py
[2024-08-29T00:45:37.411+0000] {processor.py:925} INFO - DAG(s) 'example_branch_operator' retrieved from /home/airflow/.local/lib/python3.12/site-packages/airflow/example_dags/example_branch_operator.py
[2024-08-29T00:45:37.464+0000] {logging_mixin.py:190} INFO - [2024-08-29T00:45:37.464+0000] {dag.py:3211} INFO - Sync 1 DAGs
[2024-08-29T00:45:37.505+0000] {logging_mixin.py:190} INFO - [2024-08-29T00:45:37.504+0000] {dag.py:4138} INFO - Setting next_dagrun for example_branch_operator to 2024-08-28 00:00:00+00:00, run_after=2024-08-29 00:00:00+00:00
[2024-08-29T00:45:37.534+0000] {processor.py:208} INFO - Processing /home/airflow/.local/lib/python3.12/site-packages/airflow/example_dags/example_branch_operator.py took 0.175 seconds
[2024-08-29T00:46:07.897+0000] {processor.py:186} INFO - Started process (PID=1701) to work on /home/airflow/.local/lib/python3.12/site-packages/airflow/example_dags/example_branch_operator.py
[2024-08-29T00:46:07.899+0000] {processor.py:914} INFO - Processing file /home/airflow/.local/lib/python3.12/site-packages/airflow/example_dags/example_branch_operator.py for tasks to queue
[2024-08-29T00:46:07.906+0000] {logging_mixin.py:190} INFO - [2024-08-29T00:46:07.906+0000] {dagbag.py:587} INFO - Filling up the DagBag from /home/airflow/.local/lib/python3.12/site-packages/airflow/example_dags/example_branch_operator.py
[2024-08-29T00:46:07.957+0000] {processor.py:925} INFO - DAG(s) 'example_branch_operator' retrieved from /home/airflow/.local/lib/python3.12/site-packages/airflow/example_dags/example_branch_operator.py
[2024-08-29T00:46:08.037+0000] {logging_mixin.py:190} INFO - [2024-08-29T00:46:08.037+0000] {dag.py:3211} INFO - Sync 1 DAGs
[2024-08-29T00:46:08.146+0000] {logging_mixin.py:190} INFO - [2024-08-29T00:46:08.146+0000] {dag.py:4138} INFO - Setting next_dagrun for example_branch_operator to 2024-08-28 00:00:00+00:00, run_after=2024-08-29 00:00:00+00:00
[2024-08-29T00:46:08.238+0000] {processor.py:208} INFO - Processing /home/airflow/.local/lib/python3.12/site-packages/airflow/example_dags/example_branch_operator.py took 0.360 seconds
