[2024-08-29T00:01:27.714+0000] {processor.py:186} INFO - Started process (PID=114) to work on /home/airflow/.local/lib/python3.12/site-packages/airflow/example_dags/example_branch_day_of_week_operator.py
[2024-08-29T00:01:27.717+0000] {processor.py:914} INFO - Processing file /home/airflow/.local/lib/python3.12/site-packages/airflow/example_dags/example_branch_day_of_week_operator.py for tasks to queue
[2024-08-29T00:01:27.722+0000] {logging_mixin.py:190} INFO - [2024-08-29T00:01:27.721+0000] {dagbag.py:587} INFO - Filling up the DagBag from /home/airflow/.local/lib/python3.12/site-packages/airflow/example_dags/example_branch_day_of_week_operator.py
[2024-08-29T00:01:27.786+0000] {processor.py:925} INFO - DAG(s) 'example_weekday_branch_operator' retrieved from /home/airflow/.local/lib/python3.12/site-packages/airflow/example_dags/example_branch_day_of_week_operator.py
[2024-08-29T00:01:27.834+0000] {logging_mixin.py:190} INFO - [2024-08-29T00:01:27.833+0000] {dag.py:3211} INFO - Sync 1 DAGs
[2024-08-29T00:01:28.068+0000] {logging_mixin.py:190} INFO - [2024-08-29T00:01:28.067+0000] {dag.py:4138} INFO - Setting next_dagrun for example_weekday_branch_operator to 2024-08-28 00:00:00+00:00, run_after=2024-08-29 00:00:00+00:00
[2024-08-29T00:01:28.140+0000] {processor.py:208} INFO - Processing /home/airflow/.local/lib/python3.12/site-packages/airflow/example_dags/example_branch_day_of_week_operator.py took 0.455 seconds
[2024-08-29T00:01:58.636+0000] {processor.py:186} INFO - Started process (PID=177) to work on /home/airflow/.local/lib/python3.12/site-packages/airflow/example_dags/example_branch_day_of_week_operator.py
[2024-08-29T00:01:58.637+0000] {processor.py:914} INFO - Processing file /home/airflow/.local/lib/python3.12/site-packages/airflow/example_dags/example_branch_day_of_week_operator.py for tasks to queue
[2024-08-29T00:01:58.641+0000] {logging_mixin.py:190} INFO - [2024-08-29T00:01:58.640+0000] {dagbag.py:587} INFO - Filling up the DagBag from /home/airflow/.local/lib/python3.12/site-packages/airflow/example_dags/example_branch_day_of_week_operator.py
[2024-08-29T00:01:58.653+0000] {processor.py:925} INFO - DAG(s) 'example_weekday_branch_operator' retrieved from /home/airflow/.local/lib/python3.12/site-packages/airflow/example_dags/example_branch_day_of_week_operator.py
[2024-08-29T00:01:58.680+0000] {logging_mixin.py:190} INFO - [2024-08-29T00:01:58.680+0000] {dag.py:3211} INFO - Sync 1 DAGs
[2024-08-29T00:01:58.715+0000] {logging_mixin.py:190} INFO - [2024-08-29T00:01:58.715+0000] {dag.py:4138} INFO - Setting next_dagrun for example_weekday_branch_operator to 2024-08-28 00:00:00+00:00, run_after=2024-08-29 00:00:00+00:00
[2024-08-29T00:01:58.925+0000] {processor.py:208} INFO - Processing /home/airflow/.local/lib/python3.12/site-packages/airflow/example_dags/example_branch_day_of_week_operator.py took 0.299 seconds
[2024-08-29T00:02:29.772+0000] {processor.py:186} INFO - Started process (PID=239) to work on /home/airflow/.local/lib/python3.12/site-packages/airflow/example_dags/example_branch_day_of_week_operator.py
[2024-08-29T00:02:29.773+0000] {processor.py:914} INFO - Processing file /home/airflow/.local/lib/python3.12/site-packages/airflow/example_dags/example_branch_day_of_week_operator.py for tasks to queue
[2024-08-29T00:02:29.778+0000] {logging_mixin.py:190} INFO - [2024-08-29T00:02:29.777+0000] {dagbag.py:587} INFO - Filling up the DagBag from /home/airflow/.local/lib/python3.12/site-packages/airflow/example_dags/example_branch_day_of_week_operator.py
[2024-08-29T00:02:29.793+0000] {processor.py:925} INFO - DAG(s) 'example_weekday_branch_operator' retrieved from /home/airflow/.local/lib/python3.12/site-packages/airflow/example_dags/example_branch_day_of_week_operator.py
[2024-08-29T00:02:29.823+0000] {logging_mixin.py:190} INFO - [2024-08-29T00:02:29.822+0000] {dag.py:3211} INFO - Sync 1 DAGs
[2024-08-29T00:02:29.856+0000] {logging_mixin.py:190} INFO - [2024-08-29T00:02:29.855+0000] {dag.py:4138} INFO - Setting next_dagrun for example_weekday_branch_operator to 2024-08-28 00:00:00+00:00, run_after=2024-08-29 00:00:00+00:00
[2024-08-29T00:02:29.954+0000] {processor.py:208} INFO - Processing /home/airflow/.local/lib/python3.12/site-packages/airflow/example_dags/example_branch_day_of_week_operator.py took 0.190 seconds
[2024-08-29T00:03:00.761+0000] {processor.py:186} INFO - Started process (PID=302) to work on /home/airflow/.local/lib/python3.12/site-packages/airflow/example_dags/example_branch_day_of_week_operator.py
[2024-08-29T00:03:00.764+0000] {processor.py:914} INFO - Processing file /home/airflow/.local/lib/python3.12/site-packages/airflow/example_dags/example_branch_day_of_week_operator.py for tasks to queue
[2024-08-29T00:03:00.769+0000] {logging_mixin.py:190} INFO - [2024-08-29T00:03:00.768+0000] {dagbag.py:587} INFO - Filling up the DagBag from /home/airflow/.local/lib/python3.12/site-packages/airflow/example_dags/example_branch_day_of_week_operator.py
[2024-08-29T00:03:00.806+0000] {processor.py:925} INFO - DAG(s) 'example_weekday_branch_operator' retrieved from /home/airflow/.local/lib/python3.12/site-packages/airflow/example_dags/example_branch_day_of_week_operator.py
[2024-08-29T00:03:00.838+0000] {logging_mixin.py:190} INFO - [2024-08-29T00:03:00.838+0000] {dag.py:3211} INFO - Sync 1 DAGs
[2024-08-29T00:03:00.881+0000] {logging_mixin.py:190} INFO - [2024-08-29T00:03:00.881+0000] {dag.py:4138} INFO - Setting next_dagrun for example_weekday_branch_operator to 2024-08-28 00:00:00+00:00, run_after=2024-08-29 00:00:00+00:00
[2024-08-29T00:03:00.910+0000] {processor.py:208} INFO - Processing /home/airflow/.local/lib/python3.12/site-packages/airflow/example_dags/example_branch_day_of_week_operator.py took 0.169 seconds
[2024-08-29T00:03:31.130+0000] {processor.py:186} INFO - Started process (PID=363) to work on /home/airflow/.local/lib/python3.12/site-packages/airflow/example_dags/example_branch_day_of_week_operator.py
[2024-08-29T00:03:31.133+0000] {processor.py:914} INFO - Processing file /home/airflow/.local/lib/python3.12/site-packages/airflow/example_dags/example_branch_day_of_week_operator.py for tasks to queue
[2024-08-29T00:03:31.140+0000] {logging_mixin.py:190} INFO - [2024-08-29T00:03:31.139+0000] {dagbag.py:587} INFO - Filling up the DagBag from /home/airflow/.local/lib/python3.12/site-packages/airflow/example_dags/example_branch_day_of_week_operator.py
[2024-08-29T00:03:31.158+0000] {processor.py:925} INFO - DAG(s) 'example_weekday_branch_operator' retrieved from /home/airflow/.local/lib/python3.12/site-packages/airflow/example_dags/example_branch_day_of_week_operator.py
[2024-08-29T00:03:31.238+0000] {logging_mixin.py:190} INFO - [2024-08-29T00:03:31.238+0000] {dag.py:3211} INFO - Sync 1 DAGs
[2024-08-29T00:03:31.305+0000] {logging_mixin.py:190} INFO - [2024-08-29T00:03:31.305+0000] {dag.py:4138} INFO - Setting next_dagrun for example_weekday_branch_operator to 2024-08-28 00:00:00+00:00, run_after=2024-08-29 00:00:00+00:00
[2024-08-29T00:03:31.335+0000] {processor.py:208} INFO - Processing /home/airflow/.local/lib/python3.12/site-packages/airflow/example_dags/example_branch_day_of_week_operator.py took 0.225 seconds
[2024-08-29T00:04:01.601+0000] {processor.py:186} INFO - Started process (PID=426) to work on /home/airflow/.local/lib/python3.12/site-packages/airflow/example_dags/example_branch_day_of_week_operator.py
[2024-08-29T00:04:01.602+0000] {processor.py:914} INFO - Processing file /home/airflow/.local/lib/python3.12/site-packages/airflow/example_dags/example_branch_day_of_week_operator.py for tasks to queue
[2024-08-29T00:04:01.605+0000] {logging_mixin.py:190} INFO - [2024-08-29T00:04:01.605+0000] {dagbag.py:587} INFO - Filling up the DagBag from /home/airflow/.local/lib/python3.12/site-packages/airflow/example_dags/example_branch_day_of_week_operator.py
[2024-08-29T00:04:01.622+0000] {processor.py:925} INFO - DAG(s) 'example_weekday_branch_operator' retrieved from /home/airflow/.local/lib/python3.12/site-packages/airflow/example_dags/example_branch_day_of_week_operator.py
[2024-08-29T00:04:01.650+0000] {logging_mixin.py:190} INFO - [2024-08-29T00:04:01.649+0000] {dag.py:3211} INFO - Sync 1 DAGs
[2024-08-29T00:04:01.686+0000] {logging_mixin.py:190} INFO - [2024-08-29T00:04:01.686+0000] {dag.py:4138} INFO - Setting next_dagrun for example_weekday_branch_operator to 2024-08-28 00:00:00+00:00, run_after=2024-08-29 00:00:00+00:00
[2024-08-29T00:04:01.727+0000] {processor.py:208} INFO - Processing /home/airflow/.local/lib/python3.12/site-packages/airflow/example_dags/example_branch_day_of_week_operator.py took 0.137 seconds
[2024-08-29T00:04:32.183+0000] {processor.py:186} INFO - Started process (PID=489) to work on /home/airflow/.local/lib/python3.12/site-packages/airflow/example_dags/example_branch_day_of_week_operator.py
[2024-08-29T00:04:32.185+0000] {processor.py:914} INFO - Processing file /home/airflow/.local/lib/python3.12/site-packages/airflow/example_dags/example_branch_day_of_week_operator.py for tasks to queue
[2024-08-29T00:04:32.189+0000] {logging_mixin.py:190} INFO - [2024-08-29T00:04:32.188+0000] {dagbag.py:587} INFO - Filling up the DagBag from /home/airflow/.local/lib/python3.12/site-packages/airflow/example_dags/example_branch_day_of_week_operator.py
[2024-08-29T00:04:32.207+0000] {processor.py:925} INFO - DAG(s) 'example_weekday_branch_operator' retrieved from /home/airflow/.local/lib/python3.12/site-packages/airflow/example_dags/example_branch_day_of_week_operator.py
[2024-08-29T00:04:32.264+0000] {logging_mixin.py:190} INFO - [2024-08-29T00:04:32.263+0000] {dag.py:3211} INFO - Sync 1 DAGs
[2024-08-29T00:04:32.318+0000] {logging_mixin.py:190} INFO - [2024-08-29T00:04:32.317+0000] {dag.py:4138} INFO - Setting next_dagrun for example_weekday_branch_operator to 2024-08-28 00:00:00+00:00, run_after=2024-08-29 00:00:00+00:00
[2024-08-29T00:04:32.350+0000] {processor.py:208} INFO - Processing /home/airflow/.local/lib/python3.12/site-packages/airflow/example_dags/example_branch_day_of_week_operator.py took 0.179 seconds
[2024-08-29T00:05:02.931+0000] {processor.py:186} INFO - Started process (PID=552) to work on /home/airflow/.local/lib/python3.12/site-packages/airflow/example_dags/example_branch_day_of_week_operator.py
[2024-08-29T00:05:02.933+0000] {processor.py:914} INFO - Processing file /home/airflow/.local/lib/python3.12/site-packages/airflow/example_dags/example_branch_day_of_week_operator.py for tasks to queue
[2024-08-29T00:05:02.937+0000] {logging_mixin.py:190} INFO - [2024-08-29T00:05:02.936+0000] {dagbag.py:587} INFO - Filling up the DagBag from /home/airflow/.local/lib/python3.12/site-packages/airflow/example_dags/example_branch_day_of_week_operator.py
[2024-08-29T00:05:02.951+0000] {processor.py:925} INFO - DAG(s) 'example_weekday_branch_operator' retrieved from /home/airflow/.local/lib/python3.12/site-packages/airflow/example_dags/example_branch_day_of_week_operator.py
[2024-08-29T00:05:02.982+0000] {logging_mixin.py:190} INFO - [2024-08-29T00:05:02.981+0000] {dag.py:3211} INFO - Sync 1 DAGs
[2024-08-29T00:05:03.019+0000] {logging_mixin.py:190} INFO - [2024-08-29T00:05:03.019+0000] {dag.py:4138} INFO - Setting next_dagrun for example_weekday_branch_operator to 2024-08-28 00:00:00+00:00, run_after=2024-08-29 00:00:00+00:00
[2024-08-29T00:05:03.057+0000] {processor.py:208} INFO - Processing /home/airflow/.local/lib/python3.12/site-packages/airflow/example_dags/example_branch_day_of_week_operator.py took 0.135 seconds
[2024-08-29T00:05:33.614+0000] {processor.py:186} INFO - Started process (PID=614) to work on /home/airflow/.local/lib/python3.12/site-packages/airflow/example_dags/example_branch_day_of_week_operator.py
[2024-08-29T00:05:33.615+0000] {processor.py:914} INFO - Processing file /home/airflow/.local/lib/python3.12/site-packages/airflow/example_dags/example_branch_day_of_week_operator.py for tasks to queue
[2024-08-29T00:05:33.619+0000] {logging_mixin.py:190} INFO - [2024-08-29T00:05:33.618+0000] {dagbag.py:587} INFO - Filling up the DagBag from /home/airflow/.local/lib/python3.12/site-packages/airflow/example_dags/example_branch_day_of_week_operator.py
[2024-08-29T00:05:33.632+0000] {processor.py:925} INFO - DAG(s) 'example_weekday_branch_operator' retrieved from /home/airflow/.local/lib/python3.12/site-packages/airflow/example_dags/example_branch_day_of_week_operator.py
[2024-08-29T00:05:33.661+0000] {logging_mixin.py:190} INFO - [2024-08-29T00:05:33.660+0000] {dag.py:3211} INFO - Sync 1 DAGs
[2024-08-29T00:05:33.693+0000] {logging_mixin.py:190} INFO - [2024-08-29T00:05:33.693+0000] {dag.py:4138} INFO - Setting next_dagrun for example_weekday_branch_operator to 2024-08-28 00:00:00+00:00, run_after=2024-08-29 00:00:00+00:00
[2024-08-29T00:05:34.511+0000] {processor.py:208} INFO - Processing /home/airflow/.local/lib/python3.12/site-packages/airflow/example_dags/example_branch_day_of_week_operator.py took 0.907 seconds
[2024-08-29T00:06:04.857+0000] {processor.py:186} INFO - Started process (PID=677) to work on /home/airflow/.local/lib/python3.12/site-packages/airflow/example_dags/example_branch_day_of_week_operator.py
[2024-08-29T00:06:04.887+0000] {processor.py:914} INFO - Processing file /home/airflow/.local/lib/python3.12/site-packages/airflow/example_dags/example_branch_day_of_week_operator.py for tasks to queue
[2024-08-29T00:06:04.904+0000] {logging_mixin.py:190} INFO - [2024-08-29T00:06:04.903+0000] {dagbag.py:587} INFO - Filling up the DagBag from /home/airflow/.local/lib/python3.12/site-packages/airflow/example_dags/example_branch_day_of_week_operator.py
[2024-08-29T00:06:04.954+0000] {processor.py:925} INFO - DAG(s) 'example_weekday_branch_operator' retrieved from /home/airflow/.local/lib/python3.12/site-packages/airflow/example_dags/example_branch_day_of_week_operator.py
[2024-08-29T00:06:05.015+0000] {logging_mixin.py:190} INFO - [2024-08-29T00:06:05.014+0000] {dag.py:3211} INFO - Sync 1 DAGs
[2024-08-29T00:06:05.107+0000] {logging_mixin.py:190} INFO - [2024-08-29T00:06:05.107+0000] {dag.py:4138} INFO - Setting next_dagrun for example_weekday_branch_operator to 2024-08-28 00:00:00+00:00, run_after=2024-08-29 00:00:00+00:00
[2024-08-29T00:06:05.189+0000] {processor.py:208} INFO - Processing /home/airflow/.local/lib/python3.12/site-packages/airflow/example_dags/example_branch_day_of_week_operator.py took 0.356 seconds
[2024-08-29T00:06:35.365+0000] {processor.py:186} INFO - Started process (PID=740) to work on /home/airflow/.local/lib/python3.12/site-packages/airflow/example_dags/example_branch_day_of_week_operator.py
[2024-08-29T00:06:35.367+0000] {processor.py:914} INFO - Processing file /home/airflow/.local/lib/python3.12/site-packages/airflow/example_dags/example_branch_day_of_week_operator.py for tasks to queue
[2024-08-29T00:06:35.372+0000] {logging_mixin.py:190} INFO - [2024-08-29T00:06:35.371+0000] {dagbag.py:587} INFO - Filling up the DagBag from /home/airflow/.local/lib/python3.12/site-packages/airflow/example_dags/example_branch_day_of_week_operator.py
[2024-08-29T00:06:35.390+0000] {processor.py:925} INFO - DAG(s) 'example_weekday_branch_operator' retrieved from /home/airflow/.local/lib/python3.12/site-packages/airflow/example_dags/example_branch_day_of_week_operator.py
[2024-08-29T00:06:35.423+0000] {logging_mixin.py:190} INFO - [2024-08-29T00:06:35.422+0000] {dag.py:3211} INFO - Sync 1 DAGs
[2024-08-29T00:06:35.458+0000] {logging_mixin.py:190} INFO - [2024-08-29T00:06:35.458+0000] {dag.py:4138} INFO - Setting next_dagrun for example_weekday_branch_operator to 2024-08-28 00:00:00+00:00, run_after=2024-08-29 00:00:00+00:00
[2024-08-29T00:06:35.484+0000] {processor.py:208} INFO - Processing /home/airflow/.local/lib/python3.12/site-packages/airflow/example_dags/example_branch_day_of_week_operator.py took 0.135 seconds
[2024-08-29T00:07:05.887+0000] {processor.py:186} INFO - Started process (PID=803) to work on /home/airflow/.local/lib/python3.12/site-packages/airflow/example_dags/example_branch_day_of_week_operator.py
[2024-08-29T00:07:05.888+0000] {processor.py:914} INFO - Processing file /home/airflow/.local/lib/python3.12/site-packages/airflow/example_dags/example_branch_day_of_week_operator.py for tasks to queue
[2024-08-29T00:07:05.895+0000] {logging_mixin.py:190} INFO - [2024-08-29T00:07:05.894+0000] {dagbag.py:587} INFO - Filling up the DagBag from /home/airflow/.local/lib/python3.12/site-packages/airflow/example_dags/example_branch_day_of_week_operator.py
[2024-08-29T00:07:05.918+0000] {processor.py:925} INFO - DAG(s) 'example_weekday_branch_operator' retrieved from /home/airflow/.local/lib/python3.12/site-packages/airflow/example_dags/example_branch_day_of_week_operator.py
[2024-08-29T00:07:05.972+0000] {logging_mixin.py:190} INFO - [2024-08-29T00:07:05.971+0000] {dag.py:3211} INFO - Sync 1 DAGs
[2024-08-29T00:07:06.033+0000] {logging_mixin.py:190} INFO - [2024-08-29T00:07:06.032+0000] {dag.py:4138} INFO - Setting next_dagrun for example_weekday_branch_operator to 2024-08-28 00:00:00+00:00, run_after=2024-08-29 00:00:00+00:00
[2024-08-29T00:07:06.092+0000] {processor.py:208} INFO - Processing /home/airflow/.local/lib/python3.12/site-packages/airflow/example_dags/example_branch_day_of_week_operator.py took 0.217 seconds
[2024-08-29T00:07:36.715+0000] {processor.py:186} INFO - Started process (PID=866) to work on /home/airflow/.local/lib/python3.12/site-packages/airflow/example_dags/example_branch_day_of_week_operator.py
[2024-08-29T00:07:36.730+0000] {processor.py:914} INFO - Processing file /home/airflow/.local/lib/python3.12/site-packages/airflow/example_dags/example_branch_day_of_week_operator.py for tasks to queue
[2024-08-29T00:07:36.744+0000] {logging_mixin.py:190} INFO - [2024-08-29T00:07:36.743+0000] {dagbag.py:587} INFO - Filling up the DagBag from /home/airflow/.local/lib/python3.12/site-packages/airflow/example_dags/example_branch_day_of_week_operator.py
[2024-08-29T00:07:36.786+0000] {processor.py:925} INFO - DAG(s) 'example_weekday_branch_operator' retrieved from /home/airflow/.local/lib/python3.12/site-packages/airflow/example_dags/example_branch_day_of_week_operator.py
[2024-08-29T00:07:36.908+0000] {logging_mixin.py:190} INFO - [2024-08-29T00:07:36.907+0000] {dag.py:3211} INFO - Sync 1 DAGs
[2024-08-29T00:07:36.987+0000] {logging_mixin.py:190} INFO - [2024-08-29T00:07:36.986+0000] {dag.py:4138} INFO - Setting next_dagrun for example_weekday_branch_operator to 2024-08-28 00:00:00+00:00, run_after=2024-08-29 00:00:00+00:00
[2024-08-29T00:07:37.085+0000] {processor.py:208} INFO - Processing /home/airflow/.local/lib/python3.12/site-packages/airflow/example_dags/example_branch_day_of_week_operator.py took 0.392 seconds
[2024-08-29T00:08:07.242+0000] {processor.py:186} INFO - Started process (PID=929) to work on /home/airflow/.local/lib/python3.12/site-packages/airflow/example_dags/example_branch_day_of_week_operator.py
[2024-08-29T00:08:07.243+0000] {processor.py:914} INFO - Processing file /home/airflow/.local/lib/python3.12/site-packages/airflow/example_dags/example_branch_day_of_week_operator.py for tasks to queue
[2024-08-29T00:08:07.248+0000] {logging_mixin.py:190} INFO - [2024-08-29T00:08:07.247+0000] {dagbag.py:587} INFO - Filling up the DagBag from /home/airflow/.local/lib/python3.12/site-packages/airflow/example_dags/example_branch_day_of_week_operator.py
[2024-08-29T00:08:07.263+0000] {processor.py:925} INFO - DAG(s) 'example_weekday_branch_operator' retrieved from /home/airflow/.local/lib/python3.12/site-packages/airflow/example_dags/example_branch_day_of_week_operator.py
[2024-08-29T00:08:07.298+0000] {logging_mixin.py:190} INFO - [2024-08-29T00:08:07.298+0000] {dag.py:3211} INFO - Sync 1 DAGs
[2024-08-29T00:08:07.338+0000] {logging_mixin.py:190} INFO - [2024-08-29T00:08:07.338+0000] {dag.py:4138} INFO - Setting next_dagrun for example_weekday_branch_operator to 2024-08-28 00:00:00+00:00, run_after=2024-08-29 00:00:00+00:00
[2024-08-29T00:08:07.616+0000] {processor.py:208} INFO - Processing /home/airflow/.local/lib/python3.12/site-packages/airflow/example_dags/example_branch_day_of_week_operator.py took 0.383 seconds
[2024-08-29T00:08:38.139+0000] {processor.py:186} INFO - Started process (PID=992) to work on /home/airflow/.local/lib/python3.12/site-packages/airflow/example_dags/example_branch_day_of_week_operator.py
[2024-08-29T00:08:38.140+0000] {processor.py:914} INFO - Processing file /home/airflow/.local/lib/python3.12/site-packages/airflow/example_dags/example_branch_day_of_week_operator.py for tasks to queue
[2024-08-29T00:08:38.146+0000] {logging_mixin.py:190} INFO - [2024-08-29T00:08:38.145+0000] {dagbag.py:587} INFO - Filling up the DagBag from /home/airflow/.local/lib/python3.12/site-packages/airflow/example_dags/example_branch_day_of_week_operator.py
[2024-08-29T00:08:38.164+0000] {processor.py:925} INFO - DAG(s) 'example_weekday_branch_operator' retrieved from /home/airflow/.local/lib/python3.12/site-packages/airflow/example_dags/example_branch_day_of_week_operator.py
[2024-08-29T00:08:38.203+0000] {logging_mixin.py:190} INFO - [2024-08-29T00:08:38.203+0000] {dag.py:3211} INFO - Sync 1 DAGs
[2024-08-29T00:08:38.254+0000] {logging_mixin.py:190} INFO - [2024-08-29T00:08:38.254+0000] {dag.py:4138} INFO - Setting next_dagrun for example_weekday_branch_operator to 2024-08-28 00:00:00+00:00, run_after=2024-08-29 00:00:00+00:00
[2024-08-29T00:08:38.290+0000] {processor.py:208} INFO - Processing /home/airflow/.local/lib/python3.12/site-packages/airflow/example_dags/example_branch_day_of_week_operator.py took 0.161 seconds
[2024-08-29T00:09:09.011+0000] {processor.py:186} INFO - Started process (PID=1055) to work on /home/airflow/.local/lib/python3.12/site-packages/airflow/example_dags/example_branch_day_of_week_operator.py
[2024-08-29T00:09:09.013+0000] {processor.py:914} INFO - Processing file /home/airflow/.local/lib/python3.12/site-packages/airflow/example_dags/example_branch_day_of_week_operator.py for tasks to queue
[2024-08-29T00:09:09.019+0000] {logging_mixin.py:190} INFO - [2024-08-29T00:09:09.019+0000] {dagbag.py:587} INFO - Filling up the DagBag from /home/airflow/.local/lib/python3.12/site-packages/airflow/example_dags/example_branch_day_of_week_operator.py
[2024-08-29T00:09:09.036+0000] {processor.py:925} INFO - DAG(s) 'example_weekday_branch_operator' retrieved from /home/airflow/.local/lib/python3.12/site-packages/airflow/example_dags/example_branch_day_of_week_operator.py
[2024-08-29T00:09:09.066+0000] {logging_mixin.py:190} INFO - [2024-08-29T00:09:09.065+0000] {dag.py:3211} INFO - Sync 1 DAGs
[2024-08-29T00:09:09.105+0000] {logging_mixin.py:190} INFO - [2024-08-29T00:09:09.105+0000] {dag.py:4138} INFO - Setting next_dagrun for example_weekday_branch_operator to 2024-08-28 00:00:00+00:00, run_after=2024-08-29 00:00:00+00:00
[2024-08-29T00:09:09.133+0000] {processor.py:208} INFO - Processing /home/airflow/.local/lib/python3.12/site-packages/airflow/example_dags/example_branch_day_of_week_operator.py took 0.133 seconds
[2024-08-29T00:09:39.596+0000] {processor.py:186} INFO - Started process (PID=1123) to work on /home/airflow/.local/lib/python3.12/site-packages/airflow/example_dags/example_branch_day_of_week_operator.py
[2024-08-29T00:09:39.604+0000] {processor.py:914} INFO - Processing file /home/airflow/.local/lib/python3.12/site-packages/airflow/example_dags/example_branch_day_of_week_operator.py for tasks to queue
[2024-08-29T00:09:39.617+0000] {logging_mixin.py:190} INFO - [2024-08-29T00:09:39.616+0000] {dagbag.py:587} INFO - Filling up the DagBag from /home/airflow/.local/lib/python3.12/site-packages/airflow/example_dags/example_branch_day_of_week_operator.py
[2024-08-29T00:09:39.669+0000] {processor.py:925} INFO - DAG(s) 'example_weekday_branch_operator' retrieved from /home/airflow/.local/lib/python3.12/site-packages/airflow/example_dags/example_branch_day_of_week_operator.py
[2024-08-29T00:09:39.753+0000] {logging_mixin.py:190} INFO - [2024-08-29T00:09:39.752+0000] {dag.py:3211} INFO - Sync 1 DAGs
[2024-08-29T00:09:39.839+0000] {logging_mixin.py:190} INFO - [2024-08-29T00:09:39.838+0000] {dag.py:4138} INFO - Setting next_dagrun for example_weekday_branch_operator to 2024-08-28 00:00:00+00:00, run_after=2024-08-29 00:00:00+00:00
[2024-08-29T00:09:39.904+0000] {processor.py:208} INFO - Processing /home/airflow/.local/lib/python3.12/site-packages/airflow/example_dags/example_branch_day_of_week_operator.py took 0.322 seconds
[2024-08-29T00:11:05.628+0000] {processor.py:186} INFO - Started process (PID=1181) to work on /home/airflow/.local/lib/python3.12/site-packages/airflow/example_dags/example_branch_day_of_week_operator.py
[2024-08-29T00:11:05.635+0000] {processor.py:914} INFO - Processing file /home/airflow/.local/lib/python3.12/site-packages/airflow/example_dags/example_branch_day_of_week_operator.py for tasks to queue
[2024-08-29T00:11:05.650+0000] {logging_mixin.py:190} INFO - [2024-08-29T00:11:05.649+0000] {dagbag.py:587} INFO - Filling up the DagBag from /home/airflow/.local/lib/python3.12/site-packages/airflow/example_dags/example_branch_day_of_week_operator.py
[2024-08-29T00:11:05.692+0000] {processor.py:925} INFO - DAG(s) 'example_weekday_branch_operator' retrieved from /home/airflow/.local/lib/python3.12/site-packages/airflow/example_dags/example_branch_day_of_week_operator.py
[2024-08-29T00:11:05.777+0000] {logging_mixin.py:190} INFO - [2024-08-29T00:11:05.777+0000] {dag.py:3211} INFO - Sync 1 DAGs
[2024-08-29T00:11:05.847+0000] {logging_mixin.py:190} INFO - [2024-08-29T00:11:05.844+0000] {dag.py:4138} INFO - Setting next_dagrun for example_weekday_branch_operator to 2024-08-28 00:00:00+00:00, run_after=2024-08-29 00:00:00+00:00
[2024-08-29T00:11:05.891+0000] {processor.py:208} INFO - Processing /home/airflow/.local/lib/python3.12/site-packages/airflow/example_dags/example_branch_day_of_week_operator.py took 0.281 seconds
[2024-08-29T00:11:53.217+0000] {processor.py:186} INFO - Started process (PID=1223) to work on /home/airflow/.local/lib/python3.12/site-packages/airflow/example_dags/example_branch_day_of_week_operator.py
[2024-08-29T00:11:53.218+0000] {processor.py:914} INFO - Processing file /home/airflow/.local/lib/python3.12/site-packages/airflow/example_dags/example_branch_day_of_week_operator.py for tasks to queue
[2024-08-29T00:11:53.224+0000] {logging_mixin.py:190} INFO - [2024-08-29T00:11:53.223+0000] {dagbag.py:587} INFO - Filling up the DagBag from /home/airflow/.local/lib/python3.12/site-packages/airflow/example_dags/example_branch_day_of_week_operator.py
[2024-08-29T00:11:53.250+0000] {processor.py:925} INFO - DAG(s) 'example_weekday_branch_operator' retrieved from /home/airflow/.local/lib/python3.12/site-packages/airflow/example_dags/example_branch_day_of_week_operator.py
[2024-08-29T00:11:53.301+0000] {logging_mixin.py:190} INFO - [2024-08-29T00:11:53.300+0000] {dag.py:3211} INFO - Sync 1 DAGs
[2024-08-29T00:11:53.361+0000] {logging_mixin.py:190} INFO - [2024-08-29T00:11:53.360+0000] {dag.py:4138} INFO - Setting next_dagrun for example_weekday_branch_operator to 2024-08-28 00:00:00+00:00, run_after=2024-08-29 00:00:00+00:00
[2024-08-29T00:11:53.417+0000] {processor.py:208} INFO - Processing /home/airflow/.local/lib/python3.12/site-packages/airflow/example_dags/example_branch_day_of_week_operator.py took 0.215 seconds
[2024-08-29T00:13:51.192+0000] {processor.py:186} INFO - Started process (PID=1285) to work on /home/airflow/.local/lib/python3.12/site-packages/airflow/example_dags/example_branch_day_of_week_operator.py
[2024-08-29T00:13:51.213+0000] {processor.py:914} INFO - Processing file /home/airflow/.local/lib/python3.12/site-packages/airflow/example_dags/example_branch_day_of_week_operator.py for tasks to queue
[2024-08-29T00:13:51.239+0000] {logging_mixin.py:190} INFO - [2024-08-29T00:13:51.238+0000] {dagbag.py:587} INFO - Filling up the DagBag from /home/airflow/.local/lib/python3.12/site-packages/airflow/example_dags/example_branch_day_of_week_operator.py
[2024-08-29T00:13:51.545+0000] {processor.py:925} INFO - DAG(s) 'example_weekday_branch_operator' retrieved from /home/airflow/.local/lib/python3.12/site-packages/airflow/example_dags/example_branch_day_of_week_operator.py
[2024-08-29T00:13:51.795+0000] {logging_mixin.py:190} INFO - [2024-08-29T00:13:51.795+0000] {dag.py:3211} INFO - Sync 1 DAGs
[2024-08-29T00:13:54.140+0000] {logging_mixin.py:190} INFO - [2024-08-29T00:13:54.139+0000] {dag.py:4138} INFO - Setting next_dagrun for example_weekday_branch_operator to 2024-08-28 00:00:00+00:00, run_after=2024-08-29 00:00:00+00:00
[2024-08-29T00:13:54.478+0000] {processor.py:208} INFO - Processing /home/airflow/.local/lib/python3.12/site-packages/airflow/example_dags/example_branch_day_of_week_operator.py took 3.350 seconds
[2024-08-29T00:18:04.485+0000] {processor.py:186} INFO - Started process (PID=115) to work on /home/airflow/.local/lib/python3.12/site-packages/airflow/example_dags/example_branch_day_of_week_operator.py
[2024-08-29T00:18:04.490+0000] {processor.py:914} INFO - Processing file /home/airflow/.local/lib/python3.12/site-packages/airflow/example_dags/example_branch_day_of_week_operator.py for tasks to queue
[2024-08-29T00:18:04.496+0000] {logging_mixin.py:190} INFO - [2024-08-29T00:18:04.494+0000] {dagbag.py:587} INFO - Filling up the DagBag from /home/airflow/.local/lib/python3.12/site-packages/airflow/example_dags/example_branch_day_of_week_operator.py
[2024-08-29T00:18:04.553+0000] {processor.py:925} INFO - DAG(s) 'example_weekday_branch_operator' retrieved from /home/airflow/.local/lib/python3.12/site-packages/airflow/example_dags/example_branch_day_of_week_operator.py
[2024-08-29T00:18:04.632+0000] {logging_mixin.py:190} INFO - [2024-08-29T00:18:04.631+0000] {dag.py:3211} INFO - Sync 1 DAGs
[2024-08-29T00:18:04.769+0000] {logging_mixin.py:190} INFO - [2024-08-29T00:18:04.757+0000] {dag.py:4138} INFO - Setting next_dagrun for example_weekday_branch_operator to 2024-08-28 00:00:00+00:00, run_after=2024-08-29 00:00:00+00:00
[2024-08-29T00:18:04.906+0000] {processor.py:208} INFO - Processing /home/airflow/.local/lib/python3.12/site-packages/airflow/example_dags/example_branch_day_of_week_operator.py took 0.439 seconds
[2024-08-29T00:18:36.423+0000] {processor.py:186} INFO - Started process (PID=178) to work on /home/airflow/.local/lib/python3.12/site-packages/airflow/example_dags/example_branch_day_of_week_operator.py
[2024-08-29T00:18:36.641+0000] {processor.py:914} INFO - Processing file /home/airflow/.local/lib/python3.12/site-packages/airflow/example_dags/example_branch_day_of_week_operator.py for tasks to queue
[2024-08-29T00:18:36.720+0000] {logging_mixin.py:190} INFO - [2024-08-29T00:18:36.719+0000] {dagbag.py:587} INFO - Filling up the DagBag from /home/airflow/.local/lib/python3.12/site-packages/airflow/example_dags/example_branch_day_of_week_operator.py
[2024-08-29T00:18:37.104+0000] {processor.py:925} INFO - DAG(s) 'example_weekday_branch_operator' retrieved from /home/airflow/.local/lib/python3.12/site-packages/airflow/example_dags/example_branch_day_of_week_operator.py
[2024-08-29T00:18:37.233+0000] {logging_mixin.py:190} INFO - [2024-08-29T00:18:37.232+0000] {dag.py:3211} INFO - Sync 1 DAGs
[2024-08-29T00:18:37.287+0000] {logging_mixin.py:190} INFO - [2024-08-29T00:18:37.287+0000] {dag.py:4138} INFO - Setting next_dagrun for example_weekday_branch_operator to 2024-08-28 00:00:00+00:00, run_after=2024-08-29 00:00:00+00:00
[2024-08-29T00:18:37.564+0000] {processor.py:208} INFO - Processing /home/airflow/.local/lib/python3.12/site-packages/airflow/example_dags/example_branch_day_of_week_operator.py took 1.238 seconds
[2024-08-29T00:19:07.811+0000] {processor.py:186} INFO - Started process (PID=244) to work on /home/airflow/.local/lib/python3.12/site-packages/airflow/example_dags/example_branch_day_of_week_operator.py
[2024-08-29T00:19:07.812+0000] {processor.py:914} INFO - Processing file /home/airflow/.local/lib/python3.12/site-packages/airflow/example_dags/example_branch_day_of_week_operator.py for tasks to queue
[2024-08-29T00:19:07.816+0000] {logging_mixin.py:190} INFO - [2024-08-29T00:19:07.815+0000] {dagbag.py:587} INFO - Filling up the DagBag from /home/airflow/.local/lib/python3.12/site-packages/airflow/example_dags/example_branch_day_of_week_operator.py
[2024-08-29T00:19:07.834+0000] {processor.py:925} INFO - DAG(s) 'example_weekday_branch_operator' retrieved from /home/airflow/.local/lib/python3.12/site-packages/airflow/example_dags/example_branch_day_of_week_operator.py
[2024-08-29T00:19:07.864+0000] {logging_mixin.py:190} INFO - [2024-08-29T00:19:07.864+0000] {dag.py:3211} INFO - Sync 1 DAGs
[2024-08-29T00:19:07.905+0000] {logging_mixin.py:190} INFO - [2024-08-29T00:19:07.904+0000] {dag.py:4138} INFO - Setting next_dagrun for example_weekday_branch_operator to 2024-08-28 00:00:00+00:00, run_after=2024-08-29 00:00:00+00:00
[2024-08-29T00:19:07.977+0000] {processor.py:208} INFO - Processing /home/airflow/.local/lib/python3.12/site-packages/airflow/example_dags/example_branch_day_of_week_operator.py took 0.177 seconds
[2024-08-29T00:19:38.026+0000] {processor.py:186} INFO - Started process (PID=307) to work on /home/airflow/.local/lib/python3.12/site-packages/airflow/example_dags/example_branch_day_of_week_operator.py
[2024-08-29T00:19:38.028+0000] {processor.py:914} INFO - Processing file /home/airflow/.local/lib/python3.12/site-packages/airflow/example_dags/example_branch_day_of_week_operator.py for tasks to queue
[2024-08-29T00:19:38.032+0000] {logging_mixin.py:190} INFO - [2024-08-29T00:19:38.031+0000] {dagbag.py:587} INFO - Filling up the DagBag from /home/airflow/.local/lib/python3.12/site-packages/airflow/example_dags/example_branch_day_of_week_operator.py
[2024-08-29T00:19:38.047+0000] {processor.py:925} INFO - DAG(s) 'example_weekday_branch_operator' retrieved from /home/airflow/.local/lib/python3.12/site-packages/airflow/example_dags/example_branch_day_of_week_operator.py
[2024-08-29T00:19:38.077+0000] {logging_mixin.py:190} INFO - [2024-08-29T00:19:38.076+0000] {dag.py:3211} INFO - Sync 1 DAGs
[2024-08-29T00:19:38.107+0000] {logging_mixin.py:190} INFO - [2024-08-29T00:19:38.107+0000] {dag.py:4138} INFO - Setting next_dagrun for example_weekday_branch_operator to 2024-08-28 00:00:00+00:00, run_after=2024-08-29 00:00:00+00:00
[2024-08-29T00:19:38.256+0000] {processor.py:208} INFO - Processing /home/airflow/.local/lib/python3.12/site-packages/airflow/example_dags/example_branch_day_of_week_operator.py took 0.238 seconds
[2024-08-29T00:20:09.006+0000] {processor.py:186} INFO - Started process (PID=369) to work on /home/airflow/.local/lib/python3.12/site-packages/airflow/example_dags/example_branch_day_of_week_operator.py
[2024-08-29T00:20:09.007+0000] {processor.py:914} INFO - Processing file /home/airflow/.local/lib/python3.12/site-packages/airflow/example_dags/example_branch_day_of_week_operator.py for tasks to queue
[2024-08-29T00:20:09.013+0000] {logging_mixin.py:190} INFO - [2024-08-29T00:20:09.011+0000] {dagbag.py:587} INFO - Filling up the DagBag from /home/airflow/.local/lib/python3.12/site-packages/airflow/example_dags/example_branch_day_of_week_operator.py
[2024-08-29T00:20:09.031+0000] {processor.py:925} INFO - DAG(s) 'example_weekday_branch_operator' retrieved from /home/airflow/.local/lib/python3.12/site-packages/airflow/example_dags/example_branch_day_of_week_operator.py
[2024-08-29T00:20:09.076+0000] {logging_mixin.py:190} INFO - [2024-08-29T00:20:09.075+0000] {dag.py:3211} INFO - Sync 1 DAGs
[2024-08-29T00:20:09.127+0000] {logging_mixin.py:190} INFO - [2024-08-29T00:20:09.126+0000] {dag.py:4138} INFO - Setting next_dagrun for example_weekday_branch_operator to 2024-08-28 00:00:00+00:00, run_after=2024-08-29 00:00:00+00:00
[2024-08-29T00:20:09.170+0000] {processor.py:208} INFO - Processing /home/airflow/.local/lib/python3.12/site-packages/airflow/example_dags/example_branch_day_of_week_operator.py took 0.178 seconds
[2024-08-29T00:20:40.400+0000] {processor.py:186} INFO - Started process (PID=432) to work on /home/airflow/.local/lib/python3.12/site-packages/airflow/example_dags/example_branch_day_of_week_operator.py
[2024-08-29T00:20:40.404+0000] {processor.py:914} INFO - Processing file /home/airflow/.local/lib/python3.12/site-packages/airflow/example_dags/example_branch_day_of_week_operator.py for tasks to queue
[2024-08-29T00:20:40.419+0000] {logging_mixin.py:190} INFO - [2024-08-29T00:20:40.417+0000] {dagbag.py:587} INFO - Filling up the DagBag from /home/airflow/.local/lib/python3.12/site-packages/airflow/example_dags/example_branch_day_of_week_operator.py
[2024-08-29T00:20:40.499+0000] {processor.py:925} INFO - DAG(s) 'example_weekday_branch_operator' retrieved from /home/airflow/.local/lib/python3.12/site-packages/airflow/example_dags/example_branch_day_of_week_operator.py
[2024-08-29T00:20:40.686+0000] {logging_mixin.py:190} INFO - [2024-08-29T00:20:40.684+0000] {dag.py:3211} INFO - Sync 1 DAGs
[2024-08-29T00:20:40.779+0000] {logging_mixin.py:190} INFO - [2024-08-29T00:20:40.779+0000] {dag.py:4138} INFO - Setting next_dagrun for example_weekday_branch_operator to 2024-08-28 00:00:00+00:00, run_after=2024-08-29 00:00:00+00:00
[2024-08-29T00:20:40.828+0000] {processor.py:208} INFO - Processing /home/airflow/.local/lib/python3.12/site-packages/airflow/example_dags/example_branch_day_of_week_operator.py took 0.454 seconds
[2024-08-29T00:21:11.493+0000] {processor.py:186} INFO - Started process (PID=495) to work on /home/airflow/.local/lib/python3.12/site-packages/airflow/example_dags/example_branch_day_of_week_operator.py
[2024-08-29T00:21:11.495+0000] {processor.py:914} INFO - Processing file /home/airflow/.local/lib/python3.12/site-packages/airflow/example_dags/example_branch_day_of_week_operator.py for tasks to queue
[2024-08-29T00:21:11.500+0000] {logging_mixin.py:190} INFO - [2024-08-29T00:21:11.499+0000] {dagbag.py:587} INFO - Filling up the DagBag from /home/airflow/.local/lib/python3.12/site-packages/airflow/example_dags/example_branch_day_of_week_operator.py
[2024-08-29T00:21:11.513+0000] {processor.py:925} INFO - DAG(s) 'example_weekday_branch_operator' retrieved from /home/airflow/.local/lib/python3.12/site-packages/airflow/example_dags/example_branch_day_of_week_operator.py
[2024-08-29T00:21:11.542+0000] {logging_mixin.py:190} INFO - [2024-08-29T00:21:11.542+0000] {dag.py:3211} INFO - Sync 1 DAGs
[2024-08-29T00:21:11.575+0000] {logging_mixin.py:190} INFO - [2024-08-29T00:21:11.575+0000] {dag.py:4138} INFO - Setting next_dagrun for example_weekday_branch_operator to 2024-08-28 00:00:00+00:00, run_after=2024-08-29 00:00:00+00:00
[2024-08-29T00:21:11.604+0000] {processor.py:208} INFO - Processing /home/airflow/.local/lib/python3.12/site-packages/airflow/example_dags/example_branch_day_of_week_operator.py took 0.119 seconds
[2024-08-29T00:21:41.853+0000] {processor.py:186} INFO - Started process (PID=558) to work on /home/airflow/.local/lib/python3.12/site-packages/airflow/example_dags/example_branch_day_of_week_operator.py
[2024-08-29T00:21:41.855+0000] {processor.py:914} INFO - Processing file /home/airflow/.local/lib/python3.12/site-packages/airflow/example_dags/example_branch_day_of_week_operator.py for tasks to queue
[2024-08-29T00:21:41.859+0000] {logging_mixin.py:190} INFO - [2024-08-29T00:21:41.858+0000] {dagbag.py:587} INFO - Filling up the DagBag from /home/airflow/.local/lib/python3.12/site-packages/airflow/example_dags/example_branch_day_of_week_operator.py
[2024-08-29T00:21:41.875+0000] {processor.py:925} INFO - DAG(s) 'example_weekday_branch_operator' retrieved from /home/airflow/.local/lib/python3.12/site-packages/airflow/example_dags/example_branch_day_of_week_operator.py
[2024-08-29T00:21:41.907+0000] {logging_mixin.py:190} INFO - [2024-08-29T00:21:41.907+0000] {dag.py:3211} INFO - Sync 1 DAGs
[2024-08-29T00:21:41.942+0000] {logging_mixin.py:190} INFO - [2024-08-29T00:21:41.942+0000] {dag.py:4138} INFO - Setting next_dagrun for example_weekday_branch_operator to 2024-08-28 00:00:00+00:00, run_after=2024-08-29 00:00:00+00:00
[2024-08-29T00:21:41.970+0000] {processor.py:208} INFO - Processing /home/airflow/.local/lib/python3.12/site-packages/airflow/example_dags/example_branch_day_of_week_operator.py took 0.126 seconds
[2024-08-29T00:22:12.747+0000] {processor.py:186} INFO - Started process (PID=621) to work on /home/airflow/.local/lib/python3.12/site-packages/airflow/example_dags/example_branch_day_of_week_operator.py
[2024-08-29T00:22:12.751+0000] {processor.py:914} INFO - Processing file /home/airflow/.local/lib/python3.12/site-packages/airflow/example_dags/example_branch_day_of_week_operator.py for tasks to queue
[2024-08-29T00:22:12.758+0000] {logging_mixin.py:190} INFO - [2024-08-29T00:22:12.757+0000] {dagbag.py:587} INFO - Filling up the DagBag from /home/airflow/.local/lib/python3.12/site-packages/airflow/example_dags/example_branch_day_of_week_operator.py
[2024-08-29T00:22:12.777+0000] {processor.py:925} INFO - DAG(s) 'example_weekday_branch_operator' retrieved from /home/airflow/.local/lib/python3.12/site-packages/airflow/example_dags/example_branch_day_of_week_operator.py
[2024-08-29T00:22:12.822+0000] {logging_mixin.py:190} INFO - [2024-08-29T00:22:12.821+0000] {dag.py:3211} INFO - Sync 1 DAGs
[2024-08-29T00:22:12.875+0000] {logging_mixin.py:190} INFO - [2024-08-29T00:22:12.874+0000] {dag.py:4138} INFO - Setting next_dagrun for example_weekday_branch_operator to 2024-08-28 00:00:00+00:00, run_after=2024-08-29 00:00:00+00:00
[2024-08-29T00:22:12.904+0000] {processor.py:208} INFO - Processing /home/airflow/.local/lib/python3.12/site-packages/airflow/example_dags/example_branch_day_of_week_operator.py took 0.170 seconds
[2024-08-29T00:22:43.020+0000] {processor.py:186} INFO - Started process (PID=685) to work on /home/airflow/.local/lib/python3.12/site-packages/airflow/example_dags/example_branch_day_of_week_operator.py
[2024-08-29T00:22:43.021+0000] {processor.py:914} INFO - Processing file /home/airflow/.local/lib/python3.12/site-packages/airflow/example_dags/example_branch_day_of_week_operator.py for tasks to queue
[2024-08-29T00:22:43.025+0000] {logging_mixin.py:190} INFO - [2024-08-29T00:22:43.024+0000] {dagbag.py:587} INFO - Filling up the DagBag from /home/airflow/.local/lib/python3.12/site-packages/airflow/example_dags/example_branch_day_of_week_operator.py
[2024-08-29T00:22:43.037+0000] {processor.py:925} INFO - DAG(s) 'example_weekday_branch_operator' retrieved from /home/airflow/.local/lib/python3.12/site-packages/airflow/example_dags/example_branch_day_of_week_operator.py
[2024-08-29T00:22:43.069+0000] {logging_mixin.py:190} INFO - [2024-08-29T00:22:43.068+0000] {dag.py:3211} INFO - Sync 1 DAGs
[2024-08-29T00:22:43.102+0000] {logging_mixin.py:190} INFO - [2024-08-29T00:22:43.102+0000] {dag.py:4138} INFO - Setting next_dagrun for example_weekday_branch_operator to 2024-08-28 00:00:00+00:00, run_after=2024-08-29 00:00:00+00:00
[2024-08-29T00:22:43.131+0000] {processor.py:208} INFO - Processing /home/airflow/.local/lib/python3.12/site-packages/airflow/example_dags/example_branch_day_of_week_operator.py took 0.119 seconds
[2024-08-29T00:23:13.709+0000] {processor.py:186} INFO - Started process (PID=747) to work on /home/airflow/.local/lib/python3.12/site-packages/airflow/example_dags/example_branch_day_of_week_operator.py
[2024-08-29T00:23:13.712+0000] {processor.py:914} INFO - Processing file /home/airflow/.local/lib/python3.12/site-packages/airflow/example_dags/example_branch_day_of_week_operator.py for tasks to queue
[2024-08-29T00:23:13.717+0000] {logging_mixin.py:190} INFO - [2024-08-29T00:23:13.717+0000] {dagbag.py:587} INFO - Filling up the DagBag from /home/airflow/.local/lib/python3.12/site-packages/airflow/example_dags/example_branch_day_of_week_operator.py
[2024-08-29T00:23:13.741+0000] {processor.py:925} INFO - DAG(s) 'example_weekday_branch_operator' retrieved from /home/airflow/.local/lib/python3.12/site-packages/airflow/example_dags/example_branch_day_of_week_operator.py
[2024-08-29T00:23:13.771+0000] {logging_mixin.py:190} INFO - [2024-08-29T00:23:13.771+0000] {dag.py:3211} INFO - Sync 1 DAGs
[2024-08-29T00:23:13.804+0000] {logging_mixin.py:190} INFO - [2024-08-29T00:23:13.803+0000] {dag.py:4138} INFO - Setting next_dagrun for example_weekday_branch_operator to 2024-08-28 00:00:00+00:00, run_after=2024-08-29 00:00:00+00:00
[2024-08-29T00:23:13.841+0000] {processor.py:208} INFO - Processing /home/airflow/.local/lib/python3.12/site-packages/airflow/example_dags/example_branch_day_of_week_operator.py took 0.142 seconds
[2024-08-29T00:23:47.315+0000] {processor.py:186} INFO - Started process (PID=810) to work on /home/airflow/.local/lib/python3.12/site-packages/airflow/example_dags/example_branch_day_of_week_operator.py
[2024-08-29T00:23:47.317+0000] {processor.py:914} INFO - Processing file /home/airflow/.local/lib/python3.12/site-packages/airflow/example_dags/example_branch_day_of_week_operator.py for tasks to queue
[2024-08-29T00:23:47.322+0000] {logging_mixin.py:190} INFO - [2024-08-29T00:23:47.321+0000] {dagbag.py:587} INFO - Filling up the DagBag from /home/airflow/.local/lib/python3.12/site-packages/airflow/example_dags/example_branch_day_of_week_operator.py
[2024-08-29T00:23:47.345+0000] {processor.py:925} INFO - DAG(s) 'example_weekday_branch_operator' retrieved from /home/airflow/.local/lib/python3.12/site-packages/airflow/example_dags/example_branch_day_of_week_operator.py
[2024-08-29T00:23:47.387+0000] {logging_mixin.py:190} INFO - [2024-08-29T00:23:47.386+0000] {dag.py:3211} INFO - Sync 1 DAGs
[2024-08-29T00:23:47.436+0000] {logging_mixin.py:190} INFO - [2024-08-29T00:23:47.435+0000] {dag.py:4138} INFO - Setting next_dagrun for example_weekday_branch_operator to 2024-08-28 00:00:00+00:00, run_after=2024-08-29 00:00:00+00:00
[2024-08-29T00:23:47.475+0000] {processor.py:208} INFO - Processing /home/airflow/.local/lib/python3.12/site-packages/airflow/example_dags/example_branch_day_of_week_operator.py took 0.171 seconds
[2024-08-29T00:24:18.093+0000] {processor.py:186} INFO - Started process (PID=873) to work on /home/airflow/.local/lib/python3.12/site-packages/airflow/example_dags/example_branch_day_of_week_operator.py
[2024-08-29T00:24:18.095+0000] {processor.py:914} INFO - Processing file /home/airflow/.local/lib/python3.12/site-packages/airflow/example_dags/example_branch_day_of_week_operator.py for tasks to queue
[2024-08-29T00:24:18.100+0000] {logging_mixin.py:190} INFO - [2024-08-29T00:24:18.099+0000] {dagbag.py:587} INFO - Filling up the DagBag from /home/airflow/.local/lib/python3.12/site-packages/airflow/example_dags/example_branch_day_of_week_operator.py
[2024-08-29T00:24:18.118+0000] {processor.py:925} INFO - DAG(s) 'example_weekday_branch_operator' retrieved from /home/airflow/.local/lib/python3.12/site-packages/airflow/example_dags/example_branch_day_of_week_operator.py
[2024-08-29T00:24:18.160+0000] {logging_mixin.py:190} INFO - [2024-08-29T00:24:18.159+0000] {dag.py:3211} INFO - Sync 1 DAGs
[2024-08-29T00:24:18.247+0000] {logging_mixin.py:190} INFO - [2024-08-29T00:24:18.246+0000] {dag.py:4138} INFO - Setting next_dagrun for example_weekday_branch_operator to 2024-08-28 00:00:00+00:00, run_after=2024-08-29 00:00:00+00:00
[2024-08-29T00:24:18.306+0000] {processor.py:208} INFO - Processing /home/airflow/.local/lib/python3.12/site-packages/airflow/example_dags/example_branch_day_of_week_operator.py took 0.224 seconds
[2024-08-29T00:24:48.922+0000] {processor.py:186} INFO - Started process (PID=936) to work on /home/airflow/.local/lib/python3.12/site-packages/airflow/example_dags/example_branch_day_of_week_operator.py
[2024-08-29T00:24:48.923+0000] {processor.py:914} INFO - Processing file /home/airflow/.local/lib/python3.12/site-packages/airflow/example_dags/example_branch_day_of_week_operator.py for tasks to queue
[2024-08-29T00:24:48.927+0000] {logging_mixin.py:190} INFO - [2024-08-29T00:24:48.926+0000] {dagbag.py:587} INFO - Filling up the DagBag from /home/airflow/.local/lib/python3.12/site-packages/airflow/example_dags/example_branch_day_of_week_operator.py
[2024-08-29T00:24:48.944+0000] {processor.py:925} INFO - DAG(s) 'example_weekday_branch_operator' retrieved from /home/airflow/.local/lib/python3.12/site-packages/airflow/example_dags/example_branch_day_of_week_operator.py
[2024-08-29T00:24:48.976+0000] {logging_mixin.py:190} INFO - [2024-08-29T00:24:48.976+0000] {dag.py:3211} INFO - Sync 1 DAGs
[2024-08-29T00:24:49.011+0000] {logging_mixin.py:190} INFO - [2024-08-29T00:24:49.011+0000] {dag.py:4138} INFO - Setting next_dagrun for example_weekday_branch_operator to 2024-08-28 00:00:00+00:00, run_after=2024-08-29 00:00:00+00:00
[2024-08-29T00:24:49.061+0000] {processor.py:208} INFO - Processing /home/airflow/.local/lib/python3.12/site-packages/airflow/example_dags/example_branch_day_of_week_operator.py took 0.148 seconds
[2024-08-29T00:25:19.881+0000] {processor.py:186} INFO - Started process (PID=1000) to work on /home/airflow/.local/lib/python3.12/site-packages/airflow/example_dags/example_branch_day_of_week_operator.py
[2024-08-29T00:25:19.891+0000] {processor.py:914} INFO - Processing file /home/airflow/.local/lib/python3.12/site-packages/airflow/example_dags/example_branch_day_of_week_operator.py for tasks to queue
[2024-08-29T00:25:19.898+0000] {logging_mixin.py:190} INFO - [2024-08-29T00:25:19.897+0000] {dagbag.py:587} INFO - Filling up the DagBag from /home/airflow/.local/lib/python3.12/site-packages/airflow/example_dags/example_branch_day_of_week_operator.py
[2024-08-29T00:25:19.919+0000] {processor.py:925} INFO - DAG(s) 'example_weekday_branch_operator' retrieved from /home/airflow/.local/lib/python3.12/site-packages/airflow/example_dags/example_branch_day_of_week_operator.py
[2024-08-29T00:25:19.980+0000] {logging_mixin.py:190} INFO - [2024-08-29T00:25:19.979+0000] {dag.py:3211} INFO - Sync 1 DAGs
[2024-08-29T00:25:20.129+0000] {logging_mixin.py:190} INFO - [2024-08-29T00:25:20.129+0000] {dag.py:4138} INFO - Setting next_dagrun for example_weekday_branch_operator to 2024-08-28 00:00:00+00:00, run_after=2024-08-29 00:00:00+00:00
[2024-08-29T00:25:20.237+0000] {processor.py:208} INFO - Processing /home/airflow/.local/lib/python3.12/site-packages/airflow/example_dags/example_branch_day_of_week_operator.py took 0.375 seconds
[2024-08-29T00:25:53.385+0000] {processor.py:186} INFO - Started process (PID=1063) to work on /home/airflow/.local/lib/python3.12/site-packages/airflow/example_dags/example_branch_day_of_week_operator.py
[2024-08-29T00:25:53.388+0000] {processor.py:914} INFO - Processing file /home/airflow/.local/lib/python3.12/site-packages/airflow/example_dags/example_branch_day_of_week_operator.py for tasks to queue
[2024-08-29T00:25:53.404+0000] {logging_mixin.py:190} INFO - [2024-08-29T00:25:53.403+0000] {dagbag.py:587} INFO - Filling up the DagBag from /home/airflow/.local/lib/python3.12/site-packages/airflow/example_dags/example_branch_day_of_week_operator.py
[2024-08-29T00:25:53.461+0000] {processor.py:925} INFO - DAG(s) 'example_weekday_branch_operator' retrieved from /home/airflow/.local/lib/python3.12/site-packages/airflow/example_dags/example_branch_day_of_week_operator.py
[2024-08-29T00:25:53.569+0000] {logging_mixin.py:190} INFO - [2024-08-29T00:25:53.569+0000] {dag.py:3211} INFO - Sync 1 DAGs
[2024-08-29T00:25:53.637+0000] {logging_mixin.py:190} INFO - [2024-08-29T00:25:53.636+0000] {dag.py:4138} INFO - Setting next_dagrun for example_weekday_branch_operator to 2024-08-28 00:00:00+00:00, run_after=2024-08-29 00:00:00+00:00
[2024-08-29T00:25:53.734+0000] {processor.py:208} INFO - Processing /home/airflow/.local/lib/python3.12/site-packages/airflow/example_dags/example_branch_day_of_week_operator.py took 0.367 seconds
[2024-08-29T00:26:24.291+0000] {processor.py:186} INFO - Started process (PID=1126) to work on /home/airflow/.local/lib/python3.12/site-packages/airflow/example_dags/example_branch_day_of_week_operator.py
[2024-08-29T00:26:24.292+0000] {processor.py:914} INFO - Processing file /home/airflow/.local/lib/python3.12/site-packages/airflow/example_dags/example_branch_day_of_week_operator.py for tasks to queue
[2024-08-29T00:26:24.296+0000] {logging_mixin.py:190} INFO - [2024-08-29T00:26:24.296+0000] {dagbag.py:587} INFO - Filling up the DagBag from /home/airflow/.local/lib/python3.12/site-packages/airflow/example_dags/example_branch_day_of_week_operator.py
[2024-08-29T00:26:24.310+0000] {processor.py:925} INFO - DAG(s) 'example_weekday_branch_operator' retrieved from /home/airflow/.local/lib/python3.12/site-packages/airflow/example_dags/example_branch_day_of_week_operator.py
[2024-08-29T00:26:24.354+0000] {logging_mixin.py:190} INFO - [2024-08-29T00:26:24.354+0000] {dag.py:3211} INFO - Sync 1 DAGs
[2024-08-29T00:26:24.408+0000] {logging_mixin.py:190} INFO - [2024-08-29T00:26:24.408+0000] {dag.py:4138} INFO - Setting next_dagrun for example_weekday_branch_operator to 2024-08-28 00:00:00+00:00, run_after=2024-08-29 00:00:00+00:00
[2024-08-29T00:26:24.456+0000] {processor.py:208} INFO - Processing /home/airflow/.local/lib/python3.12/site-packages/airflow/example_dags/example_branch_day_of_week_operator.py took 0.174 seconds
[2024-08-29T00:26:55.559+0000] {processor.py:186} INFO - Started process (PID=1190) to work on /home/airflow/.local/lib/python3.12/site-packages/airflow/example_dags/example_branch_day_of_week_operator.py
[2024-08-29T00:26:55.561+0000] {processor.py:914} INFO - Processing file /home/airflow/.local/lib/python3.12/site-packages/airflow/example_dags/example_branch_day_of_week_operator.py for tasks to queue
[2024-08-29T00:26:55.565+0000] {logging_mixin.py:190} INFO - [2024-08-29T00:26:55.565+0000] {dagbag.py:587} INFO - Filling up the DagBag from /home/airflow/.local/lib/python3.12/site-packages/airflow/example_dags/example_branch_day_of_week_operator.py
[2024-08-29T00:26:55.578+0000] {processor.py:925} INFO - DAG(s) 'example_weekday_branch_operator' retrieved from /home/airflow/.local/lib/python3.12/site-packages/airflow/example_dags/example_branch_day_of_week_operator.py
[2024-08-29T00:26:55.607+0000] {logging_mixin.py:190} INFO - [2024-08-29T00:26:55.607+0000] {dag.py:3211} INFO - Sync 1 DAGs
[2024-08-29T00:26:55.647+0000] {logging_mixin.py:190} INFO - [2024-08-29T00:26:55.646+0000] {dag.py:4138} INFO - Setting next_dagrun for example_weekday_branch_operator to 2024-08-28 00:00:00+00:00, run_after=2024-08-29 00:00:00+00:00
[2024-08-29T00:26:55.684+0000] {processor.py:208} INFO - Processing /home/airflow/.local/lib/python3.12/site-packages/airflow/example_dags/example_branch_day_of_week_operator.py took 0.135 seconds
[2024-08-29T00:27:25.950+0000] {processor.py:186} INFO - Started process (PID=1253) to work on /home/airflow/.local/lib/python3.12/site-packages/airflow/example_dags/example_branch_day_of_week_operator.py
[2024-08-29T00:27:25.952+0000] {processor.py:914} INFO - Processing file /home/airflow/.local/lib/python3.12/site-packages/airflow/example_dags/example_branch_day_of_week_operator.py for tasks to queue
[2024-08-29T00:27:25.956+0000] {logging_mixin.py:190} INFO - [2024-08-29T00:27:25.956+0000] {dagbag.py:587} INFO - Filling up the DagBag from /home/airflow/.local/lib/python3.12/site-packages/airflow/example_dags/example_branch_day_of_week_operator.py
[2024-08-29T00:27:25.976+0000] {processor.py:925} INFO - DAG(s) 'example_weekday_branch_operator' retrieved from /home/airflow/.local/lib/python3.12/site-packages/airflow/example_dags/example_branch_day_of_week_operator.py
[2024-08-29T00:27:26.013+0000] {logging_mixin.py:190} INFO - [2024-08-29T00:27:26.013+0000] {dag.py:3211} INFO - Sync 1 DAGs
[2024-08-29T00:27:26.070+0000] {logging_mixin.py:190} INFO - [2024-08-29T00:27:26.070+0000] {dag.py:4138} INFO - Setting next_dagrun for example_weekday_branch_operator to 2024-08-28 00:00:00+00:00, run_after=2024-08-29 00:00:00+00:00
[2024-08-29T00:27:26.113+0000] {processor.py:208} INFO - Processing /home/airflow/.local/lib/python3.12/site-packages/airflow/example_dags/example_branch_day_of_week_operator.py took 0.174 seconds
[2024-08-29T00:27:56.174+0000] {processor.py:186} INFO - Started process (PID=1315) to work on /home/airflow/.local/lib/python3.12/site-packages/airflow/example_dags/example_branch_day_of_week_operator.py
[2024-08-29T00:27:56.175+0000] {processor.py:914} INFO - Processing file /home/airflow/.local/lib/python3.12/site-packages/airflow/example_dags/example_branch_day_of_week_operator.py for tasks to queue
[2024-08-29T00:27:56.179+0000] {logging_mixin.py:190} INFO - [2024-08-29T00:27:56.178+0000] {dagbag.py:587} INFO - Filling up the DagBag from /home/airflow/.local/lib/python3.12/site-packages/airflow/example_dags/example_branch_day_of_week_operator.py
[2024-08-29T00:27:56.194+0000] {processor.py:925} INFO - DAG(s) 'example_weekday_branch_operator' retrieved from /home/airflow/.local/lib/python3.12/site-packages/airflow/example_dags/example_branch_day_of_week_operator.py
[2024-08-29T00:27:56.224+0000] {logging_mixin.py:190} INFO - [2024-08-29T00:27:56.224+0000] {dag.py:3211} INFO - Sync 1 DAGs
[2024-08-29T00:27:56.258+0000] {logging_mixin.py:190} INFO - [2024-08-29T00:27:56.258+0000] {dag.py:4138} INFO - Setting next_dagrun for example_weekday_branch_operator to 2024-08-28 00:00:00+00:00, run_after=2024-08-29 00:00:00+00:00
[2024-08-29T00:27:56.291+0000] {processor.py:208} INFO - Processing /home/airflow/.local/lib/python3.12/site-packages/airflow/example_dags/example_branch_day_of_week_operator.py took 0.125 seconds
[2024-08-29T00:28:26.895+0000] {processor.py:186} INFO - Started process (PID=1378) to work on /home/airflow/.local/lib/python3.12/site-packages/airflow/example_dags/example_branch_day_of_week_operator.py
[2024-08-29T00:28:26.896+0000] {processor.py:914} INFO - Processing file /home/airflow/.local/lib/python3.12/site-packages/airflow/example_dags/example_branch_day_of_week_operator.py for tasks to queue
[2024-08-29T00:28:26.900+0000] {logging_mixin.py:190} INFO - [2024-08-29T00:28:26.900+0000] {dagbag.py:587} INFO - Filling up the DagBag from /home/airflow/.local/lib/python3.12/site-packages/airflow/example_dags/example_branch_day_of_week_operator.py
[2024-08-29T00:28:26.912+0000] {processor.py:925} INFO - DAG(s) 'example_weekday_branch_operator' retrieved from /home/airflow/.local/lib/python3.12/site-packages/airflow/example_dags/example_branch_day_of_week_operator.py
[2024-08-29T00:28:26.940+0000] {logging_mixin.py:190} INFO - [2024-08-29T00:28:26.940+0000] {dag.py:3211} INFO - Sync 1 DAGs
[2024-08-29T00:28:26.975+0000] {logging_mixin.py:190} INFO - [2024-08-29T00:28:26.975+0000] {dag.py:4138} INFO - Setting next_dagrun for example_weekday_branch_operator to 2024-08-28 00:00:00+00:00, run_after=2024-08-29 00:00:00+00:00
[2024-08-29T00:28:27.003+0000] {processor.py:208} INFO - Processing /home/airflow/.local/lib/python3.12/site-packages/airflow/example_dags/example_branch_day_of_week_operator.py took 0.118 seconds
[2024-08-29T00:28:57.731+0000] {processor.py:186} INFO - Started process (PID=1441) to work on /home/airflow/.local/lib/python3.12/site-packages/airflow/example_dags/example_branch_day_of_week_operator.py
[2024-08-29T00:28:57.733+0000] {processor.py:914} INFO - Processing file /home/airflow/.local/lib/python3.12/site-packages/airflow/example_dags/example_branch_day_of_week_operator.py for tasks to queue
[2024-08-29T00:28:57.736+0000] {logging_mixin.py:190} INFO - [2024-08-29T00:28:57.736+0000] {dagbag.py:587} INFO - Filling up the DagBag from /home/airflow/.local/lib/python3.12/site-packages/airflow/example_dags/example_branch_day_of_week_operator.py
[2024-08-29T00:28:57.754+0000] {processor.py:925} INFO - DAG(s) 'example_weekday_branch_operator' retrieved from /home/airflow/.local/lib/python3.12/site-packages/airflow/example_dags/example_branch_day_of_week_operator.py
[2024-08-29T00:28:57.782+0000] {logging_mixin.py:190} INFO - [2024-08-29T00:28:57.782+0000] {dag.py:3211} INFO - Sync 1 DAGs
[2024-08-29T00:28:57.814+0000] {logging_mixin.py:190} INFO - [2024-08-29T00:28:57.813+0000] {dag.py:4138} INFO - Setting next_dagrun for example_weekday_branch_operator to 2024-08-28 00:00:00+00:00, run_after=2024-08-29 00:00:00+00:00
[2024-08-29T00:28:57.862+0000] {processor.py:208} INFO - Processing /home/airflow/.local/lib/python3.12/site-packages/airflow/example_dags/example_branch_day_of_week_operator.py took 0.138 seconds
[2024-08-29T00:32:58.988+0000] {processor.py:186} INFO - Started process (PID=113) to work on /home/airflow/.local/lib/python3.12/site-packages/airflow/example_dags/example_branch_day_of_week_operator.py
[2024-08-29T00:32:59.021+0000] {processor.py:914} INFO - Processing file /home/airflow/.local/lib/python3.12/site-packages/airflow/example_dags/example_branch_day_of_week_operator.py for tasks to queue
[2024-08-29T00:32:59.126+0000] {logging_mixin.py:190} INFO - [2024-08-29T00:32:59.095+0000] {dagbag.py:587} INFO - Filling up the DagBag from /home/airflow/.local/lib/python3.12/site-packages/airflow/example_dags/example_branch_day_of_week_operator.py
[2024-08-29T00:32:59.703+0000] {processor.py:925} INFO - DAG(s) 'example_weekday_branch_operator' retrieved from /home/airflow/.local/lib/python3.12/site-packages/airflow/example_dags/example_branch_day_of_week_operator.py
[2024-08-29T00:33:08.532+0000] {logging_mixin.py:190} INFO - [2024-08-29T00:33:08.531+0000] {dag.py:3211} INFO - Sync 1 DAGs
[2024-08-29T00:33:08.955+0000] {logging_mixin.py:190} INFO - [2024-08-29T00:33:08.955+0000] {dag.py:4138} INFO - Setting next_dagrun for example_weekday_branch_operator to 2024-08-28 00:00:00+00:00, run_after=2024-08-29 00:00:00+00:00
[2024-08-29T00:33:09.126+0000] {processor.py:208} INFO - Processing /home/airflow/.local/lib/python3.12/site-packages/airflow/example_dags/example_branch_day_of_week_operator.py took 10.470 seconds
[2024-08-29T00:33:43.725+0000] {processor.py:186} INFO - Started process (PID=176) to work on /home/airflow/.local/lib/python3.12/site-packages/airflow/example_dags/example_branch_day_of_week_operator.py
[2024-08-29T00:33:43.730+0000] {processor.py:914} INFO - Processing file /home/airflow/.local/lib/python3.12/site-packages/airflow/example_dags/example_branch_day_of_week_operator.py for tasks to queue
[2024-08-29T00:33:43.736+0000] {logging_mixin.py:190} INFO - [2024-08-29T00:33:43.735+0000] {dagbag.py:587} INFO - Filling up the DagBag from /home/airflow/.local/lib/python3.12/site-packages/airflow/example_dags/example_branch_day_of_week_operator.py
[2024-08-29T00:33:43.761+0000] {processor.py:925} INFO - DAG(s) 'example_weekday_branch_operator' retrieved from /home/airflow/.local/lib/python3.12/site-packages/airflow/example_dags/example_branch_day_of_week_operator.py
[2024-08-29T00:33:43.806+0000] {logging_mixin.py:190} INFO - [2024-08-29T00:33:43.805+0000] {dag.py:3211} INFO - Sync 1 DAGs
[2024-08-29T00:33:43.902+0000] {logging_mixin.py:190} INFO - [2024-08-29T00:33:43.902+0000] {dag.py:4138} INFO - Setting next_dagrun for example_weekday_branch_operator to 2024-08-28 00:00:00+00:00, run_after=2024-08-29 00:00:00+00:00
[2024-08-29T00:33:43.960+0000] {processor.py:208} INFO - Processing /home/airflow/.local/lib/python3.12/site-packages/airflow/example_dags/example_branch_day_of_week_operator.py took 0.255 seconds
[2024-08-29T00:34:14.156+0000] {processor.py:186} INFO - Started process (PID=238) to work on /home/airflow/.local/lib/python3.12/site-packages/airflow/example_dags/example_branch_day_of_week_operator.py
[2024-08-29T00:34:14.157+0000] {processor.py:914} INFO - Processing file /home/airflow/.local/lib/python3.12/site-packages/airflow/example_dags/example_branch_day_of_week_operator.py for tasks to queue
[2024-08-29T00:34:14.161+0000] {logging_mixin.py:190} INFO - [2024-08-29T00:34:14.160+0000] {dagbag.py:587} INFO - Filling up the DagBag from /home/airflow/.local/lib/python3.12/site-packages/airflow/example_dags/example_branch_day_of_week_operator.py
[2024-08-29T00:34:14.173+0000] {processor.py:925} INFO - DAG(s) 'example_weekday_branch_operator' retrieved from /home/airflow/.local/lib/python3.12/site-packages/airflow/example_dags/example_branch_day_of_week_operator.py
[2024-08-29T00:34:14.204+0000] {logging_mixin.py:190} INFO - [2024-08-29T00:34:14.204+0000] {dag.py:3211} INFO - Sync 1 DAGs
[2024-08-29T00:34:14.239+0000] {logging_mixin.py:190} INFO - [2024-08-29T00:34:14.238+0000] {dag.py:4138} INFO - Setting next_dagrun for example_weekday_branch_operator to 2024-08-28 00:00:00+00:00, run_after=2024-08-29 00:00:00+00:00
[2024-08-29T00:34:14.292+0000] {processor.py:208} INFO - Processing /home/airflow/.local/lib/python3.12/site-packages/airflow/example_dags/example_branch_day_of_week_operator.py took 0.143 seconds
[2024-08-29T00:34:44.509+0000] {processor.py:186} INFO - Started process (PID=301) to work on /home/airflow/.local/lib/python3.12/site-packages/airflow/example_dags/example_branch_day_of_week_operator.py
[2024-08-29T00:34:44.511+0000] {processor.py:914} INFO - Processing file /home/airflow/.local/lib/python3.12/site-packages/airflow/example_dags/example_branch_day_of_week_operator.py for tasks to queue
[2024-08-29T00:34:44.516+0000] {logging_mixin.py:190} INFO - [2024-08-29T00:34:44.515+0000] {dagbag.py:587} INFO - Filling up the DagBag from /home/airflow/.local/lib/python3.12/site-packages/airflow/example_dags/example_branch_day_of_week_operator.py
[2024-08-29T00:34:44.532+0000] {processor.py:925} INFO - DAG(s) 'example_weekday_branch_operator' retrieved from /home/airflow/.local/lib/python3.12/site-packages/airflow/example_dags/example_branch_day_of_week_operator.py
[2024-08-29T00:34:44.558+0000] {logging_mixin.py:190} INFO - [2024-08-29T00:34:44.558+0000] {dag.py:3211} INFO - Sync 1 DAGs
[2024-08-29T00:34:44.589+0000] {logging_mixin.py:190} INFO - [2024-08-29T00:34:44.589+0000] {dag.py:4138} INFO - Setting next_dagrun for example_weekday_branch_operator to 2024-08-28 00:00:00+00:00, run_after=2024-08-29 00:00:00+00:00
[2024-08-29T00:34:44.623+0000] {processor.py:208} INFO - Processing /home/airflow/.local/lib/python3.12/site-packages/airflow/example_dags/example_branch_day_of_week_operator.py took 0.131 seconds
[2024-08-29T00:35:15.195+0000] {processor.py:186} INFO - Started process (PID=364) to work on /home/airflow/.local/lib/python3.12/site-packages/airflow/example_dags/example_branch_day_of_week_operator.py
[2024-08-29T00:35:15.197+0000] {processor.py:914} INFO - Processing file /home/airflow/.local/lib/python3.12/site-packages/airflow/example_dags/example_branch_day_of_week_operator.py for tasks to queue
[2024-08-29T00:35:15.200+0000] {logging_mixin.py:190} INFO - [2024-08-29T00:35:15.200+0000] {dagbag.py:587} INFO - Filling up the DagBag from /home/airflow/.local/lib/python3.12/site-packages/airflow/example_dags/example_branch_day_of_week_operator.py
[2024-08-29T00:35:15.212+0000] {processor.py:925} INFO - DAG(s) 'example_weekday_branch_operator' retrieved from /home/airflow/.local/lib/python3.12/site-packages/airflow/example_dags/example_branch_day_of_week_operator.py
[2024-08-29T00:35:15.241+0000] {logging_mixin.py:190} INFO - [2024-08-29T00:35:15.240+0000] {dag.py:3211} INFO - Sync 1 DAGs
[2024-08-29T00:35:15.274+0000] {logging_mixin.py:190} INFO - [2024-08-29T00:35:15.273+0000] {dag.py:4138} INFO - Setting next_dagrun for example_weekday_branch_operator to 2024-08-28 00:00:00+00:00, run_after=2024-08-29 00:00:00+00:00
[2024-08-29T00:35:15.314+0000] {processor.py:208} INFO - Processing /home/airflow/.local/lib/python3.12/site-packages/airflow/example_dags/example_branch_day_of_week_operator.py took 0.126 seconds
[2024-08-29T00:35:46.164+0000] {processor.py:186} INFO - Started process (PID=433) to work on /home/airflow/.local/lib/python3.12/site-packages/airflow/example_dags/example_branch_day_of_week_operator.py
[2024-08-29T00:35:46.166+0000] {processor.py:914} INFO - Processing file /home/airflow/.local/lib/python3.12/site-packages/airflow/example_dags/example_branch_day_of_week_operator.py for tasks to queue
[2024-08-29T00:35:46.172+0000] {logging_mixin.py:190} INFO - [2024-08-29T00:35:46.171+0000] {dagbag.py:587} INFO - Filling up the DagBag from /home/airflow/.local/lib/python3.12/site-packages/airflow/example_dags/example_branch_day_of_week_operator.py
[2024-08-29T00:35:46.185+0000] {processor.py:925} INFO - DAG(s) 'example_weekday_branch_operator' retrieved from /home/airflow/.local/lib/python3.12/site-packages/airflow/example_dags/example_branch_day_of_week_operator.py
[2024-08-29T00:35:46.210+0000] {logging_mixin.py:190} INFO - [2024-08-29T00:35:46.210+0000] {dag.py:3211} INFO - Sync 1 DAGs
[2024-08-29T00:35:46.242+0000] {logging_mixin.py:190} INFO - [2024-08-29T00:35:46.242+0000] {dag.py:4138} INFO - Setting next_dagrun for example_weekday_branch_operator to 2024-08-28 00:00:00+00:00, run_after=2024-08-29 00:00:00+00:00
[2024-08-29T00:35:46.268+0000] {processor.py:208} INFO - Processing /home/airflow/.local/lib/python3.12/site-packages/airflow/example_dags/example_branch_day_of_week_operator.py took 0.113 seconds
[2024-08-29T00:36:16.806+0000] {processor.py:186} INFO - Started process (PID=496) to work on /home/airflow/.local/lib/python3.12/site-packages/airflow/example_dags/example_branch_day_of_week_operator.py
[2024-08-29T00:36:16.839+0000] {processor.py:914} INFO - Processing file /home/airflow/.local/lib/python3.12/site-packages/airflow/example_dags/example_branch_day_of_week_operator.py for tasks to queue
[2024-08-29T00:36:16.845+0000] {logging_mixin.py:190} INFO - [2024-08-29T00:36:16.844+0000] {dagbag.py:587} INFO - Filling up the DagBag from /home/airflow/.local/lib/python3.12/site-packages/airflow/example_dags/example_branch_day_of_week_operator.py
[2024-08-29T00:36:16.868+0000] {processor.py:925} INFO - DAG(s) 'example_weekday_branch_operator' retrieved from /home/airflow/.local/lib/python3.12/site-packages/airflow/example_dags/example_branch_day_of_week_operator.py
[2024-08-29T00:36:16.963+0000] {logging_mixin.py:190} INFO - [2024-08-29T00:36:16.962+0000] {dag.py:3211} INFO - Sync 1 DAGs
[2024-08-29T00:36:17.022+0000] {logging_mixin.py:190} INFO - [2024-08-29T00:36:17.022+0000] {dag.py:4138} INFO - Setting next_dagrun for example_weekday_branch_operator to 2024-08-28 00:00:00+00:00, run_after=2024-08-29 00:00:00+00:00
[2024-08-29T00:36:17.056+0000] {processor.py:208} INFO - Processing /home/airflow/.local/lib/python3.12/site-packages/airflow/example_dags/example_branch_day_of_week_operator.py took 0.273 seconds
[2024-08-29T00:36:47.282+0000] {processor.py:186} INFO - Started process (PID=558) to work on /home/airflow/.local/lib/python3.12/site-packages/airflow/example_dags/example_branch_day_of_week_operator.py
[2024-08-29T00:36:47.284+0000] {processor.py:914} INFO - Processing file /home/airflow/.local/lib/python3.12/site-packages/airflow/example_dags/example_branch_day_of_week_operator.py for tasks to queue
[2024-08-29T00:36:47.288+0000] {logging_mixin.py:190} INFO - [2024-08-29T00:36:47.287+0000] {dagbag.py:587} INFO - Filling up the DagBag from /home/airflow/.local/lib/python3.12/site-packages/airflow/example_dags/example_branch_day_of_week_operator.py
[2024-08-29T00:36:47.306+0000] {processor.py:925} INFO - DAG(s) 'example_weekday_branch_operator' retrieved from /home/airflow/.local/lib/python3.12/site-packages/airflow/example_dags/example_branch_day_of_week_operator.py
[2024-08-29T00:36:47.336+0000] {logging_mixin.py:190} INFO - [2024-08-29T00:36:47.336+0000] {dag.py:3211} INFO - Sync 1 DAGs
[2024-08-29T00:36:47.370+0000] {logging_mixin.py:190} INFO - [2024-08-29T00:36:47.369+0000] {dag.py:4138} INFO - Setting next_dagrun for example_weekday_branch_operator to 2024-08-28 00:00:00+00:00, run_after=2024-08-29 00:00:00+00:00
[2024-08-29T00:36:47.392+0000] {processor.py:208} INFO - Processing /home/airflow/.local/lib/python3.12/site-packages/airflow/example_dags/example_branch_day_of_week_operator.py took 0.120 seconds
[2024-08-29T00:37:18.941+0000] {processor.py:186} INFO - Started process (PID=622) to work on /home/airflow/.local/lib/python3.12/site-packages/airflow/example_dags/example_branch_day_of_week_operator.py
[2024-08-29T00:37:18.945+0000] {processor.py:914} INFO - Processing file /home/airflow/.local/lib/python3.12/site-packages/airflow/example_dags/example_branch_day_of_week_operator.py for tasks to queue
[2024-08-29T00:37:18.954+0000] {logging_mixin.py:190} INFO - [2024-08-29T00:37:18.953+0000] {dagbag.py:587} INFO - Filling up the DagBag from /home/airflow/.local/lib/python3.12/site-packages/airflow/example_dags/example_branch_day_of_week_operator.py
[2024-08-29T00:37:18.975+0000] {processor.py:925} INFO - DAG(s) 'example_weekday_branch_operator' retrieved from /home/airflow/.local/lib/python3.12/site-packages/airflow/example_dags/example_branch_day_of_week_operator.py
[2024-08-29T00:37:19.013+0000] {logging_mixin.py:190} INFO - [2024-08-29T00:37:19.013+0000] {dag.py:3211} INFO - Sync 1 DAGs
[2024-08-29T00:37:19.072+0000] {logging_mixin.py:190} INFO - [2024-08-29T00:37:19.071+0000] {dag.py:4138} INFO - Setting next_dagrun for example_weekday_branch_operator to 2024-08-28 00:00:00+00:00, run_after=2024-08-29 00:00:00+00:00
[2024-08-29T00:37:19.118+0000] {processor.py:208} INFO - Processing /home/airflow/.local/lib/python3.12/site-packages/airflow/example_dags/example_branch_day_of_week_operator.py took 0.209 seconds
[2024-08-29T00:37:49.297+0000] {processor.py:186} INFO - Started process (PID=685) to work on /home/airflow/.local/lib/python3.12/site-packages/airflow/example_dags/example_branch_day_of_week_operator.py
[2024-08-29T00:37:49.299+0000] {processor.py:914} INFO - Processing file /home/airflow/.local/lib/python3.12/site-packages/airflow/example_dags/example_branch_day_of_week_operator.py for tasks to queue
[2024-08-29T00:37:49.304+0000] {logging_mixin.py:190} INFO - [2024-08-29T00:37:49.303+0000] {dagbag.py:587} INFO - Filling up the DagBag from /home/airflow/.local/lib/python3.12/site-packages/airflow/example_dags/example_branch_day_of_week_operator.py
[2024-08-29T00:37:49.320+0000] {processor.py:925} INFO - DAG(s) 'example_weekday_branch_operator' retrieved from /home/airflow/.local/lib/python3.12/site-packages/airflow/example_dags/example_branch_day_of_week_operator.py
[2024-08-29T00:37:49.347+0000] {logging_mixin.py:190} INFO - [2024-08-29T00:37:49.346+0000] {dag.py:3211} INFO - Sync 1 DAGs
[2024-08-29T00:37:49.388+0000] {logging_mixin.py:190} INFO - [2024-08-29T00:37:49.388+0000] {dag.py:4138} INFO - Setting next_dagrun for example_weekday_branch_operator to 2024-08-28 00:00:00+00:00, run_after=2024-08-29 00:00:00+00:00
[2024-08-29T00:37:49.419+0000] {processor.py:208} INFO - Processing /home/airflow/.local/lib/python3.12/site-packages/airflow/example_dags/example_branch_day_of_week_operator.py took 0.131 seconds
[2024-08-29T00:38:20.267+0000] {processor.py:186} INFO - Started process (PID=748) to work on /home/airflow/.local/lib/python3.12/site-packages/airflow/example_dags/example_branch_day_of_week_operator.py
[2024-08-29T00:38:20.271+0000] {processor.py:914} INFO - Processing file /home/airflow/.local/lib/python3.12/site-packages/airflow/example_dags/example_branch_day_of_week_operator.py for tasks to queue
[2024-08-29T00:38:20.275+0000] {logging_mixin.py:190} INFO - [2024-08-29T00:38:20.275+0000] {dagbag.py:587} INFO - Filling up the DagBag from /home/airflow/.local/lib/python3.12/site-packages/airflow/example_dags/example_branch_day_of_week_operator.py
[2024-08-29T00:38:20.295+0000] {processor.py:925} INFO - DAG(s) 'example_weekday_branch_operator' retrieved from /home/airflow/.local/lib/python3.12/site-packages/airflow/example_dags/example_branch_day_of_week_operator.py
[2024-08-29T00:38:20.338+0000] {logging_mixin.py:190} INFO - [2024-08-29T00:38:20.334+0000] {dag.py:3211} INFO - Sync 1 DAGs
[2024-08-29T00:38:20.382+0000] {logging_mixin.py:190} INFO - [2024-08-29T00:38:20.382+0000] {dag.py:4138} INFO - Setting next_dagrun for example_weekday_branch_operator to 2024-08-28 00:00:00+00:00, run_after=2024-08-29 00:00:00+00:00
[2024-08-29T00:38:20.417+0000] {processor.py:208} INFO - Processing /home/airflow/.local/lib/python3.12/site-packages/airflow/example_dags/example_branch_day_of_week_operator.py took 0.159 seconds
[2024-08-29T00:38:51.008+0000] {processor.py:186} INFO - Started process (PID=811) to work on /home/airflow/.local/lib/python3.12/site-packages/airflow/example_dags/example_branch_day_of_week_operator.py
[2024-08-29T00:38:51.009+0000] {processor.py:914} INFO - Processing file /home/airflow/.local/lib/python3.12/site-packages/airflow/example_dags/example_branch_day_of_week_operator.py for tasks to queue
[2024-08-29T00:38:51.013+0000] {logging_mixin.py:190} INFO - [2024-08-29T00:38:51.012+0000] {dagbag.py:587} INFO - Filling up the DagBag from /home/airflow/.local/lib/python3.12/site-packages/airflow/example_dags/example_branch_day_of_week_operator.py
[2024-08-29T00:38:51.031+0000] {processor.py:925} INFO - DAG(s) 'example_weekday_branch_operator' retrieved from /home/airflow/.local/lib/python3.12/site-packages/airflow/example_dags/example_branch_day_of_week_operator.py
[2024-08-29T00:38:51.067+0000] {logging_mixin.py:190} INFO - [2024-08-29T00:38:51.066+0000] {dag.py:3211} INFO - Sync 1 DAGs
[2024-08-29T00:38:51.104+0000] {logging_mixin.py:190} INFO - [2024-08-29T00:38:51.104+0000] {dag.py:4138} INFO - Setting next_dagrun for example_weekday_branch_operator to 2024-08-28 00:00:00+00:00, run_after=2024-08-29 00:00:00+00:00
[2024-08-29T00:38:51.146+0000] {processor.py:208} INFO - Processing /home/airflow/.local/lib/python3.12/site-packages/airflow/example_dags/example_branch_day_of_week_operator.py took 0.148 seconds
[2024-08-29T00:39:21.472+0000] {processor.py:186} INFO - Started process (PID=874) to work on /home/airflow/.local/lib/python3.12/site-packages/airflow/example_dags/example_branch_day_of_week_operator.py
[2024-08-29T00:39:21.473+0000] {processor.py:914} INFO - Processing file /home/airflow/.local/lib/python3.12/site-packages/airflow/example_dags/example_branch_day_of_week_operator.py for tasks to queue
[2024-08-29T00:39:21.476+0000] {logging_mixin.py:190} INFO - [2024-08-29T00:39:21.476+0000] {dagbag.py:587} INFO - Filling up the DagBag from /home/airflow/.local/lib/python3.12/site-packages/airflow/example_dags/example_branch_day_of_week_operator.py
[2024-08-29T00:39:21.489+0000] {processor.py:925} INFO - DAG(s) 'example_weekday_branch_operator' retrieved from /home/airflow/.local/lib/python3.12/site-packages/airflow/example_dags/example_branch_day_of_week_operator.py
[2024-08-29T00:39:21.515+0000] {logging_mixin.py:190} INFO - [2024-08-29T00:39:21.514+0000] {dag.py:3211} INFO - Sync 1 DAGs
[2024-08-29T00:39:21.547+0000] {logging_mixin.py:190} INFO - [2024-08-29T00:39:21.547+0000] {dag.py:4138} INFO - Setting next_dagrun for example_weekday_branch_operator to 2024-08-28 00:00:00+00:00, run_after=2024-08-29 00:00:00+00:00
[2024-08-29T00:39:21.593+0000] {processor.py:208} INFO - Processing /home/airflow/.local/lib/python3.12/site-packages/airflow/example_dags/example_branch_day_of_week_operator.py took 0.128 seconds
[2024-08-29T00:39:52.545+0000] {processor.py:186} INFO - Started process (PID=938) to work on /home/airflow/.local/lib/python3.12/site-packages/airflow/example_dags/example_branch_day_of_week_operator.py
[2024-08-29T00:39:52.546+0000] {processor.py:914} INFO - Processing file /home/airflow/.local/lib/python3.12/site-packages/airflow/example_dags/example_branch_day_of_week_operator.py for tasks to queue
[2024-08-29T00:39:52.549+0000] {logging_mixin.py:190} INFO - [2024-08-29T00:39:52.549+0000] {dagbag.py:587} INFO - Filling up the DagBag from /home/airflow/.local/lib/python3.12/site-packages/airflow/example_dags/example_branch_day_of_week_operator.py
[2024-08-29T00:39:52.562+0000] {processor.py:925} INFO - DAG(s) 'example_weekday_branch_operator' retrieved from /home/airflow/.local/lib/python3.12/site-packages/airflow/example_dags/example_branch_day_of_week_operator.py
[2024-08-29T00:39:52.597+0000] {logging_mixin.py:190} INFO - [2024-08-29T00:39:52.597+0000] {dag.py:3211} INFO - Sync 1 DAGs
[2024-08-29T00:39:52.642+0000] {logging_mixin.py:190} INFO - [2024-08-29T00:39:52.642+0000] {dag.py:4138} INFO - Setting next_dagrun for example_weekday_branch_operator to 2024-08-28 00:00:00+00:00, run_after=2024-08-29 00:00:00+00:00
[2024-08-29T00:39:52.691+0000] {processor.py:208} INFO - Processing /home/airflow/.local/lib/python3.12/site-packages/airflow/example_dags/example_branch_day_of_week_operator.py took 0.156 seconds
[2024-08-29T00:40:23.640+0000] {processor.py:186} INFO - Started process (PID=1001) to work on /home/airflow/.local/lib/python3.12/site-packages/airflow/example_dags/example_branch_day_of_week_operator.py
[2024-08-29T00:40:23.642+0000] {processor.py:914} INFO - Processing file /home/airflow/.local/lib/python3.12/site-packages/airflow/example_dags/example_branch_day_of_week_operator.py for tasks to queue
[2024-08-29T00:40:23.645+0000] {logging_mixin.py:190} INFO - [2024-08-29T00:40:23.644+0000] {dagbag.py:587} INFO - Filling up the DagBag from /home/airflow/.local/lib/python3.12/site-packages/airflow/example_dags/example_branch_day_of_week_operator.py
[2024-08-29T00:40:23.661+0000] {processor.py:925} INFO - DAG(s) 'example_weekday_branch_operator' retrieved from /home/airflow/.local/lib/python3.12/site-packages/airflow/example_dags/example_branch_day_of_week_operator.py
[2024-08-29T00:40:23.697+0000] {logging_mixin.py:190} INFO - [2024-08-29T00:40:23.697+0000] {dag.py:3211} INFO - Sync 1 DAGs
[2024-08-29T00:40:23.745+0000] {logging_mixin.py:190} INFO - [2024-08-29T00:40:23.745+0000] {dag.py:4138} INFO - Setting next_dagrun for example_weekday_branch_operator to 2024-08-28 00:00:00+00:00, run_after=2024-08-29 00:00:00+00:00
[2024-08-29T00:40:23.779+0000] {processor.py:208} INFO - Processing /home/airflow/.local/lib/python3.12/site-packages/airflow/example_dags/example_branch_day_of_week_operator.py took 0.150 seconds
[2024-08-29T00:40:56.950+0000] {processor.py:186} INFO - Started process (PID=1065) to work on /home/airflow/.local/lib/python3.12/site-packages/airflow/example_dags/example_branch_day_of_week_operator.py
[2024-08-29T00:40:56.963+0000] {processor.py:914} INFO - Processing file /home/airflow/.local/lib/python3.12/site-packages/airflow/example_dags/example_branch_day_of_week_operator.py for tasks to queue
[2024-08-29T00:40:56.981+0000] {logging_mixin.py:190} INFO - [2024-08-29T00:40:56.980+0000] {dagbag.py:587} INFO - Filling up the DagBag from /home/airflow/.local/lib/python3.12/site-packages/airflow/example_dags/example_branch_day_of_week_operator.py
[2024-08-29T00:40:57.069+0000] {processor.py:925} INFO - DAG(s) 'example_weekday_branch_operator' retrieved from /home/airflow/.local/lib/python3.12/site-packages/airflow/example_dags/example_branch_day_of_week_operator.py
[2024-08-29T00:40:57.260+0000] {logging_mixin.py:190} INFO - [2024-08-29T00:40:57.258+0000] {dag.py:3211} INFO - Sync 1 DAGs
[2024-08-29T00:40:57.470+0000] {logging_mixin.py:190} INFO - [2024-08-29T00:40:57.470+0000] {dag.py:4138} INFO - Setting next_dagrun for example_weekday_branch_operator to 2024-08-28 00:00:00+00:00, run_after=2024-08-29 00:00:00+00:00
[2024-08-29T00:40:57.612+0000] {processor.py:208} INFO - Processing /home/airflow/.local/lib/python3.12/site-packages/airflow/example_dags/example_branch_day_of_week_operator.py took 0.719 seconds
[2024-08-29T00:41:28.331+0000] {processor.py:186} INFO - Started process (PID=1128) to work on /home/airflow/.local/lib/python3.12/site-packages/airflow/example_dags/example_branch_day_of_week_operator.py
[2024-08-29T00:41:28.333+0000] {processor.py:914} INFO - Processing file /home/airflow/.local/lib/python3.12/site-packages/airflow/example_dags/example_branch_day_of_week_operator.py for tasks to queue
[2024-08-29T00:41:28.337+0000] {logging_mixin.py:190} INFO - [2024-08-29T00:41:28.336+0000] {dagbag.py:587} INFO - Filling up the DagBag from /home/airflow/.local/lib/python3.12/site-packages/airflow/example_dags/example_branch_day_of_week_operator.py
[2024-08-29T00:41:28.353+0000] {processor.py:925} INFO - DAG(s) 'example_weekday_branch_operator' retrieved from /home/airflow/.local/lib/python3.12/site-packages/airflow/example_dags/example_branch_day_of_week_operator.py
[2024-08-29T00:41:28.388+0000] {logging_mixin.py:190} INFO - [2024-08-29T00:41:28.388+0000] {dag.py:3211} INFO - Sync 1 DAGs
[2024-08-29T00:41:28.426+0000] {logging_mixin.py:190} INFO - [2024-08-29T00:41:28.425+0000] {dag.py:4138} INFO - Setting next_dagrun for example_weekday_branch_operator to 2024-08-28 00:00:00+00:00, run_after=2024-08-29 00:00:00+00:00
[2024-08-29T00:41:28.456+0000] {processor.py:208} INFO - Processing /home/airflow/.local/lib/python3.12/site-packages/airflow/example_dags/example_branch_day_of_week_operator.py took 0.136 seconds
[2024-08-29T00:41:58.975+0000] {processor.py:186} INFO - Started process (PID=1192) to work on /home/airflow/.local/lib/python3.12/site-packages/airflow/example_dags/example_branch_day_of_week_operator.py
[2024-08-29T00:41:58.976+0000] {processor.py:914} INFO - Processing file /home/airflow/.local/lib/python3.12/site-packages/airflow/example_dags/example_branch_day_of_week_operator.py for tasks to queue
[2024-08-29T00:41:58.983+0000] {logging_mixin.py:190} INFO - [2024-08-29T00:41:58.982+0000] {dagbag.py:587} INFO - Filling up the DagBag from /home/airflow/.local/lib/python3.12/site-packages/airflow/example_dags/example_branch_day_of_week_operator.py
[2024-08-29T00:41:59.012+0000] {processor.py:925} INFO - DAG(s) 'example_weekday_branch_operator' retrieved from /home/airflow/.local/lib/python3.12/site-packages/airflow/example_dags/example_branch_day_of_week_operator.py
[2024-08-29T00:41:59.093+0000] {logging_mixin.py:190} INFO - [2024-08-29T00:41:59.093+0000] {dag.py:3211} INFO - Sync 1 DAGs
[2024-08-29T00:41:59.142+0000] {logging_mixin.py:190} INFO - [2024-08-29T00:41:59.142+0000] {dag.py:4138} INFO - Setting next_dagrun for example_weekday_branch_operator to 2024-08-28 00:00:00+00:00, run_after=2024-08-29 00:00:00+00:00
[2024-08-29T00:41:59.192+0000] {processor.py:208} INFO - Processing /home/airflow/.local/lib/python3.12/site-packages/airflow/example_dags/example_branch_day_of_week_operator.py took 0.228 seconds
[2024-08-29T00:42:29.510+0000] {processor.py:186} INFO - Started process (PID=1255) to work on /home/airflow/.local/lib/python3.12/site-packages/airflow/example_dags/example_branch_day_of_week_operator.py
[2024-08-29T00:42:29.511+0000] {processor.py:914} INFO - Processing file /home/airflow/.local/lib/python3.12/site-packages/airflow/example_dags/example_branch_day_of_week_operator.py for tasks to queue
[2024-08-29T00:42:29.514+0000] {logging_mixin.py:190} INFO - [2024-08-29T00:42:29.514+0000] {dagbag.py:587} INFO - Filling up the DagBag from /home/airflow/.local/lib/python3.12/site-packages/airflow/example_dags/example_branch_day_of_week_operator.py
[2024-08-29T00:42:29.531+0000] {processor.py:925} INFO - DAG(s) 'example_weekday_branch_operator' retrieved from /home/airflow/.local/lib/python3.12/site-packages/airflow/example_dags/example_branch_day_of_week_operator.py
[2024-08-29T00:42:29.565+0000] {logging_mixin.py:190} INFO - [2024-08-29T00:42:29.564+0000] {dag.py:3211} INFO - Sync 1 DAGs
[2024-08-29T00:42:29.605+0000] {logging_mixin.py:190} INFO - [2024-08-29T00:42:29.604+0000] {dag.py:4138} INFO - Setting next_dagrun for example_weekday_branch_operator to 2024-08-28 00:00:00+00:00, run_after=2024-08-29 00:00:00+00:00
[2024-08-29T00:42:29.643+0000] {processor.py:208} INFO - Processing /home/airflow/.local/lib/python3.12/site-packages/airflow/example_dags/example_branch_day_of_week_operator.py took 0.143 seconds
[2024-08-29T00:43:00.173+0000] {processor.py:186} INFO - Started process (PID=1318) to work on /home/airflow/.local/lib/python3.12/site-packages/airflow/example_dags/example_branch_day_of_week_operator.py
[2024-08-29T00:43:00.174+0000] {processor.py:914} INFO - Processing file /home/airflow/.local/lib/python3.12/site-packages/airflow/example_dags/example_branch_day_of_week_operator.py for tasks to queue
[2024-08-29T00:43:00.178+0000] {logging_mixin.py:190} INFO - [2024-08-29T00:43:00.178+0000] {dagbag.py:587} INFO - Filling up the DagBag from /home/airflow/.local/lib/python3.12/site-packages/airflow/example_dags/example_branch_day_of_week_operator.py
[2024-08-29T00:43:00.193+0000] {processor.py:925} INFO - DAG(s) 'example_weekday_branch_operator' retrieved from /home/airflow/.local/lib/python3.12/site-packages/airflow/example_dags/example_branch_day_of_week_operator.py
[2024-08-29T00:43:00.228+0000] {logging_mixin.py:190} INFO - [2024-08-29T00:43:00.228+0000] {dag.py:3211} INFO - Sync 1 DAGs
[2024-08-29T00:43:00.263+0000] {logging_mixin.py:190} INFO - [2024-08-29T00:43:00.263+0000] {dag.py:4138} INFO - Setting next_dagrun for example_weekday_branch_operator to 2024-08-28 00:00:00+00:00, run_after=2024-08-29 00:00:00+00:00
[2024-08-29T00:43:00.300+0000] {processor.py:208} INFO - Processing /home/airflow/.local/lib/python3.12/site-packages/airflow/example_dags/example_branch_day_of_week_operator.py took 0.137 seconds
[2024-08-29T00:43:30.858+0000] {processor.py:186} INFO - Started process (PID=1380) to work on /home/airflow/.local/lib/python3.12/site-packages/airflow/example_dags/example_branch_day_of_week_operator.py
[2024-08-29T00:43:30.859+0000] {processor.py:914} INFO - Processing file /home/airflow/.local/lib/python3.12/site-packages/airflow/example_dags/example_branch_day_of_week_operator.py for tasks to queue
[2024-08-29T00:43:30.862+0000] {logging_mixin.py:190} INFO - [2024-08-29T00:43:30.862+0000] {dagbag.py:587} INFO - Filling up the DagBag from /home/airflow/.local/lib/python3.12/site-packages/airflow/example_dags/example_branch_day_of_week_operator.py
[2024-08-29T00:43:30.875+0000] {processor.py:925} INFO - DAG(s) 'example_weekday_branch_operator' retrieved from /home/airflow/.local/lib/python3.12/site-packages/airflow/example_dags/example_branch_day_of_week_operator.py
[2024-08-29T00:43:30.921+0000] {logging_mixin.py:190} INFO - [2024-08-29T00:43:30.920+0000] {dag.py:3211} INFO - Sync 1 DAGs
[2024-08-29T00:43:30.963+0000] {logging_mixin.py:190} INFO - [2024-08-29T00:43:30.962+0000] {dag.py:4138} INFO - Setting next_dagrun for example_weekday_branch_operator to 2024-08-28 00:00:00+00:00, run_after=2024-08-29 00:00:00+00:00
[2024-08-29T00:43:30.992+0000] {processor.py:208} INFO - Processing /home/airflow/.local/lib/python3.12/site-packages/airflow/example_dags/example_branch_day_of_week_operator.py took 0.144 seconds
[2024-08-29T00:44:01.456+0000] {processor.py:186} INFO - Started process (PID=1443) to work on /home/airflow/.local/lib/python3.12/site-packages/airflow/example_dags/example_branch_day_of_week_operator.py
[2024-08-29T00:44:01.457+0000] {processor.py:914} INFO - Processing file /home/airflow/.local/lib/python3.12/site-packages/airflow/example_dags/example_branch_day_of_week_operator.py for tasks to queue
[2024-08-29T00:44:01.462+0000] {logging_mixin.py:190} INFO - [2024-08-29T00:44:01.461+0000] {dagbag.py:587} INFO - Filling up the DagBag from /home/airflow/.local/lib/python3.12/site-packages/airflow/example_dags/example_branch_day_of_week_operator.py
[2024-08-29T00:44:01.477+0000] {processor.py:925} INFO - DAG(s) 'example_weekday_branch_operator' retrieved from /home/airflow/.local/lib/python3.12/site-packages/airflow/example_dags/example_branch_day_of_week_operator.py
[2024-08-29T00:44:01.511+0000] {logging_mixin.py:190} INFO - [2024-08-29T00:44:01.511+0000] {dag.py:3211} INFO - Sync 1 DAGs
[2024-08-29T00:44:01.551+0000] {logging_mixin.py:190} INFO - [2024-08-29T00:44:01.551+0000] {dag.py:4138} INFO - Setting next_dagrun for example_weekday_branch_operator to 2024-08-28 00:00:00+00:00, run_after=2024-08-29 00:00:00+00:00
[2024-08-29T00:44:01.582+0000] {processor.py:208} INFO - Processing /home/airflow/.local/lib/python3.12/site-packages/airflow/example_dags/example_branch_day_of_week_operator.py took 0.137 seconds
[2024-08-29T00:44:32.154+0000] {processor.py:186} INFO - Started process (PID=1506) to work on /home/airflow/.local/lib/python3.12/site-packages/airflow/example_dags/example_branch_day_of_week_operator.py
[2024-08-29T00:44:32.156+0000] {processor.py:914} INFO - Processing file /home/airflow/.local/lib/python3.12/site-packages/airflow/example_dags/example_branch_day_of_week_operator.py for tasks to queue
[2024-08-29T00:44:32.160+0000] {logging_mixin.py:190} INFO - [2024-08-29T00:44:32.159+0000] {dagbag.py:587} INFO - Filling up the DagBag from /home/airflow/.local/lib/python3.12/site-packages/airflow/example_dags/example_branch_day_of_week_operator.py
[2024-08-29T00:44:32.177+0000] {processor.py:925} INFO - DAG(s) 'example_weekday_branch_operator' retrieved from /home/airflow/.local/lib/python3.12/site-packages/airflow/example_dags/example_branch_day_of_week_operator.py
[2024-08-29T00:44:32.217+0000] {logging_mixin.py:190} INFO - [2024-08-29T00:44:32.217+0000] {dag.py:3211} INFO - Sync 1 DAGs
[2024-08-29T00:44:32.263+0000] {logging_mixin.py:190} INFO - [2024-08-29T00:44:32.263+0000] {dag.py:4138} INFO - Setting next_dagrun for example_weekday_branch_operator to 2024-08-28 00:00:00+00:00, run_after=2024-08-29 00:00:00+00:00
[2024-08-29T00:44:32.304+0000] {processor.py:208} INFO - Processing /home/airflow/.local/lib/python3.12/site-packages/airflow/example_dags/example_branch_day_of_week_operator.py took 0.162 seconds
[2024-08-29T00:45:02.434+0000] {processor.py:186} INFO - Started process (PID=1569) to work on /home/airflow/.local/lib/python3.12/site-packages/airflow/example_dags/example_branch_day_of_week_operator.py
[2024-08-29T00:45:02.441+0000] {processor.py:914} INFO - Processing file /home/airflow/.local/lib/python3.12/site-packages/airflow/example_dags/example_branch_day_of_week_operator.py for tasks to queue
[2024-08-29T00:45:02.462+0000] {logging_mixin.py:190} INFO - [2024-08-29T00:45:02.460+0000] {dagbag.py:587} INFO - Filling up the DagBag from /home/airflow/.local/lib/python3.12/site-packages/airflow/example_dags/example_branch_day_of_week_operator.py
[2024-08-29T00:45:02.518+0000] {processor.py:925} INFO - DAG(s) 'example_weekday_branch_operator' retrieved from /home/airflow/.local/lib/python3.12/site-packages/airflow/example_dags/example_branch_day_of_week_operator.py
[2024-08-29T00:45:02.636+0000] {logging_mixin.py:190} INFO - [2024-08-29T00:45:02.636+0000] {dag.py:3211} INFO - Sync 1 DAGs
[2024-08-29T00:45:02.750+0000] {logging_mixin.py:190} INFO - [2024-08-29T00:45:02.749+0000] {dag.py:4138} INFO - Setting next_dagrun for example_weekday_branch_operator to 2024-08-28 00:00:00+00:00, run_after=2024-08-29 00:00:00+00:00
[2024-08-29T00:45:02.792+0000] {processor.py:208} INFO - Processing /home/airflow/.local/lib/python3.12/site-packages/airflow/example_dags/example_branch_day_of_week_operator.py took 0.400 seconds
[2024-08-29T00:45:33.428+0000] {processor.py:186} INFO - Started process (PID=1633) to work on /home/airflow/.local/lib/python3.12/site-packages/airflow/example_dags/example_branch_day_of_week_operator.py
[2024-08-29T00:45:33.429+0000] {processor.py:914} INFO - Processing file /home/airflow/.local/lib/python3.12/site-packages/airflow/example_dags/example_branch_day_of_week_operator.py for tasks to queue
[2024-08-29T00:45:33.434+0000] {logging_mixin.py:190} INFO - [2024-08-29T00:45:33.433+0000] {dagbag.py:587} INFO - Filling up the DagBag from /home/airflow/.local/lib/python3.12/site-packages/airflow/example_dags/example_branch_day_of_week_operator.py
[2024-08-29T00:45:33.454+0000] {processor.py:925} INFO - DAG(s) 'example_weekday_branch_operator' retrieved from /home/airflow/.local/lib/python3.12/site-packages/airflow/example_dags/example_branch_day_of_week_operator.py
[2024-08-29T00:45:33.492+0000] {logging_mixin.py:190} INFO - [2024-08-29T00:45:33.492+0000] {dag.py:3211} INFO - Sync 1 DAGs
[2024-08-29T00:45:33.535+0000] {logging_mixin.py:190} INFO - [2024-08-29T00:45:33.534+0000] {dag.py:4138} INFO - Setting next_dagrun for example_weekday_branch_operator to 2024-08-28 00:00:00+00:00, run_after=2024-08-29 00:00:00+00:00
[2024-08-29T00:45:33.573+0000] {processor.py:208} INFO - Processing /home/airflow/.local/lib/python3.12/site-packages/airflow/example_dags/example_branch_day_of_week_operator.py took 0.154 seconds
[2024-08-29T00:46:04.299+0000] {processor.py:186} INFO - Started process (PID=1696) to work on /home/airflow/.local/lib/python3.12/site-packages/airflow/example_dags/example_branch_day_of_week_operator.py
[2024-08-29T00:46:04.300+0000] {processor.py:914} INFO - Processing file /home/airflow/.local/lib/python3.12/site-packages/airflow/example_dags/example_branch_day_of_week_operator.py for tasks to queue
[2024-08-29T00:46:04.306+0000] {logging_mixin.py:190} INFO - [2024-08-29T00:46:04.305+0000] {dagbag.py:587} INFO - Filling up the DagBag from /home/airflow/.local/lib/python3.12/site-packages/airflow/example_dags/example_branch_day_of_week_operator.py
[2024-08-29T00:46:04.325+0000] {processor.py:925} INFO - DAG(s) 'example_weekday_branch_operator' retrieved from /home/airflow/.local/lib/python3.12/site-packages/airflow/example_dags/example_branch_day_of_week_operator.py
[2024-08-29T00:46:04.377+0000] {logging_mixin.py:190} INFO - [2024-08-29T00:46:04.377+0000] {dag.py:3211} INFO - Sync 1 DAGs
[2024-08-29T00:46:04.422+0000] {logging_mixin.py:190} INFO - [2024-08-29T00:46:04.421+0000] {dag.py:4138} INFO - Setting next_dagrun for example_weekday_branch_operator to 2024-08-28 00:00:00+00:00, run_after=2024-08-29 00:00:00+00:00
[2024-08-29T00:46:04.475+0000] {processor.py:208} INFO - Processing /home/airflow/.local/lib/python3.12/site-packages/airflow/example_dags/example_branch_day_of_week_operator.py took 0.193 seconds
[2024-08-29T00:46:34.853+0000] {processor.py:186} INFO - Started process (PID=1759) to work on /home/airflow/.local/lib/python3.12/site-packages/airflow/example_dags/example_branch_day_of_week_operator.py
[2024-08-29T00:46:34.856+0000] {processor.py:914} INFO - Processing file /home/airflow/.local/lib/python3.12/site-packages/airflow/example_dags/example_branch_day_of_week_operator.py for tasks to queue
[2024-08-29T00:46:34.861+0000] {logging_mixin.py:190} INFO - [2024-08-29T00:46:34.860+0000] {dagbag.py:587} INFO - Filling up the DagBag from /home/airflow/.local/lib/python3.12/site-packages/airflow/example_dags/example_branch_day_of_week_operator.py
[2024-08-29T00:46:34.892+0000] {processor.py:925} INFO - DAG(s) 'example_weekday_branch_operator' retrieved from /home/airflow/.local/lib/python3.12/site-packages/airflow/example_dags/example_branch_day_of_week_operator.py
[2024-08-29T00:46:35.076+0000] {logging_mixin.py:190} INFO - [2024-08-29T00:46:35.076+0000] {dag.py:3211} INFO - Sync 1 DAGs
[2024-08-29T00:46:35.222+0000] {logging_mixin.py:190} INFO - [2024-08-29T00:46:35.222+0000] {dag.py:4138} INFO - Setting next_dagrun for example_weekday_branch_operator to 2024-08-28 00:00:00+00:00, run_after=2024-08-29 00:00:00+00:00
[2024-08-29T00:46:35.364+0000] {processor.py:208} INFO - Processing /home/airflow/.local/lib/python3.12/site-packages/airflow/example_dags/example_branch_day_of_week_operator.py took 0.517 seconds
