[2024-08-29T00:01:28.794+0000] {processor.py:186} INFO - Started process (PID=116) to work on /home/airflow/.local/lib/python3.12/site-packages/airflow/example_dags/example_latest_only_with_trigger.py
[2024-08-29T00:01:28.796+0000] {processor.py:914} INFO - Processing file /home/airflow/.local/lib/python3.12/site-packages/airflow/example_dags/example_latest_only_with_trigger.py for tasks to queue
[2024-08-29T00:01:28.801+0000] {logging_mixin.py:190} INFO - [2024-08-29T00:01:28.801+0000] {dagbag.py:587} INFO - Filling up the DagBag from /home/airflow/.local/lib/python3.12/site-packages/airflow/example_dags/example_latest_only_with_trigger.py
[2024-08-29T00:01:28.817+0000] {processor.py:925} INFO - DAG(s) 'latest_only_with_trigger' retrieved from /home/airflow/.local/lib/python3.12/site-packages/airflow/example_dags/example_latest_only_with_trigger.py
[2024-08-29T00:01:29.576+0000] {logging_mixin.py:190} INFO - [2024-08-29T00:01:29.576+0000] {dag.py:3211} INFO - Sync 1 DAGs
[2024-08-29T00:01:29.653+0000] {logging_mixin.py:190} INFO - [2024-08-29T00:01:29.653+0000] {dag.py:4138} INFO - Setting next_dagrun for latest_only_with_trigger to 2024-08-28 20:00:00+00:00, run_after=2024-08-29 00:00:00+00:00
[2024-08-29T00:01:29.764+0000] {processor.py:208} INFO - Processing /home/airflow/.local/lib/python3.12/site-packages/airflow/example_dags/example_latest_only_with_trigger.py took 0.987 seconds
[2024-08-29T00:02:00.054+0000] {processor.py:186} INFO - Started process (PID=179) to work on /home/airflow/.local/lib/python3.12/site-packages/airflow/example_dags/example_latest_only_with_trigger.py
[2024-08-29T00:02:00.056+0000] {processor.py:914} INFO - Processing file /home/airflow/.local/lib/python3.12/site-packages/airflow/example_dags/example_latest_only_with_trigger.py for tasks to queue
[2024-08-29T00:02:00.060+0000] {logging_mixin.py:190} INFO - [2024-08-29T00:02:00.059+0000] {dagbag.py:587} INFO - Filling up the DagBag from /home/airflow/.local/lib/python3.12/site-packages/airflow/example_dags/example_latest_only_with_trigger.py
[2024-08-29T00:02:00.076+0000] {processor.py:925} INFO - DAG(s) 'latest_only_with_trigger' retrieved from /home/airflow/.local/lib/python3.12/site-packages/airflow/example_dags/example_latest_only_with_trigger.py
[2024-08-29T00:02:00.122+0000] {logging_mixin.py:190} INFO - [2024-08-29T00:02:00.122+0000] {dag.py:3211} INFO - Sync 1 DAGs
[2024-08-29T00:02:00.162+0000] {logging_mixin.py:190} INFO - [2024-08-29T00:02:00.162+0000] {dag.py:4138} INFO - Setting next_dagrun for latest_only_with_trigger to 2024-08-28 20:00:00+00:00, run_after=2024-08-29 00:00:00+00:00
[2024-08-29T00:02:00.195+0000] {processor.py:208} INFO - Processing /home/airflow/.local/lib/python3.12/site-packages/airflow/example_dags/example_latest_only_with_trigger.py took 0.156 seconds
[2024-08-29T00:02:30.390+0000] {processor.py:186} INFO - Started process (PID=241) to work on /home/airflow/.local/lib/python3.12/site-packages/airflow/example_dags/example_latest_only_with_trigger.py
[2024-08-29T00:02:30.391+0000] {processor.py:914} INFO - Processing file /home/airflow/.local/lib/python3.12/site-packages/airflow/example_dags/example_latest_only_with_trigger.py for tasks to queue
[2024-08-29T00:02:30.394+0000] {logging_mixin.py:190} INFO - [2024-08-29T00:02:30.394+0000] {dagbag.py:587} INFO - Filling up the DagBag from /home/airflow/.local/lib/python3.12/site-packages/airflow/example_dags/example_latest_only_with_trigger.py
[2024-08-29T00:02:30.403+0000] {processor.py:925} INFO - DAG(s) 'latest_only_with_trigger' retrieved from /home/airflow/.local/lib/python3.12/site-packages/airflow/example_dags/example_latest_only_with_trigger.py
[2024-08-29T00:02:30.428+0000] {logging_mixin.py:190} INFO - [2024-08-29T00:02:30.428+0000] {dag.py:3211} INFO - Sync 1 DAGs
[2024-08-29T00:02:30.457+0000] {logging_mixin.py:190} INFO - [2024-08-29T00:02:30.457+0000] {dag.py:4138} INFO - Setting next_dagrun for latest_only_with_trigger to 2024-08-28 20:00:00+00:00, run_after=2024-08-29 00:00:00+00:00
[2024-08-29T00:02:30.705+0000] {processor.py:208} INFO - Processing /home/airflow/.local/lib/python3.12/site-packages/airflow/example_dags/example_latest_only_with_trigger.py took 0.323 seconds
[2024-08-29T00:03:02.180+0000] {processor.py:186} INFO - Started process (PID=304) to work on /home/airflow/.local/lib/python3.12/site-packages/airflow/example_dags/example_latest_only_with_trigger.py
[2024-08-29T00:03:02.183+0000] {processor.py:914} INFO - Processing file /home/airflow/.local/lib/python3.12/site-packages/airflow/example_dags/example_latest_only_with_trigger.py for tasks to queue
[2024-08-29T00:03:02.188+0000] {logging_mixin.py:190} INFO - [2024-08-29T00:03:02.187+0000] {dagbag.py:587} INFO - Filling up the DagBag from /home/airflow/.local/lib/python3.12/site-packages/airflow/example_dags/example_latest_only_with_trigger.py
[2024-08-29T00:03:02.206+0000] {processor.py:925} INFO - DAG(s) 'latest_only_with_trigger' retrieved from /home/airflow/.local/lib/python3.12/site-packages/airflow/example_dags/example_latest_only_with_trigger.py
[2024-08-29T00:03:02.252+0000] {logging_mixin.py:190} INFO - [2024-08-29T00:03:02.252+0000] {dag.py:3211} INFO - Sync 1 DAGs
[2024-08-29T00:03:02.303+0000] {logging_mixin.py:190} INFO - [2024-08-29T00:03:02.302+0000] {dag.py:4138} INFO - Setting next_dagrun for latest_only_with_trigger to 2024-08-28 20:00:00+00:00, run_after=2024-08-29 00:00:00+00:00
[2024-08-29T00:03:02.338+0000] {processor.py:208} INFO - Processing /home/airflow/.local/lib/python3.12/site-packages/airflow/example_dags/example_latest_only_with_trigger.py took 0.169 seconds
[2024-08-29T00:03:32.575+0000] {processor.py:186} INFO - Started process (PID=366) to work on /home/airflow/.local/lib/python3.12/site-packages/airflow/example_dags/example_latest_only_with_trigger.py
[2024-08-29T00:03:32.577+0000] {processor.py:914} INFO - Processing file /home/airflow/.local/lib/python3.12/site-packages/airflow/example_dags/example_latest_only_with_trigger.py for tasks to queue
[2024-08-29T00:03:32.583+0000] {logging_mixin.py:190} INFO - [2024-08-29T00:03:32.582+0000] {dagbag.py:587} INFO - Filling up the DagBag from /home/airflow/.local/lib/python3.12/site-packages/airflow/example_dags/example_latest_only_with_trigger.py
[2024-08-29T00:03:32.592+0000] {processor.py:925} INFO - DAG(s) 'latest_only_with_trigger' retrieved from /home/airflow/.local/lib/python3.12/site-packages/airflow/example_dags/example_latest_only_with_trigger.py
[2024-08-29T00:03:32.635+0000] {logging_mixin.py:190} INFO - [2024-08-29T00:03:32.635+0000] {dag.py:3211} INFO - Sync 1 DAGs
[2024-08-29T00:03:32.673+0000] {logging_mixin.py:190} INFO - [2024-08-29T00:03:32.673+0000] {dag.py:4138} INFO - Setting next_dagrun for latest_only_with_trigger to 2024-08-28 20:00:00+00:00, run_after=2024-08-29 00:00:00+00:00
[2024-08-29T00:03:32.700+0000] {processor.py:208} INFO - Processing /home/airflow/.local/lib/python3.12/site-packages/airflow/example_dags/example_latest_only_with_trigger.py took 0.144 seconds
[2024-08-29T00:04:02.950+0000] {processor.py:186} INFO - Started process (PID=429) to work on /home/airflow/.local/lib/python3.12/site-packages/airflow/example_dags/example_latest_only_with_trigger.py
[2024-08-29T00:04:02.951+0000] {processor.py:914} INFO - Processing file /home/airflow/.local/lib/python3.12/site-packages/airflow/example_dags/example_latest_only_with_trigger.py for tasks to queue
[2024-08-29T00:04:02.955+0000] {logging_mixin.py:190} INFO - [2024-08-29T00:04:02.954+0000] {dagbag.py:587} INFO - Filling up the DagBag from /home/airflow/.local/lib/python3.12/site-packages/airflow/example_dags/example_latest_only_with_trigger.py
[2024-08-29T00:04:02.966+0000] {processor.py:925} INFO - DAG(s) 'latest_only_with_trigger' retrieved from /home/airflow/.local/lib/python3.12/site-packages/airflow/example_dags/example_latest_only_with_trigger.py
[2024-08-29T00:04:02.995+0000] {logging_mixin.py:190} INFO - [2024-08-29T00:04:02.995+0000] {dag.py:3211} INFO - Sync 1 DAGs
[2024-08-29T00:04:03.028+0000] {logging_mixin.py:190} INFO - [2024-08-29T00:04:03.028+0000] {dag.py:4138} INFO - Setting next_dagrun for latest_only_with_trigger to 2024-08-28 20:00:00+00:00, run_after=2024-08-29 00:00:00+00:00
[2024-08-29T00:04:03.055+0000] {processor.py:208} INFO - Processing /home/airflow/.local/lib/python3.12/site-packages/airflow/example_dags/example_latest_only_with_trigger.py took 0.114 seconds
[2024-08-29T00:04:33.909+0000] {processor.py:186} INFO - Started process (PID=492) to work on /home/airflow/.local/lib/python3.12/site-packages/airflow/example_dags/example_latest_only_with_trigger.py
[2024-08-29T00:04:33.916+0000] {processor.py:914} INFO - Processing file /home/airflow/.local/lib/python3.12/site-packages/airflow/example_dags/example_latest_only_with_trigger.py for tasks to queue
[2024-08-29T00:04:33.929+0000] {logging_mixin.py:190} INFO - [2024-08-29T00:04:33.928+0000] {dagbag.py:587} INFO - Filling up the DagBag from /home/airflow/.local/lib/python3.12/site-packages/airflow/example_dags/example_latest_only_with_trigger.py
[2024-08-29T00:04:33.997+0000] {processor.py:925} INFO - DAG(s) 'latest_only_with_trigger' retrieved from /home/airflow/.local/lib/python3.12/site-packages/airflow/example_dags/example_latest_only_with_trigger.py
[2024-08-29T00:04:34.060+0000] {logging_mixin.py:190} INFO - [2024-08-29T00:04:34.060+0000] {dag.py:3211} INFO - Sync 1 DAGs
[2024-08-29T00:04:34.105+0000] {logging_mixin.py:190} INFO - [2024-08-29T00:04:34.105+0000] {dag.py:4138} INFO - Setting next_dagrun for latest_only_with_trigger to 2024-08-28 20:00:00+00:00, run_after=2024-08-29 00:00:00+00:00
[2024-08-29T00:04:34.145+0000] {processor.py:208} INFO - Processing /home/airflow/.local/lib/python3.12/site-packages/airflow/example_dags/example_latest_only_with_trigger.py took 0.260 seconds
[2024-08-29T00:05:04.438+0000] {processor.py:186} INFO - Started process (PID=555) to work on /home/airflow/.local/lib/python3.12/site-packages/airflow/example_dags/example_latest_only_with_trigger.py
[2024-08-29T00:05:04.440+0000] {processor.py:914} INFO - Processing file /home/airflow/.local/lib/python3.12/site-packages/airflow/example_dags/example_latest_only_with_trigger.py for tasks to queue
[2024-08-29T00:05:04.454+0000] {logging_mixin.py:190} INFO - [2024-08-29T00:05:04.453+0000] {dagbag.py:587} INFO - Filling up the DagBag from /home/airflow/.local/lib/python3.12/site-packages/airflow/example_dags/example_latest_only_with_trigger.py
[2024-08-29T00:05:04.474+0000] {processor.py:925} INFO - DAG(s) 'latest_only_with_trigger' retrieved from /home/airflow/.local/lib/python3.12/site-packages/airflow/example_dags/example_latest_only_with_trigger.py
[2024-08-29T00:05:04.601+0000] {logging_mixin.py:190} INFO - [2024-08-29T00:05:04.600+0000] {dag.py:3211} INFO - Sync 1 DAGs
[2024-08-29T00:05:04.647+0000] {logging_mixin.py:190} INFO - [2024-08-29T00:05:04.647+0000] {dag.py:4138} INFO - Setting next_dagrun for latest_only_with_trigger to 2024-08-28 20:00:00+00:00, run_after=2024-08-29 00:00:00+00:00
[2024-08-29T00:05:04.683+0000] {processor.py:208} INFO - Processing /home/airflow/.local/lib/python3.12/site-packages/airflow/example_dags/example_latest_only_with_trigger.py took 0.265 seconds
[2024-08-29T00:05:34.825+0000] {processor.py:186} INFO - Started process (PID=616) to work on /home/airflow/.local/lib/python3.12/site-packages/airflow/example_dags/example_latest_only_with_trigger.py
[2024-08-29T00:05:34.826+0000] {processor.py:914} INFO - Processing file /home/airflow/.local/lib/python3.12/site-packages/airflow/example_dags/example_latest_only_with_trigger.py for tasks to queue
[2024-08-29T00:05:34.829+0000] {logging_mixin.py:190} INFO - [2024-08-29T00:05:34.829+0000] {dagbag.py:587} INFO - Filling up the DagBag from /home/airflow/.local/lib/python3.12/site-packages/airflow/example_dags/example_latest_only_with_trigger.py
[2024-08-29T00:05:34.839+0000] {processor.py:925} INFO - DAG(s) 'latest_only_with_trigger' retrieved from /home/airflow/.local/lib/python3.12/site-packages/airflow/example_dags/example_latest_only_with_trigger.py
[2024-08-29T00:05:34.866+0000] {logging_mixin.py:190} INFO - [2024-08-29T00:05:34.866+0000] {dag.py:3211} INFO - Sync 1 DAGs
[2024-08-29T00:05:34.897+0000] {logging_mixin.py:190} INFO - [2024-08-29T00:05:34.897+0000] {dag.py:4138} INFO - Setting next_dagrun for latest_only_with_trigger to 2024-08-28 20:00:00+00:00, run_after=2024-08-29 00:00:00+00:00
[2024-08-29T00:05:35.116+0000] {processor.py:208} INFO - Processing /home/airflow/.local/lib/python3.12/site-packages/airflow/example_dags/example_latest_only_with_trigger.py took 0.299 seconds
[2024-08-29T00:06:05.265+0000] {processor.py:186} INFO - Started process (PID=678) to work on /home/airflow/.local/lib/python3.12/site-packages/airflow/example_dags/example_latest_only_with_trigger.py
[2024-08-29T00:06:05.267+0000] {processor.py:914} INFO - Processing file /home/airflow/.local/lib/python3.12/site-packages/airflow/example_dags/example_latest_only_with_trigger.py for tasks to queue
[2024-08-29T00:06:05.273+0000] {logging_mixin.py:190} INFO - [2024-08-29T00:06:05.272+0000] {dagbag.py:587} INFO - Filling up the DagBag from /home/airflow/.local/lib/python3.12/site-packages/airflow/example_dags/example_latest_only_with_trigger.py
[2024-08-29T00:06:05.290+0000] {processor.py:925} INFO - DAG(s) 'latest_only_with_trigger' retrieved from /home/airflow/.local/lib/python3.12/site-packages/airflow/example_dags/example_latest_only_with_trigger.py
[2024-08-29T00:06:05.336+0000] {logging_mixin.py:190} INFO - [2024-08-29T00:06:05.336+0000] {dag.py:3211} INFO - Sync 1 DAGs
[2024-08-29T00:06:05.413+0000] {logging_mixin.py:190} INFO - [2024-08-29T00:06:05.413+0000] {dag.py:4138} INFO - Setting next_dagrun for latest_only_with_trigger to 2024-08-28 20:00:00+00:00, run_after=2024-08-29 00:00:00+00:00
[2024-08-29T00:06:05.451+0000] {processor.py:208} INFO - Processing /home/airflow/.local/lib/python3.12/site-packages/airflow/example_dags/example_latest_only_with_trigger.py took 0.200 seconds
[2024-08-29T00:06:35.528+0000] {processor.py:186} INFO - Started process (PID=741) to work on /home/airflow/.local/lib/python3.12/site-packages/airflow/example_dags/example_latest_only_with_trigger.py
[2024-08-29T00:06:35.529+0000] {processor.py:914} INFO - Processing file /home/airflow/.local/lib/python3.12/site-packages/airflow/example_dags/example_latest_only_with_trigger.py for tasks to queue
[2024-08-29T00:06:35.533+0000] {logging_mixin.py:190} INFO - [2024-08-29T00:06:35.532+0000] {dagbag.py:587} INFO - Filling up the DagBag from /home/airflow/.local/lib/python3.12/site-packages/airflow/example_dags/example_latest_only_with_trigger.py
[2024-08-29T00:06:35.542+0000] {processor.py:925} INFO - DAG(s) 'latest_only_with_trigger' retrieved from /home/airflow/.local/lib/python3.12/site-packages/airflow/example_dags/example_latest_only_with_trigger.py
[2024-08-29T00:06:35.566+0000] {logging_mixin.py:190} INFO - [2024-08-29T00:06:35.566+0000] {dag.py:3211} INFO - Sync 1 DAGs
[2024-08-29T00:06:35.595+0000] {logging_mixin.py:190} INFO - [2024-08-29T00:06:35.595+0000] {dag.py:4138} INFO - Setting next_dagrun for latest_only_with_trigger to 2024-08-28 20:00:00+00:00, run_after=2024-08-29 00:00:00+00:00
[2024-08-29T00:06:35.629+0000] {processor.py:208} INFO - Processing /home/airflow/.local/lib/python3.12/site-packages/airflow/example_dags/example_latest_only_with_trigger.py took 0.108 seconds
[2024-08-29T00:07:06.128+0000] {processor.py:186} INFO - Started process (PID=804) to work on /home/airflow/.local/lib/python3.12/site-packages/airflow/example_dags/example_latest_only_with_trigger.py
[2024-08-29T00:07:06.130+0000] {processor.py:914} INFO - Processing file /home/airflow/.local/lib/python3.12/site-packages/airflow/example_dags/example_latest_only_with_trigger.py for tasks to queue
[2024-08-29T00:07:06.136+0000] {logging_mixin.py:190} INFO - [2024-08-29T00:07:06.134+0000] {dagbag.py:587} INFO - Filling up the DagBag from /home/airflow/.local/lib/python3.12/site-packages/airflow/example_dags/example_latest_only_with_trigger.py
[2024-08-29T00:07:06.150+0000] {processor.py:925} INFO - DAG(s) 'latest_only_with_trigger' retrieved from /home/airflow/.local/lib/python3.12/site-packages/airflow/example_dags/example_latest_only_with_trigger.py
[2024-08-29T00:07:06.179+0000] {logging_mixin.py:190} INFO - [2024-08-29T00:07:06.178+0000] {dag.py:3211} INFO - Sync 1 DAGs
[2024-08-29T00:07:06.214+0000] {logging_mixin.py:190} INFO - [2024-08-29T00:07:06.214+0000] {dag.py:4138} INFO - Setting next_dagrun for latest_only_with_trigger to 2024-08-28 20:00:00+00:00, run_after=2024-08-29 00:00:00+00:00
[2024-08-29T00:07:06.254+0000] {processor.py:208} INFO - Processing /home/airflow/.local/lib/python3.12/site-packages/airflow/example_dags/example_latest_only_with_trigger.py took 0.142 seconds
[2024-08-29T00:07:37.292+0000] {processor.py:186} INFO - Started process (PID=867) to work on /home/airflow/.local/lib/python3.12/site-packages/airflow/example_dags/example_latest_only_with_trigger.py
[2024-08-29T00:07:37.293+0000] {processor.py:914} INFO - Processing file /home/airflow/.local/lib/python3.12/site-packages/airflow/example_dags/example_latest_only_with_trigger.py for tasks to queue
[2024-08-29T00:07:37.299+0000] {logging_mixin.py:190} INFO - [2024-08-29T00:07:37.298+0000] {dagbag.py:587} INFO - Filling up the DagBag from /home/airflow/.local/lib/python3.12/site-packages/airflow/example_dags/example_latest_only_with_trigger.py
[2024-08-29T00:07:37.313+0000] {processor.py:925} INFO - DAG(s) 'latest_only_with_trigger' retrieved from /home/airflow/.local/lib/python3.12/site-packages/airflow/example_dags/example_latest_only_with_trigger.py
[2024-08-29T00:07:37.363+0000] {logging_mixin.py:190} INFO - [2024-08-29T00:07:37.362+0000] {dag.py:3211} INFO - Sync 1 DAGs
[2024-08-29T00:07:37.417+0000] {logging_mixin.py:190} INFO - [2024-08-29T00:07:37.416+0000] {dag.py:4138} INFO - Setting next_dagrun for latest_only_with_trigger to 2024-08-28 20:00:00+00:00, run_after=2024-08-29 00:00:00+00:00
[2024-08-29T00:07:37.463+0000] {processor.py:208} INFO - Processing /home/airflow/.local/lib/python3.12/site-packages/airflow/example_dags/example_latest_only_with_trigger.py took 0.182 seconds
[2024-08-29T00:08:07.676+0000] {processor.py:186} INFO - Started process (PID=930) to work on /home/airflow/.local/lib/python3.12/site-packages/airflow/example_dags/example_latest_only_with_trigger.py
[2024-08-29T00:08:07.678+0000] {processor.py:914} INFO - Processing file /home/airflow/.local/lib/python3.12/site-packages/airflow/example_dags/example_latest_only_with_trigger.py for tasks to queue
[2024-08-29T00:08:07.682+0000] {logging_mixin.py:190} INFO - [2024-08-29T00:08:07.681+0000] {dagbag.py:587} INFO - Filling up the DagBag from /home/airflow/.local/lib/python3.12/site-packages/airflow/example_dags/example_latest_only_with_trigger.py
[2024-08-29T00:08:07.691+0000] {processor.py:925} INFO - DAG(s) 'latest_only_with_trigger' retrieved from /home/airflow/.local/lib/python3.12/site-packages/airflow/example_dags/example_latest_only_with_trigger.py
[2024-08-29T00:08:07.723+0000] {logging_mixin.py:190} INFO - [2024-08-29T00:08:07.722+0000] {dag.py:3211} INFO - Sync 1 DAGs
[2024-08-29T00:08:07.761+0000] {logging_mixin.py:190} INFO - [2024-08-29T00:08:07.760+0000] {dag.py:4138} INFO - Setting next_dagrun for latest_only_with_trigger to 2024-08-28 20:00:00+00:00, run_after=2024-08-29 00:00:00+00:00
[2024-08-29T00:08:07.800+0000] {processor.py:208} INFO - Processing /home/airflow/.local/lib/python3.12/site-packages/airflow/example_dags/example_latest_only_with_trigger.py took 0.132 seconds
[2024-08-29T00:08:38.319+0000] {processor.py:186} INFO - Started process (PID=993) to work on /home/airflow/.local/lib/python3.12/site-packages/airflow/example_dags/example_latest_only_with_trigger.py
[2024-08-29T00:08:38.320+0000] {processor.py:914} INFO - Processing file /home/airflow/.local/lib/python3.12/site-packages/airflow/example_dags/example_latest_only_with_trigger.py for tasks to queue
[2024-08-29T00:08:38.324+0000] {logging_mixin.py:190} INFO - [2024-08-29T00:08:38.323+0000] {dagbag.py:587} INFO - Filling up the DagBag from /home/airflow/.local/lib/python3.12/site-packages/airflow/example_dags/example_latest_only_with_trigger.py
[2024-08-29T00:08:38.334+0000] {processor.py:925} INFO - DAG(s) 'latest_only_with_trigger' retrieved from /home/airflow/.local/lib/python3.12/site-packages/airflow/example_dags/example_latest_only_with_trigger.py
[2024-08-29T00:08:38.360+0000] {logging_mixin.py:190} INFO - [2024-08-29T00:08:38.360+0000] {dag.py:3211} INFO - Sync 1 DAGs
[2024-08-29T00:08:38.393+0000] {logging_mixin.py:190} INFO - [2024-08-29T00:08:38.393+0000] {dag.py:4138} INFO - Setting next_dagrun for latest_only_with_trigger to 2024-08-28 20:00:00+00:00, run_after=2024-08-29 00:00:00+00:00
[2024-08-29T00:08:38.438+0000] {processor.py:208} INFO - Processing /home/airflow/.local/lib/python3.12/site-packages/airflow/example_dags/example_latest_only_with_trigger.py took 0.130 seconds
[2024-08-29T00:09:09.190+0000] {processor.py:186} INFO - Started process (PID=1056) to work on /home/airflow/.local/lib/python3.12/site-packages/airflow/example_dags/example_latest_only_with_trigger.py
[2024-08-29T00:09:09.192+0000] {processor.py:914} INFO - Processing file /home/airflow/.local/lib/python3.12/site-packages/airflow/example_dags/example_latest_only_with_trigger.py for tasks to queue
[2024-08-29T00:09:09.201+0000] {logging_mixin.py:190} INFO - [2024-08-29T00:09:09.201+0000] {dagbag.py:587} INFO - Filling up the DagBag from /home/airflow/.local/lib/python3.12/site-packages/airflow/example_dags/example_latest_only_with_trigger.py
[2024-08-29T00:09:09.210+0000] {processor.py:925} INFO - DAG(s) 'latest_only_with_trigger' retrieved from /home/airflow/.local/lib/python3.12/site-packages/airflow/example_dags/example_latest_only_with_trigger.py
[2024-08-29T00:09:09.245+0000] {logging_mixin.py:190} INFO - [2024-08-29T00:09:09.245+0000] {dag.py:3211} INFO - Sync 1 DAGs
[2024-08-29T00:09:09.279+0000] {logging_mixin.py:190} INFO - [2024-08-29T00:09:09.279+0000] {dag.py:4138} INFO - Setting next_dagrun for latest_only_with_trigger to 2024-08-28 20:00:00+00:00, run_after=2024-08-29 00:00:00+00:00
[2024-08-29T00:09:09.303+0000] {processor.py:208} INFO - Processing /home/airflow/.local/lib/python3.12/site-packages/airflow/example_dags/example_latest_only_with_trigger.py took 0.127 seconds
[2024-08-29T00:09:40.022+0000] {processor.py:186} INFO - Started process (PID=1124) to work on /home/airflow/.local/lib/python3.12/site-packages/airflow/example_dags/example_latest_only_with_trigger.py
[2024-08-29T00:09:40.034+0000] {processor.py:914} INFO - Processing file /home/airflow/.local/lib/python3.12/site-packages/airflow/example_dags/example_latest_only_with_trigger.py for tasks to queue
[2024-08-29T00:09:40.041+0000] {logging_mixin.py:190} INFO - [2024-08-29T00:09:40.040+0000] {dagbag.py:587} INFO - Filling up the DagBag from /home/airflow/.local/lib/python3.12/site-packages/airflow/example_dags/example_latest_only_with_trigger.py
[2024-08-29T00:09:40.071+0000] {processor.py:925} INFO - DAG(s) 'latest_only_with_trigger' retrieved from /home/airflow/.local/lib/python3.12/site-packages/airflow/example_dags/example_latest_only_with_trigger.py
[2024-08-29T00:09:40.126+0000] {logging_mixin.py:190} INFO - [2024-08-29T00:09:40.125+0000] {dag.py:3211} INFO - Sync 1 DAGs
[2024-08-29T00:09:40.195+0000] {logging_mixin.py:190} INFO - [2024-08-29T00:09:40.195+0000] {dag.py:4138} INFO - Setting next_dagrun for latest_only_with_trigger to 2024-08-28 20:00:00+00:00, run_after=2024-08-29 00:00:00+00:00
[2024-08-29T00:09:40.253+0000] {processor.py:208} INFO - Processing /home/airflow/.local/lib/python3.12/site-packages/airflow/example_dags/example_latest_only_with_trigger.py took 0.246 seconds
[2024-08-29T00:11:06.092+0000] {processor.py:186} INFO - Started process (PID=1182) to work on /home/airflow/.local/lib/python3.12/site-packages/airflow/example_dags/example_latest_only_with_trigger.py
[2024-08-29T00:11:06.105+0000] {processor.py:914} INFO - Processing file /home/airflow/.local/lib/python3.12/site-packages/airflow/example_dags/example_latest_only_with_trigger.py for tasks to queue
[2024-08-29T00:11:06.121+0000] {logging_mixin.py:190} INFO - [2024-08-29T00:11:06.120+0000] {dagbag.py:587} INFO - Filling up the DagBag from /home/airflow/.local/lib/python3.12/site-packages/airflow/example_dags/example_latest_only_with_trigger.py
[2024-08-29T00:11:06.158+0000] {processor.py:925} INFO - DAG(s) 'latest_only_with_trigger' retrieved from /home/airflow/.local/lib/python3.12/site-packages/airflow/example_dags/example_latest_only_with_trigger.py
[2024-08-29T00:11:06.269+0000] {logging_mixin.py:190} INFO - [2024-08-29T00:11:06.268+0000] {dag.py:3211} INFO - Sync 1 DAGs
[2024-08-29T00:11:06.356+0000] {logging_mixin.py:190} INFO - [2024-08-29T00:11:06.355+0000] {dag.py:4138} INFO - Setting next_dagrun for latest_only_with_trigger to 2024-08-28 20:00:00+00:00, run_after=2024-08-29 00:00:00+00:00
[2024-08-29T00:11:06.471+0000] {processor.py:208} INFO - Processing /home/airflow/.local/lib/python3.12/site-packages/airflow/example_dags/example_latest_only_with_trigger.py took 0.401 seconds
[2024-08-29T00:11:53.746+0000] {processor.py:186} INFO - Started process (PID=1225) to work on /home/airflow/.local/lib/python3.12/site-packages/airflow/example_dags/example_latest_only_with_trigger.py
[2024-08-29T00:11:53.749+0000] {processor.py:914} INFO - Processing file /home/airflow/.local/lib/python3.12/site-packages/airflow/example_dags/example_latest_only_with_trigger.py for tasks to queue
[2024-08-29T00:11:53.757+0000] {logging_mixin.py:190} INFO - [2024-08-29T00:11:53.757+0000] {dagbag.py:587} INFO - Filling up the DagBag from /home/airflow/.local/lib/python3.12/site-packages/airflow/example_dags/example_latest_only_with_trigger.py
[2024-08-29T00:11:53.779+0000] {processor.py:925} INFO - DAG(s) 'latest_only_with_trigger' retrieved from /home/airflow/.local/lib/python3.12/site-packages/airflow/example_dags/example_latest_only_with_trigger.py
[2024-08-29T00:11:53.842+0000] {logging_mixin.py:190} INFO - [2024-08-29T00:11:53.841+0000] {dag.py:3211} INFO - Sync 1 DAGs
[2024-08-29T00:11:53.899+0000] {logging_mixin.py:190} INFO - [2024-08-29T00:11:53.898+0000] {dag.py:4138} INFO - Setting next_dagrun for latest_only_with_trigger to 2024-08-28 20:00:00+00:00, run_after=2024-08-29 00:00:00+00:00
[2024-08-29T00:11:53.938+0000] {processor.py:208} INFO - Processing /home/airflow/.local/lib/python3.12/site-packages/airflow/example_dags/example_latest_only_with_trigger.py took 0.205 seconds
[2024-08-29T00:13:55.885+0000] {processor.py:186} INFO - Started process (PID=1287) to work on /home/airflow/.local/lib/python3.12/site-packages/airflow/example_dags/example_latest_only_with_trigger.py
[2024-08-29T00:13:55.889+0000] {processor.py:914} INFO - Processing file /home/airflow/.local/lib/python3.12/site-packages/airflow/example_dags/example_latest_only_with_trigger.py for tasks to queue
[2024-08-29T00:13:55.899+0000] {logging_mixin.py:190} INFO - [2024-08-29T00:13:55.893+0000] {dagbag.py:587} INFO - Filling up the DagBag from /home/airflow/.local/lib/python3.12/site-packages/airflow/example_dags/example_latest_only_with_trigger.py
[2024-08-29T00:13:55.940+0000] {processor.py:925} INFO - DAG(s) 'latest_only_with_trigger' retrieved from /home/airflow/.local/lib/python3.12/site-packages/airflow/example_dags/example_latest_only_with_trigger.py
[2024-08-29T00:13:56.072+0000] {logging_mixin.py:190} INFO - [2024-08-29T00:13:56.072+0000] {dag.py:3211} INFO - Sync 1 DAGs
[2024-08-29T00:13:56.318+0000] {logging_mixin.py:190} INFO - [2024-08-29T00:13:56.318+0000] {dag.py:4138} INFO - Setting next_dagrun for latest_only_with_trigger to 2024-08-28 20:00:00+00:00, run_after=2024-08-29 00:00:00+00:00
[2024-08-29T00:13:56.531+0000] {processor.py:208} INFO - Processing /home/airflow/.local/lib/python3.12/site-packages/airflow/example_dags/example_latest_only_with_trigger.py took 0.660 seconds
[2024-08-29T00:18:05.225+0000] {processor.py:186} INFO - Started process (PID=117) to work on /home/airflow/.local/lib/python3.12/site-packages/airflow/example_dags/example_latest_only_with_trigger.py
[2024-08-29T00:18:05.258+0000] {processor.py:914} INFO - Processing file /home/airflow/.local/lib/python3.12/site-packages/airflow/example_dags/example_latest_only_with_trigger.py for tasks to queue
[2024-08-29T00:18:05.263+0000] {logging_mixin.py:190} INFO - [2024-08-29T00:18:05.262+0000] {dagbag.py:587} INFO - Filling up the DagBag from /home/airflow/.local/lib/python3.12/site-packages/airflow/example_dags/example_latest_only_with_trigger.py
[2024-08-29T00:18:05.300+0000] {processor.py:925} INFO - DAG(s) 'latest_only_with_trigger' retrieved from /home/airflow/.local/lib/python3.12/site-packages/airflow/example_dags/example_latest_only_with_trigger.py
[2024-08-29T00:18:05.455+0000] {logging_mixin.py:190} INFO - [2024-08-29T00:18:05.448+0000] {dag.py:3211} INFO - Sync 1 DAGs
[2024-08-29T00:18:05.579+0000] {logging_mixin.py:190} INFO - [2024-08-29T00:18:05.579+0000] {dag.py:4138} INFO - Setting next_dagrun for latest_only_with_trigger to 2024-08-28 20:00:00+00:00, run_after=2024-08-29 00:00:00+00:00
[2024-08-29T00:18:05.909+0000] {processor.py:208} INFO - Processing /home/airflow/.local/lib/python3.12/site-packages/airflow/example_dags/example_latest_only_with_trigger.py took 0.690 seconds
[2024-08-29T00:18:39.188+0000] {processor.py:186} INFO - Started process (PID=184) to work on /home/airflow/.local/lib/python3.12/site-packages/airflow/example_dags/example_latest_only_with_trigger.py
[2024-08-29T00:18:39.191+0000] {processor.py:914} INFO - Processing file /home/airflow/.local/lib/python3.12/site-packages/airflow/example_dags/example_latest_only_with_trigger.py for tasks to queue
[2024-08-29T00:18:39.195+0000] {logging_mixin.py:190} INFO - [2024-08-29T00:18:39.195+0000] {dagbag.py:587} INFO - Filling up the DagBag from /home/airflow/.local/lib/python3.12/site-packages/airflow/example_dags/example_latest_only_with_trigger.py
[2024-08-29T00:18:39.225+0000] {processor.py:925} INFO - DAG(s) 'latest_only_with_trigger' retrieved from /home/airflow/.local/lib/python3.12/site-packages/airflow/example_dags/example_latest_only_with_trigger.py
[2024-08-29T00:18:39.396+0000] {logging_mixin.py:190} INFO - [2024-08-29T00:18:39.396+0000] {dag.py:3211} INFO - Sync 1 DAGs
[2024-08-29T00:18:39.643+0000] {logging_mixin.py:190} INFO - [2024-08-29T00:18:39.642+0000] {dag.py:4138} INFO - Setting next_dagrun for latest_only_with_trigger to 2024-08-28 20:00:00+00:00, run_after=2024-08-29 00:00:00+00:00
[2024-08-29T00:18:39.806+0000] {processor.py:208} INFO - Processing /home/airflow/.local/lib/python3.12/site-packages/airflow/example_dags/example_latest_only_with_trigger.py took 0.633 seconds
[2024-08-29T00:19:10.499+0000] {processor.py:186} INFO - Started process (PID=247) to work on /home/airflow/.local/lib/python3.12/site-packages/airflow/example_dags/example_latest_only_with_trigger.py
[2024-08-29T00:19:10.500+0000] {processor.py:914} INFO - Processing file /home/airflow/.local/lib/python3.12/site-packages/airflow/example_dags/example_latest_only_with_trigger.py for tasks to queue
[2024-08-29T00:19:10.505+0000] {logging_mixin.py:190} INFO - [2024-08-29T00:19:10.504+0000] {dagbag.py:587} INFO - Filling up the DagBag from /home/airflow/.local/lib/python3.12/site-packages/airflow/example_dags/example_latest_only_with_trigger.py
[2024-08-29T00:19:10.521+0000] {processor.py:925} INFO - DAG(s) 'latest_only_with_trigger' retrieved from /home/airflow/.local/lib/python3.12/site-packages/airflow/example_dags/example_latest_only_with_trigger.py
[2024-08-29T00:19:10.566+0000] {logging_mixin.py:190} INFO - [2024-08-29T00:19:10.566+0000] {dag.py:3211} INFO - Sync 1 DAGs
[2024-08-29T00:19:10.621+0000] {logging_mixin.py:190} INFO - [2024-08-29T00:19:10.620+0000] {dag.py:4138} INFO - Setting next_dagrun for latest_only_with_trigger to 2024-08-28 20:00:00+00:00, run_after=2024-08-29 00:00:00+00:00
[2024-08-29T00:19:10.670+0000] {processor.py:208} INFO - Processing /home/airflow/.local/lib/python3.12/site-packages/airflow/example_dags/example_latest_only_with_trigger.py took 0.181 seconds
[2024-08-29T00:19:41.317+0000] {processor.py:186} INFO - Started process (PID=310) to work on /home/airflow/.local/lib/python3.12/site-packages/airflow/example_dags/example_latest_only_with_trigger.py
[2024-08-29T00:19:41.320+0000] {processor.py:914} INFO - Processing file /home/airflow/.local/lib/python3.12/site-packages/airflow/example_dags/example_latest_only_with_trigger.py for tasks to queue
[2024-08-29T00:19:41.325+0000] {logging_mixin.py:190} INFO - [2024-08-29T00:19:41.325+0000] {dagbag.py:587} INFO - Filling up the DagBag from /home/airflow/.local/lib/python3.12/site-packages/airflow/example_dags/example_latest_only_with_trigger.py
[2024-08-29T00:19:41.344+0000] {processor.py:925} INFO - DAG(s) 'latest_only_with_trigger' retrieved from /home/airflow/.local/lib/python3.12/site-packages/airflow/example_dags/example_latest_only_with_trigger.py
[2024-08-29T00:19:41.405+0000] {logging_mixin.py:190} INFO - [2024-08-29T00:19:41.404+0000] {dag.py:3211} INFO - Sync 1 DAGs
[2024-08-29T00:19:41.480+0000] {logging_mixin.py:190} INFO - [2024-08-29T00:19:41.480+0000] {dag.py:4138} INFO - Setting next_dagrun for latest_only_with_trigger to 2024-08-28 20:00:00+00:00, run_after=2024-08-29 00:00:00+00:00
[2024-08-29T00:19:41.565+0000] {processor.py:208} INFO - Processing /home/airflow/.local/lib/python3.12/site-packages/airflow/example_dags/example_latest_only_with_trigger.py took 0.262 seconds
[2024-08-29T00:20:12.524+0000] {processor.py:186} INFO - Started process (PID=372) to work on /home/airflow/.local/lib/python3.12/site-packages/airflow/example_dags/example_latest_only_with_trigger.py
[2024-08-29T00:20:12.536+0000] {processor.py:914} INFO - Processing file /home/airflow/.local/lib/python3.12/site-packages/airflow/example_dags/example_latest_only_with_trigger.py for tasks to queue
[2024-08-29T00:20:12.541+0000] {logging_mixin.py:190} INFO - [2024-08-29T00:20:12.540+0000] {dagbag.py:587} INFO - Filling up the DagBag from /home/airflow/.local/lib/python3.12/site-packages/airflow/example_dags/example_latest_only_with_trigger.py
[2024-08-29T00:20:12.580+0000] {processor.py:925} INFO - DAG(s) 'latest_only_with_trigger' retrieved from /home/airflow/.local/lib/python3.12/site-packages/airflow/example_dags/example_latest_only_with_trigger.py
[2024-08-29T00:20:12.637+0000] {logging_mixin.py:190} INFO - [2024-08-29T00:20:12.636+0000] {dag.py:3211} INFO - Sync 1 DAGs
[2024-08-29T00:20:12.681+0000] {logging_mixin.py:190} INFO - [2024-08-29T00:20:12.681+0000] {dag.py:4138} INFO - Setting next_dagrun for latest_only_with_trigger to 2024-08-28 20:00:00+00:00, run_after=2024-08-29 00:00:00+00:00
[2024-08-29T00:20:12.721+0000] {processor.py:208} INFO - Processing /home/airflow/.local/lib/python3.12/site-packages/airflow/example_dags/example_latest_only_with_trigger.py took 0.238 seconds
[2024-08-29T00:20:42.957+0000] {processor.py:186} INFO - Started process (PID=435) to work on /home/airflow/.local/lib/python3.12/site-packages/airflow/example_dags/example_latest_only_with_trigger.py
[2024-08-29T00:20:42.959+0000] {processor.py:914} INFO - Processing file /home/airflow/.local/lib/python3.12/site-packages/airflow/example_dags/example_latest_only_with_trigger.py for tasks to queue
[2024-08-29T00:20:42.962+0000] {logging_mixin.py:190} INFO - [2024-08-29T00:20:42.962+0000] {dagbag.py:587} INFO - Filling up the DagBag from /home/airflow/.local/lib/python3.12/site-packages/airflow/example_dags/example_latest_only_with_trigger.py
[2024-08-29T00:20:42.973+0000] {processor.py:925} INFO - DAG(s) 'latest_only_with_trigger' retrieved from /home/airflow/.local/lib/python3.12/site-packages/airflow/example_dags/example_latest_only_with_trigger.py
[2024-08-29T00:20:43.009+0000] {logging_mixin.py:190} INFO - [2024-08-29T00:20:43.009+0000] {dag.py:3211} INFO - Sync 1 DAGs
[2024-08-29T00:20:43.062+0000] {logging_mixin.py:190} INFO - [2024-08-29T00:20:43.062+0000] {dag.py:4138} INFO - Setting next_dagrun for latest_only_with_trigger to 2024-08-28 20:00:00+00:00, run_after=2024-08-29 00:00:00+00:00
[2024-08-29T00:20:43.099+0000] {processor.py:208} INFO - Processing /home/airflow/.local/lib/python3.12/site-packages/airflow/example_dags/example_latest_only_with_trigger.py took 0.152 seconds
[2024-08-29T00:21:13.726+0000] {processor.py:186} INFO - Started process (PID=498) to work on /home/airflow/.local/lib/python3.12/site-packages/airflow/example_dags/example_latest_only_with_trigger.py
[2024-08-29T00:21:13.727+0000] {processor.py:914} INFO - Processing file /home/airflow/.local/lib/python3.12/site-packages/airflow/example_dags/example_latest_only_with_trigger.py for tasks to queue
[2024-08-29T00:21:13.732+0000] {logging_mixin.py:190} INFO - [2024-08-29T00:21:13.731+0000] {dagbag.py:587} INFO - Filling up the DagBag from /home/airflow/.local/lib/python3.12/site-packages/airflow/example_dags/example_latest_only_with_trigger.py
[2024-08-29T00:21:13.747+0000] {processor.py:925} INFO - DAG(s) 'latest_only_with_trigger' retrieved from /home/airflow/.local/lib/python3.12/site-packages/airflow/example_dags/example_latest_only_with_trigger.py
[2024-08-29T00:21:13.800+0000] {logging_mixin.py:190} INFO - [2024-08-29T00:21:13.799+0000] {dag.py:3211} INFO - Sync 1 DAGs
[2024-08-29T00:21:13.855+0000] {logging_mixin.py:190} INFO - [2024-08-29T00:21:13.855+0000] {dag.py:4138} INFO - Setting next_dagrun for latest_only_with_trigger to 2024-08-28 20:00:00+00:00, run_after=2024-08-29 00:00:00+00:00
[2024-08-29T00:21:13.900+0000] {processor.py:208} INFO - Processing /home/airflow/.local/lib/python3.12/site-packages/airflow/example_dags/example_latest_only_with_trigger.py took 0.188 seconds
[2024-08-29T00:21:44.052+0000] {processor.py:186} INFO - Started process (PID=560) to work on /home/airflow/.local/lib/python3.12/site-packages/airflow/example_dags/example_latest_only_with_trigger.py
[2024-08-29T00:21:44.054+0000] {processor.py:914} INFO - Processing file /home/airflow/.local/lib/python3.12/site-packages/airflow/example_dags/example_latest_only_with_trigger.py for tasks to queue
[2024-08-29T00:21:44.057+0000] {logging_mixin.py:190} INFO - [2024-08-29T00:21:44.057+0000] {dagbag.py:587} INFO - Filling up the DagBag from /home/airflow/.local/lib/python3.12/site-packages/airflow/example_dags/example_latest_only_with_trigger.py
[2024-08-29T00:21:44.071+0000] {processor.py:925} INFO - DAG(s) 'latest_only_with_trigger' retrieved from /home/airflow/.local/lib/python3.12/site-packages/airflow/example_dags/example_latest_only_with_trigger.py
[2024-08-29T00:21:44.103+0000] {logging_mixin.py:190} INFO - [2024-08-29T00:21:44.102+0000] {dag.py:3211} INFO - Sync 1 DAGs
[2024-08-29T00:21:44.136+0000] {logging_mixin.py:190} INFO - [2024-08-29T00:21:44.135+0000] {dag.py:4138} INFO - Setting next_dagrun for latest_only_with_trigger to 2024-08-28 20:00:00+00:00, run_after=2024-08-29 00:00:00+00:00
[2024-08-29T00:21:44.181+0000] {processor.py:208} INFO - Processing /home/airflow/.local/lib/python3.12/site-packages/airflow/example_dags/example_latest_only_with_trigger.py took 0.141 seconds
[2024-08-29T00:22:14.782+0000] {processor.py:186} INFO - Started process (PID=623) to work on /home/airflow/.local/lib/python3.12/site-packages/airflow/example_dags/example_latest_only_with_trigger.py
[2024-08-29T00:22:14.795+0000] {processor.py:914} INFO - Processing file /home/airflow/.local/lib/python3.12/site-packages/airflow/example_dags/example_latest_only_with_trigger.py for tasks to queue
[2024-08-29T00:22:14.799+0000] {logging_mixin.py:190} INFO - [2024-08-29T00:22:14.798+0000] {dagbag.py:587} INFO - Filling up the DagBag from /home/airflow/.local/lib/python3.12/site-packages/airflow/example_dags/example_latest_only_with_trigger.py
[2024-08-29T00:22:14.811+0000] {processor.py:925} INFO - DAG(s) 'latest_only_with_trigger' retrieved from /home/airflow/.local/lib/python3.12/site-packages/airflow/example_dags/example_latest_only_with_trigger.py
[2024-08-29T00:22:14.839+0000] {logging_mixin.py:190} INFO - [2024-08-29T00:22:14.839+0000] {dag.py:3211} INFO - Sync 1 DAGs
[2024-08-29T00:22:14.869+0000] {logging_mixin.py:190} INFO - [2024-08-29T00:22:14.869+0000] {dag.py:4138} INFO - Setting next_dagrun for latest_only_with_trigger to 2024-08-28 20:00:00+00:00, run_after=2024-08-29 00:00:00+00:00
[2024-08-29T00:22:14.895+0000] {processor.py:208} INFO - Processing /home/airflow/.local/lib/python3.12/site-packages/airflow/example_dags/example_latest_only_with_trigger.py took 0.130 seconds
[2024-08-29T00:22:45.211+0000] {processor.py:186} INFO - Started process (PID=687) to work on /home/airflow/.local/lib/python3.12/site-packages/airflow/example_dags/example_latest_only_with_trigger.py
[2024-08-29T00:22:45.212+0000] {processor.py:914} INFO - Processing file /home/airflow/.local/lib/python3.12/site-packages/airflow/example_dags/example_latest_only_with_trigger.py for tasks to queue
[2024-08-29T00:22:45.221+0000] {logging_mixin.py:190} INFO - [2024-08-29T00:22:45.220+0000] {dagbag.py:587} INFO - Filling up the DagBag from /home/airflow/.local/lib/python3.12/site-packages/airflow/example_dags/example_latest_only_with_trigger.py
[2024-08-29T00:22:45.238+0000] {processor.py:925} INFO - DAG(s) 'latest_only_with_trigger' retrieved from /home/airflow/.local/lib/python3.12/site-packages/airflow/example_dags/example_latest_only_with_trigger.py
[2024-08-29T00:22:45.279+0000] {logging_mixin.py:190} INFO - [2024-08-29T00:22:45.278+0000] {dag.py:3211} INFO - Sync 1 DAGs
[2024-08-29T00:22:45.315+0000] {logging_mixin.py:190} INFO - [2024-08-29T00:22:45.314+0000] {dag.py:4138} INFO - Setting next_dagrun for latest_only_with_trigger to 2024-08-28 20:00:00+00:00, run_after=2024-08-29 00:00:00+00:00
[2024-08-29T00:22:45.344+0000] {processor.py:208} INFO - Processing /home/airflow/.local/lib/python3.12/site-packages/airflow/example_dags/example_latest_only_with_trigger.py took 0.141 seconds
[2024-08-29T00:23:15.909+0000] {processor.py:186} INFO - Started process (PID=749) to work on /home/airflow/.local/lib/python3.12/site-packages/airflow/example_dags/example_latest_only_with_trigger.py
[2024-08-29T00:23:15.910+0000] {processor.py:914} INFO - Processing file /home/airflow/.local/lib/python3.12/site-packages/airflow/example_dags/example_latest_only_with_trigger.py for tasks to queue
[2024-08-29T00:23:15.913+0000] {logging_mixin.py:190} INFO - [2024-08-29T00:23:15.913+0000] {dagbag.py:587} INFO - Filling up the DagBag from /home/airflow/.local/lib/python3.12/site-packages/airflow/example_dags/example_latest_only_with_trigger.py
[2024-08-29T00:23:15.923+0000] {processor.py:925} INFO - DAG(s) 'latest_only_with_trigger' retrieved from /home/airflow/.local/lib/python3.12/site-packages/airflow/example_dags/example_latest_only_with_trigger.py
[2024-08-29T00:23:15.952+0000] {logging_mixin.py:190} INFO - [2024-08-29T00:23:15.952+0000] {dag.py:3211} INFO - Sync 1 DAGs
[2024-08-29T00:23:15.986+0000] {logging_mixin.py:190} INFO - [2024-08-29T00:23:15.986+0000] {dag.py:4138} INFO - Setting next_dagrun for latest_only_with_trigger to 2024-08-28 20:00:00+00:00, run_after=2024-08-29 00:00:00+00:00
[2024-08-29T00:23:16.023+0000] {processor.py:208} INFO - Processing /home/airflow/.local/lib/python3.12/site-packages/airflow/example_dags/example_latest_only_with_trigger.py took 0.122 seconds
[2024-08-29T00:23:47.541+0000] {processor.py:186} INFO - Started process (PID=812) to work on /home/airflow/.local/lib/python3.12/site-packages/airflow/example_dags/example_latest_only_with_trigger.py
[2024-08-29T00:23:47.543+0000] {processor.py:914} INFO - Processing file /home/airflow/.local/lib/python3.12/site-packages/airflow/example_dags/example_latest_only_with_trigger.py for tasks to queue
[2024-08-29T00:23:47.549+0000] {logging_mixin.py:190} INFO - [2024-08-29T00:23:47.547+0000] {dagbag.py:587} INFO - Filling up the DagBag from /home/airflow/.local/lib/python3.12/site-packages/airflow/example_dags/example_latest_only_with_trigger.py
[2024-08-29T00:23:47.569+0000] {processor.py:925} INFO - DAG(s) 'latest_only_with_trigger' retrieved from /home/airflow/.local/lib/python3.12/site-packages/airflow/example_dags/example_latest_only_with_trigger.py
[2024-08-29T00:23:47.615+0000] {logging_mixin.py:190} INFO - [2024-08-29T00:23:47.615+0000] {dag.py:3211} INFO - Sync 1 DAGs
[2024-08-29T00:23:47.667+0000] {logging_mixin.py:190} INFO - [2024-08-29T00:23:47.667+0000] {dag.py:4138} INFO - Setting next_dagrun for latest_only_with_trigger to 2024-08-28 20:00:00+00:00, run_after=2024-08-29 00:00:00+00:00
[2024-08-29T00:23:47.699+0000] {processor.py:208} INFO - Processing /home/airflow/.local/lib/python3.12/site-packages/airflow/example_dags/example_latest_only_with_trigger.py took 0.170 seconds
[2024-08-29T00:24:18.370+0000] {processor.py:186} INFO - Started process (PID=875) to work on /home/airflow/.local/lib/python3.12/site-packages/airflow/example_dags/example_latest_only_with_trigger.py
[2024-08-29T00:24:18.371+0000] {processor.py:914} INFO - Processing file /home/airflow/.local/lib/python3.12/site-packages/airflow/example_dags/example_latest_only_with_trigger.py for tasks to queue
[2024-08-29T00:24:18.375+0000] {logging_mixin.py:190} INFO - [2024-08-29T00:24:18.375+0000] {dagbag.py:587} INFO - Filling up the DagBag from /home/airflow/.local/lib/python3.12/site-packages/airflow/example_dags/example_latest_only_with_trigger.py
[2024-08-29T00:24:18.394+0000] {processor.py:925} INFO - DAG(s) 'latest_only_with_trigger' retrieved from /home/airflow/.local/lib/python3.12/site-packages/airflow/example_dags/example_latest_only_with_trigger.py
[2024-08-29T00:24:18.435+0000] {logging_mixin.py:190} INFO - [2024-08-29T00:24:18.435+0000] {dag.py:3211} INFO - Sync 1 DAGs
[2024-08-29T00:24:18.488+0000] {logging_mixin.py:190} INFO - [2024-08-29T00:24:18.488+0000] {dag.py:4138} INFO - Setting next_dagrun for latest_only_with_trigger to 2024-08-28 20:00:00+00:00, run_after=2024-08-29 00:00:00+00:00
[2024-08-29T00:24:18.527+0000] {processor.py:208} INFO - Processing /home/airflow/.local/lib/python3.12/site-packages/airflow/example_dags/example_latest_only_with_trigger.py took 0.170 seconds
[2024-08-29T00:24:49.121+0000] {processor.py:186} INFO - Started process (PID=938) to work on /home/airflow/.local/lib/python3.12/site-packages/airflow/example_dags/example_latest_only_with_trigger.py
[2024-08-29T00:24:49.122+0000] {processor.py:914} INFO - Processing file /home/airflow/.local/lib/python3.12/site-packages/airflow/example_dags/example_latest_only_with_trigger.py for tasks to queue
[2024-08-29T00:24:49.126+0000] {logging_mixin.py:190} INFO - [2024-08-29T00:24:49.125+0000] {dagbag.py:587} INFO - Filling up the DagBag from /home/airflow/.local/lib/python3.12/site-packages/airflow/example_dags/example_latest_only_with_trigger.py
[2024-08-29T00:24:49.137+0000] {processor.py:925} INFO - DAG(s) 'latest_only_with_trigger' retrieved from /home/airflow/.local/lib/python3.12/site-packages/airflow/example_dags/example_latest_only_with_trigger.py
[2024-08-29T00:24:49.172+0000] {logging_mixin.py:190} INFO - [2024-08-29T00:24:49.172+0000] {dag.py:3211} INFO - Sync 1 DAGs
[2024-08-29T00:24:49.217+0000] {logging_mixin.py:190} INFO - [2024-08-29T00:24:49.216+0000] {dag.py:4138} INFO - Setting next_dagrun for latest_only_with_trigger to 2024-08-28 20:00:00+00:00, run_after=2024-08-29 00:00:00+00:00
[2024-08-29T00:24:49.278+0000] {processor.py:208} INFO - Processing /home/airflow/.local/lib/python3.12/site-packages/airflow/example_dags/example_latest_only_with_trigger.py took 0.167 seconds
[2024-08-29T00:25:20.949+0000] {processor.py:186} INFO - Started process (PID=1002) to work on /home/airflow/.local/lib/python3.12/site-packages/airflow/example_dags/example_latest_only_with_trigger.py
[2024-08-29T00:25:20.951+0000] {processor.py:914} INFO - Processing file /home/airflow/.local/lib/python3.12/site-packages/airflow/example_dags/example_latest_only_with_trigger.py for tasks to queue
[2024-08-29T00:25:20.959+0000] {logging_mixin.py:190} INFO - [2024-08-29T00:25:20.958+0000] {dagbag.py:587} INFO - Filling up the DagBag from /home/airflow/.local/lib/python3.12/site-packages/airflow/example_dags/example_latest_only_with_trigger.py
[2024-08-29T00:25:20.981+0000] {processor.py:925} INFO - DAG(s) 'latest_only_with_trigger' retrieved from /home/airflow/.local/lib/python3.12/site-packages/airflow/example_dags/example_latest_only_with_trigger.py
[2024-08-29T00:25:21.023+0000] {logging_mixin.py:190} INFO - [2024-08-29T00:25:21.023+0000] {dag.py:3211} INFO - Sync 1 DAGs
[2024-08-29T00:25:21.070+0000] {logging_mixin.py:190} INFO - [2024-08-29T00:25:21.070+0000] {dag.py:4138} INFO - Setting next_dagrun for latest_only_with_trigger to 2024-08-28 20:00:00+00:00, run_after=2024-08-29 00:00:00+00:00
[2024-08-29T00:25:21.109+0000] {processor.py:208} INFO - Processing /home/airflow/.local/lib/python3.12/site-packages/airflow/example_dags/example_latest_only_with_trigger.py took 0.176 seconds
[2024-08-29T00:25:53.801+0000] {processor.py:186} INFO - Started process (PID=1065) to work on /home/airflow/.local/lib/python3.12/site-packages/airflow/example_dags/example_latest_only_with_trigger.py
[2024-08-29T00:25:53.808+0000] {processor.py:914} INFO - Processing file /home/airflow/.local/lib/python3.12/site-packages/airflow/example_dags/example_latest_only_with_trigger.py for tasks to queue
[2024-08-29T00:25:53.812+0000] {logging_mixin.py:190} INFO - [2024-08-29T00:25:53.812+0000] {dagbag.py:587} INFO - Filling up the DagBag from /home/airflow/.local/lib/python3.12/site-packages/airflow/example_dags/example_latest_only_with_trigger.py
[2024-08-29T00:25:53.835+0000] {processor.py:925} INFO - DAG(s) 'latest_only_with_trigger' retrieved from /home/airflow/.local/lib/python3.12/site-packages/airflow/example_dags/example_latest_only_with_trigger.py
[2024-08-29T00:25:53.901+0000] {logging_mixin.py:190} INFO - [2024-08-29T00:25:53.901+0000] {dag.py:3211} INFO - Sync 1 DAGs
[2024-08-29T00:25:53.946+0000] {logging_mixin.py:190} INFO - [2024-08-29T00:25:53.945+0000] {dag.py:4138} INFO - Setting next_dagrun for latest_only_with_trigger to 2024-08-28 20:00:00+00:00, run_after=2024-08-29 00:00:00+00:00
[2024-08-29T00:25:54.011+0000] {processor.py:208} INFO - Processing /home/airflow/.local/lib/python3.12/site-packages/airflow/example_dags/example_latest_only_with_trigger.py took 0.230 seconds
[2024-08-29T00:26:24.625+0000] {processor.py:186} INFO - Started process (PID=1128) to work on /home/airflow/.local/lib/python3.12/site-packages/airflow/example_dags/example_latest_only_with_trigger.py
[2024-08-29T00:26:24.626+0000] {processor.py:914} INFO - Processing file /home/airflow/.local/lib/python3.12/site-packages/airflow/example_dags/example_latest_only_with_trigger.py for tasks to queue
[2024-08-29T00:26:24.629+0000] {logging_mixin.py:190} INFO - [2024-08-29T00:26:24.629+0000] {dagbag.py:587} INFO - Filling up the DagBag from /home/airflow/.local/lib/python3.12/site-packages/airflow/example_dags/example_latest_only_with_trigger.py
[2024-08-29T00:26:24.643+0000] {processor.py:925} INFO - DAG(s) 'latest_only_with_trigger' retrieved from /home/airflow/.local/lib/python3.12/site-packages/airflow/example_dags/example_latest_only_with_trigger.py
[2024-08-29T00:26:24.674+0000] {logging_mixin.py:190} INFO - [2024-08-29T00:26:24.673+0000] {dag.py:3211} INFO - Sync 1 DAGs
[2024-08-29T00:26:24.715+0000] {logging_mixin.py:190} INFO - [2024-08-29T00:26:24.714+0000] {dag.py:4138} INFO - Setting next_dagrun for latest_only_with_trigger to 2024-08-28 20:00:00+00:00, run_after=2024-08-29 00:00:00+00:00
[2024-08-29T00:26:24.762+0000] {processor.py:208} INFO - Processing /home/airflow/.local/lib/python3.12/site-packages/airflow/example_dags/example_latest_only_with_trigger.py took 0.147 seconds
[2024-08-29T00:26:55.769+0000] {processor.py:186} INFO - Started process (PID=1192) to work on /home/airflow/.local/lib/python3.12/site-packages/airflow/example_dags/example_latest_only_with_trigger.py
[2024-08-29T00:26:55.770+0000] {processor.py:914} INFO - Processing file /home/airflow/.local/lib/python3.12/site-packages/airflow/example_dags/example_latest_only_with_trigger.py for tasks to queue
[2024-08-29T00:26:55.774+0000] {logging_mixin.py:190} INFO - [2024-08-29T00:26:55.773+0000] {dagbag.py:587} INFO - Filling up the DagBag from /home/airflow/.local/lib/python3.12/site-packages/airflow/example_dags/example_latest_only_with_trigger.py
[2024-08-29T00:26:55.784+0000] {processor.py:925} INFO - DAG(s) 'latest_only_with_trigger' retrieved from /home/airflow/.local/lib/python3.12/site-packages/airflow/example_dags/example_latest_only_with_trigger.py
[2024-08-29T00:26:55.812+0000] {logging_mixin.py:190} INFO - [2024-08-29T00:26:55.812+0000] {dag.py:3211} INFO - Sync 1 DAGs
[2024-08-29T00:26:55.851+0000] {logging_mixin.py:190} INFO - [2024-08-29T00:26:55.851+0000] {dag.py:4138} INFO - Setting next_dagrun for latest_only_with_trigger to 2024-08-28 20:00:00+00:00, run_after=2024-08-29 00:00:00+00:00
[2024-08-29T00:26:55.893+0000] {processor.py:208} INFO - Processing /home/airflow/.local/lib/python3.12/site-packages/airflow/example_dags/example_latest_only_with_trigger.py took 0.134 seconds
[2024-08-29T00:27:26.876+0000] {processor.py:186} INFO - Started process (PID=1255) to work on /home/airflow/.local/lib/python3.12/site-packages/airflow/example_dags/example_latest_only_with_trigger.py
[2024-08-29T00:27:26.878+0000] {processor.py:914} INFO - Processing file /home/airflow/.local/lib/python3.12/site-packages/airflow/example_dags/example_latest_only_with_trigger.py for tasks to queue
[2024-08-29T00:27:26.884+0000] {logging_mixin.py:190} INFO - [2024-08-29T00:27:26.883+0000] {dagbag.py:587} INFO - Filling up the DagBag from /home/airflow/.local/lib/python3.12/site-packages/airflow/example_dags/example_latest_only_with_trigger.py
[2024-08-29T00:27:26.900+0000] {processor.py:925} INFO - DAG(s) 'latest_only_with_trigger' retrieved from /home/airflow/.local/lib/python3.12/site-packages/airflow/example_dags/example_latest_only_with_trigger.py
[2024-08-29T00:27:26.941+0000] {logging_mixin.py:190} INFO - [2024-08-29T00:27:26.940+0000] {dag.py:3211} INFO - Sync 1 DAGs
[2024-08-29T00:27:26.991+0000] {logging_mixin.py:190} INFO - [2024-08-29T00:27:26.991+0000] {dag.py:4138} INFO - Setting next_dagrun for latest_only_with_trigger to 2024-08-28 20:00:00+00:00, run_after=2024-08-29 00:00:00+00:00
[2024-08-29T00:27:27.018+0000] {processor.py:208} INFO - Processing /home/airflow/.local/lib/python3.12/site-packages/airflow/example_dags/example_latest_only_with_trigger.py took 0.151 seconds
[2024-08-29T00:27:57.604+0000] {processor.py:186} INFO - Started process (PID=1318) to work on /home/airflow/.local/lib/python3.12/site-packages/airflow/example_dags/example_latest_only_with_trigger.py
[2024-08-29T00:27:57.605+0000] {processor.py:914} INFO - Processing file /home/airflow/.local/lib/python3.12/site-packages/airflow/example_dags/example_latest_only_with_trigger.py for tasks to queue
[2024-08-29T00:27:57.610+0000] {logging_mixin.py:190} INFO - [2024-08-29T00:27:57.609+0000] {dagbag.py:587} INFO - Filling up the DagBag from /home/airflow/.local/lib/python3.12/site-packages/airflow/example_dags/example_latest_only_with_trigger.py
[2024-08-29T00:27:57.627+0000] {processor.py:925} INFO - DAG(s) 'latest_only_with_trigger' retrieved from /home/airflow/.local/lib/python3.12/site-packages/airflow/example_dags/example_latest_only_with_trigger.py
[2024-08-29T00:27:57.667+0000] {logging_mixin.py:190} INFO - [2024-08-29T00:27:57.667+0000] {dag.py:3211} INFO - Sync 1 DAGs
[2024-08-29T00:27:57.781+0000] {logging_mixin.py:190} INFO - [2024-08-29T00:27:57.780+0000] {dag.py:4138} INFO - Setting next_dagrun for latest_only_with_trigger to 2024-08-28 20:00:00+00:00, run_after=2024-08-29 00:00:00+00:00
[2024-08-29T00:27:57.935+0000] {processor.py:208} INFO - Processing /home/airflow/.local/lib/python3.12/site-packages/airflow/example_dags/example_latest_only_with_trigger.py took 0.344 seconds
[2024-08-29T00:28:28.148+0000] {processor.py:186} INFO - Started process (PID=1387) to work on /home/airflow/.local/lib/python3.12/site-packages/airflow/example_dags/example_latest_only_with_trigger.py
[2024-08-29T00:28:28.149+0000] {processor.py:914} INFO - Processing file /home/airflow/.local/lib/python3.12/site-packages/airflow/example_dags/example_latest_only_with_trigger.py for tasks to queue
[2024-08-29T00:28:28.154+0000] {logging_mixin.py:190} INFO - [2024-08-29T00:28:28.153+0000] {dagbag.py:587} INFO - Filling up the DagBag from /home/airflow/.local/lib/python3.12/site-packages/airflow/example_dags/example_latest_only_with_trigger.py
[2024-08-29T00:28:28.164+0000] {processor.py:925} INFO - DAG(s) 'latest_only_with_trigger' retrieved from /home/airflow/.local/lib/python3.12/site-packages/airflow/example_dags/example_latest_only_with_trigger.py
[2024-08-29T00:28:28.197+0000] {logging_mixin.py:190} INFO - [2024-08-29T00:28:28.196+0000] {dag.py:3211} INFO - Sync 1 DAGs
[2024-08-29T00:28:28.234+0000] {logging_mixin.py:190} INFO - [2024-08-29T00:28:28.234+0000] {dag.py:4138} INFO - Setting next_dagrun for latest_only_with_trigger to 2024-08-28 20:00:00+00:00, run_after=2024-08-29 00:00:00+00:00
[2024-08-29T00:28:28.278+0000] {processor.py:208} INFO - Processing /home/airflow/.local/lib/python3.12/site-packages/airflow/example_dags/example_latest_only_with_trigger.py took 0.140 seconds
[2024-08-29T00:28:58.987+0000] {processor.py:186} INFO - Started process (PID=1450) to work on /home/airflow/.local/lib/python3.12/site-packages/airflow/example_dags/example_latest_only_with_trigger.py
[2024-08-29T00:28:58.989+0000] {processor.py:914} INFO - Processing file /home/airflow/.local/lib/python3.12/site-packages/airflow/example_dags/example_latest_only_with_trigger.py for tasks to queue
[2024-08-29T00:28:58.993+0000] {logging_mixin.py:190} INFO - [2024-08-29T00:28:58.992+0000] {dagbag.py:587} INFO - Filling up the DagBag from /home/airflow/.local/lib/python3.12/site-packages/airflow/example_dags/example_latest_only_with_trigger.py
[2024-08-29T00:28:59.005+0000] {processor.py:925} INFO - DAG(s) 'latest_only_with_trigger' retrieved from /home/airflow/.local/lib/python3.12/site-packages/airflow/example_dags/example_latest_only_with_trigger.py
[2024-08-29T00:28:59.034+0000] {logging_mixin.py:190} INFO - [2024-08-29T00:28:59.034+0000] {dag.py:3211} INFO - Sync 1 DAGs
[2024-08-29T00:28:59.072+0000] {logging_mixin.py:190} INFO - [2024-08-29T00:28:59.072+0000] {dag.py:4138} INFO - Setting next_dagrun for latest_only_with_trigger to 2024-08-28 20:00:00+00:00, run_after=2024-08-29 00:00:00+00:00
[2024-08-29T00:28:59.100+0000] {processor.py:208} INFO - Processing /home/airflow/.local/lib/python3.12/site-packages/airflow/example_dags/example_latest_only_with_trigger.py took 0.123 seconds
[2024-08-29T00:33:09.441+0000] {processor.py:186} INFO - Started process (PID=115) to work on /home/airflow/.local/lib/python3.12/site-packages/airflow/example_dags/example_latest_only_with_trigger.py
[2024-08-29T00:33:09.451+0000] {processor.py:914} INFO - Processing file /home/airflow/.local/lib/python3.12/site-packages/airflow/example_dags/example_latest_only_with_trigger.py for tasks to queue
[2024-08-29T00:33:09.532+0000] {logging_mixin.py:190} INFO - [2024-08-29T00:33:09.531+0000] {dagbag.py:587} INFO - Filling up the DagBag from /home/airflow/.local/lib/python3.12/site-packages/airflow/example_dags/example_latest_only_with_trigger.py
[2024-08-29T00:33:09.587+0000] {processor.py:925} INFO - DAG(s) 'latest_only_with_trigger' retrieved from /home/airflow/.local/lib/python3.12/site-packages/airflow/example_dags/example_latest_only_with_trigger.py
[2024-08-29T00:33:09.935+0000] {logging_mixin.py:190} INFO - [2024-08-29T00:33:09.934+0000] {dag.py:3211} INFO - Sync 1 DAGs
[2024-08-29T00:33:10.068+0000] {logging_mixin.py:190} INFO - [2024-08-29T00:33:10.067+0000] {dag.py:4138} INFO - Setting next_dagrun for latest_only_with_trigger to 2024-08-28 20:00:00+00:00, run_after=2024-08-29 00:00:00+00:00
[2024-08-29T00:33:11.230+0000] {processor.py:208} INFO - Processing /home/airflow/.local/lib/python3.12/site-packages/airflow/example_dags/example_latest_only_with_trigger.py took 1.861 seconds
[2024-08-29T00:33:44.741+0000] {processor.py:186} INFO - Started process (PID=178) to work on /home/airflow/.local/lib/python3.12/site-packages/airflow/example_dags/example_latest_only_with_trigger.py
[2024-08-29T00:33:44.744+0000] {processor.py:914} INFO - Processing file /home/airflow/.local/lib/python3.12/site-packages/airflow/example_dags/example_latest_only_with_trigger.py for tasks to queue
[2024-08-29T00:33:44.752+0000] {logging_mixin.py:190} INFO - [2024-08-29T00:33:44.752+0000] {dagbag.py:587} INFO - Filling up the DagBag from /home/airflow/.local/lib/python3.12/site-packages/airflow/example_dags/example_latest_only_with_trigger.py
[2024-08-29T00:33:44.803+0000] {processor.py:925} INFO - DAG(s) 'latest_only_with_trigger' retrieved from /home/airflow/.local/lib/python3.12/site-packages/airflow/example_dags/example_latest_only_with_trigger.py
[2024-08-29T00:33:45.062+0000] {logging_mixin.py:190} INFO - [2024-08-29T00:33:45.061+0000] {dag.py:3211} INFO - Sync 1 DAGs
[2024-08-29T00:33:45.285+0000] {logging_mixin.py:190} INFO - [2024-08-29T00:33:45.284+0000] {dag.py:4138} INFO - Setting next_dagrun for latest_only_with_trigger to 2024-08-28 20:00:00+00:00, run_after=2024-08-29 00:00:00+00:00
[2024-08-29T00:33:45.388+0000] {processor.py:208} INFO - Processing /home/airflow/.local/lib/python3.12/site-packages/airflow/example_dags/example_latest_only_with_trigger.py took 0.672 seconds
[2024-08-29T00:34:15.927+0000] {processor.py:186} INFO - Started process (PID=248) to work on /home/airflow/.local/lib/python3.12/site-packages/airflow/example_dags/example_latest_only_with_trigger.py
[2024-08-29T00:34:15.928+0000] {processor.py:914} INFO - Processing file /home/airflow/.local/lib/python3.12/site-packages/airflow/example_dags/example_latest_only_with_trigger.py for tasks to queue
[2024-08-29T00:34:15.936+0000] {logging_mixin.py:190} INFO - [2024-08-29T00:34:15.935+0000] {dagbag.py:587} INFO - Filling up the DagBag from /home/airflow/.local/lib/python3.12/site-packages/airflow/example_dags/example_latest_only_with_trigger.py
[2024-08-29T00:34:15.952+0000] {processor.py:925} INFO - DAG(s) 'latest_only_with_trigger' retrieved from /home/airflow/.local/lib/python3.12/site-packages/airflow/example_dags/example_latest_only_with_trigger.py
[2024-08-29T00:34:15.981+0000] {logging_mixin.py:190} INFO - [2024-08-29T00:34:15.981+0000] {dag.py:3211} INFO - Sync 1 DAGs
[2024-08-29T00:34:16.019+0000] {logging_mixin.py:190} INFO - [2024-08-29T00:34:16.019+0000] {dag.py:4138} INFO - Setting next_dagrun for latest_only_with_trigger to 2024-08-28 20:00:00+00:00, run_after=2024-08-29 00:00:00+00:00
[2024-08-29T00:34:16.050+0000] {processor.py:208} INFO - Processing /home/airflow/.local/lib/python3.12/site-packages/airflow/example_dags/example_latest_only_with_trigger.py took 0.133 seconds
[2024-08-29T00:34:46.702+0000] {processor.py:186} INFO - Started process (PID=310) to work on /home/airflow/.local/lib/python3.12/site-packages/airflow/example_dags/example_latest_only_with_trigger.py
[2024-08-29T00:34:46.703+0000] {processor.py:914} INFO - Processing file /home/airflow/.local/lib/python3.12/site-packages/airflow/example_dags/example_latest_only_with_trigger.py for tasks to queue
[2024-08-29T00:34:46.708+0000] {logging_mixin.py:190} INFO - [2024-08-29T00:34:46.707+0000] {dagbag.py:587} INFO - Filling up the DagBag from /home/airflow/.local/lib/python3.12/site-packages/airflow/example_dags/example_latest_only_with_trigger.py
[2024-08-29T00:34:46.718+0000] {processor.py:925} INFO - DAG(s) 'latest_only_with_trigger' retrieved from /home/airflow/.local/lib/python3.12/site-packages/airflow/example_dags/example_latest_only_with_trigger.py
[2024-08-29T00:34:46.750+0000] {logging_mixin.py:190} INFO - [2024-08-29T00:34:46.750+0000] {dag.py:3211} INFO - Sync 1 DAGs
[2024-08-29T00:34:46.784+0000] {logging_mixin.py:190} INFO - [2024-08-29T00:34:46.784+0000] {dag.py:4138} INFO - Setting next_dagrun for latest_only_with_trigger to 2024-08-28 20:00:00+00:00, run_after=2024-08-29 00:00:00+00:00
[2024-08-29T00:34:46.821+0000] {processor.py:208} INFO - Processing /home/airflow/.local/lib/python3.12/site-packages/airflow/example_dags/example_latest_only_with_trigger.py took 0.128 seconds
[2024-08-29T00:35:17.423+0000] {processor.py:186} INFO - Started process (PID=373) to work on /home/airflow/.local/lib/python3.12/site-packages/airflow/example_dags/example_latest_only_with_trigger.py
[2024-08-29T00:35:17.425+0000] {processor.py:914} INFO - Processing file /home/airflow/.local/lib/python3.12/site-packages/airflow/example_dags/example_latest_only_with_trigger.py for tasks to queue
[2024-08-29T00:35:17.428+0000] {logging_mixin.py:190} INFO - [2024-08-29T00:35:17.427+0000] {dagbag.py:587} INFO - Filling up the DagBag from /home/airflow/.local/lib/python3.12/site-packages/airflow/example_dags/example_latest_only_with_trigger.py
[2024-08-29T00:35:17.437+0000] {processor.py:925} INFO - DAG(s) 'latest_only_with_trigger' retrieved from /home/airflow/.local/lib/python3.12/site-packages/airflow/example_dags/example_latest_only_with_trigger.py
[2024-08-29T00:35:17.467+0000] {logging_mixin.py:190} INFO - [2024-08-29T00:35:17.466+0000] {dag.py:3211} INFO - Sync 1 DAGs
[2024-08-29T00:35:17.502+0000] {logging_mixin.py:190} INFO - [2024-08-29T00:35:17.502+0000] {dag.py:4138} INFO - Setting next_dagrun for latest_only_with_trigger to 2024-08-28 20:00:00+00:00, run_after=2024-08-29 00:00:00+00:00
[2024-08-29T00:35:17.534+0000] {processor.py:208} INFO - Processing /home/airflow/.local/lib/python3.12/site-packages/airflow/example_dags/example_latest_only_with_trigger.py took 0.120 seconds
[2024-08-29T00:35:48.346+0000] {processor.py:186} INFO - Started process (PID=436) to work on /home/airflow/.local/lib/python3.12/site-packages/airflow/example_dags/example_latest_only_with_trigger.py
[2024-08-29T00:35:48.347+0000] {processor.py:914} INFO - Processing file /home/airflow/.local/lib/python3.12/site-packages/airflow/example_dags/example_latest_only_with_trigger.py for tasks to queue
[2024-08-29T00:35:48.351+0000] {logging_mixin.py:190} INFO - [2024-08-29T00:35:48.350+0000] {dagbag.py:587} INFO - Filling up the DagBag from /home/airflow/.local/lib/python3.12/site-packages/airflow/example_dags/example_latest_only_with_trigger.py
[2024-08-29T00:35:48.372+0000] {processor.py:925} INFO - DAG(s) 'latest_only_with_trigger' retrieved from /home/airflow/.local/lib/python3.12/site-packages/airflow/example_dags/example_latest_only_with_trigger.py
[2024-08-29T00:35:48.443+0000] {logging_mixin.py:190} INFO - [2024-08-29T00:35:48.443+0000] {dag.py:3211} INFO - Sync 1 DAGs
[2024-08-29T00:35:48.520+0000] {logging_mixin.py:190} INFO - [2024-08-29T00:35:48.520+0000] {dag.py:4138} INFO - Setting next_dagrun for latest_only_with_trigger to 2024-08-28 20:00:00+00:00, run_after=2024-08-29 00:00:00+00:00
[2024-08-29T00:35:48.573+0000] {processor.py:208} INFO - Processing /home/airflow/.local/lib/python3.12/site-packages/airflow/example_dags/example_latest_only_with_trigger.py took 0.236 seconds
[2024-08-29T00:36:19.146+0000] {processor.py:186} INFO - Started process (PID=499) to work on /home/airflow/.local/lib/python3.12/site-packages/airflow/example_dags/example_latest_only_with_trigger.py
[2024-08-29T00:36:19.148+0000] {processor.py:914} INFO - Processing file /home/airflow/.local/lib/python3.12/site-packages/airflow/example_dags/example_latest_only_with_trigger.py for tasks to queue
[2024-08-29T00:36:19.159+0000] {logging_mixin.py:190} INFO - [2024-08-29T00:36:19.157+0000] {dagbag.py:587} INFO - Filling up the DagBag from /home/airflow/.local/lib/python3.12/site-packages/airflow/example_dags/example_latest_only_with_trigger.py
[2024-08-29T00:36:19.174+0000] {processor.py:925} INFO - DAG(s) 'latest_only_with_trigger' retrieved from /home/airflow/.local/lib/python3.12/site-packages/airflow/example_dags/example_latest_only_with_trigger.py
[2024-08-29T00:36:19.211+0000] {logging_mixin.py:190} INFO - [2024-08-29T00:36:19.210+0000] {dag.py:3211} INFO - Sync 1 DAGs
[2024-08-29T00:36:19.250+0000] {logging_mixin.py:190} INFO - [2024-08-29T00:36:19.250+0000] {dag.py:4138} INFO - Setting next_dagrun for latest_only_with_trigger to 2024-08-28 20:00:00+00:00, run_after=2024-08-29 00:00:00+00:00
[2024-08-29T00:36:19.298+0000] {processor.py:208} INFO - Processing /home/airflow/.local/lib/python3.12/site-packages/airflow/example_dags/example_latest_only_with_trigger.py took 0.174 seconds
[2024-08-29T00:36:49.472+0000] {processor.py:186} INFO - Started process (PID=560) to work on /home/airflow/.local/lib/python3.12/site-packages/airflow/example_dags/example_latest_only_with_trigger.py
[2024-08-29T00:36:49.474+0000] {processor.py:914} INFO - Processing file /home/airflow/.local/lib/python3.12/site-packages/airflow/example_dags/example_latest_only_with_trigger.py for tasks to queue
[2024-08-29T00:36:49.477+0000] {logging_mixin.py:190} INFO - [2024-08-29T00:36:49.477+0000] {dagbag.py:587} INFO - Filling up the DagBag from /home/airflow/.local/lib/python3.12/site-packages/airflow/example_dags/example_latest_only_with_trigger.py
[2024-08-29T00:36:49.489+0000] {processor.py:925} INFO - DAG(s) 'latest_only_with_trigger' retrieved from /home/airflow/.local/lib/python3.12/site-packages/airflow/example_dags/example_latest_only_with_trigger.py
[2024-08-29T00:36:49.519+0000] {logging_mixin.py:190} INFO - [2024-08-29T00:36:49.519+0000] {dag.py:3211} INFO - Sync 1 DAGs
[2024-08-29T00:36:49.550+0000] {logging_mixin.py:190} INFO - [2024-08-29T00:36:49.550+0000] {dag.py:4138} INFO - Setting next_dagrun for latest_only_with_trigger to 2024-08-28 20:00:00+00:00, run_after=2024-08-29 00:00:00+00:00
[2024-08-29T00:36:49.587+0000] {processor.py:208} INFO - Processing /home/airflow/.local/lib/python3.12/site-packages/airflow/example_dags/example_latest_only_with_trigger.py took 0.124 seconds
[2024-08-29T00:37:20.210+0000] {processor.py:186} INFO - Started process (PID=625) to work on /home/airflow/.local/lib/python3.12/site-packages/airflow/example_dags/example_latest_only_with_trigger.py
[2024-08-29T00:37:20.212+0000] {processor.py:914} INFO - Processing file /home/airflow/.local/lib/python3.12/site-packages/airflow/example_dags/example_latest_only_with_trigger.py for tasks to queue
[2024-08-29T00:37:20.216+0000] {logging_mixin.py:190} INFO - [2024-08-29T00:37:20.216+0000] {dagbag.py:587} INFO - Filling up the DagBag from /home/airflow/.local/lib/python3.12/site-packages/airflow/example_dags/example_latest_only_with_trigger.py
[2024-08-29T00:37:20.239+0000] {processor.py:925} INFO - DAG(s) 'latest_only_with_trigger' retrieved from /home/airflow/.local/lib/python3.12/site-packages/airflow/example_dags/example_latest_only_with_trigger.py
[2024-08-29T00:37:20.312+0000] {logging_mixin.py:190} INFO - [2024-08-29T00:37:20.312+0000] {dag.py:3211} INFO - Sync 1 DAGs
[2024-08-29T00:37:20.576+0000] {logging_mixin.py:190} INFO - [2024-08-29T00:37:20.575+0000] {dag.py:4138} INFO - Setting next_dagrun for latest_only_with_trigger to 2024-08-28 20:00:00+00:00, run_after=2024-08-29 00:00:00+00:00
[2024-08-29T00:37:20.746+0000] {processor.py:208} INFO - Processing /home/airflow/.local/lib/python3.12/site-packages/airflow/example_dags/example_latest_only_with_trigger.py took 0.547 seconds
[2024-08-29T00:37:51.501+0000] {processor.py:186} INFO - Started process (PID=688) to work on /home/airflow/.local/lib/python3.12/site-packages/airflow/example_dags/example_latest_only_with_trigger.py
[2024-08-29T00:37:51.503+0000] {processor.py:914} INFO - Processing file /home/airflow/.local/lib/python3.12/site-packages/airflow/example_dags/example_latest_only_with_trigger.py for tasks to queue
[2024-08-29T00:37:51.506+0000] {logging_mixin.py:190} INFO - [2024-08-29T00:37:51.506+0000] {dagbag.py:587} INFO - Filling up the DagBag from /home/airflow/.local/lib/python3.12/site-packages/airflow/example_dags/example_latest_only_with_trigger.py
[2024-08-29T00:37:51.518+0000] {processor.py:925} INFO - DAG(s) 'latest_only_with_trigger' retrieved from /home/airflow/.local/lib/python3.12/site-packages/airflow/example_dags/example_latest_only_with_trigger.py
[2024-08-29T00:37:51.554+0000] {logging_mixin.py:190} INFO - [2024-08-29T00:37:51.553+0000] {dag.py:3211} INFO - Sync 1 DAGs
[2024-08-29T00:37:51.600+0000] {logging_mixin.py:190} INFO - [2024-08-29T00:37:51.600+0000] {dag.py:4138} INFO - Setting next_dagrun for latest_only_with_trigger to 2024-08-28 20:00:00+00:00, run_after=2024-08-29 00:00:00+00:00
[2024-08-29T00:37:51.636+0000] {processor.py:208} INFO - Processing /home/airflow/.local/lib/python3.12/site-packages/airflow/example_dags/example_latest_only_with_trigger.py took 0.144 seconds
[2024-08-29T00:38:22.494+0000] {processor.py:186} INFO - Started process (PID=751) to work on /home/airflow/.local/lib/python3.12/site-packages/airflow/example_dags/example_latest_only_with_trigger.py
[2024-08-29T00:38:22.495+0000] {processor.py:914} INFO - Processing file /home/airflow/.local/lib/python3.12/site-packages/airflow/example_dags/example_latest_only_with_trigger.py for tasks to queue
[2024-08-29T00:38:22.499+0000] {logging_mixin.py:190} INFO - [2024-08-29T00:38:22.498+0000] {dagbag.py:587} INFO - Filling up the DagBag from /home/airflow/.local/lib/python3.12/site-packages/airflow/example_dags/example_latest_only_with_trigger.py
[2024-08-29T00:38:22.509+0000] {processor.py:925} INFO - DAG(s) 'latest_only_with_trigger' retrieved from /home/airflow/.local/lib/python3.12/site-packages/airflow/example_dags/example_latest_only_with_trigger.py
[2024-08-29T00:38:22.542+0000] {logging_mixin.py:190} INFO - [2024-08-29T00:38:22.542+0000] {dag.py:3211} INFO - Sync 1 DAGs
[2024-08-29T00:38:22.584+0000] {logging_mixin.py:190} INFO - [2024-08-29T00:38:22.584+0000] {dag.py:4138} INFO - Setting next_dagrun for latest_only_with_trigger to 2024-08-28 20:00:00+00:00, run_after=2024-08-29 00:00:00+00:00
[2024-08-29T00:38:22.622+0000] {processor.py:208} INFO - Processing /home/airflow/.local/lib/python3.12/site-packages/airflow/example_dags/example_latest_only_with_trigger.py took 0.135 seconds
[2024-08-29T00:38:53.231+0000] {processor.py:186} INFO - Started process (PID=814) to work on /home/airflow/.local/lib/python3.12/site-packages/airflow/example_dags/example_latest_only_with_trigger.py
[2024-08-29T00:38:53.232+0000] {processor.py:914} INFO - Processing file /home/airflow/.local/lib/python3.12/site-packages/airflow/example_dags/example_latest_only_with_trigger.py for tasks to queue
[2024-08-29T00:38:53.236+0000] {logging_mixin.py:190} INFO - [2024-08-29T00:38:53.235+0000] {dagbag.py:587} INFO - Filling up the DagBag from /home/airflow/.local/lib/python3.12/site-packages/airflow/example_dags/example_latest_only_with_trigger.py
[2024-08-29T00:38:53.246+0000] {processor.py:925} INFO - DAG(s) 'latest_only_with_trigger' retrieved from /home/airflow/.local/lib/python3.12/site-packages/airflow/example_dags/example_latest_only_with_trigger.py
[2024-08-29T00:38:53.282+0000] {logging_mixin.py:190} INFO - [2024-08-29T00:38:53.281+0000] {dag.py:3211} INFO - Sync 1 DAGs
[2024-08-29T00:38:53.322+0000] {logging_mixin.py:190} INFO - [2024-08-29T00:38:53.322+0000] {dag.py:4138} INFO - Setting next_dagrun for latest_only_with_trigger to 2024-08-28 20:00:00+00:00, run_after=2024-08-29 00:00:00+00:00
[2024-08-29T00:38:53.370+0000] {processor.py:208} INFO - Processing /home/airflow/.local/lib/python3.12/site-packages/airflow/example_dags/example_latest_only_with_trigger.py took 0.150 seconds
[2024-08-29T00:39:23.671+0000] {processor.py:186} INFO - Started process (PID=876) to work on /home/airflow/.local/lib/python3.12/site-packages/airflow/example_dags/example_latest_only_with_trigger.py
[2024-08-29T00:39:23.672+0000] {processor.py:914} INFO - Processing file /home/airflow/.local/lib/python3.12/site-packages/airflow/example_dags/example_latest_only_with_trigger.py for tasks to queue
[2024-08-29T00:39:23.676+0000] {logging_mixin.py:190} INFO - [2024-08-29T00:39:23.675+0000] {dagbag.py:587} INFO - Filling up the DagBag from /home/airflow/.local/lib/python3.12/site-packages/airflow/example_dags/example_latest_only_with_trigger.py
[2024-08-29T00:39:23.685+0000] {processor.py:925} INFO - DAG(s) 'latest_only_with_trigger' retrieved from /home/airflow/.local/lib/python3.12/site-packages/airflow/example_dags/example_latest_only_with_trigger.py
[2024-08-29T00:39:23.718+0000] {logging_mixin.py:190} INFO - [2024-08-29T00:39:23.717+0000] {dag.py:3211} INFO - Sync 1 DAGs
[2024-08-29T00:39:23.756+0000] {logging_mixin.py:190} INFO - [2024-08-29T00:39:23.756+0000] {dag.py:4138} INFO - Setting next_dagrun for latest_only_with_trigger to 2024-08-28 20:00:00+00:00, run_after=2024-08-29 00:00:00+00:00
[2024-08-29T00:39:23.787+0000] {processor.py:208} INFO - Processing /home/airflow/.local/lib/python3.12/site-packages/airflow/example_dags/example_latest_only_with_trigger.py took 0.127 seconds
[2024-08-29T00:39:53.866+0000] {processor.py:186} INFO - Started process (PID=940) to work on /home/airflow/.local/lib/python3.12/site-packages/airflow/example_dags/example_latest_only_with_trigger.py
[2024-08-29T00:39:53.868+0000] {processor.py:914} INFO - Processing file /home/airflow/.local/lib/python3.12/site-packages/airflow/example_dags/example_latest_only_with_trigger.py for tasks to queue
[2024-08-29T00:39:53.873+0000] {logging_mixin.py:190} INFO - [2024-08-29T00:39:53.872+0000] {dagbag.py:587} INFO - Filling up the DagBag from /home/airflow/.local/lib/python3.12/site-packages/airflow/example_dags/example_latest_only_with_trigger.py
[2024-08-29T00:39:53.886+0000] {processor.py:925} INFO - DAG(s) 'latest_only_with_trigger' retrieved from /home/airflow/.local/lib/python3.12/site-packages/airflow/example_dags/example_latest_only_with_trigger.py
[2024-08-29T00:39:53.920+0000] {logging_mixin.py:190} INFO - [2024-08-29T00:39:53.920+0000] {dag.py:3211} INFO - Sync 1 DAGs
[2024-08-29T00:39:53.956+0000] {logging_mixin.py:190} INFO - [2024-08-29T00:39:53.956+0000] {dag.py:4138} INFO - Setting next_dagrun for latest_only_with_trigger to 2024-08-28 20:00:00+00:00, run_after=2024-08-29 00:00:00+00:00
[2024-08-29T00:39:54.004+0000] {processor.py:208} INFO - Processing /home/airflow/.local/lib/python3.12/site-packages/airflow/example_dags/example_latest_only_with_trigger.py took 0.146 seconds
[2024-08-29T00:40:24.857+0000] {processor.py:186} INFO - Started process (PID=1004) to work on /home/airflow/.local/lib/python3.12/site-packages/airflow/example_dags/example_latest_only_with_trigger.py
[2024-08-29T00:40:24.859+0000] {processor.py:914} INFO - Processing file /home/airflow/.local/lib/python3.12/site-packages/airflow/example_dags/example_latest_only_with_trigger.py for tasks to queue
[2024-08-29T00:40:24.862+0000] {logging_mixin.py:190} INFO - [2024-08-29T00:40:24.861+0000] {dagbag.py:587} INFO - Filling up the DagBag from /home/airflow/.local/lib/python3.12/site-packages/airflow/example_dags/example_latest_only_with_trigger.py
[2024-08-29T00:40:24.875+0000] {processor.py:925} INFO - DAG(s) 'latest_only_with_trigger' retrieved from /home/airflow/.local/lib/python3.12/site-packages/airflow/example_dags/example_latest_only_with_trigger.py
[2024-08-29T00:40:24.906+0000] {logging_mixin.py:190} INFO - [2024-08-29T00:40:24.906+0000] {dag.py:3211} INFO - Sync 1 DAGs
[2024-08-29T00:40:24.944+0000] {logging_mixin.py:190} INFO - [2024-08-29T00:40:24.944+0000] {dag.py:4138} INFO - Setting next_dagrun for latest_only_with_trigger to 2024-08-28 20:00:00+00:00, run_after=2024-08-29 00:00:00+00:00
[2024-08-29T00:40:24.980+0000] {processor.py:208} INFO - Processing /home/airflow/.local/lib/python3.12/site-packages/airflow/example_dags/example_latest_only_with_trigger.py took 0.131 seconds
[2024-08-29T00:40:57.979+0000] {processor.py:186} INFO - Started process (PID=1067) to work on /home/airflow/.local/lib/python3.12/site-packages/airflow/example_dags/example_latest_only_with_trigger.py
[2024-08-29T00:40:57.991+0000] {processor.py:914} INFO - Processing file /home/airflow/.local/lib/python3.12/site-packages/airflow/example_dags/example_latest_only_with_trigger.py for tasks to queue
[2024-08-29T00:40:58.015+0000] {logging_mixin.py:190} INFO - [2024-08-29T00:40:58.006+0000] {dagbag.py:587} INFO - Filling up the DagBag from /home/airflow/.local/lib/python3.12/site-packages/airflow/example_dags/example_latest_only_with_trigger.py
[2024-08-29T00:40:58.055+0000] {processor.py:925} INFO - DAG(s) 'latest_only_with_trigger' retrieved from /home/airflow/.local/lib/python3.12/site-packages/airflow/example_dags/example_latest_only_with_trigger.py
[2024-08-29T00:40:58.243+0000] {logging_mixin.py:190} INFO - [2024-08-29T00:40:58.242+0000] {dag.py:3211} INFO - Sync 1 DAGs
[2024-08-29T00:40:58.646+0000] {logging_mixin.py:190} INFO - [2024-08-29T00:40:58.634+0000] {dag.py:4138} INFO - Setting next_dagrun for latest_only_with_trigger to 2024-08-28 20:00:00+00:00, run_after=2024-08-29 00:00:00+00:00
[2024-08-29T00:40:58.769+0000] {processor.py:208} INFO - Processing /home/airflow/.local/lib/python3.12/site-packages/airflow/example_dags/example_latest_only_with_trigger.py took 0.822 seconds
[2024-08-29T00:41:29.543+0000] {processor.py:186} INFO - Started process (PID=1130) to work on /home/airflow/.local/lib/python3.12/site-packages/airflow/example_dags/example_latest_only_with_trigger.py
[2024-08-29T00:41:29.544+0000] {processor.py:914} INFO - Processing file /home/airflow/.local/lib/python3.12/site-packages/airflow/example_dags/example_latest_only_with_trigger.py for tasks to queue
[2024-08-29T00:41:29.547+0000] {logging_mixin.py:190} INFO - [2024-08-29T00:41:29.547+0000] {dagbag.py:587} INFO - Filling up the DagBag from /home/airflow/.local/lib/python3.12/site-packages/airflow/example_dags/example_latest_only_with_trigger.py
[2024-08-29T00:41:29.559+0000] {processor.py:925} INFO - DAG(s) 'latest_only_with_trigger' retrieved from /home/airflow/.local/lib/python3.12/site-packages/airflow/example_dags/example_latest_only_with_trigger.py
[2024-08-29T00:41:29.589+0000] {logging_mixin.py:190} INFO - [2024-08-29T00:41:29.589+0000] {dag.py:3211} INFO - Sync 1 DAGs
[2024-08-29T00:41:29.628+0000] {logging_mixin.py:190} INFO - [2024-08-29T00:41:29.628+0000] {dag.py:4138} INFO - Setting next_dagrun for latest_only_with_trigger to 2024-08-28 20:00:00+00:00, run_after=2024-08-29 00:00:00+00:00
[2024-08-29T00:41:29.660+0000] {processor.py:208} INFO - Processing /home/airflow/.local/lib/python3.12/site-packages/airflow/example_dags/example_latest_only_with_trigger.py took 0.126 seconds
[2024-08-29T00:42:00.173+0000] {processor.py:186} INFO - Started process (PID=1194) to work on /home/airflow/.local/lib/python3.12/site-packages/airflow/example_dags/example_latest_only_with_trigger.py
[2024-08-29T00:42:00.174+0000] {processor.py:914} INFO - Processing file /home/airflow/.local/lib/python3.12/site-packages/airflow/example_dags/example_latest_only_with_trigger.py for tasks to queue
[2024-08-29T00:42:00.178+0000] {logging_mixin.py:190} INFO - [2024-08-29T00:42:00.177+0000] {dagbag.py:587} INFO - Filling up the DagBag from /home/airflow/.local/lib/python3.12/site-packages/airflow/example_dags/example_latest_only_with_trigger.py
[2024-08-29T00:42:00.188+0000] {processor.py:925} INFO - DAG(s) 'latest_only_with_trigger' retrieved from /home/airflow/.local/lib/python3.12/site-packages/airflow/example_dags/example_latest_only_with_trigger.py
[2024-08-29T00:42:00.216+0000] {logging_mixin.py:190} INFO - [2024-08-29T00:42:00.215+0000] {dag.py:3211} INFO - Sync 1 DAGs
[2024-08-29T00:42:00.248+0000] {logging_mixin.py:190} INFO - [2024-08-29T00:42:00.248+0000] {dag.py:4138} INFO - Setting next_dagrun for latest_only_with_trigger to 2024-08-28 20:00:00+00:00, run_after=2024-08-29 00:00:00+00:00
[2024-08-29T00:42:00.291+0000] {processor.py:208} INFO - Processing /home/airflow/.local/lib/python3.12/site-packages/airflow/example_dags/example_latest_only_with_trigger.py took 0.127 seconds
[2024-08-29T00:42:30.710+0000] {processor.py:186} INFO - Started process (PID=1257) to work on /home/airflow/.local/lib/python3.12/site-packages/airflow/example_dags/example_latest_only_with_trigger.py
[2024-08-29T00:42:30.711+0000] {processor.py:914} INFO - Processing file /home/airflow/.local/lib/python3.12/site-packages/airflow/example_dags/example_latest_only_with_trigger.py for tasks to queue
[2024-08-29T00:42:30.715+0000] {logging_mixin.py:190} INFO - [2024-08-29T00:42:30.714+0000] {dagbag.py:587} INFO - Filling up the DagBag from /home/airflow/.local/lib/python3.12/site-packages/airflow/example_dags/example_latest_only_with_trigger.py
[2024-08-29T00:42:30.724+0000] {processor.py:925} INFO - DAG(s) 'latest_only_with_trigger' retrieved from /home/airflow/.local/lib/python3.12/site-packages/airflow/example_dags/example_latest_only_with_trigger.py
[2024-08-29T00:42:30.751+0000] {logging_mixin.py:190} INFO - [2024-08-29T00:42:30.750+0000] {dag.py:3211} INFO - Sync 1 DAGs
[2024-08-29T00:42:30.785+0000] {logging_mixin.py:190} INFO - [2024-08-29T00:42:30.784+0000] {dag.py:4138} INFO - Setting next_dagrun for latest_only_with_trigger to 2024-08-28 20:00:00+00:00, run_after=2024-08-29 00:00:00+00:00
[2024-08-29T00:42:30.820+0000] {processor.py:208} INFO - Processing /home/airflow/.local/lib/python3.12/site-packages/airflow/example_dags/example_latest_only_with_trigger.py took 0.118 seconds
[2024-08-29T00:43:01.371+0000] {processor.py:186} INFO - Started process (PID=1320) to work on /home/airflow/.local/lib/python3.12/site-packages/airflow/example_dags/example_latest_only_with_trigger.py
[2024-08-29T00:43:01.373+0000] {processor.py:914} INFO - Processing file /home/airflow/.local/lib/python3.12/site-packages/airflow/example_dags/example_latest_only_with_trigger.py for tasks to queue
[2024-08-29T00:43:01.376+0000] {logging_mixin.py:190} INFO - [2024-08-29T00:43:01.376+0000] {dagbag.py:587} INFO - Filling up the DagBag from /home/airflow/.local/lib/python3.12/site-packages/airflow/example_dags/example_latest_only_with_trigger.py
[2024-08-29T00:43:01.386+0000] {processor.py:925} INFO - DAG(s) 'latest_only_with_trigger' retrieved from /home/airflow/.local/lib/python3.12/site-packages/airflow/example_dags/example_latest_only_with_trigger.py
[2024-08-29T00:43:01.414+0000] {logging_mixin.py:190} INFO - [2024-08-29T00:43:01.413+0000] {dag.py:3211} INFO - Sync 1 DAGs
[2024-08-29T00:43:01.446+0000] {logging_mixin.py:190} INFO - [2024-08-29T00:43:01.446+0000] {dag.py:4138} INFO - Setting next_dagrun for latest_only_with_trigger to 2024-08-28 20:00:00+00:00, run_after=2024-08-29 00:00:00+00:00
[2024-08-29T00:43:01.493+0000] {processor.py:208} INFO - Processing /home/airflow/.local/lib/python3.12/site-packages/airflow/example_dags/example_latest_only_with_trigger.py took 0.131 seconds
[2024-08-29T00:43:32.054+0000] {processor.py:186} INFO - Started process (PID=1382) to work on /home/airflow/.local/lib/python3.12/site-packages/airflow/example_dags/example_latest_only_with_trigger.py
[2024-08-29T00:43:32.055+0000] {processor.py:914} INFO - Processing file /home/airflow/.local/lib/python3.12/site-packages/airflow/example_dags/example_latest_only_with_trigger.py for tasks to queue
[2024-08-29T00:43:32.059+0000] {logging_mixin.py:190} INFO - [2024-08-29T00:43:32.058+0000] {dagbag.py:587} INFO - Filling up the DagBag from /home/airflow/.local/lib/python3.12/site-packages/airflow/example_dags/example_latest_only_with_trigger.py
[2024-08-29T00:43:32.068+0000] {processor.py:925} INFO - DAG(s) 'latest_only_with_trigger' retrieved from /home/airflow/.local/lib/python3.12/site-packages/airflow/example_dags/example_latest_only_with_trigger.py
[2024-08-29T00:43:32.095+0000] {logging_mixin.py:190} INFO - [2024-08-29T00:43:32.095+0000] {dag.py:3211} INFO - Sync 1 DAGs
[2024-08-29T00:43:32.126+0000] {logging_mixin.py:190} INFO - [2024-08-29T00:43:32.126+0000] {dag.py:4138} INFO - Setting next_dagrun for latest_only_with_trigger to 2024-08-28 20:00:00+00:00, run_after=2024-08-29 00:00:00+00:00
[2024-08-29T00:43:32.161+0000] {processor.py:208} INFO - Processing /home/airflow/.local/lib/python3.12/site-packages/airflow/example_dags/example_latest_only_with_trigger.py took 0.115 seconds
[2024-08-29T00:44:02.648+0000] {processor.py:186} INFO - Started process (PID=1445) to work on /home/airflow/.local/lib/python3.12/site-packages/airflow/example_dags/example_latest_only_with_trigger.py
[2024-08-29T00:44:02.649+0000] {processor.py:914} INFO - Processing file /home/airflow/.local/lib/python3.12/site-packages/airflow/example_dags/example_latest_only_with_trigger.py for tasks to queue
[2024-08-29T00:44:02.653+0000] {logging_mixin.py:190} INFO - [2024-08-29T00:44:02.652+0000] {dagbag.py:587} INFO - Filling up the DagBag from /home/airflow/.local/lib/python3.12/site-packages/airflow/example_dags/example_latest_only_with_trigger.py
[2024-08-29T00:44:02.662+0000] {processor.py:925} INFO - DAG(s) 'latest_only_with_trigger' retrieved from /home/airflow/.local/lib/python3.12/site-packages/airflow/example_dags/example_latest_only_with_trigger.py
[2024-08-29T00:44:02.689+0000] {logging_mixin.py:190} INFO - [2024-08-29T00:44:02.689+0000] {dag.py:3211} INFO - Sync 1 DAGs
[2024-08-29T00:44:02.719+0000] {logging_mixin.py:190} INFO - [2024-08-29T00:44:02.719+0000] {dag.py:4138} INFO - Setting next_dagrun for latest_only_with_trigger to 2024-08-28 20:00:00+00:00, run_after=2024-08-29 00:00:00+00:00
[2024-08-29T00:44:02.756+0000] {processor.py:208} INFO - Processing /home/airflow/.local/lib/python3.12/site-packages/airflow/example_dags/example_latest_only_with_trigger.py took 0.116 seconds
[2024-08-29T00:44:33.382+0000] {processor.py:186} INFO - Started process (PID=1508) to work on /home/airflow/.local/lib/python3.12/site-packages/airflow/example_dags/example_latest_only_with_trigger.py
[2024-08-29T00:44:33.383+0000] {processor.py:914} INFO - Processing file /home/airflow/.local/lib/python3.12/site-packages/airflow/example_dags/example_latest_only_with_trigger.py for tasks to queue
[2024-08-29T00:44:33.387+0000] {logging_mixin.py:190} INFO - [2024-08-29T00:44:33.387+0000] {dagbag.py:587} INFO - Filling up the DagBag from /home/airflow/.local/lib/python3.12/site-packages/airflow/example_dags/example_latest_only_with_trigger.py
[2024-08-29T00:44:33.397+0000] {processor.py:925} INFO - DAG(s) 'latest_only_with_trigger' retrieved from /home/airflow/.local/lib/python3.12/site-packages/airflow/example_dags/example_latest_only_with_trigger.py
[2024-08-29T00:44:33.431+0000] {logging_mixin.py:190} INFO - [2024-08-29T00:44:33.430+0000] {dag.py:3211} INFO - Sync 1 DAGs
[2024-08-29T00:44:33.470+0000] {logging_mixin.py:190} INFO - [2024-08-29T00:44:33.470+0000] {dag.py:4138} INFO - Setting next_dagrun for latest_only_with_trigger to 2024-08-28 20:00:00+00:00, run_after=2024-08-29 00:00:00+00:00
[2024-08-29T00:44:33.499+0000] {processor.py:208} INFO - Processing /home/airflow/.local/lib/python3.12/site-packages/airflow/example_dags/example_latest_only_with_trigger.py took 0.125 seconds
[2024-08-29T00:45:03.876+0000] {processor.py:186} INFO - Started process (PID=1571) to work on /home/airflow/.local/lib/python3.12/site-packages/airflow/example_dags/example_latest_only_with_trigger.py
[2024-08-29T00:45:03.877+0000] {processor.py:914} INFO - Processing file /home/airflow/.local/lib/python3.12/site-packages/airflow/example_dags/example_latest_only_with_trigger.py for tasks to queue
[2024-08-29T00:45:03.880+0000] {logging_mixin.py:190} INFO - [2024-08-29T00:45:03.880+0000] {dagbag.py:587} INFO - Filling up the DagBag from /home/airflow/.local/lib/python3.12/site-packages/airflow/example_dags/example_latest_only_with_trigger.py
[2024-08-29T00:45:03.891+0000] {processor.py:925} INFO - DAG(s) 'latest_only_with_trigger' retrieved from /home/airflow/.local/lib/python3.12/site-packages/airflow/example_dags/example_latest_only_with_trigger.py
[2024-08-29T00:45:03.924+0000] {logging_mixin.py:190} INFO - [2024-08-29T00:45:03.924+0000] {dag.py:3211} INFO - Sync 1 DAGs
[2024-08-29T00:45:03.962+0000] {logging_mixin.py:190} INFO - [2024-08-29T00:45:03.961+0000] {dag.py:4138} INFO - Setting next_dagrun for latest_only_with_trigger to 2024-08-28 20:00:00+00:00, run_after=2024-08-29 00:00:00+00:00
[2024-08-29T00:45:03.993+0000] {processor.py:208} INFO - Processing /home/airflow/.local/lib/python3.12/site-packages/airflow/example_dags/example_latest_only_with_trigger.py took 0.127 seconds
[2024-08-29T00:45:34.327+0000] {processor.py:186} INFO - Started process (PID=1635) to work on /home/airflow/.local/lib/python3.12/site-packages/airflow/example_dags/example_latest_only_with_trigger.py
[2024-08-29T00:45:34.329+0000] {processor.py:914} INFO - Processing file /home/airflow/.local/lib/python3.12/site-packages/airflow/example_dags/example_latest_only_with_trigger.py for tasks to queue
[2024-08-29T00:45:34.332+0000] {logging_mixin.py:190} INFO - [2024-08-29T00:45:34.332+0000] {dagbag.py:587} INFO - Filling up the DagBag from /home/airflow/.local/lib/python3.12/site-packages/airflow/example_dags/example_latest_only_with_trigger.py
[2024-08-29T00:45:34.344+0000] {processor.py:925} INFO - DAG(s) 'latest_only_with_trigger' retrieved from /home/airflow/.local/lib/python3.12/site-packages/airflow/example_dags/example_latest_only_with_trigger.py
[2024-08-29T00:45:34.372+0000] {logging_mixin.py:190} INFO - [2024-08-29T00:45:34.372+0000] {dag.py:3211} INFO - Sync 1 DAGs
[2024-08-29T00:45:34.405+0000] {logging_mixin.py:190} INFO - [2024-08-29T00:45:34.405+0000] {dag.py:4138} INFO - Setting next_dagrun for latest_only_with_trigger to 2024-08-28 20:00:00+00:00, run_after=2024-08-29 00:00:00+00:00
[2024-08-29T00:45:34.453+0000] {processor.py:208} INFO - Processing /home/airflow/.local/lib/python3.12/site-packages/airflow/example_dags/example_latest_only_with_trigger.py took 0.135 seconds
[2024-08-29T00:46:04.597+0000] {processor.py:186} INFO - Started process (PID=1699) to work on /home/airflow/.local/lib/python3.12/site-packages/airflow/example_dags/example_latest_only_with_trigger.py
[2024-08-29T00:46:04.600+0000] {processor.py:914} INFO - Processing file /home/airflow/.local/lib/python3.12/site-packages/airflow/example_dags/example_latest_only_with_trigger.py for tasks to queue
[2024-08-29T00:46:04.605+0000] {logging_mixin.py:190} INFO - [2024-08-29T00:46:04.604+0000] {dagbag.py:587} INFO - Filling up the DagBag from /home/airflow/.local/lib/python3.12/site-packages/airflow/example_dags/example_latest_only_with_trigger.py
[2024-08-29T00:46:04.619+0000] {processor.py:925} INFO - DAG(s) 'latest_only_with_trigger' retrieved from /home/airflow/.local/lib/python3.12/site-packages/airflow/example_dags/example_latest_only_with_trigger.py
[2024-08-29T00:46:04.654+0000] {logging_mixin.py:190} INFO - [2024-08-29T00:46:04.654+0000] {dag.py:3211} INFO - Sync 1 DAGs
[2024-08-29T00:46:04.699+0000] {logging_mixin.py:190} INFO - [2024-08-29T00:46:04.699+0000] {dag.py:4138} INFO - Setting next_dagrun for latest_only_with_trigger to 2024-08-28 20:00:00+00:00, run_after=2024-08-29 00:00:00+00:00
[2024-08-29T00:46:04.750+0000] {processor.py:208} INFO - Processing /home/airflow/.local/lib/python3.12/site-packages/airflow/example_dags/example_latest_only_with_trigger.py took 0.169 seconds
[2024-08-29T00:46:35.568+0000] {processor.py:186} INFO - Started process (PID=1761) to work on /home/airflow/.local/lib/python3.12/site-packages/airflow/example_dags/example_latest_only_with_trigger.py
[2024-08-29T00:46:35.570+0000] {processor.py:914} INFO - Processing file /home/airflow/.local/lib/python3.12/site-packages/airflow/example_dags/example_latest_only_with_trigger.py for tasks to queue
[2024-08-29T00:46:35.585+0000] {logging_mixin.py:190} INFO - [2024-08-29T00:46:35.575+0000] {dagbag.py:587} INFO - Filling up the DagBag from /home/airflow/.local/lib/python3.12/site-packages/airflow/example_dags/example_latest_only_with_trigger.py
[2024-08-29T00:46:35.622+0000] {processor.py:925} INFO - DAG(s) 'latest_only_with_trigger' retrieved from /home/airflow/.local/lib/python3.12/site-packages/airflow/example_dags/example_latest_only_with_trigger.py
[2024-08-29T00:46:35.673+0000] {logging_mixin.py:190} INFO - [2024-08-29T00:46:35.673+0000] {dag.py:3211} INFO - Sync 1 DAGs
[2024-08-29T00:46:35.717+0000] {logging_mixin.py:190} INFO - [2024-08-29T00:46:35.716+0000] {dag.py:4138} INFO - Setting next_dagrun for latest_only_with_trigger to 2024-08-28 20:00:00+00:00, run_after=2024-08-29 00:00:00+00:00
[2024-08-29T00:46:35.761+0000] {processor.py:208} INFO - Processing /home/airflow/.local/lib/python3.12/site-packages/airflow/example_dags/example_latest_only_with_trigger.py took 0.227 seconds
