[2024-08-29T00:01:36.791+0000] {processor.py:186} INFO - Started process (PID=127) to work on /home/airflow/.local/lib/python3.12/site-packages/airflow/example_dags/example_task_group.py
[2024-08-29T00:01:36.793+0000] {processor.py:914} INFO - Processing file /home/airflow/.local/lib/python3.12/site-packages/airflow/example_dags/example_task_group.py for tasks to queue
[2024-08-29T00:01:36.799+0000] {logging_mixin.py:190} INFO - [2024-08-29T00:01:36.797+0000] {dagbag.py:587} INFO - Filling up the DagBag from /home/airflow/.local/lib/python3.12/site-packages/airflow/example_dags/example_task_group.py
[2024-08-29T00:01:36.826+0000] {processor.py:925} INFO - DAG(s) 'example_task_group' retrieved from /home/airflow/.local/lib/python3.12/site-packages/airflow/example_dags/example_task_group.py
[2024-08-29T00:01:36.891+0000] {logging_mixin.py:190} INFO - [2024-08-29T00:01:36.890+0000] {dag.py:3211} INFO - Sync 1 DAGs
[2024-08-29T00:01:36.981+0000] {logging_mixin.py:190} INFO - [2024-08-29T00:01:36.980+0000] {dag.py:4138} INFO - Setting next_dagrun for example_task_group to 2024-08-28 00:00:00+00:00, run_after=2024-08-29 00:00:00+00:00
[2024-08-29T00:01:37.398+0000] {processor.py:208} INFO - Processing /home/airflow/.local/lib/python3.12/site-packages/airflow/example_dags/example_task_group.py took 0.619 seconds
[2024-08-29T00:02:08.254+0000] {processor.py:186} INFO - Started process (PID=190) to work on /home/airflow/.local/lib/python3.12/site-packages/airflow/example_dags/example_task_group.py
[2024-08-29T00:02:08.259+0000] {processor.py:914} INFO - Processing file /home/airflow/.local/lib/python3.12/site-packages/airflow/example_dags/example_task_group.py for tasks to queue
[2024-08-29T00:02:08.268+0000] {logging_mixin.py:190} INFO - [2024-08-29T00:02:08.267+0000] {dagbag.py:587} INFO - Filling up the DagBag from /home/airflow/.local/lib/python3.12/site-packages/airflow/example_dags/example_task_group.py
[2024-08-29T00:02:08.622+0000] {processor.py:925} INFO - DAG(s) 'example_task_group' retrieved from /home/airflow/.local/lib/python3.12/site-packages/airflow/example_dags/example_task_group.py
[2024-08-29T00:02:09.021+0000] {logging_mixin.py:190} INFO - [2024-08-29T00:02:09.020+0000] {dag.py:3211} INFO - Sync 1 DAGs
[2024-08-29T00:02:09.072+0000] {logging_mixin.py:190} INFO - [2024-08-29T00:02:09.072+0000] {dag.py:4138} INFO - Setting next_dagrun for example_task_group to 2024-08-28 00:00:00+00:00, run_after=2024-08-29 00:00:00+00:00
[2024-08-29T00:02:09.112+0000] {processor.py:208} INFO - Processing /home/airflow/.local/lib/python3.12/site-packages/airflow/example_dags/example_task_group.py took 0.878 seconds
[2024-08-29T00:02:39.556+0000] {processor.py:186} INFO - Started process (PID=252) to work on /home/airflow/.local/lib/python3.12/site-packages/airflow/example_dags/example_task_group.py
[2024-08-29T00:02:39.558+0000] {processor.py:914} INFO - Processing file /home/airflow/.local/lib/python3.12/site-packages/airflow/example_dags/example_task_group.py for tasks to queue
[2024-08-29T00:02:39.563+0000] {logging_mixin.py:190} INFO - [2024-08-29T00:02:39.562+0000] {dagbag.py:587} INFO - Filling up the DagBag from /home/airflow/.local/lib/python3.12/site-packages/airflow/example_dags/example_task_group.py
[2024-08-29T00:02:39.582+0000] {processor.py:925} INFO - DAG(s) 'example_task_group' retrieved from /home/airflow/.local/lib/python3.12/site-packages/airflow/example_dags/example_task_group.py
[2024-08-29T00:02:39.645+0000] {logging_mixin.py:190} INFO - [2024-08-29T00:02:39.645+0000] {dag.py:3211} INFO - Sync 1 DAGs
[2024-08-29T00:02:39.695+0000] {logging_mixin.py:190} INFO - [2024-08-29T00:02:39.695+0000] {dag.py:4138} INFO - Setting next_dagrun for example_task_group to 2024-08-28 00:00:00+00:00, run_after=2024-08-29 00:00:00+00:00
[2024-08-29T00:02:39.737+0000] {processor.py:208} INFO - Processing /home/airflow/.local/lib/python3.12/site-packages/airflow/example_dags/example_task_group.py took 0.194 seconds
[2024-08-29T00:03:10.138+0000] {processor.py:186} INFO - Started process (PID=315) to work on /home/airflow/.local/lib/python3.12/site-packages/airflow/example_dags/example_task_group.py
[2024-08-29T00:03:10.148+0000] {processor.py:914} INFO - Processing file /home/airflow/.local/lib/python3.12/site-packages/airflow/example_dags/example_task_group.py for tasks to queue
[2024-08-29T00:03:10.153+0000] {logging_mixin.py:190} INFO - [2024-08-29T00:03:10.152+0000] {dagbag.py:587} INFO - Filling up the DagBag from /home/airflow/.local/lib/python3.12/site-packages/airflow/example_dags/example_task_group.py
[2024-08-29T00:03:10.167+0000] {processor.py:925} INFO - DAG(s) 'example_task_group' retrieved from /home/airflow/.local/lib/python3.12/site-packages/airflow/example_dags/example_task_group.py
[2024-08-29T00:03:10.211+0000] {logging_mixin.py:190} INFO - [2024-08-29T00:03:10.210+0000] {dag.py:3211} INFO - Sync 1 DAGs
[2024-08-29T00:03:10.266+0000] {logging_mixin.py:190} INFO - [2024-08-29T00:03:10.266+0000] {dag.py:4138} INFO - Setting next_dagrun for example_task_group to 2024-08-28 00:00:00+00:00, run_after=2024-08-29 00:00:00+00:00
[2024-08-29T00:03:10.302+0000] {processor.py:208} INFO - Processing /home/airflow/.local/lib/python3.12/site-packages/airflow/example_dags/example_task_group.py took 0.174 seconds
[2024-08-29T00:03:40.753+0000] {processor.py:186} INFO - Started process (PID=377) to work on /home/airflow/.local/lib/python3.12/site-packages/airflow/example_dags/example_task_group.py
[2024-08-29T00:03:40.754+0000] {processor.py:914} INFO - Processing file /home/airflow/.local/lib/python3.12/site-packages/airflow/example_dags/example_task_group.py for tasks to queue
[2024-08-29T00:03:40.758+0000] {logging_mixin.py:190} INFO - [2024-08-29T00:03:40.757+0000] {dagbag.py:587} INFO - Filling up the DagBag from /home/airflow/.local/lib/python3.12/site-packages/airflow/example_dags/example_task_group.py
[2024-08-29T00:03:40.770+0000] {processor.py:925} INFO - DAG(s) 'example_task_group' retrieved from /home/airflow/.local/lib/python3.12/site-packages/airflow/example_dags/example_task_group.py
[2024-08-29T00:03:40.800+0000] {logging_mixin.py:190} INFO - [2024-08-29T00:03:40.799+0000] {dag.py:3211} INFO - Sync 1 DAGs
[2024-08-29T00:03:40.832+0000] {logging_mixin.py:190} INFO - [2024-08-29T00:03:40.832+0000] {dag.py:4138} INFO - Setting next_dagrun for example_task_group to 2024-08-28 00:00:00+00:00, run_after=2024-08-29 00:00:00+00:00
[2024-08-29T00:03:40.862+0000] {processor.py:208} INFO - Processing /home/airflow/.local/lib/python3.12/site-packages/airflow/example_dags/example_task_group.py took 0.116 seconds
[2024-08-29T00:04:11.072+0000] {processor.py:186} INFO - Started process (PID=440) to work on /home/airflow/.local/lib/python3.12/site-packages/airflow/example_dags/example_task_group.py
[2024-08-29T00:04:11.073+0000] {processor.py:914} INFO - Processing file /home/airflow/.local/lib/python3.12/site-packages/airflow/example_dags/example_task_group.py for tasks to queue
[2024-08-29T00:04:11.077+0000] {logging_mixin.py:190} INFO - [2024-08-29T00:04:11.076+0000] {dagbag.py:587} INFO - Filling up the DagBag from /home/airflow/.local/lib/python3.12/site-packages/airflow/example_dags/example_task_group.py
[2024-08-29T00:04:11.088+0000] {processor.py:925} INFO - DAG(s) 'example_task_group' retrieved from /home/airflow/.local/lib/python3.12/site-packages/airflow/example_dags/example_task_group.py
[2024-08-29T00:04:11.121+0000] {logging_mixin.py:190} INFO - [2024-08-29T00:04:11.121+0000] {dag.py:3211} INFO - Sync 1 DAGs
[2024-08-29T00:04:11.154+0000] {logging_mixin.py:190} INFO - [2024-08-29T00:04:11.153+0000] {dag.py:4138} INFO - Setting next_dagrun for example_task_group to 2024-08-28 00:00:00+00:00, run_after=2024-08-29 00:00:00+00:00
[2024-08-29T00:04:11.203+0000] {processor.py:208} INFO - Processing /home/airflow/.local/lib/python3.12/site-packages/airflow/example_dags/example_task_group.py took 0.139 seconds
[2024-08-29T00:04:42.082+0000] {processor.py:186} INFO - Started process (PID=503) to work on /home/airflow/.local/lib/python3.12/site-packages/airflow/example_dags/example_task_group.py
[2024-08-29T00:04:42.085+0000] {processor.py:914} INFO - Processing file /home/airflow/.local/lib/python3.12/site-packages/airflow/example_dags/example_task_group.py for tasks to queue
[2024-08-29T00:04:42.089+0000] {logging_mixin.py:190} INFO - [2024-08-29T00:04:42.089+0000] {dagbag.py:587} INFO - Filling up the DagBag from /home/airflow/.local/lib/python3.12/site-packages/airflow/example_dags/example_task_group.py
[2024-08-29T00:04:42.108+0000] {processor.py:925} INFO - DAG(s) 'example_task_group' retrieved from /home/airflow/.local/lib/python3.12/site-packages/airflow/example_dags/example_task_group.py
[2024-08-29T00:04:42.145+0000] {logging_mixin.py:190} INFO - [2024-08-29T00:04:42.144+0000] {dag.py:3211} INFO - Sync 1 DAGs
[2024-08-29T00:04:42.190+0000] {logging_mixin.py:190} INFO - [2024-08-29T00:04:42.189+0000] {dag.py:4138} INFO - Setting next_dagrun for example_task_group to 2024-08-28 00:00:00+00:00, run_after=2024-08-29 00:00:00+00:00
[2024-08-29T00:04:42.231+0000] {processor.py:208} INFO - Processing /home/airflow/.local/lib/python3.12/site-packages/airflow/example_dags/example_task_group.py took 0.162 seconds
[2024-08-29T00:05:12.768+0000] {processor.py:186} INFO - Started process (PID=566) to work on /home/airflow/.local/lib/python3.12/site-packages/airflow/example_dags/example_task_group.py
[2024-08-29T00:05:12.770+0000] {processor.py:914} INFO - Processing file /home/airflow/.local/lib/python3.12/site-packages/airflow/example_dags/example_task_group.py for tasks to queue
[2024-08-29T00:05:12.784+0000] {logging_mixin.py:190} INFO - [2024-08-29T00:05:12.783+0000] {dagbag.py:587} INFO - Filling up the DagBag from /home/airflow/.local/lib/python3.12/site-packages/airflow/example_dags/example_task_group.py
[2024-08-29T00:05:12.806+0000] {processor.py:925} INFO - DAG(s) 'example_task_group' retrieved from /home/airflow/.local/lib/python3.12/site-packages/airflow/example_dags/example_task_group.py
[2024-08-29T00:05:12.965+0000] {logging_mixin.py:190} INFO - [2024-08-29T00:05:12.950+0000] {dag.py:3211} INFO - Sync 1 DAGs
[2024-08-29T00:05:15.471+0000] {logging_mixin.py:190} INFO - [2024-08-29T00:05:15.471+0000] {dag.py:4138} INFO - Setting next_dagrun for example_task_group to 2024-08-28 00:00:00+00:00, run_after=2024-08-29 00:00:00+00:00
[2024-08-29T00:05:15.541+0000] {processor.py:208} INFO - Processing /home/airflow/.local/lib/python3.12/site-packages/airflow/example_dags/example_task_group.py took 2.795 seconds
[2024-08-29T00:05:46.323+0000] {processor.py:186} INFO - Started process (PID=628) to work on /home/airflow/.local/lib/python3.12/site-packages/airflow/example_dags/example_task_group.py
[2024-08-29T00:05:46.325+0000] {processor.py:914} INFO - Processing file /home/airflow/.local/lib/python3.12/site-packages/airflow/example_dags/example_task_group.py for tasks to queue
[2024-08-29T00:05:46.329+0000] {logging_mixin.py:190} INFO - [2024-08-29T00:05:46.328+0000] {dagbag.py:587} INFO - Filling up the DagBag from /home/airflow/.local/lib/python3.12/site-packages/airflow/example_dags/example_task_group.py
[2024-08-29T00:05:46.348+0000] {processor.py:925} INFO - DAG(s) 'example_task_group' retrieved from /home/airflow/.local/lib/python3.12/site-packages/airflow/example_dags/example_task_group.py
[2024-08-29T00:05:46.390+0000] {logging_mixin.py:190} INFO - [2024-08-29T00:05:46.389+0000] {dag.py:3211} INFO - Sync 1 DAGs
[2024-08-29T00:05:46.434+0000] {logging_mixin.py:190} INFO - [2024-08-29T00:05:46.434+0000] {dag.py:4138} INFO - Setting next_dagrun for example_task_group to 2024-08-28 00:00:00+00:00, run_after=2024-08-29 00:00:00+00:00
[2024-08-29T00:05:46.652+0000] {processor.py:208} INFO - Processing /home/airflow/.local/lib/python3.12/site-packages/airflow/example_dags/example_task_group.py took 0.340 seconds
[2024-08-29T00:06:16.718+0000] {processor.py:186} INFO - Started process (PID=690) to work on /home/airflow/.local/lib/python3.12/site-packages/airflow/example_dags/example_task_group.py
[2024-08-29T00:06:16.720+0000] {processor.py:914} INFO - Processing file /home/airflow/.local/lib/python3.12/site-packages/airflow/example_dags/example_task_group.py for tasks to queue
[2024-08-29T00:06:16.723+0000] {logging_mixin.py:190} INFO - [2024-08-29T00:06:16.722+0000] {dagbag.py:587} INFO - Filling up the DagBag from /home/airflow/.local/lib/python3.12/site-packages/airflow/example_dags/example_task_group.py
[2024-08-29T00:06:16.737+0000] {processor.py:925} INFO - DAG(s) 'example_task_group' retrieved from /home/airflow/.local/lib/python3.12/site-packages/airflow/example_dags/example_task_group.py
[2024-08-29T00:06:16.770+0000] {logging_mixin.py:190} INFO - [2024-08-29T00:06:16.770+0000] {dag.py:3211} INFO - Sync 1 DAGs
[2024-08-29T00:06:16.803+0000] {logging_mixin.py:190} INFO - [2024-08-29T00:06:16.803+0000] {dag.py:4138} INFO - Setting next_dagrun for example_task_group to 2024-08-28 00:00:00+00:00, run_after=2024-08-29 00:00:00+00:00
[2024-08-29T00:06:16.842+0000] {processor.py:208} INFO - Processing /home/airflow/.local/lib/python3.12/site-packages/airflow/example_dags/example_task_group.py took 0.133 seconds
[2024-08-29T00:06:46.962+0000] {processor.py:186} INFO - Started process (PID=753) to work on /home/airflow/.local/lib/python3.12/site-packages/airflow/example_dags/example_task_group.py
[2024-08-29T00:06:46.964+0000] {processor.py:914} INFO - Processing file /home/airflow/.local/lib/python3.12/site-packages/airflow/example_dags/example_task_group.py for tasks to queue
[2024-08-29T00:06:46.967+0000] {logging_mixin.py:190} INFO - [2024-08-29T00:06:46.966+0000] {dagbag.py:587} INFO - Filling up the DagBag from /home/airflow/.local/lib/python3.12/site-packages/airflow/example_dags/example_task_group.py
[2024-08-29T00:06:46.978+0000] {processor.py:925} INFO - DAG(s) 'example_task_group' retrieved from /home/airflow/.local/lib/python3.12/site-packages/airflow/example_dags/example_task_group.py
[2024-08-29T00:06:47.006+0000] {logging_mixin.py:190} INFO - [2024-08-29T00:06:47.006+0000] {dag.py:3211} INFO - Sync 1 DAGs
[2024-08-29T00:06:47.036+0000] {logging_mixin.py:190} INFO - [2024-08-29T00:06:47.036+0000] {dag.py:4138} INFO - Setting next_dagrun for example_task_group to 2024-08-28 00:00:00+00:00, run_after=2024-08-29 00:00:00+00:00
[2024-08-29T00:06:47.085+0000] {processor.py:208} INFO - Processing /home/airflow/.local/lib/python3.12/site-packages/airflow/example_dags/example_task_group.py took 0.130 seconds
[2024-08-29T00:07:17.323+0000] {processor.py:186} INFO - Started process (PID=816) to work on /home/airflow/.local/lib/python3.12/site-packages/airflow/example_dags/example_task_group.py
[2024-08-29T00:07:17.325+0000] {processor.py:914} INFO - Processing file /home/airflow/.local/lib/python3.12/site-packages/airflow/example_dags/example_task_group.py for tasks to queue
[2024-08-29T00:07:17.328+0000] {logging_mixin.py:190} INFO - [2024-08-29T00:07:17.327+0000] {dagbag.py:587} INFO - Filling up the DagBag from /home/airflow/.local/lib/python3.12/site-packages/airflow/example_dags/example_task_group.py
[2024-08-29T00:07:17.341+0000] {processor.py:925} INFO - DAG(s) 'example_task_group' retrieved from /home/airflow/.local/lib/python3.12/site-packages/airflow/example_dags/example_task_group.py
[2024-08-29T00:07:17.372+0000] {logging_mixin.py:190} INFO - [2024-08-29T00:07:17.372+0000] {dag.py:3211} INFO - Sync 1 DAGs
[2024-08-29T00:07:17.409+0000] {logging_mixin.py:190} INFO - [2024-08-29T00:07:17.408+0000] {dag.py:4138} INFO - Setting next_dagrun for example_task_group to 2024-08-28 00:00:00+00:00, run_after=2024-08-29 00:00:00+00:00
[2024-08-29T00:07:17.453+0000] {processor.py:208} INFO - Processing /home/airflow/.local/lib/python3.12/site-packages/airflow/example_dags/example_task_group.py took 0.137 seconds
[2024-08-29T00:07:47.528+0000] {processor.py:186} INFO - Started process (PID=879) to work on /home/airflow/.local/lib/python3.12/site-packages/airflow/example_dags/example_task_group.py
[2024-08-29T00:07:47.529+0000] {processor.py:914} INFO - Processing file /home/airflow/.local/lib/python3.12/site-packages/airflow/example_dags/example_task_group.py for tasks to queue
[2024-08-29T00:07:47.533+0000] {logging_mixin.py:190} INFO - [2024-08-29T00:07:47.532+0000] {dagbag.py:587} INFO - Filling up the DagBag from /home/airflow/.local/lib/python3.12/site-packages/airflow/example_dags/example_task_group.py
[2024-08-29T00:07:47.544+0000] {processor.py:925} INFO - DAG(s) 'example_task_group' retrieved from /home/airflow/.local/lib/python3.12/site-packages/airflow/example_dags/example_task_group.py
[2024-08-29T00:07:47.573+0000] {logging_mixin.py:190} INFO - [2024-08-29T00:07:47.573+0000] {dag.py:3211} INFO - Sync 1 DAGs
[2024-08-29T00:07:47.603+0000] {logging_mixin.py:190} INFO - [2024-08-29T00:07:47.602+0000] {dag.py:4138} INFO - Setting next_dagrun for example_task_group to 2024-08-28 00:00:00+00:00, run_after=2024-08-29 00:00:00+00:00
[2024-08-29T00:07:47.732+0000] {processor.py:208} INFO - Processing /home/airflow/.local/lib/python3.12/site-packages/airflow/example_dags/example_task_group.py took 0.212 seconds
[2024-08-29T00:08:18.227+0000] {processor.py:186} INFO - Started process (PID=943) to work on /home/airflow/.local/lib/python3.12/site-packages/airflow/example_dags/example_task_group.py
[2024-08-29T00:08:18.229+0000] {processor.py:914} INFO - Processing file /home/airflow/.local/lib/python3.12/site-packages/airflow/example_dags/example_task_group.py for tasks to queue
[2024-08-29T00:08:18.233+0000] {logging_mixin.py:190} INFO - [2024-08-29T00:08:18.232+0000] {dagbag.py:587} INFO - Filling up the DagBag from /home/airflow/.local/lib/python3.12/site-packages/airflow/example_dags/example_task_group.py
[2024-08-29T00:08:18.250+0000] {processor.py:925} INFO - DAG(s) 'example_task_group' retrieved from /home/airflow/.local/lib/python3.12/site-packages/airflow/example_dags/example_task_group.py
[2024-08-29T00:08:18.284+0000] {logging_mixin.py:190} INFO - [2024-08-29T00:08:18.284+0000] {dag.py:3211} INFO - Sync 1 DAGs
[2024-08-29T00:08:18.329+0000] {logging_mixin.py:190} INFO - [2024-08-29T00:08:18.329+0000] {dag.py:4138} INFO - Setting next_dagrun for example_task_group to 2024-08-28 00:00:00+00:00, run_after=2024-08-29 00:00:00+00:00
[2024-08-29T00:08:18.359+0000] {processor.py:208} INFO - Processing /home/airflow/.local/lib/python3.12/site-packages/airflow/example_dags/example_task_group.py took 0.143 seconds
[2024-08-29T00:08:48.574+0000] {processor.py:186} INFO - Started process (PID=1006) to work on /home/airflow/.local/lib/python3.12/site-packages/airflow/example_dags/example_task_group.py
[2024-08-29T00:08:48.576+0000] {processor.py:914} INFO - Processing file /home/airflow/.local/lib/python3.12/site-packages/airflow/example_dags/example_task_group.py for tasks to queue
[2024-08-29T00:08:48.591+0000] {logging_mixin.py:190} INFO - [2024-08-29T00:08:48.591+0000] {dagbag.py:587} INFO - Filling up the DagBag from /home/airflow/.local/lib/python3.12/site-packages/airflow/example_dags/example_task_group.py
[2024-08-29T00:08:48.619+0000] {processor.py:925} INFO - DAG(s) 'example_task_group' retrieved from /home/airflow/.local/lib/python3.12/site-packages/airflow/example_dags/example_task_group.py
[2024-08-29T00:08:48.678+0000] {logging_mixin.py:190} INFO - [2024-08-29T00:08:48.678+0000] {dag.py:3211} INFO - Sync 1 DAGs
[2024-08-29T00:08:48.727+0000] {logging_mixin.py:190} INFO - [2024-08-29T00:08:48.726+0000] {dag.py:4138} INFO - Setting next_dagrun for example_task_group to 2024-08-28 00:00:00+00:00, run_after=2024-08-29 00:00:00+00:00
[2024-08-29T00:08:48.787+0000] {processor.py:208} INFO - Processing /home/airflow/.local/lib/python3.12/site-packages/airflow/example_dags/example_task_group.py took 0.231 seconds
[2024-08-29T00:09:19.553+0000] {processor.py:186} INFO - Started process (PID=1069) to work on /home/airflow/.local/lib/python3.12/site-packages/airflow/example_dags/example_task_group.py
[2024-08-29T00:09:19.554+0000] {processor.py:914} INFO - Processing file /home/airflow/.local/lib/python3.12/site-packages/airflow/example_dags/example_task_group.py for tasks to queue
[2024-08-29T00:09:19.557+0000] {logging_mixin.py:190} INFO - [2024-08-29T00:09:19.557+0000] {dagbag.py:587} INFO - Filling up the DagBag from /home/airflow/.local/lib/python3.12/site-packages/airflow/example_dags/example_task_group.py
[2024-08-29T00:09:19.572+0000] {processor.py:925} INFO - DAG(s) 'example_task_group' retrieved from /home/airflow/.local/lib/python3.12/site-packages/airflow/example_dags/example_task_group.py
[2024-08-29T00:09:19.628+0000] {logging_mixin.py:190} INFO - [2024-08-29T00:09:19.627+0000] {dag.py:3211} INFO - Sync 1 DAGs
[2024-08-29T00:09:19.662+0000] {logging_mixin.py:190} INFO - [2024-08-29T00:09:19.662+0000] {dag.py:4138} INFO - Setting next_dagrun for example_task_group to 2024-08-28 00:00:00+00:00, run_after=2024-08-29 00:00:00+00:00
[2024-08-29T00:09:19.687+0000] {processor.py:208} INFO - Processing /home/airflow/.local/lib/python3.12/site-packages/airflow/example_dags/example_task_group.py took 0.142 seconds
[2024-08-29T00:10:08.255+0000] {processor.py:186} INFO - Started process (PID=1144) to work on /home/airflow/.local/lib/python3.12/site-packages/airflow/example_dags/example_task_group.py
[2024-08-29T00:10:08.266+0000] {processor.py:914} INFO - Processing file /home/airflow/.local/lib/python3.12/site-packages/airflow/example_dags/example_task_group.py for tasks to queue
[2024-08-29T00:10:08.282+0000] {logging_mixin.py:190} INFO - [2024-08-29T00:10:08.280+0000] {dagbag.py:587} INFO - Filling up the DagBag from /home/airflow/.local/lib/python3.12/site-packages/airflow/example_dags/example_task_group.py
[2024-08-29T00:10:08.326+0000] {processor.py:925} INFO - DAG(s) 'example_task_group' retrieved from /home/airflow/.local/lib/python3.12/site-packages/airflow/example_dags/example_task_group.py
[2024-08-29T00:10:08.618+0000] {logging_mixin.py:190} INFO - [2024-08-29T00:10:08.617+0000] {dag.py:3211} INFO - Sync 1 DAGs
[2024-08-29T00:10:08.721+0000] {logging_mixin.py:190} INFO - [2024-08-29T00:10:08.720+0000] {dag.py:4138} INFO - Setting next_dagrun for example_task_group to 2024-08-28 00:00:00+00:00, run_after=2024-08-29 00:00:00+00:00
[2024-08-29T00:10:08.804+0000] {processor.py:208} INFO - Processing /home/airflow/.local/lib/python3.12/site-packages/airflow/example_dags/example_task_group.py took 0.573 seconds
[2024-08-29T00:11:56.064+0000] {processor.py:186} INFO - Started process (PID=1236) to work on /home/airflow/.local/lib/python3.12/site-packages/airflow/example_dags/example_task_group.py
[2024-08-29T00:11:56.067+0000] {processor.py:914} INFO - Processing file /home/airflow/.local/lib/python3.12/site-packages/airflow/example_dags/example_task_group.py for tasks to queue
[2024-08-29T00:11:56.071+0000] {logging_mixin.py:190} INFO - [2024-08-29T00:11:56.070+0000] {dagbag.py:587} INFO - Filling up the DagBag from /home/airflow/.local/lib/python3.12/site-packages/airflow/example_dags/example_task_group.py
[2024-08-29T00:11:56.108+0000] {processor.py:925} INFO - DAG(s) 'example_task_group' retrieved from /home/airflow/.local/lib/python3.12/site-packages/airflow/example_dags/example_task_group.py
[2024-08-29T00:11:56.171+0000] {logging_mixin.py:190} INFO - [2024-08-29T00:11:56.171+0000] {dag.py:3211} INFO - Sync 1 DAGs
[2024-08-29T00:11:56.247+0000] {logging_mixin.py:190} INFO - [2024-08-29T00:11:56.246+0000] {dag.py:4138} INFO - Setting next_dagrun for example_task_group to 2024-08-28 00:00:00+00:00, run_after=2024-08-29 00:00:00+00:00
[2024-08-29T00:11:56.293+0000] {processor.py:208} INFO - Processing /home/airflow/.local/lib/python3.12/site-packages/airflow/example_dags/example_task_group.py took 0.243 seconds
[2024-08-29T00:18:11.043+0000] {processor.py:186} INFO - Started process (PID=128) to work on /home/airflow/.local/lib/python3.12/site-packages/airflow/example_dags/example_task_group.py
[2024-08-29T00:18:11.066+0000] {processor.py:914} INFO - Processing file /home/airflow/.local/lib/python3.12/site-packages/airflow/example_dags/example_task_group.py for tasks to queue
[2024-08-29T00:18:11.083+0000] {logging_mixin.py:190} INFO - [2024-08-29T00:18:11.071+0000] {dagbag.py:587} INFO - Filling up the DagBag from /home/airflow/.local/lib/python3.12/site-packages/airflow/example_dags/example_task_group.py
[2024-08-29T00:18:11.125+0000] {processor.py:925} INFO - DAG(s) 'example_task_group' retrieved from /home/airflow/.local/lib/python3.12/site-packages/airflow/example_dags/example_task_group.py
[2024-08-29T00:18:11.267+0000] {logging_mixin.py:190} INFO - [2024-08-29T00:18:11.263+0000] {dag.py:3211} INFO - Sync 1 DAGs
[2024-08-29T00:18:11.483+0000] {logging_mixin.py:190} INFO - [2024-08-29T00:18:11.482+0000] {dag.py:4138} INFO - Setting next_dagrun for example_task_group to 2024-08-28 00:00:00+00:00, run_after=2024-08-29 00:00:00+00:00
[2024-08-29T00:18:11.526+0000] {processor.py:208} INFO - Processing /home/airflow/.local/lib/python3.12/site-packages/airflow/example_dags/example_task_group.py took 0.498 seconds
[2024-08-29T00:18:43.865+0000] {processor.py:186} INFO - Started process (PID=195) to work on /home/airflow/.local/lib/python3.12/site-packages/airflow/example_dags/example_task_group.py
[2024-08-29T00:18:43.868+0000] {processor.py:914} INFO - Processing file /home/airflow/.local/lib/python3.12/site-packages/airflow/example_dags/example_task_group.py for tasks to queue
[2024-08-29T00:18:43.873+0000] {logging_mixin.py:190} INFO - [2024-08-29T00:18:43.873+0000] {dagbag.py:587} INFO - Filling up the DagBag from /home/airflow/.local/lib/python3.12/site-packages/airflow/example_dags/example_task_group.py
[2024-08-29T00:18:43.903+0000] {processor.py:925} INFO - DAG(s) 'example_task_group' retrieved from /home/airflow/.local/lib/python3.12/site-packages/airflow/example_dags/example_task_group.py
[2024-08-29T00:18:44.081+0000] {logging_mixin.py:190} INFO - [2024-08-29T00:18:44.080+0000] {dag.py:3211} INFO - Sync 1 DAGs
[2024-08-29T00:18:44.243+0000] {logging_mixin.py:190} INFO - [2024-08-29T00:18:44.242+0000] {dag.py:4138} INFO - Setting next_dagrun for example_task_group to 2024-08-28 00:00:00+00:00, run_after=2024-08-29 00:00:00+00:00
[2024-08-29T00:18:44.474+0000] {processor.py:208} INFO - Processing /home/airflow/.local/lib/python3.12/site-packages/airflow/example_dags/example_task_group.py took 0.629 seconds
[2024-08-29T00:19:15.361+0000] {processor.py:186} INFO - Started process (PID=258) to work on /home/airflow/.local/lib/python3.12/site-packages/airflow/example_dags/example_task_group.py
[2024-08-29T00:19:15.364+0000] {processor.py:914} INFO - Processing file /home/airflow/.local/lib/python3.12/site-packages/airflow/example_dags/example_task_group.py for tasks to queue
[2024-08-29T00:19:15.379+0000] {logging_mixin.py:190} INFO - [2024-08-29T00:19:15.378+0000] {dagbag.py:587} INFO - Filling up the DagBag from /home/airflow/.local/lib/python3.12/site-packages/airflow/example_dags/example_task_group.py
[2024-08-29T00:19:15.418+0000] {processor.py:925} INFO - DAG(s) 'example_task_group' retrieved from /home/airflow/.local/lib/python3.12/site-packages/airflow/example_dags/example_task_group.py
[2024-08-29T00:19:15.493+0000] {logging_mixin.py:190} INFO - [2024-08-29T00:19:15.492+0000] {dag.py:3211} INFO - Sync 1 DAGs
[2024-08-29T00:19:15.602+0000] {logging_mixin.py:190} INFO - [2024-08-29T00:19:15.602+0000] {dag.py:4138} INFO - Setting next_dagrun for example_task_group to 2024-08-28 00:00:00+00:00, run_after=2024-08-29 00:00:00+00:00
[2024-08-29T00:19:15.656+0000] {processor.py:208} INFO - Processing /home/airflow/.local/lib/python3.12/site-packages/airflow/example_dags/example_task_group.py took 0.307 seconds
[2024-08-29T00:19:46.305+0000] {processor.py:186} INFO - Started process (PID=321) to work on /home/airflow/.local/lib/python3.12/site-packages/airflow/example_dags/example_task_group.py
[2024-08-29T00:19:46.306+0000] {processor.py:914} INFO - Processing file /home/airflow/.local/lib/python3.12/site-packages/airflow/example_dags/example_task_group.py for tasks to queue
[2024-08-29T00:19:46.310+0000] {logging_mixin.py:190} INFO - [2024-08-29T00:19:46.309+0000] {dagbag.py:587} INFO - Filling up the DagBag from /home/airflow/.local/lib/python3.12/site-packages/airflow/example_dags/example_task_group.py
[2024-08-29T00:19:46.325+0000] {processor.py:925} INFO - DAG(s) 'example_task_group' retrieved from /home/airflow/.local/lib/python3.12/site-packages/airflow/example_dags/example_task_group.py
[2024-08-29T00:19:46.369+0000] {logging_mixin.py:190} INFO - [2024-08-29T00:19:46.369+0000] {dag.py:3211} INFO - Sync 1 DAGs
[2024-08-29T00:19:46.411+0000] {logging_mixin.py:190} INFO - [2024-08-29T00:19:46.410+0000] {dag.py:4138} INFO - Setting next_dagrun for example_task_group to 2024-08-28 00:00:00+00:00, run_after=2024-08-29 00:00:00+00:00
[2024-08-29T00:19:46.441+0000] {processor.py:208} INFO - Processing /home/airflow/.local/lib/python3.12/site-packages/airflow/example_dags/example_task_group.py took 0.149 seconds
[2024-08-29T00:20:17.409+0000] {processor.py:186} INFO - Started process (PID=383) to work on /home/airflow/.local/lib/python3.12/site-packages/airflow/example_dags/example_task_group.py
[2024-08-29T00:20:17.411+0000] {processor.py:914} INFO - Processing file /home/airflow/.local/lib/python3.12/site-packages/airflow/example_dags/example_task_group.py for tasks to queue
[2024-08-29T00:20:17.414+0000] {logging_mixin.py:190} INFO - [2024-08-29T00:20:17.414+0000] {dagbag.py:587} INFO - Filling up the DagBag from /home/airflow/.local/lib/python3.12/site-packages/airflow/example_dags/example_task_group.py
[2024-08-29T00:20:17.429+0000] {processor.py:925} INFO - DAG(s) 'example_task_group' retrieved from /home/airflow/.local/lib/python3.12/site-packages/airflow/example_dags/example_task_group.py
[2024-08-29T00:20:17.468+0000] {logging_mixin.py:190} INFO - [2024-08-29T00:20:17.467+0000] {dag.py:3211} INFO - Sync 1 DAGs
[2024-08-29T00:20:17.543+0000] {logging_mixin.py:190} INFO - [2024-08-29T00:20:17.543+0000] {dag.py:4138} INFO - Setting next_dagrun for example_task_group to 2024-08-28 00:00:00+00:00, run_after=2024-08-29 00:00:00+00:00
[2024-08-29T00:20:17.574+0000] {processor.py:208} INFO - Processing /home/airflow/.local/lib/python3.12/site-packages/airflow/example_dags/example_task_group.py took 0.175 seconds
[2024-08-29T00:20:47.996+0000] {processor.py:186} INFO - Started process (PID=446) to work on /home/airflow/.local/lib/python3.12/site-packages/airflow/example_dags/example_task_group.py
[2024-08-29T00:20:47.999+0000] {processor.py:914} INFO - Processing file /home/airflow/.local/lib/python3.12/site-packages/airflow/example_dags/example_task_group.py for tasks to queue
[2024-08-29T00:20:48.011+0000] {logging_mixin.py:190} INFO - [2024-08-29T00:20:48.011+0000] {dagbag.py:587} INFO - Filling up the DagBag from /home/airflow/.local/lib/python3.12/site-packages/airflow/example_dags/example_task_group.py
[2024-08-29T00:20:48.053+0000] {processor.py:925} INFO - DAG(s) 'example_task_group' retrieved from /home/airflow/.local/lib/python3.12/site-packages/airflow/example_dags/example_task_group.py
[2024-08-29T00:20:48.093+0000] {logging_mixin.py:190} INFO - [2024-08-29T00:20:48.092+0000] {dag.py:3211} INFO - Sync 1 DAGs
[2024-08-29T00:20:48.140+0000] {logging_mixin.py:190} INFO - [2024-08-29T00:20:48.140+0000] {dag.py:4138} INFO - Setting next_dagrun for example_task_group to 2024-08-28 00:00:00+00:00, run_after=2024-08-29 00:00:00+00:00
[2024-08-29T00:20:48.197+0000] {processor.py:208} INFO - Processing /home/airflow/.local/lib/python3.12/site-packages/airflow/example_dags/example_task_group.py took 0.219 seconds
[2024-08-29T00:21:18.883+0000] {processor.py:186} INFO - Started process (PID=510) to work on /home/airflow/.local/lib/python3.12/site-packages/airflow/example_dags/example_task_group.py
[2024-08-29T00:21:18.885+0000] {processor.py:914} INFO - Processing file /home/airflow/.local/lib/python3.12/site-packages/airflow/example_dags/example_task_group.py for tasks to queue
[2024-08-29T00:21:18.890+0000] {logging_mixin.py:190} INFO - [2024-08-29T00:21:18.889+0000] {dagbag.py:587} INFO - Filling up the DagBag from /home/airflow/.local/lib/python3.12/site-packages/airflow/example_dags/example_task_group.py
[2024-08-29T00:21:18.909+0000] {processor.py:925} INFO - DAG(s) 'example_task_group' retrieved from /home/airflow/.local/lib/python3.12/site-packages/airflow/example_dags/example_task_group.py
[2024-08-29T00:21:18.952+0000] {logging_mixin.py:190} INFO - [2024-08-29T00:21:18.952+0000] {dag.py:3211} INFO - Sync 1 DAGs
[2024-08-29T00:21:19.020+0000] {logging_mixin.py:190} INFO - [2024-08-29T00:21:19.020+0000] {dag.py:4138} INFO - Setting next_dagrun for example_task_group to 2024-08-28 00:00:00+00:00, run_after=2024-08-29 00:00:00+00:00
[2024-08-29T00:21:19.074+0000] {processor.py:208} INFO - Processing /home/airflow/.local/lib/python3.12/site-packages/airflow/example_dags/example_task_group.py took 0.202 seconds
[2024-08-29T00:21:49.658+0000] {processor.py:186} INFO - Started process (PID=573) to work on /home/airflow/.local/lib/python3.12/site-packages/airflow/example_dags/example_task_group.py
[2024-08-29T00:21:49.660+0000] {processor.py:914} INFO - Processing file /home/airflow/.local/lib/python3.12/site-packages/airflow/example_dags/example_task_group.py for tasks to queue
[2024-08-29T00:21:49.668+0000] {logging_mixin.py:190} INFO - [2024-08-29T00:21:49.667+0000] {dagbag.py:587} INFO - Filling up the DagBag from /home/airflow/.local/lib/python3.12/site-packages/airflow/example_dags/example_task_group.py
[2024-08-29T00:21:49.693+0000] {processor.py:925} INFO - DAG(s) 'example_task_group' retrieved from /home/airflow/.local/lib/python3.12/site-packages/airflow/example_dags/example_task_group.py
[2024-08-29T00:21:49.775+0000] {logging_mixin.py:190} INFO - [2024-08-29T00:21:49.774+0000] {dag.py:3211} INFO - Sync 1 DAGs
[2024-08-29T00:21:49.845+0000] {logging_mixin.py:190} INFO - [2024-08-29T00:21:49.844+0000] {dag.py:4138} INFO - Setting next_dagrun for example_task_group to 2024-08-28 00:00:00+00:00, run_after=2024-08-29 00:00:00+00:00
[2024-08-29T00:21:49.950+0000] {processor.py:208} INFO - Processing /home/airflow/.local/lib/python3.12/site-packages/airflow/example_dags/example_task_group.py took 0.308 seconds
[2024-08-29T00:22:20.465+0000] {processor.py:186} INFO - Started process (PID=636) to work on /home/airflow/.local/lib/python3.12/site-packages/airflow/example_dags/example_task_group.py
[2024-08-29T00:22:20.467+0000] {processor.py:914} INFO - Processing file /home/airflow/.local/lib/python3.12/site-packages/airflow/example_dags/example_task_group.py for tasks to queue
[2024-08-29T00:22:20.472+0000] {logging_mixin.py:190} INFO - [2024-08-29T00:22:20.471+0000] {dagbag.py:587} INFO - Filling up the DagBag from /home/airflow/.local/lib/python3.12/site-packages/airflow/example_dags/example_task_group.py
[2024-08-29T00:22:20.500+0000] {processor.py:925} INFO - DAG(s) 'example_task_group' retrieved from /home/airflow/.local/lib/python3.12/site-packages/airflow/example_dags/example_task_group.py
[2024-08-29T00:22:20.541+0000] {logging_mixin.py:190} INFO - [2024-08-29T00:22:20.540+0000] {dag.py:3211} INFO - Sync 1 DAGs
[2024-08-29T00:22:20.590+0000] {logging_mixin.py:190} INFO - [2024-08-29T00:22:20.590+0000] {dag.py:4138} INFO - Setting next_dagrun for example_task_group to 2024-08-28 00:00:00+00:00, run_after=2024-08-29 00:00:00+00:00
[2024-08-29T00:22:20.624+0000] {processor.py:208} INFO - Processing /home/airflow/.local/lib/python3.12/site-packages/airflow/example_dags/example_task_group.py took 0.172 seconds
[2024-08-29T00:22:50.943+0000] {processor.py:186} INFO - Started process (PID=700) to work on /home/airflow/.local/lib/python3.12/site-packages/airflow/example_dags/example_task_group.py
[2024-08-29T00:22:50.944+0000] {processor.py:914} INFO - Processing file /home/airflow/.local/lib/python3.12/site-packages/airflow/example_dags/example_task_group.py for tasks to queue
[2024-08-29T00:22:50.949+0000] {logging_mixin.py:190} INFO - [2024-08-29T00:22:50.948+0000] {dagbag.py:587} INFO - Filling up the DagBag from /home/airflow/.local/lib/python3.12/site-packages/airflow/example_dags/example_task_group.py
[2024-08-29T00:22:50.964+0000] {processor.py:925} INFO - DAG(s) 'example_task_group' retrieved from /home/airflow/.local/lib/python3.12/site-packages/airflow/example_dags/example_task_group.py
[2024-08-29T00:22:51.008+0000] {logging_mixin.py:190} INFO - [2024-08-29T00:22:51.008+0000] {dag.py:3211} INFO - Sync 1 DAGs
[2024-08-29T00:22:51.050+0000] {logging_mixin.py:190} INFO - [2024-08-29T00:22:51.049+0000] {dag.py:4138} INFO - Setting next_dagrun for example_task_group to 2024-08-28 00:00:00+00:00, run_after=2024-08-29 00:00:00+00:00
[2024-08-29T00:22:51.084+0000] {processor.py:208} INFO - Processing /home/airflow/.local/lib/python3.12/site-packages/airflow/example_dags/example_task_group.py took 0.156 seconds
[2024-08-29T00:23:21.257+0000] {processor.py:186} INFO - Started process (PID=762) to work on /home/airflow/.local/lib/python3.12/site-packages/airflow/example_dags/example_task_group.py
[2024-08-29T00:23:21.258+0000] {processor.py:914} INFO - Processing file /home/airflow/.local/lib/python3.12/site-packages/airflow/example_dags/example_task_group.py for tasks to queue
[2024-08-29T00:23:21.262+0000] {logging_mixin.py:190} INFO - [2024-08-29T00:23:21.262+0000] {dagbag.py:587} INFO - Filling up the DagBag from /home/airflow/.local/lib/python3.12/site-packages/airflow/example_dags/example_task_group.py
[2024-08-29T00:23:21.275+0000] {processor.py:925} INFO - DAG(s) 'example_task_group' retrieved from /home/airflow/.local/lib/python3.12/site-packages/airflow/example_dags/example_task_group.py
[2024-08-29T00:23:21.310+0000] {logging_mixin.py:190} INFO - [2024-08-29T00:23:21.310+0000] {dag.py:3211} INFO - Sync 1 DAGs
[2024-08-29T00:23:21.345+0000] {logging_mixin.py:190} INFO - [2024-08-29T00:23:21.345+0000] {dag.py:4138} INFO - Setting next_dagrun for example_task_group to 2024-08-28 00:00:00+00:00, run_after=2024-08-29 00:00:00+00:00
[2024-08-29T00:23:21.398+0000] {processor.py:208} INFO - Processing /home/airflow/.local/lib/python3.12/site-packages/airflow/example_dags/example_task_group.py took 0.151 seconds
[2024-08-29T00:23:52.077+0000] {processor.py:186} INFO - Started process (PID=825) to work on /home/airflow/.local/lib/python3.12/site-packages/airflow/example_dags/example_task_group.py
[2024-08-29T00:23:52.079+0000] {processor.py:914} INFO - Processing file /home/airflow/.local/lib/python3.12/site-packages/airflow/example_dags/example_task_group.py for tasks to queue
[2024-08-29T00:23:52.084+0000] {logging_mixin.py:190} INFO - [2024-08-29T00:23:52.083+0000] {dagbag.py:587} INFO - Filling up the DagBag from /home/airflow/.local/lib/python3.12/site-packages/airflow/example_dags/example_task_group.py
[2024-08-29T00:23:52.107+0000] {processor.py:925} INFO - DAG(s) 'example_task_group' retrieved from /home/airflow/.local/lib/python3.12/site-packages/airflow/example_dags/example_task_group.py
[2024-08-29T00:23:52.149+0000] {logging_mixin.py:190} INFO - [2024-08-29T00:23:52.149+0000] {dag.py:3211} INFO - Sync 1 DAGs
[2024-08-29T00:23:52.189+0000] {logging_mixin.py:190} INFO - [2024-08-29T00:23:52.189+0000] {dag.py:4138} INFO - Setting next_dagrun for example_task_group to 2024-08-28 00:00:00+00:00, run_after=2024-08-29 00:00:00+00:00
[2024-08-29T00:23:52.235+0000] {processor.py:208} INFO - Processing /home/airflow/.local/lib/python3.12/site-packages/airflow/example_dags/example_task_group.py took 0.167 seconds
[2024-08-29T00:24:24.241+0000] {processor.py:186} INFO - Started process (PID=888) to work on /home/airflow/.local/lib/python3.12/site-packages/airflow/example_dags/example_task_group.py
[2024-08-29T00:24:24.243+0000] {processor.py:914} INFO - Processing file /home/airflow/.local/lib/python3.12/site-packages/airflow/example_dags/example_task_group.py for tasks to queue
[2024-08-29T00:24:24.247+0000] {logging_mixin.py:190} INFO - [2024-08-29T00:24:24.246+0000] {dagbag.py:587} INFO - Filling up the DagBag from /home/airflow/.local/lib/python3.12/site-packages/airflow/example_dags/example_task_group.py
[2024-08-29T00:24:24.261+0000] {processor.py:925} INFO - DAG(s) 'example_task_group' retrieved from /home/airflow/.local/lib/python3.12/site-packages/airflow/example_dags/example_task_group.py
[2024-08-29T00:24:24.321+0000] {logging_mixin.py:190} INFO - [2024-08-29T00:24:24.321+0000] {dag.py:3211} INFO - Sync 1 DAGs
[2024-08-29T00:24:24.427+0000] {logging_mixin.py:190} INFO - [2024-08-29T00:24:24.427+0000] {dag.py:4138} INFO - Setting next_dagrun for example_task_group to 2024-08-28 00:00:00+00:00, run_after=2024-08-29 00:00:00+00:00
[2024-08-29T00:24:24.525+0000] {processor.py:208} INFO - Processing /home/airflow/.local/lib/python3.12/site-packages/airflow/example_dags/example_task_group.py took 0.295 seconds
[2024-08-29T00:24:54.932+0000] {processor.py:186} INFO - Started process (PID=951) to work on /home/airflow/.local/lib/python3.12/site-packages/airflow/example_dags/example_task_group.py
[2024-08-29T00:24:54.934+0000] {processor.py:914} INFO - Processing file /home/airflow/.local/lib/python3.12/site-packages/airflow/example_dags/example_task_group.py for tasks to queue
[2024-08-29T00:24:54.941+0000] {logging_mixin.py:190} INFO - [2024-08-29T00:24:54.940+0000] {dagbag.py:587} INFO - Filling up the DagBag from /home/airflow/.local/lib/python3.12/site-packages/airflow/example_dags/example_task_group.py
[2024-08-29T00:24:54.970+0000] {processor.py:925} INFO - DAG(s) 'example_task_group' retrieved from /home/airflow/.local/lib/python3.12/site-packages/airflow/example_dags/example_task_group.py
[2024-08-29T00:24:55.006+0000] {logging_mixin.py:190} INFO - [2024-08-29T00:24:55.005+0000] {dag.py:3211} INFO - Sync 1 DAGs
[2024-08-29T00:24:55.047+0000] {logging_mixin.py:190} INFO - [2024-08-29T00:24:55.047+0000] {dag.py:4138} INFO - Setting next_dagrun for example_task_group to 2024-08-28 00:00:00+00:00, run_after=2024-08-29 00:00:00+00:00
[2024-08-29T00:24:55.083+0000] {processor.py:208} INFO - Processing /home/airflow/.local/lib/python3.12/site-packages/airflow/example_dags/example_task_group.py took 0.166 seconds
[2024-08-29T00:25:25.814+0000] {processor.py:186} INFO - Started process (PID=1014) to work on /home/airflow/.local/lib/python3.12/site-packages/airflow/example_dags/example_task_group.py
[2024-08-29T00:25:25.823+0000] {processor.py:914} INFO - Processing file /home/airflow/.local/lib/python3.12/site-packages/airflow/example_dags/example_task_group.py for tasks to queue
[2024-08-29T00:25:25.831+0000] {logging_mixin.py:190} INFO - [2024-08-29T00:25:25.830+0000] {dagbag.py:587} INFO - Filling up the DagBag from /home/airflow/.local/lib/python3.12/site-packages/airflow/example_dags/example_task_group.py
[2024-08-29T00:25:25.883+0000] {processor.py:925} INFO - DAG(s) 'example_task_group' retrieved from /home/airflow/.local/lib/python3.12/site-packages/airflow/example_dags/example_task_group.py
[2024-08-29T00:25:25.985+0000] {logging_mixin.py:190} INFO - [2024-08-29T00:25:25.980+0000] {dag.py:3211} INFO - Sync 1 DAGs
[2024-08-29T00:25:26.096+0000] {logging_mixin.py:190} INFO - [2024-08-29T00:25:26.096+0000] {dag.py:4138} INFO - Setting next_dagrun for example_task_group to 2024-08-28 00:00:00+00:00, run_after=2024-08-29 00:00:00+00:00
[2024-08-29T00:25:26.176+0000] {processor.py:208} INFO - Processing /home/airflow/.local/lib/python3.12/site-packages/airflow/example_dags/example_task_group.py took 0.397 seconds
[2024-08-29T00:25:57.424+0000] {processor.py:186} INFO - Started process (PID=1083) to work on /home/airflow/.local/lib/python3.12/site-packages/airflow/example_dags/example_task_group.py
[2024-08-29T00:25:57.426+0000] {processor.py:914} INFO - Processing file /home/airflow/.local/lib/python3.12/site-packages/airflow/example_dags/example_task_group.py for tasks to queue
[2024-08-29T00:25:57.433+0000] {logging_mixin.py:190} INFO - [2024-08-29T00:25:57.432+0000] {dagbag.py:587} INFO - Filling up the DagBag from /home/airflow/.local/lib/python3.12/site-packages/airflow/example_dags/example_task_group.py
[2024-08-29T00:25:57.467+0000] {processor.py:925} INFO - DAG(s) 'example_task_group' retrieved from /home/airflow/.local/lib/python3.12/site-packages/airflow/example_dags/example_task_group.py
[2024-08-29T00:25:57.525+0000] {logging_mixin.py:190} INFO - [2024-08-29T00:25:57.524+0000] {dag.py:3211} INFO - Sync 1 DAGs
[2024-08-29T00:25:57.597+0000] {logging_mixin.py:190} INFO - [2024-08-29T00:25:57.596+0000] {dag.py:4138} INFO - Setting next_dagrun for example_task_group to 2024-08-28 00:00:00+00:00, run_after=2024-08-29 00:00:00+00:00
[2024-08-29T00:25:57.654+0000] {processor.py:208} INFO - Processing /home/airflow/.local/lib/python3.12/site-packages/airflow/example_dags/example_task_group.py took 0.242 seconds
[2024-08-29T00:26:27.986+0000] {processor.py:186} INFO - Started process (PID=1146) to work on /home/airflow/.local/lib/python3.12/site-packages/airflow/example_dags/example_task_group.py
[2024-08-29T00:26:27.988+0000] {processor.py:914} INFO - Processing file /home/airflow/.local/lib/python3.12/site-packages/airflow/example_dags/example_task_group.py for tasks to queue
[2024-08-29T00:26:27.992+0000] {logging_mixin.py:190} INFO - [2024-08-29T00:26:27.991+0000] {dagbag.py:587} INFO - Filling up the DagBag from /home/airflow/.local/lib/python3.12/site-packages/airflow/example_dags/example_task_group.py
[2024-08-29T00:26:28.005+0000] {processor.py:925} INFO - DAG(s) 'example_task_group' retrieved from /home/airflow/.local/lib/python3.12/site-packages/airflow/example_dags/example_task_group.py
[2024-08-29T00:26:28.043+0000] {logging_mixin.py:190} INFO - [2024-08-29T00:26:28.042+0000] {dag.py:3211} INFO - Sync 1 DAGs
[2024-08-29T00:26:28.073+0000] {logging_mixin.py:190} INFO - [2024-08-29T00:26:28.072+0000] {dag.py:4138} INFO - Setting next_dagrun for example_task_group to 2024-08-28 00:00:00+00:00, run_after=2024-08-29 00:00:00+00:00
[2024-08-29T00:26:28.097+0000] {processor.py:208} INFO - Processing /home/airflow/.local/lib/python3.12/site-packages/airflow/example_dags/example_task_group.py took 0.120 seconds
[2024-08-29T00:26:58.945+0000] {processor.py:186} INFO - Started process (PID=1209) to work on /home/airflow/.local/lib/python3.12/site-packages/airflow/example_dags/example_task_group.py
[2024-08-29T00:26:58.946+0000] {processor.py:914} INFO - Processing file /home/airflow/.local/lib/python3.12/site-packages/airflow/example_dags/example_task_group.py for tasks to queue
[2024-08-29T00:26:58.949+0000] {logging_mixin.py:190} INFO - [2024-08-29T00:26:58.949+0000] {dagbag.py:587} INFO - Filling up the DagBag from /home/airflow/.local/lib/python3.12/site-packages/airflow/example_dags/example_task_group.py
[2024-08-29T00:26:58.963+0000] {processor.py:925} INFO - DAG(s) 'example_task_group' retrieved from /home/airflow/.local/lib/python3.12/site-packages/airflow/example_dags/example_task_group.py
[2024-08-29T00:26:59.003+0000] {logging_mixin.py:190} INFO - [2024-08-29T00:26:59.002+0000] {dag.py:3211} INFO - Sync 1 DAGs
[2024-08-29T00:26:59.033+0000] {logging_mixin.py:190} INFO - [2024-08-29T00:26:59.033+0000] {dag.py:4138} INFO - Setting next_dagrun for example_task_group to 2024-08-28 00:00:00+00:00, run_after=2024-08-29 00:00:00+00:00
[2024-08-29T00:26:59.057+0000] {processor.py:208} INFO - Processing /home/airflow/.local/lib/python3.12/site-packages/airflow/example_dags/example_task_group.py took 0.123 seconds
[2024-08-29T00:27:29.906+0000] {processor.py:186} INFO - Started process (PID=1272) to work on /home/airflow/.local/lib/python3.12/site-packages/airflow/example_dags/example_task_group.py
[2024-08-29T00:27:29.908+0000] {processor.py:914} INFO - Processing file /home/airflow/.local/lib/python3.12/site-packages/airflow/example_dags/example_task_group.py for tasks to queue
[2024-08-29T00:27:29.911+0000] {logging_mixin.py:190} INFO - [2024-08-29T00:27:29.911+0000] {dagbag.py:587} INFO - Filling up the DagBag from /home/airflow/.local/lib/python3.12/site-packages/airflow/example_dags/example_task_group.py
[2024-08-29T00:27:29.927+0000] {processor.py:925} INFO - DAG(s) 'example_task_group' retrieved from /home/airflow/.local/lib/python3.12/site-packages/airflow/example_dags/example_task_group.py
[2024-08-29T00:27:29.963+0000] {logging_mixin.py:190} INFO - [2024-08-29T00:27:29.963+0000] {dag.py:3211} INFO - Sync 1 DAGs
[2024-08-29T00:27:30.012+0000] {logging_mixin.py:190} INFO - [2024-08-29T00:27:30.012+0000] {dag.py:4138} INFO - Setting next_dagrun for example_task_group to 2024-08-28 00:00:00+00:00, run_after=2024-08-29 00:00:00+00:00
[2024-08-29T00:27:30.039+0000] {processor.py:208} INFO - Processing /home/airflow/.local/lib/python3.12/site-packages/airflow/example_dags/example_task_group.py took 0.142 seconds
[2024-08-29T00:28:00.979+0000] {processor.py:186} INFO - Started process (PID=1335) to work on /home/airflow/.local/lib/python3.12/site-packages/airflow/example_dags/example_task_group.py
[2024-08-29T00:28:00.981+0000] {processor.py:914} INFO - Processing file /home/airflow/.local/lib/python3.12/site-packages/airflow/example_dags/example_task_group.py for tasks to queue
[2024-08-29T00:28:00.995+0000] {logging_mixin.py:190} INFO - [2024-08-29T00:28:00.994+0000] {dagbag.py:587} INFO - Filling up the DagBag from /home/airflow/.local/lib/python3.12/site-packages/airflow/example_dags/example_task_group.py
[2024-08-29T00:28:01.021+0000] {processor.py:925} INFO - DAG(s) 'example_task_group' retrieved from /home/airflow/.local/lib/python3.12/site-packages/airflow/example_dags/example_task_group.py
[2024-08-29T00:28:01.072+0000] {logging_mixin.py:190} INFO - [2024-08-29T00:28:01.072+0000] {dag.py:3211} INFO - Sync 1 DAGs
[2024-08-29T00:28:01.113+0000] {logging_mixin.py:190} INFO - [2024-08-29T00:28:01.112+0000] {dag.py:4138} INFO - Setting next_dagrun for example_task_group to 2024-08-28 00:00:00+00:00, run_after=2024-08-29 00:00:00+00:00
[2024-08-29T00:28:01.144+0000] {processor.py:208} INFO - Processing /home/airflow/.local/lib/python3.12/site-packages/airflow/example_dags/example_task_group.py took 0.185 seconds
[2024-08-29T00:28:31.499+0000] {processor.py:186} INFO - Started process (PID=1398) to work on /home/airflow/.local/lib/python3.12/site-packages/airflow/example_dags/example_task_group.py
[2024-08-29T00:28:31.500+0000] {processor.py:914} INFO - Processing file /home/airflow/.local/lib/python3.12/site-packages/airflow/example_dags/example_task_group.py for tasks to queue
[2024-08-29T00:28:31.504+0000] {logging_mixin.py:190} INFO - [2024-08-29T00:28:31.503+0000] {dagbag.py:587} INFO - Filling up the DagBag from /home/airflow/.local/lib/python3.12/site-packages/airflow/example_dags/example_task_group.py
[2024-08-29T00:28:31.517+0000] {processor.py:925} INFO - DAG(s) 'example_task_group' retrieved from /home/airflow/.local/lib/python3.12/site-packages/airflow/example_dags/example_task_group.py
[2024-08-29T00:28:31.553+0000] {logging_mixin.py:190} INFO - [2024-08-29T00:28:31.553+0000] {dag.py:3211} INFO - Sync 1 DAGs
[2024-08-29T00:28:31.583+0000] {logging_mixin.py:190} INFO - [2024-08-29T00:28:31.583+0000] {dag.py:4138} INFO - Setting next_dagrun for example_task_group to 2024-08-28 00:00:00+00:00, run_after=2024-08-29 00:00:00+00:00
[2024-08-29T00:28:31.609+0000] {processor.py:208} INFO - Processing /home/airflow/.local/lib/python3.12/site-packages/airflow/example_dags/example_task_group.py took 0.118 seconds
[2024-08-29T00:29:02.176+0000] {processor.py:186} INFO - Started process (PID=1461) to work on /home/airflow/.local/lib/python3.12/site-packages/airflow/example_dags/example_task_group.py
[2024-08-29T00:29:02.178+0000] {processor.py:914} INFO - Processing file /home/airflow/.local/lib/python3.12/site-packages/airflow/example_dags/example_task_group.py for tasks to queue
[2024-08-29T00:29:02.182+0000] {logging_mixin.py:190} INFO - [2024-08-29T00:29:02.181+0000] {dagbag.py:587} INFO - Filling up the DagBag from /home/airflow/.local/lib/python3.12/site-packages/airflow/example_dags/example_task_group.py
[2024-08-29T00:29:02.198+0000] {processor.py:925} INFO - DAG(s) 'example_task_group' retrieved from /home/airflow/.local/lib/python3.12/site-packages/airflow/example_dags/example_task_group.py
[2024-08-29T00:29:02.238+0000] {logging_mixin.py:190} INFO - [2024-08-29T00:29:02.237+0000] {dag.py:3211} INFO - Sync 1 DAGs
[2024-08-29T00:29:02.268+0000] {logging_mixin.py:190} INFO - [2024-08-29T00:29:02.268+0000] {dag.py:4138} INFO - Setting next_dagrun for example_task_group to 2024-08-28 00:00:00+00:00, run_after=2024-08-29 00:00:00+00:00
[2024-08-29T00:29:02.294+0000] {processor.py:208} INFO - Processing /home/airflow/.local/lib/python3.12/site-packages/airflow/example_dags/example_task_group.py took 0.129 seconds
[2024-08-29T00:33:28.906+0000] {processor.py:186} INFO - Started process (PID=132) to work on /home/airflow/.local/lib/python3.12/site-packages/airflow/example_dags/example_task_group.py
[2024-08-29T00:33:28.911+0000] {processor.py:914} INFO - Processing file /home/airflow/.local/lib/python3.12/site-packages/airflow/example_dags/example_task_group.py for tasks to queue
[2024-08-29T00:33:28.948+0000] {logging_mixin.py:190} INFO - [2024-08-29T00:33:28.943+0000] {dagbag.py:587} INFO - Filling up the DagBag from /home/airflow/.local/lib/python3.12/site-packages/airflow/example_dags/example_task_group.py
[2024-08-29T00:33:29.011+0000] {processor.py:925} INFO - DAG(s) 'example_task_group' retrieved from /home/airflow/.local/lib/python3.12/site-packages/airflow/example_dags/example_task_group.py
[2024-08-29T00:33:29.093+0000] {logging_mixin.py:190} INFO - [2024-08-29T00:33:29.092+0000] {dag.py:3211} INFO - Sync 1 DAGs
[2024-08-29T00:33:29.154+0000] {logging_mixin.py:190} INFO - [2024-08-29T00:33:29.153+0000] {dag.py:4138} INFO - Setting next_dagrun for example_task_group to 2024-08-28 00:00:00+00:00, run_after=2024-08-29 00:00:00+00:00
[2024-08-29T00:33:29.212+0000] {processor.py:208} INFO - Processing /home/airflow/.local/lib/python3.12/site-packages/airflow/example_dags/example_task_group.py took 0.360 seconds
[2024-08-29T00:34:00.603+0000] {processor.py:186} INFO - Started process (PID=195) to work on /home/airflow/.local/lib/python3.12/site-packages/airflow/example_dags/example_task_group.py
[2024-08-29T00:34:00.605+0000] {processor.py:914} INFO - Processing file /home/airflow/.local/lib/python3.12/site-packages/airflow/example_dags/example_task_group.py for tasks to queue
[2024-08-29T00:34:00.608+0000] {logging_mixin.py:190} INFO - [2024-08-29T00:34:00.607+0000] {dagbag.py:587} INFO - Filling up the DagBag from /home/airflow/.local/lib/python3.12/site-packages/airflow/example_dags/example_task_group.py
[2024-08-29T00:34:00.622+0000] {processor.py:925} INFO - DAG(s) 'example_task_group' retrieved from /home/airflow/.local/lib/python3.12/site-packages/airflow/example_dags/example_task_group.py
[2024-08-29T00:34:00.658+0000] {logging_mixin.py:190} INFO - [2024-08-29T00:34:00.658+0000] {dag.py:3211} INFO - Sync 1 DAGs
[2024-08-29T00:34:00.723+0000] {logging_mixin.py:190} INFO - [2024-08-29T00:34:00.722+0000] {dag.py:4138} INFO - Setting next_dagrun for example_task_group to 2024-08-28 00:00:00+00:00, run_after=2024-08-29 00:00:00+00:00
[2024-08-29T00:34:00.834+0000] {processor.py:208} INFO - Processing /home/airflow/.local/lib/python3.12/site-packages/airflow/example_dags/example_task_group.py took 0.240 seconds
[2024-08-29T00:34:31.069+0000] {processor.py:186} INFO - Started process (PID=257) to work on /home/airflow/.local/lib/python3.12/site-packages/airflow/example_dags/example_task_group.py
[2024-08-29T00:34:31.071+0000] {processor.py:914} INFO - Processing file /home/airflow/.local/lib/python3.12/site-packages/airflow/example_dags/example_task_group.py for tasks to queue
[2024-08-29T00:34:31.075+0000] {logging_mixin.py:190} INFO - [2024-08-29T00:34:31.074+0000] {dagbag.py:587} INFO - Filling up the DagBag from /home/airflow/.local/lib/python3.12/site-packages/airflow/example_dags/example_task_group.py
[2024-08-29T00:34:31.089+0000] {processor.py:925} INFO - DAG(s) 'example_task_group' retrieved from /home/airflow/.local/lib/python3.12/site-packages/airflow/example_dags/example_task_group.py
[2024-08-29T00:34:31.128+0000] {logging_mixin.py:190} INFO - [2024-08-29T00:34:31.127+0000] {dag.py:3211} INFO - Sync 1 DAGs
[2024-08-29T00:34:31.162+0000] {logging_mixin.py:190} INFO - [2024-08-29T00:34:31.161+0000] {dag.py:4138} INFO - Setting next_dagrun for example_task_group to 2024-08-28 00:00:00+00:00, run_after=2024-08-29 00:00:00+00:00
[2024-08-29T00:34:31.192+0000] {processor.py:208} INFO - Processing /home/airflow/.local/lib/python3.12/site-packages/airflow/example_dags/example_task_group.py took 0.133 seconds
[2024-08-29T00:35:01.861+0000] {processor.py:186} INFO - Started process (PID=320) to work on /home/airflow/.local/lib/python3.12/site-packages/airflow/example_dags/example_task_group.py
[2024-08-29T00:35:01.863+0000] {processor.py:914} INFO - Processing file /home/airflow/.local/lib/python3.12/site-packages/airflow/example_dags/example_task_group.py for tasks to queue
[2024-08-29T00:35:01.867+0000] {logging_mixin.py:190} INFO - [2024-08-29T00:35:01.866+0000] {dagbag.py:587} INFO - Filling up the DagBag from /home/airflow/.local/lib/python3.12/site-packages/airflow/example_dags/example_task_group.py
[2024-08-29T00:35:01.880+0000] {processor.py:925} INFO - DAG(s) 'example_task_group' retrieved from /home/airflow/.local/lib/python3.12/site-packages/airflow/example_dags/example_task_group.py
[2024-08-29T00:35:01.911+0000] {logging_mixin.py:190} INFO - [2024-08-29T00:35:01.911+0000] {dag.py:3211} INFO - Sync 1 DAGs
[2024-08-29T00:35:01.946+0000] {logging_mixin.py:190} INFO - [2024-08-29T00:35:01.946+0000] {dag.py:4138} INFO - Setting next_dagrun for example_task_group to 2024-08-28 00:00:00+00:00, run_after=2024-08-29 00:00:00+00:00
[2024-08-29T00:35:01.974+0000] {processor.py:208} INFO - Processing /home/airflow/.local/lib/python3.12/site-packages/airflow/example_dags/example_task_group.py took 0.123 seconds
[2024-08-29T00:35:32.368+0000] {processor.py:186} INFO - Started process (PID=383) to work on /home/airflow/.local/lib/python3.12/site-packages/airflow/example_dags/example_task_group.py
[2024-08-29T00:35:32.372+0000] {processor.py:914} INFO - Processing file /home/airflow/.local/lib/python3.12/site-packages/airflow/example_dags/example_task_group.py for tasks to queue
[2024-08-29T00:35:32.378+0000] {logging_mixin.py:190} INFO - [2024-08-29T00:35:32.377+0000] {dagbag.py:587} INFO - Filling up the DagBag from /home/airflow/.local/lib/python3.12/site-packages/airflow/example_dags/example_task_group.py
[2024-08-29T00:35:32.407+0000] {processor.py:925} INFO - DAG(s) 'example_task_group' retrieved from /home/airflow/.local/lib/python3.12/site-packages/airflow/example_dags/example_task_group.py
[2024-08-29T00:35:32.441+0000] {logging_mixin.py:190} INFO - [2024-08-29T00:35:32.441+0000] {dag.py:3211} INFO - Sync 1 DAGs
[2024-08-29T00:35:32.484+0000] {logging_mixin.py:190} INFO - [2024-08-29T00:35:32.484+0000] {dag.py:4138} INFO - Setting next_dagrun for example_task_group to 2024-08-28 00:00:00+00:00, run_after=2024-08-29 00:00:00+00:00
[2024-08-29T00:35:32.523+0000] {processor.py:208} INFO - Processing /home/airflow/.local/lib/python3.12/site-packages/airflow/example_dags/example_task_group.py took 0.175 seconds
[2024-08-29T00:36:03.334+0000] {processor.py:186} INFO - Started process (PID=446) to work on /home/airflow/.local/lib/python3.12/site-packages/airflow/example_dags/example_task_group.py
[2024-08-29T00:36:03.335+0000] {processor.py:914} INFO - Processing file /home/airflow/.local/lib/python3.12/site-packages/airflow/example_dags/example_task_group.py for tasks to queue
[2024-08-29T00:36:03.340+0000] {logging_mixin.py:190} INFO - [2024-08-29T00:36:03.339+0000] {dagbag.py:587} INFO - Filling up the DagBag from /home/airflow/.local/lib/python3.12/site-packages/airflow/example_dags/example_task_group.py
[2024-08-29T00:36:03.358+0000] {processor.py:925} INFO - DAG(s) 'example_task_group' retrieved from /home/airflow/.local/lib/python3.12/site-packages/airflow/example_dags/example_task_group.py
[2024-08-29T00:36:03.485+0000] {logging_mixin.py:190} INFO - [2024-08-29T00:36:03.485+0000] {dag.py:3211} INFO - Sync 1 DAGs
[2024-08-29T00:36:03.604+0000] {logging_mixin.py:190} INFO - [2024-08-29T00:36:03.604+0000] {dag.py:4138} INFO - Setting next_dagrun for example_task_group to 2024-08-28 00:00:00+00:00, run_after=2024-08-29 00:00:00+00:00
[2024-08-29T00:36:03.679+0000] {processor.py:208} INFO - Processing /home/airflow/.local/lib/python3.12/site-packages/airflow/example_dags/example_task_group.py took 0.357 seconds
[2024-08-29T00:36:33.825+0000] {processor.py:186} INFO - Started process (PID=509) to work on /home/airflow/.local/lib/python3.12/site-packages/airflow/example_dags/example_task_group.py
[2024-08-29T00:36:33.827+0000] {processor.py:914} INFO - Processing file /home/airflow/.local/lib/python3.12/site-packages/airflow/example_dags/example_task_group.py for tasks to queue
[2024-08-29T00:36:33.830+0000] {logging_mixin.py:190} INFO - [2024-08-29T00:36:33.830+0000] {dagbag.py:587} INFO - Filling up the DagBag from /home/airflow/.local/lib/python3.12/site-packages/airflow/example_dags/example_task_group.py
[2024-08-29T00:36:33.845+0000] {processor.py:925} INFO - DAG(s) 'example_task_group' retrieved from /home/airflow/.local/lib/python3.12/site-packages/airflow/example_dags/example_task_group.py
[2024-08-29T00:36:33.878+0000] {logging_mixin.py:190} INFO - [2024-08-29T00:36:33.878+0000] {dag.py:3211} INFO - Sync 1 DAGs
[2024-08-29T00:36:33.917+0000] {logging_mixin.py:190} INFO - [2024-08-29T00:36:33.916+0000] {dag.py:4138} INFO - Setting next_dagrun for example_task_group to 2024-08-28 00:00:00+00:00, run_after=2024-08-29 00:00:00+00:00
[2024-08-29T00:36:33.966+0000] {processor.py:208} INFO - Processing /home/airflow/.local/lib/python3.12/site-packages/airflow/example_dags/example_task_group.py took 0.149 seconds
[2024-08-29T00:37:04.592+0000] {processor.py:186} INFO - Started process (PID=571) to work on /home/airflow/.local/lib/python3.12/site-packages/airflow/example_dags/example_task_group.py
[2024-08-29T00:37:04.594+0000] {processor.py:914} INFO - Processing file /home/airflow/.local/lib/python3.12/site-packages/airflow/example_dags/example_task_group.py for tasks to queue
[2024-08-29T00:37:04.597+0000] {logging_mixin.py:190} INFO - [2024-08-29T00:37:04.597+0000] {dagbag.py:587} INFO - Filling up the DagBag from /home/airflow/.local/lib/python3.12/site-packages/airflow/example_dags/example_task_group.py
[2024-08-29T00:37:04.612+0000] {processor.py:925} INFO - DAG(s) 'example_task_group' retrieved from /home/airflow/.local/lib/python3.12/site-packages/airflow/example_dags/example_task_group.py
[2024-08-29T00:37:04.653+0000] {logging_mixin.py:190} INFO - [2024-08-29T00:37:04.652+0000] {dag.py:3211} INFO - Sync 1 DAGs
[2024-08-29T00:37:04.691+0000] {logging_mixin.py:190} INFO - [2024-08-29T00:37:04.691+0000] {dag.py:4138} INFO - Setting next_dagrun for example_task_group to 2024-08-28 00:00:00+00:00, run_after=2024-08-29 00:00:00+00:00
[2024-08-29T00:37:04.742+0000] {processor.py:208} INFO - Processing /home/airflow/.local/lib/python3.12/site-packages/airflow/example_dags/example_task_group.py took 0.162 seconds
[2024-08-29T00:37:35.092+0000] {processor.py:186} INFO - Started process (PID=635) to work on /home/airflow/.local/lib/python3.12/site-packages/airflow/example_dags/example_task_group.py
[2024-08-29T00:37:35.093+0000] {processor.py:914} INFO - Processing file /home/airflow/.local/lib/python3.12/site-packages/airflow/example_dags/example_task_group.py for tasks to queue
[2024-08-29T00:37:35.097+0000] {logging_mixin.py:190} INFO - [2024-08-29T00:37:35.097+0000] {dagbag.py:587} INFO - Filling up the DagBag from /home/airflow/.local/lib/python3.12/site-packages/airflow/example_dags/example_task_group.py
[2024-08-29T00:37:35.110+0000] {processor.py:925} INFO - DAG(s) 'example_task_group' retrieved from /home/airflow/.local/lib/python3.12/site-packages/airflow/example_dags/example_task_group.py
[2024-08-29T00:37:35.147+0000] {logging_mixin.py:190} INFO - [2024-08-29T00:37:35.147+0000] {dag.py:3211} INFO - Sync 1 DAGs
[2024-08-29T00:37:35.183+0000] {logging_mixin.py:190} INFO - [2024-08-29T00:37:35.182+0000] {dag.py:4138} INFO - Setting next_dagrun for example_task_group to 2024-08-28 00:00:00+00:00, run_after=2024-08-29 00:00:00+00:00
[2024-08-29T00:37:35.217+0000] {processor.py:208} INFO - Processing /home/airflow/.local/lib/python3.12/site-packages/airflow/example_dags/example_task_group.py took 0.133 seconds
[2024-08-29T00:38:05.371+0000] {processor.py:186} INFO - Started process (PID=698) to work on /home/airflow/.local/lib/python3.12/site-packages/airflow/example_dags/example_task_group.py
[2024-08-29T00:38:05.373+0000] {processor.py:914} INFO - Processing file /home/airflow/.local/lib/python3.12/site-packages/airflow/example_dags/example_task_group.py for tasks to queue
[2024-08-29T00:38:05.376+0000] {logging_mixin.py:190} INFO - [2024-08-29T00:38:05.376+0000] {dagbag.py:587} INFO - Filling up the DagBag from /home/airflow/.local/lib/python3.12/site-packages/airflow/example_dags/example_task_group.py
[2024-08-29T00:38:05.390+0000] {processor.py:925} INFO - DAG(s) 'example_task_group' retrieved from /home/airflow/.local/lib/python3.12/site-packages/airflow/example_dags/example_task_group.py
[2024-08-29T00:38:05.429+0000] {logging_mixin.py:190} INFO - [2024-08-29T00:38:05.428+0000] {dag.py:3211} INFO - Sync 1 DAGs
[2024-08-29T00:38:05.468+0000] {logging_mixin.py:190} INFO - [2024-08-29T00:38:05.467+0000] {dag.py:4138} INFO - Setting next_dagrun for example_task_group to 2024-08-28 00:00:00+00:00, run_after=2024-08-29 00:00:00+00:00
[2024-08-29T00:38:05.505+0000] {processor.py:208} INFO - Processing /home/airflow/.local/lib/python3.12/site-packages/airflow/example_dags/example_task_group.py took 0.142 seconds
[2024-08-29T00:38:35.734+0000] {processor.py:186} INFO - Started process (PID=761) to work on /home/airflow/.local/lib/python3.12/site-packages/airflow/example_dags/example_task_group.py
[2024-08-29T00:38:35.736+0000] {processor.py:914} INFO - Processing file /home/airflow/.local/lib/python3.12/site-packages/airflow/example_dags/example_task_group.py for tasks to queue
[2024-08-29T00:38:35.739+0000] {logging_mixin.py:190} INFO - [2024-08-29T00:38:35.739+0000] {dagbag.py:587} INFO - Filling up the DagBag from /home/airflow/.local/lib/python3.12/site-packages/airflow/example_dags/example_task_group.py
[2024-08-29T00:38:35.752+0000] {processor.py:925} INFO - DAG(s) 'example_task_group' retrieved from /home/airflow/.local/lib/python3.12/site-packages/airflow/example_dags/example_task_group.py
[2024-08-29T00:38:35.788+0000] {logging_mixin.py:190} INFO - [2024-08-29T00:38:35.787+0000] {dag.py:3211} INFO - Sync 1 DAGs
[2024-08-29T00:38:35.825+0000] {logging_mixin.py:190} INFO - [2024-08-29T00:38:35.824+0000] {dag.py:4138} INFO - Setting next_dagrun for example_task_group to 2024-08-28 00:00:00+00:00, run_after=2024-08-29 00:00:00+00:00
[2024-08-29T00:38:35.868+0000] {processor.py:208} INFO - Processing /home/airflow/.local/lib/python3.12/site-packages/airflow/example_dags/example_task_group.py took 0.142 seconds
[2024-08-29T00:39:06.469+0000] {processor.py:186} INFO - Started process (PID=824) to work on /home/airflow/.local/lib/python3.12/site-packages/airflow/example_dags/example_task_group.py
[2024-08-29T00:39:06.471+0000] {processor.py:914} INFO - Processing file /home/airflow/.local/lib/python3.12/site-packages/airflow/example_dags/example_task_group.py for tasks to queue
[2024-08-29T00:39:06.475+0000] {logging_mixin.py:190} INFO - [2024-08-29T00:39:06.474+0000] {dagbag.py:587} INFO - Filling up the DagBag from /home/airflow/.local/lib/python3.12/site-packages/airflow/example_dags/example_task_group.py
[2024-08-29T00:39:06.492+0000] {processor.py:925} INFO - DAG(s) 'example_task_group' retrieved from /home/airflow/.local/lib/python3.12/site-packages/airflow/example_dags/example_task_group.py
[2024-08-29T00:39:06.532+0000] {logging_mixin.py:190} INFO - [2024-08-29T00:39:06.531+0000] {dag.py:3211} INFO - Sync 1 DAGs
[2024-08-29T00:39:06.579+0000] {logging_mixin.py:190} INFO - [2024-08-29T00:39:06.578+0000] {dag.py:4138} INFO - Setting next_dagrun for example_task_group to 2024-08-28 00:00:00+00:00, run_after=2024-08-29 00:00:00+00:00
[2024-08-29T00:39:06.637+0000] {processor.py:208} INFO - Processing /home/airflow/.local/lib/python3.12/site-packages/airflow/example_dags/example_task_group.py took 0.179 seconds
[2024-08-29T00:39:36.756+0000] {processor.py:186} INFO - Started process (PID=887) to work on /home/airflow/.local/lib/python3.12/site-packages/airflow/example_dags/example_task_group.py
[2024-08-29T00:39:36.758+0000] {processor.py:914} INFO - Processing file /home/airflow/.local/lib/python3.12/site-packages/airflow/example_dags/example_task_group.py for tasks to queue
[2024-08-29T00:39:36.762+0000] {logging_mixin.py:190} INFO - [2024-08-29T00:39:36.761+0000] {dagbag.py:587} INFO - Filling up the DagBag from /home/airflow/.local/lib/python3.12/site-packages/airflow/example_dags/example_task_group.py
[2024-08-29T00:39:36.778+0000] {processor.py:925} INFO - DAG(s) 'example_task_group' retrieved from /home/airflow/.local/lib/python3.12/site-packages/airflow/example_dags/example_task_group.py
[2024-08-29T00:39:36.820+0000] {logging_mixin.py:190} INFO - [2024-08-29T00:39:36.819+0000] {dag.py:3211} INFO - Sync 1 DAGs
[2024-08-29T00:39:36.865+0000] {logging_mixin.py:190} INFO - [2024-08-29T00:39:36.865+0000] {dag.py:4138} INFO - Setting next_dagrun for example_task_group to 2024-08-28 00:00:00+00:00, run_after=2024-08-29 00:00:00+00:00
[2024-08-29T00:39:36.919+0000] {processor.py:208} INFO - Processing /home/airflow/.local/lib/python3.12/site-packages/airflow/example_dags/example_task_group.py took 0.172 seconds
[2024-08-29T00:40:07.055+0000] {processor.py:186} INFO - Started process (PID=951) to work on /home/airflow/.local/lib/python3.12/site-packages/airflow/example_dags/example_task_group.py
[2024-08-29T00:40:07.056+0000] {processor.py:914} INFO - Processing file /home/airflow/.local/lib/python3.12/site-packages/airflow/example_dags/example_task_group.py for tasks to queue
[2024-08-29T00:40:07.060+0000] {logging_mixin.py:190} INFO - [2024-08-29T00:40:07.060+0000] {dagbag.py:587} INFO - Filling up the DagBag from /home/airflow/.local/lib/python3.12/site-packages/airflow/example_dags/example_task_group.py
[2024-08-29T00:40:07.076+0000] {processor.py:925} INFO - DAG(s) 'example_task_group' retrieved from /home/airflow/.local/lib/python3.12/site-packages/airflow/example_dags/example_task_group.py
[2024-08-29T00:40:07.123+0000] {logging_mixin.py:190} INFO - [2024-08-29T00:40:07.122+0000] {dag.py:3211} INFO - Sync 1 DAGs
[2024-08-29T00:40:07.160+0000] {logging_mixin.py:190} INFO - [2024-08-29T00:40:07.159+0000] {dag.py:4138} INFO - Setting next_dagrun for example_task_group to 2024-08-28 00:00:00+00:00, run_after=2024-08-29 00:00:00+00:00
[2024-08-29T00:40:07.187+0000] {processor.py:208} INFO - Processing /home/airflow/.local/lib/python3.12/site-packages/airflow/example_dags/example_task_group.py took 0.140 seconds
[2024-08-29T00:40:37.950+0000] {processor.py:186} INFO - Started process (PID=1014) to work on /home/airflow/.local/lib/python3.12/site-packages/airflow/example_dags/example_task_group.py
[2024-08-29T00:40:37.951+0000] {processor.py:914} INFO - Processing file /home/airflow/.local/lib/python3.12/site-packages/airflow/example_dags/example_task_group.py for tasks to queue
[2024-08-29T00:40:37.955+0000] {logging_mixin.py:190} INFO - [2024-08-29T00:40:37.955+0000] {dagbag.py:587} INFO - Filling up the DagBag from /home/airflow/.local/lib/python3.12/site-packages/airflow/example_dags/example_task_group.py
[2024-08-29T00:40:37.967+0000] {processor.py:925} INFO - DAG(s) 'example_task_group' retrieved from /home/airflow/.local/lib/python3.12/site-packages/airflow/example_dags/example_task_group.py
[2024-08-29T00:40:38.000+0000] {logging_mixin.py:190} INFO - [2024-08-29T00:40:38.000+0000] {dag.py:3211} INFO - Sync 1 DAGs
[2024-08-29T00:40:38.036+0000] {logging_mixin.py:190} INFO - [2024-08-29T00:40:38.036+0000] {dag.py:4138} INFO - Setting next_dagrun for example_task_group to 2024-08-28 00:00:00+00:00, run_after=2024-08-29 00:00:00+00:00
[2024-08-29T00:40:38.096+0000] {processor.py:208} INFO - Processing /home/airflow/.local/lib/python3.12/site-packages/airflow/example_dags/example_task_group.py took 0.154 seconds
[2024-08-29T00:41:08.646+0000] {processor.py:186} INFO - Started process (PID=1078) to work on /home/airflow/.local/lib/python3.12/site-packages/airflow/example_dags/example_task_group.py
[2024-08-29T00:41:08.647+0000] {processor.py:914} INFO - Processing file /home/airflow/.local/lib/python3.12/site-packages/airflow/example_dags/example_task_group.py for tasks to queue
[2024-08-29T00:41:08.659+0000] {logging_mixin.py:190} INFO - [2024-08-29T00:41:08.658+0000] {dagbag.py:587} INFO - Filling up the DagBag from /home/airflow/.local/lib/python3.12/site-packages/airflow/example_dags/example_task_group.py
[2024-08-29T00:41:08.678+0000] {processor.py:925} INFO - DAG(s) 'example_task_group' retrieved from /home/airflow/.local/lib/python3.12/site-packages/airflow/example_dags/example_task_group.py
[2024-08-29T00:41:08.723+0000] {logging_mixin.py:190} INFO - [2024-08-29T00:41:08.722+0000] {dag.py:3211} INFO - Sync 1 DAGs
[2024-08-29T00:41:08.784+0000] {logging_mixin.py:190} INFO - [2024-08-29T00:41:08.784+0000] {dag.py:4138} INFO - Setting next_dagrun for example_task_group to 2024-08-28 00:00:00+00:00, run_after=2024-08-29 00:00:00+00:00
[2024-08-29T00:41:08.850+0000] {processor.py:208} INFO - Processing /home/airflow/.local/lib/python3.12/site-packages/airflow/example_dags/example_task_group.py took 0.212 seconds
[2024-08-29T00:41:39.200+0000] {processor.py:186} INFO - Started process (PID=1141) to work on /home/airflow/.local/lib/python3.12/site-packages/airflow/example_dags/example_task_group.py
[2024-08-29T00:41:39.203+0000] {processor.py:914} INFO - Processing file /home/airflow/.local/lib/python3.12/site-packages/airflow/example_dags/example_task_group.py for tasks to queue
[2024-08-29T00:41:39.207+0000] {logging_mixin.py:190} INFO - [2024-08-29T00:41:39.207+0000] {dagbag.py:587} INFO - Filling up the DagBag from /home/airflow/.local/lib/python3.12/site-packages/airflow/example_dags/example_task_group.py
[2024-08-29T00:41:39.224+0000] {processor.py:925} INFO - DAG(s) 'example_task_group' retrieved from /home/airflow/.local/lib/python3.12/site-packages/airflow/example_dags/example_task_group.py
[2024-08-29T00:41:39.266+0000] {logging_mixin.py:190} INFO - [2024-08-29T00:41:39.265+0000] {dag.py:3211} INFO - Sync 1 DAGs
[2024-08-29T00:41:39.315+0000] {logging_mixin.py:190} INFO - [2024-08-29T00:41:39.314+0000] {dag.py:4138} INFO - Setting next_dagrun for example_task_group to 2024-08-28 00:00:00+00:00, run_after=2024-08-29 00:00:00+00:00
[2024-08-29T00:41:39.372+0000] {processor.py:208} INFO - Processing /home/airflow/.local/lib/python3.12/site-packages/airflow/example_dags/example_task_group.py took 0.182 seconds
[2024-08-29T00:42:09.481+0000] {processor.py:186} INFO - Started process (PID=1205) to work on /home/airflow/.local/lib/python3.12/site-packages/airflow/example_dags/example_task_group.py
[2024-08-29T00:42:09.482+0000] {processor.py:914} INFO - Processing file /home/airflow/.local/lib/python3.12/site-packages/airflow/example_dags/example_task_group.py for tasks to queue
[2024-08-29T00:42:09.488+0000] {logging_mixin.py:190} INFO - [2024-08-29T00:42:09.487+0000] {dagbag.py:587} INFO - Filling up the DagBag from /home/airflow/.local/lib/python3.12/site-packages/airflow/example_dags/example_task_group.py
[2024-08-29T00:42:09.508+0000] {processor.py:925} INFO - DAG(s) 'example_task_group' retrieved from /home/airflow/.local/lib/python3.12/site-packages/airflow/example_dags/example_task_group.py
[2024-08-29T00:42:09.571+0000] {logging_mixin.py:190} INFO - [2024-08-29T00:42:09.571+0000] {dag.py:3211} INFO - Sync 1 DAGs
[2024-08-29T00:42:09.647+0000] {logging_mixin.py:190} INFO - [2024-08-29T00:42:09.647+0000] {dag.py:4138} INFO - Setting next_dagrun for example_task_group to 2024-08-28 00:00:00+00:00, run_after=2024-08-29 00:00:00+00:00
[2024-08-29T00:42:09.686+0000] {processor.py:208} INFO - Processing /home/airflow/.local/lib/python3.12/site-packages/airflow/example_dags/example_task_group.py took 0.218 seconds
[2024-08-29T00:42:39.878+0000] {processor.py:186} INFO - Started process (PID=1268) to work on /home/airflow/.local/lib/python3.12/site-packages/airflow/example_dags/example_task_group.py
[2024-08-29T00:42:39.880+0000] {processor.py:914} INFO - Processing file /home/airflow/.local/lib/python3.12/site-packages/airflow/example_dags/example_task_group.py for tasks to queue
[2024-08-29T00:42:39.886+0000] {logging_mixin.py:190} INFO - [2024-08-29T00:42:39.885+0000] {dagbag.py:587} INFO - Filling up the DagBag from /home/airflow/.local/lib/python3.12/site-packages/airflow/example_dags/example_task_group.py
[2024-08-29T00:42:39.904+0000] {processor.py:925} INFO - DAG(s) 'example_task_group' retrieved from /home/airflow/.local/lib/python3.12/site-packages/airflow/example_dags/example_task_group.py
[2024-08-29T00:42:39.962+0000] {logging_mixin.py:190} INFO - [2024-08-29T00:42:39.962+0000] {dag.py:3211} INFO - Sync 1 DAGs
[2024-08-29T00:42:40.003+0000] {logging_mixin.py:190} INFO - [2024-08-29T00:42:40.002+0000] {dag.py:4138} INFO - Setting next_dagrun for example_task_group to 2024-08-28 00:00:00+00:00, run_after=2024-08-29 00:00:00+00:00
[2024-08-29T00:42:40.039+0000] {processor.py:208} INFO - Processing /home/airflow/.local/lib/python3.12/site-packages/airflow/example_dags/example_task_group.py took 0.177 seconds
[2024-08-29T00:43:10.540+0000] {processor.py:186} INFO - Started process (PID=1331) to work on /home/airflow/.local/lib/python3.12/site-packages/airflow/example_dags/example_task_group.py
[2024-08-29T00:43:10.542+0000] {processor.py:914} INFO - Processing file /home/airflow/.local/lib/python3.12/site-packages/airflow/example_dags/example_task_group.py for tasks to queue
[2024-08-29T00:43:10.546+0000] {logging_mixin.py:190} INFO - [2024-08-29T00:43:10.546+0000] {dagbag.py:587} INFO - Filling up the DagBag from /home/airflow/.local/lib/python3.12/site-packages/airflow/example_dags/example_task_group.py
[2024-08-29T00:43:10.560+0000] {processor.py:925} INFO - DAG(s) 'example_task_group' retrieved from /home/airflow/.local/lib/python3.12/site-packages/airflow/example_dags/example_task_group.py
[2024-08-29T00:43:10.590+0000] {logging_mixin.py:190} INFO - [2024-08-29T00:43:10.590+0000] {dag.py:3211} INFO - Sync 1 DAGs
[2024-08-29T00:43:10.625+0000] {logging_mixin.py:190} INFO - [2024-08-29T00:43:10.625+0000] {dag.py:4138} INFO - Setting next_dagrun for example_task_group to 2024-08-28 00:00:00+00:00, run_after=2024-08-29 00:00:00+00:00
[2024-08-29T00:43:10.657+0000] {processor.py:208} INFO - Processing /home/airflow/.local/lib/python3.12/site-packages/airflow/example_dags/example_task_group.py took 0.128 seconds
[2024-08-29T00:43:41.056+0000] {processor.py:186} INFO - Started process (PID=1393) to work on /home/airflow/.local/lib/python3.12/site-packages/airflow/example_dags/example_task_group.py
[2024-08-29T00:43:41.058+0000] {processor.py:914} INFO - Processing file /home/airflow/.local/lib/python3.12/site-packages/airflow/example_dags/example_task_group.py for tasks to queue
[2024-08-29T00:43:41.063+0000] {logging_mixin.py:190} INFO - [2024-08-29T00:43:41.062+0000] {dagbag.py:587} INFO - Filling up the DagBag from /home/airflow/.local/lib/python3.12/site-packages/airflow/example_dags/example_task_group.py
[2024-08-29T00:43:41.077+0000] {processor.py:925} INFO - DAG(s) 'example_task_group' retrieved from /home/airflow/.local/lib/python3.12/site-packages/airflow/example_dags/example_task_group.py
[2024-08-29T00:43:41.109+0000] {logging_mixin.py:190} INFO - [2024-08-29T00:43:41.108+0000] {dag.py:3211} INFO - Sync 1 DAGs
[2024-08-29T00:43:41.143+0000] {logging_mixin.py:190} INFO - [2024-08-29T00:43:41.142+0000] {dag.py:4138} INFO - Setting next_dagrun for example_task_group to 2024-08-28 00:00:00+00:00, run_after=2024-08-29 00:00:00+00:00
[2024-08-29T00:43:41.195+0000] {processor.py:208} INFO - Processing /home/airflow/.local/lib/python3.12/site-packages/airflow/example_dags/example_task_group.py took 0.150 seconds
[2024-08-29T00:44:11.766+0000] {processor.py:186} INFO - Started process (PID=1456) to work on /home/airflow/.local/lib/python3.12/site-packages/airflow/example_dags/example_task_group.py
[2024-08-29T00:44:11.768+0000] {processor.py:914} INFO - Processing file /home/airflow/.local/lib/python3.12/site-packages/airflow/example_dags/example_task_group.py for tasks to queue
[2024-08-29T00:44:11.772+0000] {logging_mixin.py:190} INFO - [2024-08-29T00:44:11.772+0000] {dagbag.py:587} INFO - Filling up the DagBag from /home/airflow/.local/lib/python3.12/site-packages/airflow/example_dags/example_task_group.py
[2024-08-29T00:44:11.783+0000] {processor.py:925} INFO - DAG(s) 'example_task_group' retrieved from /home/airflow/.local/lib/python3.12/site-packages/airflow/example_dags/example_task_group.py
[2024-08-29T00:44:11.824+0000] {logging_mixin.py:190} INFO - [2024-08-29T00:44:11.824+0000] {dag.py:3211} INFO - Sync 1 DAGs
[2024-08-29T00:44:11.861+0000] {logging_mixin.py:190} INFO - [2024-08-29T00:44:11.860+0000] {dag.py:4138} INFO - Setting next_dagrun for example_task_group to 2024-08-28 00:00:00+00:00, run_after=2024-08-29 00:00:00+00:00
[2024-08-29T00:44:11.917+0000] {processor.py:208} INFO - Processing /home/airflow/.local/lib/python3.12/site-packages/airflow/example_dags/example_task_group.py took 0.158 seconds
[2024-08-29T00:44:42.472+0000] {processor.py:186} INFO - Started process (PID=1519) to work on /home/airflow/.local/lib/python3.12/site-packages/airflow/example_dags/example_task_group.py
[2024-08-29T00:44:42.474+0000] {processor.py:914} INFO - Processing file /home/airflow/.local/lib/python3.12/site-packages/airflow/example_dags/example_task_group.py for tasks to queue
[2024-08-29T00:44:42.478+0000] {logging_mixin.py:190} INFO - [2024-08-29T00:44:42.477+0000] {dagbag.py:587} INFO - Filling up the DagBag from /home/airflow/.local/lib/python3.12/site-packages/airflow/example_dags/example_task_group.py
[2024-08-29T00:44:42.490+0000] {processor.py:925} INFO - DAG(s) 'example_task_group' retrieved from /home/airflow/.local/lib/python3.12/site-packages/airflow/example_dags/example_task_group.py
[2024-08-29T00:44:42.527+0000] {logging_mixin.py:190} INFO - [2024-08-29T00:44:42.527+0000] {dag.py:3211} INFO - Sync 1 DAGs
[2024-08-29T00:44:42.565+0000] {logging_mixin.py:190} INFO - [2024-08-29T00:44:42.565+0000] {dag.py:4138} INFO - Setting next_dagrun for example_task_group to 2024-08-28 00:00:00+00:00, run_after=2024-08-29 00:00:00+00:00
[2024-08-29T00:44:42.615+0000] {processor.py:208} INFO - Processing /home/airflow/.local/lib/python3.12/site-packages/airflow/example_dags/example_task_group.py took 0.151 seconds
[2024-08-29T00:45:13.032+0000] {processor.py:186} INFO - Started process (PID=1582) to work on /home/airflow/.local/lib/python3.12/site-packages/airflow/example_dags/example_task_group.py
[2024-08-29T00:45:13.033+0000] {processor.py:914} INFO - Processing file /home/airflow/.local/lib/python3.12/site-packages/airflow/example_dags/example_task_group.py for tasks to queue
[2024-08-29T00:45:13.038+0000] {logging_mixin.py:190} INFO - [2024-08-29T00:45:13.037+0000] {dagbag.py:587} INFO - Filling up the DagBag from /home/airflow/.local/lib/python3.12/site-packages/airflow/example_dags/example_task_group.py
[2024-08-29T00:45:13.049+0000] {processor.py:925} INFO - DAG(s) 'example_task_group' retrieved from /home/airflow/.local/lib/python3.12/site-packages/airflow/example_dags/example_task_group.py
[2024-08-29T00:45:13.085+0000] {logging_mixin.py:190} INFO - [2024-08-29T00:45:13.085+0000] {dag.py:3211} INFO - Sync 1 DAGs
[2024-08-29T00:45:13.122+0000] {logging_mixin.py:190} INFO - [2024-08-29T00:45:13.122+0000] {dag.py:4138} INFO - Setting next_dagrun for example_task_group to 2024-08-28 00:00:00+00:00, run_after=2024-08-29 00:00:00+00:00
[2024-08-29T00:45:13.149+0000] {processor.py:208} INFO - Processing /home/airflow/.local/lib/python3.12/site-packages/airflow/example_dags/example_task_group.py took 0.125 seconds
[2024-08-29T00:45:43.664+0000] {processor.py:186} INFO - Started process (PID=1646) to work on /home/airflow/.local/lib/python3.12/site-packages/airflow/example_dags/example_task_group.py
[2024-08-29T00:45:43.666+0000] {processor.py:914} INFO - Processing file /home/airflow/.local/lib/python3.12/site-packages/airflow/example_dags/example_task_group.py for tasks to queue
[2024-08-29T00:45:43.672+0000] {logging_mixin.py:190} INFO - [2024-08-29T00:45:43.671+0000] {dagbag.py:587} INFO - Filling up the DagBag from /home/airflow/.local/lib/python3.12/site-packages/airflow/example_dags/example_task_group.py
[2024-08-29T00:45:43.688+0000] {processor.py:925} INFO - DAG(s) 'example_task_group' retrieved from /home/airflow/.local/lib/python3.12/site-packages/airflow/example_dags/example_task_group.py
[2024-08-29T00:45:43.723+0000] {logging_mixin.py:190} INFO - [2024-08-29T00:45:43.723+0000] {dag.py:3211} INFO - Sync 1 DAGs
[2024-08-29T00:45:43.757+0000] {logging_mixin.py:190} INFO - [2024-08-29T00:45:43.757+0000] {dag.py:4138} INFO - Setting next_dagrun for example_task_group to 2024-08-28 00:00:00+00:00, run_after=2024-08-29 00:00:00+00:00
[2024-08-29T00:45:43.802+0000] {processor.py:208} INFO - Processing /home/airflow/.local/lib/python3.12/site-packages/airflow/example_dags/example_task_group.py took 0.146 seconds
[2024-08-29T00:46:14.241+0000] {processor.py:186} INFO - Started process (PID=1710) to work on /home/airflow/.local/lib/python3.12/site-packages/airflow/example_dags/example_task_group.py
[2024-08-29T00:46:14.246+0000] {processor.py:914} INFO - Processing file /home/airflow/.local/lib/python3.12/site-packages/airflow/example_dags/example_task_group.py for tasks to queue
[2024-08-29T00:46:14.259+0000] {logging_mixin.py:190} INFO - [2024-08-29T00:46:14.258+0000] {dagbag.py:587} INFO - Filling up the DagBag from /home/airflow/.local/lib/python3.12/site-packages/airflow/example_dags/example_task_group.py
[2024-08-29T00:46:14.279+0000] {processor.py:925} INFO - DAG(s) 'example_task_group' retrieved from /home/airflow/.local/lib/python3.12/site-packages/airflow/example_dags/example_task_group.py
[2024-08-29T00:46:14.326+0000] {logging_mixin.py:190} INFO - [2024-08-29T00:46:14.326+0000] {dag.py:3211} INFO - Sync 1 DAGs
[2024-08-29T00:46:14.375+0000] {logging_mixin.py:190} INFO - [2024-08-29T00:46:14.375+0000] {dag.py:4138} INFO - Setting next_dagrun for example_task_group to 2024-08-28 00:00:00+00:00, run_after=2024-08-29 00:00:00+00:00
[2024-08-29T00:46:14.440+0000] {processor.py:208} INFO - Processing /home/airflow/.local/lib/python3.12/site-packages/airflow/example_dags/example_task_group.py took 0.214 seconds
