[2024-08-29T00:01:21.552+0000] {processor.py:186} INFO - Started process (PID=109) to work on /home/airflow/.local/lib/python3.12/site-packages/airflow/example_dags/example_setup_teardown.py
[2024-08-29T00:01:21.554+0000] {processor.py:914} INFO - Processing file /home/airflow/.local/lib/python3.12/site-packages/airflow/example_dags/example_setup_teardown.py for tasks to queue
[2024-08-29T00:01:21.560+0000] {logging_mixin.py:190} INFO - [2024-08-29T00:01:21.559+0000] {dagbag.py:587} INFO - Filling up the DagBag from /home/airflow/.local/lib/python3.12/site-packages/airflow/example_dags/example_setup_teardown.py
[2024-08-29T00:01:21.579+0000] {processor.py:925} INFO - DAG(s) 'example_setup_teardown' retrieved from /home/airflow/.local/lib/python3.12/site-packages/airflow/example_dags/example_setup_teardown.py
[2024-08-29T00:01:21.724+0000] {logging_mixin.py:190} INFO - [2024-08-29T00:01:21.723+0000] {dag.py:3211} INFO - Sync 1 DAGs
[2024-08-29T00:01:21.849+0000] {logging_mixin.py:190} INFO - [2024-08-29T00:01:21.849+0000] {dag.py:4138} INFO - Setting next_dagrun for example_setup_teardown to 2024-08-28 00:00:00+00:00, run_after=2024-08-29 00:00:00+00:00
[2024-08-29T00:01:22.142+0000] {processor.py:208} INFO - Processing /home/airflow/.local/lib/python3.12/site-packages/airflow/example_dags/example_setup_teardown.py took 0.601 seconds
[2024-08-29T00:01:53.035+0000] {processor.py:186} INFO - Started process (PID=166) to work on /home/airflow/.local/lib/python3.12/site-packages/airflow/example_dags/example_setup_teardown.py
[2024-08-29T00:01:53.038+0000] {processor.py:914} INFO - Processing file /home/airflow/.local/lib/python3.12/site-packages/airflow/example_dags/example_setup_teardown.py for tasks to queue
[2024-08-29T00:01:53.043+0000] {logging_mixin.py:190} INFO - [2024-08-29T00:01:53.042+0000] {dagbag.py:587} INFO - Filling up the DagBag from /home/airflow/.local/lib/python3.12/site-packages/airflow/example_dags/example_setup_teardown.py
[2024-08-29T00:01:53.066+0000] {processor.py:925} INFO - DAG(s) 'example_setup_teardown' retrieved from /home/airflow/.local/lib/python3.12/site-packages/airflow/example_dags/example_setup_teardown.py
[2024-08-29T00:01:53.103+0000] {logging_mixin.py:190} INFO - [2024-08-29T00:01:53.102+0000] {dag.py:3211} INFO - Sync 1 DAGs
[2024-08-29T00:01:53.145+0000] {logging_mixin.py:190} INFO - [2024-08-29T00:01:53.144+0000] {dag.py:4138} INFO - Setting next_dagrun for example_setup_teardown to 2024-08-28 00:00:00+00:00, run_after=2024-08-29 00:00:00+00:00
[2024-08-29T00:01:53.216+0000] {processor.py:208} INFO - Processing /home/airflow/.local/lib/python3.12/site-packages/airflow/example_dags/example_setup_teardown.py took 0.191 seconds
[2024-08-29T00:02:23.481+0000] {processor.py:186} INFO - Started process (PID=229) to work on /home/airflow/.local/lib/python3.12/site-packages/airflow/example_dags/example_setup_teardown.py
[2024-08-29T00:02:23.483+0000] {processor.py:914} INFO - Processing file /home/airflow/.local/lib/python3.12/site-packages/airflow/example_dags/example_setup_teardown.py for tasks to queue
[2024-08-29T00:02:23.490+0000] {logging_mixin.py:190} INFO - [2024-08-29T00:02:23.489+0000] {dagbag.py:587} INFO - Filling up the DagBag from /home/airflow/.local/lib/python3.12/site-packages/airflow/example_dags/example_setup_teardown.py
[2024-08-29T00:02:23.505+0000] {processor.py:925} INFO - DAG(s) 'example_setup_teardown' retrieved from /home/airflow/.local/lib/python3.12/site-packages/airflow/example_dags/example_setup_teardown.py
[2024-08-29T00:02:23.535+0000] {logging_mixin.py:190} INFO - [2024-08-29T00:02:23.535+0000] {dag.py:3211} INFO - Sync 1 DAGs
[2024-08-29T00:02:23.569+0000] {logging_mixin.py:190} INFO - [2024-08-29T00:02:23.569+0000] {dag.py:4138} INFO - Setting next_dagrun for example_setup_teardown to 2024-08-28 00:00:00+00:00, run_after=2024-08-29 00:00:00+00:00
[2024-08-29T00:02:23.705+0000] {processor.py:208} INFO - Processing /home/airflow/.local/lib/python3.12/site-packages/airflow/example_dags/example_setup_teardown.py took 0.235 seconds
[2024-08-29T00:02:54.071+0000] {processor.py:186} INFO - Started process (PID=291) to work on /home/airflow/.local/lib/python3.12/site-packages/airflow/example_dags/example_setup_teardown.py
[2024-08-29T00:02:54.073+0000] {processor.py:914} INFO - Processing file /home/airflow/.local/lib/python3.12/site-packages/airflow/example_dags/example_setup_teardown.py for tasks to queue
[2024-08-29T00:02:54.079+0000] {logging_mixin.py:190} INFO - [2024-08-29T00:02:54.078+0000] {dagbag.py:587} INFO - Filling up the DagBag from /home/airflow/.local/lib/python3.12/site-packages/airflow/example_dags/example_setup_teardown.py
[2024-08-29T00:02:54.115+0000] {processor.py:925} INFO - DAG(s) 'example_setup_teardown' retrieved from /home/airflow/.local/lib/python3.12/site-packages/airflow/example_dags/example_setup_teardown.py
[2024-08-29T00:02:54.192+0000] {logging_mixin.py:190} INFO - [2024-08-29T00:02:54.192+0000] {dag.py:3211} INFO - Sync 1 DAGs
[2024-08-29T00:02:54.252+0000] {logging_mixin.py:190} INFO - [2024-08-29T00:02:54.252+0000] {dag.py:4138} INFO - Setting next_dagrun for example_setup_teardown to 2024-08-28 00:00:00+00:00, run_after=2024-08-29 00:00:00+00:00
[2024-08-29T00:02:54.280+0000] {processor.py:208} INFO - Processing /home/airflow/.local/lib/python3.12/site-packages/airflow/example_dags/example_setup_teardown.py took 0.220 seconds
[2024-08-29T00:03:24.552+0000] {processor.py:186} INFO - Started process (PID=354) to work on /home/airflow/.local/lib/python3.12/site-packages/airflow/example_dags/example_setup_teardown.py
[2024-08-29T00:03:24.553+0000] {processor.py:914} INFO - Processing file /home/airflow/.local/lib/python3.12/site-packages/airflow/example_dags/example_setup_teardown.py for tasks to queue
[2024-08-29T00:03:24.557+0000] {logging_mixin.py:190} INFO - [2024-08-29T00:03:24.557+0000] {dagbag.py:587} INFO - Filling up the DagBag from /home/airflow/.local/lib/python3.12/site-packages/airflow/example_dags/example_setup_teardown.py
[2024-08-29T00:03:24.571+0000] {processor.py:925} INFO - DAG(s) 'example_setup_teardown' retrieved from /home/airflow/.local/lib/python3.12/site-packages/airflow/example_dags/example_setup_teardown.py
[2024-08-29T00:03:24.600+0000] {logging_mixin.py:190} INFO - [2024-08-29T00:03:24.600+0000] {dag.py:3211} INFO - Sync 1 DAGs
[2024-08-29T00:03:24.635+0000] {logging_mixin.py:190} INFO - [2024-08-29T00:03:24.634+0000] {dag.py:4138} INFO - Setting next_dagrun for example_setup_teardown to 2024-08-28 00:00:00+00:00, run_after=2024-08-29 00:00:00+00:00
[2024-08-29T00:03:24.664+0000] {processor.py:208} INFO - Processing /home/airflow/.local/lib/python3.12/site-packages/airflow/example_dags/example_setup_teardown.py took 0.123 seconds
[2024-08-29T00:03:55.231+0000] {processor.py:186} INFO - Started process (PID=422) to work on /home/airflow/.local/lib/python3.12/site-packages/airflow/example_dags/example_setup_teardown.py
[2024-08-29T00:03:55.232+0000] {processor.py:914} INFO - Processing file /home/airflow/.local/lib/python3.12/site-packages/airflow/example_dags/example_setup_teardown.py for tasks to queue
[2024-08-29T00:03:55.237+0000] {logging_mixin.py:190} INFO - [2024-08-29T00:03:55.236+0000] {dagbag.py:587} INFO - Filling up the DagBag from /home/airflow/.local/lib/python3.12/site-packages/airflow/example_dags/example_setup_teardown.py
[2024-08-29T00:03:55.253+0000] {processor.py:925} INFO - DAG(s) 'example_setup_teardown' retrieved from /home/airflow/.local/lib/python3.12/site-packages/airflow/example_dags/example_setup_teardown.py
[2024-08-29T00:03:55.315+0000] {logging_mixin.py:190} INFO - [2024-08-29T00:03:55.314+0000] {dag.py:3211} INFO - Sync 1 DAGs
[2024-08-29T00:03:55.375+0000] {logging_mixin.py:190} INFO - [2024-08-29T00:03:55.375+0000] {dag.py:4138} INFO - Setting next_dagrun for example_setup_teardown to 2024-08-28 00:00:00+00:00, run_after=2024-08-29 00:00:00+00:00
[2024-08-29T00:03:55.417+0000] {processor.py:208} INFO - Processing /home/airflow/.local/lib/python3.12/site-packages/airflow/example_dags/example_setup_teardown.py took 0.197 seconds
[2024-08-29T00:04:25.603+0000] {processor.py:186} INFO - Started process (PID=485) to work on /home/airflow/.local/lib/python3.12/site-packages/airflow/example_dags/example_setup_teardown.py
[2024-08-29T00:04:25.604+0000] {processor.py:914} INFO - Processing file /home/airflow/.local/lib/python3.12/site-packages/airflow/example_dags/example_setup_teardown.py for tasks to queue
[2024-08-29T00:04:25.609+0000] {logging_mixin.py:190} INFO - [2024-08-29T00:04:25.608+0000] {dagbag.py:587} INFO - Filling up the DagBag from /home/airflow/.local/lib/python3.12/site-packages/airflow/example_dags/example_setup_teardown.py
[2024-08-29T00:04:25.622+0000] {processor.py:925} INFO - DAG(s) 'example_setup_teardown' retrieved from /home/airflow/.local/lib/python3.12/site-packages/airflow/example_dags/example_setup_teardown.py
[2024-08-29T00:04:25.657+0000] {logging_mixin.py:190} INFO - [2024-08-29T00:04:25.657+0000] {dag.py:3211} INFO - Sync 1 DAGs
[2024-08-29T00:04:25.698+0000] {logging_mixin.py:190} INFO - [2024-08-29T00:04:25.698+0000] {dag.py:4138} INFO - Setting next_dagrun for example_setup_teardown to 2024-08-28 00:00:00+00:00, run_after=2024-08-29 00:00:00+00:00
[2024-08-29T00:04:25.736+0000] {processor.py:208} INFO - Processing /home/airflow/.local/lib/python3.12/site-packages/airflow/example_dags/example_setup_teardown.py took 0.142 seconds
[2024-08-29T00:04:56.418+0000] {processor.py:186} INFO - Started process (PID=548) to work on /home/airflow/.local/lib/python3.12/site-packages/airflow/example_dags/example_setup_teardown.py
[2024-08-29T00:04:56.421+0000] {processor.py:914} INFO - Processing file /home/airflow/.local/lib/python3.12/site-packages/airflow/example_dags/example_setup_teardown.py for tasks to queue
[2024-08-29T00:04:56.425+0000] {logging_mixin.py:190} INFO - [2024-08-29T00:04:56.424+0000] {dagbag.py:587} INFO - Filling up the DagBag from /home/airflow/.local/lib/python3.12/site-packages/airflow/example_dags/example_setup_teardown.py
[2024-08-29T00:04:56.447+0000] {processor.py:925} INFO - DAG(s) 'example_setup_teardown' retrieved from /home/airflow/.local/lib/python3.12/site-packages/airflow/example_dags/example_setup_teardown.py
[2024-08-29T00:04:56.490+0000] {logging_mixin.py:190} INFO - [2024-08-29T00:04:56.489+0000] {dag.py:3211} INFO - Sync 1 DAGs
[2024-08-29T00:04:56.540+0000] {logging_mixin.py:190} INFO - [2024-08-29T00:04:56.539+0000] {dag.py:4138} INFO - Setting next_dagrun for example_setup_teardown to 2024-08-28 00:00:00+00:00, run_after=2024-08-29 00:00:00+00:00
[2024-08-29T00:04:56.587+0000] {processor.py:208} INFO - Processing /home/airflow/.local/lib/python3.12/site-packages/airflow/example_dags/example_setup_teardown.py took 0.182 seconds
[2024-08-29T00:05:27.598+0000] {processor.py:186} INFO - Started process (PID=610) to work on /home/airflow/.local/lib/python3.12/site-packages/airflow/example_dags/example_setup_teardown.py
[2024-08-29T00:05:27.599+0000] {processor.py:914} INFO - Processing file /home/airflow/.local/lib/python3.12/site-packages/airflow/example_dags/example_setup_teardown.py for tasks to queue
[2024-08-29T00:05:27.605+0000] {logging_mixin.py:190} INFO - [2024-08-29T00:05:27.604+0000] {dagbag.py:587} INFO - Filling up the DagBag from /home/airflow/.local/lib/python3.12/site-packages/airflow/example_dags/example_setup_teardown.py
[2024-08-29T00:05:27.623+0000] {processor.py:925} INFO - DAG(s) 'example_setup_teardown' retrieved from /home/airflow/.local/lib/python3.12/site-packages/airflow/example_dags/example_setup_teardown.py
[2024-08-29T00:05:27.676+0000] {logging_mixin.py:190} INFO - [2024-08-29T00:05:27.675+0000] {dag.py:3211} INFO - Sync 1 DAGs
[2024-08-29T00:05:27.772+0000] {logging_mixin.py:190} INFO - [2024-08-29T00:05:27.771+0000] {dag.py:4138} INFO - Setting next_dagrun for example_setup_teardown to 2024-08-28 00:00:00+00:00, run_after=2024-08-29 00:00:00+00:00
[2024-08-29T00:05:27.858+0000] {processor.py:208} INFO - Processing /home/airflow/.local/lib/python3.12/site-packages/airflow/example_dags/example_setup_teardown.py took 0.275 seconds
[2024-08-29T00:05:58.380+0000] {processor.py:186} INFO - Started process (PID=673) to work on /home/airflow/.local/lib/python3.12/site-packages/airflow/example_dags/example_setup_teardown.py
[2024-08-29T00:05:58.382+0000] {processor.py:914} INFO - Processing file /home/airflow/.local/lib/python3.12/site-packages/airflow/example_dags/example_setup_teardown.py for tasks to queue
[2024-08-29T00:05:58.388+0000] {logging_mixin.py:190} INFO - [2024-08-29T00:05:58.386+0000] {dagbag.py:587} INFO - Filling up the DagBag from /home/airflow/.local/lib/python3.12/site-packages/airflow/example_dags/example_setup_teardown.py
[2024-08-29T00:05:58.404+0000] {processor.py:925} INFO - DAG(s) 'example_setup_teardown' retrieved from /home/airflow/.local/lib/python3.12/site-packages/airflow/example_dags/example_setup_teardown.py
[2024-08-29T00:05:58.442+0000] {logging_mixin.py:190} INFO - [2024-08-29T00:05:58.442+0000] {dag.py:3211} INFO - Sync 1 DAGs
[2024-08-29T00:05:58.482+0000] {logging_mixin.py:190} INFO - [2024-08-29T00:05:58.481+0000] {dag.py:4138} INFO - Setting next_dagrun for example_setup_teardown to 2024-08-28 00:00:00+00:00, run_after=2024-08-29 00:00:00+00:00
[2024-08-29T00:05:58.537+0000] {processor.py:208} INFO - Processing /home/airflow/.local/lib/python3.12/site-packages/airflow/example_dags/example_setup_teardown.py took 0.167 seconds
[2024-08-29T00:06:30.777+0000] {processor.py:186} INFO - Started process (PID=736) to work on /home/airflow/.local/lib/python3.12/site-packages/airflow/example_dags/example_setup_teardown.py
[2024-08-29T00:06:30.782+0000] {processor.py:914} INFO - Processing file /home/airflow/.local/lib/python3.12/site-packages/airflow/example_dags/example_setup_teardown.py for tasks to queue
[2024-08-29T00:06:30.789+0000] {logging_mixin.py:190} INFO - [2024-08-29T00:06:30.788+0000] {dagbag.py:587} INFO - Filling up the DagBag from /home/airflow/.local/lib/python3.12/site-packages/airflow/example_dags/example_setup_teardown.py
[2024-08-29T00:06:30.815+0000] {processor.py:925} INFO - DAG(s) 'example_setup_teardown' retrieved from /home/airflow/.local/lib/python3.12/site-packages/airflow/example_dags/example_setup_teardown.py
[2024-08-29T00:06:30.861+0000] {logging_mixin.py:190} INFO - [2024-08-29T00:06:30.860+0000] {dag.py:3211} INFO - Sync 1 DAGs
[2024-08-29T00:06:30.943+0000] {logging_mixin.py:190} INFO - [2024-08-29T00:06:30.940+0000] {dag.py:4138} INFO - Setting next_dagrun for example_setup_teardown to 2024-08-28 00:00:00+00:00, run_after=2024-08-29 00:00:00+00:00
[2024-08-29T00:06:31.024+0000] {processor.py:208} INFO - Processing /home/airflow/.local/lib/python3.12/site-packages/airflow/example_dags/example_setup_teardown.py took 0.258 seconds
[2024-08-29T00:07:01.549+0000] {processor.py:186} INFO - Started process (PID=799) to work on /home/airflow/.local/lib/python3.12/site-packages/airflow/example_dags/example_setup_teardown.py
[2024-08-29T00:07:01.551+0000] {processor.py:914} INFO - Processing file /home/airflow/.local/lib/python3.12/site-packages/airflow/example_dags/example_setup_teardown.py for tasks to queue
[2024-08-29T00:07:01.556+0000] {logging_mixin.py:190} INFO - [2024-08-29T00:07:01.555+0000] {dagbag.py:587} INFO - Filling up the DagBag from /home/airflow/.local/lib/python3.12/site-packages/airflow/example_dags/example_setup_teardown.py
[2024-08-29T00:07:01.573+0000] {processor.py:925} INFO - DAG(s) 'example_setup_teardown' retrieved from /home/airflow/.local/lib/python3.12/site-packages/airflow/example_dags/example_setup_teardown.py
[2024-08-29T00:07:01.608+0000] {logging_mixin.py:190} INFO - [2024-08-29T00:07:01.607+0000] {dag.py:3211} INFO - Sync 1 DAGs
[2024-08-29T00:07:01.659+0000] {logging_mixin.py:190} INFO - [2024-08-29T00:07:01.658+0000] {dag.py:4138} INFO - Setting next_dagrun for example_setup_teardown to 2024-08-28 00:00:00+00:00, run_after=2024-08-29 00:00:00+00:00
[2024-08-29T00:07:01.711+0000] {processor.py:208} INFO - Processing /home/airflow/.local/lib/python3.12/site-packages/airflow/example_dags/example_setup_teardown.py took 0.172 seconds
[2024-08-29T00:07:32.822+0000] {processor.py:186} INFO - Started process (PID=862) to work on /home/airflow/.local/lib/python3.12/site-packages/airflow/example_dags/example_setup_teardown.py
[2024-08-29T00:07:32.823+0000] {processor.py:914} INFO - Processing file /home/airflow/.local/lib/python3.12/site-packages/airflow/example_dags/example_setup_teardown.py for tasks to queue
[2024-08-29T00:07:32.826+0000] {logging_mixin.py:190} INFO - [2024-08-29T00:07:32.826+0000] {dagbag.py:587} INFO - Filling up the DagBag from /home/airflow/.local/lib/python3.12/site-packages/airflow/example_dags/example_setup_teardown.py
[2024-08-29T00:07:32.837+0000] {processor.py:925} INFO - DAG(s) 'example_setup_teardown' retrieved from /home/airflow/.local/lib/python3.12/site-packages/airflow/example_dags/example_setup_teardown.py
[2024-08-29T00:07:32.865+0000] {logging_mixin.py:190} INFO - [2024-08-29T00:07:32.865+0000] {dag.py:3211} INFO - Sync 1 DAGs
[2024-08-29T00:07:32.901+0000] {logging_mixin.py:190} INFO - [2024-08-29T00:07:32.900+0000] {dag.py:4138} INFO - Setting next_dagrun for example_setup_teardown to 2024-08-28 00:00:00+00:00, run_after=2024-08-29 00:00:00+00:00
[2024-08-29T00:07:32.943+0000] {processor.py:208} INFO - Processing /home/airflow/.local/lib/python3.12/site-packages/airflow/example_dags/example_setup_teardown.py took 0.129 seconds
[2024-08-29T00:08:03.776+0000] {processor.py:186} INFO - Started process (PID=925) to work on /home/airflow/.local/lib/python3.12/site-packages/airflow/example_dags/example_setup_teardown.py
[2024-08-29T00:08:03.779+0000] {processor.py:914} INFO - Processing file /home/airflow/.local/lib/python3.12/site-packages/airflow/example_dags/example_setup_teardown.py for tasks to queue
[2024-08-29T00:08:03.783+0000] {logging_mixin.py:190} INFO - [2024-08-29T00:08:03.782+0000] {dagbag.py:587} INFO - Filling up the DagBag from /home/airflow/.local/lib/python3.12/site-packages/airflow/example_dags/example_setup_teardown.py
[2024-08-29T00:08:03.797+0000] {processor.py:925} INFO - DAG(s) 'example_setup_teardown' retrieved from /home/airflow/.local/lib/python3.12/site-packages/airflow/example_dags/example_setup_teardown.py
[2024-08-29T00:08:03.825+0000] {logging_mixin.py:190} INFO - [2024-08-29T00:08:03.825+0000] {dag.py:3211} INFO - Sync 1 DAGs
[2024-08-29T00:08:03.858+0000] {logging_mixin.py:190} INFO - [2024-08-29T00:08:03.857+0000] {dag.py:4138} INFO - Setting next_dagrun for example_setup_teardown to 2024-08-28 00:00:00+00:00, run_after=2024-08-29 00:00:00+00:00
[2024-08-29T00:08:03.897+0000] {processor.py:208} INFO - Processing /home/airflow/.local/lib/python3.12/site-packages/airflow/example_dags/example_setup_teardown.py took 0.130 seconds
[2024-08-29T00:08:34.813+0000] {processor.py:186} INFO - Started process (PID=988) to work on /home/airflow/.local/lib/python3.12/site-packages/airflow/example_dags/example_setup_teardown.py
[2024-08-29T00:08:34.815+0000] {processor.py:914} INFO - Processing file /home/airflow/.local/lib/python3.12/site-packages/airflow/example_dags/example_setup_teardown.py for tasks to queue
[2024-08-29T00:08:34.819+0000] {logging_mixin.py:190} INFO - [2024-08-29T00:08:34.818+0000] {dagbag.py:587} INFO - Filling up the DagBag from /home/airflow/.local/lib/python3.12/site-packages/airflow/example_dags/example_setup_teardown.py
[2024-08-29T00:08:34.835+0000] {processor.py:925} INFO - DAG(s) 'example_setup_teardown' retrieved from /home/airflow/.local/lib/python3.12/site-packages/airflow/example_dags/example_setup_teardown.py
[2024-08-29T00:08:34.873+0000] {logging_mixin.py:190} INFO - [2024-08-29T00:08:34.872+0000] {dag.py:3211} INFO - Sync 1 DAGs
[2024-08-29T00:08:34.916+0000] {logging_mixin.py:190} INFO - [2024-08-29T00:08:34.916+0000] {dag.py:4138} INFO - Setting next_dagrun for example_setup_teardown to 2024-08-28 00:00:00+00:00, run_after=2024-08-29 00:00:00+00:00
[2024-08-29T00:08:34.957+0000] {processor.py:208} INFO - Processing /home/airflow/.local/lib/python3.12/site-packages/airflow/example_dags/example_setup_teardown.py took 0.155 seconds
[2024-08-29T00:09:05.723+0000] {processor.py:186} INFO - Started process (PID=1051) to work on /home/airflow/.local/lib/python3.12/site-packages/airflow/example_dags/example_setup_teardown.py
[2024-08-29T00:09:05.725+0000] {processor.py:914} INFO - Processing file /home/airflow/.local/lib/python3.12/site-packages/airflow/example_dags/example_setup_teardown.py for tasks to queue
[2024-08-29T00:09:05.729+0000] {logging_mixin.py:190} INFO - [2024-08-29T00:09:05.728+0000] {dagbag.py:587} INFO - Filling up the DagBag from /home/airflow/.local/lib/python3.12/site-packages/airflow/example_dags/example_setup_teardown.py
[2024-08-29T00:09:05.742+0000] {processor.py:925} INFO - DAG(s) 'example_setup_teardown' retrieved from /home/airflow/.local/lib/python3.12/site-packages/airflow/example_dags/example_setup_teardown.py
[2024-08-29T00:09:05.776+0000] {logging_mixin.py:190} INFO - [2024-08-29T00:09:05.775+0000] {dag.py:3211} INFO - Sync 1 DAGs
[2024-08-29T00:09:05.817+0000] {logging_mixin.py:190} INFO - [2024-08-29T00:09:05.817+0000] {dag.py:4138} INFO - Setting next_dagrun for example_setup_teardown to 2024-08-28 00:00:00+00:00, run_after=2024-08-29 00:00:00+00:00
[2024-08-29T00:09:05.857+0000] {processor.py:208} INFO - Processing /home/airflow/.local/lib/python3.12/site-packages/airflow/example_dags/example_setup_teardown.py took 0.144 seconds
[2024-08-29T00:09:36.911+0000] {processor.py:186} INFO - Started process (PID=1119) to work on /home/airflow/.local/lib/python3.12/site-packages/airflow/example_dags/example_setup_teardown.py
[2024-08-29T00:09:36.914+0000] {processor.py:914} INFO - Processing file /home/airflow/.local/lib/python3.12/site-packages/airflow/example_dags/example_setup_teardown.py for tasks to queue
[2024-08-29T00:09:36.927+0000] {logging_mixin.py:190} INFO - [2024-08-29T00:09:36.919+0000] {dagbag.py:587} INFO - Filling up the DagBag from /home/airflow/.local/lib/python3.12/site-packages/airflow/example_dags/example_setup_teardown.py
[2024-08-29T00:09:36.974+0000] {processor.py:925} INFO - DAG(s) 'example_setup_teardown' retrieved from /home/airflow/.local/lib/python3.12/site-packages/airflow/example_dags/example_setup_teardown.py
[2024-08-29T00:09:37.033+0000] {logging_mixin.py:190} INFO - [2024-08-29T00:09:37.032+0000] {dag.py:3211} INFO - Sync 1 DAGs
[2024-08-29T00:09:37.111+0000] {logging_mixin.py:190} INFO - [2024-08-29T00:09:37.109+0000] {dag.py:4138} INFO - Setting next_dagrun for example_setup_teardown to 2024-08-28 00:00:00+00:00, run_after=2024-08-29 00:00:00+00:00
[2024-08-29T00:09:37.263+0000] {processor.py:208} INFO - Processing /home/airflow/.local/lib/python3.12/site-packages/airflow/example_dags/example_setup_teardown.py took 0.369 seconds
[2024-08-29T00:11:03.888+0000] {processor.py:186} INFO - Started process (PID=1177) to work on /home/airflow/.local/lib/python3.12/site-packages/airflow/example_dags/example_setup_teardown.py
[2024-08-29T00:11:03.900+0000] {processor.py:914} INFO - Processing file /home/airflow/.local/lib/python3.12/site-packages/airflow/example_dags/example_setup_teardown.py for tasks to queue
[2024-08-29T00:11:03.908+0000] {logging_mixin.py:190} INFO - [2024-08-29T00:11:03.905+0000] {dagbag.py:587} INFO - Filling up the DagBag from /home/airflow/.local/lib/python3.12/site-packages/airflow/example_dags/example_setup_teardown.py
[2024-08-29T00:11:03.966+0000] {processor.py:925} INFO - DAG(s) 'example_setup_teardown' retrieved from /home/airflow/.local/lib/python3.12/site-packages/airflow/example_dags/example_setup_teardown.py
[2024-08-29T00:11:04.144+0000] {logging_mixin.py:190} INFO - [2024-08-29T00:11:04.143+0000] {dag.py:3211} INFO - Sync 1 DAGs
[2024-08-29T00:11:04.277+0000] {logging_mixin.py:190} INFO - [2024-08-29T00:11:04.276+0000] {dag.py:4138} INFO - Setting next_dagrun for example_setup_teardown to 2024-08-28 00:00:00+00:00, run_after=2024-08-29 00:00:00+00:00
[2024-08-29T00:11:04.348+0000] {processor.py:208} INFO - Processing /home/airflow/.local/lib/python3.12/site-packages/airflow/example_dags/example_setup_teardown.py took 0.479 seconds
[2024-08-29T00:11:52.287+0000] {processor.py:186} INFO - Started process (PID=1218) to work on /home/airflow/.local/lib/python3.12/site-packages/airflow/example_dags/example_setup_teardown.py
[2024-08-29T00:11:52.288+0000] {processor.py:914} INFO - Processing file /home/airflow/.local/lib/python3.12/site-packages/airflow/example_dags/example_setup_teardown.py for tasks to queue
[2024-08-29T00:11:52.295+0000] {logging_mixin.py:190} INFO - [2024-08-29T00:11:52.293+0000] {dagbag.py:587} INFO - Filling up the DagBag from /home/airflow/.local/lib/python3.12/site-packages/airflow/example_dags/example_setup_teardown.py
[2024-08-29T00:11:52.318+0000] {processor.py:925} INFO - DAG(s) 'example_setup_teardown' retrieved from /home/airflow/.local/lib/python3.12/site-packages/airflow/example_dags/example_setup_teardown.py
[2024-08-29T00:11:52.374+0000] {logging_mixin.py:190} INFO - [2024-08-29T00:11:52.374+0000] {dag.py:3211} INFO - Sync 1 DAGs
[2024-08-29T00:11:52.440+0000] {logging_mixin.py:190} INFO - [2024-08-29T00:11:52.440+0000] {dag.py:4138} INFO - Setting next_dagrun for example_setup_teardown to 2024-08-28 00:00:00+00:00, run_after=2024-08-29 00:00:00+00:00
[2024-08-29T00:11:52.498+0000] {processor.py:208} INFO - Processing /home/airflow/.local/lib/python3.12/site-packages/airflow/example_dags/example_setup_teardown.py took 0.224 seconds
[2024-08-29T00:12:24.789+0000] {processor.py:186} INFO - Started process (PID=1280) to work on /home/airflow/.local/lib/python3.12/site-packages/airflow/example_dags/example_setup_teardown.py
[2024-08-29T00:12:24.791+0000] {processor.py:914} INFO - Processing file /home/airflow/.local/lib/python3.12/site-packages/airflow/example_dags/example_setup_teardown.py for tasks to queue
[2024-08-29T00:12:24.795+0000] {logging_mixin.py:190} INFO - [2024-08-29T00:12:24.793+0000] {dagbag.py:587} INFO - Filling up the DagBag from /home/airflow/.local/lib/python3.12/site-packages/airflow/example_dags/example_setup_teardown.py
[2024-08-29T00:12:24.817+0000] {processor.py:925} INFO - DAG(s) 'example_setup_teardown' retrieved from /home/airflow/.local/lib/python3.12/site-packages/airflow/example_dags/example_setup_teardown.py
[2024-08-29T00:12:24.875+0000] {logging_mixin.py:190} INFO - [2024-08-29T00:12:24.874+0000] {dag.py:3211} INFO - Sync 1 DAGs
[2024-08-29T00:12:25.002+0000] {logging_mixin.py:190} INFO - [2024-08-29T00:12:25.002+0000] {dag.py:4138} INFO - Setting next_dagrun for example_setup_teardown to 2024-08-28 00:00:00+00:00, run_after=2024-08-29 00:00:00+00:00
[2024-08-29T00:12:25.156+0000] {processor.py:208} INFO - Processing /home/airflow/.local/lib/python3.12/site-packages/airflow/example_dags/example_setup_teardown.py took 0.404 seconds
[2024-08-29T00:17:59.416+0000] {processor.py:186} INFO - Started process (PID=110) to work on /home/airflow/.local/lib/python3.12/site-packages/airflow/example_dags/example_setup_teardown.py
[2024-08-29T00:17:59.421+0000] {processor.py:914} INFO - Processing file /home/airflow/.local/lib/python3.12/site-packages/airflow/example_dags/example_setup_teardown.py for tasks to queue
[2024-08-29T00:17:59.435+0000] {logging_mixin.py:190} INFO - [2024-08-29T00:17:59.434+0000] {dagbag.py:587} INFO - Filling up the DagBag from /home/airflow/.local/lib/python3.12/site-packages/airflow/example_dags/example_setup_teardown.py
[2024-08-29T00:17:59.474+0000] {processor.py:925} INFO - DAG(s) 'example_setup_teardown' retrieved from /home/airflow/.local/lib/python3.12/site-packages/airflow/example_dags/example_setup_teardown.py
[2024-08-29T00:17:59.532+0000] {logging_mixin.py:190} INFO - [2024-08-29T00:17:59.531+0000] {dag.py:3211} INFO - Sync 1 DAGs
[2024-08-29T00:17:59.569+0000] {logging_mixin.py:190} INFO - [2024-08-29T00:17:59.568+0000] {dag.py:4138} INFO - Setting next_dagrun for example_setup_teardown to 2024-08-28 00:00:00+00:00, run_after=2024-08-29 00:00:00+00:00
[2024-08-29T00:18:00.233+0000] {processor.py:208} INFO - Processing /home/airflow/.local/lib/python3.12/site-packages/airflow/example_dags/example_setup_teardown.py took 0.837 seconds
[2024-08-29T00:18:32.201+0000] {processor.py:186} INFO - Started process (PID=173) to work on /home/airflow/.local/lib/python3.12/site-packages/airflow/example_dags/example_setup_teardown.py
[2024-08-29T00:18:32.203+0000] {processor.py:914} INFO - Processing file /home/airflow/.local/lib/python3.12/site-packages/airflow/example_dags/example_setup_teardown.py for tasks to queue
[2024-08-29T00:18:32.219+0000] {logging_mixin.py:190} INFO - [2024-08-29T00:18:32.218+0000] {dagbag.py:587} INFO - Filling up the DagBag from /home/airflow/.local/lib/python3.12/site-packages/airflow/example_dags/example_setup_teardown.py
[2024-08-29T00:18:33.084+0000] {processor.py:925} INFO - DAG(s) 'example_setup_teardown' retrieved from /home/airflow/.local/lib/python3.12/site-packages/airflow/example_dags/example_setup_teardown.py
[2024-08-29T00:18:33.214+0000] {logging_mixin.py:190} INFO - [2024-08-29T00:18:33.214+0000] {dag.py:3211} INFO - Sync 1 DAGs
[2024-08-29T00:18:33.368+0000] {logging_mixin.py:190} INFO - [2024-08-29T00:18:33.367+0000] {dag.py:4138} INFO - Setting next_dagrun for example_setup_teardown to 2024-08-28 00:00:00+00:00, run_after=2024-08-29 00:00:00+00:00
[2024-08-29T00:18:33.526+0000] {processor.py:208} INFO - Processing /home/airflow/.local/lib/python3.12/site-packages/airflow/example_dags/example_setup_teardown.py took 1.365 seconds
[2024-08-29T00:19:04.390+0000] {processor.py:186} INFO - Started process (PID=240) to work on /home/airflow/.local/lib/python3.12/site-packages/airflow/example_dags/example_setup_teardown.py
[2024-08-29T00:19:04.391+0000] {processor.py:914} INFO - Processing file /home/airflow/.local/lib/python3.12/site-packages/airflow/example_dags/example_setup_teardown.py for tasks to queue
[2024-08-29T00:19:04.395+0000] {logging_mixin.py:190} INFO - [2024-08-29T00:19:04.395+0000] {dagbag.py:587} INFO - Filling up the DagBag from /home/airflow/.local/lib/python3.12/site-packages/airflow/example_dags/example_setup_teardown.py
[2024-08-29T00:19:04.416+0000] {processor.py:925} INFO - DAG(s) 'example_setup_teardown' retrieved from /home/airflow/.local/lib/python3.12/site-packages/airflow/example_dags/example_setup_teardown.py
[2024-08-29T00:19:04.520+0000] {logging_mixin.py:190} INFO - [2024-08-29T00:19:04.520+0000] {dag.py:3211} INFO - Sync 1 DAGs
[2024-08-29T00:19:04.550+0000] {logging_mixin.py:190} INFO - [2024-08-29T00:19:04.550+0000] {dag.py:4138} INFO - Setting next_dagrun for example_setup_teardown to 2024-08-28 00:00:00+00:00, run_after=2024-08-29 00:00:00+00:00
[2024-08-29T00:19:04.608+0000] {processor.py:208} INFO - Processing /home/airflow/.local/lib/python3.12/site-packages/airflow/example_dags/example_setup_teardown.py took 0.226 seconds
[2024-08-29T00:19:35.457+0000] {processor.py:186} INFO - Started process (PID=303) to work on /home/airflow/.local/lib/python3.12/site-packages/airflow/example_dags/example_setup_teardown.py
[2024-08-29T00:19:35.459+0000] {processor.py:914} INFO - Processing file /home/airflow/.local/lib/python3.12/site-packages/airflow/example_dags/example_setup_teardown.py for tasks to queue
[2024-08-29T00:19:35.464+0000] {logging_mixin.py:190} INFO - [2024-08-29T00:19:35.463+0000] {dagbag.py:587} INFO - Filling up the DagBag from /home/airflow/.local/lib/python3.12/site-packages/airflow/example_dags/example_setup_teardown.py
[2024-08-29T00:19:35.477+0000] {processor.py:925} INFO - DAG(s) 'example_setup_teardown' retrieved from /home/airflow/.local/lib/python3.12/site-packages/airflow/example_dags/example_setup_teardown.py
[2024-08-29T00:19:35.518+0000] {logging_mixin.py:190} INFO - [2024-08-29T00:19:35.518+0000] {dag.py:3211} INFO - Sync 1 DAGs
[2024-08-29T00:19:35.559+0000] {logging_mixin.py:190} INFO - [2024-08-29T00:19:35.559+0000] {dag.py:4138} INFO - Setting next_dagrun for example_setup_teardown to 2024-08-28 00:00:00+00:00, run_after=2024-08-29 00:00:00+00:00
[2024-08-29T00:19:35.616+0000] {processor.py:208} INFO - Processing /home/airflow/.local/lib/python3.12/site-packages/airflow/example_dags/example_setup_teardown.py took 0.170 seconds
[2024-08-29T00:20:06.596+0000] {processor.py:186} INFO - Started process (PID=365) to work on /home/airflow/.local/lib/python3.12/site-packages/airflow/example_dags/example_setup_teardown.py
[2024-08-29T00:20:06.602+0000] {processor.py:914} INFO - Processing file /home/airflow/.local/lib/python3.12/site-packages/airflow/example_dags/example_setup_teardown.py for tasks to queue
[2024-08-29T00:20:06.609+0000] {logging_mixin.py:190} INFO - [2024-08-29T00:20:06.608+0000] {dagbag.py:587} INFO - Filling up the DagBag from /home/airflow/.local/lib/python3.12/site-packages/airflow/example_dags/example_setup_teardown.py
[2024-08-29T00:20:06.623+0000] {processor.py:925} INFO - DAG(s) 'example_setup_teardown' retrieved from /home/airflow/.local/lib/python3.12/site-packages/airflow/example_dags/example_setup_teardown.py
[2024-08-29T00:20:06.655+0000] {logging_mixin.py:190} INFO - [2024-08-29T00:20:06.655+0000] {dag.py:3211} INFO - Sync 1 DAGs
[2024-08-29T00:20:06.704+0000] {logging_mixin.py:190} INFO - [2024-08-29T00:20:06.704+0000] {dag.py:4138} INFO - Setting next_dagrun for example_setup_teardown to 2024-08-28 00:00:00+00:00, run_after=2024-08-29 00:00:00+00:00
[2024-08-29T00:20:06.739+0000] {processor.py:208} INFO - Processing /home/airflow/.local/lib/python3.12/site-packages/airflow/example_dags/example_setup_teardown.py took 0.155 seconds
[2024-08-29T00:20:37.211+0000] {processor.py:186} INFO - Started process (PID=428) to work on /home/airflow/.local/lib/python3.12/site-packages/airflow/example_dags/example_setup_teardown.py
[2024-08-29T00:20:37.290+0000] {processor.py:914} INFO - Processing file /home/airflow/.local/lib/python3.12/site-packages/airflow/example_dags/example_setup_teardown.py for tasks to queue
[2024-08-29T00:20:37.303+0000] {logging_mixin.py:190} INFO - [2024-08-29T00:20:37.300+0000] {dagbag.py:587} INFO - Filling up the DagBag from /home/airflow/.local/lib/python3.12/site-packages/airflow/example_dags/example_setup_teardown.py
[2024-08-29T00:20:37.344+0000] {processor.py:925} INFO - DAG(s) 'example_setup_teardown' retrieved from /home/airflow/.local/lib/python3.12/site-packages/airflow/example_dags/example_setup_teardown.py
[2024-08-29T00:20:37.425+0000] {logging_mixin.py:190} INFO - [2024-08-29T00:20:37.424+0000] {dag.py:3211} INFO - Sync 1 DAGs
[2024-08-29T00:20:37.500+0000] {logging_mixin.py:190} INFO - [2024-08-29T00:20:37.500+0000] {dag.py:4138} INFO - Setting next_dagrun for example_setup_teardown to 2024-08-28 00:00:00+00:00, run_after=2024-08-29 00:00:00+00:00
[2024-08-29T00:20:37.573+0000] {processor.py:208} INFO - Processing /home/airflow/.local/lib/python3.12/site-packages/airflow/example_dags/example_setup_teardown.py took 0.383 seconds
[2024-08-29T00:21:08.142+0000] {processor.py:186} INFO - Started process (PID=491) to work on /home/airflow/.local/lib/python3.12/site-packages/airflow/example_dags/example_setup_teardown.py
[2024-08-29T00:21:08.144+0000] {processor.py:914} INFO - Processing file /home/airflow/.local/lib/python3.12/site-packages/airflow/example_dags/example_setup_teardown.py for tasks to queue
[2024-08-29T00:21:08.148+0000] {logging_mixin.py:190} INFO - [2024-08-29T00:21:08.147+0000] {dagbag.py:587} INFO - Filling up the DagBag from /home/airflow/.local/lib/python3.12/site-packages/airflow/example_dags/example_setup_teardown.py
[2024-08-29T00:21:08.159+0000] {processor.py:925} INFO - DAG(s) 'example_setup_teardown' retrieved from /home/airflow/.local/lib/python3.12/site-packages/airflow/example_dags/example_setup_teardown.py
[2024-08-29T00:21:08.191+0000] {logging_mixin.py:190} INFO - [2024-08-29T00:21:08.191+0000] {dag.py:3211} INFO - Sync 1 DAGs
[2024-08-29T00:21:08.233+0000] {logging_mixin.py:190} INFO - [2024-08-29T00:21:08.232+0000] {dag.py:4138} INFO - Setting next_dagrun for example_setup_teardown to 2024-08-28 00:00:00+00:00, run_after=2024-08-29 00:00:00+00:00
[2024-08-29T00:21:08.268+0000] {processor.py:208} INFO - Processing /home/airflow/.local/lib/python3.12/site-packages/airflow/example_dags/example_setup_teardown.py took 0.136 seconds
[2024-08-29T00:21:39.252+0000] {processor.py:186} INFO - Started process (PID=554) to work on /home/airflow/.local/lib/python3.12/site-packages/airflow/example_dags/example_setup_teardown.py
[2024-08-29T00:21:39.261+0000] {processor.py:914} INFO - Processing file /home/airflow/.local/lib/python3.12/site-packages/airflow/example_dags/example_setup_teardown.py for tasks to queue
[2024-08-29T00:21:39.268+0000] {logging_mixin.py:190} INFO - [2024-08-29T00:21:39.267+0000] {dagbag.py:587} INFO - Filling up the DagBag from /home/airflow/.local/lib/python3.12/site-packages/airflow/example_dags/example_setup_teardown.py
[2024-08-29T00:21:39.295+0000] {processor.py:925} INFO - DAG(s) 'example_setup_teardown' retrieved from /home/airflow/.local/lib/python3.12/site-packages/airflow/example_dags/example_setup_teardown.py
[2024-08-29T00:21:39.334+0000] {logging_mixin.py:190} INFO - [2024-08-29T00:21:39.334+0000] {dag.py:3211} INFO - Sync 1 DAGs
[2024-08-29T00:21:39.375+0000] {logging_mixin.py:190} INFO - [2024-08-29T00:21:39.375+0000] {dag.py:4138} INFO - Setting next_dagrun for example_setup_teardown to 2024-08-28 00:00:00+00:00, run_after=2024-08-29 00:00:00+00:00
[2024-08-29T00:21:39.408+0000] {processor.py:208} INFO - Processing /home/airflow/.local/lib/python3.12/site-packages/airflow/example_dags/example_setup_teardown.py took 0.180 seconds
[2024-08-29T00:22:10.339+0000] {processor.py:186} INFO - Started process (PID=617) to work on /home/airflow/.local/lib/python3.12/site-packages/airflow/example_dags/example_setup_teardown.py
[2024-08-29T00:22:10.340+0000] {processor.py:914} INFO - Processing file /home/airflow/.local/lib/python3.12/site-packages/airflow/example_dags/example_setup_teardown.py for tasks to queue
[2024-08-29T00:22:10.344+0000] {logging_mixin.py:190} INFO - [2024-08-29T00:22:10.343+0000] {dagbag.py:587} INFO - Filling up the DagBag from /home/airflow/.local/lib/python3.12/site-packages/airflow/example_dags/example_setup_teardown.py
[2024-08-29T00:22:10.361+0000] {processor.py:925} INFO - DAG(s) 'example_setup_teardown' retrieved from /home/airflow/.local/lib/python3.12/site-packages/airflow/example_dags/example_setup_teardown.py
[2024-08-29T00:22:10.397+0000] {logging_mixin.py:190} INFO - [2024-08-29T00:22:10.397+0000] {dag.py:3211} INFO - Sync 1 DAGs
[2024-08-29T00:22:10.436+0000] {logging_mixin.py:190} INFO - [2024-08-29T00:22:10.435+0000] {dag.py:4138} INFO - Setting next_dagrun for example_setup_teardown to 2024-08-28 00:00:00+00:00, run_after=2024-08-29 00:00:00+00:00
[2024-08-29T00:22:10.465+0000] {processor.py:208} INFO - Processing /home/airflow/.local/lib/python3.12/site-packages/airflow/example_dags/example_setup_teardown.py took 0.137 seconds
[2024-08-29T00:22:41.526+0000] {processor.py:186} INFO - Started process (PID=681) to work on /home/airflow/.local/lib/python3.12/site-packages/airflow/example_dags/example_setup_teardown.py
[2024-08-29T00:22:41.528+0000] {processor.py:914} INFO - Processing file /home/airflow/.local/lib/python3.12/site-packages/airflow/example_dags/example_setup_teardown.py for tasks to queue
[2024-08-29T00:22:41.534+0000] {logging_mixin.py:190} INFO - [2024-08-29T00:22:41.533+0000] {dagbag.py:587} INFO - Filling up the DagBag from /home/airflow/.local/lib/python3.12/site-packages/airflow/example_dags/example_setup_teardown.py
[2024-08-29T00:22:41.550+0000] {processor.py:925} INFO - DAG(s) 'example_setup_teardown' retrieved from /home/airflow/.local/lib/python3.12/site-packages/airflow/example_dags/example_setup_teardown.py
[2024-08-29T00:22:41.591+0000] {logging_mixin.py:190} INFO - [2024-08-29T00:22:41.590+0000] {dag.py:3211} INFO - Sync 1 DAGs
[2024-08-29T00:22:41.644+0000] {logging_mixin.py:190} INFO - [2024-08-29T00:22:41.643+0000] {dag.py:4138} INFO - Setting next_dagrun for example_setup_teardown to 2024-08-28 00:00:00+00:00, run_after=2024-08-29 00:00:00+00:00
[2024-08-29T00:22:41.679+0000] {processor.py:208} INFO - Processing /home/airflow/.local/lib/python3.12/site-packages/airflow/example_dags/example_setup_teardown.py took 0.166 seconds
[2024-08-29T00:23:12.284+0000] {processor.py:186} INFO - Started process (PID=743) to work on /home/airflow/.local/lib/python3.12/site-packages/airflow/example_dags/example_setup_teardown.py
[2024-08-29T00:23:12.285+0000] {processor.py:914} INFO - Processing file /home/airflow/.local/lib/python3.12/site-packages/airflow/example_dags/example_setup_teardown.py for tasks to queue
[2024-08-29T00:23:12.290+0000] {logging_mixin.py:190} INFO - [2024-08-29T00:23:12.289+0000] {dagbag.py:587} INFO - Filling up the DagBag from /home/airflow/.local/lib/python3.12/site-packages/airflow/example_dags/example_setup_teardown.py
[2024-08-29T00:23:12.305+0000] {processor.py:925} INFO - DAG(s) 'example_setup_teardown' retrieved from /home/airflow/.local/lib/python3.12/site-packages/airflow/example_dags/example_setup_teardown.py
[2024-08-29T00:23:12.341+0000] {logging_mixin.py:190} INFO - [2024-08-29T00:23:12.340+0000] {dag.py:3211} INFO - Sync 1 DAGs
[2024-08-29T00:23:12.379+0000] {logging_mixin.py:190} INFO - [2024-08-29T00:23:12.378+0000] {dag.py:4138} INFO - Setting next_dagrun for example_setup_teardown to 2024-08-28 00:00:00+00:00, run_after=2024-08-29 00:00:00+00:00
[2024-08-29T00:23:12.421+0000] {processor.py:208} INFO - Processing /home/airflow/.local/lib/python3.12/site-packages/airflow/example_dags/example_setup_teardown.py took 0.149 seconds
[2024-08-29T00:23:46.595+0000] {processor.py:186} INFO - Started process (PID=806) to work on /home/airflow/.local/lib/python3.12/site-packages/airflow/example_dags/example_setup_teardown.py
[2024-08-29T00:23:46.598+0000] {processor.py:914} INFO - Processing file /home/airflow/.local/lib/python3.12/site-packages/airflow/example_dags/example_setup_teardown.py for tasks to queue
[2024-08-29T00:23:46.603+0000] {logging_mixin.py:190} INFO - [2024-08-29T00:23:46.602+0000] {dagbag.py:587} INFO - Filling up the DagBag from /home/airflow/.local/lib/python3.12/site-packages/airflow/example_dags/example_setup_teardown.py
[2024-08-29T00:23:46.625+0000] {processor.py:925} INFO - DAG(s) 'example_setup_teardown' retrieved from /home/airflow/.local/lib/python3.12/site-packages/airflow/example_dags/example_setup_teardown.py
[2024-08-29T00:23:46.683+0000] {logging_mixin.py:190} INFO - [2024-08-29T00:23:46.683+0000] {dag.py:3211} INFO - Sync 1 DAGs
[2024-08-29T00:23:46.757+0000] {logging_mixin.py:190} INFO - [2024-08-29T00:23:46.756+0000] {dag.py:4138} INFO - Setting next_dagrun for example_setup_teardown to 2024-08-28 00:00:00+00:00, run_after=2024-08-29 00:00:00+00:00
[2024-08-29T00:23:46.799+0000] {processor.py:208} INFO - Processing /home/airflow/.local/lib/python3.12/site-packages/airflow/example_dags/example_setup_teardown.py took 0.219 seconds
[2024-08-29T00:24:17.539+0000] {processor.py:186} INFO - Started process (PID=869) to work on /home/airflow/.local/lib/python3.12/site-packages/airflow/example_dags/example_setup_teardown.py
[2024-08-29T00:24:17.541+0000] {processor.py:914} INFO - Processing file /home/airflow/.local/lib/python3.12/site-packages/airflow/example_dags/example_setup_teardown.py for tasks to queue
[2024-08-29T00:24:17.545+0000] {logging_mixin.py:190} INFO - [2024-08-29T00:24:17.545+0000] {dagbag.py:587} INFO - Filling up the DagBag from /home/airflow/.local/lib/python3.12/site-packages/airflow/example_dags/example_setup_teardown.py
[2024-08-29T00:24:17.567+0000] {processor.py:925} INFO - DAG(s) 'example_setup_teardown' retrieved from /home/airflow/.local/lib/python3.12/site-packages/airflow/example_dags/example_setup_teardown.py
[2024-08-29T00:24:17.615+0000] {logging_mixin.py:190} INFO - [2024-08-29T00:24:17.615+0000] {dag.py:3211} INFO - Sync 1 DAGs
[2024-08-29T00:24:17.684+0000] {logging_mixin.py:190} INFO - [2024-08-29T00:24:17.684+0000] {dag.py:4138} INFO - Setting next_dagrun for example_setup_teardown to 2024-08-28 00:00:00+00:00, run_after=2024-08-29 00:00:00+00:00
[2024-08-29T00:24:17.773+0000] {processor.py:208} INFO - Processing /home/airflow/.local/lib/python3.12/site-packages/airflow/example_dags/example_setup_teardown.py took 0.246 seconds
[2024-08-29T00:24:48.359+0000] {processor.py:186} INFO - Started process (PID=932) to work on /home/airflow/.local/lib/python3.12/site-packages/airflow/example_dags/example_setup_teardown.py
[2024-08-29T00:24:48.360+0000] {processor.py:914} INFO - Processing file /home/airflow/.local/lib/python3.12/site-packages/airflow/example_dags/example_setup_teardown.py for tasks to queue
[2024-08-29T00:24:48.365+0000] {logging_mixin.py:190} INFO - [2024-08-29T00:24:48.364+0000] {dagbag.py:587} INFO - Filling up the DagBag from /home/airflow/.local/lib/python3.12/site-packages/airflow/example_dags/example_setup_teardown.py
[2024-08-29T00:24:48.382+0000] {processor.py:925} INFO - DAG(s) 'example_setup_teardown' retrieved from /home/airflow/.local/lib/python3.12/site-packages/airflow/example_dags/example_setup_teardown.py
[2024-08-29T00:24:48.414+0000] {logging_mixin.py:190} INFO - [2024-08-29T00:24:48.413+0000] {dag.py:3211} INFO - Sync 1 DAGs
[2024-08-29T00:24:48.455+0000] {logging_mixin.py:190} INFO - [2024-08-29T00:24:48.454+0000] {dag.py:4138} INFO - Setting next_dagrun for example_setup_teardown to 2024-08-28 00:00:00+00:00, run_after=2024-08-29 00:00:00+00:00
[2024-08-29T00:24:48.515+0000] {processor.py:208} INFO - Processing /home/airflow/.local/lib/python3.12/site-packages/airflow/example_dags/example_setup_teardown.py took 0.169 seconds
[2024-08-29T00:25:19.301+0000] {processor.py:186} INFO - Started process (PID=995) to work on /home/airflow/.local/lib/python3.12/site-packages/airflow/example_dags/example_setup_teardown.py
[2024-08-29T00:25:19.303+0000] {processor.py:914} INFO - Processing file /home/airflow/.local/lib/python3.12/site-packages/airflow/example_dags/example_setup_teardown.py for tasks to queue
[2024-08-29T00:25:19.310+0000] {logging_mixin.py:190} INFO - [2024-08-29T00:25:19.309+0000] {dagbag.py:587} INFO - Filling up the DagBag from /home/airflow/.local/lib/python3.12/site-packages/airflow/example_dags/example_setup_teardown.py
[2024-08-29T00:25:19.327+0000] {processor.py:925} INFO - DAG(s) 'example_setup_teardown' retrieved from /home/airflow/.local/lib/python3.12/site-packages/airflow/example_dags/example_setup_teardown.py
[2024-08-29T00:25:19.368+0000] {logging_mixin.py:190} INFO - [2024-08-29T00:25:19.367+0000] {dag.py:3211} INFO - Sync 1 DAGs
[2024-08-29T00:25:19.421+0000] {logging_mixin.py:190} INFO - [2024-08-29T00:25:19.420+0000] {dag.py:4138} INFO - Setting next_dagrun for example_setup_teardown to 2024-08-28 00:00:00+00:00, run_after=2024-08-29 00:00:00+00:00
[2024-08-29T00:25:19.498+0000] {processor.py:208} INFO - Processing /home/airflow/.local/lib/python3.12/site-packages/airflow/example_dags/example_setup_teardown.py took 0.208 seconds
[2024-08-29T00:25:52.414+0000] {processor.py:186} INFO - Started process (PID=1058) to work on /home/airflow/.local/lib/python3.12/site-packages/airflow/example_dags/example_setup_teardown.py
[2024-08-29T00:25:52.432+0000] {processor.py:914} INFO - Processing file /home/airflow/.local/lib/python3.12/site-packages/airflow/example_dags/example_setup_teardown.py for tasks to queue
[2024-08-29T00:25:52.484+0000] {logging_mixin.py:190} INFO - [2024-08-29T00:25:52.484+0000] {dagbag.py:587} INFO - Filling up the DagBag from /home/airflow/.local/lib/python3.12/site-packages/airflow/example_dags/example_setup_teardown.py
[2024-08-29T00:25:52.505+0000] {processor.py:925} INFO - DAG(s) 'example_setup_teardown' retrieved from /home/airflow/.local/lib/python3.12/site-packages/airflow/example_dags/example_setup_teardown.py
[2024-08-29T00:25:52.585+0000] {logging_mixin.py:190} INFO - [2024-08-29T00:25:52.585+0000] {dag.py:3211} INFO - Sync 1 DAGs
[2024-08-29T00:25:52.665+0000] {logging_mixin.py:190} INFO - [2024-08-29T00:25:52.665+0000] {dag.py:4138} INFO - Setting next_dagrun for example_setup_teardown to 2024-08-28 00:00:00+00:00, run_after=2024-08-29 00:00:00+00:00
[2024-08-29T00:25:52.740+0000] {processor.py:208} INFO - Processing /home/airflow/.local/lib/python3.12/site-packages/airflow/example_dags/example_setup_teardown.py took 0.565 seconds
[2024-08-29T00:26:22.931+0000] {processor.py:186} INFO - Started process (PID=1121) to work on /home/airflow/.local/lib/python3.12/site-packages/airflow/example_dags/example_setup_teardown.py
[2024-08-29T00:26:22.932+0000] {processor.py:914} INFO - Processing file /home/airflow/.local/lib/python3.12/site-packages/airflow/example_dags/example_setup_teardown.py for tasks to queue
[2024-08-29T00:26:22.935+0000] {logging_mixin.py:190} INFO - [2024-08-29T00:26:22.935+0000] {dagbag.py:587} INFO - Filling up the DagBag from /home/airflow/.local/lib/python3.12/site-packages/airflow/example_dags/example_setup_teardown.py
[2024-08-29T00:26:22.947+0000] {processor.py:925} INFO - DAG(s) 'example_setup_teardown' retrieved from /home/airflow/.local/lib/python3.12/site-packages/airflow/example_dags/example_setup_teardown.py
[2024-08-29T00:26:22.982+0000] {logging_mixin.py:190} INFO - [2024-08-29T00:26:22.982+0000] {dag.py:3211} INFO - Sync 1 DAGs
[2024-08-29T00:26:23.018+0000] {logging_mixin.py:190} INFO - [2024-08-29T00:26:23.018+0000] {dag.py:4138} INFO - Setting next_dagrun for example_setup_teardown to 2024-08-28 00:00:00+00:00, run_after=2024-08-29 00:00:00+00:00
[2024-08-29T00:26:23.060+0000] {processor.py:208} INFO - Processing /home/airflow/.local/lib/python3.12/site-packages/airflow/example_dags/example_setup_teardown.py took 0.137 seconds
[2024-08-29T00:26:54.007+0000] {processor.py:186} INFO - Started process (PID=1184) to work on /home/airflow/.local/lib/python3.12/site-packages/airflow/example_dags/example_setup_teardown.py
[2024-08-29T00:26:54.009+0000] {processor.py:914} INFO - Processing file /home/airflow/.local/lib/python3.12/site-packages/airflow/example_dags/example_setup_teardown.py for tasks to queue
[2024-08-29T00:26:54.013+0000] {logging_mixin.py:190} INFO - [2024-08-29T00:26:54.013+0000] {dagbag.py:587} INFO - Filling up the DagBag from /home/airflow/.local/lib/python3.12/site-packages/airflow/example_dags/example_setup_teardown.py
[2024-08-29T00:26:54.029+0000] {processor.py:925} INFO - DAG(s) 'example_setup_teardown' retrieved from /home/airflow/.local/lib/python3.12/site-packages/airflow/example_dags/example_setup_teardown.py
[2024-08-29T00:26:54.061+0000] {logging_mixin.py:190} INFO - [2024-08-29T00:26:54.061+0000] {dag.py:3211} INFO - Sync 1 DAGs
[2024-08-29T00:26:54.098+0000] {logging_mixin.py:190} INFO - [2024-08-29T00:26:54.097+0000] {dag.py:4138} INFO - Setting next_dagrun for example_setup_teardown to 2024-08-28 00:00:00+00:00, run_after=2024-08-29 00:00:00+00:00
[2024-08-29T00:26:54.131+0000] {processor.py:208} INFO - Processing /home/airflow/.local/lib/python3.12/site-packages/airflow/example_dags/example_setup_teardown.py took 0.131 seconds
[2024-08-29T00:27:24.383+0000] {processor.py:186} INFO - Started process (PID=1248) to work on /home/airflow/.local/lib/python3.12/site-packages/airflow/example_dags/example_setup_teardown.py
[2024-08-29T00:27:24.385+0000] {processor.py:914} INFO - Processing file /home/airflow/.local/lib/python3.12/site-packages/airflow/example_dags/example_setup_teardown.py for tasks to queue
[2024-08-29T00:27:24.389+0000] {logging_mixin.py:190} INFO - [2024-08-29T00:27:24.388+0000] {dagbag.py:587} INFO - Filling up the DagBag from /home/airflow/.local/lib/python3.12/site-packages/airflow/example_dags/example_setup_teardown.py
[2024-08-29T00:27:24.413+0000] {processor.py:925} INFO - DAG(s) 'example_setup_teardown' retrieved from /home/airflow/.local/lib/python3.12/site-packages/airflow/example_dags/example_setup_teardown.py
[2024-08-29T00:27:24.477+0000] {logging_mixin.py:190} INFO - [2024-08-29T00:27:24.476+0000] {dag.py:3211} INFO - Sync 1 DAGs
[2024-08-29T00:27:24.540+0000] {logging_mixin.py:190} INFO - [2024-08-29T00:27:24.539+0000] {dag.py:4138} INFO - Setting next_dagrun for example_setup_teardown to 2024-08-28 00:00:00+00:00, run_after=2024-08-29 00:00:00+00:00
[2024-08-29T00:27:24.573+0000] {processor.py:208} INFO - Processing /home/airflow/.local/lib/python3.12/site-packages/airflow/example_dags/example_setup_teardown.py took 0.202 seconds
[2024-08-29T00:27:54.780+0000] {processor.py:186} INFO - Started process (PID=1311) to work on /home/airflow/.local/lib/python3.12/site-packages/airflow/example_dags/example_setup_teardown.py
[2024-08-29T00:27:54.782+0000] {processor.py:914} INFO - Processing file /home/airflow/.local/lib/python3.12/site-packages/airflow/example_dags/example_setup_teardown.py for tasks to queue
[2024-08-29T00:27:54.786+0000] {logging_mixin.py:190} INFO - [2024-08-29T00:27:54.786+0000] {dagbag.py:587} INFO - Filling up the DagBag from /home/airflow/.local/lib/python3.12/site-packages/airflow/example_dags/example_setup_teardown.py
[2024-08-29T00:27:54.801+0000] {processor.py:925} INFO - DAG(s) 'example_setup_teardown' retrieved from /home/airflow/.local/lib/python3.12/site-packages/airflow/example_dags/example_setup_teardown.py
[2024-08-29T00:27:54.825+0000] {logging_mixin.py:190} INFO - [2024-08-29T00:27:54.825+0000] {dag.py:3211} INFO - Sync 1 DAGs
[2024-08-29T00:27:54.854+0000] {logging_mixin.py:190} INFO - [2024-08-29T00:27:54.854+0000] {dag.py:4138} INFO - Setting next_dagrun for example_setup_teardown to 2024-08-28 00:00:00+00:00, run_after=2024-08-29 00:00:00+00:00
[2024-08-29T00:27:54.900+0000] {processor.py:208} INFO - Processing /home/airflow/.local/lib/python3.12/site-packages/airflow/example_dags/example_setup_teardown.py took 0.129 seconds
[2024-08-29T00:28:25.486+0000] {processor.py:186} INFO - Started process (PID=1374) to work on /home/airflow/.local/lib/python3.12/site-packages/airflow/example_dags/example_setup_teardown.py
[2024-08-29T00:28:25.488+0000] {processor.py:914} INFO - Processing file /home/airflow/.local/lib/python3.12/site-packages/airflow/example_dags/example_setup_teardown.py for tasks to queue
[2024-08-29T00:28:25.492+0000] {logging_mixin.py:190} INFO - [2024-08-29T00:28:25.491+0000] {dagbag.py:587} INFO - Filling up the DagBag from /home/airflow/.local/lib/python3.12/site-packages/airflow/example_dags/example_setup_teardown.py
[2024-08-29T00:28:25.516+0000] {processor.py:925} INFO - DAG(s) 'example_setup_teardown' retrieved from /home/airflow/.local/lib/python3.12/site-packages/airflow/example_dags/example_setup_teardown.py
[2024-08-29T00:28:25.551+0000] {logging_mixin.py:190} INFO - [2024-08-29T00:28:25.551+0000] {dag.py:3211} INFO - Sync 1 DAGs
[2024-08-29T00:28:25.589+0000] {logging_mixin.py:190} INFO - [2024-08-29T00:28:25.589+0000] {dag.py:4138} INFO - Setting next_dagrun for example_setup_teardown to 2024-08-28 00:00:00+00:00, run_after=2024-08-29 00:00:00+00:00
[2024-08-29T00:28:25.621+0000] {processor.py:208} INFO - Processing /home/airflow/.local/lib/python3.12/site-packages/airflow/example_dags/example_setup_teardown.py took 0.145 seconds
[2024-08-29T00:28:56.368+0000] {processor.py:186} INFO - Started process (PID=1437) to work on /home/airflow/.local/lib/python3.12/site-packages/airflow/example_dags/example_setup_teardown.py
[2024-08-29T00:28:56.369+0000] {processor.py:914} INFO - Processing file /home/airflow/.local/lib/python3.12/site-packages/airflow/example_dags/example_setup_teardown.py for tasks to queue
[2024-08-29T00:28:56.373+0000] {logging_mixin.py:190} INFO - [2024-08-29T00:28:56.373+0000] {dagbag.py:587} INFO - Filling up the DagBag from /home/airflow/.local/lib/python3.12/site-packages/airflow/example_dags/example_setup_teardown.py
[2024-08-29T00:28:56.388+0000] {processor.py:925} INFO - DAG(s) 'example_setup_teardown' retrieved from /home/airflow/.local/lib/python3.12/site-packages/airflow/example_dags/example_setup_teardown.py
[2024-08-29T00:28:56.423+0000] {logging_mixin.py:190} INFO - [2024-08-29T00:28:56.422+0000] {dag.py:3211} INFO - Sync 1 DAGs
[2024-08-29T00:28:56.457+0000] {logging_mixin.py:190} INFO - [2024-08-29T00:28:56.457+0000] {dag.py:4138} INFO - Setting next_dagrun for example_setup_teardown to 2024-08-28 00:00:00+00:00, run_after=2024-08-29 00:00:00+00:00
[2024-08-29T00:28:56.492+0000] {processor.py:208} INFO - Processing /home/airflow/.local/lib/python3.12/site-packages/airflow/example_dags/example_setup_teardown.py took 0.131 seconds
[2024-08-29T00:32:42.551+0000] {processor.py:186} INFO - Started process (PID=102) to work on /home/airflow/.local/lib/python3.12/site-packages/airflow/example_dags/example_setup_teardown.py
[2024-08-29T00:32:42.566+0000] {processor.py:914} INFO - Processing file /home/airflow/.local/lib/python3.12/site-packages/airflow/example_dags/example_setup_teardown.py for tasks to queue
[2024-08-29T00:32:42.591+0000] {logging_mixin.py:190} INFO - [2024-08-29T00:32:42.590+0000] {dagbag.py:587} INFO - Filling up the DagBag from /home/airflow/.local/lib/python3.12/site-packages/airflow/example_dags/example_setup_teardown.py
[2024-08-29T00:32:42.711+0000] {processor.py:925} INFO - DAG(s) 'example_setup_teardown' retrieved from /home/airflow/.local/lib/python3.12/site-packages/airflow/example_dags/example_setup_teardown.py
[2024-08-29T00:32:43.169+0000] {logging_mixin.py:190} INFO - [2024-08-29T00:32:43.169+0000] {dag.py:3211} INFO - Sync 1 DAGs
[2024-08-29T00:32:43.505+0000] {logging_mixin.py:190} INFO - [2024-08-29T00:32:43.505+0000] {dag.py:4138} INFO - Setting next_dagrun for example_setup_teardown to 2024-08-28 00:00:00+00:00, run_after=2024-08-29 00:00:00+00:00
[2024-08-29T00:32:43.790+0000] {processor.py:208} INFO - Processing /home/airflow/.local/lib/python3.12/site-packages/airflow/example_dags/example_setup_teardown.py took 1.338 seconds
[2024-08-29T00:33:42.525+0000] {processor.py:186} INFO - Started process (PID=171) to work on /home/airflow/.local/lib/python3.12/site-packages/airflow/example_dags/example_setup_teardown.py
[2024-08-29T00:33:42.530+0000] {processor.py:914} INFO - Processing file /home/airflow/.local/lib/python3.12/site-packages/airflow/example_dags/example_setup_teardown.py for tasks to queue
[2024-08-29T00:33:42.535+0000] {logging_mixin.py:190} INFO - [2024-08-29T00:33:42.534+0000] {dagbag.py:587} INFO - Filling up the DagBag from /home/airflow/.local/lib/python3.12/site-packages/airflow/example_dags/example_setup_teardown.py
[2024-08-29T00:33:42.612+0000] {processor.py:925} INFO - DAG(s) 'example_setup_teardown' retrieved from /home/airflow/.local/lib/python3.12/site-packages/airflow/example_dags/example_setup_teardown.py
[2024-08-29T00:33:42.715+0000] {logging_mixin.py:190} INFO - [2024-08-29T00:33:42.715+0000] {dag.py:3211} INFO - Sync 1 DAGs
[2024-08-29T00:33:42.769+0000] {logging_mixin.py:190} INFO - [2024-08-29T00:33:42.769+0000] {dag.py:4138} INFO - Setting next_dagrun for example_setup_teardown to 2024-08-28 00:00:00+00:00, run_after=2024-08-29 00:00:00+00:00
[2024-08-29T00:33:42.903+0000] {processor.py:208} INFO - Processing /home/airflow/.local/lib/python3.12/site-packages/airflow/example_dags/example_setup_teardown.py took 0.426 seconds
[2024-08-29T00:34:13.689+0000] {processor.py:186} INFO - Started process (PID=234) to work on /home/airflow/.local/lib/python3.12/site-packages/airflow/example_dags/example_setup_teardown.py
[2024-08-29T00:34:13.690+0000] {processor.py:914} INFO - Processing file /home/airflow/.local/lib/python3.12/site-packages/airflow/example_dags/example_setup_teardown.py for tasks to queue
[2024-08-29T00:34:13.693+0000] {logging_mixin.py:190} INFO - [2024-08-29T00:34:13.693+0000] {dagbag.py:587} INFO - Filling up the DagBag from /home/airflow/.local/lib/python3.12/site-packages/airflow/example_dags/example_setup_teardown.py
[2024-08-29T00:34:13.705+0000] {processor.py:925} INFO - DAG(s) 'example_setup_teardown' retrieved from /home/airflow/.local/lib/python3.12/site-packages/airflow/example_dags/example_setup_teardown.py
[2024-08-29T00:34:13.738+0000] {logging_mixin.py:190} INFO - [2024-08-29T00:34:13.737+0000] {dag.py:3211} INFO - Sync 1 DAGs
[2024-08-29T00:34:13.780+0000] {logging_mixin.py:190} INFO - [2024-08-29T00:34:13.780+0000] {dag.py:4138} INFO - Setting next_dagrun for example_setup_teardown to 2024-08-28 00:00:00+00:00, run_after=2024-08-29 00:00:00+00:00
[2024-08-29T00:34:13.810+0000] {processor.py:208} INFO - Processing /home/airflow/.local/lib/python3.12/site-packages/airflow/example_dags/example_setup_teardown.py took 0.130 seconds
[2024-08-29T00:34:44.106+0000] {processor.py:186} INFO - Started process (PID=297) to work on /home/airflow/.local/lib/python3.12/site-packages/airflow/example_dags/example_setup_teardown.py
[2024-08-29T00:34:44.107+0000] {processor.py:914} INFO - Processing file /home/airflow/.local/lib/python3.12/site-packages/airflow/example_dags/example_setup_teardown.py for tasks to queue
[2024-08-29T00:34:44.111+0000] {logging_mixin.py:190} INFO - [2024-08-29T00:34:44.111+0000] {dagbag.py:587} INFO - Filling up the DagBag from /home/airflow/.local/lib/python3.12/site-packages/airflow/example_dags/example_setup_teardown.py
[2024-08-29T00:34:44.127+0000] {processor.py:925} INFO - DAG(s) 'example_setup_teardown' retrieved from /home/airflow/.local/lib/python3.12/site-packages/airflow/example_dags/example_setup_teardown.py
[2024-08-29T00:34:44.157+0000] {logging_mixin.py:190} INFO - [2024-08-29T00:34:44.157+0000] {dag.py:3211} INFO - Sync 1 DAGs
[2024-08-29T00:34:44.193+0000] {logging_mixin.py:190} INFO - [2024-08-29T00:34:44.192+0000] {dag.py:4138} INFO - Setting next_dagrun for example_setup_teardown to 2024-08-28 00:00:00+00:00, run_after=2024-08-29 00:00:00+00:00
[2024-08-29T00:34:44.245+0000] {processor.py:208} INFO - Processing /home/airflow/.local/lib/python3.12/site-packages/airflow/example_dags/example_setup_teardown.py took 0.150 seconds
[2024-08-29T00:35:14.701+0000] {processor.py:186} INFO - Started process (PID=360) to work on /home/airflow/.local/lib/python3.12/site-packages/airflow/example_dags/example_setup_teardown.py
[2024-08-29T00:35:14.702+0000] {processor.py:914} INFO - Processing file /home/airflow/.local/lib/python3.12/site-packages/airflow/example_dags/example_setup_teardown.py for tasks to queue
[2024-08-29T00:35:14.705+0000] {logging_mixin.py:190} INFO - [2024-08-29T00:35:14.705+0000] {dagbag.py:587} INFO - Filling up the DagBag from /home/airflow/.local/lib/python3.12/site-packages/airflow/example_dags/example_setup_teardown.py
[2024-08-29T00:35:14.716+0000] {processor.py:925} INFO - DAG(s) 'example_setup_teardown' retrieved from /home/airflow/.local/lib/python3.12/site-packages/airflow/example_dags/example_setup_teardown.py
[2024-08-29T00:35:14.747+0000] {logging_mixin.py:190} INFO - [2024-08-29T00:35:14.747+0000] {dag.py:3211} INFO - Sync 1 DAGs
[2024-08-29T00:35:14.786+0000] {logging_mixin.py:190} INFO - [2024-08-29T00:35:14.786+0000] {dag.py:4138} INFO - Setting next_dagrun for example_setup_teardown to 2024-08-28 00:00:00+00:00, run_after=2024-08-29 00:00:00+00:00
[2024-08-29T00:35:14.837+0000] {processor.py:208} INFO - Processing /home/airflow/.local/lib/python3.12/site-packages/airflow/example_dags/example_setup_teardown.py took 0.145 seconds
[2024-08-29T00:35:45.823+0000] {processor.py:186} INFO - Started process (PID=429) to work on /home/airflow/.local/lib/python3.12/site-packages/airflow/example_dags/example_setup_teardown.py
[2024-08-29T00:35:45.824+0000] {processor.py:914} INFO - Processing file /home/airflow/.local/lib/python3.12/site-packages/airflow/example_dags/example_setup_teardown.py for tasks to queue
[2024-08-29T00:35:45.829+0000] {logging_mixin.py:190} INFO - [2024-08-29T00:35:45.828+0000] {dagbag.py:587} INFO - Filling up the DagBag from /home/airflow/.local/lib/python3.12/site-packages/airflow/example_dags/example_setup_teardown.py
[2024-08-29T00:35:45.845+0000] {processor.py:925} INFO - DAG(s) 'example_setup_teardown' retrieved from /home/airflow/.local/lib/python3.12/site-packages/airflow/example_dags/example_setup_teardown.py
[2024-08-29T00:35:45.877+0000] {logging_mixin.py:190} INFO - [2024-08-29T00:35:45.877+0000] {dag.py:3211} INFO - Sync 1 DAGs
[2024-08-29T00:35:45.919+0000] {logging_mixin.py:190} INFO - [2024-08-29T00:35:45.919+0000] {dag.py:4138} INFO - Setting next_dagrun for example_setup_teardown to 2024-08-28 00:00:00+00:00, run_after=2024-08-29 00:00:00+00:00
[2024-08-29T00:35:45.952+0000] {processor.py:208} INFO - Processing /home/airflow/.local/lib/python3.12/site-packages/airflow/example_dags/example_setup_teardown.py took 0.140 seconds
[2024-08-29T00:36:16.331+0000] {processor.py:186} INFO - Started process (PID=492) to work on /home/airflow/.local/lib/python3.12/site-packages/airflow/example_dags/example_setup_teardown.py
[2024-08-29T00:36:16.333+0000] {processor.py:914} INFO - Processing file /home/airflow/.local/lib/python3.12/site-packages/airflow/example_dags/example_setup_teardown.py for tasks to queue
[2024-08-29T00:36:16.336+0000] {logging_mixin.py:190} INFO - [2024-08-29T00:36:16.336+0000] {dagbag.py:587} INFO - Filling up the DagBag from /home/airflow/.local/lib/python3.12/site-packages/airflow/example_dags/example_setup_teardown.py
[2024-08-29T00:36:16.353+0000] {processor.py:925} INFO - DAG(s) 'example_setup_teardown' retrieved from /home/airflow/.local/lib/python3.12/site-packages/airflow/example_dags/example_setup_teardown.py
[2024-08-29T00:36:16.389+0000] {logging_mixin.py:190} INFO - [2024-08-29T00:36:16.389+0000] {dag.py:3211} INFO - Sync 1 DAGs
[2024-08-29T00:36:16.435+0000] {logging_mixin.py:190} INFO - [2024-08-29T00:36:16.435+0000] {dag.py:4138} INFO - Setting next_dagrun for example_setup_teardown to 2024-08-28 00:00:00+00:00, run_after=2024-08-29 00:00:00+00:00
[2024-08-29T00:36:16.465+0000] {processor.py:208} INFO - Processing /home/airflow/.local/lib/python3.12/site-packages/airflow/example_dags/example_setup_teardown.py took 0.144 seconds
[2024-08-29T00:36:46.897+0000] {processor.py:186} INFO - Started process (PID=554) to work on /home/airflow/.local/lib/python3.12/site-packages/airflow/example_dags/example_setup_teardown.py
[2024-08-29T00:36:46.898+0000] {processor.py:914} INFO - Processing file /home/airflow/.local/lib/python3.12/site-packages/airflow/example_dags/example_setup_teardown.py for tasks to queue
[2024-08-29T00:36:46.901+0000] {logging_mixin.py:190} INFO - [2024-08-29T00:36:46.901+0000] {dagbag.py:587} INFO - Filling up the DagBag from /home/airflow/.local/lib/python3.12/site-packages/airflow/example_dags/example_setup_teardown.py
[2024-08-29T00:36:46.916+0000] {processor.py:925} INFO - DAG(s) 'example_setup_teardown' retrieved from /home/airflow/.local/lib/python3.12/site-packages/airflow/example_dags/example_setup_teardown.py
[2024-08-29T00:36:46.951+0000] {logging_mixin.py:190} INFO - [2024-08-29T00:36:46.951+0000] {dag.py:3211} INFO - Sync 1 DAGs
[2024-08-29T00:36:46.990+0000] {logging_mixin.py:190} INFO - [2024-08-29T00:36:46.990+0000] {dag.py:4138} INFO - Setting next_dagrun for example_setup_teardown to 2024-08-28 00:00:00+00:00, run_after=2024-08-29 00:00:00+00:00
[2024-08-29T00:36:47.030+0000] {processor.py:208} INFO - Processing /home/airflow/.local/lib/python3.12/site-packages/airflow/example_dags/example_setup_teardown.py took 0.142 seconds
[2024-08-29T00:37:18.320+0000] {processor.py:186} INFO - Started process (PID=618) to work on /home/airflow/.local/lib/python3.12/site-packages/airflow/example_dags/example_setup_teardown.py
[2024-08-29T00:37:18.322+0000] {processor.py:914} INFO - Processing file /home/airflow/.local/lib/python3.12/site-packages/airflow/example_dags/example_setup_teardown.py for tasks to queue
[2024-08-29T00:37:18.326+0000] {logging_mixin.py:190} INFO - [2024-08-29T00:37:18.326+0000] {dagbag.py:587} INFO - Filling up the DagBag from /home/airflow/.local/lib/python3.12/site-packages/airflow/example_dags/example_setup_teardown.py
[2024-08-29T00:37:18.344+0000] {processor.py:925} INFO - DAG(s) 'example_setup_teardown' retrieved from /home/airflow/.local/lib/python3.12/site-packages/airflow/example_dags/example_setup_teardown.py
[2024-08-29T00:37:18.391+0000] {logging_mixin.py:190} INFO - [2024-08-29T00:37:18.390+0000] {dag.py:3211} INFO - Sync 1 DAGs
[2024-08-29T00:37:18.439+0000] {logging_mixin.py:190} INFO - [2024-08-29T00:37:18.438+0000] {dag.py:4138} INFO - Setting next_dagrun for example_setup_teardown to 2024-08-28 00:00:00+00:00, run_after=2024-08-29 00:00:00+00:00
[2024-08-29T00:37:18.478+0000] {processor.py:208} INFO - Processing /home/airflow/.local/lib/python3.12/site-packages/airflow/example_dags/example_setup_teardown.py took 0.172 seconds
[2024-08-29T00:37:48.904+0000] {processor.py:186} INFO - Started process (PID=681) to work on /home/airflow/.local/lib/python3.12/site-packages/airflow/example_dags/example_setup_teardown.py
[2024-08-29T00:37:48.905+0000] {processor.py:914} INFO - Processing file /home/airflow/.local/lib/python3.12/site-packages/airflow/example_dags/example_setup_teardown.py for tasks to queue
[2024-08-29T00:37:48.909+0000] {logging_mixin.py:190} INFO - [2024-08-29T00:37:48.908+0000] {dagbag.py:587} INFO - Filling up the DagBag from /home/airflow/.local/lib/python3.12/site-packages/airflow/example_dags/example_setup_teardown.py
[2024-08-29T00:37:48.925+0000] {processor.py:925} INFO - DAG(s) 'example_setup_teardown' retrieved from /home/airflow/.local/lib/python3.12/site-packages/airflow/example_dags/example_setup_teardown.py
[2024-08-29T00:37:48.964+0000] {logging_mixin.py:190} INFO - [2024-08-29T00:37:48.964+0000] {dag.py:3211} INFO - Sync 1 DAGs
[2024-08-29T00:37:48.999+0000] {logging_mixin.py:190} INFO - [2024-08-29T00:37:48.999+0000] {dag.py:4138} INFO - Setting next_dagrun for example_setup_teardown to 2024-08-28 00:00:00+00:00, run_after=2024-08-29 00:00:00+00:00
[2024-08-29T00:37:49.060+0000] {processor.py:208} INFO - Processing /home/airflow/.local/lib/python3.12/site-packages/airflow/example_dags/example_setup_teardown.py took 0.167 seconds
[2024-08-29T00:38:19.864+0000] {processor.py:186} INFO - Started process (PID=744) to work on /home/airflow/.local/lib/python3.12/site-packages/airflow/example_dags/example_setup_teardown.py
[2024-08-29T00:38:19.866+0000] {processor.py:914} INFO - Processing file /home/airflow/.local/lib/python3.12/site-packages/airflow/example_dags/example_setup_teardown.py for tasks to queue
[2024-08-29T00:38:19.870+0000] {logging_mixin.py:190} INFO - [2024-08-29T00:38:19.869+0000] {dagbag.py:587} INFO - Filling up the DagBag from /home/airflow/.local/lib/python3.12/site-packages/airflow/example_dags/example_setup_teardown.py
[2024-08-29T00:38:19.885+0000] {processor.py:925} INFO - DAG(s) 'example_setup_teardown' retrieved from /home/airflow/.local/lib/python3.12/site-packages/airflow/example_dags/example_setup_teardown.py
[2024-08-29T00:38:19.928+0000] {logging_mixin.py:190} INFO - [2024-08-29T00:38:19.928+0000] {dag.py:3211} INFO - Sync 1 DAGs
[2024-08-29T00:38:19.976+0000] {logging_mixin.py:190} INFO - [2024-08-29T00:38:19.976+0000] {dag.py:4138} INFO - Setting next_dagrun for example_setup_teardown to 2024-08-28 00:00:00+00:00, run_after=2024-08-29 00:00:00+00:00
[2024-08-29T00:38:20.031+0000] {processor.py:208} INFO - Processing /home/airflow/.local/lib/python3.12/site-packages/airflow/example_dags/example_setup_teardown.py took 0.176 seconds
[2024-08-29T00:38:50.652+0000] {processor.py:186} INFO - Started process (PID=807) to work on /home/airflow/.local/lib/python3.12/site-packages/airflow/example_dags/example_setup_teardown.py
[2024-08-29T00:38:50.655+0000] {processor.py:914} INFO - Processing file /home/airflow/.local/lib/python3.12/site-packages/airflow/example_dags/example_setup_teardown.py for tasks to queue
[2024-08-29T00:38:50.665+0000] {logging_mixin.py:190} INFO - [2024-08-29T00:38:50.664+0000] {dagbag.py:587} INFO - Filling up the DagBag from /home/airflow/.local/lib/python3.12/site-packages/airflow/example_dags/example_setup_teardown.py
[2024-08-29T00:38:50.681+0000] {processor.py:925} INFO - DAG(s) 'example_setup_teardown' retrieved from /home/airflow/.local/lib/python3.12/site-packages/airflow/example_dags/example_setup_teardown.py
[2024-08-29T00:38:50.717+0000] {logging_mixin.py:190} INFO - [2024-08-29T00:38:50.717+0000] {dag.py:3211} INFO - Sync 1 DAGs
[2024-08-29T00:38:50.757+0000] {logging_mixin.py:190} INFO - [2024-08-29T00:38:50.756+0000] {dag.py:4138} INFO - Setting next_dagrun for example_setup_teardown to 2024-08-28 00:00:00+00:00, run_after=2024-08-29 00:00:00+00:00
[2024-08-29T00:38:50.795+0000] {processor.py:208} INFO - Processing /home/airflow/.local/lib/python3.12/site-packages/airflow/example_dags/example_setup_teardown.py took 0.162 seconds
[2024-08-29T00:39:21.137+0000] {processor.py:186} INFO - Started process (PID=870) to work on /home/airflow/.local/lib/python3.12/site-packages/airflow/example_dags/example_setup_teardown.py
[2024-08-29T00:39:21.139+0000] {processor.py:914} INFO - Processing file /home/airflow/.local/lib/python3.12/site-packages/airflow/example_dags/example_setup_teardown.py for tasks to queue
[2024-08-29T00:39:21.142+0000] {logging_mixin.py:190} INFO - [2024-08-29T00:39:21.142+0000] {dagbag.py:587} INFO - Filling up the DagBag from /home/airflow/.local/lib/python3.12/site-packages/airflow/example_dags/example_setup_teardown.py
[2024-08-29T00:39:21.156+0000] {processor.py:925} INFO - DAG(s) 'example_setup_teardown' retrieved from /home/airflow/.local/lib/python3.12/site-packages/airflow/example_dags/example_setup_teardown.py
[2024-08-29T00:39:21.188+0000] {logging_mixin.py:190} INFO - [2024-08-29T00:39:21.188+0000] {dag.py:3211} INFO - Sync 1 DAGs
[2024-08-29T00:39:21.221+0000] {logging_mixin.py:190} INFO - [2024-08-29T00:39:21.221+0000] {dag.py:4138} INFO - Setting next_dagrun for example_setup_teardown to 2024-08-28 00:00:00+00:00, run_after=2024-08-29 00:00:00+00:00
[2024-08-29T00:39:21.258+0000] {processor.py:208} INFO - Processing /home/airflow/.local/lib/python3.12/site-packages/airflow/example_dags/example_setup_teardown.py took 0.130 seconds
[2024-08-29T00:39:52.158+0000] {processor.py:186} INFO - Started process (PID=934) to work on /home/airflow/.local/lib/python3.12/site-packages/airflow/example_dags/example_setup_teardown.py
[2024-08-29T00:39:52.160+0000] {processor.py:914} INFO - Processing file /home/airflow/.local/lib/python3.12/site-packages/airflow/example_dags/example_setup_teardown.py for tasks to queue
[2024-08-29T00:39:52.164+0000] {logging_mixin.py:190} INFO - [2024-08-29T00:39:52.163+0000] {dagbag.py:587} INFO - Filling up the DagBag from /home/airflow/.local/lib/python3.12/site-packages/airflow/example_dags/example_setup_teardown.py
[2024-08-29T00:39:52.181+0000] {processor.py:925} INFO - DAG(s) 'example_setup_teardown' retrieved from /home/airflow/.local/lib/python3.12/site-packages/airflow/example_dags/example_setup_teardown.py
[2024-08-29T00:39:52.224+0000] {logging_mixin.py:190} INFO - [2024-08-29T00:39:52.224+0000] {dag.py:3211} INFO - Sync 1 DAGs
[2024-08-29T00:39:52.272+0000] {logging_mixin.py:190} INFO - [2024-08-29T00:39:52.272+0000] {dag.py:4138} INFO - Setting next_dagrun for example_setup_teardown to 2024-08-28 00:00:00+00:00, run_after=2024-08-29 00:00:00+00:00
[2024-08-29T00:39:52.310+0000] {processor.py:208} INFO - Processing /home/airflow/.local/lib/python3.12/site-packages/airflow/example_dags/example_setup_teardown.py took 0.166 seconds
[2024-08-29T00:40:23.241+0000] {processor.py:186} INFO - Started process (PID=997) to work on /home/airflow/.local/lib/python3.12/site-packages/airflow/example_dags/example_setup_teardown.py
[2024-08-29T00:40:23.243+0000] {processor.py:914} INFO - Processing file /home/airflow/.local/lib/python3.12/site-packages/airflow/example_dags/example_setup_teardown.py for tasks to queue
[2024-08-29T00:40:23.247+0000] {logging_mixin.py:190} INFO - [2024-08-29T00:40:23.246+0000] {dagbag.py:587} INFO - Filling up the DagBag from /home/airflow/.local/lib/python3.12/site-packages/airflow/example_dags/example_setup_teardown.py
[2024-08-29T00:40:23.259+0000] {processor.py:925} INFO - DAG(s) 'example_setup_teardown' retrieved from /home/airflow/.local/lib/python3.12/site-packages/airflow/example_dags/example_setup_teardown.py
[2024-08-29T00:40:23.286+0000] {logging_mixin.py:190} INFO - [2024-08-29T00:40:23.286+0000] {dag.py:3211} INFO - Sync 1 DAGs
[2024-08-29T00:40:23.334+0000] {logging_mixin.py:190} INFO - [2024-08-29T00:40:23.334+0000] {dag.py:4138} INFO - Setting next_dagrun for example_setup_teardown to 2024-08-28 00:00:00+00:00, run_after=2024-08-29 00:00:00+00:00
[2024-08-29T00:40:23.390+0000] {processor.py:208} INFO - Processing /home/airflow/.local/lib/python3.12/site-packages/airflow/example_dags/example_setup_teardown.py took 0.160 seconds
[2024-08-29T00:40:55.740+0000] {processor.py:186} INFO - Started process (PID=1061) to work on /home/airflow/.local/lib/python3.12/site-packages/airflow/example_dags/example_setup_teardown.py
[2024-08-29T00:40:55.764+0000] {processor.py:914} INFO - Processing file /home/airflow/.local/lib/python3.12/site-packages/airflow/example_dags/example_setup_teardown.py for tasks to queue
[2024-08-29T00:40:55.774+0000] {logging_mixin.py:190} INFO - [2024-08-29T00:40:55.773+0000] {dagbag.py:587} INFO - Filling up the DagBag from /home/airflow/.local/lib/python3.12/site-packages/airflow/example_dags/example_setup_teardown.py
[2024-08-29T00:40:55.819+0000] {processor.py:925} INFO - DAG(s) 'example_setup_teardown' retrieved from /home/airflow/.local/lib/python3.12/site-packages/airflow/example_dags/example_setup_teardown.py
[2024-08-29T00:40:55.896+0000] {logging_mixin.py:190} INFO - [2024-08-29T00:40:55.889+0000] {dag.py:3211} INFO - Sync 1 DAGs
[2024-08-29T00:40:56.083+0000] {logging_mixin.py:190} INFO - [2024-08-29T00:40:56.082+0000] {dag.py:4138} INFO - Setting next_dagrun for example_setup_teardown to 2024-08-28 00:00:00+00:00, run_after=2024-08-29 00:00:00+00:00
[2024-08-29T00:40:56.304+0000] {processor.py:208} INFO - Processing /home/airflow/.local/lib/python3.12/site-packages/airflow/example_dags/example_setup_teardown.py took 0.578 seconds
[2024-08-29T00:41:26.947+0000] {processor.py:186} INFO - Started process (PID=1124) to work on /home/airflow/.local/lib/python3.12/site-packages/airflow/example_dags/example_setup_teardown.py
[2024-08-29T00:41:26.949+0000] {processor.py:914} INFO - Processing file /home/airflow/.local/lib/python3.12/site-packages/airflow/example_dags/example_setup_teardown.py for tasks to queue
[2024-08-29T00:41:26.953+0000] {logging_mixin.py:190} INFO - [2024-08-29T00:41:26.952+0000] {dagbag.py:587} INFO - Filling up the DagBag from /home/airflow/.local/lib/python3.12/site-packages/airflow/example_dags/example_setup_teardown.py
[2024-08-29T00:41:26.974+0000] {processor.py:925} INFO - DAG(s) 'example_setup_teardown' retrieved from /home/airflow/.local/lib/python3.12/site-packages/airflow/example_dags/example_setup_teardown.py
[2024-08-29T00:41:27.012+0000] {logging_mixin.py:190} INFO - [2024-08-29T00:41:27.012+0000] {dag.py:3211} INFO - Sync 1 DAGs
[2024-08-29T00:41:27.055+0000] {logging_mixin.py:190} INFO - [2024-08-29T00:41:27.054+0000] {dag.py:4138} INFO - Setting next_dagrun for example_setup_teardown to 2024-08-28 00:00:00+00:00, run_after=2024-08-29 00:00:00+00:00
[2024-08-29T00:41:27.087+0000] {processor.py:208} INFO - Processing /home/airflow/.local/lib/python3.12/site-packages/airflow/example_dags/example_setup_teardown.py took 0.151 seconds
[2024-08-29T00:41:57.542+0000] {processor.py:186} INFO - Started process (PID=1188) to work on /home/airflow/.local/lib/python3.12/site-packages/airflow/example_dags/example_setup_teardown.py
[2024-08-29T00:41:57.545+0000] {processor.py:914} INFO - Processing file /home/airflow/.local/lib/python3.12/site-packages/airflow/example_dags/example_setup_teardown.py for tasks to queue
[2024-08-29T00:41:57.550+0000] {logging_mixin.py:190} INFO - [2024-08-29T00:41:57.549+0000] {dagbag.py:587} INFO - Filling up the DagBag from /home/airflow/.local/lib/python3.12/site-packages/airflow/example_dags/example_setup_teardown.py
[2024-08-29T00:41:57.571+0000] {processor.py:925} INFO - DAG(s) 'example_setup_teardown' retrieved from /home/airflow/.local/lib/python3.12/site-packages/airflow/example_dags/example_setup_teardown.py
[2024-08-29T00:41:57.614+0000] {logging_mixin.py:190} INFO - [2024-08-29T00:41:57.613+0000] {dag.py:3211} INFO - Sync 1 DAGs
[2024-08-29T00:41:57.679+0000] {logging_mixin.py:190} INFO - [2024-08-29T00:41:57.678+0000] {dag.py:4138} INFO - Setting next_dagrun for example_setup_teardown to 2024-08-28 00:00:00+00:00, run_after=2024-08-29 00:00:00+00:00
[2024-08-29T00:41:57.731+0000] {processor.py:208} INFO - Processing /home/airflow/.local/lib/python3.12/site-packages/airflow/example_dags/example_setup_teardown.py took 0.205 seconds
[2024-08-29T00:42:28.094+0000] {processor.py:186} INFO - Started process (PID=1251) to work on /home/airflow/.local/lib/python3.12/site-packages/airflow/example_dags/example_setup_teardown.py
[2024-08-29T00:42:28.095+0000] {processor.py:914} INFO - Processing file /home/airflow/.local/lib/python3.12/site-packages/airflow/example_dags/example_setup_teardown.py for tasks to queue
[2024-08-29T00:42:28.099+0000] {logging_mixin.py:190} INFO - [2024-08-29T00:42:28.098+0000] {dagbag.py:587} INFO - Filling up the DagBag from /home/airflow/.local/lib/python3.12/site-packages/airflow/example_dags/example_setup_teardown.py
[2024-08-29T00:42:28.111+0000] {processor.py:925} INFO - DAG(s) 'example_setup_teardown' retrieved from /home/airflow/.local/lib/python3.12/site-packages/airflow/example_dags/example_setup_teardown.py
[2024-08-29T00:42:28.146+0000] {logging_mixin.py:190} INFO - [2024-08-29T00:42:28.145+0000] {dag.py:3211} INFO - Sync 1 DAGs
[2024-08-29T00:42:28.203+0000] {logging_mixin.py:190} INFO - [2024-08-29T00:42:28.202+0000] {dag.py:4138} INFO - Setting next_dagrun for example_setup_teardown to 2024-08-28 00:00:00+00:00, run_after=2024-08-29 00:00:00+00:00
[2024-08-29T00:42:28.261+0000] {processor.py:208} INFO - Processing /home/airflow/.local/lib/python3.12/site-packages/airflow/example_dags/example_setup_teardown.py took 0.174 seconds
[2024-08-29T00:42:58.705+0000] {processor.py:186} INFO - Started process (PID=1314) to work on /home/airflow/.local/lib/python3.12/site-packages/airflow/example_dags/example_setup_teardown.py
[2024-08-29T00:42:58.707+0000] {processor.py:914} INFO - Processing file /home/airflow/.local/lib/python3.12/site-packages/airflow/example_dags/example_setup_teardown.py for tasks to queue
[2024-08-29T00:42:58.710+0000] {logging_mixin.py:190} INFO - [2024-08-29T00:42:58.710+0000] {dagbag.py:587} INFO - Filling up the DagBag from /home/airflow/.local/lib/python3.12/site-packages/airflow/example_dags/example_setup_teardown.py
[2024-08-29T00:42:58.722+0000] {processor.py:925} INFO - DAG(s) 'example_setup_teardown' retrieved from /home/airflow/.local/lib/python3.12/site-packages/airflow/example_dags/example_setup_teardown.py
[2024-08-29T00:42:58.752+0000] {logging_mixin.py:190} INFO - [2024-08-29T00:42:58.751+0000] {dag.py:3211} INFO - Sync 1 DAGs
[2024-08-29T00:42:58.786+0000] {logging_mixin.py:190} INFO - [2024-08-29T00:42:58.786+0000] {dag.py:4138} INFO - Setting next_dagrun for example_setup_teardown to 2024-08-28 00:00:00+00:00, run_after=2024-08-29 00:00:00+00:00
[2024-08-29T00:42:58.855+0000] {processor.py:208} INFO - Processing /home/airflow/.local/lib/python3.12/site-packages/airflow/example_dags/example_setup_teardown.py took 0.159 seconds
[2024-08-29T00:43:29.500+0000] {processor.py:186} INFO - Started process (PID=1376) to work on /home/airflow/.local/lib/python3.12/site-packages/airflow/example_dags/example_setup_teardown.py
[2024-08-29T00:43:29.502+0000] {processor.py:914} INFO - Processing file /home/airflow/.local/lib/python3.12/site-packages/airflow/example_dags/example_setup_teardown.py for tasks to queue
[2024-08-29T00:43:29.505+0000] {logging_mixin.py:190} INFO - [2024-08-29T00:43:29.505+0000] {dagbag.py:587} INFO - Filling up the DagBag from /home/airflow/.local/lib/python3.12/site-packages/airflow/example_dags/example_setup_teardown.py
[2024-08-29T00:43:29.521+0000] {processor.py:925} INFO - DAG(s) 'example_setup_teardown' retrieved from /home/airflow/.local/lib/python3.12/site-packages/airflow/example_dags/example_setup_teardown.py
[2024-08-29T00:43:29.557+0000] {logging_mixin.py:190} INFO - [2024-08-29T00:43:29.557+0000] {dag.py:3211} INFO - Sync 1 DAGs
[2024-08-29T00:43:29.594+0000] {logging_mixin.py:190} INFO - [2024-08-29T00:43:29.594+0000] {dag.py:4138} INFO - Setting next_dagrun for example_setup_teardown to 2024-08-28 00:00:00+00:00, run_after=2024-08-29 00:00:00+00:00
[2024-08-29T00:43:29.629+0000] {processor.py:208} INFO - Processing /home/airflow/.local/lib/python3.12/site-packages/airflow/example_dags/example_setup_teardown.py took 0.137 seconds
[2024-08-29T00:44:00.073+0000] {processor.py:186} INFO - Started process (PID=1439) to work on /home/airflow/.local/lib/python3.12/site-packages/airflow/example_dags/example_setup_teardown.py
[2024-08-29T00:44:00.074+0000] {processor.py:914} INFO - Processing file /home/airflow/.local/lib/python3.12/site-packages/airflow/example_dags/example_setup_teardown.py for tasks to queue
[2024-08-29T00:44:00.078+0000] {logging_mixin.py:190} INFO - [2024-08-29T00:44:00.077+0000] {dagbag.py:587} INFO - Filling up the DagBag from /home/airflow/.local/lib/python3.12/site-packages/airflow/example_dags/example_setup_teardown.py
[2024-08-29T00:44:00.090+0000] {processor.py:925} INFO - DAG(s) 'example_setup_teardown' retrieved from /home/airflow/.local/lib/python3.12/site-packages/airflow/example_dags/example_setup_teardown.py
[2024-08-29T00:44:00.121+0000] {logging_mixin.py:190} INFO - [2024-08-29T00:44:00.121+0000] {dag.py:3211} INFO - Sync 1 DAGs
[2024-08-29T00:44:00.158+0000] {logging_mixin.py:190} INFO - [2024-08-29T00:44:00.158+0000] {dag.py:4138} INFO - Setting next_dagrun for example_setup_teardown to 2024-08-28 00:00:00+00:00, run_after=2024-08-29 00:00:00+00:00
[2024-08-29T00:44:00.197+0000] {processor.py:208} INFO - Processing /home/airflow/.local/lib/python3.12/site-packages/airflow/example_dags/example_setup_teardown.py took 0.133 seconds
[2024-08-29T00:44:30.324+0000] {processor.py:186} INFO - Started process (PID=1502) to work on /home/airflow/.local/lib/python3.12/site-packages/airflow/example_dags/example_setup_teardown.py
[2024-08-29T00:44:30.326+0000] {processor.py:914} INFO - Processing file /home/airflow/.local/lib/python3.12/site-packages/airflow/example_dags/example_setup_teardown.py for tasks to queue
[2024-08-29T00:44:30.330+0000] {logging_mixin.py:190} INFO - [2024-08-29T00:44:30.329+0000] {dagbag.py:587} INFO - Filling up the DagBag from /home/airflow/.local/lib/python3.12/site-packages/airflow/example_dags/example_setup_teardown.py
[2024-08-29T00:44:30.349+0000] {processor.py:925} INFO - DAG(s) 'example_setup_teardown' retrieved from /home/airflow/.local/lib/python3.12/site-packages/airflow/example_dags/example_setup_teardown.py
[2024-08-29T00:44:30.393+0000] {logging_mixin.py:190} INFO - [2024-08-29T00:44:30.393+0000] {dag.py:3211} INFO - Sync 1 DAGs
[2024-08-29T00:44:30.472+0000] {logging_mixin.py:190} INFO - [2024-08-29T00:44:30.471+0000] {dag.py:4138} INFO - Setting next_dagrun for example_setup_teardown to 2024-08-28 00:00:00+00:00, run_after=2024-08-29 00:00:00+00:00
[2024-08-29T00:44:30.636+0000] {processor.py:208} INFO - Processing /home/airflow/.local/lib/python3.12/site-packages/airflow/example_dags/example_setup_teardown.py took 0.323 seconds
[2024-08-29T00:45:00.713+0000] {processor.py:186} INFO - Started process (PID=1564) to work on /home/airflow/.local/lib/python3.12/site-packages/airflow/example_dags/example_setup_teardown.py
[2024-08-29T00:45:00.714+0000] {processor.py:914} INFO - Processing file /home/airflow/.local/lib/python3.12/site-packages/airflow/example_dags/example_setup_teardown.py for tasks to queue
[2024-08-29T00:45:00.717+0000] {logging_mixin.py:190} INFO - [2024-08-29T00:45:00.717+0000] {dagbag.py:587} INFO - Filling up the DagBag from /home/airflow/.local/lib/python3.12/site-packages/airflow/example_dags/example_setup_teardown.py
[2024-08-29T00:45:00.731+0000] {processor.py:925} INFO - DAG(s) 'example_setup_teardown' retrieved from /home/airflow/.local/lib/python3.12/site-packages/airflow/example_dags/example_setup_teardown.py
[2024-08-29T00:45:00.762+0000] {logging_mixin.py:190} INFO - [2024-08-29T00:45:00.762+0000] {dag.py:3211} INFO - Sync 1 DAGs
[2024-08-29T00:45:00.797+0000] {logging_mixin.py:190} INFO - [2024-08-29T00:45:00.796+0000] {dag.py:4138} INFO - Setting next_dagrun for example_setup_teardown to 2024-08-28 00:00:00+00:00, run_after=2024-08-29 00:00:00+00:00
[2024-08-29T00:45:00.841+0000] {processor.py:208} INFO - Processing /home/airflow/.local/lib/python3.12/site-packages/airflow/example_dags/example_setup_teardown.py took 0.136 seconds
[2024-08-29T00:45:30.893+0000] {processor.py:186} INFO - Started process (PID=1628) to work on /home/airflow/.local/lib/python3.12/site-packages/airflow/example_dags/example_setup_teardown.py
[2024-08-29T00:45:30.894+0000] {processor.py:914} INFO - Processing file /home/airflow/.local/lib/python3.12/site-packages/airflow/example_dags/example_setup_teardown.py for tasks to queue
[2024-08-29T00:45:30.898+0000] {logging_mixin.py:190} INFO - [2024-08-29T00:45:30.897+0000] {dagbag.py:587} INFO - Filling up the DagBag from /home/airflow/.local/lib/python3.12/site-packages/airflow/example_dags/example_setup_teardown.py
[2024-08-29T00:45:30.913+0000] {processor.py:925} INFO - DAG(s) 'example_setup_teardown' retrieved from /home/airflow/.local/lib/python3.12/site-packages/airflow/example_dags/example_setup_teardown.py
[2024-08-29T00:45:30.946+0000] {logging_mixin.py:190} INFO - [2024-08-29T00:45:30.946+0000] {dag.py:3211} INFO - Sync 1 DAGs
[2024-08-29T00:45:30.994+0000] {logging_mixin.py:190} INFO - [2024-08-29T00:45:30.993+0000] {dag.py:4138} INFO - Setting next_dagrun for example_setup_teardown to 2024-08-28 00:00:00+00:00, run_after=2024-08-29 00:00:00+00:00
[2024-08-29T00:45:31.025+0000] {processor.py:208} INFO - Processing /home/airflow/.local/lib/python3.12/site-packages/airflow/example_dags/example_setup_teardown.py took 0.143 seconds
[2024-08-29T00:46:01.887+0000] {processor.py:186} INFO - Started process (PID=1692) to work on /home/airflow/.local/lib/python3.12/site-packages/airflow/example_dags/example_setup_teardown.py
[2024-08-29T00:46:01.889+0000] {processor.py:914} INFO - Processing file /home/airflow/.local/lib/python3.12/site-packages/airflow/example_dags/example_setup_teardown.py for tasks to queue
[2024-08-29T00:46:01.894+0000] {logging_mixin.py:190} INFO - [2024-08-29T00:46:01.893+0000] {dagbag.py:587} INFO - Filling up the DagBag from /home/airflow/.local/lib/python3.12/site-packages/airflow/example_dags/example_setup_teardown.py
[2024-08-29T00:46:01.917+0000] {processor.py:925} INFO - DAG(s) 'example_setup_teardown' retrieved from /home/airflow/.local/lib/python3.12/site-packages/airflow/example_dags/example_setup_teardown.py
[2024-08-29T00:46:01.957+0000] {logging_mixin.py:190} INFO - [2024-08-29T00:46:01.956+0000] {dag.py:3211} INFO - Sync 1 DAGs
[2024-08-29T00:46:02.008+0000] {logging_mixin.py:190} INFO - [2024-08-29T00:46:02.007+0000] {dag.py:4138} INFO - Setting next_dagrun for example_setup_teardown to 2024-08-28 00:00:00+00:00, run_after=2024-08-29 00:00:00+00:00
[2024-08-29T00:46:02.039+0000] {processor.py:208} INFO - Processing /home/airflow/.local/lib/python3.12/site-packages/airflow/example_dags/example_setup_teardown.py took 0.164 seconds
[2024-08-29T00:46:33.392+0000] {processor.py:186} INFO - Started process (PID=1755) to work on /home/airflow/.local/lib/python3.12/site-packages/airflow/example_dags/example_setup_teardown.py
[2024-08-29T00:46:33.393+0000] {processor.py:914} INFO - Processing file /home/airflow/.local/lib/python3.12/site-packages/airflow/example_dags/example_setup_teardown.py for tasks to queue
[2024-08-29T00:46:33.397+0000] {logging_mixin.py:190} INFO - [2024-08-29T00:46:33.396+0000] {dagbag.py:587} INFO - Filling up the DagBag from /home/airflow/.local/lib/python3.12/site-packages/airflow/example_dags/example_setup_teardown.py
[2024-08-29T00:46:33.410+0000] {processor.py:925} INFO - DAG(s) 'example_setup_teardown' retrieved from /home/airflow/.local/lib/python3.12/site-packages/airflow/example_dags/example_setup_teardown.py
[2024-08-29T00:46:33.443+0000] {logging_mixin.py:190} INFO - [2024-08-29T00:46:33.443+0000] {dag.py:3211} INFO - Sync 1 DAGs
[2024-08-29T00:46:33.486+0000] {logging_mixin.py:190} INFO - [2024-08-29T00:46:33.485+0000] {dag.py:4138} INFO - Setting next_dagrun for example_setup_teardown to 2024-08-28 00:00:00+00:00, run_after=2024-08-29 00:00:00+00:00
[2024-08-29T00:46:33.519+0000] {processor.py:208} INFO - Processing /home/airflow/.local/lib/python3.12/site-packages/airflow/example_dags/example_setup_teardown.py took 0.137 seconds
[2024-08-29T03:46:47.362+0000] {processor.py:186} INFO - Started process (PID=1788) to work on /home/airflow/.local/lib/python3.12/site-packages/airflow/example_dags/example_setup_teardown.py
[2024-08-29T03:46:47.568+0000] {processor.py:914} INFO - Processing file /home/airflow/.local/lib/python3.12/site-packages/airflow/example_dags/example_setup_teardown.py for tasks to queue
[2024-08-29T03:46:47.571+0000] {logging_mixin.py:190} INFO - [2024-08-29T03:46:47.570+0000] {dagbag.py:587} INFO - Filling up the DagBag from /home/airflow/.local/lib/python3.12/site-packages/airflow/example_dags/example_setup_teardown.py
[2024-08-29T03:46:47.602+0000] {processor.py:925} INFO - DAG(s) 'example_setup_teardown' retrieved from /home/airflow/.local/lib/python3.12/site-packages/airflow/example_dags/example_setup_teardown.py
[2024-08-31T11:12:44.728+0000] {logging_mixin.py:190} INFO - [2024-08-31T11:12:44.728+0000] {dag.py:3211} INFO - Sync 1 DAGs
[2024-08-31T11:12:45.850+0000] {logging_mixin.py:190} INFO - [2024-08-31T11:12:45.850+0000] {dag.py:4138} INFO - Setting next_dagrun for example_setup_teardown to 2024-08-30 00:00:00+00:00, run_after=2024-08-31 00:00:00+00:00
[2024-08-31T11:12:47.403+0000] {processor.py:208} INFO - Processing /home/airflow/.local/lib/python3.12/site-packages/airflow/example_dags/example_setup_teardown.py took 15.947 seconds
