[2024-08-29T00:01:37.838+0000] {processor.py:186} INFO - Started process (PID=131) to work on /home/airflow/.local/lib/python3.12/site-packages/airflow/example_dags/tutorial_dag.py
[2024-08-29T00:01:37.839+0000] {processor.py:914} INFO - Processing file /home/airflow/.local/lib/python3.12/site-packages/airflow/example_dags/tutorial_dag.py for tasks to queue
[2024-08-29T00:01:37.846+0000] {logging_mixin.py:190} INFO - [2024-08-29T00:01:37.844+0000] {dagbag.py:587} INFO - Filling up the DagBag from /home/airflow/.local/lib/python3.12/site-packages/airflow/example_dags/tutorial_dag.py
[2024-08-29T00:01:37.866+0000] {processor.py:925} INFO - DAG(s) 'tutorial_dag' retrieved from /home/airflow/.local/lib/python3.12/site-packages/airflow/example_dags/tutorial_dag.py
[2024-08-29T00:01:37.994+0000] {logging_mixin.py:190} INFO - [2024-08-29T00:01:37.993+0000] {dag.py:3211} INFO - Sync 1 DAGs
[2024-08-29T00:01:38.063+0000] {logging_mixin.py:190} INFO - [2024-08-29T00:01:38.063+0000] {dag.py:4138} INFO - Setting next_dagrun for tutorial_dag to None, run_after=None
[2024-08-29T00:01:38.134+0000] {processor.py:208} INFO - Processing /home/airflow/.local/lib/python3.12/site-packages/airflow/example_dags/tutorial_dag.py took 0.311 seconds
[2024-08-29T00:02:09.783+0000] {processor.py:186} INFO - Started process (PID=194) to work on /home/airflow/.local/lib/python3.12/site-packages/airflow/example_dags/tutorial_dag.py
[2024-08-29T00:02:09.785+0000] {processor.py:914} INFO - Processing file /home/airflow/.local/lib/python3.12/site-packages/airflow/example_dags/tutorial_dag.py for tasks to queue
[2024-08-29T00:02:09.790+0000] {logging_mixin.py:190} INFO - [2024-08-29T00:02:09.789+0000] {dagbag.py:587} INFO - Filling up the DagBag from /home/airflow/.local/lib/python3.12/site-packages/airflow/example_dags/tutorial_dag.py
[2024-08-29T00:02:09.814+0000] {processor.py:925} INFO - DAG(s) 'tutorial_dag' retrieved from /home/airflow/.local/lib/python3.12/site-packages/airflow/example_dags/tutorial_dag.py
[2024-08-29T00:02:09.847+0000] {logging_mixin.py:190} INFO - [2024-08-29T00:02:09.847+0000] {dag.py:3211} INFO - Sync 1 DAGs
[2024-08-29T00:02:09.877+0000] {logging_mixin.py:190} INFO - [2024-08-29T00:02:09.876+0000] {dag.py:4138} INFO - Setting next_dagrun for tutorial_dag to None, run_after=None
[2024-08-29T00:02:09.913+0000] {processor.py:208} INFO - Processing /home/airflow/.local/lib/python3.12/site-packages/airflow/example_dags/tutorial_dag.py took 0.139 seconds
[2024-08-29T00:02:40.187+0000] {processor.py:186} INFO - Started process (PID=256) to work on /home/airflow/.local/lib/python3.12/site-packages/airflow/example_dags/tutorial_dag.py
[2024-08-29T00:02:40.189+0000] {processor.py:914} INFO - Processing file /home/airflow/.local/lib/python3.12/site-packages/airflow/example_dags/tutorial_dag.py for tasks to queue
[2024-08-29T00:02:40.195+0000] {logging_mixin.py:190} INFO - [2024-08-29T00:02:40.194+0000] {dagbag.py:587} INFO - Filling up the DagBag from /home/airflow/.local/lib/python3.12/site-packages/airflow/example_dags/tutorial_dag.py
[2024-08-29T00:02:40.211+0000] {processor.py:925} INFO - DAG(s) 'tutorial_dag' retrieved from /home/airflow/.local/lib/python3.12/site-packages/airflow/example_dags/tutorial_dag.py
[2024-08-29T00:02:40.272+0000] {logging_mixin.py:190} INFO - [2024-08-29T00:02:40.271+0000] {dag.py:3211} INFO - Sync 1 DAGs
[2024-08-29T00:02:40.305+0000] {logging_mixin.py:190} INFO - [2024-08-29T00:02:40.305+0000] {dag.py:4138} INFO - Setting next_dagrun for tutorial_dag to None, run_after=None
[2024-08-29T00:02:40.364+0000] {processor.py:208} INFO - Processing /home/airflow/.local/lib/python3.12/site-packages/airflow/example_dags/tutorial_dag.py took 0.187 seconds
[2024-08-29T00:03:10.661+0000] {processor.py:186} INFO - Started process (PID=319) to work on /home/airflow/.local/lib/python3.12/site-packages/airflow/example_dags/tutorial_dag.py
[2024-08-29T00:03:10.663+0000] {processor.py:914} INFO - Processing file /home/airflow/.local/lib/python3.12/site-packages/airflow/example_dags/tutorial_dag.py for tasks to queue
[2024-08-29T00:03:10.667+0000] {logging_mixin.py:190} INFO - [2024-08-29T00:03:10.666+0000] {dagbag.py:587} INFO - Filling up the DagBag from /home/airflow/.local/lib/python3.12/site-packages/airflow/example_dags/tutorial_dag.py
[2024-08-29T00:03:10.676+0000] {processor.py:925} INFO - DAG(s) 'tutorial_dag' retrieved from /home/airflow/.local/lib/python3.12/site-packages/airflow/example_dags/tutorial_dag.py
[2024-08-29T00:03:10.709+0000] {logging_mixin.py:190} INFO - [2024-08-29T00:03:10.708+0000] {dag.py:3211} INFO - Sync 1 DAGs
[2024-08-29T00:03:10.738+0000] {logging_mixin.py:190} INFO - [2024-08-29T00:03:10.737+0000] {dag.py:4138} INFO - Setting next_dagrun for tutorial_dag to None, run_after=None
[2024-08-29T00:03:10.775+0000] {processor.py:208} INFO - Processing /home/airflow/.local/lib/python3.12/site-packages/airflow/example_dags/tutorial_dag.py took 0.122 seconds
[2024-08-29T00:03:41.172+0000] {processor.py:186} INFO - Started process (PID=381) to work on /home/airflow/.local/lib/python3.12/site-packages/airflow/example_dags/tutorial_dag.py
[2024-08-29T00:03:41.174+0000] {processor.py:914} INFO - Processing file /home/airflow/.local/lib/python3.12/site-packages/airflow/example_dags/tutorial_dag.py for tasks to queue
[2024-08-29T00:03:41.178+0000] {logging_mixin.py:190} INFO - [2024-08-29T00:03:41.178+0000] {dagbag.py:587} INFO - Filling up the DagBag from /home/airflow/.local/lib/python3.12/site-packages/airflow/example_dags/tutorial_dag.py
[2024-08-29T00:03:41.189+0000] {processor.py:925} INFO - DAG(s) 'tutorial_dag' retrieved from /home/airflow/.local/lib/python3.12/site-packages/airflow/example_dags/tutorial_dag.py
[2024-08-29T00:03:41.220+0000] {logging_mixin.py:190} INFO - [2024-08-29T00:03:41.219+0000] {dag.py:3211} INFO - Sync 1 DAGs
[2024-08-29T00:03:41.244+0000] {logging_mixin.py:190} INFO - [2024-08-29T00:03:41.244+0000] {dag.py:4138} INFO - Setting next_dagrun for tutorial_dag to None, run_after=None
[2024-08-29T00:03:41.466+0000] {processor.py:208} INFO - Processing /home/airflow/.local/lib/python3.12/site-packages/airflow/example_dags/tutorial_dag.py took 0.301 seconds
[2024-08-29T00:04:11.613+0000] {processor.py:186} INFO - Started process (PID=444) to work on /home/airflow/.local/lib/python3.12/site-packages/airflow/example_dags/tutorial_dag.py
[2024-08-29T00:04:11.614+0000] {processor.py:914} INFO - Processing file /home/airflow/.local/lib/python3.12/site-packages/airflow/example_dags/tutorial_dag.py for tasks to queue
[2024-08-29T00:04:11.619+0000] {logging_mixin.py:190} INFO - [2024-08-29T00:04:11.619+0000] {dagbag.py:587} INFO - Filling up the DagBag from /home/airflow/.local/lib/python3.12/site-packages/airflow/example_dags/tutorial_dag.py
[2024-08-29T00:04:11.632+0000] {processor.py:925} INFO - DAG(s) 'tutorial_dag' retrieved from /home/airflow/.local/lib/python3.12/site-packages/airflow/example_dags/tutorial_dag.py
[2024-08-29T00:04:11.670+0000] {logging_mixin.py:190} INFO - [2024-08-29T00:04:11.670+0000] {dag.py:3211} INFO - Sync 1 DAGs
[2024-08-29T00:04:11.696+0000] {logging_mixin.py:190} INFO - [2024-08-29T00:04:11.696+0000] {dag.py:4138} INFO - Setting next_dagrun for tutorial_dag to None, run_after=None
[2024-08-29T00:04:11.753+0000] {processor.py:208} INFO - Processing /home/airflow/.local/lib/python3.12/site-packages/airflow/example_dags/tutorial_dag.py took 0.151 seconds
[2024-08-29T00:04:42.690+0000] {processor.py:186} INFO - Started process (PID=507) to work on /home/airflow/.local/lib/python3.12/site-packages/airflow/example_dags/tutorial_dag.py
[2024-08-29T00:04:42.709+0000] {processor.py:914} INFO - Processing file /home/airflow/.local/lib/python3.12/site-packages/airflow/example_dags/tutorial_dag.py for tasks to queue
[2024-08-29T00:04:42.716+0000] {logging_mixin.py:190} INFO - [2024-08-29T00:04:42.715+0000] {dagbag.py:587} INFO - Filling up the DagBag from /home/airflow/.local/lib/python3.12/site-packages/airflow/example_dags/tutorial_dag.py
[2024-08-29T00:04:42.738+0000] {processor.py:925} INFO - DAG(s) 'tutorial_dag' retrieved from /home/airflow/.local/lib/python3.12/site-packages/airflow/example_dags/tutorial_dag.py
[2024-08-29T00:04:42.773+0000] {logging_mixin.py:190} INFO - [2024-08-29T00:04:42.772+0000] {dag.py:3211} INFO - Sync 1 DAGs
[2024-08-29T00:04:42.801+0000] {logging_mixin.py:190} INFO - [2024-08-29T00:04:42.800+0000] {dag.py:4138} INFO - Setting next_dagrun for tutorial_dag to None, run_after=None
[2024-08-29T00:04:42.833+0000] {processor.py:208} INFO - Processing /home/airflow/.local/lib/python3.12/site-packages/airflow/example_dags/tutorial_dag.py took 0.162 seconds
[2024-08-29T00:05:16.307+0000] {processor.py:186} INFO - Started process (PID=570) to work on /home/airflow/.local/lib/python3.12/site-packages/airflow/example_dags/tutorial_dag.py
[2024-08-29T00:05:16.308+0000] {processor.py:914} INFO - Processing file /home/airflow/.local/lib/python3.12/site-packages/airflow/example_dags/tutorial_dag.py for tasks to queue
[2024-08-29T00:05:16.313+0000] {logging_mixin.py:190} INFO - [2024-08-29T00:05:16.313+0000] {dagbag.py:587} INFO - Filling up the DagBag from /home/airflow/.local/lib/python3.12/site-packages/airflow/example_dags/tutorial_dag.py
[2024-08-29T00:05:16.325+0000] {processor.py:925} INFO - DAG(s) 'tutorial_dag' retrieved from /home/airflow/.local/lib/python3.12/site-packages/airflow/example_dags/tutorial_dag.py
[2024-08-29T00:05:16.935+0000] {logging_mixin.py:190} INFO - [2024-08-29T00:05:16.934+0000] {dag.py:3211} INFO - Sync 1 DAGs
[2024-08-29T00:05:16.990+0000] {logging_mixin.py:190} INFO - [2024-08-29T00:05:16.990+0000] {dag.py:4138} INFO - Setting next_dagrun for tutorial_dag to None, run_after=None
[2024-08-29T00:05:17.079+0000] {processor.py:208} INFO - Processing /home/airflow/.local/lib/python3.12/site-packages/airflow/example_dags/tutorial_dag.py took 0.785 seconds
[2024-08-29T00:05:47.523+0000] {processor.py:186} INFO - Started process (PID=632) to work on /home/airflow/.local/lib/python3.12/site-packages/airflow/example_dags/tutorial_dag.py
[2024-08-29T00:05:47.524+0000] {processor.py:914} INFO - Processing file /home/airflow/.local/lib/python3.12/site-packages/airflow/example_dags/tutorial_dag.py for tasks to queue
[2024-08-29T00:05:47.530+0000] {logging_mixin.py:190} INFO - [2024-08-29T00:05:47.529+0000] {dagbag.py:587} INFO - Filling up the DagBag from /home/airflow/.local/lib/python3.12/site-packages/airflow/example_dags/tutorial_dag.py
[2024-08-29T00:05:47.543+0000] {processor.py:925} INFO - DAG(s) 'tutorial_dag' retrieved from /home/airflow/.local/lib/python3.12/site-packages/airflow/example_dags/tutorial_dag.py
[2024-08-29T00:05:47.581+0000] {logging_mixin.py:190} INFO - [2024-08-29T00:05:47.581+0000] {dag.py:3211} INFO - Sync 1 DAGs
[2024-08-29T00:05:47.616+0000] {logging_mixin.py:190} INFO - [2024-08-29T00:05:47.616+0000] {dag.py:4138} INFO - Setting next_dagrun for tutorial_dag to None, run_after=None
[2024-08-29T00:05:47.654+0000] {processor.py:208} INFO - Processing /home/airflow/.local/lib/python3.12/site-packages/airflow/example_dags/tutorial_dag.py took 0.142 seconds
[2024-08-29T00:06:18.293+0000] {processor.py:186} INFO - Started process (PID=695) to work on /home/airflow/.local/lib/python3.12/site-packages/airflow/example_dags/tutorial_dag.py
[2024-08-29T00:06:18.294+0000] {processor.py:914} INFO - Processing file /home/airflow/.local/lib/python3.12/site-packages/airflow/example_dags/tutorial_dag.py for tasks to queue
[2024-08-29T00:06:18.299+0000] {logging_mixin.py:190} INFO - [2024-08-29T00:06:18.298+0000] {dagbag.py:587} INFO - Filling up the DagBag from /home/airflow/.local/lib/python3.12/site-packages/airflow/example_dags/tutorial_dag.py
[2024-08-29T00:06:18.307+0000] {processor.py:925} INFO - DAG(s) 'tutorial_dag' retrieved from /home/airflow/.local/lib/python3.12/site-packages/airflow/example_dags/tutorial_dag.py
[2024-08-29T00:06:18.336+0000] {logging_mixin.py:190} INFO - [2024-08-29T00:06:18.336+0000] {dag.py:3211} INFO - Sync 1 DAGs
[2024-08-29T00:06:18.359+0000] {logging_mixin.py:190} INFO - [2024-08-29T00:06:18.359+0000] {dag.py:4138} INFO - Setting next_dagrun for tutorial_dag to None, run_after=None
[2024-08-29T00:06:18.399+0000] {processor.py:208} INFO - Processing /home/airflow/.local/lib/python3.12/site-packages/airflow/example_dags/tutorial_dag.py took 0.113 seconds
[2024-08-29T00:06:48.566+0000] {processor.py:186} INFO - Started process (PID=758) to work on /home/airflow/.local/lib/python3.12/site-packages/airflow/example_dags/tutorial_dag.py
[2024-08-29T00:06:48.568+0000] {processor.py:914} INFO - Processing file /home/airflow/.local/lib/python3.12/site-packages/airflow/example_dags/tutorial_dag.py for tasks to queue
[2024-08-29T00:06:48.572+0000] {logging_mixin.py:190} INFO - [2024-08-29T00:06:48.571+0000] {dagbag.py:587} INFO - Filling up the DagBag from /home/airflow/.local/lib/python3.12/site-packages/airflow/example_dags/tutorial_dag.py
[2024-08-29T00:06:48.581+0000] {processor.py:925} INFO - DAG(s) 'tutorial_dag' retrieved from /home/airflow/.local/lib/python3.12/site-packages/airflow/example_dags/tutorial_dag.py
[2024-08-29T00:06:48.614+0000] {logging_mixin.py:190} INFO - [2024-08-29T00:06:48.613+0000] {dag.py:3211} INFO - Sync 1 DAGs
[2024-08-29T00:06:48.634+0000] {logging_mixin.py:190} INFO - [2024-08-29T00:06:48.634+0000] {dag.py:4138} INFO - Setting next_dagrun for tutorial_dag to None, run_after=None
[2024-08-29T00:06:48.665+0000] {processor.py:208} INFO - Processing /home/airflow/.local/lib/python3.12/site-packages/airflow/example_dags/tutorial_dag.py took 0.109 seconds
[2024-08-29T00:07:18.792+0000] {processor.py:186} INFO - Started process (PID=821) to work on /home/airflow/.local/lib/python3.12/site-packages/airflow/example_dags/tutorial_dag.py
[2024-08-29T00:07:18.793+0000] {processor.py:914} INFO - Processing file /home/airflow/.local/lib/python3.12/site-packages/airflow/example_dags/tutorial_dag.py for tasks to queue
[2024-08-29T00:07:18.799+0000] {logging_mixin.py:190} INFO - [2024-08-29T00:07:18.799+0000] {dagbag.py:587} INFO - Filling up the DagBag from /home/airflow/.local/lib/python3.12/site-packages/airflow/example_dags/tutorial_dag.py
[2024-08-29T00:07:18.812+0000] {processor.py:925} INFO - DAG(s) 'tutorial_dag' retrieved from /home/airflow/.local/lib/python3.12/site-packages/airflow/example_dags/tutorial_dag.py
[2024-08-29T00:07:18.843+0000] {logging_mixin.py:190} INFO - [2024-08-29T00:07:18.842+0000] {dag.py:3211} INFO - Sync 1 DAGs
[2024-08-29T00:07:18.866+0000] {logging_mixin.py:190} INFO - [2024-08-29T00:07:18.865+0000] {dag.py:4138} INFO - Setting next_dagrun for tutorial_dag to None, run_after=None
[2024-08-29T00:07:18.913+0000] {processor.py:208} INFO - Processing /home/airflow/.local/lib/python3.12/site-packages/airflow/example_dags/tutorial_dag.py took 0.129 seconds
[2024-08-29T00:07:49.184+0000] {processor.py:186} INFO - Started process (PID=884) to work on /home/airflow/.local/lib/python3.12/site-packages/airflow/example_dags/tutorial_dag.py
[2024-08-29T00:07:49.185+0000] {processor.py:914} INFO - Processing file /home/airflow/.local/lib/python3.12/site-packages/airflow/example_dags/tutorial_dag.py for tasks to queue
[2024-08-29T00:07:49.189+0000] {logging_mixin.py:190} INFO - [2024-08-29T00:07:49.188+0000] {dagbag.py:587} INFO - Filling up the DagBag from /home/airflow/.local/lib/python3.12/site-packages/airflow/example_dags/tutorial_dag.py
[2024-08-29T00:07:49.198+0000] {processor.py:925} INFO - DAG(s) 'tutorial_dag' retrieved from /home/airflow/.local/lib/python3.12/site-packages/airflow/example_dags/tutorial_dag.py
[2024-08-29T00:07:49.231+0000] {logging_mixin.py:190} INFO - [2024-08-29T00:07:49.230+0000] {dag.py:3211} INFO - Sync 1 DAGs
[2024-08-29T00:07:49.256+0000] {logging_mixin.py:190} INFO - [2024-08-29T00:07:49.256+0000] {dag.py:4138} INFO - Setting next_dagrun for tutorial_dag to None, run_after=None
[2024-08-29T00:07:49.302+0000] {processor.py:208} INFO - Processing /home/airflow/.local/lib/python3.12/site-packages/airflow/example_dags/tutorial_dag.py took 0.126 seconds
[2024-08-29T00:08:19.739+0000] {processor.py:186} INFO - Started process (PID=947) to work on /home/airflow/.local/lib/python3.12/site-packages/airflow/example_dags/tutorial_dag.py
[2024-08-29T00:08:19.741+0000] {processor.py:914} INFO - Processing file /home/airflow/.local/lib/python3.12/site-packages/airflow/example_dags/tutorial_dag.py for tasks to queue
[2024-08-29T00:08:19.745+0000] {logging_mixin.py:190} INFO - [2024-08-29T00:08:19.743+0000] {dagbag.py:587} INFO - Filling up the DagBag from /home/airflow/.local/lib/python3.12/site-packages/airflow/example_dags/tutorial_dag.py
[2024-08-29T00:08:19.757+0000] {processor.py:925} INFO - DAG(s) 'tutorial_dag' retrieved from /home/airflow/.local/lib/python3.12/site-packages/airflow/example_dags/tutorial_dag.py
[2024-08-29T00:08:19.785+0000] {logging_mixin.py:190} INFO - [2024-08-29T00:08:19.785+0000] {dag.py:3211} INFO - Sync 1 DAGs
[2024-08-29T00:08:19.806+0000] {logging_mixin.py:190} INFO - [2024-08-29T00:08:19.806+0000] {dag.py:4138} INFO - Setting next_dagrun for tutorial_dag to None, run_after=None
[2024-08-29T00:08:19.833+0000] {processor.py:208} INFO - Processing /home/airflow/.local/lib/python3.12/site-packages/airflow/example_dags/tutorial_dag.py took 0.104 seconds
[2024-08-29T00:08:50.117+0000] {processor.py:186} INFO - Started process (PID=1010) to work on /home/airflow/.local/lib/python3.12/site-packages/airflow/example_dags/tutorial_dag.py
[2024-08-29T00:08:50.121+0000] {processor.py:914} INFO - Processing file /home/airflow/.local/lib/python3.12/site-packages/airflow/example_dags/tutorial_dag.py for tasks to queue
[2024-08-29T00:08:50.128+0000] {logging_mixin.py:190} INFO - [2024-08-29T00:08:50.128+0000] {dagbag.py:587} INFO - Filling up the DagBag from /home/airflow/.local/lib/python3.12/site-packages/airflow/example_dags/tutorial_dag.py
[2024-08-29T00:08:50.143+0000] {processor.py:925} INFO - DAG(s) 'tutorial_dag' retrieved from /home/airflow/.local/lib/python3.12/site-packages/airflow/example_dags/tutorial_dag.py
[2024-08-29T00:08:50.181+0000] {logging_mixin.py:190} INFO - [2024-08-29T00:08:50.181+0000] {dag.py:3211} INFO - Sync 1 DAGs
[2024-08-29T00:08:50.211+0000] {logging_mixin.py:190} INFO - [2024-08-29T00:08:50.211+0000] {dag.py:4138} INFO - Setting next_dagrun for tutorial_dag to None, run_after=None
[2024-08-29T00:08:50.258+0000] {processor.py:208} INFO - Processing /home/airflow/.local/lib/python3.12/site-packages/airflow/example_dags/tutorial_dag.py took 0.164 seconds
[2024-08-29T00:09:20.936+0000] {processor.py:186} INFO - Started process (PID=1073) to work on /home/airflow/.local/lib/python3.12/site-packages/airflow/example_dags/tutorial_dag.py
[2024-08-29T00:09:20.937+0000] {processor.py:914} INFO - Processing file /home/airflow/.local/lib/python3.12/site-packages/airflow/example_dags/tutorial_dag.py for tasks to queue
[2024-08-29T00:09:20.942+0000] {logging_mixin.py:190} INFO - [2024-08-29T00:09:20.942+0000] {dagbag.py:587} INFO - Filling up the DagBag from /home/airflow/.local/lib/python3.12/site-packages/airflow/example_dags/tutorial_dag.py
[2024-08-29T00:09:20.955+0000] {processor.py:925} INFO - DAG(s) 'tutorial_dag' retrieved from /home/airflow/.local/lib/python3.12/site-packages/airflow/example_dags/tutorial_dag.py
[2024-08-29T00:09:20.999+0000] {logging_mixin.py:190} INFO - [2024-08-29T00:09:20.998+0000] {dag.py:3211} INFO - Sync 1 DAGs
[2024-08-29T00:09:21.023+0000] {logging_mixin.py:190} INFO - [2024-08-29T00:09:21.023+0000] {dag.py:4138} INFO - Setting next_dagrun for tutorial_dag to None, run_after=None
[2024-08-29T00:09:21.051+0000] {processor.py:208} INFO - Processing /home/airflow/.local/lib/python3.12/site-packages/airflow/example_dags/tutorial_dag.py took 0.126 seconds
[2024-08-29T00:10:10.769+0000] {processor.py:186} INFO - Started process (PID=1148) to work on /home/airflow/.local/lib/python3.12/site-packages/airflow/example_dags/tutorial_dag.py
[2024-08-29T00:10:10.797+0000] {processor.py:914} INFO - Processing file /home/airflow/.local/lib/python3.12/site-packages/airflow/example_dags/tutorial_dag.py for tasks to queue
[2024-08-29T00:10:10.851+0000] {logging_mixin.py:190} INFO - [2024-08-29T00:10:10.849+0000] {dagbag.py:587} INFO - Filling up the DagBag from /home/airflow/.local/lib/python3.12/site-packages/airflow/example_dags/tutorial_dag.py
[2024-08-29T00:10:10.934+0000] {processor.py:925} INFO - DAG(s) 'tutorial_dag' retrieved from /home/airflow/.local/lib/python3.12/site-packages/airflow/example_dags/tutorial_dag.py
[2024-08-29T00:10:11.210+0000] {logging_mixin.py:190} INFO - [2024-08-29T00:10:11.209+0000] {dag.py:3211} INFO - Sync 1 DAGs
[2024-08-29T00:10:11.393+0000] {logging_mixin.py:190} INFO - [2024-08-29T00:10:11.393+0000] {dag.py:4138} INFO - Setting next_dagrun for tutorial_dag to None, run_after=None
[2024-08-29T00:10:11.541+0000] {processor.py:208} INFO - Processing /home/airflow/.local/lib/python3.12/site-packages/airflow/example_dags/tutorial_dag.py took 0.846 seconds
[2024-08-29T00:11:56.629+0000] {processor.py:186} INFO - Started process (PID=1240) to work on /home/airflow/.local/lib/python3.12/site-packages/airflow/example_dags/tutorial_dag.py
[2024-08-29T00:11:56.631+0000] {processor.py:914} INFO - Processing file /home/airflow/.local/lib/python3.12/site-packages/airflow/example_dags/tutorial_dag.py for tasks to queue
[2024-08-29T00:11:56.636+0000] {logging_mixin.py:190} INFO - [2024-08-29T00:11:56.635+0000] {dagbag.py:587} INFO - Filling up the DagBag from /home/airflow/.local/lib/python3.12/site-packages/airflow/example_dags/tutorial_dag.py
[2024-08-29T00:11:56.652+0000] {processor.py:925} INFO - DAG(s) 'tutorial_dag' retrieved from /home/airflow/.local/lib/python3.12/site-packages/airflow/example_dags/tutorial_dag.py
[2024-08-29T00:11:56.698+0000] {logging_mixin.py:190} INFO - [2024-08-29T00:11:56.697+0000] {dag.py:3211} INFO - Sync 1 DAGs
[2024-08-29T00:11:56.738+0000] {logging_mixin.py:190} INFO - [2024-08-29T00:11:56.738+0000] {dag.py:4138} INFO - Setting next_dagrun for tutorial_dag to None, run_after=None
[2024-08-29T00:11:56.784+0000] {processor.py:208} INFO - Processing /home/airflow/.local/lib/python3.12/site-packages/airflow/example_dags/tutorial_dag.py took 0.166 seconds
[2024-08-29T00:18:11.964+0000] {processor.py:186} INFO - Started process (PID=132) to work on /home/airflow/.local/lib/python3.12/site-packages/airflow/example_dags/tutorial_dag.py
[2024-08-29T00:18:11.966+0000] {processor.py:914} INFO - Processing file /home/airflow/.local/lib/python3.12/site-packages/airflow/example_dags/tutorial_dag.py for tasks to queue
[2024-08-29T00:18:11.975+0000] {logging_mixin.py:190} INFO - [2024-08-29T00:18:11.974+0000] {dagbag.py:587} INFO - Filling up the DagBag from /home/airflow/.local/lib/python3.12/site-packages/airflow/example_dags/tutorial_dag.py
[2024-08-29T00:18:11.990+0000] {processor.py:925} INFO - DAG(s) 'tutorial_dag' retrieved from /home/airflow/.local/lib/python3.12/site-packages/airflow/example_dags/tutorial_dag.py
[2024-08-29T00:18:12.191+0000] {logging_mixin.py:190} INFO - [2024-08-29T00:18:12.190+0000] {dag.py:3211} INFO - Sync 1 DAGs
[2024-08-29T00:18:12.237+0000] {logging_mixin.py:190} INFO - [2024-08-29T00:18:12.236+0000] {dag.py:4138} INFO - Setting next_dagrun for tutorial_dag to None, run_after=None
[2024-08-29T00:18:12.286+0000] {processor.py:208} INFO - Processing /home/airflow/.local/lib/python3.12/site-packages/airflow/example_dags/tutorial_dag.py took 0.333 seconds
[2024-08-29T00:18:45.704+0000] {processor.py:186} INFO - Started process (PID=199) to work on /home/airflow/.local/lib/python3.12/site-packages/airflow/example_dags/tutorial_dag.py
[2024-08-29T00:18:45.707+0000] {processor.py:914} INFO - Processing file /home/airflow/.local/lib/python3.12/site-packages/airflow/example_dags/tutorial_dag.py for tasks to queue
[2024-08-29T00:18:45.714+0000] {logging_mixin.py:190} INFO - [2024-08-29T00:18:45.713+0000] {dagbag.py:587} INFO - Filling up the DagBag from /home/airflow/.local/lib/python3.12/site-packages/airflow/example_dags/tutorial_dag.py
[2024-08-29T00:18:45.743+0000] {processor.py:925} INFO - DAG(s) 'tutorial_dag' retrieved from /home/airflow/.local/lib/python3.12/site-packages/airflow/example_dags/tutorial_dag.py
[2024-08-29T00:18:45.905+0000] {logging_mixin.py:190} INFO - [2024-08-29T00:18:45.904+0000] {dag.py:3211} INFO - Sync 1 DAGs
[2024-08-29T00:18:47.894+0000] {logging_mixin.py:190} INFO - [2024-08-29T00:18:47.886+0000] {dag.py:4138} INFO - Setting next_dagrun for tutorial_dag to None, run_after=None
[2024-08-29T00:18:48.227+0000] {processor.py:208} INFO - Processing /home/airflow/.local/lib/python3.12/site-packages/airflow/example_dags/tutorial_dag.py took 2.564 seconds
[2024-08-29T00:19:19.231+0000] {processor.py:186} INFO - Started process (PID=262) to work on /home/airflow/.local/lib/python3.12/site-packages/airflow/example_dags/tutorial_dag.py
[2024-08-29T00:19:19.233+0000] {processor.py:914} INFO - Processing file /home/airflow/.local/lib/python3.12/site-packages/airflow/example_dags/tutorial_dag.py for tasks to queue
[2024-08-29T00:19:19.239+0000] {logging_mixin.py:190} INFO - [2024-08-29T00:19:19.238+0000] {dagbag.py:587} INFO - Filling up the DagBag from /home/airflow/.local/lib/python3.12/site-packages/airflow/example_dags/tutorial_dag.py
[2024-08-29T00:19:19.298+0000] {processor.py:925} INFO - DAG(s) 'tutorial_dag' retrieved from /home/airflow/.local/lib/python3.12/site-packages/airflow/example_dags/tutorial_dag.py
[2024-08-29T00:19:19.520+0000] {logging_mixin.py:190} INFO - [2024-08-29T00:19:19.520+0000] {dag.py:3211} INFO - Sync 1 DAGs
[2024-08-29T00:19:19.694+0000] {logging_mixin.py:190} INFO - [2024-08-29T00:19:19.693+0000] {dag.py:4138} INFO - Setting next_dagrun for tutorial_dag to None, run_after=None
[2024-08-29T00:19:19.889+0000] {processor.py:208} INFO - Processing /home/airflow/.local/lib/python3.12/site-packages/airflow/example_dags/tutorial_dag.py took 0.703 seconds
[2024-08-29T00:19:50.091+0000] {processor.py:186} INFO - Started process (PID=326) to work on /home/airflow/.local/lib/python3.12/site-packages/airflow/example_dags/tutorial_dag.py
[2024-08-29T00:19:50.093+0000] {processor.py:914} INFO - Processing file /home/airflow/.local/lib/python3.12/site-packages/airflow/example_dags/tutorial_dag.py for tasks to queue
[2024-08-29T00:19:50.097+0000] {logging_mixin.py:190} INFO - [2024-08-29T00:19:50.096+0000] {dagbag.py:587} INFO - Filling up the DagBag from /home/airflow/.local/lib/python3.12/site-packages/airflow/example_dags/tutorial_dag.py
[2024-08-29T00:19:50.119+0000] {processor.py:925} INFO - DAG(s) 'tutorial_dag' retrieved from /home/airflow/.local/lib/python3.12/site-packages/airflow/example_dags/tutorial_dag.py
[2024-08-29T00:19:50.219+0000] {logging_mixin.py:190} INFO - [2024-08-29T00:19:50.219+0000] {dag.py:3211} INFO - Sync 1 DAGs
[2024-08-29T00:19:50.277+0000] {logging_mixin.py:190} INFO - [2024-08-29T00:19:50.276+0000] {dag.py:4138} INFO - Setting next_dagrun for tutorial_dag to None, run_after=None
[2024-08-29T00:19:50.317+0000] {processor.py:208} INFO - Processing /home/airflow/.local/lib/python3.12/site-packages/airflow/example_dags/tutorial_dag.py took 0.235 seconds
[2024-08-29T00:20:20.457+0000] {processor.py:186} INFO - Started process (PID=389) to work on /home/airflow/.local/lib/python3.12/site-packages/airflow/example_dags/tutorial_dag.py
[2024-08-29T00:20:20.458+0000] {processor.py:914} INFO - Processing file /home/airflow/.local/lib/python3.12/site-packages/airflow/example_dags/tutorial_dag.py for tasks to queue
[2024-08-29T00:20:20.462+0000] {logging_mixin.py:190} INFO - [2024-08-29T00:20:20.462+0000] {dagbag.py:587} INFO - Filling up the DagBag from /home/airflow/.local/lib/python3.12/site-packages/airflow/example_dags/tutorial_dag.py
[2024-08-29T00:20:20.477+0000] {processor.py:925} INFO - DAG(s) 'tutorial_dag' retrieved from /home/airflow/.local/lib/python3.12/site-packages/airflow/example_dags/tutorial_dag.py
[2024-08-29T00:20:20.525+0000] {logging_mixin.py:190} INFO - [2024-08-29T00:20:20.525+0000] {dag.py:3211} INFO - Sync 1 DAGs
[2024-08-29T00:20:20.564+0000] {logging_mixin.py:190} INFO - [2024-08-29T00:20:20.563+0000] {dag.py:4138} INFO - Setting next_dagrun for tutorial_dag to None, run_after=None
[2024-08-29T00:20:20.598+0000] {processor.py:208} INFO - Processing /home/airflow/.local/lib/python3.12/site-packages/airflow/example_dags/tutorial_dag.py took 0.159 seconds
[2024-08-29T00:20:50.672+0000] {processor.py:186} INFO - Started process (PID=452) to work on /home/airflow/.local/lib/python3.12/site-packages/airflow/example_dags/tutorial_dag.py
[2024-08-29T00:20:50.674+0000] {processor.py:914} INFO - Processing file /home/airflow/.local/lib/python3.12/site-packages/airflow/example_dags/tutorial_dag.py for tasks to queue
[2024-08-29T00:20:50.677+0000] {logging_mixin.py:190} INFO - [2024-08-29T00:20:50.677+0000] {dagbag.py:587} INFO - Filling up the DagBag from /home/airflow/.local/lib/python3.12/site-packages/airflow/example_dags/tutorial_dag.py
[2024-08-29T00:20:50.686+0000] {processor.py:925} INFO - DAG(s) 'tutorial_dag' retrieved from /home/airflow/.local/lib/python3.12/site-packages/airflow/example_dags/tutorial_dag.py
[2024-08-29T00:20:50.714+0000] {logging_mixin.py:190} INFO - [2024-08-29T00:20:50.714+0000] {dag.py:3211} INFO - Sync 1 DAGs
[2024-08-29T00:20:50.733+0000] {logging_mixin.py:190} INFO - [2024-08-29T00:20:50.733+0000] {dag.py:4138} INFO - Setting next_dagrun for tutorial_dag to None, run_after=None
[2024-08-29T00:20:50.781+0000] {processor.py:208} INFO - Processing /home/airflow/.local/lib/python3.12/site-packages/airflow/example_dags/tutorial_dag.py took 0.116 seconds
[2024-08-29T00:21:21.406+0000] {processor.py:186} INFO - Started process (PID=514) to work on /home/airflow/.local/lib/python3.12/site-packages/airflow/example_dags/tutorial_dag.py
[2024-08-29T00:21:21.407+0000] {processor.py:914} INFO - Processing file /home/airflow/.local/lib/python3.12/site-packages/airflow/example_dags/tutorial_dag.py for tasks to queue
[2024-08-29T00:21:21.412+0000] {logging_mixin.py:190} INFO - [2024-08-29T00:21:21.411+0000] {dagbag.py:587} INFO - Filling up the DagBag from /home/airflow/.local/lib/python3.12/site-packages/airflow/example_dags/tutorial_dag.py
[2024-08-29T00:21:21.425+0000] {processor.py:925} INFO - DAG(s) 'tutorial_dag' retrieved from /home/airflow/.local/lib/python3.12/site-packages/airflow/example_dags/tutorial_dag.py
[2024-08-29T00:21:21.460+0000] {logging_mixin.py:190} INFO - [2024-08-29T00:21:21.459+0000] {dag.py:3211} INFO - Sync 1 DAGs
[2024-08-29T00:21:21.488+0000] {logging_mixin.py:190} INFO - [2024-08-29T00:21:21.488+0000] {dag.py:4138} INFO - Setting next_dagrun for tutorial_dag to None, run_after=None
[2024-08-29T00:21:21.546+0000] {processor.py:208} INFO - Processing /home/airflow/.local/lib/python3.12/site-packages/airflow/example_dags/tutorial_dag.py took 0.153 seconds
[2024-08-29T00:21:51.887+0000] {processor.py:186} INFO - Started process (PID=578) to work on /home/airflow/.local/lib/python3.12/site-packages/airflow/example_dags/tutorial_dag.py
[2024-08-29T00:21:51.889+0000] {processor.py:914} INFO - Processing file /home/airflow/.local/lib/python3.12/site-packages/airflow/example_dags/tutorial_dag.py for tasks to queue
[2024-08-29T00:21:51.894+0000] {logging_mixin.py:190} INFO - [2024-08-29T00:21:51.894+0000] {dagbag.py:587} INFO - Filling up the DagBag from /home/airflow/.local/lib/python3.12/site-packages/airflow/example_dags/tutorial_dag.py
[2024-08-29T00:21:51.911+0000] {processor.py:925} INFO - DAG(s) 'tutorial_dag' retrieved from /home/airflow/.local/lib/python3.12/site-packages/airflow/example_dags/tutorial_dag.py
[2024-08-29T00:21:51.957+0000] {logging_mixin.py:190} INFO - [2024-08-29T00:21:51.956+0000] {dag.py:3211} INFO - Sync 1 DAGs
[2024-08-29T00:21:51.990+0000] {logging_mixin.py:190} INFO - [2024-08-29T00:21:51.989+0000] {dag.py:4138} INFO - Setting next_dagrun for tutorial_dag to None, run_after=None
[2024-08-29T00:21:52.042+0000] {processor.py:208} INFO - Processing /home/airflow/.local/lib/python3.12/site-packages/airflow/example_dags/tutorial_dag.py took 0.168 seconds
[2024-08-29T00:22:22.987+0000] {processor.py:186} INFO - Started process (PID=641) to work on /home/airflow/.local/lib/python3.12/site-packages/airflow/example_dags/tutorial_dag.py
[2024-08-29T00:22:22.989+0000] {processor.py:914} INFO - Processing file /home/airflow/.local/lib/python3.12/site-packages/airflow/example_dags/tutorial_dag.py for tasks to queue
[2024-08-29T00:22:22.995+0000] {logging_mixin.py:190} INFO - [2024-08-29T00:22:22.995+0000] {dagbag.py:587} INFO - Filling up the DagBag from /home/airflow/.local/lib/python3.12/site-packages/airflow/example_dags/tutorial_dag.py
[2024-08-29T00:22:23.026+0000] {processor.py:925} INFO - DAG(s) 'tutorial_dag' retrieved from /home/airflow/.local/lib/python3.12/site-packages/airflow/example_dags/tutorial_dag.py
[2024-08-29T00:22:23.092+0000] {logging_mixin.py:190} INFO - [2024-08-29T00:22:23.092+0000] {dag.py:3211} INFO - Sync 1 DAGs
[2024-08-29T00:22:23.125+0000] {logging_mixin.py:190} INFO - [2024-08-29T00:22:23.125+0000] {dag.py:4138} INFO - Setting next_dagrun for tutorial_dag to None, run_after=None
[2024-08-29T00:22:23.177+0000] {processor.py:208} INFO - Processing /home/airflow/.local/lib/python3.12/site-packages/airflow/example_dags/tutorial_dag.py took 0.209 seconds
[2024-08-29T00:22:53.287+0000] {processor.py:186} INFO - Started process (PID=705) to work on /home/airflow/.local/lib/python3.12/site-packages/airflow/example_dags/tutorial_dag.py
[2024-08-29T00:22:53.288+0000] {processor.py:914} INFO - Processing file /home/airflow/.local/lib/python3.12/site-packages/airflow/example_dags/tutorial_dag.py for tasks to queue
[2024-08-29T00:22:53.292+0000] {logging_mixin.py:190} INFO - [2024-08-29T00:22:53.291+0000] {dagbag.py:587} INFO - Filling up the DagBag from /home/airflow/.local/lib/python3.12/site-packages/airflow/example_dags/tutorial_dag.py
[2024-08-29T00:22:53.300+0000] {processor.py:925} INFO - DAG(s) 'tutorial_dag' retrieved from /home/airflow/.local/lib/python3.12/site-packages/airflow/example_dags/tutorial_dag.py
[2024-08-29T00:22:53.326+0000] {logging_mixin.py:190} INFO - [2024-08-29T00:22:53.326+0000] {dag.py:3211} INFO - Sync 1 DAGs
[2024-08-29T00:22:53.345+0000] {logging_mixin.py:190} INFO - [2024-08-29T00:22:53.345+0000] {dag.py:4138} INFO - Setting next_dagrun for tutorial_dag to None, run_after=None
[2024-08-29T00:22:53.378+0000] {processor.py:208} INFO - Processing /home/airflow/.local/lib/python3.12/site-packages/airflow/example_dags/tutorial_dag.py took 0.099 seconds
[2024-08-29T00:23:23.742+0000] {processor.py:186} INFO - Started process (PID=767) to work on /home/airflow/.local/lib/python3.12/site-packages/airflow/example_dags/tutorial_dag.py
[2024-08-29T00:23:23.744+0000] {processor.py:914} INFO - Processing file /home/airflow/.local/lib/python3.12/site-packages/airflow/example_dags/tutorial_dag.py for tasks to queue
[2024-08-29T00:23:23.748+0000] {logging_mixin.py:190} INFO - [2024-08-29T00:23:23.748+0000] {dagbag.py:587} INFO - Filling up the DagBag from /home/airflow/.local/lib/python3.12/site-packages/airflow/example_dags/tutorial_dag.py
[2024-08-29T00:23:23.761+0000] {processor.py:925} INFO - DAG(s) 'tutorial_dag' retrieved from /home/airflow/.local/lib/python3.12/site-packages/airflow/example_dags/tutorial_dag.py
[2024-08-29T00:23:23.795+0000] {logging_mixin.py:190} INFO - [2024-08-29T00:23:23.795+0000] {dag.py:3211} INFO - Sync 1 DAGs
[2024-08-29T00:23:23.822+0000] {logging_mixin.py:190} INFO - [2024-08-29T00:23:23.821+0000] {dag.py:4138} INFO - Setting next_dagrun for tutorial_dag to None, run_after=None
[2024-08-29T00:23:23.850+0000] {processor.py:208} INFO - Processing /home/airflow/.local/lib/python3.12/site-packages/airflow/example_dags/tutorial_dag.py took 0.121 seconds
[2024-08-29T00:23:54.546+0000] {processor.py:186} INFO - Started process (PID=830) to work on /home/airflow/.local/lib/python3.12/site-packages/airflow/example_dags/tutorial_dag.py
[2024-08-29T00:23:54.547+0000] {processor.py:914} INFO - Processing file /home/airflow/.local/lib/python3.12/site-packages/airflow/example_dags/tutorial_dag.py for tasks to queue
[2024-08-29T00:23:54.551+0000] {logging_mixin.py:190} INFO - [2024-08-29T00:23:54.551+0000] {dagbag.py:587} INFO - Filling up the DagBag from /home/airflow/.local/lib/python3.12/site-packages/airflow/example_dags/tutorial_dag.py
[2024-08-29T00:23:54.560+0000] {processor.py:925} INFO - DAG(s) 'tutorial_dag' retrieved from /home/airflow/.local/lib/python3.12/site-packages/airflow/example_dags/tutorial_dag.py
[2024-08-29T00:23:54.587+0000] {logging_mixin.py:190} INFO - [2024-08-29T00:23:54.587+0000] {dag.py:3211} INFO - Sync 1 DAGs
[2024-08-29T00:23:54.608+0000] {logging_mixin.py:190} INFO - [2024-08-29T00:23:54.607+0000] {dag.py:4138} INFO - Setting next_dagrun for tutorial_dag to None, run_after=None
[2024-08-29T00:23:54.656+0000] {processor.py:208} INFO - Processing /home/airflow/.local/lib/python3.12/site-packages/airflow/example_dags/tutorial_dag.py took 0.118 seconds
[2024-08-29T00:24:25.949+0000] {processor.py:186} INFO - Started process (PID=892) to work on /home/airflow/.local/lib/python3.12/site-packages/airflow/example_dags/tutorial_dag.py
[2024-08-29T00:24:25.950+0000] {processor.py:914} INFO - Processing file /home/airflow/.local/lib/python3.12/site-packages/airflow/example_dags/tutorial_dag.py for tasks to queue
[2024-08-29T00:24:25.953+0000] {logging_mixin.py:190} INFO - [2024-08-29T00:24:25.953+0000] {dagbag.py:587} INFO - Filling up the DagBag from /home/airflow/.local/lib/python3.12/site-packages/airflow/example_dags/tutorial_dag.py
[2024-08-29T00:24:25.964+0000] {processor.py:925} INFO - DAG(s) 'tutorial_dag' retrieved from /home/airflow/.local/lib/python3.12/site-packages/airflow/example_dags/tutorial_dag.py
[2024-08-29T00:24:25.993+0000] {logging_mixin.py:190} INFO - [2024-08-29T00:24:25.992+0000] {dag.py:3211} INFO - Sync 1 DAGs
[2024-08-29T00:24:26.012+0000] {logging_mixin.py:190} INFO - [2024-08-29T00:24:26.012+0000] {dag.py:4138} INFO - Setting next_dagrun for tutorial_dag to None, run_after=None
[2024-08-29T00:24:26.433+0000] {processor.py:208} INFO - Processing /home/airflow/.local/lib/python3.12/site-packages/airflow/example_dags/tutorial_dag.py took 0.494 seconds
[2024-08-29T00:24:56.702+0000] {processor.py:186} INFO - Started process (PID=955) to work on /home/airflow/.local/lib/python3.12/site-packages/airflow/example_dags/tutorial_dag.py
[2024-08-29T00:24:56.704+0000] {processor.py:914} INFO - Processing file /home/airflow/.local/lib/python3.12/site-packages/airflow/example_dags/tutorial_dag.py for tasks to queue
[2024-08-29T00:24:56.707+0000] {logging_mixin.py:190} INFO - [2024-08-29T00:24:56.707+0000] {dagbag.py:587} INFO - Filling up the DagBag from /home/airflow/.local/lib/python3.12/site-packages/airflow/example_dags/tutorial_dag.py
[2024-08-29T00:24:56.717+0000] {processor.py:925} INFO - DAG(s) 'tutorial_dag' retrieved from /home/airflow/.local/lib/python3.12/site-packages/airflow/example_dags/tutorial_dag.py
[2024-08-29T00:24:56.749+0000] {logging_mixin.py:190} INFO - [2024-08-29T00:24:56.748+0000] {dag.py:3211} INFO - Sync 1 DAGs
[2024-08-29T00:24:56.774+0000] {logging_mixin.py:190} INFO - [2024-08-29T00:24:56.774+0000] {dag.py:4138} INFO - Setting next_dagrun for tutorial_dag to None, run_after=None
[2024-08-29T00:24:56.809+0000] {processor.py:208} INFO - Processing /home/airflow/.local/lib/python3.12/site-packages/airflow/example_dags/tutorial_dag.py took 0.117 seconds
[2024-08-29T00:25:27.478+0000] {processor.py:186} INFO - Started process (PID=1024) to work on /home/airflow/.local/lib/python3.12/site-packages/airflow/example_dags/tutorial_dag.py
[2024-08-29T00:25:27.480+0000] {processor.py:914} INFO - Processing file /home/airflow/.local/lib/python3.12/site-packages/airflow/example_dags/tutorial_dag.py for tasks to queue
[2024-08-29T00:25:27.492+0000] {logging_mixin.py:190} INFO - [2024-08-29T00:25:27.492+0000] {dagbag.py:587} INFO - Filling up the DagBag from /home/airflow/.local/lib/python3.12/site-packages/airflow/example_dags/tutorial_dag.py
[2024-08-29T00:25:27.513+0000] {processor.py:925} INFO - DAG(s) 'tutorial_dag' retrieved from /home/airflow/.local/lib/python3.12/site-packages/airflow/example_dags/tutorial_dag.py
[2024-08-29T00:25:27.555+0000] {logging_mixin.py:190} INFO - [2024-08-29T00:25:27.555+0000] {dag.py:3211} INFO - Sync 1 DAGs
[2024-08-29T00:25:27.582+0000] {logging_mixin.py:190} INFO - [2024-08-29T00:25:27.582+0000] {dag.py:4138} INFO - Setting next_dagrun for tutorial_dag to None, run_after=None
[2024-08-29T00:25:27.614+0000] {processor.py:208} INFO - Processing /home/airflow/.local/lib/python3.12/site-packages/airflow/example_dags/tutorial_dag.py took 0.144 seconds
[2024-08-29T00:25:58.637+0000] {processor.py:186} INFO - Started process (PID=1086) to work on /home/airflow/.local/lib/python3.12/site-packages/airflow/example_dags/tutorial_dag.py
[2024-08-29T00:25:58.651+0000] {processor.py:914} INFO - Processing file /home/airflow/.local/lib/python3.12/site-packages/airflow/example_dags/tutorial_dag.py for tasks to queue
[2024-08-29T00:25:58.659+0000] {logging_mixin.py:190} INFO - [2024-08-29T00:25:58.658+0000] {dagbag.py:587} INFO - Filling up the DagBag from /home/airflow/.local/lib/python3.12/site-packages/airflow/example_dags/tutorial_dag.py
[2024-08-29T00:25:58.704+0000] {processor.py:925} INFO - DAG(s) 'tutorial_dag' retrieved from /home/airflow/.local/lib/python3.12/site-packages/airflow/example_dags/tutorial_dag.py
[2024-08-29T00:25:58.785+0000] {logging_mixin.py:190} INFO - [2024-08-29T00:25:58.784+0000] {dag.py:3211} INFO - Sync 1 DAGs
[2024-08-29T00:25:58.837+0000] {logging_mixin.py:190} INFO - [2024-08-29T00:25:58.837+0000] {dag.py:4138} INFO - Setting next_dagrun for tutorial_dag to None, run_after=None
[2024-08-29T00:25:58.948+0000] {processor.py:208} INFO - Processing /home/airflow/.local/lib/python3.12/site-packages/airflow/example_dags/tutorial_dag.py took 0.332 seconds
[2024-08-29T00:26:29.359+0000] {processor.py:186} INFO - Started process (PID=1149) to work on /home/airflow/.local/lib/python3.12/site-packages/airflow/example_dags/tutorial_dag.py
[2024-08-29T00:26:29.360+0000] {processor.py:914} INFO - Processing file /home/airflow/.local/lib/python3.12/site-packages/airflow/example_dags/tutorial_dag.py for tasks to queue
[2024-08-29T00:26:29.364+0000] {logging_mixin.py:190} INFO - [2024-08-29T00:26:29.364+0000] {dagbag.py:587} INFO - Filling up the DagBag from /home/airflow/.local/lib/python3.12/site-packages/airflow/example_dags/tutorial_dag.py
[2024-08-29T00:26:29.376+0000] {processor.py:925} INFO - DAG(s) 'tutorial_dag' retrieved from /home/airflow/.local/lib/python3.12/site-packages/airflow/example_dags/tutorial_dag.py
[2024-08-29T00:26:29.404+0000] {logging_mixin.py:190} INFO - [2024-08-29T00:26:29.403+0000] {dag.py:3211} INFO - Sync 1 DAGs
[2024-08-29T00:26:29.422+0000] {logging_mixin.py:190} INFO - [2024-08-29T00:26:29.422+0000] {dag.py:4138} INFO - Setting next_dagrun for tutorial_dag to None, run_after=None
[2024-08-29T00:26:29.457+0000] {processor.py:208} INFO - Processing /home/airflow/.local/lib/python3.12/site-packages/airflow/example_dags/tutorial_dag.py took 0.107 seconds
[2024-08-29T00:27:00.220+0000] {processor.py:186} INFO - Started process (PID=1213) to work on /home/airflow/.local/lib/python3.12/site-packages/airflow/example_dags/tutorial_dag.py
[2024-08-29T00:27:00.221+0000] {processor.py:914} INFO - Processing file /home/airflow/.local/lib/python3.12/site-packages/airflow/example_dags/tutorial_dag.py for tasks to queue
[2024-08-29T00:27:00.226+0000] {logging_mixin.py:190} INFO - [2024-08-29T00:27:00.226+0000] {dagbag.py:587} INFO - Filling up the DagBag from /home/airflow/.local/lib/python3.12/site-packages/airflow/example_dags/tutorial_dag.py
[2024-08-29T00:27:00.239+0000] {processor.py:925} INFO - DAG(s) 'tutorial_dag' retrieved from /home/airflow/.local/lib/python3.12/site-packages/airflow/example_dags/tutorial_dag.py
[2024-08-29T00:27:00.272+0000] {logging_mixin.py:190} INFO - [2024-08-29T00:27:00.271+0000] {dag.py:3211} INFO - Sync 1 DAGs
[2024-08-29T00:27:00.295+0000] {logging_mixin.py:190} INFO - [2024-08-29T00:27:00.294+0000] {dag.py:4138} INFO - Setting next_dagrun for tutorial_dag to None, run_after=None
[2024-08-29T00:27:00.326+0000] {processor.py:208} INFO - Processing /home/airflow/.local/lib/python3.12/site-packages/airflow/example_dags/tutorial_dag.py took 0.115 seconds
[2024-08-29T00:27:31.280+0000] {processor.py:186} INFO - Started process (PID=1276) to work on /home/airflow/.local/lib/python3.12/site-packages/airflow/example_dags/tutorial_dag.py
[2024-08-29T00:27:31.281+0000] {processor.py:914} INFO - Processing file /home/airflow/.local/lib/python3.12/site-packages/airflow/example_dags/tutorial_dag.py for tasks to queue
[2024-08-29T00:27:31.285+0000] {logging_mixin.py:190} INFO - [2024-08-29T00:27:31.284+0000] {dagbag.py:587} INFO - Filling up the DagBag from /home/airflow/.local/lib/python3.12/site-packages/airflow/example_dags/tutorial_dag.py
[2024-08-29T00:27:31.298+0000] {processor.py:925} INFO - DAG(s) 'tutorial_dag' retrieved from /home/airflow/.local/lib/python3.12/site-packages/airflow/example_dags/tutorial_dag.py
[2024-08-29T00:27:31.330+0000] {logging_mixin.py:190} INFO - [2024-08-29T00:27:31.330+0000] {dag.py:3211} INFO - Sync 1 DAGs
[2024-08-29T00:27:31.355+0000] {logging_mixin.py:190} INFO - [2024-08-29T00:27:31.355+0000] {dag.py:4138} INFO - Setting next_dagrun for tutorial_dag to None, run_after=None
[2024-08-29T00:27:31.387+0000] {processor.py:208} INFO - Processing /home/airflow/.local/lib/python3.12/site-packages/airflow/example_dags/tutorial_dag.py took 0.117 seconds
[2024-08-29T00:28:02.360+0000] {processor.py:186} INFO - Started process (PID=1339) to work on /home/airflow/.local/lib/python3.12/site-packages/airflow/example_dags/tutorial_dag.py
[2024-08-29T00:28:02.362+0000] {processor.py:914} INFO - Processing file /home/airflow/.local/lib/python3.12/site-packages/airflow/example_dags/tutorial_dag.py for tasks to queue
[2024-08-29T00:28:02.369+0000] {logging_mixin.py:190} INFO - [2024-08-29T00:28:02.369+0000] {dagbag.py:587} INFO - Filling up the DagBag from /home/airflow/.local/lib/python3.12/site-packages/airflow/example_dags/tutorial_dag.py
[2024-08-29T00:28:02.385+0000] {processor.py:925} INFO - DAG(s) 'tutorial_dag' retrieved from /home/airflow/.local/lib/python3.12/site-packages/airflow/example_dags/tutorial_dag.py
[2024-08-29T00:28:02.429+0000] {logging_mixin.py:190} INFO - [2024-08-29T00:28:02.428+0000] {dag.py:3211} INFO - Sync 1 DAGs
[2024-08-29T00:28:02.469+0000] {logging_mixin.py:190} INFO - [2024-08-29T00:28:02.468+0000] {dag.py:4138} INFO - Setting next_dagrun for tutorial_dag to None, run_after=None
[2024-08-29T00:28:02.514+0000] {processor.py:208} INFO - Processing /home/airflow/.local/lib/python3.12/site-packages/airflow/example_dags/tutorial_dag.py took 0.170 seconds
[2024-08-29T00:28:32.891+0000] {processor.py:186} INFO - Started process (PID=1401) to work on /home/airflow/.local/lib/python3.12/site-packages/airflow/example_dags/tutorial_dag.py
[2024-08-29T00:28:32.892+0000] {processor.py:914} INFO - Processing file /home/airflow/.local/lib/python3.12/site-packages/airflow/example_dags/tutorial_dag.py for tasks to queue
[2024-08-29T00:28:32.897+0000] {logging_mixin.py:190} INFO - [2024-08-29T00:28:32.896+0000] {dagbag.py:587} INFO - Filling up the DagBag from /home/airflow/.local/lib/python3.12/site-packages/airflow/example_dags/tutorial_dag.py
[2024-08-29T00:28:32.907+0000] {processor.py:925} INFO - DAG(s) 'tutorial_dag' retrieved from /home/airflow/.local/lib/python3.12/site-packages/airflow/example_dags/tutorial_dag.py
[2024-08-29T00:28:32.937+0000] {logging_mixin.py:190} INFO - [2024-08-29T00:28:32.937+0000] {dag.py:3211} INFO - Sync 1 DAGs
[2024-08-29T00:28:32.961+0000] {logging_mixin.py:190} INFO - [2024-08-29T00:28:32.961+0000] {dag.py:4138} INFO - Setting next_dagrun for tutorial_dag to None, run_after=None
[2024-08-29T00:28:32.992+0000] {processor.py:208} INFO - Processing /home/airflow/.local/lib/python3.12/site-packages/airflow/example_dags/tutorial_dag.py took 0.112 seconds
[2024-08-29T00:29:03.552+0000] {processor.py:186} INFO - Started process (PID=1465) to work on /home/airflow/.local/lib/python3.12/site-packages/airflow/example_dags/tutorial_dag.py
[2024-08-29T00:29:03.553+0000] {processor.py:914} INFO - Processing file /home/airflow/.local/lib/python3.12/site-packages/airflow/example_dags/tutorial_dag.py for tasks to queue
[2024-08-29T00:29:03.557+0000] {logging_mixin.py:190} INFO - [2024-08-29T00:29:03.557+0000] {dagbag.py:587} INFO - Filling up the DagBag from /home/airflow/.local/lib/python3.12/site-packages/airflow/example_dags/tutorial_dag.py
[2024-08-29T00:29:03.566+0000] {processor.py:925} INFO - DAG(s) 'tutorial_dag' retrieved from /home/airflow/.local/lib/python3.12/site-packages/airflow/example_dags/tutorial_dag.py
[2024-08-29T00:29:03.594+0000] {logging_mixin.py:190} INFO - [2024-08-29T00:29:03.594+0000] {dag.py:3211} INFO - Sync 1 DAGs
[2024-08-29T00:29:03.614+0000] {logging_mixin.py:190} INFO - [2024-08-29T00:29:03.613+0000] {dag.py:4138} INFO - Setting next_dagrun for tutorial_dag to None, run_after=None
[2024-08-29T00:29:03.641+0000] {processor.py:208} INFO - Processing /home/airflow/.local/lib/python3.12/site-packages/airflow/example_dags/tutorial_dag.py took 0.111 seconds
[2024-08-29T00:33:29.653+0000] {processor.py:186} INFO - Started process (PID=136) to work on /home/airflow/.local/lib/python3.12/site-packages/airflow/example_dags/tutorial_dag.py
[2024-08-29T00:33:29.655+0000] {processor.py:914} INFO - Processing file /home/airflow/.local/lib/python3.12/site-packages/airflow/example_dags/tutorial_dag.py for tasks to queue
[2024-08-29T00:33:29.662+0000] {logging_mixin.py:190} INFO - [2024-08-29T00:33:29.661+0000] {dagbag.py:587} INFO - Filling up the DagBag from /home/airflow/.local/lib/python3.12/site-packages/airflow/example_dags/tutorial_dag.py
[2024-08-29T00:33:29.691+0000] {processor.py:925} INFO - DAG(s) 'tutorial_dag' retrieved from /home/airflow/.local/lib/python3.12/site-packages/airflow/example_dags/tutorial_dag.py
[2024-08-29T00:33:29.745+0000] {logging_mixin.py:190} INFO - [2024-08-29T00:33:29.744+0000] {dag.py:3211} INFO - Sync 1 DAGs
[2024-08-29T00:33:29.788+0000] {logging_mixin.py:190} INFO - [2024-08-29T00:33:29.786+0000] {dag.py:4138} INFO - Setting next_dagrun for tutorial_dag to None, run_after=None
[2024-08-29T00:33:29.845+0000] {processor.py:208} INFO - Processing /home/airflow/.local/lib/python3.12/site-packages/airflow/example_dags/tutorial_dag.py took 0.215 seconds
[2024-08-29T00:34:01.370+0000] {processor.py:186} INFO - Started process (PID=199) to work on /home/airflow/.local/lib/python3.12/site-packages/airflow/example_dags/tutorial_dag.py
[2024-08-29T00:34:01.371+0000] {processor.py:914} INFO - Processing file /home/airflow/.local/lib/python3.12/site-packages/airflow/example_dags/tutorial_dag.py for tasks to queue
[2024-08-29T00:34:01.374+0000] {logging_mixin.py:190} INFO - [2024-08-29T00:34:01.373+0000] {dagbag.py:587} INFO - Filling up the DagBag from /home/airflow/.local/lib/python3.12/site-packages/airflow/example_dags/tutorial_dag.py
[2024-08-29T00:34:01.389+0000] {processor.py:925} INFO - DAG(s) 'tutorial_dag' retrieved from /home/airflow/.local/lib/python3.12/site-packages/airflow/example_dags/tutorial_dag.py
[2024-08-29T00:34:01.479+0000] {logging_mixin.py:190} INFO - [2024-08-29T00:34:01.479+0000] {dag.py:3211} INFO - Sync 1 DAGs
[2024-08-29T00:34:01.509+0000] {logging_mixin.py:190} INFO - [2024-08-29T00:34:01.509+0000] {dag.py:4138} INFO - Setting next_dagrun for tutorial_dag to None, run_after=None
[2024-08-29T00:34:01.567+0000] {processor.py:208} INFO - Processing /home/airflow/.local/lib/python3.12/site-packages/airflow/example_dags/tutorial_dag.py took 0.208 seconds
[2024-08-29T00:34:32.429+0000] {processor.py:186} INFO - Started process (PID=262) to work on /home/airflow/.local/lib/python3.12/site-packages/airflow/example_dags/tutorial_dag.py
[2024-08-29T00:34:32.431+0000] {processor.py:914} INFO - Processing file /home/airflow/.local/lib/python3.12/site-packages/airflow/example_dags/tutorial_dag.py for tasks to queue
[2024-08-29T00:34:32.434+0000] {logging_mixin.py:190} INFO - [2024-08-29T00:34:32.433+0000] {dagbag.py:587} INFO - Filling up the DagBag from /home/airflow/.local/lib/python3.12/site-packages/airflow/example_dags/tutorial_dag.py
[2024-08-29T00:34:32.443+0000] {processor.py:925} INFO - DAG(s) 'tutorial_dag' retrieved from /home/airflow/.local/lib/python3.12/site-packages/airflow/example_dags/tutorial_dag.py
[2024-08-29T00:34:32.474+0000] {logging_mixin.py:190} INFO - [2024-08-29T00:34:32.474+0000] {dag.py:3211} INFO - Sync 1 DAGs
[2024-08-29T00:34:32.501+0000] {logging_mixin.py:190} INFO - [2024-08-29T00:34:32.501+0000] {dag.py:4138} INFO - Setting next_dagrun for tutorial_dag to None, run_after=None
[2024-08-29T00:34:32.535+0000] {processor.py:208} INFO - Processing /home/airflow/.local/lib/python3.12/site-packages/airflow/example_dags/tutorial_dag.py took 0.114 seconds
[2024-08-29T00:35:03.210+0000] {processor.py:186} INFO - Started process (PID=325) to work on /home/airflow/.local/lib/python3.12/site-packages/airflow/example_dags/tutorial_dag.py
[2024-08-29T00:35:03.211+0000] {processor.py:914} INFO - Processing file /home/airflow/.local/lib/python3.12/site-packages/airflow/example_dags/tutorial_dag.py for tasks to queue
[2024-08-29T00:35:03.215+0000] {logging_mixin.py:190} INFO - [2024-08-29T00:35:03.214+0000] {dagbag.py:587} INFO - Filling up the DagBag from /home/airflow/.local/lib/python3.12/site-packages/airflow/example_dags/tutorial_dag.py
[2024-08-29T00:35:03.235+0000] {processor.py:925} INFO - DAG(s) 'tutorial_dag' retrieved from /home/airflow/.local/lib/python3.12/site-packages/airflow/example_dags/tutorial_dag.py
[2024-08-29T00:35:03.278+0000] {logging_mixin.py:190} INFO - [2024-08-29T00:35:03.277+0000] {dag.py:3211} INFO - Sync 1 DAGs
[2024-08-29T00:35:03.314+0000] {logging_mixin.py:190} INFO - [2024-08-29T00:35:03.313+0000] {dag.py:4138} INFO - Setting next_dagrun for tutorial_dag to None, run_after=None
[2024-08-29T00:35:03.376+0000] {processor.py:208} INFO - Processing /home/airflow/.local/lib/python3.12/site-packages/airflow/example_dags/tutorial_dag.py took 0.175 seconds
[2024-08-29T00:35:34.021+0000] {processor.py:186} INFO - Started process (PID=388) to work on /home/airflow/.local/lib/python3.12/site-packages/airflow/example_dags/tutorial_dag.py
[2024-08-29T00:35:34.023+0000] {processor.py:914} INFO - Processing file /home/airflow/.local/lib/python3.12/site-packages/airflow/example_dags/tutorial_dag.py for tasks to queue
[2024-08-29T00:35:34.027+0000] {logging_mixin.py:190} INFO - [2024-08-29T00:35:34.027+0000] {dagbag.py:587} INFO - Filling up the DagBag from /home/airflow/.local/lib/python3.12/site-packages/airflow/example_dags/tutorial_dag.py
[2024-08-29T00:35:34.040+0000] {processor.py:925} INFO - DAG(s) 'tutorial_dag' retrieved from /home/airflow/.local/lib/python3.12/site-packages/airflow/example_dags/tutorial_dag.py
[2024-08-29T00:35:34.067+0000] {logging_mixin.py:190} INFO - [2024-08-29T00:35:34.066+0000] {dag.py:3211} INFO - Sync 1 DAGs
[2024-08-29T00:35:34.089+0000] {logging_mixin.py:190} INFO - [2024-08-29T00:35:34.089+0000] {dag.py:4138} INFO - Setting next_dagrun for tutorial_dag to None, run_after=None
[2024-08-29T00:35:34.121+0000] {processor.py:208} INFO - Processing /home/airflow/.local/lib/python3.12/site-packages/airflow/example_dags/tutorial_dag.py took 0.109 seconds
[2024-08-29T00:36:05.986+0000] {processor.py:186} INFO - Started process (PID=451) to work on /home/airflow/.local/lib/python3.12/site-packages/airflow/example_dags/tutorial_dag.py
[2024-08-29T00:36:05.992+0000] {processor.py:914} INFO - Processing file /home/airflow/.local/lib/python3.12/site-packages/airflow/example_dags/tutorial_dag.py for tasks to queue
[2024-08-29T00:36:06.002+0000] {logging_mixin.py:190} INFO - [2024-08-29T00:36:06.001+0000] {dagbag.py:587} INFO - Filling up the DagBag from /home/airflow/.local/lib/python3.12/site-packages/airflow/example_dags/tutorial_dag.py
[2024-08-29T00:36:06.182+0000] {processor.py:925} INFO - DAG(s) 'tutorial_dag' retrieved from /home/airflow/.local/lib/python3.12/site-packages/airflow/example_dags/tutorial_dag.py
[2024-08-29T00:36:06.241+0000] {logging_mixin.py:190} INFO - [2024-08-29T00:36:06.240+0000] {dag.py:3211} INFO - Sync 1 DAGs
[2024-08-29T00:36:06.272+0000] {logging_mixin.py:190} INFO - [2024-08-29T00:36:06.272+0000] {dag.py:4138} INFO - Setting next_dagrun for tutorial_dag to None, run_after=None
[2024-08-29T00:36:06.320+0000] {processor.py:208} INFO - Processing /home/airflow/.local/lib/python3.12/site-packages/airflow/example_dags/tutorial_dag.py took 0.348 seconds
[2024-08-29T00:36:36.447+0000] {processor.py:186} INFO - Started process (PID=514) to work on /home/airflow/.local/lib/python3.12/site-packages/airflow/example_dags/tutorial_dag.py
[2024-08-29T00:36:36.448+0000] {processor.py:914} INFO - Processing file /home/airflow/.local/lib/python3.12/site-packages/airflow/example_dags/tutorial_dag.py for tasks to queue
[2024-08-29T00:36:36.457+0000] {logging_mixin.py:190} INFO - [2024-08-29T00:36:36.457+0000] {dagbag.py:587} INFO - Filling up the DagBag from /home/airflow/.local/lib/python3.12/site-packages/airflow/example_dags/tutorial_dag.py
[2024-08-29T00:36:36.470+0000] {processor.py:925} INFO - DAG(s) 'tutorial_dag' retrieved from /home/airflow/.local/lib/python3.12/site-packages/airflow/example_dags/tutorial_dag.py
[2024-08-29T00:36:36.510+0000] {logging_mixin.py:190} INFO - [2024-08-29T00:36:36.510+0000] {dag.py:3211} INFO - Sync 1 DAGs
[2024-08-29T00:36:36.536+0000] {logging_mixin.py:190} INFO - [2024-08-29T00:36:36.535+0000] {dag.py:4138} INFO - Setting next_dagrun for tutorial_dag to None, run_after=None
[2024-08-29T00:36:36.572+0000] {processor.py:208} INFO - Processing /home/airflow/.local/lib/python3.12/site-packages/airflow/example_dags/tutorial_dag.py took 0.136 seconds
[2024-08-29T00:37:07.118+0000] {processor.py:186} INFO - Started process (PID=576) to work on /home/airflow/.local/lib/python3.12/site-packages/airflow/example_dags/tutorial_dag.py
[2024-08-29T00:37:07.119+0000] {processor.py:914} INFO - Processing file /home/airflow/.local/lib/python3.12/site-packages/airflow/example_dags/tutorial_dag.py for tasks to queue
[2024-08-29T00:37:07.123+0000] {logging_mixin.py:190} INFO - [2024-08-29T00:37:07.123+0000] {dagbag.py:587} INFO - Filling up the DagBag from /home/airflow/.local/lib/python3.12/site-packages/airflow/example_dags/tutorial_dag.py
[2024-08-29T00:37:07.133+0000] {processor.py:925} INFO - DAG(s) 'tutorial_dag' retrieved from /home/airflow/.local/lib/python3.12/site-packages/airflow/example_dags/tutorial_dag.py
[2024-08-29T00:37:07.162+0000] {logging_mixin.py:190} INFO - [2024-08-29T00:37:07.161+0000] {dag.py:3211} INFO - Sync 1 DAGs
[2024-08-29T00:37:07.189+0000] {logging_mixin.py:190} INFO - [2024-08-29T00:37:07.189+0000] {dag.py:4138} INFO - Setting next_dagrun for tutorial_dag to None, run_after=None
[2024-08-29T00:37:07.225+0000] {processor.py:208} INFO - Processing /home/airflow/.local/lib/python3.12/site-packages/airflow/example_dags/tutorial_dag.py took 0.116 seconds
[2024-08-29T00:37:37.444+0000] {processor.py:186} INFO - Started process (PID=640) to work on /home/airflow/.local/lib/python3.12/site-packages/airflow/example_dags/tutorial_dag.py
[2024-08-29T00:37:37.445+0000] {processor.py:914} INFO - Processing file /home/airflow/.local/lib/python3.12/site-packages/airflow/example_dags/tutorial_dag.py for tasks to queue
[2024-08-29T00:37:37.450+0000] {logging_mixin.py:190} INFO - [2024-08-29T00:37:37.449+0000] {dagbag.py:587} INFO - Filling up the DagBag from /home/airflow/.local/lib/python3.12/site-packages/airflow/example_dags/tutorial_dag.py
[2024-08-29T00:37:37.461+0000] {processor.py:925} INFO - DAG(s) 'tutorial_dag' retrieved from /home/airflow/.local/lib/python3.12/site-packages/airflow/example_dags/tutorial_dag.py
[2024-08-29T00:37:37.493+0000] {logging_mixin.py:190} INFO - [2024-08-29T00:37:37.492+0000] {dag.py:3211} INFO - Sync 1 DAGs
[2024-08-29T00:37:37.521+0000] {logging_mixin.py:190} INFO - [2024-08-29T00:37:37.520+0000] {dag.py:4138} INFO - Setting next_dagrun for tutorial_dag to None, run_after=None
[2024-08-29T00:37:37.564+0000] {processor.py:208} INFO - Processing /home/airflow/.local/lib/python3.12/site-packages/airflow/example_dags/tutorial_dag.py took 0.130 seconds
[2024-08-29T00:38:08.085+0000] {processor.py:186} INFO - Started process (PID=703) to work on /home/airflow/.local/lib/python3.12/site-packages/airflow/example_dags/tutorial_dag.py
[2024-08-29T00:38:08.093+0000] {processor.py:914} INFO - Processing file /home/airflow/.local/lib/python3.12/site-packages/airflow/example_dags/tutorial_dag.py for tasks to queue
[2024-08-29T00:38:08.104+0000] {logging_mixin.py:190} INFO - [2024-08-29T00:38:08.104+0000] {dagbag.py:587} INFO - Filling up the DagBag from /home/airflow/.local/lib/python3.12/site-packages/airflow/example_dags/tutorial_dag.py
[2024-08-29T00:38:08.123+0000] {processor.py:925} INFO - DAG(s) 'tutorial_dag' retrieved from /home/airflow/.local/lib/python3.12/site-packages/airflow/example_dags/tutorial_dag.py
[2024-08-29T00:38:08.168+0000] {logging_mixin.py:190} INFO - [2024-08-29T00:38:08.166+0000] {dag.py:3211} INFO - Sync 1 DAGs
[2024-08-29T00:38:08.197+0000] {logging_mixin.py:190} INFO - [2024-08-29T00:38:08.197+0000] {dag.py:4138} INFO - Setting next_dagrun for tutorial_dag to None, run_after=None
[2024-08-29T00:38:08.230+0000] {processor.py:208} INFO - Processing /home/airflow/.local/lib/python3.12/site-packages/airflow/example_dags/tutorial_dag.py took 0.166 seconds
[2024-08-29T00:38:38.361+0000] {processor.py:186} INFO - Started process (PID=766) to work on /home/airflow/.local/lib/python3.12/site-packages/airflow/example_dags/tutorial_dag.py
[2024-08-29T00:38:38.363+0000] {processor.py:914} INFO - Processing file /home/airflow/.local/lib/python3.12/site-packages/airflow/example_dags/tutorial_dag.py for tasks to queue
[2024-08-29T00:38:38.366+0000] {logging_mixin.py:190} INFO - [2024-08-29T00:38:38.365+0000] {dagbag.py:587} INFO - Filling up the DagBag from /home/airflow/.local/lib/python3.12/site-packages/airflow/example_dags/tutorial_dag.py
[2024-08-29T00:38:38.377+0000] {processor.py:925} INFO - DAG(s) 'tutorial_dag' retrieved from /home/airflow/.local/lib/python3.12/site-packages/airflow/example_dags/tutorial_dag.py
[2024-08-29T00:38:38.415+0000] {logging_mixin.py:190} INFO - [2024-08-29T00:38:38.413+0000] {dag.py:3211} INFO - Sync 1 DAGs
[2024-08-29T00:38:38.440+0000] {logging_mixin.py:190} INFO - [2024-08-29T00:38:38.439+0000] {dag.py:4138} INFO - Setting next_dagrun for tutorial_dag to None, run_after=None
[2024-08-29T00:38:38.467+0000] {processor.py:208} INFO - Processing /home/airflow/.local/lib/python3.12/site-packages/airflow/example_dags/tutorial_dag.py took 0.115 seconds
[2024-08-29T00:39:09.447+0000] {processor.py:186} INFO - Started process (PID=829) to work on /home/airflow/.local/lib/python3.12/site-packages/airflow/example_dags/tutorial_dag.py
[2024-08-29T00:39:09.451+0000] {processor.py:914} INFO - Processing file /home/airflow/.local/lib/python3.12/site-packages/airflow/example_dags/tutorial_dag.py for tasks to queue
[2024-08-29T00:39:09.456+0000] {logging_mixin.py:190} INFO - [2024-08-29T00:39:09.455+0000] {dagbag.py:587} INFO - Filling up the DagBag from /home/airflow/.local/lib/python3.12/site-packages/airflow/example_dags/tutorial_dag.py
[2024-08-29T00:39:09.468+0000] {processor.py:925} INFO - DAG(s) 'tutorial_dag' retrieved from /home/airflow/.local/lib/python3.12/site-packages/airflow/example_dags/tutorial_dag.py
[2024-08-29T00:39:09.516+0000] {logging_mixin.py:190} INFO - [2024-08-29T00:39:09.516+0000] {dag.py:3211} INFO - Sync 1 DAGs
[2024-08-29T00:39:09.557+0000] {logging_mixin.py:190} INFO - [2024-08-29T00:39:09.556+0000] {dag.py:4138} INFO - Setting next_dagrun for tutorial_dag to None, run_after=None
[2024-08-29T00:39:09.625+0000] {processor.py:208} INFO - Processing /home/airflow/.local/lib/python3.12/site-packages/airflow/example_dags/tutorial_dag.py took 0.190 seconds
[2024-08-29T00:39:40.380+0000] {processor.py:186} INFO - Started process (PID=892) to work on /home/airflow/.local/lib/python3.12/site-packages/airflow/example_dags/tutorial_dag.py
[2024-08-29T00:39:40.382+0000] {processor.py:914} INFO - Processing file /home/airflow/.local/lib/python3.12/site-packages/airflow/example_dags/tutorial_dag.py for tasks to queue
[2024-08-29T00:39:40.387+0000] {logging_mixin.py:190} INFO - [2024-08-29T00:39:40.386+0000] {dagbag.py:587} INFO - Filling up the DagBag from /home/airflow/.local/lib/python3.12/site-packages/airflow/example_dags/tutorial_dag.py
[2024-08-29T00:39:40.399+0000] {processor.py:925} INFO - DAG(s) 'tutorial_dag' retrieved from /home/airflow/.local/lib/python3.12/site-packages/airflow/example_dags/tutorial_dag.py
[2024-08-29T00:39:40.460+0000] {logging_mixin.py:190} INFO - [2024-08-29T00:39:40.460+0000] {dag.py:3211} INFO - Sync 1 DAGs
[2024-08-29T00:39:40.486+0000] {logging_mixin.py:190} INFO - [2024-08-29T00:39:40.486+0000] {dag.py:4138} INFO - Setting next_dagrun for tutorial_dag to None, run_after=None
[2024-08-29T00:39:40.526+0000] {processor.py:208} INFO - Processing /home/airflow/.local/lib/python3.12/site-packages/airflow/example_dags/tutorial_dag.py took 0.159 seconds
[2024-08-29T00:40:10.848+0000] {processor.py:186} INFO - Started process (PID=956) to work on /home/airflow/.local/lib/python3.12/site-packages/airflow/example_dags/tutorial_dag.py
[2024-08-29T00:40:10.849+0000] {processor.py:914} INFO - Processing file /home/airflow/.local/lib/python3.12/site-packages/airflow/example_dags/tutorial_dag.py for tasks to queue
[2024-08-29T00:40:10.853+0000] {logging_mixin.py:190} INFO - [2024-08-29T00:40:10.852+0000] {dagbag.py:587} INFO - Filling up the DagBag from /home/airflow/.local/lib/python3.12/site-packages/airflow/example_dags/tutorial_dag.py
[2024-08-29T00:40:10.862+0000] {processor.py:925} INFO - DAG(s) 'tutorial_dag' retrieved from /home/airflow/.local/lib/python3.12/site-packages/airflow/example_dags/tutorial_dag.py
[2024-08-29T00:40:10.889+0000] {logging_mixin.py:190} INFO - [2024-08-29T00:40:10.889+0000] {dag.py:3211} INFO - Sync 1 DAGs
[2024-08-29T00:40:10.909+0000] {logging_mixin.py:190} INFO - [2024-08-29T00:40:10.909+0000] {dag.py:4138} INFO - Setting next_dagrun for tutorial_dag to None, run_after=None
[2024-08-29T00:40:10.960+0000] {processor.py:208} INFO - Processing /home/airflow/.local/lib/python3.12/site-packages/airflow/example_dags/tutorial_dag.py took 0.120 seconds
[2024-08-29T00:40:41.542+0000] {processor.py:186} INFO - Started process (PID=1019) to work on /home/airflow/.local/lib/python3.12/site-packages/airflow/example_dags/tutorial_dag.py
[2024-08-29T00:40:41.543+0000] {processor.py:914} INFO - Processing file /home/airflow/.local/lib/python3.12/site-packages/airflow/example_dags/tutorial_dag.py for tasks to queue
[2024-08-29T00:40:41.547+0000] {logging_mixin.py:190} INFO - [2024-08-29T00:40:41.546+0000] {dagbag.py:587} INFO - Filling up the DagBag from /home/airflow/.local/lib/python3.12/site-packages/airflow/example_dags/tutorial_dag.py
[2024-08-29T00:40:41.561+0000] {processor.py:925} INFO - DAG(s) 'tutorial_dag' retrieved from /home/airflow/.local/lib/python3.12/site-packages/airflow/example_dags/tutorial_dag.py
[2024-08-29T00:40:41.594+0000] {logging_mixin.py:190} INFO - [2024-08-29T00:40:41.594+0000] {dag.py:3211} INFO - Sync 1 DAGs
[2024-08-29T00:40:41.616+0000] {logging_mixin.py:190} INFO - [2024-08-29T00:40:41.615+0000] {dag.py:4138} INFO - Setting next_dagrun for tutorial_dag to None, run_after=None
[2024-08-29T00:40:41.664+0000] {processor.py:208} INFO - Processing /home/airflow/.local/lib/python3.12/site-packages/airflow/example_dags/tutorial_dag.py took 0.133 seconds
[2024-08-29T00:41:12.269+0000] {processor.py:186} INFO - Started process (PID=1083) to work on /home/airflow/.local/lib/python3.12/site-packages/airflow/example_dags/tutorial_dag.py
[2024-08-29T00:41:12.271+0000] {processor.py:914} INFO - Processing file /home/airflow/.local/lib/python3.12/site-packages/airflow/example_dags/tutorial_dag.py for tasks to queue
[2024-08-29T00:41:12.275+0000] {logging_mixin.py:190} INFO - [2024-08-29T00:41:12.274+0000] {dagbag.py:587} INFO - Filling up the DagBag from /home/airflow/.local/lib/python3.12/site-packages/airflow/example_dags/tutorial_dag.py
[2024-08-29T00:41:12.287+0000] {processor.py:925} INFO - DAG(s) 'tutorial_dag' retrieved from /home/airflow/.local/lib/python3.12/site-packages/airflow/example_dags/tutorial_dag.py
[2024-08-29T00:41:12.320+0000] {logging_mixin.py:190} INFO - [2024-08-29T00:41:12.320+0000] {dag.py:3211} INFO - Sync 1 DAGs
[2024-08-29T00:41:12.347+0000] {logging_mixin.py:190} INFO - [2024-08-29T00:41:12.347+0000] {dag.py:4138} INFO - Setting next_dagrun for tutorial_dag to None, run_after=None
[2024-08-29T00:41:12.392+0000] {processor.py:208} INFO - Processing /home/airflow/.local/lib/python3.12/site-packages/airflow/example_dags/tutorial_dag.py took 0.134 seconds
[2024-08-29T00:41:43.092+0000] {processor.py:186} INFO - Started process (PID=1146) to work on /home/airflow/.local/lib/python3.12/site-packages/airflow/example_dags/tutorial_dag.py
[2024-08-29T00:41:43.096+0000] {processor.py:914} INFO - Processing file /home/airflow/.local/lib/python3.12/site-packages/airflow/example_dags/tutorial_dag.py for tasks to queue
[2024-08-29T00:41:43.110+0000] {logging_mixin.py:190} INFO - [2024-08-29T00:41:43.110+0000] {dagbag.py:587} INFO - Filling up the DagBag from /home/airflow/.local/lib/python3.12/site-packages/airflow/example_dags/tutorial_dag.py
[2024-08-29T00:41:43.143+0000] {processor.py:925} INFO - DAG(s) 'tutorial_dag' retrieved from /home/airflow/.local/lib/python3.12/site-packages/airflow/example_dags/tutorial_dag.py
[2024-08-29T00:41:43.191+0000] {logging_mixin.py:190} INFO - [2024-08-29T00:41:43.190+0000] {dag.py:3211} INFO - Sync 1 DAGs
[2024-08-29T00:41:43.220+0000] {logging_mixin.py:190} INFO - [2024-08-29T00:41:43.220+0000] {dag.py:4138} INFO - Setting next_dagrun for tutorial_dag to None, run_after=None
[2024-08-29T00:41:43.258+0000] {processor.py:208} INFO - Processing /home/airflow/.local/lib/python3.12/site-packages/airflow/example_dags/tutorial_dag.py took 0.219 seconds
[2024-08-29T00:42:14.158+0000] {processor.py:186} INFO - Started process (PID=1210) to work on /home/airflow/.local/lib/python3.12/site-packages/airflow/example_dags/tutorial_dag.py
[2024-08-29T00:42:14.160+0000] {processor.py:914} INFO - Processing file /home/airflow/.local/lib/python3.12/site-packages/airflow/example_dags/tutorial_dag.py for tasks to queue
[2024-08-29T00:42:14.163+0000] {logging_mixin.py:190} INFO - [2024-08-29T00:42:14.163+0000] {dagbag.py:587} INFO - Filling up the DagBag from /home/airflow/.local/lib/python3.12/site-packages/airflow/example_dags/tutorial_dag.py
[2024-08-29T00:42:14.176+0000] {processor.py:925} INFO - DAG(s) 'tutorial_dag' retrieved from /home/airflow/.local/lib/python3.12/site-packages/airflow/example_dags/tutorial_dag.py
[2024-08-29T00:42:14.210+0000] {logging_mixin.py:190} INFO - [2024-08-29T00:42:14.209+0000] {dag.py:3211} INFO - Sync 1 DAGs
[2024-08-29T00:42:14.241+0000] {logging_mixin.py:190} INFO - [2024-08-29T00:42:14.241+0000] {dag.py:4138} INFO - Setting next_dagrun for tutorial_dag to None, run_after=None
[2024-08-29T00:42:14.285+0000] {processor.py:208} INFO - Processing /home/airflow/.local/lib/python3.12/site-packages/airflow/example_dags/tutorial_dag.py took 0.137 seconds
[2024-08-29T00:42:44.652+0000] {processor.py:186} INFO - Started process (PID=1273) to work on /home/airflow/.local/lib/python3.12/site-packages/airflow/example_dags/tutorial_dag.py
[2024-08-29T00:42:44.660+0000] {processor.py:914} INFO - Processing file /home/airflow/.local/lib/python3.12/site-packages/airflow/example_dags/tutorial_dag.py for tasks to queue
[2024-08-29T00:42:44.671+0000] {logging_mixin.py:190} INFO - [2024-08-29T00:42:44.670+0000] {dagbag.py:587} INFO - Filling up the DagBag from /home/airflow/.local/lib/python3.12/site-packages/airflow/example_dags/tutorial_dag.py
[2024-08-29T00:42:44.709+0000] {processor.py:925} INFO - DAG(s) 'tutorial_dag' retrieved from /home/airflow/.local/lib/python3.12/site-packages/airflow/example_dags/tutorial_dag.py
[2024-08-29T00:42:44.776+0000] {logging_mixin.py:190} INFO - [2024-08-29T00:42:44.775+0000] {dag.py:3211} INFO - Sync 1 DAGs
[2024-08-29T00:42:44.814+0000] {logging_mixin.py:190} INFO - [2024-08-29T00:42:44.813+0000] {dag.py:4138} INFO - Setting next_dagrun for tutorial_dag to None, run_after=None
[2024-08-29T00:42:44.855+0000] {processor.py:208} INFO - Processing /home/airflow/.local/lib/python3.12/site-packages/airflow/example_dags/tutorial_dag.py took 0.214 seconds
[2024-08-29T00:43:15.064+0000] {processor.py:186} INFO - Started process (PID=1336) to work on /home/airflow/.local/lib/python3.12/site-packages/airflow/example_dags/tutorial_dag.py
[2024-08-29T00:43:15.065+0000] {processor.py:914} INFO - Processing file /home/airflow/.local/lib/python3.12/site-packages/airflow/example_dags/tutorial_dag.py for tasks to queue
[2024-08-29T00:43:15.070+0000] {logging_mixin.py:190} INFO - [2024-08-29T00:43:15.069+0000] {dagbag.py:587} INFO - Filling up the DagBag from /home/airflow/.local/lib/python3.12/site-packages/airflow/example_dags/tutorial_dag.py
[2024-08-29T00:43:15.083+0000] {processor.py:925} INFO - DAG(s) 'tutorial_dag' retrieved from /home/airflow/.local/lib/python3.12/site-packages/airflow/example_dags/tutorial_dag.py
[2024-08-29T00:43:15.126+0000] {logging_mixin.py:190} INFO - [2024-08-29T00:43:15.123+0000] {dag.py:3211} INFO - Sync 1 DAGs
[2024-08-29T00:43:15.151+0000] {logging_mixin.py:190} INFO - [2024-08-29T00:43:15.150+0000] {dag.py:4138} INFO - Setting next_dagrun for tutorial_dag to None, run_after=None
[2024-08-29T00:43:15.188+0000] {processor.py:208} INFO - Processing /home/airflow/.local/lib/python3.12/site-packages/airflow/example_dags/tutorial_dag.py took 0.136 seconds
[2024-08-29T00:43:45.605+0000] {processor.py:186} INFO - Started process (PID=1398) to work on /home/airflow/.local/lib/python3.12/site-packages/airflow/example_dags/tutorial_dag.py
[2024-08-29T00:43:45.607+0000] {processor.py:914} INFO - Processing file /home/airflow/.local/lib/python3.12/site-packages/airflow/example_dags/tutorial_dag.py for tasks to queue
[2024-08-29T00:43:45.610+0000] {logging_mixin.py:190} INFO - [2024-08-29T00:43:45.609+0000] {dagbag.py:587} INFO - Filling up the DagBag from /home/airflow/.local/lib/python3.12/site-packages/airflow/example_dags/tutorial_dag.py
[2024-08-29T00:43:45.623+0000] {processor.py:925} INFO - DAG(s) 'tutorial_dag' retrieved from /home/airflow/.local/lib/python3.12/site-packages/airflow/example_dags/tutorial_dag.py
[2024-08-29T00:43:45.655+0000] {logging_mixin.py:190} INFO - [2024-08-29T00:43:45.655+0000] {dag.py:3211} INFO - Sync 1 DAGs
[2024-08-29T00:43:45.675+0000] {logging_mixin.py:190} INFO - [2024-08-29T00:43:45.675+0000] {dag.py:4138} INFO - Setting next_dagrun for tutorial_dag to None, run_after=None
[2024-08-29T00:43:45.712+0000] {processor.py:208} INFO - Processing /home/airflow/.local/lib/python3.12/site-packages/airflow/example_dags/tutorial_dag.py took 0.115 seconds
[2024-08-29T00:44:16.314+0000] {processor.py:186} INFO - Started process (PID=1461) to work on /home/airflow/.local/lib/python3.12/site-packages/airflow/example_dags/tutorial_dag.py
[2024-08-29T00:44:16.316+0000] {processor.py:914} INFO - Processing file /home/airflow/.local/lib/python3.12/site-packages/airflow/example_dags/tutorial_dag.py for tasks to queue
[2024-08-29T00:44:16.319+0000] {logging_mixin.py:190} INFO - [2024-08-29T00:44:16.319+0000] {dagbag.py:587} INFO - Filling up the DagBag from /home/airflow/.local/lib/python3.12/site-packages/airflow/example_dags/tutorial_dag.py
[2024-08-29T00:44:16.338+0000] {processor.py:925} INFO - DAG(s) 'tutorial_dag' retrieved from /home/airflow/.local/lib/python3.12/site-packages/airflow/example_dags/tutorial_dag.py
[2024-08-29T00:44:16.380+0000] {logging_mixin.py:190} INFO - [2024-08-29T00:44:16.380+0000] {dag.py:3211} INFO - Sync 1 DAGs
[2024-08-29T00:44:16.409+0000] {logging_mixin.py:190} INFO - [2024-08-29T00:44:16.409+0000] {dag.py:4138} INFO - Setting next_dagrun for tutorial_dag to None, run_after=None
[2024-08-29T00:44:16.440+0000] {processor.py:208} INFO - Processing /home/airflow/.local/lib/python3.12/site-packages/airflow/example_dags/tutorial_dag.py took 0.142 seconds
[2024-08-29T00:44:47.022+0000] {processor.py:186} INFO - Started process (PID=1530) to work on /home/airflow/.local/lib/python3.12/site-packages/airflow/example_dags/tutorial_dag.py
[2024-08-29T00:44:47.024+0000] {processor.py:914} INFO - Processing file /home/airflow/.local/lib/python3.12/site-packages/airflow/example_dags/tutorial_dag.py for tasks to queue
[2024-08-29T00:44:47.028+0000] {logging_mixin.py:190} INFO - [2024-08-29T00:44:47.027+0000] {dagbag.py:587} INFO - Filling up the DagBag from /home/airflow/.local/lib/python3.12/site-packages/airflow/example_dags/tutorial_dag.py
[2024-08-29T00:44:47.039+0000] {processor.py:925} INFO - DAG(s) 'tutorial_dag' retrieved from /home/airflow/.local/lib/python3.12/site-packages/airflow/example_dags/tutorial_dag.py
[2024-08-29T00:44:47.069+0000] {logging_mixin.py:190} INFO - [2024-08-29T00:44:47.068+0000] {dag.py:3211} INFO - Sync 1 DAGs
[2024-08-29T00:44:47.090+0000] {logging_mixin.py:190} INFO - [2024-08-29T00:44:47.090+0000] {dag.py:4138} INFO - Setting next_dagrun for tutorial_dag to None, run_after=None
[2024-08-29T00:44:47.135+0000] {processor.py:208} INFO - Processing /home/airflow/.local/lib/python3.12/site-packages/airflow/example_dags/tutorial_dag.py took 0.122 seconds
[2024-08-29T00:45:17.577+0000] {processor.py:186} INFO - Started process (PID=1594) to work on /home/airflow/.local/lib/python3.12/site-packages/airflow/example_dags/tutorial_dag.py
[2024-08-29T00:45:17.579+0000] {processor.py:914} INFO - Processing file /home/airflow/.local/lib/python3.12/site-packages/airflow/example_dags/tutorial_dag.py for tasks to queue
[2024-08-29T00:45:17.582+0000] {logging_mixin.py:190} INFO - [2024-08-29T00:45:17.582+0000] {dagbag.py:587} INFO - Filling up the DagBag from /home/airflow/.local/lib/python3.12/site-packages/airflow/example_dags/tutorial_dag.py
[2024-08-29T00:45:17.594+0000] {processor.py:925} INFO - DAG(s) 'tutorial_dag' retrieved from /home/airflow/.local/lib/python3.12/site-packages/airflow/example_dags/tutorial_dag.py
[2024-08-29T00:45:17.628+0000] {logging_mixin.py:190} INFO - [2024-08-29T00:45:17.628+0000] {dag.py:3211} INFO - Sync 1 DAGs
[2024-08-29T00:45:17.652+0000] {logging_mixin.py:190} INFO - [2024-08-29T00:45:17.652+0000] {dag.py:4138} INFO - Setting next_dagrun for tutorial_dag to None, run_after=None
[2024-08-29T00:45:17.683+0000] {processor.py:208} INFO - Processing /home/airflow/.local/lib/python3.12/site-packages/airflow/example_dags/tutorial_dag.py took 0.114 seconds
[2024-08-29T00:45:48.286+0000] {processor.py:186} INFO - Started process (PID=1658) to work on /home/airflow/.local/lib/python3.12/site-packages/airflow/example_dags/tutorial_dag.py
[2024-08-29T00:45:48.287+0000] {processor.py:914} INFO - Processing file /home/airflow/.local/lib/python3.12/site-packages/airflow/example_dags/tutorial_dag.py for tasks to queue
[2024-08-29T00:45:48.291+0000] {logging_mixin.py:190} INFO - [2024-08-29T00:45:48.290+0000] {dagbag.py:587} INFO - Filling up the DagBag from /home/airflow/.local/lib/python3.12/site-packages/airflow/example_dags/tutorial_dag.py
[2024-08-29T00:45:48.300+0000] {processor.py:925} INFO - DAG(s) 'tutorial_dag' retrieved from /home/airflow/.local/lib/python3.12/site-packages/airflow/example_dags/tutorial_dag.py
[2024-08-29T00:45:48.329+0000] {logging_mixin.py:190} INFO - [2024-08-29T00:45:48.328+0000] {dag.py:3211} INFO - Sync 1 DAGs
[2024-08-29T00:45:48.380+0000] {logging_mixin.py:190} INFO - [2024-08-29T00:45:48.380+0000] {dag.py:4138} INFO - Setting next_dagrun for tutorial_dag to None, run_after=None
[2024-08-29T00:45:48.459+0000] {processor.py:208} INFO - Processing /home/airflow/.local/lib/python3.12/site-packages/airflow/example_dags/tutorial_dag.py took 0.182 seconds
[2024-08-29T00:46:18.962+0000] {processor.py:186} INFO - Started process (PID=1721) to work on /home/airflow/.local/lib/python3.12/site-packages/airflow/example_dags/tutorial_dag.py
[2024-08-29T00:46:18.964+0000] {processor.py:914} INFO - Processing file /home/airflow/.local/lib/python3.12/site-packages/airflow/example_dags/tutorial_dag.py for tasks to queue
[2024-08-29T00:46:18.969+0000] {logging_mixin.py:190} INFO - [2024-08-29T00:46:18.968+0000] {dagbag.py:587} INFO - Filling up the DagBag from /home/airflow/.local/lib/python3.12/site-packages/airflow/example_dags/tutorial_dag.py
[2024-08-29T00:46:18.986+0000] {processor.py:925} INFO - DAG(s) 'tutorial_dag' retrieved from /home/airflow/.local/lib/python3.12/site-packages/airflow/example_dags/tutorial_dag.py
[2024-08-29T00:46:19.030+0000] {logging_mixin.py:190} INFO - [2024-08-29T00:46:19.029+0000] {dag.py:3211} INFO - Sync 1 DAGs
[2024-08-29T00:46:19.151+0000] {logging_mixin.py:190} INFO - [2024-08-29T00:46:19.151+0000] {dag.py:4138} INFO - Setting next_dagrun for tutorial_dag to None, run_after=None
[2024-08-29T00:46:19.257+0000] {processor.py:208} INFO - Processing /home/airflow/.local/lib/python3.12/site-packages/airflow/example_dags/tutorial_dag.py took 0.316 seconds
