[2024-08-31T13:43:54.874+0000] {local_task_job_runner.py:123} INFO - ::group::Pre task execution logs
[2024-08-31T13:43:54.916+0000] {taskinstance.py:2603} INFO - Dependencies all met for dep_context=non-requeueable deps ti=<TaskInstance: generate_dag.transformation manual__2024-08-31T13:43:39.032446+00:00 [queued]>
[2024-08-31T13:43:54.936+0000] {taskinstance.py:2603} INFO - Dependencies all met for dep_context=requeueable deps ti=<TaskInstance: generate_dag.transformation manual__2024-08-31T13:43:39.032446+00:00 [queued]>
[2024-08-31T13:43:54.940+0000] {taskinstance.py:2856} INFO - Starting attempt 1 of 1
[2024-08-31T13:43:55.007+0000] {taskinstance.py:2879} INFO - Executing <Task(_PythonDecoratedOperator): transformation> on 2024-08-31 13:43:39.032446+00:00
[2024-08-31T13:43:55.016+0000] {warnings.py:112} WARNING - /home/***/.local/lib/python3.12/site-packages/***/task/task_runner/standard_task_runner.py:70: DeprecationWarning: This process (pid=168) is multi-threaded, use of fork() may lead to deadlocks in the child.
  pid = os.fork()

[2024-08-31T13:43:55.023+0000] {standard_task_runner.py:72} INFO - Started process 171 to run task
[2024-08-31T13:43:55.023+0000] {standard_task_runner.py:104} INFO - Running: ['***', 'tasks', 'run', 'generate_dag', 'transformation', 'manual__2024-08-31T13:43:39.032446+00:00', '--job-id', '76', '--raw', '--subdir', 'DAGS_FOLDER/mydag.py', '--cfg-path', '/tmp/tmpjvr5epef']
[2024-08-31T13:43:55.025+0000] {standard_task_runner.py:105} INFO - Job 76: Subtask transformation
[2024-08-31T13:43:55.300+0000] {task_command.py:467} INFO - Running <TaskInstance: generate_dag.transformation manual__2024-08-31T13:43:39.032446+00:00 [running]> on host 763d90797398
[2024-08-31T13:43:55.705+0000] {taskinstance.py:3122} INFO - Exporting env vars: AIRFLOW_CTX_DAG_OWNER='***' AIRFLOW_CTX_DAG_ID='generate_dag' AIRFLOW_CTX_TASK_ID='transformation' AIRFLOW_CTX_EXECUTION_DATE='2024-08-31T13:43:39.032446+00:00' AIRFLOW_CTX_TRY_NUMBER='1' AIRFLOW_CTX_DAG_RUN_ID='manual__2024-08-31T13:43:39.032446+00:00'
[2024-08-31T13:43:55.716+0000] {logging_mixin.py:190} INFO - Task instance is in running state
[2024-08-31T13:43:55.726+0000] {logging_mixin.py:190} INFO -  Previous state of the Task instance: queued
[2024-08-31T13:43:55.727+0000] {logging_mixin.py:190} INFO - Current task name:transformation state:running start_date:2024-08-31 13:43:54.919312+00:00
[2024-08-31T13:43:55.728+0000] {logging_mixin.py:190} INFO - Dag name:generate_dag and current dag run status:running
[2024-08-31T13:43:55.729+0000] {taskinstance.py:731} INFO - ::endgroup::
[2024-08-31T13:43:55.737+0000] {python.py:240} INFO - Done. Returned value was: [(1, 'Profit and Loss after tax', 'Profit and Loss after tax'), (2, 'Income', 'Income'), (3, 'Expense', 'Expense'), (4, 'Sale Revenue', 'Sale Revenue'), (5, 'Cost of Goods Sold', 'Cost of Goods Sold'), (6, 'Selling, General & Administrative Expenses', 'Selling, General & Administrative Expenses'), (7, 'Administration Expense', 'Administration Expense'), (8, 'IT Cost', 'IT Cost'), (9, 'Human Capital', 'Human Capital'), (10, 'Light, Heat, Communication Cost', 'Light, Heat, Communication Cost'), (11, 'Property Costs', 'Property Costs'), (12, 'Other Expenses', 'Other Expenses'), (13, 'Marketing Cost', 'Marketing & Advertisement Cost'), (14, 'Holiday Ad Cost', 'Holiday Ad Cost'), (15, 'Spring Ad Cost', 'Spring Ad Cost'), (16, 'Back-to-School Ad Cost', 'Back-to-School Ad Cost'), (17, 'Business Ad Cost', 'Business Ad Cost'), (18, 'Tax Time / Summer Ad Cost', 'Tax Time / Summer Ad Cost'), (19, 'Taxation', 'Taxation'), (20, 'Radio & TV', 'Holiday Ad Cost by Radio & TV'), (21, 'Print', 'Holiday Ad Cost by Print'), (22, 'Internet', 'Holiday Ad Cost by Internet'), (23, 'Other', 'Holiday Ad Cost by Other'), (24, 'Profit and Loss before tax', 'Profit and Loss before tax')]
[2024-08-31T13:43:55.925+0000] {taskinstance.py:340} INFO - ::group::Post task execution logs
[2024-08-31T13:43:55.931+0000] {taskinstance.py:352} INFO - Marking task as SUCCESS. dag_id=generate_dag, task_id=transformation, run_id=manual__2024-08-31T13:43:39.032446+00:00, execution_date=20240831T134339, start_date=20240831T134354, end_date=20240831T134355
[2024-08-31T13:43:56.000+0000] {logging_mixin.py:190} INFO - Task instance in success state
[2024-08-31T13:43:56.010+0000] {logging_mixin.py:190} INFO -  Previous state of the Task instance: running
[2024-08-31T13:43:56.016+0000] {logging_mixin.py:190} INFO - Dag name:generate_dag queued_at:2024-08-31 13:43:39.084750+00:00
[2024-08-31T13:43:56.021+0000] {logging_mixin.py:190} INFO - Task hostname:763d90797398 operator:_PythonDecoratedOperator
[2024-08-31T13:43:56.075+0000] {local_task_job_runner.py:261} INFO - Task exited with return code 0
[2024-08-31T13:43:56.206+0000] {taskinstance.py:3891} INFO - 2 downstream tasks scheduled from follow-on schedule check
[2024-08-31T13:43:56.218+0000] {local_task_job_runner.py:240} INFO - ::endgroup::
