[2024-08-29T00:01:01.237+0000] {processor.py:186} INFO - Started process (PID=85) to work on /opt/airflow/dags/mydag.py
[2024-08-29T00:01:01.332+0000] {processor.py:914} INFO - Processing file /opt/airflow/dags/mydag.py for tasks to queue
[2024-08-29T00:01:01.419+0000] {logging_mixin.py:190} INFO - [2024-08-29T00:01:01.415+0000] {dagbag.py:587} INFO - Filling up the DagBag from /opt/airflow/dags/mydag.py
[2024-08-29T00:01:01.562+0000] {logging_mixin.py:190} INFO - [2024-08-29T00:01:01.555+0000] {dagbag.py:386} ERROR - Failed to import: /opt/airflow/dags/mydag.py
Traceback (most recent call last):
  File "/home/airflow/.local/lib/python3.12/site-packages/airflow/models/dagbag.py", line 382, in parse
    loader.exec_module(new_module)
  File "<frozen importlib._bootstrap_external>", line 991, in exec_module
  File "<frozen importlib._bootstrap_external>", line 1129, in get_code
  File "<frozen importlib._bootstrap_external>", line 1059, in source_to_code
  File "<frozen importlib._bootstrap>", line 488, in _call_with_frames_removed
  File "/opt/airflow/dags/mydag.py", line 10
    @task
    ^
IndentationError: expected an indented block after function definition on line 8
[2024-08-29T00:01:01.572+0000] {processor.py:927} WARNING - No viable dags retrieved from /opt/airflow/dags/mydag.py
[2024-08-29T00:01:01.770+0000] {processor.py:208} INFO - Processing /opt/airflow/dags/mydag.py took 0.873 seconds
[2024-08-29T00:01:42.848+0000] {processor.py:186} INFO - Started process (PID=148) to work on /opt/airflow/dags/mydag.py
[2024-08-29T00:01:42.851+0000] {processor.py:914} INFO - Processing file /opt/airflow/dags/mydag.py for tasks to queue
[2024-08-29T00:01:42.855+0000] {logging_mixin.py:190} INFO - [2024-08-29T00:01:42.855+0000] {dagbag.py:587} INFO - Filling up the DagBag from /opt/airflow/dags/mydag.py
[2024-08-29T00:01:42.901+0000] {logging_mixin.py:190} INFO - [2024-08-29T00:01:42.893+0000] {dagbag.py:386} ERROR - Failed to import: /opt/airflow/dags/mydag.py
Traceback (most recent call last):
  File "/home/airflow/.local/lib/python3.12/site-packages/airflow/models/dagbag.py", line 382, in parse
    loader.exec_module(new_module)
  File "<frozen importlib._bootstrap_external>", line 991, in exec_module
  File "<frozen importlib._bootstrap_external>", line 1129, in get_code
  File "<frozen importlib._bootstrap_external>", line 1059, in source_to_code
  File "<frozen importlib._bootstrap>", line 488, in _call_with_frames_removed
  File "/opt/airflow/dags/mydag.py", line 10
    @task
    ^
IndentationError: expected an indented block after function definition on line 8
[2024-08-29T00:01:42.902+0000] {processor.py:927} WARNING - No viable dags retrieved from /opt/airflow/dags/mydag.py
[2024-08-29T00:01:43.308+0000] {processor.py:208} INFO - Processing /opt/airflow/dags/mydag.py took 0.471 seconds
[2024-08-29T00:02:13.535+0000] {processor.py:186} INFO - Started process (PID=211) to work on /opt/airflow/dags/mydag.py
[2024-08-29T00:02:13.536+0000] {processor.py:914} INFO - Processing file /opt/airflow/dags/mydag.py for tasks to queue
[2024-08-29T00:02:13.539+0000] {logging_mixin.py:190} INFO - [2024-08-29T00:02:13.538+0000] {dagbag.py:587} INFO - Filling up the DagBag from /opt/airflow/dags/mydag.py
[2024-08-29T00:02:13.555+0000] {logging_mixin.py:190} INFO - [2024-08-29T00:02:13.554+0000] {dagbag.py:386} ERROR - Failed to import: /opt/airflow/dags/mydag.py
Traceback (most recent call last):
  File "/home/airflow/.local/lib/python3.12/site-packages/airflow/models/dagbag.py", line 382, in parse
    loader.exec_module(new_module)
  File "<frozen importlib._bootstrap_external>", line 991, in exec_module
  File "<frozen importlib._bootstrap_external>", line 1129, in get_code
  File "<frozen importlib._bootstrap_external>", line 1059, in source_to_code
  File "<frozen importlib._bootstrap>", line 488, in _call_with_frames_removed
  File "/opt/airflow/dags/mydag.py", line 10
    @task
    ^
IndentationError: expected an indented block after function definition on line 8
[2024-08-29T00:02:13.556+0000] {processor.py:927} WARNING - No viable dags retrieved from /opt/airflow/dags/mydag.py
[2024-08-29T00:02:13.594+0000] {processor.py:208} INFO - Processing /opt/airflow/dags/mydag.py took 0.067 seconds
[2024-08-29T00:02:44.124+0000] {processor.py:186} INFO - Started process (PID=272) to work on /opt/airflow/dags/mydag.py
[2024-08-29T00:02:44.126+0000] {processor.py:914} INFO - Processing file /opt/airflow/dags/mydag.py for tasks to queue
[2024-08-29T00:02:44.130+0000] {logging_mixin.py:190} INFO - [2024-08-29T00:02:44.129+0000] {dagbag.py:587} INFO - Filling up the DagBag from /opt/airflow/dags/mydag.py
[2024-08-29T00:02:44.159+0000] {logging_mixin.py:190} INFO - [2024-08-29T00:02:44.157+0000] {dagbag.py:386} ERROR - Failed to import: /opt/airflow/dags/mydag.py
Traceback (most recent call last):
  File "/home/airflow/.local/lib/python3.12/site-packages/airflow/models/dagbag.py", line 382, in parse
    loader.exec_module(new_module)
  File "<frozen importlib._bootstrap_external>", line 991, in exec_module
  File "<frozen importlib._bootstrap_external>", line 1129, in get_code
  File "<frozen importlib._bootstrap_external>", line 1059, in source_to_code
  File "<frozen importlib._bootstrap>", line 488, in _call_with_frames_removed
  File "/opt/airflow/dags/mydag.py", line 10
    @task
    ^
IndentationError: expected an indented block after function definition on line 8
[2024-08-29T00:02:44.160+0000] {processor.py:927} WARNING - No viable dags retrieved from /opt/airflow/dags/mydag.py
[2024-08-29T00:02:44.202+0000] {processor.py:208} INFO - Processing /opt/airflow/dags/mydag.py took 0.089 seconds
[2024-08-29T00:03:14.979+0000] {processor.py:186} INFO - Started process (PID=335) to work on /opt/airflow/dags/mydag.py
[2024-08-29T00:03:14.980+0000] {processor.py:914} INFO - Processing file /opt/airflow/dags/mydag.py for tasks to queue
[2024-08-29T00:03:14.983+0000] {logging_mixin.py:190} INFO - [2024-08-29T00:03:14.983+0000] {dagbag.py:587} INFO - Filling up the DagBag from /opt/airflow/dags/mydag.py
[2024-08-29T00:03:15.011+0000] {logging_mixin.py:190} INFO - [2024-08-29T00:03:15.008+0000] {dagbag.py:386} ERROR - Failed to import: /opt/airflow/dags/mydag.py
Traceback (most recent call last):
  File "/home/airflow/.local/lib/python3.12/site-packages/airflow/models/dagbag.py", line 382, in parse
    loader.exec_module(new_module)
  File "<frozen importlib._bootstrap_external>", line 991, in exec_module
  File "<frozen importlib._bootstrap_external>", line 1129, in get_code
  File "<frozen importlib._bootstrap_external>", line 1059, in source_to_code
  File "<frozen importlib._bootstrap>", line 488, in _call_with_frames_removed
  File "/opt/airflow/dags/mydag.py", line 10
    @task
    ^
IndentationError: expected an indented block after function definition on line 8
[2024-08-29T00:03:15.013+0000] {processor.py:927} WARNING - No viable dags retrieved from /opt/airflow/dags/mydag.py
[2024-08-29T00:03:15.059+0000] {processor.py:208} INFO - Processing /opt/airflow/dags/mydag.py took 0.090 seconds
[2024-08-29T00:03:45.243+0000] {processor.py:186} INFO - Started process (PID=391) to work on /opt/airflow/dags/mydag.py
[2024-08-29T00:03:45.245+0000] {processor.py:914} INFO - Processing file /opt/airflow/dags/mydag.py for tasks to queue
[2024-08-29T00:03:45.251+0000] {logging_mixin.py:190} INFO - [2024-08-29T00:03:45.250+0000] {dagbag.py:587} INFO - Filling up the DagBag from /opt/airflow/dags/mydag.py
[2024-08-29T00:03:45.281+0000] {logging_mixin.py:190} INFO - [2024-08-29T00:03:45.278+0000] {dagbag.py:386} ERROR - Failed to import: /opt/airflow/dags/mydag.py
Traceback (most recent call last):
  File "/home/airflow/.local/lib/python3.12/site-packages/airflow/models/dagbag.py", line 382, in parse
    loader.exec_module(new_module)
  File "<frozen importlib._bootstrap_external>", line 991, in exec_module
  File "<frozen importlib._bootstrap_external>", line 1129, in get_code
  File "<frozen importlib._bootstrap_external>", line 1059, in source_to_code
  File "<frozen importlib._bootstrap>", line 488, in _call_with_frames_removed
  File "/opt/airflow/dags/mydag.py", line 10
    @task
    ^
IndentationError: expected an indented block after function definition on line 8
[2024-08-29T00:03:45.282+0000] {processor.py:927} WARNING - No viable dags retrieved from /opt/airflow/dags/mydag.py
[2024-08-29T00:03:45.315+0000] {processor.py:208} INFO - Processing /opt/airflow/dags/mydag.py took 0.084 seconds
[2024-08-29T00:04:15.611+0000] {processor.py:186} INFO - Started process (PID=454) to work on /opt/airflow/dags/mydag.py
[2024-08-29T00:04:15.612+0000] {processor.py:914} INFO - Processing file /opt/airflow/dags/mydag.py for tasks to queue
[2024-08-29T00:04:15.617+0000] {logging_mixin.py:190} INFO - [2024-08-29T00:04:15.616+0000] {dagbag.py:587} INFO - Filling up the DagBag from /opt/airflow/dags/mydag.py
[2024-08-29T00:04:15.641+0000] {logging_mixin.py:190} INFO - [2024-08-29T00:04:15.639+0000] {dagbag.py:386} ERROR - Failed to import: /opt/airflow/dags/mydag.py
Traceback (most recent call last):
  File "/home/airflow/.local/lib/python3.12/site-packages/airflow/models/dagbag.py", line 382, in parse
    loader.exec_module(new_module)
  File "<frozen importlib._bootstrap_external>", line 991, in exec_module
  File "<frozen importlib._bootstrap_external>", line 1129, in get_code
  File "<frozen importlib._bootstrap_external>", line 1059, in source_to_code
  File "<frozen importlib._bootstrap>", line 488, in _call_with_frames_removed
  File "/opt/airflow/dags/mydag.py", line 10
    @task
    ^
IndentationError: expected an indented block after function definition on line 8
[2024-08-29T00:04:15.642+0000] {processor.py:927} WARNING - No viable dags retrieved from /opt/airflow/dags/mydag.py
[2024-08-29T00:04:15.682+0000] {processor.py:208} INFO - Processing /opt/airflow/dags/mydag.py took 0.080 seconds
[2024-08-29T00:04:46.401+0000] {processor.py:186} INFO - Started process (PID=517) to work on /opt/airflow/dags/mydag.py
[2024-08-29T00:04:46.402+0000] {processor.py:914} INFO - Processing file /opt/airflow/dags/mydag.py for tasks to queue
[2024-08-29T00:04:46.406+0000] {logging_mixin.py:190} INFO - [2024-08-29T00:04:46.405+0000] {dagbag.py:587} INFO - Filling up the DagBag from /opt/airflow/dags/mydag.py
[2024-08-29T00:04:46.425+0000] {logging_mixin.py:190} INFO - [2024-08-29T00:04:46.424+0000] {dagbag.py:386} ERROR - Failed to import: /opt/airflow/dags/mydag.py
Traceback (most recent call last):
  File "/home/airflow/.local/lib/python3.12/site-packages/airflow/models/dagbag.py", line 382, in parse
    loader.exec_module(new_module)
  File "<frozen importlib._bootstrap_external>", line 991, in exec_module
  File "<frozen importlib._bootstrap_external>", line 1129, in get_code
  File "<frozen importlib._bootstrap_external>", line 1059, in source_to_code
  File "<frozen importlib._bootstrap>", line 488, in _call_with_frames_removed
  File "/opt/airflow/dags/mydag.py", line 10
    @task
    ^
IndentationError: expected an indented block after function definition on line 8
[2024-08-29T00:04:46.427+0000] {processor.py:927} WARNING - No viable dags retrieved from /opt/airflow/dags/mydag.py
[2024-08-29T00:04:46.478+0000] {processor.py:208} INFO - Processing /opt/airflow/dags/mydag.py took 0.084 seconds
[2024-08-29T00:05:18.299+0000] {processor.py:186} INFO - Started process (PID=580) to work on /opt/airflow/dags/mydag.py
[2024-08-29T00:05:18.301+0000] {processor.py:914} INFO - Processing file /opt/airflow/dags/mydag.py for tasks to queue
[2024-08-29T00:05:18.306+0000] {logging_mixin.py:190} INFO - [2024-08-29T00:05:18.305+0000] {dagbag.py:587} INFO - Filling up the DagBag from /opt/airflow/dags/mydag.py
[2024-08-29T00:05:18.328+0000] {logging_mixin.py:190} INFO - [2024-08-29T00:05:18.327+0000] {dagbag.py:386} ERROR - Failed to import: /opt/airflow/dags/mydag.py
Traceback (most recent call last):
  File "/home/airflow/.local/lib/python3.12/site-packages/airflow/models/dagbag.py", line 382, in parse
    loader.exec_module(new_module)
  File "<frozen importlib._bootstrap_external>", line 991, in exec_module
  File "<frozen importlib._bootstrap_external>", line 1129, in get_code
  File "<frozen importlib._bootstrap_external>", line 1059, in source_to_code
  File "<frozen importlib._bootstrap>", line 488, in _call_with_frames_removed
  File "/opt/airflow/dags/mydag.py", line 10
    @task
    ^
IndentationError: expected an indented block after function definition on line 8
[2024-08-29T00:05:18.329+0000] {processor.py:927} WARNING - No viable dags retrieved from /opt/airflow/dags/mydag.py
[2024-08-29T00:05:18.370+0000] {processor.py:208} INFO - Processing /opt/airflow/dags/mydag.py took 0.086 seconds
[2024-08-29T00:05:48.706+0000] {processor.py:186} INFO - Started process (PID=641) to work on /opt/airflow/dags/mydag.py
[2024-08-29T00:05:48.707+0000] {processor.py:914} INFO - Processing file /opt/airflow/dags/mydag.py for tasks to queue
[2024-08-29T00:05:48.714+0000] {logging_mixin.py:190} INFO - [2024-08-29T00:05:48.713+0000] {dagbag.py:587} INFO - Filling up the DagBag from /opt/airflow/dags/mydag.py
[2024-08-29T00:05:48.744+0000] {logging_mixin.py:190} INFO - [2024-08-29T00:05:48.742+0000] {dagbag.py:386} ERROR - Failed to import: /opt/airflow/dags/mydag.py
Traceback (most recent call last):
  File "/home/airflow/.local/lib/python3.12/site-packages/airflow/models/dagbag.py", line 382, in parse
    loader.exec_module(new_module)
  File "<frozen importlib._bootstrap_external>", line 991, in exec_module
  File "<frozen importlib._bootstrap_external>", line 1129, in get_code
  File "<frozen importlib._bootstrap_external>", line 1059, in source_to_code
  File "<frozen importlib._bootstrap>", line 488, in _call_with_frames_removed
  File "/opt/airflow/dags/mydag.py", line 10
    @task
    ^
IndentationError: expected an indented block after function definition on line 8
[2024-08-29T00:05:48.745+0000] {processor.py:927} WARNING - No viable dags retrieved from /opt/airflow/dags/mydag.py
[2024-08-29T00:05:48.801+0000] {processor.py:208} INFO - Processing /opt/airflow/dags/mydag.py took 0.106 seconds
[2024-08-29T00:06:19.202+0000] {processor.py:186} INFO - Started process (PID=704) to work on /opt/airflow/dags/mydag.py
[2024-08-29T00:06:19.203+0000] {processor.py:914} INFO - Processing file /opt/airflow/dags/mydag.py for tasks to queue
[2024-08-29T00:06:19.206+0000] {logging_mixin.py:190} INFO - [2024-08-29T00:06:19.206+0000] {dagbag.py:587} INFO - Filling up the DagBag from /opt/airflow/dags/mydag.py
[2024-08-29T00:06:19.226+0000] {logging_mixin.py:190} INFO - [2024-08-29T00:06:19.224+0000] {dagbag.py:386} ERROR - Failed to import: /opt/airflow/dags/mydag.py
Traceback (most recent call last):
  File "/home/airflow/.local/lib/python3.12/site-packages/airflow/models/dagbag.py", line 382, in parse
    loader.exec_module(new_module)
  File "<frozen importlib._bootstrap_external>", line 991, in exec_module
  File "<frozen importlib._bootstrap_external>", line 1129, in get_code
  File "<frozen importlib._bootstrap_external>", line 1059, in source_to_code
  File "<frozen importlib._bootstrap>", line 488, in _call_with_frames_removed
  File "/opt/airflow/dags/mydag.py", line 10
    @task
    ^
IndentationError: expected an indented block after function definition on line 8
[2024-08-29T00:06:19.227+0000] {processor.py:927} WARNING - No viable dags retrieved from /opt/airflow/dags/mydag.py
[2024-08-29T00:06:19.264+0000] {processor.py:208} INFO - Processing /opt/airflow/dags/mydag.py took 0.070 seconds
[2024-08-29T00:06:49.435+0000] {processor.py:186} INFO - Started process (PID=766) to work on /opt/airflow/dags/mydag.py
[2024-08-29T00:06:49.437+0000] {processor.py:914} INFO - Processing file /opt/airflow/dags/mydag.py for tasks to queue
[2024-08-29T00:06:49.442+0000] {logging_mixin.py:190} INFO - [2024-08-29T00:06:49.441+0000] {dagbag.py:587} INFO - Filling up the DagBag from /opt/airflow/dags/mydag.py
[2024-08-29T00:06:49.463+0000] {logging_mixin.py:190} INFO - [2024-08-29T00:06:49.461+0000] {dagbag.py:386} ERROR - Failed to import: /opt/airflow/dags/mydag.py
Traceback (most recent call last):
  File "/home/airflow/.local/lib/python3.12/site-packages/airflow/models/dagbag.py", line 382, in parse
    loader.exec_module(new_module)
  File "<frozen importlib._bootstrap_external>", line 991, in exec_module
  File "<frozen importlib._bootstrap_external>", line 1129, in get_code
  File "<frozen importlib._bootstrap_external>", line 1059, in source_to_code
  File "<frozen importlib._bootstrap>", line 488, in _call_with_frames_removed
  File "/opt/airflow/dags/mydag.py", line 10
    @task
    ^
IndentationError: expected an indented block after function definition on line 8
[2024-08-29T00:06:49.464+0000] {processor.py:927} WARNING - No viable dags retrieved from /opt/airflow/dags/mydag.py
[2024-08-29T00:06:49.501+0000] {processor.py:208} INFO - Processing /opt/airflow/dags/mydag.py took 0.078 seconds
[2024-08-29T00:07:19.857+0000] {processor.py:186} INFO - Started process (PID=829) to work on /opt/airflow/dags/mydag.py
[2024-08-29T00:07:19.859+0000] {processor.py:914} INFO - Processing file /opt/airflow/dags/mydag.py for tasks to queue
[2024-08-29T00:07:19.862+0000] {logging_mixin.py:190} INFO - [2024-08-29T00:07:19.861+0000] {dagbag.py:587} INFO - Filling up the DagBag from /opt/airflow/dags/mydag.py
[2024-08-29T00:07:19.884+0000] {logging_mixin.py:190} INFO - [2024-08-29T00:07:19.882+0000] {dagbag.py:386} ERROR - Failed to import: /opt/airflow/dags/mydag.py
Traceback (most recent call last):
  File "/home/airflow/.local/lib/python3.12/site-packages/airflow/models/dagbag.py", line 382, in parse
    loader.exec_module(new_module)
  File "<frozen importlib._bootstrap_external>", line 991, in exec_module
  File "<frozen importlib._bootstrap_external>", line 1129, in get_code
  File "<frozen importlib._bootstrap_external>", line 1059, in source_to_code
  File "<frozen importlib._bootstrap>", line 488, in _call_with_frames_removed
  File "/opt/airflow/dags/mydag.py", line 10
    @task
    ^
IndentationError: expected an indented block after function definition on line 8
[2024-08-29T00:07:19.885+0000] {processor.py:927} WARNING - No viable dags retrieved from /opt/airflow/dags/mydag.py
[2024-08-29T00:07:19.916+0000] {processor.py:208} INFO - Processing /opt/airflow/dags/mydag.py took 0.069 seconds
[2024-08-29T00:07:50.139+0000] {processor.py:186} INFO - Started process (PID=891) to work on /opt/airflow/dags/mydag.py
[2024-08-29T00:07:50.140+0000] {processor.py:914} INFO - Processing file /opt/airflow/dags/mydag.py for tasks to queue
[2024-08-29T00:07:50.144+0000] {logging_mixin.py:190} INFO - [2024-08-29T00:07:50.144+0000] {dagbag.py:587} INFO - Filling up the DagBag from /opt/airflow/dags/mydag.py
[2024-08-29T00:07:50.169+0000] {logging_mixin.py:190} INFO - [2024-08-29T00:07:50.168+0000] {dagbag.py:386} ERROR - Failed to import: /opt/airflow/dags/mydag.py
Traceback (most recent call last):
  File "/home/airflow/.local/lib/python3.12/site-packages/airflow/models/dagbag.py", line 382, in parse
    loader.exec_module(new_module)
  File "<frozen importlib._bootstrap_external>", line 991, in exec_module
  File "<frozen importlib._bootstrap_external>", line 1129, in get_code
  File "<frozen importlib._bootstrap_external>", line 1059, in source_to_code
  File "<frozen importlib._bootstrap>", line 488, in _call_with_frames_removed
  File "/opt/airflow/dags/mydag.py", line 10
    @task
    ^
IndentationError: expected an indented block after function definition on line 8
[2024-08-29T00:07:50.170+0000] {processor.py:927} WARNING - No viable dags retrieved from /opt/airflow/dags/mydag.py
[2024-08-29T00:07:50.234+0000] {processor.py:208} INFO - Processing /opt/airflow/dags/mydag.py took 0.106 seconds
[2024-08-29T00:08:20.466+0000] {processor.py:186} INFO - Started process (PID=953) to work on /opt/airflow/dags/mydag.py
[2024-08-29T00:08:20.467+0000] {processor.py:914} INFO - Processing file /opt/airflow/dags/mydag.py for tasks to queue
[2024-08-29T00:08:20.471+0000] {logging_mixin.py:190} INFO - [2024-08-29T00:08:20.470+0000] {dagbag.py:587} INFO - Filling up the DagBag from /opt/airflow/dags/mydag.py
[2024-08-29T00:08:20.497+0000] {logging_mixin.py:190} INFO - [2024-08-29T00:08:20.495+0000] {dagbag.py:386} ERROR - Failed to import: /opt/airflow/dags/mydag.py
Traceback (most recent call last):
  File "/home/airflow/.local/lib/python3.12/site-packages/airflow/models/dagbag.py", line 382, in parse
    loader.exec_module(new_module)
  File "<frozen importlib._bootstrap_external>", line 991, in exec_module
  File "<frozen importlib._bootstrap_external>", line 1129, in get_code
  File "<frozen importlib._bootstrap_external>", line 1059, in source_to_code
  File "<frozen importlib._bootstrap>", line 488, in _call_with_frames_removed
  File "/opt/airflow/dags/mydag.py", line 10
    @task
    ^
IndentationError: expected an indented block after function definition on line 8
[2024-08-29T00:08:20.499+0000] {processor.py:927} WARNING - No viable dags retrieved from /opt/airflow/dags/mydag.py
[2024-08-29T00:08:20.529+0000] {processor.py:208} INFO - Processing /opt/airflow/dags/mydag.py took 0.074 seconds
[2024-08-29T00:08:51.299+0000] {processor.py:186} INFO - Started process (PID=1016) to work on /opt/airflow/dags/mydag.py
[2024-08-29T00:08:51.301+0000] {processor.py:914} INFO - Processing file /opt/airflow/dags/mydag.py for tasks to queue
[2024-08-29T00:08:51.313+0000] {logging_mixin.py:190} INFO - [2024-08-29T00:08:51.312+0000] {dagbag.py:587} INFO - Filling up the DagBag from /opt/airflow/dags/mydag.py
[2024-08-29T00:08:51.383+0000] {logging_mixin.py:190} INFO - [2024-08-29T00:08:51.357+0000] {dagbag.py:386} ERROR - Failed to import: /opt/airflow/dags/mydag.py
Traceback (most recent call last):
  File "/home/airflow/.local/lib/python3.12/site-packages/airflow/models/dagbag.py", line 382, in parse
    loader.exec_module(new_module)
  File "<frozen importlib._bootstrap_external>", line 991, in exec_module
  File "<frozen importlib._bootstrap_external>", line 1129, in get_code
  File "<frozen importlib._bootstrap_external>", line 1059, in source_to_code
  File "<frozen importlib._bootstrap>", line 488, in _call_with_frames_removed
  File "/opt/airflow/dags/mydag.py", line 10
    @task
    ^
IndentationError: expected an indented block after function definition on line 8
[2024-08-29T00:08:51.450+0000] {processor.py:927} WARNING - No viable dags retrieved from /opt/airflow/dags/mydag.py
[2024-08-29T00:08:51.614+0000] {processor.py:208} INFO - Processing /opt/airflow/dags/mydag.py took 0.337 seconds
[2024-08-29T00:09:21.794+0000] {processor.py:186} INFO - Started process (PID=1079) to work on /opt/airflow/dags/mydag.py
[2024-08-29T00:09:21.796+0000] {processor.py:914} INFO - Processing file /opt/airflow/dags/mydag.py for tasks to queue
[2024-08-29T00:09:21.800+0000] {logging_mixin.py:190} INFO - [2024-08-29T00:09:21.800+0000] {dagbag.py:587} INFO - Filling up the DagBag from /opt/airflow/dags/mydag.py
[2024-08-29T00:09:21.830+0000] {logging_mixin.py:190} INFO - [2024-08-29T00:09:21.828+0000] {dagbag.py:386} ERROR - Failed to import: /opt/airflow/dags/mydag.py
Traceback (most recent call last):
  File "/home/airflow/.local/lib/python3.12/site-packages/airflow/models/dagbag.py", line 382, in parse
    loader.exec_module(new_module)
  File "<frozen importlib._bootstrap_external>", line 991, in exec_module
  File "<frozen importlib._bootstrap_external>", line 1129, in get_code
  File "<frozen importlib._bootstrap_external>", line 1059, in source_to_code
  File "<frozen importlib._bootstrap>", line 488, in _call_with_frames_removed
  File "/opt/airflow/dags/mydag.py", line 10
    @task
    ^
IndentationError: expected an indented block after function definition on line 8
[2024-08-29T00:09:21.831+0000] {processor.py:927} WARNING - No viable dags retrieved from /opt/airflow/dags/mydag.py
[2024-08-29T00:09:21.857+0000] {processor.py:208} INFO - Processing /opt/airflow/dags/mydag.py took 0.075 seconds
[2024-08-29T00:09:33.300+0000] {processor.py:186} INFO - Started process (PID=1108) to work on /opt/airflow/dags/mydag.py
[2024-08-29T00:09:33.303+0000] {processor.py:914} INFO - Processing file /opt/airflow/dags/mydag.py for tasks to queue
[2024-08-29T00:09:33.307+0000] {logging_mixin.py:190} INFO - [2024-08-29T00:09:33.306+0000] {dagbag.py:587} INFO - Filling up the DagBag from /opt/airflow/dags/mydag.py
[2024-08-29T00:09:33.368+0000] {processor.py:925} INFO - DAG(s) 'generate_dag' retrieved from /opt/airflow/dags/mydag.py
[2024-08-29T00:09:33.538+0000] {logging_mixin.py:190} INFO - [2024-08-29T00:09:33.537+0000] {dag.py:3211} INFO - Sync 1 DAGs
[2024-08-29T00:09:33.567+0000] {logging_mixin.py:190} INFO - [2024-08-29T00:09:33.567+0000] {dag.py:4138} INFO - Setting next_dagrun for generate_dag to 2021-01-01 00:00:00+00:00, run_after=2021-01-02 00:00:00+00:00
[2024-08-29T00:09:33.620+0000] {processor.py:208} INFO - Processing /opt/airflow/dags/mydag.py took 0.334 seconds
[2024-08-29T00:09:52.903+0000] {processor.py:186} INFO - Started process (PID=1129) to work on /opt/airflow/dags/mydag.py
[2024-08-29T00:09:52.918+0000] {processor.py:914} INFO - Processing file /opt/airflow/dags/mydag.py for tasks to queue
[2024-08-29T00:09:52.924+0000] {logging_mixin.py:190} INFO - [2024-08-29T00:09:52.923+0000] {dagbag.py:587} INFO - Filling up the DagBag from /opt/airflow/dags/mydag.py
[2024-08-29T00:09:53.124+0000] {processor.py:925} INFO - DAG(s) 'generate_dag' retrieved from /opt/airflow/dags/mydag.py
[2024-08-29T00:09:53.186+0000] {logging_mixin.py:190} INFO - [2024-08-29T00:09:53.186+0000] {dag.py:3211} INFO - Sync 1 DAGs
[2024-08-29T00:09:53.569+0000] {processor.py:208} INFO - Processing /opt/airflow/dags/mydag.py took 0.683 seconds
[2024-08-29T00:11:46.453+0000] {processor.py:186} INFO - Started process (PID=1195) to work on /opt/airflow/dags/mydag.py
[2024-08-29T00:11:46.460+0000] {processor.py:914} INFO - Processing file /opt/airflow/dags/mydag.py for tasks to queue
[2024-08-29T00:11:46.465+0000] {logging_mixin.py:190} INFO - [2024-08-29T00:11:46.464+0000] {dagbag.py:587} INFO - Filling up the DagBag from /opt/airflow/dags/mydag.py
[2024-08-29T00:11:46.623+0000] {processor.py:925} INFO - DAG(s) 'generate_dag' retrieved from /opt/airflow/dags/mydag.py
[2024-08-29T00:11:46.710+0000] {logging_mixin.py:190} INFO - [2024-08-29T00:11:46.707+0000] {dag.py:3211} INFO - Sync 1 DAGs
[2024-08-29T00:11:46.898+0000] {processor.py:208} INFO - Processing /opt/airflow/dags/mydag.py took 0.467 seconds
[2024-08-29T00:12:17.150+0000] {processor.py:186} INFO - Started process (PID=1262) to work on /opt/airflow/dags/mydag.py
[2024-08-29T00:12:17.151+0000] {processor.py:914} INFO - Processing file /opt/airflow/dags/mydag.py for tasks to queue
[2024-08-29T00:12:17.153+0000] {logging_mixin.py:190} INFO - [2024-08-29T00:12:17.152+0000] {dagbag.py:587} INFO - Filling up the DagBag from /opt/airflow/dags/mydag.py
[2024-08-29T00:12:17.185+0000] {processor.py:925} INFO - DAG(s) 'generate_dag' retrieved from /opt/airflow/dags/mydag.py
[2024-08-29T00:12:17.221+0000] {logging_mixin.py:190} INFO - [2024-08-29T00:12:17.221+0000] {dag.py:3211} INFO - Sync 1 DAGs
[2024-08-29T00:12:17.269+0000] {logging_mixin.py:190} INFO - [2024-08-29T00:12:17.269+0000] {dag.py:4138} INFO - Setting next_dagrun for generate_dag to 2021-01-16 00:00:00+00:00, run_after=2021-01-17 00:00:00+00:00
[2024-08-29T00:12:17.306+0000] {processor.py:208} INFO - Processing /opt/airflow/dags/mydag.py took 0.166 seconds
[2024-08-29T00:13:56.725+0000] {processor.py:186} INFO - Started process (PID=1288) to work on /opt/airflow/dags/mydag.py
[2024-08-29T00:13:56.853+0000] {processor.py:914} INFO - Processing file /opt/airflow/dags/mydag.py for tasks to queue
[2024-08-29T00:13:56.871+0000] {logging_mixin.py:190} INFO - [2024-08-29T00:13:56.871+0000] {dagbag.py:587} INFO - Filling up the DagBag from /opt/airflow/dags/mydag.py
[2024-08-29T00:13:57.250+0000] {processor.py:925} INFO - DAG(s) 'generate_dag' retrieved from /opt/airflow/dags/mydag.py
[2024-08-29T00:13:59.902+0000] {logging_mixin.py:190} INFO - [2024-08-29T00:13:59.901+0000] {dag.py:3211} INFO - Sync 1 DAGs
[2024-08-29T00:13:59.989+0000] {logging_mixin.py:190} INFO - [2024-08-29T00:13:59.988+0000] {dag.py:4138} INFO - Setting next_dagrun for generate_dag to 2024-08-27 00:00:00+00:00, run_after=2024-08-28 00:00:00+00:00
[2024-08-29T00:14:00.229+0000] {processor.py:208} INFO - Processing /opt/airflow/dags/mydag.py took 3.512 seconds
[2024-08-29T00:17:31.668+0000] {processor.py:186} INFO - Started process (PID=86) to work on /opt/airflow/dags/mydag.py
[2024-08-29T00:17:31.692+0000] {processor.py:914} INFO - Processing file /opt/airflow/dags/mydag.py for tasks to queue
[2024-08-29T00:17:31.718+0000] {logging_mixin.py:190} INFO - [2024-08-29T00:17:31.717+0000] {dagbag.py:587} INFO - Filling up the DagBag from /opt/airflow/dags/mydag.py
[2024-08-29T00:17:31.848+0000] {processor.py:925} INFO - DAG(s) 'generate_dag' retrieved from /opt/airflow/dags/mydag.py
[2024-08-29T00:17:32.361+0000] {logging_mixin.py:190} INFO - [2024-08-29T00:17:32.361+0000] {dag.py:3211} INFO - Sync 1 DAGs
[2024-08-29T00:17:33.320+0000] {logging_mixin.py:190} INFO - [2024-08-29T00:17:33.319+0000] {dag.py:4138} INFO - Setting next_dagrun for generate_dag to 2024-08-29 00:00:00+00:00, run_after=2024-08-30 00:00:00+00:00
[2024-08-29T00:17:33.602+0000] {processor.py:208} INFO - Processing /opt/airflow/dags/mydag.py took 1.979 seconds
[2024-08-29T00:18:22.676+0000] {processor.py:186} INFO - Started process (PID=149) to work on /opt/airflow/dags/mydag.py
[2024-08-29T00:18:22.678+0000] {processor.py:914} INFO - Processing file /opt/airflow/dags/mydag.py for tasks to queue
[2024-08-29T00:18:22.685+0000] {logging_mixin.py:190} INFO - [2024-08-29T00:18:22.684+0000] {dagbag.py:587} INFO - Filling up the DagBag from /opt/airflow/dags/mydag.py
[2024-08-29T00:18:22.772+0000] {processor.py:925} INFO - DAG(s) 'generate_dag' retrieved from /opt/airflow/dags/mydag.py
[2024-08-29T00:18:22.848+0000] {logging_mixin.py:190} INFO - [2024-08-29T00:18:22.848+0000] {dag.py:3211} INFO - Sync 1 DAGs
[2024-08-29T00:18:22.951+0000] {logging_mixin.py:190} INFO - [2024-08-29T00:18:22.951+0000] {dag.py:4138} INFO - Setting next_dagrun for generate_dag to 2024-08-29 00:00:00+00:00, run_after=2024-08-30 00:00:00+00:00
[2024-08-29T00:18:23.015+0000] {processor.py:208} INFO - Processing /opt/airflow/dags/mydag.py took 0.376 seconds
[2024-08-29T00:18:53.881+0000] {processor.py:186} INFO - Started process (PID=208) to work on /opt/airflow/dags/mydag.py
[2024-08-29T00:18:53.884+0000] {processor.py:914} INFO - Processing file /opt/airflow/dags/mydag.py for tasks to queue
[2024-08-29T00:18:53.898+0000] {logging_mixin.py:190} INFO - [2024-08-29T00:18:53.897+0000] {dagbag.py:587} INFO - Filling up the DagBag from /opt/airflow/dags/mydag.py
[2024-08-29T00:18:54.055+0000] {processor.py:925} INFO - DAG(s) 'generate_dag' retrieved from /opt/airflow/dags/mydag.py
[2024-08-29T00:18:54.156+0000] {logging_mixin.py:190} INFO - [2024-08-29T00:18:54.156+0000] {dag.py:3211} INFO - Sync 1 DAGs
[2024-08-29T00:18:54.360+0000] {logging_mixin.py:190} INFO - [2024-08-29T00:18:54.359+0000] {dag.py:4138} INFO - Setting next_dagrun for generate_dag to 2024-08-29 00:00:00+00:00, run_after=2024-08-30 00:00:00+00:00
[2024-08-29T00:18:54.547+0000] {processor.py:208} INFO - Processing /opt/airflow/dags/mydag.py took 0.698 seconds
[2024-08-29T00:19:24.976+0000] {processor.py:186} INFO - Started process (PID=271) to work on /opt/airflow/dags/mydag.py
[2024-08-29T00:19:24.979+0000] {processor.py:914} INFO - Processing file /opt/airflow/dags/mydag.py for tasks to queue
[2024-08-29T00:19:24.985+0000] {logging_mixin.py:190} INFO - [2024-08-29T00:19:24.984+0000] {dagbag.py:587} INFO - Filling up the DagBag from /opt/airflow/dags/mydag.py
[2024-08-29T00:19:25.043+0000] {processor.py:925} INFO - DAG(s) 'generate_dag' retrieved from /opt/airflow/dags/mydag.py
[2024-08-29T00:19:25.089+0000] {logging_mixin.py:190} INFO - [2024-08-29T00:19:25.088+0000] {dag.py:3211} INFO - Sync 1 DAGs
[2024-08-29T00:19:25.143+0000] {logging_mixin.py:190} INFO - [2024-08-29T00:19:25.143+0000] {dag.py:4138} INFO - Setting next_dagrun for generate_dag to 2024-08-29 00:00:00+00:00, run_after=2024-08-30 00:00:00+00:00
[2024-08-29T00:19:25.192+0000] {processor.py:208} INFO - Processing /opt/airflow/dags/mydag.py took 0.251 seconds
[2024-08-29T00:19:55.402+0000] {processor.py:186} INFO - Started process (PID=334) to work on /opt/airflow/dags/mydag.py
[2024-08-29T00:19:55.405+0000] {processor.py:914} INFO - Processing file /opt/airflow/dags/mydag.py for tasks to queue
[2024-08-29T00:19:55.410+0000] {logging_mixin.py:190} INFO - [2024-08-29T00:19:55.409+0000] {dagbag.py:587} INFO - Filling up the DagBag from /opt/airflow/dags/mydag.py
[2024-08-29T00:19:55.446+0000] {processor.py:925} INFO - DAG(s) 'generate_dag' retrieved from /opt/airflow/dags/mydag.py
[2024-08-29T00:19:55.483+0000] {logging_mixin.py:190} INFO - [2024-08-29T00:19:55.483+0000] {dag.py:3211} INFO - Sync 1 DAGs
[2024-08-29T00:19:55.537+0000] {logging_mixin.py:190} INFO - [2024-08-29T00:19:55.536+0000] {dag.py:4138} INFO - Setting next_dagrun for generate_dag to 2024-08-29 00:00:00+00:00, run_after=2024-08-30 00:00:00+00:00
[2024-08-29T00:19:55.577+0000] {processor.py:208} INFO - Processing /opt/airflow/dags/mydag.py took 0.188 seconds
[2024-08-29T00:20:17.919+0000] {processor.py:186} INFO - Started process (PID=386) to work on /opt/airflow/dags/mydag.py
[2024-08-29T00:20:17.921+0000] {processor.py:914} INFO - Processing file /opt/airflow/dags/mydag.py for tasks to queue
[2024-08-29T00:20:17.924+0000] {logging_mixin.py:190} INFO - [2024-08-29T00:20:17.924+0000] {dagbag.py:587} INFO - Filling up the DagBag from /opt/airflow/dags/mydag.py
[2024-08-29T00:20:17.960+0000] {processor.py:925} INFO - DAG(s) 'generate_dag' retrieved from /opt/airflow/dags/mydag.py
[2024-08-29T00:20:18.037+0000] {logging_mixin.py:190} INFO - [2024-08-29T00:20:18.037+0000] {taskinstance.py:3303} ERROR - {'DAG Id': 'generate_dag', 'Task Id': 'extract', 'Run Id': 'scheduled__2021-01-28T00:00:00+00:00', 'Hostname': '7297db8a622b', 'External Executor Id': '6ac7ed7b-0b64-40be-9ec1-ce56c2c2e0cd'}
[2024-08-29T00:20:18.109+0000] {logging_mixin.py:190} INFO - Task instance in failure state
[2024-08-29T00:20:18.110+0000] {logging_mixin.py:190} INFO - Task start:2024-08-29 00:15:10.587023+00:00 end:2024-08-29 00:20:18.054639+00:00 duration:307.467616
[2024-08-29T00:20:18.111+0000] {logging_mixin.py:190} INFO - Task:<Task(_PythonDecoratedOperator): extract> dag:<DAG: generate_dag> dagrun:<DagRun generate_dag @ 2021-01-28 00:00:00+00:00: scheduled__2021-01-28T00:00:00+00:00, state:running, queued_at: 2024-08-29 00:12:24.592720+00:00. externally triggered: False>
[2024-08-29T00:20:18.115+0000] {logging_mixin.py:190} INFO - Failure caused by {'DAG Id': 'generate_dag', 'Task Id': 'extract', 'Run Id': 'scheduled__2021-01-28T00:00:00+00:00', 'Hostname': '7297db8a622b', 'External Executor Id': '6ac7ed7b-0b64-40be-9ec1-ce56c2c2e0cd'}
[2024-08-29T00:20:18.119+0000] {logging_mixin.py:190} INFO - [2024-08-29T00:20:18.118+0000] {taskinstance.py:1225} INFO - Marking task as FAILED. dag_id=generate_dag, task_id=extract, run_id=scheduled__2021-01-28T00:00:00+00:00, execution_date=20210128T000000, start_date=20240829T001510, end_date=20240829T002018
[2024-08-29T00:20:18.177+0000] {logging_mixin.py:190} INFO - [2024-08-29T00:20:18.176+0000] {processor.py:876} INFO - Executed callback for <TaskInstance: generate_dag.extract scheduled__2021-01-28T00:00:00+00:00 [failed]> in state failed
[2024-08-29T00:20:18.184+0000] {logging_mixin.py:190} INFO - [2024-08-29T00:20:18.183+0000] {taskinstance.py:3303} ERROR - {'DAG Id': 'generate_dag', 'Task Id': 'extract', 'Run Id': 'scheduled__2021-01-29T00:00:00+00:00', 'Hostname': '7297db8a622b', 'External Executor Id': 'db5d4b69-be20-4717-910e-d0a040c8af56'}
[2024-08-29T00:20:18.196+0000] {logging_mixin.py:190} INFO - Task instance in failure state
[2024-08-29T00:20:18.197+0000] {logging_mixin.py:190} INFO - Task start:2024-08-29 00:15:10.042882+00:00 end:2024-08-29 00:20:18.188802+00:00 duration:308.14592
[2024-08-29T00:20:18.198+0000] {logging_mixin.py:190} INFO - Task:<Task(_PythonDecoratedOperator): extract> dag:<DAG: generate_dag> dagrun:<DagRun generate_dag @ 2021-01-29 00:00:00+00:00: scheduled__2021-01-29T00:00:00+00:00, state:running, queued_at: 2024-08-29 00:13:50.087442+00:00. externally triggered: False>
[2024-08-29T00:20:18.199+0000] {logging_mixin.py:190} INFO - Failure caused by {'DAG Id': 'generate_dag', 'Task Id': 'extract', 'Run Id': 'scheduled__2021-01-29T00:00:00+00:00', 'Hostname': '7297db8a622b', 'External Executor Id': 'db5d4b69-be20-4717-910e-d0a040c8af56'}
[2024-08-29T00:20:18.200+0000] {logging_mixin.py:190} INFO - [2024-08-29T00:20:18.200+0000] {taskinstance.py:1225} INFO - Marking task as FAILED. dag_id=generate_dag, task_id=extract, run_id=scheduled__2021-01-29T00:00:00+00:00, execution_date=20210129T000000, start_date=20240829T001510, end_date=20240829T002018
[2024-08-29T00:20:18.208+0000] {logging_mixin.py:190} INFO - [2024-08-29T00:20:18.207+0000] {processor.py:876} INFO - Executed callback for <TaskInstance: generate_dag.extract scheduled__2021-01-29T00:00:00+00:00 [failed]> in state failed
[2024-08-29T00:20:18.214+0000] {logging_mixin.py:190} INFO - [2024-08-29T00:20:18.211+0000] {taskinstance.py:3303} ERROR - {'DAG Id': 'generate_dag', 'Task Id': 'extract', 'Run Id': 'scheduled__2021-01-30T00:00:00+00:00', 'Hostname': '7297db8a622b', 'External Executor Id': 'ac844843-1ff4-48e8-bc16-32a558c1cd60'}
[2024-08-29T00:20:18.236+0000] {logging_mixin.py:190} INFO - Task instance in failure state
[2024-08-29T00:20:18.236+0000] {logging_mixin.py:190} INFO - Task start:2024-08-29 00:15:10.170467+00:00 end:2024-08-29 00:20:18.219291+00:00 duration:308.048824
[2024-08-29T00:20:18.237+0000] {logging_mixin.py:190} INFO - Task:<Task(_PythonDecoratedOperator): extract> dag:<DAG: generate_dag> dagrun:<DagRun generate_dag @ 2021-01-30 00:00:00+00:00: scheduled__2021-01-30T00:00:00+00:00, state:running, queued_at: 2024-08-29 00:13:51.741714+00:00. externally triggered: False>
[2024-08-29T00:20:18.237+0000] {logging_mixin.py:190} INFO - Failure caused by {'DAG Id': 'generate_dag', 'Task Id': 'extract', 'Run Id': 'scheduled__2021-01-30T00:00:00+00:00', 'Hostname': '7297db8a622b', 'External Executor Id': 'ac844843-1ff4-48e8-bc16-32a558c1cd60'}
[2024-08-29T00:20:18.238+0000] {logging_mixin.py:190} INFO - [2024-08-29T00:20:18.238+0000] {taskinstance.py:1225} INFO - Marking task as FAILED. dag_id=generate_dag, task_id=extract, run_id=scheduled__2021-01-30T00:00:00+00:00, execution_date=20210130T000000, start_date=20240829T001510, end_date=20240829T002018
[2024-08-29T00:20:18.245+0000] {logging_mixin.py:190} INFO - [2024-08-29T00:20:18.244+0000] {processor.py:876} INFO - Executed callback for <TaskInstance: generate_dag.extract scheduled__2021-01-30T00:00:00+00:00 [failed]> in state failed
[2024-08-29T00:20:18.250+0000] {logging_mixin.py:190} INFO - [2024-08-29T00:20:18.250+0000] {taskinstance.py:3303} ERROR - {'DAG Id': 'generate_dag', 'Task Id': 'extract', 'Run Id': 'scheduled__2021-01-31T00:00:00+00:00', 'Hostname': '7297db8a622b', 'External Executor Id': '9272504a-0bc3-4c2e-8a37-67808cf68793'}
[2024-08-29T00:20:18.262+0000] {logging_mixin.py:190} INFO - Task instance in failure state
[2024-08-29T00:20:18.263+0000] {logging_mixin.py:190} INFO - Task start:2024-08-29 00:15:10.232206+00:00 end:2024-08-29 00:20:18.255926+00:00 duration:308.02372
[2024-08-29T00:20:18.264+0000] {logging_mixin.py:190} INFO - Task:<Task(_PythonDecoratedOperator): extract> dag:<DAG: generate_dag> dagrun:<DagRun generate_dag @ 2021-01-31 00:00:00+00:00: scheduled__2021-01-31T00:00:00+00:00, state:running, queued_at: 2024-08-29 00:13:54.193094+00:00. externally triggered: False>
[2024-08-29T00:20:18.265+0000] {logging_mixin.py:190} INFO - Failure caused by {'DAG Id': 'generate_dag', 'Task Id': 'extract', 'Run Id': 'scheduled__2021-01-31T00:00:00+00:00', 'Hostname': '7297db8a622b', 'External Executor Id': '9272504a-0bc3-4c2e-8a37-67808cf68793'}
[2024-08-29T00:20:18.266+0000] {logging_mixin.py:190} INFO - [2024-08-29T00:20:18.266+0000] {taskinstance.py:1225} INFO - Marking task as FAILED. dag_id=generate_dag, task_id=extract, run_id=scheduled__2021-01-31T00:00:00+00:00, execution_date=20210131T000000, start_date=20240829T001510, end_date=20240829T002018
[2024-08-29T00:20:18.272+0000] {logging_mixin.py:190} INFO - [2024-08-29T00:20:18.272+0000] {processor.py:876} INFO - Executed callback for <TaskInstance: generate_dag.extract scheduled__2021-01-31T00:00:00+00:00 [failed]> in state failed
[2024-08-29T00:20:18.289+0000] {logging_mixin.py:190} INFO - [2024-08-29T00:20:18.288+0000] {dag.py:3211} INFO - Sync 1 DAGs
[2024-08-29T00:20:18.319+0000] {logging_mixin.py:190} INFO - [2024-08-29T00:20:18.319+0000] {dag.py:4138} INFO - Setting next_dagrun for generate_dag to 2024-08-29 00:00:00+00:00, run_after=2024-08-30 00:00:00+00:00
[2024-08-29T00:20:18.344+0000] {processor.py:208} INFO - Processing /opt/airflow/dags/mydag.py took 0.438 seconds
[2024-08-29T00:20:48.510+0000] {processor.py:186} INFO - Started process (PID=450) to work on /opt/airflow/dags/mydag.py
[2024-08-29T00:20:48.512+0000] {processor.py:914} INFO - Processing file /opt/airflow/dags/mydag.py for tasks to queue
[2024-08-29T00:20:48.516+0000] {logging_mixin.py:190} INFO - [2024-08-29T00:20:48.515+0000] {dagbag.py:587} INFO - Filling up the DagBag from /opt/airflow/dags/mydag.py
[2024-08-29T00:20:48.543+0000] {processor.py:925} INFO - DAG(s) 'generate_dag' retrieved from /opt/airflow/dags/mydag.py
[2024-08-29T00:20:48.572+0000] {logging_mixin.py:190} INFO - [2024-08-29T00:20:48.571+0000] {dag.py:3211} INFO - Sync 1 DAGs
[2024-08-29T00:20:48.603+0000] {logging_mixin.py:190} INFO - [2024-08-29T00:20:48.603+0000] {dag.py:4138} INFO - Setting next_dagrun for generate_dag to 2024-08-29 00:00:00+00:00, run_after=2024-08-30 00:00:00+00:00
[2024-08-29T00:20:48.649+0000] {processor.py:208} INFO - Processing /opt/airflow/dags/mydag.py took 0.146 seconds
[2024-08-29T00:21:18.784+0000] {processor.py:186} INFO - Started process (PID=509) to work on /opt/airflow/dags/mydag.py
[2024-08-29T00:21:18.785+0000] {processor.py:914} INFO - Processing file /opt/airflow/dags/mydag.py for tasks to queue
[2024-08-29T00:21:18.789+0000] {logging_mixin.py:190} INFO - [2024-08-29T00:21:18.788+0000] {dagbag.py:587} INFO - Filling up the DagBag from /opt/airflow/dags/mydag.py
[2024-08-29T00:21:18.825+0000] {processor.py:925} INFO - DAG(s) 'generate_dag' retrieved from /opt/airflow/dags/mydag.py
[2024-08-29T00:21:18.865+0000] {logging_mixin.py:190} INFO - [2024-08-29T00:21:18.864+0000] {dag.py:3211} INFO - Sync 1 DAGs
[2024-08-29T00:21:18.919+0000] {logging_mixin.py:190} INFO - [2024-08-29T00:21:18.918+0000] {dag.py:4138} INFO - Setting next_dagrun for generate_dag to 2024-08-29 00:00:00+00:00, run_after=2024-08-30 00:00:00+00:00
[2024-08-29T00:21:18.971+0000] {processor.py:208} INFO - Processing /opt/airflow/dags/mydag.py took 0.197 seconds
[2024-08-29T00:21:49.349+0000] {processor.py:186} INFO - Started process (PID=571) to work on /opt/airflow/dags/mydag.py
[2024-08-29T00:21:49.350+0000] {processor.py:914} INFO - Processing file /opt/airflow/dags/mydag.py for tasks to queue
[2024-08-29T00:21:49.354+0000] {logging_mixin.py:190} INFO - [2024-08-29T00:21:49.353+0000] {dagbag.py:587} INFO - Filling up the DagBag from /opt/airflow/dags/mydag.py
[2024-08-29T00:21:49.407+0000] {processor.py:925} INFO - DAG(s) 'generate_dag' retrieved from /opt/airflow/dags/mydag.py
[2024-08-29T00:21:49.458+0000] {logging_mixin.py:190} INFO - [2024-08-29T00:21:49.457+0000] {dag.py:3211} INFO - Sync 1 DAGs
[2024-08-29T00:21:49.521+0000] {logging_mixin.py:190} INFO - [2024-08-29T00:21:49.521+0000] {dag.py:4138} INFO - Setting next_dagrun for generate_dag to 2024-08-29 00:00:00+00:00, run_after=2024-08-30 00:00:00+00:00
[2024-08-29T00:21:49.577+0000] {processor.py:208} INFO - Processing /opt/airflow/dags/mydag.py took 0.239 seconds
[2024-08-29T00:22:20.152+0000] {processor.py:186} INFO - Started process (PID=634) to work on /opt/airflow/dags/mydag.py
[2024-08-29T00:22:20.155+0000] {processor.py:914} INFO - Processing file /opt/airflow/dags/mydag.py for tasks to queue
[2024-08-29T00:22:20.166+0000] {logging_mixin.py:190} INFO - [2024-08-29T00:22:20.161+0000] {dagbag.py:587} INFO - Filling up the DagBag from /opt/airflow/dags/mydag.py
[2024-08-29T00:22:20.242+0000] {processor.py:925} INFO - DAG(s) 'generate_dag' retrieved from /opt/airflow/dags/mydag.py
[2024-08-29T00:22:20.304+0000] {logging_mixin.py:190} INFO - [2024-08-29T00:22:20.304+0000] {dag.py:3211} INFO - Sync 1 DAGs
[2024-08-29T00:22:20.351+0000] {logging_mixin.py:190} INFO - [2024-08-29T00:22:20.351+0000] {dag.py:4138} INFO - Setting next_dagrun for generate_dag to 2024-08-29 00:00:00+00:00, run_after=2024-08-30 00:00:00+00:00
[2024-08-29T00:22:20.393+0000] {processor.py:208} INFO - Processing /opt/airflow/dags/mydag.py took 0.253 seconds
[2024-08-29T00:22:50.482+0000] {processor.py:186} INFO - Started process (PID=698) to work on /opt/airflow/dags/mydag.py
[2024-08-29T00:22:50.484+0000] {processor.py:914} INFO - Processing file /opt/airflow/dags/mydag.py for tasks to queue
[2024-08-29T00:22:50.487+0000] {logging_mixin.py:190} INFO - [2024-08-29T00:22:50.487+0000] {dagbag.py:587} INFO - Filling up the DagBag from /opt/airflow/dags/mydag.py
[2024-08-29T00:22:50.520+0000] {processor.py:925} INFO - DAG(s) 'generate_dag' retrieved from /opt/airflow/dags/mydag.py
[2024-08-29T00:22:50.548+0000] {logging_mixin.py:190} INFO - [2024-08-29T00:22:50.548+0000] {dag.py:3211} INFO - Sync 1 DAGs
[2024-08-29T00:22:50.579+0000] {logging_mixin.py:190} INFO - [2024-08-29T00:22:50.578+0000] {dag.py:4138} INFO - Setting next_dagrun for generate_dag to 2024-08-29 00:00:00+00:00, run_after=2024-08-30 00:00:00+00:00
[2024-08-29T00:22:50.614+0000] {processor.py:208} INFO - Processing /opt/airflow/dags/mydag.py took 0.140 seconds
[2024-08-29T00:23:21.048+0000] {processor.py:186} INFO - Started process (PID=760) to work on /opt/airflow/dags/mydag.py
[2024-08-29T00:23:21.049+0000] {processor.py:914} INFO - Processing file /opt/airflow/dags/mydag.py for tasks to queue
[2024-08-29T00:23:21.053+0000] {logging_mixin.py:190} INFO - [2024-08-29T00:23:21.052+0000] {dagbag.py:587} INFO - Filling up the DagBag from /opt/airflow/dags/mydag.py
[2024-08-29T00:23:21.077+0000] {processor.py:925} INFO - DAG(s) 'generate_dag' retrieved from /opt/airflow/dags/mydag.py
[2024-08-29T00:23:21.108+0000] {logging_mixin.py:190} INFO - [2024-08-29T00:23:21.108+0000] {dag.py:3211} INFO - Sync 1 DAGs
[2024-08-29T00:23:21.155+0000] {logging_mixin.py:190} INFO - [2024-08-29T00:23:21.155+0000] {dag.py:4138} INFO - Setting next_dagrun for generate_dag to 2024-08-29 00:00:00+00:00, run_after=2024-08-30 00:00:00+00:00
[2024-08-29T00:23:21.210+0000] {processor.py:208} INFO - Processing /opt/airflow/dags/mydag.py took 0.170 seconds
[2024-08-29T00:23:51.437+0000] {processor.py:186} INFO - Started process (PID=819) to work on /opt/airflow/dags/mydag.py
[2024-08-29T00:23:51.438+0000] {processor.py:914} INFO - Processing file /opt/airflow/dags/mydag.py for tasks to queue
[2024-08-29T00:23:51.442+0000] {logging_mixin.py:190} INFO - [2024-08-29T00:23:51.442+0000] {dagbag.py:587} INFO - Filling up the DagBag from /opt/airflow/dags/mydag.py
[2024-08-29T00:23:51.478+0000] {processor.py:925} INFO - DAG(s) 'generate_dag' retrieved from /opt/airflow/dags/mydag.py
[2024-08-29T00:23:51.513+0000] {logging_mixin.py:190} INFO - [2024-08-29T00:23:51.512+0000] {dag.py:3211} INFO - Sync 1 DAGs
[2024-08-29T00:23:51.554+0000] {logging_mixin.py:190} INFO - [2024-08-29T00:23:51.554+0000] {dag.py:4138} INFO - Setting next_dagrun for generate_dag to 2024-08-29 00:00:00+00:00, run_after=2024-08-30 00:00:00+00:00
[2024-08-29T00:23:51.589+0000] {processor.py:208} INFO - Processing /opt/airflow/dags/mydag.py took 0.165 seconds
[2024-08-29T00:24:22.117+0000] {processor.py:186} INFO - Started process (PID=882) to work on /opt/airflow/dags/mydag.py
[2024-08-29T00:24:22.122+0000] {processor.py:914} INFO - Processing file /opt/airflow/dags/mydag.py for tasks to queue
[2024-08-29T00:24:22.136+0000] {logging_mixin.py:190} INFO - [2024-08-29T00:24:22.135+0000] {dagbag.py:587} INFO - Filling up the DagBag from /opt/airflow/dags/mydag.py
[2024-08-29T00:24:22.213+0000] {processor.py:925} INFO - DAG(s) 'generate_dag' retrieved from /opt/airflow/dags/mydag.py
[2024-08-29T00:24:22.275+0000] {logging_mixin.py:190} INFO - [2024-08-29T00:24:22.271+0000] {dag.py:3211} INFO - Sync 1 DAGs
[2024-08-29T00:24:22.378+0000] {logging_mixin.py:190} INFO - [2024-08-29T00:24:22.377+0000] {dag.py:4138} INFO - Setting next_dagrun for generate_dag to 2024-08-29 00:00:00+00:00, run_after=2024-08-30 00:00:00+00:00
[2024-08-29T00:24:22.615+0000] {processor.py:208} INFO - Processing /opt/airflow/dags/mydag.py took 0.519 seconds
[2024-08-29T00:24:52.993+0000] {processor.py:186} INFO - Started process (PID=943) to work on /opt/airflow/dags/mydag.py
[2024-08-29T00:24:52.995+0000] {processor.py:914} INFO - Processing file /opt/airflow/dags/mydag.py for tasks to queue
[2024-08-29T00:24:53.000+0000] {logging_mixin.py:190} INFO - [2024-08-29T00:24:52.999+0000] {dagbag.py:587} INFO - Filling up the DagBag from /opt/airflow/dags/mydag.py
[2024-08-29T00:24:53.033+0000] {processor.py:925} INFO - DAG(s) 'generate_dag' retrieved from /opt/airflow/dags/mydag.py
[2024-08-29T00:24:53.063+0000] {logging_mixin.py:190} INFO - [2024-08-29T00:24:53.063+0000] {dag.py:3211} INFO - Sync 1 DAGs
[2024-08-29T00:24:53.100+0000] {logging_mixin.py:190} INFO - [2024-08-29T00:24:53.099+0000] {dag.py:4138} INFO - Setting next_dagrun for generate_dag to 2024-08-29 00:00:00+00:00, run_after=2024-08-30 00:00:00+00:00
[2024-08-29T00:24:53.129+0000] {processor.py:208} INFO - Processing /opt/airflow/dags/mydag.py took 0.149 seconds
[2024-08-29T00:25:23.537+0000] {processor.py:186} INFO - Started process (PID=1006) to work on /opt/airflow/dags/mydag.py
[2024-08-29T00:25:23.538+0000] {processor.py:914} INFO - Processing file /opt/airflow/dags/mydag.py for tasks to queue
[2024-08-29T00:25:23.543+0000] {logging_mixin.py:190} INFO - [2024-08-29T00:25:23.542+0000] {dagbag.py:587} INFO - Filling up the DagBag from /opt/airflow/dags/mydag.py
[2024-08-29T00:25:23.580+0000] {processor.py:925} INFO - DAG(s) 'generate_dag' retrieved from /opt/airflow/dags/mydag.py
[2024-08-29T00:25:23.620+0000] {logging_mixin.py:190} INFO - [2024-08-29T00:25:23.620+0000] {dag.py:3211} INFO - Sync 1 DAGs
[2024-08-29T00:25:23.663+0000] {logging_mixin.py:190} INFO - [2024-08-29T00:25:23.663+0000] {dag.py:4138} INFO - Setting next_dagrun for generate_dag to 2024-08-29 00:00:00+00:00, run_after=2024-08-30 00:00:00+00:00
[2024-08-29T00:25:23.731+0000] {processor.py:208} INFO - Processing /opt/airflow/dags/mydag.py took 0.207 seconds
[2024-08-29T00:25:54.654+0000] {processor.py:186} INFO - Started process (PID=1069) to work on /opt/airflow/dags/mydag.py
[2024-08-29T00:25:54.656+0000] {processor.py:914} INFO - Processing file /opt/airflow/dags/mydag.py for tasks to queue
[2024-08-29T00:25:54.661+0000] {logging_mixin.py:190} INFO - [2024-08-29T00:25:54.660+0000] {dagbag.py:587} INFO - Filling up the DagBag from /opt/airflow/dags/mydag.py
[2024-08-29T00:25:54.699+0000] {processor.py:925} INFO - DAG(s) 'generate_dag' retrieved from /opt/airflow/dags/mydag.py
[2024-08-29T00:25:54.743+0000] {logging_mixin.py:190} INFO - [2024-08-29T00:25:54.742+0000] {dag.py:3211} INFO - Sync 1 DAGs
[2024-08-29T00:25:54.791+0000] {logging_mixin.py:190} INFO - [2024-08-29T00:25:54.790+0000] {dag.py:4138} INFO - Setting next_dagrun for generate_dag to 2024-08-29 00:00:00+00:00, run_after=2024-08-30 00:00:00+00:00
[2024-08-29T00:25:54.838+0000] {processor.py:208} INFO - Processing /opt/airflow/dags/mydag.py took 0.196 seconds
[2024-08-29T00:26:25.065+0000] {processor.py:186} INFO - Started process (PID=1132) to work on /opt/airflow/dags/mydag.py
[2024-08-29T00:26:25.067+0000] {processor.py:914} INFO - Processing file /opt/airflow/dags/mydag.py for tasks to queue
[2024-08-29T00:26:25.070+0000] {logging_mixin.py:190} INFO - [2024-08-29T00:26:25.070+0000] {dagbag.py:587} INFO - Filling up the DagBag from /opt/airflow/dags/mydag.py
[2024-08-29T00:26:25.101+0000] {processor.py:925} INFO - DAG(s) 'generate_dag' retrieved from /opt/airflow/dags/mydag.py
[2024-08-29T00:26:25.142+0000] {logging_mixin.py:190} INFO - [2024-08-29T00:26:25.142+0000] {dag.py:3211} INFO - Sync 1 DAGs
[2024-08-29T00:26:25.189+0000] {logging_mixin.py:190} INFO - [2024-08-29T00:26:25.189+0000] {dag.py:4138} INFO - Setting next_dagrun for generate_dag to 2024-08-29 00:00:00+00:00, run_after=2024-08-30 00:00:00+00:00
[2024-08-29T00:26:25.225+0000] {processor.py:208} INFO - Processing /opt/airflow/dags/mydag.py took 0.169 seconds
[2024-08-29T00:26:55.358+0000] {processor.py:186} INFO - Started process (PID=1188) to work on /opt/airflow/dags/mydag.py
[2024-08-29T00:26:55.359+0000] {processor.py:914} INFO - Processing file /opt/airflow/dags/mydag.py for tasks to queue
[2024-08-29T00:26:55.363+0000] {logging_mixin.py:190} INFO - [2024-08-29T00:26:55.363+0000] {dagbag.py:587} INFO - Filling up the DagBag from /opt/airflow/dags/mydag.py
[2024-08-29T00:26:55.395+0000] {processor.py:925} INFO - DAG(s) 'generate_dag' retrieved from /opt/airflow/dags/mydag.py
[2024-08-29T00:26:55.442+0000] {logging_mixin.py:190} INFO - [2024-08-29T00:26:55.441+0000] {dag.py:3211} INFO - Sync 1 DAGs
[2024-08-29T00:26:55.484+0000] {logging_mixin.py:190} INFO - [2024-08-29T00:26:55.484+0000] {dag.py:4138} INFO - Setting next_dagrun for generate_dag to 2024-08-29 00:00:00+00:00, run_after=2024-08-30 00:00:00+00:00
[2024-08-29T00:26:55.517+0000] {processor.py:208} INFO - Processing /opt/airflow/dags/mydag.py took 0.168 seconds
[2024-08-29T00:27:18.156+0000] {processor.py:186} INFO - Started process (PID=1241) to work on /opt/airflow/dags/mydag.py
[2024-08-29T00:27:18.159+0000] {processor.py:914} INFO - Processing file /opt/airflow/dags/mydag.py for tasks to queue
[2024-08-29T00:27:18.163+0000] {logging_mixin.py:190} INFO - [2024-08-29T00:27:18.163+0000] {dagbag.py:587} INFO - Filling up the DagBag from /opt/airflow/dags/mydag.py
[2024-08-29T00:27:18.218+0000] {processor.py:925} INFO - DAG(s) 'generate_dag' retrieved from /opt/airflow/dags/mydag.py
[2024-08-29T00:27:18.252+0000] {logging_mixin.py:190} INFO - [2024-08-29T00:27:18.251+0000] {dag.py:3211} INFO - Sync 1 DAGs
[2024-08-29T00:27:18.310+0000] {logging_mixin.py:190} INFO - [2024-08-29T00:27:18.310+0000] {dag.py:4138} INFO - Setting next_dagrun for generate_dag to 2024-08-29 00:00:00+00:00, run_after=2024-08-30 00:00:00+00:00
[2024-08-29T00:27:18.514+0000] {processor.py:208} INFO - Processing /opt/airflow/dags/mydag.py took 0.368 seconds
[2024-08-29T00:27:48.609+0000] {processor.py:186} INFO - Started process (PID=1304) to work on /opt/airflow/dags/mydag.py
[2024-08-29T00:27:48.611+0000] {processor.py:914} INFO - Processing file /opt/airflow/dags/mydag.py for tasks to queue
[2024-08-29T00:27:48.614+0000] {logging_mixin.py:190} INFO - [2024-08-29T00:27:48.613+0000] {dagbag.py:587} INFO - Filling up the DagBag from /opt/airflow/dags/mydag.py
[2024-08-29T00:27:48.643+0000] {processor.py:925} INFO - DAG(s) 'generate_dag' retrieved from /opt/airflow/dags/mydag.py
[2024-08-29T00:27:48.672+0000] {logging_mixin.py:190} INFO - [2024-08-29T00:27:48.671+0000] {dag.py:3211} INFO - Sync 1 DAGs
[2024-08-29T00:27:48.706+0000] {logging_mixin.py:190} INFO - [2024-08-29T00:27:48.706+0000] {dag.py:4138} INFO - Setting next_dagrun for generate_dag to 2024-08-29 00:00:00+00:00, run_after=2024-08-30 00:00:00+00:00
[2024-08-29T00:27:48.739+0000] {processor.py:208} INFO - Processing /opt/airflow/dags/mydag.py took 0.138 seconds
[2024-08-29T00:28:19.573+0000] {processor.py:186} INFO - Started process (PID=1367) to work on /opt/airflow/dags/mydag.py
[2024-08-29T00:28:19.574+0000] {processor.py:914} INFO - Processing file /opt/airflow/dags/mydag.py for tasks to queue
[2024-08-29T00:28:19.577+0000] {logging_mixin.py:190} INFO - [2024-08-29T00:28:19.577+0000] {dagbag.py:587} INFO - Filling up the DagBag from /opt/airflow/dags/mydag.py
[2024-08-29T00:28:19.611+0000] {processor.py:925} INFO - DAG(s) 'generate_dag' retrieved from /opt/airflow/dags/mydag.py
[2024-08-29T00:28:19.639+0000] {logging_mixin.py:190} INFO - [2024-08-29T00:28:19.639+0000] {dag.py:3211} INFO - Sync 1 DAGs
[2024-08-29T00:28:19.700+0000] {logging_mixin.py:190} INFO - [2024-08-29T00:28:19.700+0000] {dag.py:4138} INFO - Setting next_dagrun for generate_dag to 2024-08-29 00:00:00+00:00, run_after=2024-08-30 00:00:00+00:00
[2024-08-29T00:28:19.749+0000] {processor.py:208} INFO - Processing /opt/airflow/dags/mydag.py took 0.185 seconds
[2024-08-29T00:28:50.349+0000] {processor.py:186} INFO - Started process (PID=1430) to work on /opt/airflow/dags/mydag.py
[2024-08-29T00:28:50.350+0000] {processor.py:914} INFO - Processing file /opt/airflow/dags/mydag.py for tasks to queue
[2024-08-29T00:28:50.354+0000] {logging_mixin.py:190} INFO - [2024-08-29T00:28:50.353+0000] {dagbag.py:587} INFO - Filling up the DagBag from /opt/airflow/dags/mydag.py
[2024-08-29T00:28:50.381+0000] {processor.py:925} INFO - DAG(s) 'generate_dag' retrieved from /opt/airflow/dags/mydag.py
[2024-08-29T00:28:50.409+0000] {logging_mixin.py:190} INFO - [2024-08-29T00:28:50.409+0000] {dag.py:3211} INFO - Sync 1 DAGs
[2024-08-29T00:28:50.442+0000] {logging_mixin.py:190} INFO - [2024-08-29T00:28:50.441+0000] {dag.py:4138} INFO - Setting next_dagrun for generate_dag to 2024-08-29 00:00:00+00:00, run_after=2024-08-30 00:00:00+00:00
[2024-08-29T00:28:50.470+0000] {processor.py:208} INFO - Processing /opt/airflow/dags/mydag.py took 0.128 seconds
[2024-08-29T00:29:20.635+0000] {processor.py:186} INFO - Started process (PID=1493) to work on /opt/airflow/dags/mydag.py
[2024-08-29T00:29:20.636+0000] {processor.py:914} INFO - Processing file /opt/airflow/dags/mydag.py for tasks to queue
[2024-08-29T00:29:20.639+0000] {logging_mixin.py:190} INFO - [2024-08-29T00:29:20.639+0000] {dagbag.py:587} INFO - Filling up the DagBag from /opt/airflow/dags/mydag.py
[2024-08-29T00:29:20.665+0000] {processor.py:925} INFO - DAG(s) 'generate_dag' retrieved from /opt/airflow/dags/mydag.py
[2024-08-29T00:29:20.694+0000] {logging_mixin.py:190} INFO - [2024-08-29T00:29:20.694+0000] {dag.py:3211} INFO - Sync 1 DAGs
[2024-08-29T00:29:20.754+0000] {logging_mixin.py:190} INFO - [2024-08-29T00:29:20.753+0000] {dag.py:4138} INFO - Setting next_dagrun for generate_dag to 2024-08-29 00:00:00+00:00, run_after=2024-08-30 00:00:00+00:00
[2024-08-29T00:29:20.784+0000] {processor.py:208} INFO - Processing /opt/airflow/dags/mydag.py took 0.157 seconds
[2024-08-29T00:32:34.233+0000] {processor.py:186} INFO - Started process (PID=84) to work on /opt/airflow/dags/mydag.py
[2024-08-29T00:32:34.249+0000] {processor.py:914} INFO - Processing file /opt/airflow/dags/mydag.py for tasks to queue
[2024-08-29T00:32:34.316+0000] {logging_mixin.py:190} INFO - [2024-08-29T00:32:34.303+0000] {dagbag.py:587} INFO - Filling up the DagBag from /opt/airflow/dags/mydag.py
[2024-08-29T00:32:34.490+0000] {processor.py:925} INFO - DAG(s) 'generate_dag' retrieved from /opt/airflow/dags/mydag.py
[2024-08-29T00:32:34.917+0000] {logging_mixin.py:190} INFO - [2024-08-29T00:32:34.917+0000] {dag.py:3211} INFO - Sync 1 DAGs
[2024-08-29T00:32:35.874+0000] {logging_mixin.py:190} INFO - [2024-08-29T00:32:35.874+0000] {dag.py:4138} INFO - Setting next_dagrun for generate_dag to 2024-08-29 00:00:00+00:00, run_after=2024-08-30 00:00:00+00:00
[2024-08-29T00:32:35.978+0000] {processor.py:208} INFO - Processing /opt/airflow/dags/mydag.py took 1.803 seconds
[2024-08-29T00:33:35.401+0000] {processor.py:186} INFO - Started process (PID=153) to work on /opt/airflow/dags/mydag.py
[2024-08-29T00:33:35.406+0000] {processor.py:914} INFO - Processing file /opt/airflow/dags/mydag.py for tasks to queue
[2024-08-29T00:33:35.413+0000] {logging_mixin.py:190} INFO - [2024-08-29T00:33:35.412+0000] {dagbag.py:587} INFO - Filling up the DagBag from /opt/airflow/dags/mydag.py
[2024-08-29T00:33:35.502+0000] {processor.py:925} INFO - DAG(s) 'generate_dag' retrieved from /opt/airflow/dags/mydag.py
[2024-08-29T00:33:35.583+0000] {logging_mixin.py:190} INFO - [2024-08-29T00:33:35.582+0000] {dag.py:3211} INFO - Sync 1 DAGs
[2024-08-29T00:33:35.672+0000] {logging_mixin.py:190} INFO - [2024-08-29T00:33:35.671+0000] {dag.py:4138} INFO - Setting next_dagrun for generate_dag to 2024-08-29 00:00:00+00:00, run_after=2024-08-30 00:00:00+00:00
[2024-08-29T00:33:35.732+0000] {processor.py:208} INFO - Processing /opt/airflow/dags/mydag.py took 0.344 seconds
[2024-08-29T00:34:06.397+0000] {processor.py:186} INFO - Started process (PID=216) to work on /opt/airflow/dags/mydag.py
[2024-08-29T00:34:06.399+0000] {processor.py:914} INFO - Processing file /opt/airflow/dags/mydag.py for tasks to queue
[2024-08-29T00:34:06.402+0000] {logging_mixin.py:190} INFO - [2024-08-29T00:34:06.402+0000] {dagbag.py:587} INFO - Filling up the DagBag from /opt/airflow/dags/mydag.py
[2024-08-29T00:34:06.425+0000] {processor.py:925} INFO - DAG(s) 'generate_dag' retrieved from /opt/airflow/dags/mydag.py
[2024-08-29T00:34:06.454+0000] {logging_mixin.py:190} INFO - [2024-08-29T00:34:06.453+0000] {dag.py:3211} INFO - Sync 1 DAGs
[2024-08-29T00:34:06.486+0000] {logging_mixin.py:190} INFO - [2024-08-29T00:34:06.485+0000] {dag.py:4138} INFO - Setting next_dagrun for generate_dag to 2024-08-29 00:00:00+00:00, run_after=2024-08-30 00:00:00+00:00
[2024-08-29T00:34:06.585+0000] {processor.py:208} INFO - Processing /opt/airflow/dags/mydag.py took 0.275 seconds
[2024-08-29T00:34:37.053+0000] {processor.py:186} INFO - Started process (PID=279) to work on /opt/airflow/dags/mydag.py
[2024-08-29T00:34:37.054+0000] {processor.py:914} INFO - Processing file /opt/airflow/dags/mydag.py for tasks to queue
[2024-08-29T00:34:37.058+0000] {logging_mixin.py:190} INFO - [2024-08-29T00:34:37.057+0000] {dagbag.py:587} INFO - Filling up the DagBag from /opt/airflow/dags/mydag.py
[2024-08-29T00:34:37.086+0000] {processor.py:925} INFO - DAG(s) 'generate_dag' retrieved from /opt/airflow/dags/mydag.py
[2024-08-29T00:34:37.111+0000] {logging_mixin.py:190} INFO - [2024-08-29T00:34:37.111+0000] {dag.py:3211} INFO - Sync 1 DAGs
[2024-08-29T00:34:37.143+0000] {logging_mixin.py:190} INFO - [2024-08-29T00:34:37.143+0000] {dag.py:4138} INFO - Setting next_dagrun for generate_dag to 2024-08-29 00:00:00+00:00, run_after=2024-08-30 00:00:00+00:00
[2024-08-29T00:34:37.178+0000] {processor.py:208} INFO - Processing /opt/airflow/dags/mydag.py took 0.134 seconds
[2024-08-29T00:35:08.175+0000] {processor.py:186} INFO - Started process (PID=342) to work on /opt/airflow/dags/mydag.py
[2024-08-29T00:35:08.176+0000] {processor.py:914} INFO - Processing file /opt/airflow/dags/mydag.py for tasks to queue
[2024-08-29T00:35:08.179+0000] {logging_mixin.py:190} INFO - [2024-08-29T00:35:08.179+0000] {dagbag.py:587} INFO - Filling up the DagBag from /opt/airflow/dags/mydag.py
[2024-08-29T00:35:08.206+0000] {processor.py:925} INFO - DAG(s) 'generate_dag' retrieved from /opt/airflow/dags/mydag.py
[2024-08-29T00:35:08.234+0000] {logging_mixin.py:190} INFO - [2024-08-29T00:35:08.234+0000] {dag.py:3211} INFO - Sync 1 DAGs
[2024-08-29T00:35:08.268+0000] {logging_mixin.py:190} INFO - [2024-08-29T00:35:08.268+0000] {dag.py:4138} INFO - Setting next_dagrun for generate_dag to 2024-08-29 00:00:00+00:00, run_after=2024-08-30 00:00:00+00:00
[2024-08-29T00:35:08.298+0000] {processor.py:208} INFO - Processing /opt/airflow/dags/mydag.py took 0.131 seconds
[2024-08-29T00:35:38.414+0000] {processor.py:186} INFO - Started process (PID=402) to work on /opt/airflow/dags/mydag.py
[2024-08-29T00:35:38.415+0000] {processor.py:914} INFO - Processing file /opt/airflow/dags/mydag.py for tasks to queue
[2024-08-29T00:35:38.418+0000] {logging_mixin.py:190} INFO - [2024-08-29T00:35:38.417+0000] {dagbag.py:587} INFO - Filling up the DagBag from /opt/airflow/dags/mydag.py
[2024-08-29T00:35:38.444+0000] {processor.py:925} INFO - DAG(s) 'generate_dag' retrieved from /opt/airflow/dags/mydag.py
[2024-08-29T00:35:38.474+0000] {logging_mixin.py:190} INFO - [2024-08-29T00:35:38.474+0000] {dag.py:3211} INFO - Sync 1 DAGs
[2024-08-29T00:35:38.509+0000] {logging_mixin.py:190} INFO - [2024-08-29T00:35:38.509+0000] {dag.py:4138} INFO - Setting next_dagrun for generate_dag to 2024-08-29 00:00:00+00:00, run_after=2024-08-30 00:00:00+00:00
[2024-08-29T00:35:38.539+0000] {processor.py:208} INFO - Processing /opt/airflow/dags/mydag.py took 0.133 seconds
[2024-08-29T00:36:09.832+0000] {processor.py:186} INFO - Started process (PID=461) to work on /opt/airflow/dags/mydag.py
[2024-08-29T00:36:09.836+0000] {processor.py:914} INFO - Processing file /opt/airflow/dags/mydag.py for tasks to queue
[2024-08-29T00:36:09.842+0000] {logging_mixin.py:190} INFO - [2024-08-29T00:36:09.841+0000] {dagbag.py:587} INFO - Filling up the DagBag from /opt/airflow/dags/mydag.py
[2024-08-29T00:36:09.888+0000] {processor.py:925} INFO - DAG(s) 'generate_dag' retrieved from /opt/airflow/dags/mydag.py
[2024-08-29T00:36:09.932+0000] {logging_mixin.py:190} INFO - [2024-08-29T00:36:09.932+0000] {dag.py:3211} INFO - Sync 1 DAGs
[2024-08-29T00:36:09.982+0000] {logging_mixin.py:190} INFO - [2024-08-29T00:36:09.982+0000] {dag.py:4138} INFO - Setting next_dagrun for generate_dag to 2024-08-29 00:00:00+00:00, run_after=2024-08-30 00:00:00+00:00
[2024-08-29T00:36:10.016+0000] {processor.py:208} INFO - Processing /opt/airflow/dags/mydag.py took 0.196 seconds
[2024-08-29T00:36:40.286+0000] {processor.py:186} INFO - Started process (PID=522) to work on /opt/airflow/dags/mydag.py
[2024-08-29T00:36:40.288+0000] {processor.py:914} INFO - Processing file /opt/airflow/dags/mydag.py for tasks to queue
[2024-08-29T00:36:40.291+0000] {logging_mixin.py:190} INFO - [2024-08-29T00:36:40.291+0000] {dagbag.py:587} INFO - Filling up the DagBag from /opt/airflow/dags/mydag.py
[2024-08-29T00:36:40.326+0000] {processor.py:925} INFO - DAG(s) 'generate_dag' retrieved from /opt/airflow/dags/mydag.py
[2024-08-29T00:36:40.380+0000] {logging_mixin.py:190} INFO - [2024-08-29T00:36:40.380+0000] {dag.py:3211} INFO - Sync 1 DAGs
[2024-08-29T00:36:40.428+0000] {logging_mixin.py:190} INFO - [2024-08-29T00:36:40.428+0000] {dag.py:4138} INFO - Setting next_dagrun for generate_dag to 2024-08-29 00:00:00+00:00, run_after=2024-08-30 00:00:00+00:00
[2024-08-29T00:36:40.469+0000] {processor.py:208} INFO - Processing /opt/airflow/dags/mydag.py took 0.194 seconds
[2024-08-29T00:37:10.755+0000] {processor.py:186} INFO - Started process (PID=584) to work on /opt/airflow/dags/mydag.py
[2024-08-29T00:37:10.757+0000] {processor.py:914} INFO - Processing file /opt/airflow/dags/mydag.py for tasks to queue
[2024-08-29T00:37:10.761+0000] {logging_mixin.py:190} INFO - [2024-08-29T00:37:10.761+0000] {dagbag.py:587} INFO - Filling up the DagBag from /opt/airflow/dags/mydag.py
[2024-08-29T00:37:10.797+0000] {processor.py:925} INFO - DAG(s) 'generate_dag' retrieved from /opt/airflow/dags/mydag.py
[2024-08-29T00:37:10.829+0000] {logging_mixin.py:190} INFO - [2024-08-29T00:37:10.828+0000] {dag.py:3211} INFO - Sync 1 DAGs
[2024-08-29T00:37:10.867+0000] {logging_mixin.py:190} INFO - [2024-08-29T00:37:10.866+0000] {dag.py:4138} INFO - Setting next_dagrun for generate_dag to 2024-08-29 00:00:00+00:00, run_after=2024-08-30 00:00:00+00:00
[2024-08-29T00:37:10.894+0000] {processor.py:208} INFO - Processing /opt/airflow/dags/mydag.py took 0.150 seconds
[2024-08-29T00:37:41.345+0000] {processor.py:186} INFO - Started process (PID=648) to work on /opt/airflow/dags/mydag.py
[2024-08-29T00:37:41.347+0000] {processor.py:914} INFO - Processing file /opt/airflow/dags/mydag.py for tasks to queue
[2024-08-29T00:37:41.351+0000] {logging_mixin.py:190} INFO - [2024-08-29T00:37:41.350+0000] {dagbag.py:587} INFO - Filling up the DagBag from /opt/airflow/dags/mydag.py
[2024-08-29T00:37:41.391+0000] {processor.py:925} INFO - DAG(s) 'generate_dag' retrieved from /opt/airflow/dags/mydag.py
[2024-08-29T00:37:41.426+0000] {logging_mixin.py:190} INFO - [2024-08-29T00:37:41.426+0000] {dag.py:3211} INFO - Sync 1 DAGs
[2024-08-29T00:37:41.466+0000] {logging_mixin.py:190} INFO - [2024-08-29T00:37:41.465+0000] {dag.py:4138} INFO - Setting next_dagrun for generate_dag to 2024-08-29 00:00:00+00:00, run_after=2024-08-30 00:00:00+00:00
[2024-08-29T00:37:41.501+0000] {processor.py:208} INFO - Processing /opt/airflow/dags/mydag.py took 0.168 seconds
[2024-08-29T00:38:11.827+0000] {processor.py:186} INFO - Started process (PID=711) to work on /opt/airflow/dags/mydag.py
[2024-08-29T00:38:11.828+0000] {processor.py:914} INFO - Processing file /opt/airflow/dags/mydag.py for tasks to queue
[2024-08-29T00:38:11.832+0000] {logging_mixin.py:190} INFO - [2024-08-29T00:38:11.831+0000] {dagbag.py:587} INFO - Filling up the DagBag from /opt/airflow/dags/mydag.py
[2024-08-29T00:38:11.866+0000] {processor.py:925} INFO - DAG(s) 'generate_dag' retrieved from /opt/airflow/dags/mydag.py
[2024-08-29T00:38:11.895+0000] {logging_mixin.py:190} INFO - [2024-08-29T00:38:11.894+0000] {dag.py:3211} INFO - Sync 1 DAGs
[2024-08-29T00:38:11.933+0000] {logging_mixin.py:190} INFO - [2024-08-29T00:38:11.932+0000] {dag.py:4138} INFO - Setting next_dagrun for generate_dag to 2024-08-29 00:00:00+00:00, run_after=2024-08-30 00:00:00+00:00
[2024-08-29T00:38:11.965+0000] {processor.py:208} INFO - Processing /opt/airflow/dags/mydag.py took 0.150 seconds
[2024-08-29T00:38:42.097+0000] {processor.py:186} INFO - Started process (PID=774) to work on /opt/airflow/dags/mydag.py
[2024-08-29T00:38:42.098+0000] {processor.py:914} INFO - Processing file /opt/airflow/dags/mydag.py for tasks to queue
[2024-08-29T00:38:42.102+0000] {logging_mixin.py:190} INFO - [2024-08-29T00:38:42.102+0000] {dagbag.py:587} INFO - Filling up the DagBag from /opt/airflow/dags/mydag.py
[2024-08-29T00:38:42.137+0000] {processor.py:925} INFO - DAG(s) 'generate_dag' retrieved from /opt/airflow/dags/mydag.py
[2024-08-29T00:38:42.171+0000] {logging_mixin.py:190} INFO - [2024-08-29T00:38:42.171+0000] {dag.py:3211} INFO - Sync 1 DAGs
[2024-08-29T00:38:42.207+0000] {logging_mixin.py:190} INFO - [2024-08-29T00:38:42.207+0000] {dag.py:4138} INFO - Setting next_dagrun for generate_dag to 2024-08-29 00:00:00+00:00, run_after=2024-08-30 00:00:00+00:00
[2024-08-29T00:38:42.238+0000] {processor.py:208} INFO - Processing /opt/airflow/dags/mydag.py took 0.152 seconds
[2024-08-29T00:39:12.424+0000] {processor.py:186} INFO - Started process (PID=837) to work on /opt/airflow/dags/mydag.py
[2024-08-29T00:39:12.425+0000] {processor.py:914} INFO - Processing file /opt/airflow/dags/mydag.py for tasks to queue
[2024-08-29T00:39:12.429+0000] {logging_mixin.py:190} INFO - [2024-08-29T00:39:12.429+0000] {dagbag.py:587} INFO - Filling up the DagBag from /opt/airflow/dags/mydag.py
[2024-08-29T00:39:12.464+0000] {processor.py:925} INFO - DAG(s) 'generate_dag' retrieved from /opt/airflow/dags/mydag.py
[2024-08-29T00:39:12.495+0000] {logging_mixin.py:190} INFO - [2024-08-29T00:39:12.494+0000] {dag.py:3211} INFO - Sync 1 DAGs
[2024-08-29T00:39:12.534+0000] {logging_mixin.py:190} INFO - [2024-08-29T00:39:12.533+0000] {dag.py:4138} INFO - Setting next_dagrun for generate_dag to 2024-08-29 00:00:00+00:00, run_after=2024-08-30 00:00:00+00:00
[2024-08-29T00:39:12.571+0000] {processor.py:208} INFO - Processing /opt/airflow/dags/mydag.py took 0.159 seconds
[2024-08-29T00:39:43.230+0000] {processor.py:186} INFO - Started process (PID=900) to work on /opt/airflow/dags/mydag.py
[2024-08-29T00:39:43.231+0000] {processor.py:914} INFO - Processing file /opt/airflow/dags/mydag.py for tasks to queue
[2024-08-29T00:39:43.235+0000] {logging_mixin.py:190} INFO - [2024-08-29T00:39:43.235+0000] {dagbag.py:587} INFO - Filling up the DagBag from /opt/airflow/dags/mydag.py
[2024-08-29T00:39:43.274+0000] {processor.py:925} INFO - DAG(s) 'generate_dag' retrieved from /opt/airflow/dags/mydag.py
[2024-08-29T00:39:43.314+0000] {logging_mixin.py:190} INFO - [2024-08-29T00:39:43.313+0000] {dag.py:3211} INFO - Sync 1 DAGs
[2024-08-29T00:39:43.371+0000] {logging_mixin.py:190} INFO - [2024-08-29T00:39:43.370+0000] {dag.py:4138} INFO - Setting next_dagrun for generate_dag to 2024-08-29 00:00:00+00:00, run_after=2024-08-30 00:00:00+00:00
[2024-08-29T00:39:43.410+0000] {processor.py:208} INFO - Processing /opt/airflow/dags/mydag.py took 0.191 seconds
[2024-08-29T00:40:13.839+0000] {processor.py:186} INFO - Started process (PID=964) to work on /opt/airflow/dags/mydag.py
[2024-08-29T00:40:13.840+0000] {processor.py:914} INFO - Processing file /opt/airflow/dags/mydag.py for tasks to queue
[2024-08-29T00:40:13.845+0000] {logging_mixin.py:190} INFO - [2024-08-29T00:40:13.844+0000] {dagbag.py:587} INFO - Filling up the DagBag from /opt/airflow/dags/mydag.py
[2024-08-29T00:40:13.882+0000] {processor.py:925} INFO - DAG(s) 'generate_dag' retrieved from /opt/airflow/dags/mydag.py
[2024-08-29T00:40:13.915+0000] {logging_mixin.py:190} INFO - [2024-08-29T00:40:13.915+0000] {dag.py:3211} INFO - Sync 1 DAGs
[2024-08-29T00:40:13.955+0000] {logging_mixin.py:190} INFO - [2024-08-29T00:40:13.954+0000] {dag.py:4138} INFO - Setting next_dagrun for generate_dag to 2024-08-29 00:00:00+00:00, run_after=2024-08-30 00:00:00+00:00
[2024-08-29T00:40:13.996+0000] {processor.py:208} INFO - Processing /opt/airflow/dags/mydag.py took 0.173 seconds
[2024-08-29T00:40:44.371+0000] {processor.py:186} INFO - Started process (PID=1027) to work on /opt/airflow/dags/mydag.py
[2024-08-29T00:40:44.372+0000] {processor.py:914} INFO - Processing file /opt/airflow/dags/mydag.py for tasks to queue
[2024-08-29T00:40:44.376+0000] {logging_mixin.py:190} INFO - [2024-08-29T00:40:44.375+0000] {dagbag.py:587} INFO - Filling up the DagBag from /opt/airflow/dags/mydag.py
[2024-08-29T00:40:44.415+0000] {processor.py:925} INFO - DAG(s) 'generate_dag' retrieved from /opt/airflow/dags/mydag.py
[2024-08-29T00:40:44.446+0000] {logging_mixin.py:190} INFO - [2024-08-29T00:40:44.446+0000] {dag.py:3211} INFO - Sync 1 DAGs
[2024-08-29T00:40:44.489+0000] {logging_mixin.py:190} INFO - [2024-08-29T00:40:44.489+0000] {dag.py:4138} INFO - Setting next_dagrun for generate_dag to 2024-08-29 00:00:00+00:00, run_after=2024-08-30 00:00:00+00:00
[2024-08-29T00:40:44.527+0000] {processor.py:208} INFO - Processing /opt/airflow/dags/mydag.py took 0.171 seconds
[2024-08-29T00:41:14.993+0000] {processor.py:186} INFO - Started process (PID=1091) to work on /opt/airflow/dags/mydag.py
[2024-08-29T00:41:14.995+0000] {processor.py:914} INFO - Processing file /opt/airflow/dags/mydag.py for tasks to queue
[2024-08-29T00:41:14.999+0000] {logging_mixin.py:190} INFO - [2024-08-29T00:41:14.998+0000] {dagbag.py:587} INFO - Filling up the DagBag from /opt/airflow/dags/mydag.py
[2024-08-29T00:41:15.039+0000] {processor.py:925} INFO - DAG(s) 'generate_dag' retrieved from /opt/airflow/dags/mydag.py
[2024-08-29T00:41:15.069+0000] {logging_mixin.py:190} INFO - [2024-08-29T00:41:15.069+0000] {dag.py:3211} INFO - Sync 1 DAGs
[2024-08-29T00:41:15.109+0000] {logging_mixin.py:190} INFO - [2024-08-29T00:41:15.109+0000] {dag.py:4138} INFO - Setting next_dagrun for generate_dag to 2024-08-29 00:00:00+00:00, run_after=2024-08-30 00:00:00+00:00
[2024-08-29T00:41:15.146+0000] {processor.py:208} INFO - Processing /opt/airflow/dags/mydag.py took 0.164 seconds
[2024-08-29T00:41:45.901+0000] {processor.py:186} INFO - Started process (PID=1154) to work on /opt/airflow/dags/mydag.py
[2024-08-29T00:41:45.903+0000] {processor.py:914} INFO - Processing file /opt/airflow/dags/mydag.py for tasks to queue
[2024-08-29T00:41:45.906+0000] {logging_mixin.py:190} INFO - [2024-08-29T00:41:45.906+0000] {dagbag.py:587} INFO - Filling up the DagBag from /opt/airflow/dags/mydag.py
[2024-08-29T00:41:45.942+0000] {processor.py:925} INFO - DAG(s) 'generate_dag' retrieved from /opt/airflow/dags/mydag.py
[2024-08-29T00:41:45.972+0000] {logging_mixin.py:190} INFO - [2024-08-29T00:41:45.972+0000] {dag.py:3211} INFO - Sync 1 DAGs
[2024-08-29T00:41:46.012+0000] {logging_mixin.py:190} INFO - [2024-08-29T00:41:46.011+0000] {dag.py:4138} INFO - Setting next_dagrun for generate_dag to 2024-08-29 00:00:00+00:00, run_after=2024-08-30 00:00:00+00:00
[2024-08-29T00:41:46.054+0000] {processor.py:208} INFO - Processing /opt/airflow/dags/mydag.py took 0.163 seconds
[2024-08-29T00:42:16.923+0000] {processor.py:186} INFO - Started process (PID=1224) to work on /opt/airflow/dags/mydag.py
[2024-08-29T00:42:16.925+0000] {processor.py:914} INFO - Processing file /opt/airflow/dags/mydag.py for tasks to queue
[2024-08-29T00:42:16.928+0000] {logging_mixin.py:190} INFO - [2024-08-29T00:42:16.928+0000] {dagbag.py:587} INFO - Filling up the DagBag from /opt/airflow/dags/mydag.py
[2024-08-29T00:42:16.962+0000] {processor.py:925} INFO - DAG(s) 'generate_dag' retrieved from /opt/airflow/dags/mydag.py
[2024-08-29T00:42:16.995+0000] {logging_mixin.py:190} INFO - [2024-08-29T00:42:16.995+0000] {dag.py:3211} INFO - Sync 1 DAGs
[2024-08-29T00:42:17.053+0000] {logging_mixin.py:190} INFO - [2024-08-29T00:42:17.052+0000] {dag.py:4138} INFO - Setting next_dagrun for generate_dag to 2024-08-29 00:00:00+00:00, run_after=2024-08-30 00:00:00+00:00
[2024-08-29T00:42:17.098+0000] {processor.py:208} INFO - Processing /opt/airflow/dags/mydag.py took 0.185 seconds
[2024-08-29T00:42:47.529+0000] {processor.py:186} INFO - Started process (PID=1287) to work on /opt/airflow/dags/mydag.py
[2024-08-29T00:42:47.530+0000] {processor.py:914} INFO - Processing file /opt/airflow/dags/mydag.py for tasks to queue
[2024-08-29T00:42:47.535+0000] {logging_mixin.py:190} INFO - [2024-08-29T00:42:47.534+0000] {dagbag.py:587} INFO - Filling up the DagBag from /opt/airflow/dags/mydag.py
[2024-08-29T00:42:47.571+0000] {processor.py:925} INFO - DAG(s) 'generate_dag' retrieved from /opt/airflow/dags/mydag.py
[2024-08-29T00:42:47.613+0000] {logging_mixin.py:190} INFO - [2024-08-29T00:42:47.612+0000] {dag.py:3211} INFO - Sync 1 DAGs
[2024-08-29T00:42:47.671+0000] {logging_mixin.py:190} INFO - [2024-08-29T00:42:47.670+0000] {dag.py:4138} INFO - Setting next_dagrun for generate_dag to 2024-08-29 00:00:00+00:00, run_after=2024-08-30 00:00:00+00:00
[2024-08-29T00:42:47.712+0000] {processor.py:208} INFO - Processing /opt/airflow/dags/mydag.py took 0.194 seconds
[2024-08-29T00:43:17.911+0000] {processor.py:186} INFO - Started process (PID=1349) to work on /opt/airflow/dags/mydag.py
[2024-08-29T00:43:17.914+0000] {processor.py:914} INFO - Processing file /opt/airflow/dags/mydag.py for tasks to queue
[2024-08-29T00:43:17.918+0000] {logging_mixin.py:190} INFO - [2024-08-29T00:43:17.917+0000] {dagbag.py:587} INFO - Filling up the DagBag from /opt/airflow/dags/mydag.py
[2024-08-29T00:43:17.958+0000] {processor.py:925} INFO - DAG(s) 'generate_dag' retrieved from /opt/airflow/dags/mydag.py
[2024-08-29T00:43:18.014+0000] {logging_mixin.py:190} INFO - [2024-08-29T00:43:18.013+0000] {dag.py:3211} INFO - Sync 1 DAGs
[2024-08-29T00:43:18.078+0000] {logging_mixin.py:190} INFO - [2024-08-29T00:43:18.078+0000] {dag.py:4138} INFO - Setting next_dagrun for generate_dag to 2024-08-29 00:00:00+00:00, run_after=2024-08-30 00:00:00+00:00
[2024-08-29T00:43:18.117+0000] {processor.py:208} INFO - Processing /opt/airflow/dags/mydag.py took 0.225 seconds
[2024-08-29T00:43:48.299+0000] {processor.py:186} INFO - Started process (PID=1412) to work on /opt/airflow/dags/mydag.py
[2024-08-29T00:43:48.301+0000] {processor.py:914} INFO - Processing file /opt/airflow/dags/mydag.py for tasks to queue
[2024-08-29T00:43:48.308+0000] {logging_mixin.py:190} INFO - [2024-08-29T00:43:48.307+0000] {dagbag.py:587} INFO - Filling up the DagBag from /opt/airflow/dags/mydag.py
[2024-08-29T00:43:48.379+0000] {processor.py:925} INFO - DAG(s) 'generate_dag' retrieved from /opt/airflow/dags/mydag.py
[2024-08-29T00:43:48.429+0000] {logging_mixin.py:190} INFO - [2024-08-29T00:43:48.428+0000] {dag.py:3211} INFO - Sync 1 DAGs
[2024-08-29T00:43:48.478+0000] {logging_mixin.py:190} INFO - [2024-08-29T00:43:48.478+0000] {dag.py:4138} INFO - Setting next_dagrun for generate_dag to 2024-08-29 00:00:00+00:00, run_after=2024-08-30 00:00:00+00:00
[2024-08-29T00:43:48.521+0000] {processor.py:208} INFO - Processing /opt/airflow/dags/mydag.py took 0.241 seconds
[2024-08-29T00:44:19.120+0000] {processor.py:186} INFO - Started process (PID=1475) to work on /opt/airflow/dags/mydag.py
[2024-08-29T00:44:19.121+0000] {processor.py:914} INFO - Processing file /opt/airflow/dags/mydag.py for tasks to queue
[2024-08-29T00:44:19.125+0000] {logging_mixin.py:190} INFO - [2024-08-29T00:44:19.124+0000] {dagbag.py:587} INFO - Filling up the DagBag from /opt/airflow/dags/mydag.py
[2024-08-29T00:44:19.162+0000] {processor.py:925} INFO - DAG(s) 'generate_dag' retrieved from /opt/airflow/dags/mydag.py
[2024-08-29T00:44:19.199+0000] {logging_mixin.py:190} INFO - [2024-08-29T00:44:19.199+0000] {dag.py:3211} INFO - Sync 1 DAGs
[2024-08-29T00:44:19.239+0000] {logging_mixin.py:190} INFO - [2024-08-29T00:44:19.239+0000] {dag.py:4138} INFO - Setting next_dagrun for generate_dag to 2024-08-29 00:00:00+00:00, run_after=2024-08-30 00:00:00+00:00
[2024-08-29T00:44:19.282+0000] {processor.py:208} INFO - Processing /opt/airflow/dags/mydag.py took 0.178 seconds
[2024-08-29T00:44:49.664+0000] {processor.py:186} INFO - Started process (PID=1538) to work on /opt/airflow/dags/mydag.py
[2024-08-29T00:44:49.665+0000] {processor.py:914} INFO - Processing file /opt/airflow/dags/mydag.py for tasks to queue
[2024-08-29T00:44:49.669+0000] {logging_mixin.py:190} INFO - [2024-08-29T00:44:49.668+0000] {dagbag.py:587} INFO - Filling up the DagBag from /opt/airflow/dags/mydag.py
[2024-08-29T00:44:49.704+0000] {processor.py:925} INFO - DAG(s) 'generate_dag' retrieved from /opt/airflow/dags/mydag.py
[2024-08-29T00:44:49.733+0000] {logging_mixin.py:190} INFO - [2024-08-29T00:44:49.733+0000] {dag.py:3211} INFO - Sync 1 DAGs
[2024-08-29T00:44:49.766+0000] {logging_mixin.py:190} INFO - [2024-08-29T00:44:49.766+0000] {dag.py:4138} INFO - Setting next_dagrun for generate_dag to 2024-08-29 00:00:00+00:00, run_after=2024-08-30 00:00:00+00:00
[2024-08-29T00:44:49.810+0000] {processor.py:208} INFO - Processing /opt/airflow/dags/mydag.py took 0.155 seconds
[2024-08-29T00:45:20.382+0000] {processor.py:186} INFO - Started process (PID=1602) to work on /opt/airflow/dags/mydag.py
[2024-08-29T00:45:20.384+0000] {processor.py:914} INFO - Processing file /opt/airflow/dags/mydag.py for tasks to queue
[2024-08-29T00:45:20.388+0000] {logging_mixin.py:190} INFO - [2024-08-29T00:45:20.387+0000] {dagbag.py:587} INFO - Filling up the DagBag from /opt/airflow/dags/mydag.py
[2024-08-29T00:45:20.421+0000] {processor.py:925} INFO - DAG(s) 'generate_dag' retrieved from /opt/airflow/dags/mydag.py
[2024-08-29T00:45:20.453+0000] {logging_mixin.py:190} INFO - [2024-08-29T00:45:20.453+0000] {dag.py:3211} INFO - Sync 1 DAGs
[2024-08-29T00:45:20.507+0000] {logging_mixin.py:190} INFO - [2024-08-29T00:45:20.507+0000] {dag.py:4138} INFO - Setting next_dagrun for generate_dag to 2024-08-29 00:00:00+00:00, run_after=2024-08-30 00:00:00+00:00
[2024-08-29T00:45:20.537+0000] {processor.py:208} INFO - Processing /opt/airflow/dags/mydag.py took 0.164 seconds
[2024-08-29T00:45:51.141+0000] {processor.py:186} INFO - Started process (PID=1666) to work on /opt/airflow/dags/mydag.py
[2024-08-29T00:45:51.143+0000] {processor.py:914} INFO - Processing file /opt/airflow/dags/mydag.py for tasks to queue
[2024-08-29T00:45:51.149+0000] {logging_mixin.py:190} INFO - [2024-08-29T00:45:51.148+0000] {dagbag.py:587} INFO - Filling up the DagBag from /opt/airflow/dags/mydag.py
[2024-08-29T00:45:51.201+0000] {processor.py:925} INFO - DAG(s) 'generate_dag' retrieved from /opt/airflow/dags/mydag.py
[2024-08-29T00:45:51.239+0000] {logging_mixin.py:190} INFO - [2024-08-29T00:45:51.239+0000] {dag.py:3211} INFO - Sync 1 DAGs
[2024-08-29T00:45:51.281+0000] {logging_mixin.py:190} INFO - [2024-08-29T00:45:51.280+0000] {dag.py:4138} INFO - Setting next_dagrun for generate_dag to 2024-08-29 00:00:00+00:00, run_after=2024-08-30 00:00:00+00:00
[2024-08-29T00:45:51.317+0000] {processor.py:208} INFO - Processing /opt/airflow/dags/mydag.py took 0.190 seconds
[2024-08-29T00:46:21.659+0000] {processor.py:186} INFO - Started process (PID=1729) to work on /opt/airflow/dags/mydag.py
[2024-08-29T00:46:21.661+0000] {processor.py:914} INFO - Processing file /opt/airflow/dags/mydag.py for tasks to queue
[2024-08-29T00:46:21.664+0000] {logging_mixin.py:190} INFO - [2024-08-29T00:46:21.663+0000] {dagbag.py:587} INFO - Filling up the DagBag from /opt/airflow/dags/mydag.py
[2024-08-29T00:46:21.694+0000] {processor.py:925} INFO - DAG(s) 'generate_dag' retrieved from /opt/airflow/dags/mydag.py
[2024-08-29T00:46:21.723+0000] {logging_mixin.py:190} INFO - [2024-08-29T00:46:21.723+0000] {dag.py:3211} INFO - Sync 1 DAGs
[2024-08-29T00:46:21.762+0000] {logging_mixin.py:190} INFO - [2024-08-29T00:46:21.762+0000] {dag.py:4138} INFO - Setting next_dagrun for generate_dag to 2024-08-29 00:00:00+00:00, run_after=2024-08-30 00:00:00+00:00
[2024-08-29T00:46:22.302+0000] {processor.py:208} INFO - Processing /opt/airflow/dags/mydag.py took 0.655 seconds
[2024-08-29T03:46:41.733+0000] {processor.py:186} INFO - Started process (PID=1763) to work on /opt/airflow/dags/mydag.py
[2024-08-29T03:46:41.739+0000] {processor.py:914} INFO - Processing file /opt/airflow/dags/mydag.py for tasks to queue
[2024-08-29T03:46:41.752+0000] {logging_mixin.py:190} INFO - [2024-08-29T03:46:41.751+0000] {dagbag.py:587} INFO - Filling up the DagBag from /opt/airflow/dags/mydag.py
[2024-08-29T03:46:41.855+0000] {processor.py:925} INFO - DAG(s) 'generate_dag' retrieved from /opt/airflow/dags/mydag.py
[2024-08-29T03:46:41.943+0000] {logging_mixin.py:190} INFO - [2024-08-29T03:46:41.943+0000] {dag.py:3211} INFO - Sync 1 DAGs
[2024-08-29T03:46:42.059+0000] {logging_mixin.py:190} INFO - [2024-08-29T03:46:42.059+0000] {dag.py:4138} INFO - Setting next_dagrun for generate_dag to 2024-08-29 00:00:00+00:00, run_after=2024-08-30 00:00:00+00:00
[2024-08-29T03:46:42.139+0000] {processor.py:208} INFO - Processing /opt/airflow/dags/mydag.py took 0.439 seconds
